Device count:  1
************* Training arguments *************
eval_freq 10
print_freq 100
tb_freq 500
save_freq 100
batch_size 64
num_workers 8
epochs 100
learning_rate 0.05
lr_decay_epochs [60, 80]
lr_decay_rate 0.1
weight_decay 0.0005
momentum 0.9
adam False
eval_only False
model resnet18
dataset miniImageNet
transform A
use_trainval False
cosine False
reload_path 
model_path /home/gridsan/akyurek/git/rfs-incremental/dumped/backbones/continual/resnet18/5
tb_path tb
data_root /home/gridsan/akyurek/git/rfs-incremental/data/miniImageNet
n_test_runs 600
n_ways 5
n_shots 1
n_queries 15
n_aug_support_samples 5
test_batch_size 1
use_episodes False
classifier linear
trial pretrain
continual True
no_dropblock True
set_seed 5
no_linear_bias True
augment_pretrain_wtrainb False
eval_mode None
label_pull None
data_aug True
linear_bias False
model_name miniImageNet_resnet18_classifier_linear
tb_folder tb/miniImageNet_resnet18_classifier_linear
save_folder /home/gridsan/akyurek/git/rfs-incremental/dumped/backbones/continual/resnet18/5
n_gpu 1
git_head_hash ae23b3b
End of arguments.

==> training...
Epoch: [1][0/468]	Time 1.798 (1.798)	Data 0.839 (0.839)	Loss 4.4901 (4.4901)	Acc@1 1.562 (1.562)	Acc@5 6.250 (6.250)
Epoch: [1][100/468]	Time 0.110 (0.126)	Data 0.002 (0.010)	Loss 3.9312 (4.6252)	Acc@1 4.688 (4.100)	Acc@5 18.750 (16.043)
Epoch: [1][200/468]	Time 0.109 (0.118)	Data 0.002 (0.006)	Loss 3.8022 (4.1980)	Acc@1 3.125 (6.234)	Acc@5 25.000 (21.238)
Epoch: [1][300/468]	Time 0.109 (0.115)	Data 0.002 (0.005)	Loss 3.5699 (4.0145)	Acc@1 17.188 (7.703)	Acc@5 34.375 (24.896)
Epoch: [1][400/468]	Time 0.109 (0.113)	Data 0.002 (0.004)	Loss 3.4614 (3.8988)	Acc@1 15.625 (8.810)	Acc@5 42.188 (27.572)
 * Acc@1 9.592 Acc@5 29.193
epoch 1, total time 52.80
Test: [0/94]	Time 0.363 (0.363)	Loss 3.1356 (3.1356)	Acc@1 15.625 (15.625)	Acc@5 53.125 (53.125)
 * Acc@1 15.367 Acc@5 40.900
==> training...
Epoch: [2][0/468]	Time 0.388 (0.388)	Data 0.332 (0.332)	Loss 3.4405 (3.4405)	Acc@1 17.188 (17.188)	Acc@5 40.625 (40.625)
Epoch: [2][100/468]	Time 0.110 (0.113)	Data 0.002 (0.006)	Loss 3.8119 (3.3697)	Acc@1 6.250 (16.182)	Acc@5 25.000 (41.584)
Epoch: [2][200/468]	Time 0.109 (0.111)	Data 0.002 (0.004)	Loss 3.1157 (3.3212)	Acc@1 21.875 (16.698)	Acc@5 48.438 (43.276)
Epoch: [2][300/468]	Time 0.109 (0.111)	Data 0.002 (0.003)	Loss 3.4500 (3.2818)	Acc@1 17.188 (17.566)	Acc@5 43.750 (44.435)
Epoch: [2][400/468]	Time 0.109 (0.111)	Data 0.002 (0.003)	Loss 3.1832 (3.2400)	Acc@1 21.875 (18.434)	Acc@5 45.312 (45.683)
 * Acc@1 18.937 Acc@5 46.321
epoch 2, total time 51.79
Test: [0/94]	Time 0.146 (0.146)	Loss 2.4696 (2.4696)	Acc@1 31.250 (31.250)	Acc@5 71.875 (71.875)
 * Acc@1 24.400 Acc@5 55.300
==> training...
Epoch: [3][0/468]	Time 0.373 (0.373)	Data 0.316 (0.316)	Loss 3.1024 (3.1024)	Acc@1 26.562 (26.562)	Acc@5 48.438 (48.438)
Epoch: [3][100/468]	Time 0.111 (0.113)	Data 0.002 (0.006)	Loss 2.8590 (2.9914)	Acc@1 21.875 (23.159)	Acc@5 56.250 (52.816)
Epoch: [3][200/468]	Time 0.110 (0.111)	Data 0.002 (0.004)	Loss 2.6258 (2.9624)	Acc@1 25.000 (23.717)	Acc@5 68.750 (53.770)
Epoch: [3][300/468]	Time 0.110 (0.111)	Data 0.002 (0.004)	Loss 2.4441 (2.9263)	Acc@1 35.938 (24.481)	Acc@5 65.625 (54.807)
Epoch: [3][400/468]	Time 0.107 (0.110)	Data 0.002 (0.003)	Loss 2.8161 (2.9024)	Acc@1 28.125 (24.852)	Acc@5 60.938 (55.463)
 * Acc@1 25.304 Acc@5 56.010
epoch 3, total time 51.65
Test: [0/94]	Time 0.144 (0.144)	Loss 2.3308 (2.3308)	Acc@1 43.750 (43.750)	Acc@5 68.750 (68.750)
 * Acc@1 27.200 Acc@5 57.533
==> training...
Epoch: [4][0/468]	Time 0.386 (0.386)	Data 0.330 (0.330)	Loss 2.5367 (2.5367)	Acc@1 31.250 (31.250)	Acc@5 65.625 (65.625)
Epoch: [4][100/468]	Time 0.110 (0.113)	Data 0.002 (0.005)	Loss 2.4534 (2.6534)	Acc@1 34.375 (29.796)	Acc@5 71.875 (62.051)
Epoch: [4][200/468]	Time 0.110 (0.112)	Data 0.002 (0.004)	Loss 2.5109 (2.6549)	Acc@1 25.000 (29.897)	Acc@5 67.188 (62.096)
Epoch: [4][300/468]	Time 0.110 (0.111)	Data 0.002 (0.003)	Loss 2.8967 (2.6295)	Acc@1 31.250 (30.580)	Acc@5 53.125 (62.692)
Epoch: [4][400/468]	Time 0.110 (0.111)	Data 0.002 (0.003)	Loss 3.0808 (2.6102)	Acc@1 20.312 (31.156)	Acc@5 57.812 (63.268)
 * Acc@1 31.611 Acc@5 63.675
epoch 4, total time 51.97
Test: [0/94]	Time 0.153 (0.153)	Loss 2.0420 (2.0420)	Acc@1 50.000 (50.000)	Acc@5 68.750 (68.750)
 * Acc@1 36.333 Acc@5 67.600
==> training...
Epoch: [5][0/468]	Time 0.388 (0.388)	Data 0.326 (0.326)	Loss 2.0319 (2.0319)	Acc@1 43.750 (43.750)	Acc@5 70.312 (70.312)
Epoch: [5][100/468]	Time 0.110 (0.112)	Data 0.002 (0.005)	Loss 2.5084 (2.4064)	Acc@1 28.125 (35.458)	Acc@5 68.750 (67.744)
Epoch: [5][200/468]	Time 0.111 (0.111)	Data 0.002 (0.004)	Loss 2.3477 (2.4018)	Acc@1 37.500 (35.409)	Acc@5 71.875 (68.206)
Epoch: [5][300/468]	Time 0.110 (0.110)	Data 0.002 (0.003)	Loss 2.3184 (2.3803)	Acc@1 42.188 (36.119)	Acc@5 62.500 (68.662)
Epoch: [5][400/468]	Time 0.110 (0.110)	Data 0.002 (0.003)	Loss 2.2912 (2.3619)	Acc@1 46.875 (36.717)	Acc@5 68.750 (68.992)
 * Acc@1 36.966 Acc@5 69.291
epoch 5, total time 51.65
Test: [0/94]	Time 0.146 (0.146)	Loss 1.6748 (1.6748)	Acc@1 50.000 (50.000)	Acc@5 81.250 (81.250)
 * Acc@1 40.467 Acc@5 70.667
==> training...
Epoch: [6][0/468]	Time 0.384 (0.384)	Data 0.321 (0.321)	Loss 2.2303 (2.2303)	Acc@1 40.625 (40.625)	Acc@5 75.000 (75.000)
Epoch: [6][100/468]	Time 0.110 (0.114)	Data 0.002 (0.005)	Loss 2.4167 (2.1785)	Acc@1 37.500 (40.919)	Acc@5 67.188 (73.314)
Epoch: [6][200/468]	Time 0.111 (0.112)	Data 0.002 (0.004)	Loss 2.4066 (2.1761)	Acc@1 35.938 (40.967)	Acc@5 70.312 (73.383)
Epoch: [6][300/468]	Time 0.109 (0.111)	Data 0.002 (0.003)	Loss 2.3955 (2.1788)	Acc@1 40.625 (40.744)	Acc@5 68.750 (73.188)
Epoch: [6][400/468]	Time 0.109 (0.111)	Data 0.002 (0.003)	Loss 2.3620 (2.1608)	Acc@1 35.938 (41.155)	Acc@5 70.312 (73.512)
 * Acc@1 41.316 Acc@5 73.671
epoch 6, total time 51.76
Test: [0/94]	Time 0.147 (0.147)	Loss 1.5147 (1.5147)	Acc@1 53.125 (53.125)	Acc@5 81.250 (81.250)
 * Acc@1 42.967 Acc@5 73.100
==> training...
Epoch: [7][0/468]	Time 0.392 (0.392)	Data 0.337 (0.337)	Loss 2.1101 (2.1101)	Acc@1 51.562 (51.562)	Acc@5 76.562 (76.562)
Epoch: [7][100/468]	Time 0.109 (0.112)	Data 0.002 (0.006)	Loss 2.0667 (2.0310)	Acc@1 43.750 (44.013)	Acc@5 78.125 (76.779)
Epoch: [7][200/468]	Time 0.109 (0.111)	Data 0.002 (0.004)	Loss 2.5835 (2.0253)	Acc@1 32.812 (44.644)	Acc@5 73.438 (76.469)
Epoch: [7][300/468]	Time 0.110 (0.111)	Data 0.002 (0.003)	Loss 2.1217 (2.0214)	Acc@1 39.062 (44.684)	Acc@5 71.875 (76.132)
Epoch: [7][400/468]	Time 0.111 (0.111)	Data 0.002 (0.003)	Loss 2.2263 (2.0047)	Acc@1 37.500 (44.950)	Acc@5 75.000 (76.562)
 * Acc@1 45.049 Acc@5 76.709
epoch 7, total time 51.83
Test: [0/94]	Time 0.143 (0.143)	Loss 1.3617 (1.3617)	Acc@1 65.625 (65.625)	Acc@5 90.625 (90.625)
 * Acc@1 46.000 Acc@5 77.033
==> training...
Epoch: [8][0/468]	Time 0.376 (0.376)	Data 0.315 (0.315)	Loss 1.9777 (1.9777)	Acc@1 43.750 (43.750)	Acc@5 76.562 (76.562)
Epoch: [8][100/468]	Time 0.109 (0.113)	Data 0.002 (0.006)	Loss 1.5966 (1.8701)	Acc@1 53.125 (48.654)	Acc@5 82.812 (79.285)
Epoch: [8][200/468]	Time 0.109 (0.111)	Data 0.002 (0.004)	Loss 1.8566 (1.8660)	Acc@1 54.688 (48.655)	Acc@5 81.250 (79.516)
Epoch: [8][300/468]	Time 0.109 (0.111)	Data 0.002 (0.003)	Loss 1.7558 (1.8645)	Acc@1 56.250 (48.681)	Acc@5 85.938 (79.527)
Epoch: [8][400/468]	Time 0.109 (0.110)	Data 0.002 (0.003)	Loss 2.1965 (1.8684)	Acc@1 35.938 (48.395)	Acc@5 73.438 (79.528)
 * Acc@1 48.451 Acc@5 79.621
epoch 8, total time 51.66
Test: [0/94]	Time 0.147 (0.147)	Loss 1.5876 (1.5876)	Acc@1 59.375 (59.375)	Acc@5 87.500 (87.500)
 * Acc@1 44.767 Acc@5 77.000
==> training...
Epoch: [9][0/468]	Time 0.388 (0.388)	Data 0.331 (0.331)	Loss 1.9102 (1.9102)	Acc@1 46.875 (46.875)	Acc@5 79.688 (79.688)
Epoch: [9][100/468]	Time 0.110 (0.113)	Data 0.002 (0.006)	Loss 1.7717 (1.7449)	Acc@1 45.312 (51.485)	Acc@5 81.250 (81.807)
Epoch: [9][200/468]	Time 0.110 (0.111)	Data 0.002 (0.004)	Loss 1.9128 (1.7687)	Acc@1 50.000 (50.855)	Acc@5 79.688 (81.460)
Epoch: [9][300/468]	Time 0.110 (0.111)	Data 0.002 (0.004)	Loss 1.8128 (1.7746)	Acc@1 50.000 (50.467)	Acc@5 79.688 (81.354)
Epoch: [9][400/468]	Time 0.110 (0.111)	Data 0.002 (0.003)	Loss 1.4952 (1.7801)	Acc@1 53.125 (50.304)	Acc@5 90.625 (81.094)
 * Acc@1 50.651 Acc@5 81.223
epoch 9, total time 51.75
Test: [0/94]	Time 0.148 (0.148)	Loss 0.9295 (0.9295)	Acc@1 71.875 (71.875)	Acc@5 93.750 (93.750)
 * Acc@1 49.033 Acc@5 79.233
==> training...
Epoch: [10][0/468]	Time 0.400 (0.400)	Data 0.343 (0.343)	Loss 1.7307 (1.7307)	Acc@1 53.125 (53.125)	Acc@5 81.250 (81.250)
Epoch: [10][100/468]	Time 0.110 (0.113)	Data 0.002 (0.006)	Loss 1.4228 (1.6735)	Acc@1 60.938 (54.115)	Acc@5 84.375 (83.091)
Epoch: [10][200/468]	Time 0.109 (0.112)	Data 0.002 (0.004)	Loss 1.9734 (1.6892)	Acc@1 46.875 (53.141)	Acc@5 76.562 (82.711)
Epoch: [10][300/468]	Time 0.110 (0.111)	Data 0.002 (0.004)	Loss 1.7478 (1.6792)	Acc@1 53.125 (53.276)	Acc@5 82.812 (82.787)
Epoch: [10][400/468]	Time 0.110 (0.111)	Data 0.002 (0.003)	Loss 1.4828 (1.6788)	Acc@1 62.500 (53.226)	Acc@5 82.812 (82.910)
 * Acc@1 53.165 Acc@5 82.732
epoch 10, total time 51.78
Test: [0/94]	Time 0.146 (0.146)	Loss 1.3071 (1.3071)	Acc@1 56.250 (56.250)	Acc@5 93.750 (93.750)
 * Acc@1 45.433 Acc@5 77.733
==> training...
Epoch: [11][0/468]	Time 0.391 (0.391)	Data 0.334 (0.334)	Loss 1.7768 (1.7768)	Acc@1 51.562 (51.562)	Acc@5 76.562 (76.562)
Epoch: [11][100/468]	Time 0.110 (0.113)	Data 0.002 (0.006)	Loss 1.6983 (1.5767)	Acc@1 53.125 (55.600)	Acc@5 82.812 (84.607)
Epoch: [11][200/468]	Time 0.111 (0.112)	Data 0.002 (0.004)	Loss 1.3497 (1.5940)	Acc@1 59.375 (54.998)	Acc@5 93.750 (84.476)
Epoch: [11][300/468]	Time 0.111 (0.111)	Data 0.002 (0.003)	Loss 1.6463 (1.6052)	Acc@1 62.500 (54.931)	Acc@5 84.375 (84.173)
Epoch: [11][400/468]	Time 0.110 (0.111)	Data 0.002 (0.003)	Loss 1.6190 (1.6133)	Acc@1 51.562 (54.765)	Acc@5 82.812 (84.020)
 * Acc@1 54.898 Acc@5 84.141
epoch 11, total time 51.92
Test: [0/94]	Time 0.146 (0.146)	Loss 1.1023 (1.1023)	Acc@1 75.000 (75.000)	Acc@5 90.625 (90.625)
 * Acc@1 53.500 Acc@5 82.733
==> training...
Epoch: [12][0/468]	Time 0.377 (0.377)	Data 0.321 (0.321)	Loss 1.4591 (1.4591)	Acc@1 57.812 (57.812)	Acc@5 84.375 (84.375)
Epoch: [12][100/468]	Time 0.110 (0.113)	Data 0.002 (0.005)	Loss 1.4854 (1.5117)	Acc@1 54.688 (57.689)	Acc@5 87.500 (85.427)
Epoch: [12][200/468]	Time 0.111 (0.112)	Data 0.002 (0.004)	Loss 1.4985 (1.5162)	Acc@1 59.375 (57.292)	Acc@5 84.375 (85.603)
Epoch: [12][300/468]	Time 0.110 (0.111)	Data 0.002 (0.003)	Loss 1.5245 (1.5196)	Acc@1 54.688 (56.987)	Acc@5 87.500 (85.507)
Epoch: [12][400/468]	Time 0.110 (0.111)	Data 0.001 (0.003)	Loss 1.4425 (1.5250)	Acc@1 64.062 (56.990)	Acc@5 84.375 (85.396)
 * Acc@1 57.155 Acc@5 85.450
epoch 12, total time 51.87
Test: [0/94]	Time 0.145 (0.145)	Loss 1.0024 (1.0024)	Acc@1 68.750 (68.750)	Acc@5 93.750 (93.750)
 * Acc@1 55.167 Acc@5 84.267
==> training...
Epoch: [13][0/468]	Time 0.401 (0.401)	Data 0.341 (0.341)	Loss 1.4829 (1.4829)	Acc@1 60.938 (60.938)	Acc@5 87.500 (87.500)
Epoch: [13][100/468]	Time 0.109 (0.113)	Data 0.002 (0.006)	Loss 1.3791 (1.4119)	Acc@1 59.375 (60.350)	Acc@5 92.188 (87.252)
Epoch: [13][200/468]	Time 0.109 (0.111)	Data 0.002 (0.004)	Loss 1.2288 (1.4377)	Acc@1 62.500 (59.453)	Acc@5 90.625 (86.831)
Epoch: [13][300/468]	Time 0.110 (0.111)	Data 0.002 (0.003)	Loss 1.2631 (1.4489)	Acc@1 59.375 (58.934)	Acc@5 90.625 (86.628)
Epoch: [13][400/468]	Time 0.110 (0.111)	Data 0.001 (0.003)	Loss 1.9069 (1.4602)	Acc@1 48.438 (58.748)	Acc@5 85.938 (86.518)
 * Acc@1 58.914 Acc@5 86.672
epoch 13, total time 51.74
Test: [0/94]	Time 0.143 (0.143)	Loss 1.3061 (1.3061)	Acc@1 71.875 (71.875)	Acc@5 87.500 (87.500)
 * Acc@1 52.267 Acc@5 82.200
==> training...
Epoch: [14][0/468]	Time 0.388 (0.388)	Data 0.330 (0.330)	Loss 1.3270 (1.3270)	Acc@1 65.625 (65.625)	Acc@5 87.500 (87.500)
Epoch: [14][100/468]	Time 0.109 (0.112)	Data 0.002 (0.005)	Loss 1.4315 (1.4216)	Acc@1 62.500 (59.731)	Acc@5 90.625 (86.835)
Epoch: [14][200/468]	Time 0.110 (0.111)	Data 0.002 (0.004)	Loss 1.2163 (1.4206)	Acc@1 67.188 (59.966)	Acc@5 90.625 (86.940)
Epoch: [14][300/468]	Time 0.110 (0.111)	Data 0.002 (0.003)	Loss 1.3800 (1.4102)	Acc@1 57.812 (60.107)	Acc@5 92.188 (87.308)
Epoch: [14][400/468]	Time 0.109 (0.110)	Data 0.001 (0.003)	Loss 1.1477 (1.4090)	Acc@1 68.750 (60.069)	Acc@5 92.188 (87.247)
 * Acc@1 59.999 Acc@5 87.173
epoch 14, total time 51.68
Test: [0/94]	Time 0.148 (0.148)	Loss 1.2865 (1.2865)	Acc@1 65.625 (65.625)	Acc@5 90.625 (90.625)
 * Acc@1 56.300 Acc@5 84.133
==> training...
Epoch: [15][0/468]	Time 0.400 (0.400)	Data 0.342 (0.342)	Loss 1.3854 (1.3854)	Acc@1 62.500 (62.500)	Acc@5 85.938 (85.938)
Epoch: [15][100/468]	Time 0.110 (0.113)	Data 0.002 (0.006)	Loss 1.3170 (1.3583)	Acc@1 67.188 (61.231)	Acc@5 89.062 (87.980)
Epoch: [15][200/468]	Time 0.110 (0.112)	Data 0.002 (0.004)	Loss 1.4900 (1.3541)	Acc@1 62.500 (61.334)	Acc@5 81.250 (87.943)
Epoch: [15][300/468]	Time 0.110 (0.111)	Data 0.002 (0.003)	Loss 1.6765 (1.3580)	Acc@1 57.812 (61.280)	Acc@5 84.375 (87.962)
Epoch: [15][400/468]	Time 0.110 (0.111)	Data 0.002 (0.003)	Loss 1.4740 (1.3610)	Acc@1 53.125 (61.226)	Acc@5 84.375 (88.007)
 * Acc@1 61.175 Acc@5 87.927
epoch 15, total time 51.85
Test: [0/94]	Time 0.144 (0.144)	Loss 0.7656 (0.7656)	Acc@1 78.125 (78.125)	Acc@5 90.625 (90.625)
 * Acc@1 59.600 Acc@5 86.100
==> training...
Epoch: [16][0/468]	Time 0.380 (0.380)	Data 0.324 (0.324)	Loss 1.1469 (1.1469)	Acc@1 65.625 (65.625)	Acc@5 96.875 (96.875)
Epoch: [16][100/468]	Time 0.110 (0.113)	Data 0.002 (0.006)	Loss 1.4551 (1.2724)	Acc@1 56.250 (63.567)	Acc@5 81.250 (88.954)
Epoch: [16][200/468]	Time 0.110 (0.111)	Data 0.002 (0.004)	Loss 1.4265 (1.2969)	Acc@1 57.812 (63.029)	Acc@5 87.500 (88.899)
Epoch: [16][300/468]	Time 0.110 (0.111)	Data 0.002 (0.004)	Loss 1.3396 (1.3128)	Acc@1 64.062 (62.713)	Acc@5 89.062 (88.538)
Epoch: [16][400/468]	Time 0.110 (0.111)	Data 0.002 (0.003)	Loss 1.4143 (1.3268)	Acc@1 59.375 (62.336)	Acc@5 87.500 (88.330)
 * Acc@1 62.473 Acc@5 88.502
epoch 16, total time 51.78
Test: [0/94]	Time 0.140 (0.140)	Loss 1.2399 (1.2399)	Acc@1 68.750 (68.750)	Acc@5 90.625 (90.625)
 * Acc@1 51.533 Acc@5 81.200
==> training...
Epoch: [17][0/468]	Time 0.391 (0.391)	Data 0.332 (0.332)	Loss 0.8824 (0.8824)	Acc@1 68.750 (68.750)	Acc@5 96.875 (96.875)
Epoch: [17][100/468]	Time 0.109 (0.113)	Data 0.002 (0.006)	Loss 0.8710 (1.2401)	Acc@1 84.375 (63.722)	Acc@5 95.312 (90.022)
Epoch: [17][200/468]	Time 0.110 (0.111)	Data 0.002 (0.004)	Loss 1.1037 (1.2464)	Acc@1 68.750 (64.094)	Acc@5 90.625 (89.692)
Epoch: [17][300/468]	Time 0.109 (0.111)	Data 0.002 (0.003)	Loss 1.3866 (1.2629)	Acc@1 62.500 (63.865)	Acc@5 87.500 (89.317)
Epoch: [17][400/468]	Time 0.110 (0.110)	Data 0.002 (0.003)	Loss 1.1818 (1.2755)	Acc@1 70.312 (63.778)	Acc@5 93.750 (89.031)
 * Acc@1 63.532 Acc@5 88.886
epoch 17, total time 51.70
Test: [0/94]	Time 0.146 (0.146)	Loss 0.7843 (0.7843)	Acc@1 71.875 (71.875)	Acc@5 93.750 (93.750)
 * Acc@1 57.333 Acc@5 84.967
==> training...
Epoch: [18][0/468]	Time 0.391 (0.391)	Data 0.335 (0.335)	Loss 1.1751 (1.1751)	Acc@1 67.188 (67.188)	Acc@5 95.312 (95.312)
Epoch: [18][100/468]	Time 0.110 (0.113)	Data 0.002 (0.006)	Loss 1.1077 (1.1800)	Acc@1 65.625 (65.439)	Acc@5 92.188 (90.625)
Epoch: [18][200/468]	Time 0.110 (0.112)	Data 0.002 (0.004)	Loss 1.3551 (1.2035)	Acc@1 56.250 (65.197)	Acc@5 87.500 (90.376)
Epoch: [18][300/468]	Time 0.109 (0.111)	Data 0.002 (0.004)	Loss 1.2000 (1.2087)	Acc@1 62.500 (65.007)	Acc@5 87.500 (90.127)
Epoch: [18][400/468]	Time 0.110 (0.111)	Data 0.002 (0.003)	Loss 1.2173 (1.2170)	Acc@1 60.938 (64.986)	Acc@5 92.188 (90.052)
 * Acc@1 64.690 Acc@5 89.704
epoch 18, total time 51.80
Test: [0/94]	Time 0.159 (0.159)	Loss 0.7505 (0.7505)	Acc@1 78.125 (78.125)	Acc@5 96.875 (96.875)
 * Acc@1 59.967 Acc@5 84.533
==> training...
Epoch: [19][0/468]	Time 0.377 (0.377)	Data 0.320 (0.320)	Loss 1.1518 (1.1518)	Acc@1 67.188 (67.188)	Acc@5 92.188 (92.188)
Epoch: [19][100/468]	Time 0.111 (0.113)	Data 0.002 (0.006)	Loss 1.5084 (1.1546)	Acc@1 54.688 (66.816)	Acc@5 89.062 (91.089)
Epoch: [19][200/468]	Time 0.110 (0.111)	Data 0.002 (0.004)	Loss 1.3644 (1.1744)	Acc@1 60.938 (66.200)	Acc@5 87.500 (90.547)
Epoch: [19][300/468]	Time 0.110 (0.111)	Data 0.002 (0.004)	Loss 0.8658 (1.1987)	Acc@1 78.125 (65.464)	Acc@5 95.312 (90.236)
Epoch: [19][400/468]	Time 0.112 (0.111)	Data 0.002 (0.003)	Loss 1.3677 (1.2135)	Acc@1 62.500 (65.169)	Acc@5 81.250 (90.161)
 * Acc@1 65.171 Acc@5 90.154
epoch 19, total time 51.94
Test: [0/94]	Time 0.149 (0.149)	Loss 0.8392 (0.8392)	Acc@1 75.000 (75.000)	Acc@5 90.625 (90.625)
 * Acc@1 60.400 Acc@5 86.400
==> training...
Epoch: [20][0/468]	Time 0.381 (0.381)	Data 0.324 (0.324)	Loss 1.0904 (1.0904)	Acc@1 67.188 (67.188)	Acc@5 90.625 (90.625)
Epoch: [20][100/468]	Time 0.110 (0.114)	Data 0.002 (0.006)	Loss 1.0639 (1.1290)	Acc@1 67.188 (67.713)	Acc@5 95.312 (91.259)
Epoch: [20][200/468]	Time 0.110 (0.112)	Data 0.002 (0.004)	Loss 0.9410 (1.1454)	Acc@1 78.125 (67.001)	Acc@5 93.750 (91.107)
Epoch: [20][300/468]	Time 0.109 (0.111)	Data 0.002 (0.004)	Loss 0.8811 (1.1697)	Acc@1 67.188 (66.300)	Acc@5 96.875 (90.625)
Epoch: [20][400/468]	Time 0.109 (0.111)	Data 0.002 (0.003)	Loss 1.3407 (1.1812)	Acc@1 67.188 (65.960)	Acc@5 84.375 (90.454)
 * Acc@1 65.795 Acc@5 90.461
epoch 20, total time 51.79
Test: [0/94]	Time 0.146 (0.146)	Loss 0.5281 (0.5281)	Acc@1 87.500 (87.500)	Acc@5 96.875 (96.875)
 * Acc@1 61.467 Acc@5 86.467
==> training...
Epoch: [21][0/468]	Time 0.439 (0.439)	Data 0.382 (0.382)	Loss 0.7728 (0.7728)	Acc@1 76.562 (76.562)	Acc@5 96.875 (96.875)
Epoch: [21][100/468]	Time 0.111 (0.113)	Data 0.002 (0.006)	Loss 0.9551 (1.0800)	Acc@1 75.000 (68.626)	Acc@5 93.750 (92.095)
Epoch: [21][200/468]	Time 0.110 (0.112)	Data 0.002 (0.004)	Loss 1.1871 (1.1169)	Acc@1 62.500 (67.638)	Acc@5 95.312 (91.426)
Epoch: [21][300/468]	Time 0.110 (0.111)	Data 0.002 (0.004)	Loss 1.3257 (1.1357)	Acc@1 67.188 (67.250)	Acc@5 82.812 (91.196)
Epoch: [21][400/468]	Time 0.110 (0.111)	Data 0.002 (0.003)	Loss 1.3220 (1.1469)	Acc@1 62.500 (66.938)	Acc@5 92.188 (91.003)
 * Acc@1 66.693 Acc@5 90.915
epoch 21, total time 51.96
Test: [0/94]	Time 0.148 (0.148)	Loss 0.8592 (0.8592)	Acc@1 78.125 (78.125)	Acc@5 90.625 (90.625)
 * Acc@1 61.067 Acc@5 86.833
==> training...
Epoch: [22][0/468]	Time 0.385 (0.385)	Data 0.329 (0.329)	Loss 0.8937 (0.8937)	Acc@1 73.438 (73.438)	Acc@5 92.188 (92.188)
Epoch: [22][100/468]	Time 0.110 (0.113)	Data 0.002 (0.005)	Loss 0.9419 (1.0769)	Acc@1 75.000 (68.410)	Acc@5 96.875 (91.816)
Epoch: [22][200/468]	Time 0.110 (0.111)	Data 0.002 (0.004)	Loss 1.4260 (1.1105)	Acc@1 64.062 (67.910)	Acc@5 85.938 (91.363)
Epoch: [22][300/468]	Time 0.110 (0.111)	Data 0.002 (0.003)	Loss 1.2440 (1.1257)	Acc@1 65.625 (67.489)	Acc@5 90.625 (91.274)
Epoch: [22][400/468]	Time 0.111 (0.111)	Data 0.002 (0.003)	Loss 1.2797 (1.1350)	Acc@1 59.375 (67.297)	Acc@5 90.625 (91.213)
 * Acc@1 67.027 Acc@5 91.176
epoch 22, total time 51.90
Test: [0/94]	Time 0.146 (0.146)	Loss 0.9802 (0.9802)	Acc@1 68.750 (68.750)	Acc@5 87.500 (87.500)
 * Acc@1 59.333 Acc@5 85.633
==> training...
Epoch: [23][0/468]	Time 0.384 (0.384)	Data 0.324 (0.324)	Loss 1.3650 (1.3650)	Acc@1 59.375 (59.375)	Acc@5 87.500 (87.500)
Epoch: [23][100/468]	Time 0.110 (0.113)	Data 0.002 (0.005)	Loss 1.1074 (1.0441)	Acc@1 73.438 (69.725)	Acc@5 93.750 (92.373)
Epoch: [23][200/468]	Time 0.110 (0.112)	Data 0.002 (0.004)	Loss 1.0374 (1.0761)	Acc@1 71.875 (68.836)	Acc@5 92.188 (91.845)
Epoch: [23][300/468]	Time 0.109 (0.111)	Data 0.002 (0.003)	Loss 0.8931 (1.0943)	Acc@1 75.000 (68.324)	Acc@5 93.750 (91.674)
Epoch: [23][400/468]	Time 0.109 (0.111)	Data 0.002 (0.003)	Loss 1.2998 (1.1092)	Acc@1 60.938 (67.978)	Acc@5 93.750 (91.568)
 * Acc@1 67.835 Acc@5 91.506
epoch 23, total time 51.85
Test: [0/94]	Time 0.147 (0.147)	Loss 0.6666 (0.6666)	Acc@1 75.000 (75.000)	Acc@5 96.875 (96.875)
 * Acc@1 62.633 Acc@5 88.467
==> training...
Epoch: [24][0/468]	Time 0.404 (0.404)	Data 0.346 (0.346)	Loss 0.9572 (0.9572)	Acc@1 75.000 (75.000)	Acc@5 92.188 (92.188)
Epoch: [24][100/468]	Time 0.110 (0.114)	Data 0.002 (0.006)	Loss 0.7653 (1.0084)	Acc@1 78.125 (70.653)	Acc@5 95.312 (92.837)
Epoch: [24][200/468]	Time 0.110 (0.112)	Data 0.002 (0.004)	Loss 0.7511 (1.0273)	Acc@1 82.812 (70.180)	Acc@5 93.750 (92.514)
Epoch: [24][300/468]	Time 0.109 (0.111)	Data 0.002 (0.003)	Loss 1.0038 (1.0561)	Acc@1 71.875 (69.347)	Acc@5 90.625 (92.250)
Epoch: [24][400/468]	Time 0.111 (0.111)	Data 0.002 (0.003)	Loss 1.0733 (1.0753)	Acc@1 70.312 (68.793)	Acc@5 92.188 (92.055)
 * Acc@1 68.563 Acc@5 91.900
epoch 24, total time 51.97
Test: [0/94]	Time 0.148 (0.148)	Loss 0.8090 (0.8090)	Acc@1 75.000 (75.000)	Acc@5 90.625 (90.625)
 * Acc@1 62.067 Acc@5 86.333
==> training...
Epoch: [25][0/468]	Time 0.396 (0.396)	Data 0.340 (0.340)	Loss 0.8846 (0.8846)	Acc@1 76.562 (76.562)	Acc@5 92.188 (92.188)
Epoch: [25][100/468]	Time 0.109 (0.113)	Data 0.002 (0.006)	Loss 0.8946 (0.9740)	Acc@1 76.562 (71.999)	Acc@5 93.750 (93.255)
Epoch: [25][200/468]	Time 0.110 (0.111)	Data 0.002 (0.004)	Loss 1.0952 (1.0212)	Acc@1 64.062 (70.344)	Acc@5 90.625 (92.856)
Epoch: [25][300/468]	Time 0.111 (0.111)	Data 0.002 (0.003)	Loss 0.9151 (1.0471)	Acc@1 75.000 (69.762)	Acc@5 95.312 (92.338)
Epoch: [25][400/468]	Time 0.110 (0.111)	Data 0.002 (0.003)	Loss 1.0532 (1.0621)	Acc@1 71.875 (69.436)	Acc@5 87.500 (92.149)
 * Acc@1 69.147 Acc@5 91.927
epoch 25, total time 51.87
Test: [0/94]	Time 0.151 (0.151)	Loss 0.8788 (0.8788)	Acc@1 81.250 (81.250)	Acc@5 87.500 (87.500)
 * Acc@1 57.567 Acc@5 83.267
==> training...
Epoch: [26][0/468]	Time 0.433 (0.433)	Data 0.376 (0.376)	Loss 0.7941 (0.7941)	Acc@1 78.125 (78.125)	Acc@5 93.750 (93.750)
Epoch: [26][100/468]	Time 0.110 (0.113)	Data 0.002 (0.006)	Loss 1.3573 (0.9903)	Acc@1 64.062 (70.637)	Acc@5 89.062 (93.286)
Epoch: [26][200/468]	Time 0.109 (0.112)	Data 0.002 (0.004)	Loss 0.9057 (1.0157)	Acc@1 76.562 (69.994)	Acc@5 95.312 (92.903)
Epoch: [26][300/468]	Time 0.111 (0.111)	Data 0.002 (0.003)	Loss 1.0138 (1.0371)	Acc@1 71.875 (69.446)	Acc@5 95.312 (92.665)
Epoch: [26][400/468]	Time 0.111 (0.111)	Data 0.002 (0.003)	Loss 1.0884 (1.0490)	Acc@1 64.062 (69.128)	Acc@5 90.625 (92.382)
 * Acc@1 69.077 Acc@5 92.221
epoch 26, total time 52.11
Test: [0/94]	Time 0.141 (0.141)	Loss 0.6571 (0.6571)	Acc@1 81.250 (81.250)	Acc@5 93.750 (93.750)
 * Acc@1 62.833 Acc@5 87.367
==> training...
Epoch: [27][0/468]	Time 0.397 (0.397)	Data 0.337 (0.337)	Loss 0.9417 (0.9417)	Acc@1 70.312 (70.312)	Acc@5 96.875 (96.875)
Epoch: [27][100/468]	Time 0.110 (0.114)	Data 0.002 (0.006)	Loss 1.2971 (0.9372)	Acc@1 65.625 (72.587)	Acc@5 87.500 (93.456)
Epoch: [27][200/468]	Time 0.110 (0.112)	Data 0.002 (0.004)	Loss 1.3541 (0.9768)	Acc@1 56.250 (71.175)	Acc@5 87.500 (93.291)
Epoch: [27][300/468]	Time 0.110 (0.111)	Data 0.002 (0.004)	Loss 1.2469 (1.0044)	Acc@1 62.500 (70.406)	Acc@5 89.062 (93.039)
Epoch: [27][400/468]	Time 0.111 (0.111)	Data 0.002 (0.003)	Loss 1.2379 (1.0291)	Acc@1 67.188 (69.775)	Acc@5 90.625 (92.729)
 * Acc@1 69.518 Acc@5 92.485
epoch 27, total time 51.99
Test: [0/94]	Time 0.144 (0.144)	Loss 1.0070 (1.0070)	Acc@1 59.375 (59.375)	Acc@5 96.875 (96.875)
 * Acc@1 56.533 Acc@5 84.367
==> training...
Epoch: [28][0/468]	Time 0.416 (0.416)	Data 0.357 (0.357)	Loss 0.7610 (0.7610)	Acc@1 75.000 (75.000)	Acc@5 96.875 (96.875)
Epoch: [28][100/468]	Time 0.109 (0.113)	Data 0.002 (0.006)	Loss 0.9716 (0.9708)	Acc@1 70.312 (71.132)	Acc@5 92.188 (93.054)
Epoch: [28][200/468]	Time 0.111 (0.112)	Data 0.002 (0.004)	Loss 1.2384 (0.9692)	Acc@1 67.188 (71.486)	Acc@5 89.062 (93.120)
Epoch: [28][300/468]	Time 0.111 (0.111)	Data 0.002 (0.003)	Loss 1.1139 (0.9967)	Acc@1 64.062 (70.873)	Acc@5 90.625 (92.769)
Epoch: [28][400/468]	Time 0.110 (0.111)	Data 0.002 (0.003)	Loss 1.0409 (0.9990)	Acc@1 65.625 (70.718)	Acc@5 92.188 (92.823)
 * Acc@1 70.476 Acc@5 92.672
epoch 28, total time 51.95
Test: [0/94]	Time 0.152 (0.152)	Loss 0.6397 (0.6397)	Acc@1 81.250 (81.250)	Acc@5 96.875 (96.875)
 * Acc@1 63.733 Acc@5 89.600
==> training...
Epoch: [29][0/468]	Time 0.414 (0.414)	Data 0.353 (0.353)	Loss 0.8599 (0.8599)	Acc@1 70.312 (70.312)	Acc@5 96.875 (96.875)
Epoch: [29][100/468]	Time 0.110 (0.114)	Data 0.002 (0.006)	Loss 0.8900 (0.9228)	Acc@1 75.000 (72.710)	Acc@5 95.312 (93.998)
Epoch: [29][200/468]	Time 0.111 (0.112)	Data 0.002 (0.004)	Loss 0.9691 (0.9609)	Acc@1 71.875 (71.828)	Acc@5 93.750 (93.385)
Epoch: [29][300/468]	Time 0.111 (0.112)	Data 0.002 (0.003)	Loss 1.0533 (0.9855)	Acc@1 67.188 (71.143)	Acc@5 93.750 (93.054)
Epoch: [29][400/468]	Time 0.110 (0.111)	Data 0.002 (0.003)	Loss 0.9496 (0.9964)	Acc@1 71.875 (70.796)	Acc@5 95.312 (92.897)
 * Acc@1 70.580 Acc@5 92.805
epoch 29, total time 52.04
Test: [0/94]	Time 0.145 (0.145)	Loss 0.8206 (0.8206)	Acc@1 75.000 (75.000)	Acc@5 96.875 (96.875)
 * Acc@1 63.633 Acc@5 88.000
==> training...
Epoch: [30][0/468]	Time 0.392 (0.392)	Data 0.332 (0.332)	Loss 0.6458 (0.6458)	Acc@1 78.125 (78.125)	Acc@5 96.875 (96.875)
Epoch: [30][100/468]	Time 0.109 (0.113)	Data 0.002 (0.006)	Loss 0.8247 (0.9197)	Acc@1 73.438 (73.205)	Acc@5 95.312 (93.626)
Epoch: [30][200/468]	Time 0.110 (0.111)	Data 0.002 (0.004)	Loss 0.9804 (0.9365)	Acc@1 71.875 (72.489)	Acc@5 95.312 (93.727)
Epoch: [30][300/468]	Time 0.112 (0.111)	Data 0.002 (0.003)	Loss 1.1536 (0.9679)	Acc@1 60.938 (71.543)	Acc@5 96.875 (93.387)
Epoch: [30][400/468]	Time 0.110 (0.111)	Data 0.002 (0.003)	Loss 0.8360 (0.9761)	Acc@1 75.000 (71.283)	Acc@5 95.312 (93.349)
 * Acc@1 71.030 Acc@5 93.202
epoch 30, total time 51.91
Test: [0/94]	Time 0.144 (0.144)	Loss 1.3018 (1.3018)	Acc@1 62.500 (62.500)	Acc@5 90.625 (90.625)
 * Acc@1 57.133 Acc@5 85.300
==> training...
Epoch: [31][0/468]	Time 0.397 (0.397)	Data 0.339 (0.339)	Loss 0.7858 (0.7858)	Acc@1 75.000 (75.000)	Acc@5 95.312 (95.312)
Epoch: [31][100/468]	Time 0.110 (0.113)	Data 0.002 (0.006)	Loss 0.8486 (0.9238)	Acc@1 75.000 (73.298)	Acc@5 95.312 (93.549)
Epoch: [31][200/468]	Time 0.109 (0.111)	Data 0.002 (0.004)	Loss 1.0033 (0.9399)	Acc@1 70.312 (72.419)	Acc@5 92.188 (93.400)
Epoch: [31][300/468]	Time 0.109 (0.111)	Data 0.002 (0.003)	Loss 1.1205 (0.9646)	Acc@1 65.625 (71.683)	Acc@5 89.062 (93.060)
Epoch: [31][400/468]	Time 0.109 (0.111)	Data 0.002 (0.003)	Loss 0.9475 (0.9727)	Acc@1 71.875 (71.493)	Acc@5 95.312 (92.998)
 * Acc@1 71.347 Acc@5 92.865
epoch 31, total time 51.85
Test: [0/94]	Time 0.165 (0.165)	Loss 0.9810 (0.9810)	Acc@1 78.125 (78.125)	Acc@5 90.625 (90.625)
 * Acc@1 56.600 Acc@5 84.033
==> training...
Epoch: [32][0/468]	Time 0.379 (0.379)	Data 0.317 (0.317)	Loss 0.5977 (0.5977)	Acc@1 81.250 (81.250)	Acc@5 98.438 (98.438)
Epoch: [32][100/468]	Time 0.110 (0.114)	Data 0.002 (0.006)	Loss 0.7737 (0.8972)	Acc@1 78.125 (73.762)	Acc@5 93.750 (94.028)
Epoch: [32][200/468]	Time 0.110 (0.112)	Data 0.002 (0.004)	Loss 0.9504 (0.9251)	Acc@1 73.438 (73.002)	Acc@5 95.312 (93.867)
Epoch: [32][300/468]	Time 0.110 (0.111)	Data 0.002 (0.004)	Loss 0.9868 (0.9380)	Acc@1 78.125 (72.643)	Acc@5 92.188 (93.823)
Epoch: [32][400/468]	Time 0.110 (0.111)	Data 0.002 (0.003)	Loss 0.7965 (0.9620)	Acc@1 75.000 (71.785)	Acc@5 96.875 (93.450)
 * Acc@1 71.701 Acc@5 93.423
epoch 32, total time 51.98
Test: [0/94]	Time 0.142 (0.142)	Loss 0.7261 (0.7261)	Acc@1 78.125 (78.125)	Acc@5 93.750 (93.750)
 * Acc@1 60.500 Acc@5 86.900
==> training...
Epoch: [33][0/468]	Time 0.398 (0.398)	Data 0.340 (0.340)	Loss 0.8069 (0.8069)	Acc@1 81.250 (81.250)	Acc@5 95.312 (95.312)
Epoch: [33][100/468]	Time 0.110 (0.113)	Data 0.002 (0.006)	Loss 0.9781 (0.8678)	Acc@1 71.875 (74.335)	Acc@5 92.188 (94.864)
Epoch: [33][200/468]	Time 0.110 (0.111)	Data 0.002 (0.004)	Loss 0.9358 (0.8945)	Acc@1 75.000 (73.710)	Acc@5 95.312 (94.279)
Epoch: [33][300/468]	Time 0.111 (0.111)	Data 0.002 (0.003)	Loss 1.3916 (0.9256)	Acc@1 54.688 (72.898)	Acc@5 89.062 (93.916)
Epoch: [33][400/468]	Time 0.110 (0.111)	Data 0.002 (0.003)	Loss 1.2857 (0.9469)	Acc@1 70.312 (72.382)	Acc@5 87.500 (93.672)
 * Acc@1 72.092 Acc@5 93.523
epoch 33, total time 51.99
Test: [0/94]	Time 0.148 (0.148)	Loss 0.9762 (0.9762)	Acc@1 75.000 (75.000)	Acc@5 90.625 (90.625)
 * Acc@1 61.400 Acc@5 87.467
==> training...
Epoch: [34][0/468]	Time 0.388 (0.388)	Data 0.330 (0.330)	Loss 0.9201 (0.9201)	Acc@1 76.562 (76.562)	Acc@5 95.312 (95.312)
Epoch: [34][100/468]	Time 0.110 (0.113)	Data 0.002 (0.005)	Loss 0.8975 (0.8690)	Acc@1 73.438 (74.350)	Acc@5 96.875 (94.678)
Epoch: [34][200/468]	Time 0.113 (0.112)	Data 0.002 (0.004)	Loss 0.8672 (0.8921)	Acc@1 73.438 (73.609)	Acc@5 96.875 (94.349)
Epoch: [34][300/468]	Time 0.110 (0.112)	Data 0.002 (0.003)	Loss 0.8002 (0.9092)	Acc@1 75.000 (73.297)	Acc@5 98.438 (94.186)
Epoch: [34][400/468]	Time 0.110 (0.111)	Data 0.002 (0.003)	Loss 0.8206 (0.9332)	Acc@1 68.750 (72.701)	Acc@5 96.875 (93.859)
 * Acc@1 72.713 Acc@5 93.703
epoch 34, total time 52.13
Test: [0/94]	Time 0.143 (0.143)	Loss 0.7068 (0.7068)	Acc@1 84.375 (84.375)	Acc@5 93.750 (93.750)
 * Acc@1 60.933 Acc@5 86.900
==> training...
Epoch: [35][0/468]	Time 0.374 (0.374)	Data 0.317 (0.317)	Loss 0.8510 (0.8510)	Acc@1 70.312 (70.312)	Acc@5 95.312 (95.312)
Epoch: [35][100/468]	Time 0.109 (0.113)	Data 0.002 (0.005)	Loss 0.9631 (0.8746)	Acc@1 68.750 (74.551)	Acc@5 98.438 (94.276)
Epoch: [35][200/468]	Time 0.112 (0.111)	Data 0.002 (0.004)	Loss 0.7931 (0.9152)	Acc@1 71.875 (73.243)	Acc@5 95.312 (93.727)
Epoch: [35][300/468]	Time 0.111 (0.111)	Data 0.002 (0.003)	Loss 0.8011 (0.9326)	Acc@1 78.125 (72.861)	Acc@5 93.750 (93.631)
Epoch: [35][400/468]	Time 0.111 (0.111)	Data 0.002 (0.003)	Loss 0.9112 (0.9409)	Acc@1 76.562 (72.627)	Acc@5 93.750 (93.540)
 * Acc@1 72.382 Acc@5 93.533
epoch 35, total time 52.10
Test: [0/94]	Time 0.146 (0.146)	Loss 0.8621 (0.8621)	Acc@1 75.000 (75.000)	Acc@5 90.625 (90.625)
 * Acc@1 62.333 Acc@5 87.367
==> training...
Epoch: [36][0/468]	Time 0.409 (0.409)	Data 0.349 (0.349)	Loss 0.8649 (0.8649)	Acc@1 78.125 (78.125)	Acc@5 90.625 (90.625)
Epoch: [36][100/468]	Time 0.111 (0.114)	Data 0.002 (0.006)	Loss 0.8652 (0.8564)	Acc@1 71.875 (74.861)	Acc@5 93.750 (94.585)
Epoch: [36][200/468]	Time 0.110 (0.112)	Data 0.002 (0.004)	Loss 1.2090 (0.8965)	Acc@1 57.812 (73.609)	Acc@5 96.875 (93.952)
Epoch: [36][300/468]	Time 0.110 (0.111)	Data 0.001 (0.003)	Loss 1.1516 (0.9172)	Acc@1 62.500 (73.147)	Acc@5 90.625 (93.823)
Epoch: [36][400/468]	Time 0.110 (0.111)	Data 0.002 (0.003)	Loss 0.8211 (0.9216)	Acc@1 79.688 (73.052)	Acc@5 92.188 (93.758)
 * Acc@1 73.064 Acc@5 93.767
epoch 36, total time 52.01
Test: [0/94]	Time 0.150 (0.150)	Loss 0.4613 (0.4613)	Acc@1 87.500 (87.500)	Acc@5 96.875 (96.875)
 * Acc@1 63.900 Acc@5 89.300
==> training...
Epoch: [37][0/468]	Time 0.398 (0.398)	Data 0.340 (0.340)	Loss 0.7560 (0.7560)	Acc@1 79.688 (79.688)	Acc@5 95.312 (95.312)
Epoch: [37][100/468]	Time 0.110 (0.113)	Data 0.002 (0.006)	Loss 0.6689 (0.8058)	Acc@1 76.562 (76.160)	Acc@5 96.875 (95.483)
Epoch: [37][200/468]	Time 0.110 (0.112)	Data 0.002 (0.004)	Loss 0.7414 (0.8548)	Acc@1 78.125 (74.813)	Acc@5 92.188 (94.807)
Epoch: [37][300/468]	Time 0.109 (0.111)	Data 0.001 (0.003)	Loss 1.1693 (0.8765)	Acc@1 65.625 (74.143)	Acc@5 93.750 (94.596)
Epoch: [37][400/468]	Time 0.110 (0.111)	Data 0.002 (0.003)	Loss 0.9267 (0.9025)	Acc@1 71.875 (73.344)	Acc@5 92.188 (94.190)
 * Acc@1 72.983 Acc@5 94.024
epoch 37, total time 51.91
Test: [0/94]	Time 0.151 (0.151)	Loss 0.8734 (0.8734)	Acc@1 75.000 (75.000)	Acc@5 87.500 (87.500)
 * Acc@1 59.300 Acc@5 85.300
==> training...
Epoch: [38][0/468]	Time 0.400 (0.400)	Data 0.342 (0.342)	Loss 0.9473 (0.9473)	Acc@1 67.188 (67.188)	Acc@5 93.750 (93.750)
Epoch: [38][100/468]	Time 0.110 (0.114)	Data 0.002 (0.006)	Loss 0.7171 (0.8270)	Acc@1 75.000 (75.650)	Acc@5 96.875 (94.833)
Epoch: [38][200/468]	Time 0.110 (0.113)	Data 0.002 (0.004)	Loss 0.7353 (0.8601)	Acc@1 75.000 (74.736)	Acc@5 98.438 (94.597)
Epoch: [38][300/468]	Time 0.110 (0.112)	Data 0.001 (0.004)	Loss 0.8113 (0.8887)	Acc@1 75.000 (73.863)	Acc@5 96.875 (94.311)
Epoch: [38][400/468]	Time 0.110 (0.111)	Data 0.002 (0.003)	Loss 1.0530 (0.8983)	Acc@1 71.875 (73.656)	Acc@5 89.062 (94.132)
 * Acc@1 73.471 Acc@5 94.034
epoch 38, total time 52.11
Test: [0/94]	Time 0.143 (0.143)	Loss 0.5787 (0.5787)	Acc@1 81.250 (81.250)	Acc@5 96.875 (96.875)
 * Acc@1 65.233 Acc@5 89.267
==> training...
Epoch: [39][0/468]	Time 0.392 (0.392)	Data 0.334 (0.334)	Loss 0.8803 (0.8803)	Acc@1 71.875 (71.875)	Acc@5 92.188 (92.188)
Epoch: [39][100/468]	Time 0.110 (0.113)	Data 0.002 (0.006)	Loss 0.7840 (0.8251)	Acc@1 75.000 (74.814)	Acc@5 98.438 (94.926)
Epoch: [39][200/468]	Time 0.111 (0.112)	Data 0.002 (0.004)	Loss 1.2276 (0.8441)	Acc@1 67.188 (74.829)	Acc@5 95.312 (94.908)
Epoch: [39][300/468]	Time 0.111 (0.111)	Data 0.001 (0.003)	Loss 1.0561 (0.8787)	Acc@1 67.188 (73.910)	Acc@5 93.750 (94.503)
Epoch: [39][400/468]	Time 0.110 (0.111)	Data 0.002 (0.003)	Loss 0.8165 (0.8964)	Acc@1 78.125 (73.562)	Acc@5 96.875 (94.288)
 * Acc@1 73.424 Acc@5 94.201
epoch 39, total time 51.98
Test: [0/94]	Time 0.146 (0.146)	Loss 0.5480 (0.5480)	Acc@1 84.375 (84.375)	Acc@5 93.750 (93.750)
 * Acc@1 64.900 Acc@5 89.067
==> training...
Epoch: [40][0/468]	Time 0.420 (0.420)	Data 0.362 (0.362)	Loss 0.6688 (0.6688)	Acc@1 79.688 (79.688)	Acc@5 100.000 (100.000)
Epoch: [40][100/468]	Time 0.109 (0.114)	Data 0.001 (0.006)	Loss 0.8344 (0.8292)	Acc@1 79.688 (76.021)	Acc@5 96.875 (94.802)
Epoch: [40][200/468]	Time 0.110 (0.112)	Data 0.002 (0.004)	Loss 0.6565 (0.8638)	Acc@1 76.562 (74.806)	Acc@5 98.438 (94.426)
Epoch: [40][300/468]	Time 0.110 (0.112)	Data 0.002 (0.004)	Loss 0.5350 (0.8691)	Acc@1 84.375 (74.647)	Acc@5 98.438 (94.539)
Epoch: [40][400/468]	Time 0.110 (0.111)	Data 0.002 (0.003)	Loss 0.7126 (0.8860)	Acc@1 78.125 (73.987)	Acc@5 96.875 (94.397)
 * Acc@1 73.908 Acc@5 94.311
epoch 40, total time 52.08
Test: [0/94]	Time 0.149 (0.149)	Loss 0.5804 (0.5804)	Acc@1 84.375 (84.375)	Acc@5 93.750 (93.750)
 * Acc@1 64.467 Acc@5 88.567
==> training...
Epoch: [41][0/468]	Time 0.395 (0.395)	Data 0.337 (0.337)	Loss 0.8260 (0.8260)	Acc@1 76.562 (76.562)	Acc@5 98.438 (98.438)
Epoch: [41][100/468]	Time 0.110 (0.113)	Data 0.002 (0.006)	Loss 0.6769 (0.7974)	Acc@1 81.250 (76.207)	Acc@5 96.875 (94.817)
Epoch: [41][200/468]	Time 0.111 (0.112)	Data 0.002 (0.004)	Loss 1.0424 (0.8284)	Acc@1 64.062 (75.187)	Acc@5 96.875 (94.753)
Epoch: [41][300/468]	Time 0.111 (0.111)	Data 0.002 (0.003)	Loss 0.8353 (0.8583)	Acc@1 73.438 (74.450)	Acc@5 96.875 (94.622)
Epoch: [41][400/468]	Time 0.110 (0.111)	Data 0.002 (0.003)	Loss 0.9525 (0.8804)	Acc@1 75.000 (73.858)	Acc@5 92.188 (94.416)
 * Acc@1 73.381 Acc@5 94.278
epoch 41, total time 51.97
Test: [0/94]	Time 0.153 (0.153)	Loss 0.6632 (0.6632)	Acc@1 84.375 (84.375)	Acc@5 93.750 (93.750)
 * Acc@1 63.200 Acc@5 86.933
==> training...
Epoch: [42][0/468]	Time 0.398 (0.398)	Data 0.339 (0.339)	Loss 0.7305 (0.7305)	Acc@1 78.125 (78.125)	Acc@5 95.312 (95.312)
Epoch: [42][100/468]	Time 0.110 (0.113)	Data 0.002 (0.006)	Loss 1.0601 (0.7615)	Acc@1 70.312 (77.429)	Acc@5 93.750 (95.545)
Epoch: [42][200/468]	Time 0.110 (0.112)	Data 0.002 (0.004)	Loss 0.9281 (0.8099)	Acc@1 68.750 (75.824)	Acc@5 93.750 (95.188)
Epoch: [42][300/468]	Time 0.111 (0.111)	Data 0.002 (0.003)	Loss 0.9076 (0.8460)	Acc@1 75.000 (74.927)	Acc@5 92.188 (94.721)
Epoch: [42][400/468]	Time 0.110 (0.111)	Data 0.002 (0.003)	Loss 0.7826 (0.8549)	Acc@1 75.000 (74.735)	Acc@5 95.312 (94.596)
 * Acc@1 74.356 Acc@5 94.488
epoch 42, total time 51.97
Test: [0/94]	Time 0.148 (0.148)	Loss 0.5038 (0.5038)	Acc@1 81.250 (81.250)	Acc@5 96.875 (96.875)
 * Acc@1 63.767 Acc@5 88.633
==> training...
Epoch: [43][0/468]	Time 0.397 (0.397)	Data 0.339 (0.339)	Loss 0.6828 (0.6828)	Acc@1 84.375 (84.375)	Acc@5 100.000 (100.000)
Epoch: [43][100/468]	Time 0.110 (0.114)	Data 0.002 (0.006)	Loss 0.5747 (0.7895)	Acc@1 84.375 (76.733)	Acc@5 96.875 (95.421)
Epoch: [43][200/468]	Time 0.110 (0.112)	Data 0.002 (0.004)	Loss 0.9073 (0.8155)	Acc@1 68.750 (76.065)	Acc@5 95.312 (95.048)
Epoch: [43][300/468]	Time 0.110 (0.112)	Data 0.002 (0.004)	Loss 0.8085 (0.8500)	Acc@1 71.875 (74.881)	Acc@5 96.875 (94.799)
Epoch: [43][400/468]	Time 0.110 (0.111)	Data 0.002 (0.003)	Loss 0.8396 (0.8692)	Acc@1 73.438 (74.314)	Acc@5 92.188 (94.525)
 * Acc@1 74.242 Acc@5 94.541
epoch 43, total time 52.07
Test: [0/94]	Time 0.148 (0.148)	Loss 0.9727 (0.9727)	Acc@1 68.750 (68.750)	Acc@5 93.750 (93.750)
 * Acc@1 63.367 Acc@5 88.567
==> training...
Epoch: [44][0/468]	Time 0.397 (0.397)	Data 0.338 (0.338)	Loss 0.9555 (0.9555)	Acc@1 67.188 (67.188)	Acc@5 95.312 (95.312)
Epoch: [44][100/468]	Time 0.112 (0.113)	Data 0.002 (0.005)	Loss 0.8856 (0.7772)	Acc@1 73.438 (76.918)	Acc@5 95.312 (95.606)
Epoch: [44][200/468]	Time 0.110 (0.112)	Data 0.002 (0.004)	Loss 0.7322 (0.8237)	Acc@1 82.812 (75.606)	Acc@5 96.875 (95.134)
Epoch: [44][300/468]	Time 0.112 (0.111)	Data 0.002 (0.003)	Loss 1.1784 (0.8316)	Acc@1 71.875 (75.369)	Acc@5 89.062 (95.084)
Epoch: [44][400/468]	Time 0.111 (0.111)	Data 0.002 (0.003)	Loss 0.9897 (0.8549)	Acc@1 67.188 (74.684)	Acc@5 93.750 (94.790)
 * Acc@1 74.299 Acc@5 94.658
epoch 44, total time 52.10
Test: [0/94]	Time 0.161 (0.161)	Loss 0.8188 (0.8188)	Acc@1 78.125 (78.125)	Acc@5 87.500 (87.500)
 * Acc@1 61.333 Acc@5 86.300
==> training...
Epoch: [45][0/468]	Time 0.410 (0.410)	Data 0.351 (0.351)	Loss 0.7887 (0.7887)	Acc@1 75.000 (75.000)	Acc@5 98.438 (98.438)
Epoch: [45][100/468]	Time 0.110 (0.114)	Data 0.002 (0.006)	Loss 0.6760 (0.7882)	Acc@1 78.125 (76.470)	Acc@5 96.875 (95.575)
Epoch: [45][200/468]	Time 0.110 (0.112)	Data 0.002 (0.004)	Loss 0.6388 (0.8159)	Acc@1 81.250 (75.591)	Acc@5 95.312 (95.312)
Epoch: [45][300/468]	Time 0.111 (0.111)	Data 0.002 (0.003)	Loss 0.9185 (0.8394)	Acc@1 67.188 (74.922)	Acc@5 92.188 (94.980)
Epoch: [45][400/468]	Time 0.111 (0.111)	Data 0.002 (0.003)	Loss 0.8381 (0.8628)	Acc@1 75.000 (74.353)	Acc@5 95.312 (94.724)
 * Acc@1 74.189 Acc@5 94.655
epoch 45, total time 52.01
Test: [0/94]	Time 0.148 (0.148)	Loss 0.7181 (0.7181)	Acc@1 75.000 (75.000)	Acc@5 93.750 (93.750)
 * Acc@1 64.200 Acc@5 88.667
==> training...
Epoch: [46][0/468]	Time 0.412 (0.412)	Data 0.353 (0.353)	Loss 0.8201 (0.8201)	Acc@1 82.812 (82.812)	Acc@5 93.750 (93.750)
Epoch: [46][100/468]	Time 0.110 (0.113)	Data 0.002 (0.006)	Loss 0.6453 (0.7823)	Acc@1 75.000 (76.748)	Acc@5 95.312 (95.606)
Epoch: [46][200/468]	Time 0.111 (0.112)	Data 0.002 (0.004)	Loss 0.8151 (0.7948)	Acc@1 71.875 (76.290)	Acc@5 93.750 (95.375)
Epoch: [46][300/468]	Time 0.111 (0.111)	Data 0.002 (0.003)	Loss 0.9287 (0.8209)	Acc@1 78.125 (75.794)	Acc@5 96.875 (95.089)
Epoch: [46][400/468]	Time 0.111 (0.111)	Data 0.002 (0.003)	Loss 0.9640 (0.8342)	Acc@1 70.312 (75.421)	Acc@5 92.188 (94.907)
 * Acc@1 74.853 Acc@5 94.695
epoch 46, total time 52.14
Test: [0/94]	Time 0.151 (0.151)	Loss 0.7663 (0.7663)	Acc@1 81.250 (81.250)	Acc@5 93.750 (93.750)
 * Acc@1 62.100 Acc@5 87.100
==> training...
Epoch: [47][0/468]	Time 0.393 (0.393)	Data 0.334 (0.334)	Loss 0.7819 (0.7819)	Acc@1 71.875 (71.875)	Acc@5 98.438 (98.438)
Epoch: [47][100/468]	Time 0.111 (0.114)	Data 0.002 (0.006)	Loss 0.8995 (0.7697)	Acc@1 75.000 (76.841)	Acc@5 87.500 (95.730)
Epoch: [47][200/468]	Time 0.109 (0.112)	Data 0.002 (0.004)	Loss 0.8092 (0.7981)	Acc@1 81.250 (76.158)	Acc@5 96.875 (95.375)
Epoch: [47][300/468]	Time 0.111 (0.112)	Data 0.002 (0.003)	Loss 1.0392 (0.8209)	Acc@1 75.000 (75.633)	Acc@5 90.625 (95.167)
Epoch: [47][400/468]	Time 0.110 (0.111)	Data 0.002 (0.003)	Loss 0.9898 (0.8484)	Acc@1 70.312 (74.860)	Acc@5 90.625 (94.806)
 * Acc@1 74.452 Acc@5 94.601
epoch 47, total time 52.15
Test: [0/94]	Time 0.149 (0.149)	Loss 0.6047 (0.6047)	Acc@1 81.250 (81.250)	Acc@5 93.750 (93.750)
 * Acc@1 65.700 Acc@5 88.233
==> training...
Epoch: [48][0/468]	Time 0.395 (0.395)	Data 0.337 (0.337)	Loss 0.7304 (0.7304)	Acc@1 76.562 (76.562)	Acc@5 95.312 (95.312)
Epoch: [48][100/468]	Time 0.112 (0.114)	Data 0.002 (0.006)	Loss 0.6895 (0.7619)	Acc@1 82.812 (77.738)	Acc@5 98.438 (95.545)
Epoch: [48][200/468]	Time 0.111 (0.112)	Data 0.002 (0.004)	Loss 0.4979 (0.7850)	Acc@1 85.938 (76.586)	Acc@5 100.000 (95.414)
Epoch: [48][300/468]	Time 0.111 (0.112)	Data 0.002 (0.004)	Loss 0.9521 (0.8246)	Acc@1 73.438 (75.587)	Acc@5 96.875 (95.063)
Epoch: [48][400/468]	Time 0.114 (0.112)	Data 0.002 (0.003)	Loss 0.5304 (0.8321)	Acc@1 85.938 (75.401)	Acc@5 98.438 (94.946)
 * Acc@1 75.200 Acc@5 94.848
epoch 48, total time 52.21
Test: [0/94]	Time 0.146 (0.146)	Loss 0.7010 (0.7010)	Acc@1 71.875 (71.875)	Acc@5 93.750 (93.750)
 * Acc@1 62.733 Acc@5 87.433
==> training...
Epoch: [49][0/468]	Time 0.400 (0.400)	Data 0.341 (0.341)	Loss 0.7431 (0.7431)	Acc@1 75.000 (75.000)	Acc@5 96.875 (96.875)
Epoch: [49][100/468]	Time 0.110 (0.113)	Data 0.002 (0.006)	Loss 0.7731 (0.7654)	Acc@1 78.125 (76.949)	Acc@5 93.750 (96.194)
Epoch: [49][200/468]	Time 0.110 (0.112)	Data 0.002 (0.004)	Loss 0.7666 (0.7944)	Acc@1 79.688 (76.290)	Acc@5 96.875 (95.647)
Epoch: [49][300/468]	Time 0.112 (0.111)	Data 0.002 (0.003)	Loss 0.9320 (0.8080)	Acc@1 73.438 (75.960)	Acc@5 93.750 (95.349)
Epoch: [49][400/468]	Time 0.110 (0.111)	Data 0.002 (0.003)	Loss 0.7036 (0.8359)	Acc@1 76.562 (75.175)	Acc@5 93.750 (95.067)
 * Acc@1 74.907 Acc@5 95.015
epoch 49, total time 52.00
Test: [0/94]	Time 0.169 (0.169)	Loss 0.5330 (0.5330)	Acc@1 87.500 (87.500)	Acc@5 96.875 (96.875)
 * Acc@1 65.833 Acc@5 89.633
==> training...
Epoch: [50][0/468]	Time 0.406 (0.406)	Data 0.347 (0.347)	Loss 0.7352 (0.7352)	Acc@1 75.000 (75.000)	Acc@5 95.312 (95.312)
Epoch: [50][100/468]	Time 0.112 (0.114)	Data 0.002 (0.006)	Loss 0.8750 (0.7394)	Acc@1 78.125 (78.125)	Acc@5 93.750 (95.854)
Epoch: [50][200/468]	Time 0.110 (0.112)	Data 0.002 (0.004)	Loss 0.6893 (0.7871)	Acc@1 79.688 (76.687)	Acc@5 98.438 (95.429)
Epoch: [50][300/468]	Time 0.111 (0.112)	Data 0.002 (0.003)	Loss 0.8605 (0.8092)	Acc@1 70.312 (76.132)	Acc@5 93.750 (95.183)
Epoch: [50][400/468]	Time 0.110 (0.111)	Data 0.002 (0.003)	Loss 0.9317 (0.8335)	Acc@1 73.438 (75.355)	Acc@5 90.625 (94.966)
 * Acc@1 74.957 Acc@5 94.688
epoch 50, total time 52.20
Test: [0/94]	Time 0.146 (0.146)	Loss 1.1642 (1.1642)	Acc@1 65.625 (65.625)	Acc@5 87.500 (87.500)
 * Acc@1 60.733 Acc@5 84.867
==> training...
Epoch: [51][0/468]	Time 0.400 (0.400)	Data 0.340 (0.340)	Loss 0.7854 (0.7854)	Acc@1 79.688 (79.688)	Acc@5 95.312 (95.312)
Epoch: [51][100/468]	Time 0.111 (0.114)	Data 0.002 (0.006)	Loss 0.4372 (0.7851)	Acc@1 82.812 (76.501)	Acc@5 98.438 (95.622)
Epoch: [51][200/468]	Time 0.110 (0.113)	Data 0.002 (0.004)	Loss 0.7151 (0.7879)	Acc@1 78.125 (76.259)	Acc@5 95.312 (95.631)
Epoch: [51][300/468]	Time 0.110 (0.112)	Data 0.002 (0.004)	Loss 0.8288 (0.8068)	Acc@1 75.000 (75.934)	Acc@5 92.188 (95.245)
Epoch: [51][400/468]	Time 0.112 (0.112)	Data 0.002 (0.003)	Loss 0.9536 (0.8266)	Acc@1 73.438 (75.499)	Acc@5 89.062 (95.044)
 * Acc@1 75.331 Acc@5 94.912
epoch 51, total time 52.35
Test: [0/94]	Time 0.148 (0.148)	Loss 0.7834 (0.7834)	Acc@1 75.000 (75.000)	Acc@5 96.875 (96.875)
 * Acc@1 64.033 Acc@5 88.867
==> training...
Epoch: [52][0/468]	Time 0.389 (0.389)	Data 0.330 (0.330)	Loss 0.7920 (0.7920)	Acc@1 73.438 (73.438)	Acc@5 98.438 (98.438)
Epoch: [52][100/468]	Time 0.111 (0.114)	Data 0.002 (0.006)	Loss 0.6483 (0.7515)	Acc@1 78.125 (77.955)	Acc@5 98.438 (96.024)
Epoch: [52][200/468]	Time 0.110 (0.112)	Data 0.002 (0.004)	Loss 0.7472 (0.7795)	Acc@1 76.562 (76.423)	Acc@5 98.438 (95.662)
Epoch: [52][300/468]	Time 0.110 (0.112)	Data 0.002 (0.004)	Loss 0.8349 (0.8016)	Acc@1 73.438 (76.023)	Acc@5 93.750 (95.406)
Epoch: [52][400/468]	Time 0.111 (0.111)	Data 0.002 (0.003)	Loss 0.9749 (0.8049)	Acc@1 73.438 (76.025)	Acc@5 92.188 (95.363)
 * Acc@1 75.788 Acc@5 95.186
epoch 52, total time 52.21
Test: [0/94]	Time 0.145 (0.145)	Loss 0.6882 (0.6882)	Acc@1 75.000 (75.000)	Acc@5 93.750 (93.750)
 * Acc@1 65.000 Acc@5 88.400
==> training...
Epoch: [53][0/468]	Time 0.392 (0.392)	Data 0.331 (0.331)	Loss 0.9517 (0.9517)	Acc@1 67.188 (67.188)	Acc@5 93.750 (93.750)
Epoch: [53][100/468]	Time 0.111 (0.113)	Data 0.002 (0.006)	Loss 0.8749 (0.7442)	Acc@1 75.000 (77.893)	Acc@5 96.875 (96.086)
Epoch: [53][200/468]	Time 0.110 (0.112)	Data 0.002 (0.004)	Loss 0.9733 (0.7641)	Acc@1 73.438 (77.130)	Acc@5 92.188 (95.864)
Epoch: [53][300/468]	Time 0.111 (0.112)	Data 0.002 (0.003)	Loss 1.1648 (0.7922)	Acc@1 68.750 (76.396)	Acc@5 90.625 (95.510)
Epoch: [53][400/468]	Time 0.110 (0.111)	Data 0.002 (0.003)	Loss 0.8749 (0.8235)	Acc@1 75.000 (75.592)	Acc@5 93.750 (95.036)
 * Acc@1 75.341 Acc@5 94.949
epoch 53, total time 52.04
Test: [0/94]	Time 0.144 (0.144)	Loss 0.7360 (0.7360)	Acc@1 87.500 (87.500)	Acc@5 93.750 (93.750)
 * Acc@1 63.667 Acc@5 88.167
==> training...
Epoch: [54][0/468]	Time 0.429 (0.429)	Data 0.371 (0.371)	Loss 0.5478 (0.5478)	Acc@1 79.688 (79.688)	Acc@5 100.000 (100.000)
Epoch: [54][100/468]	Time 0.110 (0.113)	Data 0.002 (0.006)	Loss 0.7518 (0.7051)	Acc@1 78.125 (78.574)	Acc@5 96.875 (96.674)
Epoch: [54][200/468]	Time 0.110 (0.112)	Data 0.002 (0.004)	Loss 0.6736 (0.7454)	Acc@1 82.812 (77.674)	Acc@5 95.312 (96.035)
Epoch: [54][300/468]	Time 0.109 (0.111)	Data 0.002 (0.003)	Loss 0.8638 (0.7761)	Acc@1 81.250 (76.672)	Acc@5 95.312 (95.759)
Epoch: [54][400/468]	Time 0.109 (0.111)	Data 0.002 (0.003)	Loss 1.0242 (0.8055)	Acc@1 73.438 (75.943)	Acc@5 96.875 (95.511)
 * Acc@1 75.648 Acc@5 95.222
epoch 54, total time 52.04
Test: [0/94]	Time 0.145 (0.145)	Loss 0.6426 (0.6426)	Acc@1 81.250 (81.250)	Acc@5 96.875 (96.875)
 * Acc@1 63.800 Acc@5 88.567
==> training...
Epoch: [55][0/468]	Time 0.380 (0.380)	Data 0.322 (0.322)	Loss 0.7008 (0.7008)	Acc@1 79.688 (79.688)	Acc@5 93.750 (93.750)
Epoch: [55][100/468]	Time 0.110 (0.113)	Data 0.002 (0.005)	Loss 1.0753 (0.7265)	Acc@1 67.188 (78.574)	Acc@5 93.750 (96.303)
Epoch: [55][200/468]	Time 0.111 (0.112)	Data 0.002 (0.004)	Loss 0.6889 (0.7495)	Acc@1 79.688 (77.659)	Acc@5 95.312 (95.927)
Epoch: [55][300/468]	Time 0.112 (0.111)	Data 0.002 (0.003)	Loss 0.5998 (0.7599)	Acc@1 79.688 (77.237)	Acc@5 100.000 (95.852)
Epoch: [55][400/468]	Time 0.110 (0.111)	Data 0.002 (0.003)	Loss 1.0137 (0.7934)	Acc@1 70.312 (76.301)	Acc@5 93.750 (95.472)
 * Acc@1 75.855 Acc@5 95.306
epoch 55, total time 52.18
Test: [0/94]	Time 0.149 (0.149)	Loss 0.6522 (0.6522)	Acc@1 78.125 (78.125)	Acc@5 93.750 (93.750)
 * Acc@1 63.033 Acc@5 86.333
==> training...
Epoch: [56][0/468]	Time 0.416 (0.416)	Data 0.351 (0.351)	Loss 0.4260 (0.4260)	Acc@1 87.500 (87.500)	Acc@5 96.875 (96.875)
Epoch: [56][100/468]	Time 0.112 (0.114)	Data 0.002 (0.006)	Loss 0.7563 (0.7297)	Acc@1 76.562 (78.017)	Acc@5 98.438 (96.040)
Epoch: [56][200/468]	Time 0.112 (0.113)	Data 0.002 (0.004)	Loss 1.2758 (0.7588)	Acc@1 65.625 (77.301)	Acc@5 89.062 (95.709)
Epoch: [56][300/468]	Time 0.110 (0.112)	Data 0.002 (0.003)	Loss 0.7610 (0.7749)	Acc@1 82.812 (76.874)	Acc@5 95.312 (95.577)
Epoch: [56][400/468]	Time 0.110 (0.112)	Data 0.002 (0.003)	Loss 0.8598 (0.7970)	Acc@1 71.875 (76.177)	Acc@5 95.312 (95.281)
 * Acc@1 75.895 Acc@5 95.179
epoch 56, total time 52.26
Test: [0/94]	Time 0.145 (0.145)	Loss 0.5741 (0.5741)	Acc@1 84.375 (84.375)	Acc@5 93.750 (93.750)
 * Acc@1 63.067 Acc@5 88.367
==> training...
Epoch: [57][0/468]	Time 0.395 (0.395)	Data 0.337 (0.337)	Loss 0.8673 (0.8673)	Acc@1 78.125 (78.125)	Acc@5 93.750 (93.750)
Epoch: [57][100/468]	Time 0.110 (0.113)	Data 0.002 (0.006)	Loss 0.7228 (0.6724)	Acc@1 82.812 (80.631)	Acc@5 92.188 (96.519)
Epoch: [57][200/468]	Time 0.110 (0.112)	Data 0.002 (0.004)	Loss 1.1171 (0.7158)	Acc@1 75.000 (79.050)	Acc@5 95.312 (95.958)
Epoch: [57][300/468]	Time 0.110 (0.111)	Data 0.002 (0.003)	Loss 0.9863 (0.7464)	Acc@1 73.438 (77.923)	Acc@5 93.750 (95.780)
Epoch: [57][400/468]	Time 0.110 (0.111)	Data 0.002 (0.003)	Loss 1.1304 (0.7798)	Acc@1 68.750 (76.960)	Acc@5 89.062 (95.488)
 * Acc@1 76.459 Acc@5 95.319
epoch 57, total time 52.02
Test: [0/94]	Time 0.151 (0.151)	Loss 0.7928 (0.7928)	Acc@1 78.125 (78.125)	Acc@5 93.750 (93.750)
 * Acc@1 64.800 Acc@5 88.133
==> training...
Epoch: [58][0/468]	Time 0.392 (0.392)	Data 0.333 (0.333)	Loss 0.8535 (0.8535)	Acc@1 76.562 (76.562)	Acc@5 93.750 (93.750)
Epoch: [58][100/468]	Time 0.110 (0.113)	Data 0.002 (0.005)	Loss 1.0136 (0.7305)	Acc@1 75.000 (78.202)	Acc@5 93.750 (95.869)
Epoch: [58][200/468]	Time 0.110 (0.112)	Data 0.002 (0.004)	Loss 0.6851 (0.7695)	Acc@1 76.562 (77.169)	Acc@5 95.312 (95.476)
Epoch: [58][300/468]	Time 0.111 (0.111)	Data 0.002 (0.003)	Loss 0.6739 (0.7844)	Acc@1 71.875 (76.588)	Acc@5 98.438 (95.582)
Epoch: [58][400/468]	Time 0.110 (0.111)	Data 0.002 (0.003)	Loss 0.9616 (0.8030)	Acc@1 75.000 (76.040)	Acc@5 89.062 (95.379)
 * Acc@1 75.771 Acc@5 95.202
epoch 58, total time 52.08
Test: [0/94]	Time 0.160 (0.160)	Loss 0.9820 (0.9820)	Acc@1 68.750 (68.750)	Acc@5 93.750 (93.750)
 * Acc@1 64.267 Acc@5 87.000
==> training...
Epoch: [59][0/468]	Time 0.413 (0.413)	Data 0.352 (0.352)	Loss 0.5591 (0.5591)	Acc@1 85.938 (85.938)	Acc@5 96.875 (96.875)
Epoch: [59][100/468]	Time 0.112 (0.115)	Data 0.002 (0.006)	Loss 0.5313 (0.7276)	Acc@1 85.938 (78.574)	Acc@5 98.438 (96.272)
Epoch: [59][200/468]	Time 0.112 (0.113)	Data 0.002 (0.004)	Loss 0.6323 (0.7266)	Acc@1 81.250 (78.607)	Acc@5 98.438 (95.965)
Epoch: [59][300/468]	Time 0.112 (0.112)	Data 0.002 (0.003)	Loss 0.8955 (0.7584)	Acc@1 70.312 (77.606)	Acc@5 95.312 (95.743)
Epoch: [59][400/468]	Time 0.111 (0.112)	Data 0.002 (0.003)	Loss 1.2122 (0.7898)	Acc@1 56.250 (76.637)	Acc@5 90.625 (95.523)
 * Acc@1 76.192 Acc@5 95.373
epoch 59, total time 52.37
Test: [0/94]	Time 0.148 (0.148)	Loss 0.4344 (0.4344)	Acc@1 90.625 (90.625)	Acc@5 100.000 (100.000)
 * Acc@1 63.667 Acc@5 88.333
==> training...
Epoch: [60][0/468]	Time 0.390 (0.390)	Data 0.329 (0.329)	Loss 0.5991 (0.5991)	Acc@1 79.688 (79.688)	Acc@5 98.438 (98.438)
Epoch: [60][100/468]	Time 0.111 (0.114)	Data 0.002 (0.005)	Loss 0.6386 (0.6700)	Acc@1 82.812 (79.966)	Acc@5 95.312 (96.581)
Epoch: [60][200/468]	Time 0.110 (0.113)	Data 0.001 (0.004)	Loss 0.9607 (0.7294)	Acc@1 75.000 (78.211)	Acc@5 90.625 (95.826)
Epoch: [60][300/468]	Time 0.111 (0.112)	Data 0.002 (0.003)	Loss 0.7164 (0.7677)	Acc@1 82.812 (77.061)	Acc@5 93.750 (95.562)
Epoch: [60][400/468]	Time 0.112 (0.112)	Data 0.002 (0.003)	Loss 1.1127 (0.7922)	Acc@1 68.750 (76.313)	Acc@5 93.750 (95.398)
 * Acc@1 76.078 Acc@5 95.339
epoch 60, total time 52.30
Test: [0/94]	Time 0.147 (0.147)	Loss 0.7831 (0.7831)	Acc@1 81.250 (81.250)	Acc@5 93.750 (93.750)
 * Acc@1 62.900 Acc@5 86.700
==> training...
Epoch: [61][0/468]	Time 0.396 (0.396)	Data 0.337 (0.337)	Loss 0.7673 (0.7673)	Acc@1 78.125 (78.125)	Acc@5 95.312 (95.312)
Epoch: [61][100/468]	Time 0.111 (0.115)	Data 0.002 (0.006)	Loss 0.6273 (0.5622)	Acc@1 82.812 (83.493)	Acc@5 95.312 (97.618)
Epoch: [61][200/468]	Time 0.111 (0.113)	Data 0.002 (0.004)	Loss 0.3231 (0.4972)	Acc@1 92.188 (85.665)	Acc@5 100.000 (97.948)
Epoch: [61][300/468]	Time 0.112 (0.113)	Data 0.002 (0.004)	Loss 0.3448 (0.4702)	Acc@1 90.625 (86.462)	Acc@5 98.438 (98.105)
Epoch: [61][400/468]	Time 0.111 (0.112)	Data 0.002 (0.003)	Loss 0.2387 (0.4443)	Acc@1 93.750 (87.321)	Acc@5 100.000 (98.266)
 * Acc@1 87.767 Acc@5 98.297
epoch 61, total time 52.61
Test: [0/94]	Time 0.157 (0.157)	Loss 0.2276 (0.2276)	Acc@1 96.875 (96.875)	Acc@5 100.000 (100.000)
 * Acc@1 76.467 Acc@5 93.867
==> training...
Epoch: [62][0/468]	Time 0.397 (0.397)	Data 0.336 (0.336)	Loss 0.3573 (0.3573)	Acc@1 92.188 (92.188)	Acc@5 96.875 (96.875)
Epoch: [62][100/468]	Time 0.110 (0.114)	Data 0.002 (0.006)	Loss 0.5516 (0.3182)	Acc@1 85.938 (91.197)	Acc@5 95.312 (98.963)
Epoch: [62][200/468]	Time 0.110 (0.112)	Data 0.002 (0.004)	Loss 0.1441 (0.3067)	Acc@1 98.438 (91.667)	Acc@5 100.000 (98.966)
Epoch: [62][300/468]	Time 0.110 (0.112)	Data 0.002 (0.003)	Loss 0.4406 (0.3070)	Acc@1 92.188 (91.533)	Acc@5 95.312 (99.024)
Epoch: [62][400/468]	Time 0.110 (0.111)	Data 0.002 (0.003)	Loss 0.3130 (0.3015)	Acc@1 90.625 (91.681)	Acc@5 100.000 (99.057)
 * Acc@1 91.804 Acc@5 99.065
epoch 62, total time 52.11
Test: [0/94]	Time 0.151 (0.151)	Loss 0.2404 (0.2404)	Acc@1 93.750 (93.750)	Acc@5 96.875 (96.875)
 * Acc@1 77.267 Acc@5 94.133
==> training...
Epoch: [63][0/468]	Time 0.412 (0.412)	Data 0.350 (0.350)	Loss 0.1118 (0.1118)	Acc@1 98.438 (98.438)	Acc@5 100.000 (100.000)
Epoch: [63][100/468]	Time 0.110 (0.114)	Data 0.002 (0.006)	Loss 0.2589 (0.2565)	Acc@1 95.312 (93.363)	Acc@5 100.000 (99.134)
Epoch: [63][200/468]	Time 0.111 (0.113)	Data 0.002 (0.004)	Loss 0.2971 (0.2529)	Acc@1 90.625 (93.361)	Acc@5 100.000 (99.269)
Epoch: [63][300/468]	Time 0.111 (0.112)	Data 0.002 (0.004)	Loss 0.3153 (0.2483)	Acc@1 90.625 (93.423)	Acc@5 98.438 (99.315)
Epoch: [63][400/468]	Time 0.111 (0.112)	Data 0.002 (0.003)	Loss 0.1812 (0.2479)	Acc@1 96.875 (93.384)	Acc@5 100.000 (99.322)
 * Acc@1 93.353 Acc@5 99.306
epoch 63, total time 52.37
Test: [0/94]	Time 0.146 (0.146)	Loss 0.2359 (0.2359)	Acc@1 96.875 (96.875)	Acc@5 96.875 (96.875)
 * Acc@1 77.367 Acc@5 93.867
==> training...
Epoch: [64][0/468]	Time 0.401 (0.401)	Data 0.341 (0.341)	Loss 0.2170 (0.2170)	Acc@1 92.188 (92.188)	Acc@5 98.438 (98.438)
Epoch: [64][100/468]	Time 0.110 (0.114)	Data 0.002 (0.006)	Loss 0.1305 (0.2166)	Acc@1 96.875 (94.121)	Acc@5 100.000 (99.536)
Epoch: [64][200/468]	Time 0.110 (0.112)	Data 0.002 (0.004)	Loss 0.1753 (0.2142)	Acc@1 98.438 (94.380)	Acc@5 98.438 (99.541)
Epoch: [64][300/468]	Time 0.109 (0.112)	Data 0.002 (0.003)	Loss 0.2031 (0.2118)	Acc@1 96.875 (94.378)	Acc@5 96.875 (99.580)
Epoch: [64][400/468]	Time 0.110 (0.111)	Data 0.002 (0.003)	Loss 0.3646 (0.2130)	Acc@1 87.500 (94.311)	Acc@5 96.875 (99.529)
 * Acc@1 94.298 Acc@5 99.516
epoch 64, total time 52.14
Test: [0/94]	Time 0.144 (0.144)	Loss 0.2034 (0.2034)	Acc@1 93.750 (93.750)	Acc@5 96.875 (96.875)
 * Acc@1 77.500 Acc@5 93.933
==> training...
Epoch: [65][0/468]	Time 0.428 (0.428)	Data 0.368 (0.368)	Loss 0.0862 (0.0862)	Acc@1 98.438 (98.438)	Acc@5 100.000 (100.000)
Epoch: [65][100/468]	Time 0.112 (0.114)	Data 0.002 (0.006)	Loss 0.1381 (0.1883)	Acc@1 95.312 (95.034)	Acc@5 100.000 (99.691)
Epoch: [65][200/468]	Time 0.112 (0.112)	Data 0.002 (0.004)	Loss 0.2614 (0.1921)	Acc@1 92.188 (95.017)	Acc@5 100.000 (99.627)
Epoch: [65][300/468]	Time 0.112 (0.112)	Data 0.002 (0.003)	Loss 0.1595 (0.1904)	Acc@1 95.312 (94.970)	Acc@5 100.000 (99.616)
Epoch: [65][400/468]	Time 0.110 (0.112)	Data 0.002 (0.003)	Loss 0.1411 (0.1899)	Acc@1 93.750 (94.974)	Acc@5 100.000 (99.626)
 * Acc@1 94.962 Acc@5 99.623
epoch 65, total time 52.26
Test: [0/94]	Time 0.150 (0.150)	Loss 0.2016 (0.2016)	Acc@1 96.875 (96.875)	Acc@5 96.875 (96.875)
 * Acc@1 78.100 Acc@5 93.867
==> training...
Epoch: [66][0/468]	Time 0.403 (0.403)	Data 0.343 (0.343)	Loss 0.2404 (0.2404)	Acc@1 93.750 (93.750)	Acc@5 100.000 (100.000)
Epoch: [66][100/468]	Time 0.111 (0.114)	Data 0.002 (0.006)	Loss 0.0983 (0.1607)	Acc@1 98.438 (96.086)	Acc@5 100.000 (99.830)
Epoch: [66][200/468]	Time 0.110 (0.112)	Data 0.002 (0.004)	Loss 0.1043 (0.1696)	Acc@1 98.438 (95.647)	Acc@5 100.000 (99.759)
Epoch: [66][300/468]	Time 0.111 (0.112)	Data 0.002 (0.003)	Loss 0.1366 (0.1714)	Acc@1 98.438 (95.577)	Acc@5 100.000 (99.735)
Epoch: [66][400/468]	Time 0.113 (0.112)	Data 0.002 (0.003)	Loss 0.0959 (0.1707)	Acc@1 98.438 (95.577)	Acc@5 100.000 (99.712)
 * Acc@1 95.583 Acc@5 99.710
epoch 66, total time 52.28
Test: [0/94]	Time 0.147 (0.147)	Loss 0.2059 (0.2059)	Acc@1 96.875 (96.875)	Acc@5 96.875 (96.875)
 * Acc@1 77.833 Acc@5 93.900
==> training...
Epoch: [67][0/468]	Time 0.385 (0.385)	Data 0.325 (0.325)	Loss 0.1449 (0.1449)	Acc@1 95.312 (95.312)	Acc@5 100.000 (100.000)
Epoch: [67][100/468]	Time 0.110 (0.113)	Data 0.002 (0.005)	Loss 0.1334 (0.1597)	Acc@1 96.875 (95.684)	Acc@5 100.000 (99.783)
Epoch: [67][200/468]	Time 0.110 (0.112)	Data 0.001 (0.004)	Loss 0.2492 (0.1547)	Acc@1 92.188 (96.020)	Acc@5 100.000 (99.798)
Epoch: [67][300/468]	Time 0.112 (0.111)	Data 0.002 (0.003)	Loss 0.1583 (0.1523)	Acc@1 92.188 (96.102)	Acc@5 100.000 (99.782)
Epoch: [67][400/468]	Time 0.110 (0.111)	Data 0.002 (0.003)	Loss 0.1126 (0.1504)	Acc@1 96.875 (96.107)	Acc@5 100.000 (99.778)
 * Acc@1 96.060 Acc@5 99.776
epoch 67, total time 52.14
Test: [0/94]	Time 0.145 (0.145)	Loss 0.2070 (0.2070)	Acc@1 93.750 (93.750)	Acc@5 96.875 (96.875)
 * Acc@1 77.633 Acc@5 94.267
==> training...
Epoch: [68][0/468]	Time 0.413 (0.413)	Data 0.352 (0.352)	Loss 0.0820 (0.0820)	Acc@1 100.000 (100.000)	Acc@5 100.000 (100.000)
Epoch: [68][100/468]	Time 0.111 (0.114)	Data 0.002 (0.006)	Loss 0.1037 (0.1370)	Acc@1 100.000 (96.736)	Acc@5 100.000 (99.892)
Epoch: [68][200/468]	Time 0.111 (0.112)	Data 0.002 (0.004)	Loss 0.1995 (0.1340)	Acc@1 93.750 (96.836)	Acc@5 100.000 (99.883)
Epoch: [68][300/468]	Time 0.111 (0.112)	Data 0.002 (0.004)	Loss 0.1603 (0.1340)	Acc@1 95.312 (96.833)	Acc@5 100.000 (99.860)
Epoch: [68][400/468]	Time 0.112 (0.112)	Data 0.002 (0.003)	Loss 0.0919 (0.1345)	Acc@1 98.438 (96.778)	Acc@5 100.000 (99.852)
 * Acc@1 96.718 Acc@5 99.833
epoch 68, total time 52.41
Test: [0/94]	Time 0.149 (0.149)	Loss 0.1862 (0.1862)	Acc@1 96.875 (96.875)	Acc@5 100.000 (100.000)
 * Acc@1 78.267 Acc@5 93.867
==> training...
Epoch: [69][0/468]	Time 0.399 (0.399)	Data 0.338 (0.338)	Loss 0.1436 (0.1436)	Acc@1 96.875 (96.875)	Acc@5 100.000 (100.000)
Epoch: [69][100/468]	Time 0.111 (0.114)	Data 0.002 (0.006)	Loss 0.1138 (0.1233)	Acc@1 100.000 (97.293)	Acc@5 100.000 (99.892)
Epoch: [69][200/468]	Time 0.111 (0.113)	Data 0.002 (0.004)	Loss 0.0973 (0.1214)	Acc@1 98.438 (97.295)	Acc@5 100.000 (99.891)
Epoch: [69][300/468]	Time 0.110 (0.112)	Data 0.002 (0.003)	Loss 0.1654 (0.1220)	Acc@1 95.312 (97.254)	Acc@5 100.000 (99.875)
Epoch: [69][400/468]	Time 0.110 (0.112)	Data 0.001 (0.003)	Loss 0.1463 (0.1220)	Acc@1 96.875 (97.159)	Acc@5 100.000 (99.891)
 * Acc@1 97.082 Acc@5 99.893
epoch 69, total time 52.30
Test: [0/94]	Time 0.143 (0.143)	Loss 0.2016 (0.2016)	Acc@1 96.875 (96.875)	Acc@5 96.875 (96.875)
 * Acc@1 78.067 Acc@5 93.800
==> training...
Epoch: [70][0/468]	Time 0.404 (0.404)	Data 0.343 (0.343)	Loss 0.1666 (0.1666)	Acc@1 95.312 (95.312)	Acc@5 100.000 (100.000)
Epoch: [70][100/468]	Time 0.111 (0.114)	Data 0.002 (0.006)	Loss 0.1681 (0.1107)	Acc@1 95.312 (97.587)	Acc@5 100.000 (99.907)
Epoch: [70][200/468]	Time 0.112 (0.113)	Data 0.002 (0.004)	Loss 0.0843 (0.1096)	Acc@1 96.875 (97.567)	Acc@5 100.000 (99.868)
Epoch: [70][300/468]	Time 0.111 (0.112)	Data 0.002 (0.003)	Loss 0.0504 (0.1132)	Acc@1 100.000 (97.363)	Acc@5 100.000 (99.860)
Epoch: [70][400/468]	Time 0.113 (0.112)	Data 0.002 (0.003)	Loss 0.2353 (0.1129)	Acc@1 93.750 (97.413)	Acc@5 98.438 (99.844)
 * Acc@1 97.342 Acc@5 99.863
epoch 70, total time 52.56
Test: [0/94]	Time 0.142 (0.142)	Loss 0.2001 (0.2001)	Acc@1 93.750 (93.750)	Acc@5 96.875 (96.875)
 * Acc@1 77.567 Acc@5 93.800
==> training...
Epoch: [71][0/468]	Time 0.407 (0.407)	Data 0.347 (0.347)	Loss 0.1129 (0.1129)	Acc@1 95.312 (95.312)	Acc@5 98.438 (98.438)
Epoch: [71][100/468]	Time 0.110 (0.114)	Data 0.002 (0.006)	Loss 0.1183 (0.0983)	Acc@1 95.312 (97.927)	Acc@5 100.000 (99.938)
Epoch: [71][200/468]	Time 0.111 (0.113)	Data 0.002 (0.005)	Loss 0.0541 (0.1032)	Acc@1 98.438 (97.746)	Acc@5 100.000 (99.930)
Epoch: [71][300/468]	Time 0.110 (0.112)	Data 0.002 (0.004)	Loss 0.0626 (0.1027)	Acc@1 100.000 (97.716)	Acc@5 100.000 (99.927)
Epoch: [71][400/468]	Time 0.111 (0.112)	Data 0.002 (0.003)	Loss 0.2347 (0.1031)	Acc@1 93.750 (97.650)	Acc@5 98.438 (99.934)
 * Acc@1 97.623 Acc@5 99.927
epoch 71, total time 52.26
Test: [0/94]	Time 0.145 (0.145)	Loss 0.2176 (0.2176)	Acc@1 90.625 (90.625)	Acc@5 96.875 (96.875)
 * Acc@1 77.700 Acc@5 93.633
==> training...
Epoch: [72][0/468]	Time 0.377 (0.377)	Data 0.317 (0.317)	Loss 0.0500 (0.0500)	Acc@1 100.000 (100.000)	Acc@5 100.000 (100.000)
Epoch: [72][100/468]	Time 0.111 (0.113)	Data 0.002 (0.005)	Loss 0.1288 (0.0854)	Acc@1 96.875 (98.159)	Acc@5 100.000 (100.000)
Epoch: [72][200/468]	Time 0.111 (0.112)	Data 0.002 (0.004)	Loss 0.0574 (0.0891)	Acc@1 100.000 (98.080)	Acc@5 100.000 (99.969)
Epoch: [72][300/468]	Time 0.112 (0.112)	Data 0.002 (0.003)	Loss 0.1871 (0.0915)	Acc@1 96.875 (98.064)	Acc@5 100.000 (99.969)
Epoch: [72][400/468]	Time 0.111 (0.112)	Data 0.002 (0.003)	Loss 0.1100 (0.0926)	Acc@1 96.875 (98.005)	Acc@5 100.000 (99.949)
 * Acc@1 97.970 Acc@5 99.950
epoch 72, total time 52.30
Test: [0/94]	Time 0.430 (0.430)	Loss 0.2619 (0.2619)	Acc@1 90.625 (90.625)	Acc@5 96.875 (96.875)
 * Acc@1 77.433 Acc@5 93.467
==> training...
Epoch: [73][0/468]	Time 0.380 (0.380)	Data 0.320 (0.320)	Loss 0.2307 (0.2307)	Acc@1 92.188 (92.188)	Acc@5 100.000 (100.000)
Epoch: [73][100/468]	Time 0.111 (0.114)	Data 0.002 (0.006)	Loss 0.0804 (0.0859)	Acc@1 98.438 (98.051)	Acc@5 100.000 (99.938)
Epoch: [73][200/468]	Time 0.110 (0.114)	Data 0.002 (0.004)	Loss 0.0656 (0.0836)	Acc@1 100.000 (98.197)	Acc@5 100.000 (99.961)
Epoch: [73][300/468]	Time 0.111 (0.113)	Data 0.002 (0.004)	Loss 0.1063 (0.0844)	Acc@1 96.875 (98.110)	Acc@5 100.000 (99.969)
Epoch: [73][400/468]	Time 0.110 (0.112)	Data 0.002 (0.003)	Loss 0.0772 (0.0839)	Acc@1 98.438 (98.130)	Acc@5 100.000 (99.977)
 * Acc@1 98.107 Acc@5 99.973
epoch 73, total time 52.39
Test: [0/94]	Time 0.224 (0.224)	Loss 0.2021 (0.2021)	Acc@1 90.625 (90.625)	Acc@5 100.000 (100.000)
 * Acc@1 77.467 Acc@5 93.800
==> training...
Epoch: [74][0/468]	Time 0.453 (0.453)	Data 0.389 (0.389)	Loss 0.0588 (0.0588)	Acc@1 98.438 (98.438)	Acc@5 100.000 (100.000)
Epoch: [74][100/468]	Time 0.112 (0.115)	Data 0.002 (0.006)	Loss 0.0631 (0.0744)	Acc@1 98.438 (98.376)	Acc@5 100.000 (99.985)
Epoch: [74][200/468]	Time 0.111 (0.113)	Data 0.002 (0.004)	Loss 0.0556 (0.0755)	Acc@1 98.438 (98.414)	Acc@5 100.000 (99.977)
Epoch: [74][300/468]	Time 0.111 (0.112)	Data 0.002 (0.004)	Loss 0.1256 (0.0784)	Acc@1 96.875 (98.318)	Acc@5 100.000 (99.984)
Epoch: [74][400/468]	Time 0.111 (0.112)	Data 0.002 (0.003)	Loss 0.0560 (0.0785)	Acc@1 100.000 (98.328)	Acc@5 100.000 (99.984)
 * Acc@1 98.284 Acc@5 99.987
epoch 74, total time 52.51
Test: [0/94]	Time 0.148 (0.148)	Loss 0.1643 (0.1643)	Acc@1 96.875 (96.875)	Acc@5 100.000 (100.000)
 * Acc@1 77.867 Acc@5 93.567
==> training...
Epoch: [75][0/468]	Time 0.388 (0.388)	Data 0.327 (0.327)	Loss 0.1266 (0.1266)	Acc@1 96.875 (96.875)	Acc@5 100.000 (100.000)
Epoch: [75][100/468]	Time 0.111 (0.114)	Data 0.002 (0.006)	Loss 0.0490 (0.0659)	Acc@1 100.000 (98.824)	Acc@5 100.000 (100.000)
Epoch: [75][200/468]	Time 0.110 (0.112)	Data 0.002 (0.004)	Loss 0.0465 (0.0709)	Acc@1 100.000 (98.585)	Acc@5 100.000 (99.992)
Epoch: [75][300/468]	Time 0.111 (0.112)	Data 0.002 (0.003)	Loss 0.0433 (0.0720)	Acc@1 100.000 (98.598)	Acc@5 100.000 (99.979)
Epoch: [75][400/468]	Time 0.112 (0.112)	Data 0.002 (0.003)	Loss 0.0941 (0.0736)	Acc@1 96.875 (98.504)	Acc@5 100.000 (99.981)
 * Acc@1 98.471 Acc@5 99.983
epoch 75, total time 52.26
Test: [0/94]	Time 0.142 (0.142)	Loss 0.1771 (0.1771)	Acc@1 96.875 (96.875)	Acc@5 100.000 (100.000)
 * Acc@1 77.867 Acc@5 93.733
==> training...
Epoch: [76][0/468]	Time 0.394 (0.394)	Data 0.333 (0.333)	Loss 0.0361 (0.0361)	Acc@1 98.438 (98.438)	Acc@5 100.000 (100.000)
Epoch: [76][100/468]	Time 0.112 (0.114)	Data 0.002 (0.006)	Loss 0.0826 (0.0656)	Acc@1 100.000 (98.515)	Acc@5 100.000 (100.000)
Epoch: [76][200/468]	Time 0.110 (0.113)	Data 0.002 (0.004)	Loss 0.0824 (0.0663)	Acc@1 96.875 (98.570)	Acc@5 100.000 (100.000)
Epoch: [76][300/468]	Time 0.111 (0.112)	Data 0.002 (0.003)	Loss 0.0448 (0.0668)	Acc@1 100.000 (98.609)	Acc@5 100.000 (100.000)
Epoch: [76][400/468]	Time 0.111 (0.112)	Data 0.002 (0.003)	Loss 0.0956 (0.0670)	Acc@1 96.875 (98.667)	Acc@5 100.000 (99.996)
 * Acc@1 98.665 Acc@5 99.997
epoch 76, total time 52.40
Test: [0/94]	Time 0.147 (0.147)	Loss 0.2199 (0.2199)	Acc@1 90.625 (90.625)	Acc@5 100.000 (100.000)
 * Acc@1 78.467 Acc@5 93.467
==> training...
Epoch: [77][0/468]	Time 0.427 (0.427)	Data 0.366 (0.366)	Loss 0.0984 (0.0984)	Acc@1 100.000 (100.000)	Acc@5 100.000 (100.000)
Epoch: [77][100/468]	Time 0.111 (0.115)	Data 0.002 (0.006)	Loss 0.0552 (0.0614)	Acc@1 100.000 (98.793)	Acc@5 100.000 (100.000)
Epoch: [77][200/468]	Time 0.110 (0.113)	Data 0.002 (0.004)	Loss 0.0415 (0.0640)	Acc@1 98.438 (98.702)	Acc@5 100.000 (99.984)
Epoch: [77][300/468]	Time 0.110 (0.112)	Data 0.002 (0.004)	Loss 0.0465 (0.0638)	Acc@1 100.000 (98.749)	Acc@5 100.000 (99.990)
Epoch: [77][400/468]	Time 0.111 (0.112)	Data 0.002 (0.003)	Loss 0.0453 (0.0644)	Acc@1 100.000 (98.730)	Acc@5 100.000 (99.992)
 * Acc@1 98.721 Acc@5 99.993
epoch 77, total time 52.38
Test: [0/94]	Time 0.146 (0.146)	Loss 0.2098 (0.2098)	Acc@1 90.625 (90.625)	Acc@5 96.875 (96.875)
 * Acc@1 78.033 Acc@5 93.500
==> training...
Epoch: [78][0/468]	Time 0.384 (0.384)	Data 0.324 (0.324)	Loss 0.0398 (0.0398)	Acc@1 100.000 (100.000)	Acc@5 100.000 (100.000)
Epoch: [78][100/468]	Time 0.113 (0.114)	Data 0.002 (0.006)	Loss 0.0688 (0.0582)	Acc@1 98.438 (98.963)	Acc@5 100.000 (100.000)
Epoch: [78][200/468]	Time 0.111 (0.113)	Data 0.002 (0.004)	Loss 0.0585 (0.0575)	Acc@1 100.000 (99.044)	Acc@5 100.000 (99.992)
Epoch: [78][300/468]	Time 0.112 (0.112)	Data 0.002 (0.003)	Loss 0.0753 (0.0598)	Acc@1 98.438 (98.936)	Acc@5 98.438 (99.979)
Epoch: [78][400/468]	Time 0.110 (0.112)	Data 0.002 (0.003)	Loss 0.0473 (0.0612)	Acc@1 100.000 (98.874)	Acc@5 100.000 (99.981)
 * Acc@1 98.872 Acc@5 99.980
epoch 78, total time 52.37
Test: [0/94]	Time 0.147 (0.147)	Loss 0.2260 (0.2260)	Acc@1 90.625 (90.625)	Acc@5 100.000 (100.000)
 * Acc@1 77.933 Acc@5 93.733
==> training...
Epoch: [79][0/468]	Time 0.380 (0.380)	Data 0.319 (0.319)	Loss 0.0453 (0.0453)	Acc@1 98.438 (98.438)	Acc@5 100.000 (100.000)
Epoch: [79][100/468]	Time 0.111 (0.115)	Data 0.002 (0.006)	Loss 0.0573 (0.0530)	Acc@1 98.438 (99.226)	Acc@5 100.000 (100.000)
Epoch: [79][200/468]	Time 0.110 (0.113)	Data 0.002 (0.004)	Loss 0.0514 (0.0548)	Acc@1 100.000 (99.075)	Acc@5 100.000 (99.992)
Epoch: [79][300/468]	Time 0.111 (0.112)	Data 0.002 (0.004)	Loss 0.0457 (0.0564)	Acc@1 100.000 (98.988)	Acc@5 100.000 (99.995)
Epoch: [79][400/468]	Time 0.111 (0.112)	Data 0.002 (0.003)	Loss 0.0925 (0.0554)	Acc@1 98.438 (99.010)	Acc@5 98.438 (99.992)
 * Acc@1 98.988 Acc@5 99.993
epoch 79, total time 52.27
Test: [0/94]	Time 0.144 (0.144)	Loss 0.3169 (0.3169)	Acc@1 90.625 (90.625)	Acc@5 96.875 (96.875)
 * Acc@1 77.700 Acc@5 93.800
==> training...
Epoch: [80][0/468]	Time 0.381 (0.381)	Data 0.319 (0.319)	Loss 0.0633 (0.0633)	Acc@1 98.438 (98.438)	Acc@5 100.000 (100.000)
Epoch: [80][100/468]	Time 0.112 (0.114)	Data 0.002 (0.005)	Loss 0.0583 (0.0510)	Acc@1 98.438 (99.010)	Acc@5 100.000 (99.985)
Epoch: [80][200/468]	Time 0.112 (0.113)	Data 0.002 (0.004)	Loss 0.0337 (0.0516)	Acc@1 100.000 (99.052)	Acc@5 100.000 (99.992)
Epoch: [80][300/468]	Time 0.111 (0.112)	Data 0.002 (0.003)	Loss 0.1115 (0.0516)	Acc@1 95.312 (99.050)	Acc@5 100.000 (99.995)
Epoch: [80][400/468]	Time 0.111 (0.112)	Data 0.002 (0.003)	Loss 0.0412 (0.0525)	Acc@1 100.000 (99.026)	Acc@5 100.000 (99.996)
 * Acc@1 99.015 Acc@5 99.993
epoch 80, total time 52.50
Test: [0/94]	Time 0.143 (0.143)	Loss 0.2360 (0.2360)	Acc@1 90.625 (90.625)	Acc@5 96.875 (96.875)
 * Acc@1 78.167 Acc@5 93.767
==> training...
Epoch: [81][0/468]	Time 0.383 (0.383)	Data 0.321 (0.321)	Loss 0.0569 (0.0569)	Acc@1 96.875 (96.875)	Acc@5 100.000 (100.000)
Epoch: [81][100/468]	Time 0.111 (0.114)	Data 0.002 (0.006)	Loss 0.0541 (0.0475)	Acc@1 98.438 (99.242)	Acc@5 100.000 (100.000)
Epoch: [81][200/468]	Time 0.111 (0.112)	Data 0.002 (0.004)	Loss 0.0305 (0.0462)	Acc@1 100.000 (99.277)	Acc@5 100.000 (100.000)
Epoch: [81][300/468]	Time 0.112 (0.112)	Data 0.002 (0.003)	Loss 0.0188 (0.0466)	Acc@1 100.000 (99.263)	Acc@5 100.000 (100.000)
Epoch: [81][400/468]	Time 0.110 (0.112)	Data 0.002 (0.003)	Loss 0.0698 (0.0465)	Acc@1 98.438 (99.252)	Acc@5 100.000 (99.996)
 * Acc@1 99.282 Acc@5 99.997
epoch 81, total time 52.32
Test: [0/94]	Time 0.151 (0.151)	Loss 0.2079 (0.2079)	Acc@1 96.875 (96.875)	Acc@5 96.875 (96.875)
 * Acc@1 78.533 Acc@5 93.933
==> training...
Epoch: [82][0/468]	Time 0.397 (0.397)	Data 0.337 (0.337)	Loss 0.0325 (0.0325)	Acc@1 100.000 (100.000)	Acc@5 100.000 (100.000)
Epoch: [82][100/468]	Time 0.112 (0.114)	Data 0.002 (0.006)	Loss 0.0688 (0.0428)	Acc@1 98.438 (99.381)	Acc@5 100.000 (100.000)
Epoch: [82][200/468]	Time 0.111 (0.113)	Data 0.002 (0.004)	Loss 0.0308 (0.0446)	Acc@1 100.000 (99.277)	Acc@5 100.000 (99.984)
Epoch: [82][300/468]	Time 0.111 (0.112)	Data 0.002 (0.003)	Loss 0.0724 (0.0436)	Acc@1 96.875 (99.304)	Acc@5 100.000 (99.990)
Epoch: [82][400/468]	Time 0.110 (0.112)	Data 0.002 (0.003)	Loss 0.0183 (0.0435)	Acc@1 100.000 (99.306)	Acc@5 100.000 (99.988)
 * Acc@1 99.302 Acc@5 99.990
epoch 82, total time 52.33
Test: [0/94]	Time 0.144 (0.144)	Loss 0.2235 (0.2235)	Acc@1 93.750 (93.750)	Acc@5 96.875 (96.875)
 * Acc@1 78.433 Acc@5 93.933
==> training...
Epoch: [83][0/468]	Time 0.400 (0.400)	Data 0.339 (0.339)	Loss 0.0174 (0.0174)	Acc@1 100.000 (100.000)	Acc@5 100.000 (100.000)
Epoch: [83][100/468]	Time 0.111 (0.115)	Data 0.002 (0.006)	Loss 0.0296 (0.0399)	Acc@1 100.000 (99.381)	Acc@5 100.000 (100.000)
Epoch: [83][200/468]	Time 0.110 (0.113)	Data 0.002 (0.004)	Loss 0.0932 (0.0395)	Acc@1 98.438 (99.401)	Acc@5 100.000 (100.000)
Epoch: [83][300/468]	Time 0.110 (0.112)	Data 0.001 (0.004)	Loss 0.0625 (0.0397)	Acc@1 98.438 (99.408)	Acc@5 100.000 (100.000)
Epoch: [83][400/468]	Time 0.111 (0.112)	Data 0.002 (0.003)	Loss 0.0240 (0.0390)	Acc@1 100.000 (99.435)	Acc@5 100.000 (100.000)
 * Acc@1 99.459 Acc@5 100.000
epoch 83, total time 52.27
Test: [0/94]	Time 0.143 (0.143)	Loss 0.2274 (0.2274)	Acc@1 93.750 (93.750)	Acc@5 96.875 (96.875)
 * Acc@1 78.233 Acc@5 94.000
==> training...
Epoch: [84][0/468]	Time 0.393 (0.393)	Data 0.331 (0.331)	Loss 0.0719 (0.0719)	Acc@1 98.438 (98.438)	Acc@5 100.000 (100.000)
Epoch: [84][100/468]	Time 0.113 (0.114)	Data 0.002 (0.006)	Loss 0.0346 (0.0376)	Acc@1 100.000 (99.489)	Acc@5 100.000 (99.985)
Epoch: [84][200/468]	Time 0.111 (0.113)	Data 0.002 (0.004)	Loss 0.0238 (0.0380)	Acc@1 100.000 (99.518)	Acc@5 100.000 (99.992)
Epoch: [84][300/468]	Time 0.111 (0.112)	Data 0.002 (0.003)	Loss 0.0523 (0.0377)	Acc@1 98.438 (99.496)	Acc@5 100.000 (99.995)
Epoch: [84][400/468]	Time 0.111 (0.112)	Data 0.003 (0.003)	Loss 0.0484 (0.0382)	Acc@1 98.438 (99.462)	Acc@5 100.000 (99.996)
 * Acc@1 99.449 Acc@5 99.997
epoch 84, total time 52.23
Test: [0/94]	Time 0.146 (0.146)	Loss 0.2182 (0.2182)	Acc@1 93.750 (93.750)	Acc@5 96.875 (96.875)
 * Acc@1 78.433 Acc@5 93.967
==> training...
Epoch: [85][0/468]	Time 0.411 (0.411)	Data 0.349 (0.349)	Loss 0.0356 (0.0356)	Acc@1 100.000 (100.000)	Acc@5 100.000 (100.000)
Epoch: [85][100/468]	Time 0.113 (0.115)	Data 0.002 (0.006)	Loss 0.0297 (0.0369)	Acc@1 100.000 (99.567)	Acc@5 100.000 (100.000)
Epoch: [85][200/468]	Time 0.112 (0.113)	Data 0.002 (0.004)	Loss 0.0301 (0.0370)	Acc@1 100.000 (99.510)	Acc@5 100.000 (100.000)
Epoch: [85][300/468]	Time 0.111 (0.113)	Data 0.002 (0.003)	Loss 0.0280 (0.0371)	Acc@1 100.000 (99.543)	Acc@5 100.000 (100.000)
Epoch: [85][400/468]	Time 0.111 (0.112)	Data 0.002 (0.003)	Loss 0.0367 (0.0374)	Acc@1 100.000 (99.521)	Acc@5 100.000 (100.000)
 * Acc@1 99.506 Acc@5 100.000
epoch 85, total time 52.51
Test: [0/94]	Time 0.145 (0.145)	Loss 0.2259 (0.2259)	Acc@1 93.750 (93.750)	Acc@5 96.875 (96.875)
 * Acc@1 78.400 Acc@5 93.900
==> training...
Epoch: [86][0/468]	Time 0.381 (0.381)	Data 0.318 (0.318)	Loss 0.0440 (0.0440)	Acc@1 100.000 (100.000)	Acc@5 100.000 (100.000)
Epoch: [86][100/468]	Time 0.112 (0.114)	Data 0.002 (0.005)	Loss 0.0296 (0.0355)	Acc@1 100.000 (99.536)	Acc@5 100.000 (100.000)
Epoch: [86][200/468]	Time 0.110 (0.112)	Data 0.002 (0.004)	Loss 0.0293 (0.0358)	Acc@1 100.000 (99.518)	Acc@5 100.000 (100.000)
Epoch: [86][300/468]	Time 0.110 (0.112)	Data 0.002 (0.003)	Loss 0.0318 (0.0360)	Acc@1 100.000 (99.543)	Acc@5 100.000 (99.995)
Epoch: [86][400/468]	Time 0.111 (0.111)	Data 0.002 (0.003)	Loss 0.0141 (0.0366)	Acc@1 100.000 (99.540)	Acc@5 100.000 (99.996)
 * Acc@1 99.503 Acc@5 99.997
epoch 86, total time 52.17
Test: [0/94]	Time 0.145 (0.145)	Loss 0.2091 (0.2091)	Acc@1 96.875 (96.875)	Acc@5 96.875 (96.875)
 * Acc@1 78.200 Acc@5 93.700
==> training...
Epoch: [87][0/468]	Time 0.410 (0.410)	Data 0.349 (0.349)	Loss 0.0388 (0.0388)	Acc@1 100.000 (100.000)	Acc@5 100.000 (100.000)
Epoch: [87][100/468]	Time 0.111 (0.114)	Data 0.002 (0.006)	Loss 0.0454 (0.0371)	Acc@1 98.438 (99.459)	Acc@5 100.000 (100.000)
Epoch: [87][200/468]	Time 0.112 (0.112)	Data 0.002 (0.004)	Loss 0.0207 (0.0374)	Acc@1 100.000 (99.487)	Acc@5 100.000 (100.000)
Epoch: [87][300/468]	Time 0.111 (0.112)	Data 0.002 (0.003)	Loss 0.0421 (0.0367)	Acc@1 98.438 (99.471)	Acc@5 100.000 (99.995)
Epoch: [87][400/468]	Time 0.112 (0.112)	Data 0.002 (0.003)	Loss 0.0190 (0.0367)	Acc@1 100.000 (99.482)	Acc@5 100.000 (99.996)
 * Acc@1 99.503 Acc@5 99.997
epoch 87, total time 52.33
Test: [0/94]	Time 0.160 (0.160)	Loss 0.2230 (0.2230)	Acc@1 93.750 (93.750)	Acc@5 96.875 (96.875)
 * Acc@1 78.400 Acc@5 94.133
==> training...
Epoch: [88][0/468]	Time 0.395 (0.395)	Data 0.334 (0.334)	Loss 0.0407 (0.0407)	Acc@1 98.438 (98.438)	Acc@5 100.000 (100.000)
Epoch: [88][100/468]	Time 0.110 (0.114)	Data 0.001 (0.005)	Loss 0.0174 (0.0352)	Acc@1 100.000 (99.489)	Acc@5 100.000 (100.000)
Epoch: [88][200/468]	Time 0.111 (0.112)	Data 0.002 (0.004)	Loss 0.0171 (0.0356)	Acc@1 100.000 (99.440)	Acc@5 100.000 (100.000)
Epoch: [88][300/468]	Time 0.110 (0.112)	Data 0.002 (0.003)	Loss 0.0809 (0.0365)	Acc@1 98.438 (99.434)	Acc@5 100.000 (100.000)
Epoch: [88][400/468]	Time 0.110 (0.111)	Data 0.002 (0.003)	Loss 0.0321 (0.0356)	Acc@1 100.000 (99.482)	Acc@5 100.000 (100.000)
 * Acc@1 99.479 Acc@5 100.000
epoch 88, total time 52.20
Test: [0/94]	Time 0.159 (0.159)	Loss 0.2228 (0.2228)	Acc@1 96.875 (96.875)	Acc@5 96.875 (96.875)
 * Acc@1 78.367 Acc@5 94.067
==> training...
Epoch: [89][0/468]	Time 0.394 (0.394)	Data 0.333 (0.333)	Loss 0.0193 (0.0193)	Acc@1 100.000 (100.000)	Acc@5 100.000 (100.000)
Epoch: [89][100/468]	Time 0.112 (0.114)	Data 0.001 (0.006)	Loss 0.0406 (0.0333)	Acc@1 98.438 (99.660)	Acc@5 100.000 (100.000)
Epoch: [89][200/468]	Time 0.111 (0.113)	Data 0.002 (0.004)	Loss 0.0578 (0.0346)	Acc@1 100.000 (99.565)	Acc@5 100.000 (99.992)
Epoch: [89][300/468]	Time 0.111 (0.112)	Data 0.002 (0.003)	Loss 0.0444 (0.0350)	Acc@1 98.438 (99.554)	Acc@5 100.000 (99.995)
Epoch: [89][400/468]	Time 0.111 (0.112)	Data 0.002 (0.003)	Loss 0.0306 (0.0342)	Acc@1 98.438 (99.567)	Acc@5 100.000 (99.996)
 * Acc@1 99.566 Acc@5 99.997
epoch 89, total time 52.24
Test: [0/94]	Time 0.147 (0.147)	Loss 0.2161 (0.2161)	Acc@1 96.875 (96.875)	Acc@5 96.875 (96.875)
 * Acc@1 78.133 Acc@5 93.967
==> training...
Epoch: [90][0/468]	Time 0.404 (0.404)	Data 0.338 (0.338)	Loss 0.0350 (0.0350)	Acc@1 100.000 (100.000)	Acc@5 100.000 (100.000)
Epoch: [90][100/468]	Time 0.110 (0.114)	Data 0.001 (0.006)	Loss 0.0182 (0.0379)	Acc@1 100.000 (99.474)	Acc@5 100.000 (100.000)
Epoch: [90][200/468]	Time 0.110 (0.112)	Data 0.002 (0.004)	Loss 0.0131 (0.0350)	Acc@1 100.000 (99.541)	Acc@5 100.000 (100.000)
Epoch: [90][300/468]	Time 0.111 (0.112)	Data 0.002 (0.003)	Loss 0.0311 (0.0352)	Acc@1 100.000 (99.528)	Acc@5 100.000 (100.000)
Epoch: [90][400/468]	Time 0.110 (0.111)	Data 0.002 (0.003)	Loss 0.0293 (0.0350)	Acc@1 98.438 (99.517)	Acc@5 100.000 (100.000)
 * Acc@1 99.536 Acc@5 100.000
epoch 90, total time 52.21
Test: [0/94]	Time 0.151 (0.151)	Loss 0.2166 (0.2166)	Acc@1 96.875 (96.875)	Acc@5 96.875 (96.875)
 * Acc@1 78.067 Acc@5 93.933
==> training...
Epoch: [91][0/468]	Time 0.407 (0.407)	Data 0.347 (0.347)	Loss 0.0169 (0.0169)	Acc@1 100.000 (100.000)	Acc@5 100.000 (100.000)
Epoch: [91][100/468]	Time 0.110 (0.114)	Data 0.002 (0.006)	Loss 0.0175 (0.0313)	Acc@1 100.000 (99.706)	Acc@5 100.000 (100.000)
Epoch: [91][200/468]	Time 0.111 (0.113)	Data 0.002 (0.004)	Loss 0.0240 (0.0323)	Acc@1 100.000 (99.674)	Acc@5 100.000 (100.000)
Epoch: [91][300/468]	Time 0.111 (0.112)	Data 0.002 (0.003)	Loss 0.0252 (0.0327)	Acc@1 100.000 (99.642)	Acc@5 100.000 (100.000)
Epoch: [91][400/468]	Time 0.111 (0.112)	Data 0.002 (0.003)	Loss 0.0177 (0.0328)	Acc@1 100.000 (99.622)	Acc@5 100.000 (100.000)
 * Acc@1 99.619 Acc@5 100.000
epoch 91, total time 52.38
Test: [0/94]	Time 0.147 (0.147)	Loss 0.2105 (0.2105)	Acc@1 93.750 (93.750)	Acc@5 96.875 (96.875)
 * Acc@1 78.200 Acc@5 94.033
==> training...
Epoch: [92][0/468]	Time 0.399 (0.399)	Data 0.339 (0.339)	Loss 0.0222 (0.0222)	Acc@1 100.000 (100.000)	Acc@5 100.000 (100.000)
Epoch: [92][100/468]	Time 0.110 (0.114)	Data 0.001 (0.006)	Loss 0.0346 (0.0311)	Acc@1 100.000 (99.737)	Acc@5 100.000 (100.000)
Epoch: [92][200/468]	Time 0.111 (0.112)	Data 0.002 (0.004)	Loss 0.0293 (0.0314)	Acc@1 100.000 (99.697)	Acc@5 100.000 (100.000)
Epoch: [92][300/468]	Time 0.111 (0.112)	Data 0.002 (0.003)	Loss 0.0327 (0.0315)	Acc@1 100.000 (99.689)	Acc@5 100.000 (100.000)
Epoch: [92][400/468]	Time 0.111 (0.112)	Data 0.002 (0.003)	Loss 0.0893 (0.0318)	Acc@1 100.000 (99.669)	Acc@5 100.000 (100.000)
 * Acc@1 99.663 Acc@5 100.000
epoch 92, total time 52.28
Test: [0/94]	Time 0.146 (0.146)	Loss 0.2114 (0.2114)	Acc@1 96.875 (96.875)	Acc@5 96.875 (96.875)
 * Acc@1 78.433 Acc@5 93.867
==> training...
Epoch: [93][0/468]	Time 0.400 (0.400)	Data 0.340 (0.340)	Loss 0.0575 (0.0575)	Acc@1 100.000 (100.000)	Acc@5 100.000 (100.000)
Epoch: [93][100/468]	Time 0.112 (0.115)	Data 0.001 (0.006)	Loss 0.0248 (0.0323)	Acc@1 100.000 (99.613)	Acc@5 100.000 (100.000)
Epoch: [93][200/468]	Time 0.111 (0.113)	Data 0.002 (0.004)	Loss 0.0336 (0.0340)	Acc@1 100.000 (99.518)	Acc@5 100.000 (100.000)
Epoch: [93][300/468]	Time 0.110 (0.112)	Data 0.002 (0.004)	Loss 0.0574 (0.0344)	Acc@1 98.438 (99.543)	Acc@5 100.000 (99.995)
Epoch: [93][400/468]	Time 0.111 (0.112)	Data 0.002 (0.003)	Loss 0.0158 (0.0342)	Acc@1 100.000 (99.552)	Acc@5 100.000 (99.996)
 * Acc@1 99.556 Acc@5 99.997
epoch 93, total time 52.50
Test: [0/94]	Time 0.146 (0.146)	Loss 0.2172 (0.2172)	Acc@1 93.750 (93.750)	Acc@5 96.875 (96.875)
 * Acc@1 78.400 Acc@5 93.967
==> training...
Epoch: [94][0/468]	Time 0.402 (0.402)	Data 0.341 (0.341)	Loss 0.0116 (0.0116)	Acc@1 100.000 (100.000)	Acc@5 100.000 (100.000)
Epoch: [94][100/468]	Time 0.111 (0.114)	Data 0.002 (0.006)	Loss 0.0343 (0.0345)	Acc@1 100.000 (99.520)	Acc@5 100.000 (99.985)
Epoch: [94][200/468]	Time 0.111 (0.112)	Data 0.002 (0.004)	Loss 0.0306 (0.0348)	Acc@1 100.000 (99.487)	Acc@5 100.000 (99.984)
Epoch: [94][300/468]	Time 0.112 (0.112)	Data 0.002 (0.003)	Loss 0.0446 (0.0344)	Acc@1 98.438 (99.548)	Acc@5 100.000 (99.990)
Epoch: [94][400/468]	Time 0.111 (0.112)	Data 0.002 (0.003)	Loss 0.0481 (0.0346)	Acc@1 98.438 (99.536)	Acc@5 100.000 (99.988)
 * Acc@1 99.566 Acc@5 99.990
epoch 94, total time 52.31
Test: [0/94]	Time 0.149 (0.149)	Loss 0.2119 (0.2119)	Acc@1 96.875 (96.875)	Acc@5 96.875 (96.875)
 * Acc@1 78.167 Acc@5 93.833
==> training...
Epoch: [95][0/468]	Time 0.426 (0.426)	Data 0.365 (0.365)	Loss 0.0627 (0.0627)	Acc@1 98.438 (98.438)	Acc@5 100.000 (100.000)
Epoch: [95][100/468]	Time 0.112 (0.115)	Data 0.002 (0.007)	Loss 0.0214 (0.0344)	Acc@1 100.000 (99.489)	Acc@5 100.000 (99.985)
Epoch: [95][200/468]	Time 0.111 (0.113)	Data 0.002 (0.004)	Loss 0.0321 (0.0337)	Acc@1 100.000 (99.580)	Acc@5 100.000 (99.992)
Epoch: [95][300/468]	Time 0.111 (0.112)	Data 0.002 (0.004)	Loss 0.0351 (0.0337)	Acc@1 100.000 (99.554)	Acc@5 100.000 (99.995)
Epoch: [95][400/468]	Time 0.111 (0.112)	Data 0.002 (0.003)	Loss 0.0375 (0.0336)	Acc@1 100.000 (99.556)	Acc@5 100.000 (99.992)
 * Acc@1 99.586 Acc@5 99.993
epoch 95, total time 52.40
Test: [0/94]	Time 0.145 (0.145)	Loss 0.2097 (0.2097)	Acc@1 96.875 (96.875)	Acc@5 96.875 (96.875)
 * Acc@1 78.700 Acc@5 94.100
==> training...
Epoch: [96][0/468]	Time 0.422 (0.422)	Data 0.362 (0.362)	Loss 0.0186 (0.0186)	Acc@1 100.000 (100.000)	Acc@5 100.000 (100.000)
Epoch: [96][100/468]	Time 0.111 (0.114)	Data 0.002 (0.006)	Loss 0.0287 (0.0332)	Acc@1 100.000 (99.505)	Acc@5 100.000 (100.000)
Epoch: [96][200/468]	Time 0.111 (0.113)	Data 0.002 (0.004)	Loss 0.0474 (0.0329)	Acc@1 98.438 (99.588)	Acc@5 100.000 (100.000)
Epoch: [96][300/468]	Time 0.111 (0.112)	Data 0.002 (0.004)	Loss 0.0177 (0.0333)	Acc@1 100.000 (99.554)	Acc@5 100.000 (100.000)
Epoch: [96][400/468]	Time 0.111 (0.112)	Data 0.002 (0.003)	Loss 0.0551 (0.0335)	Acc@1 98.438 (99.532)	Acc@5 100.000 (100.000)
 * Acc@1 99.526 Acc@5 100.000
epoch 96, total time 52.25
Test: [0/94]	Time 0.158 (0.158)	Loss 0.2127 (0.2127)	Acc@1 93.750 (93.750)	Acc@5 96.875 (96.875)
 * Acc@1 78.267 Acc@5 94.067
==> training...
Epoch: [97][0/468]	Time 0.401 (0.401)	Data 0.340 (0.340)	Loss 0.0153 (0.0153)	Acc@1 100.000 (100.000)	Acc@5 100.000 (100.000)
Epoch: [97][100/468]	Time 0.111 (0.115)	Data 0.002 (0.006)	Loss 0.0348 (0.0320)	Acc@1 100.000 (99.629)	Acc@5 100.000 (99.985)
Epoch: [97][200/468]	Time 0.110 (0.113)	Data 0.002 (0.004)	Loss 0.0161 (0.0325)	Acc@1 100.000 (99.627)	Acc@5 100.000 (99.992)
Epoch: [97][300/468]	Time 0.110 (0.112)	Data 0.002 (0.003)	Loss 0.0188 (0.0332)	Acc@1 100.000 (99.595)	Acc@5 100.000 (99.995)
Epoch: [97][400/468]	Time 0.110 (0.112)	Data 0.002 (0.003)	Loss 0.0135 (0.0334)	Acc@1 100.000 (99.591)	Acc@5 100.000 (99.996)
 * Acc@1 99.576 Acc@5 99.997
epoch 97, total time 52.39
Test: [0/94]	Time 0.149 (0.149)	Loss 0.2332 (0.2332)	Acc@1 93.750 (93.750)	Acc@5 96.875 (96.875)
 * Acc@1 78.533 Acc@5 93.967
==> training...
Epoch: [98][0/468]	Time 0.392 (0.392)	Data 0.330 (0.330)	Loss 0.0177 (0.0177)	Acc@1 100.000 (100.000)	Acc@5 100.000 (100.000)
Epoch: [98][100/468]	Time 0.111 (0.114)	Data 0.002 (0.006)	Loss 0.0385 (0.0330)	Acc@1 100.000 (99.660)	Acc@5 100.000 (99.985)
Epoch: [98][200/468]	Time 0.110 (0.113)	Data 0.002 (0.004)	Loss 0.0267 (0.0322)	Acc@1 100.000 (99.674)	Acc@5 100.000 (99.992)
Epoch: [98][300/468]	Time 0.109 (0.112)	Data 0.002 (0.003)	Loss 0.0779 (0.0323)	Acc@1 98.438 (99.663)	Acc@5 100.000 (99.995)
Epoch: [98][400/468]	Time 0.111 (0.112)	Data 0.002 (0.003)	Loss 0.0333 (0.0328)	Acc@1 100.000 (99.630)	Acc@5 100.000 (99.996)
 * Acc@1 99.639 Acc@5 99.997
epoch 98, total time 52.26
Test: [0/94]	Time 0.151 (0.151)	Loss 0.2390 (0.2390)	Acc@1 93.750 (93.750)	Acc@5 96.875 (96.875)
 * Acc@1 78.667 Acc@5 94.033
==> training...
Epoch: [99][0/468]	Time 0.402 (0.402)	Data 0.341 (0.341)	Loss 0.0607 (0.0607)	Acc@1 98.438 (98.438)	Acc@5 100.000 (100.000)
Epoch: [99][100/468]	Time 0.112 (0.114)	Data 0.002 (0.006)	Loss 0.0456 (0.0308)	Acc@1 98.438 (99.660)	Acc@5 100.000 (100.000)
Epoch: [99][200/468]	Time 0.110 (0.113)	Data 0.002 (0.004)	Loss 0.0373 (0.0315)	Acc@1 100.000 (99.619)	Acc@5 100.000 (100.000)
Epoch: [99][300/468]	Time 0.110 (0.112)	Data 0.002 (0.003)	Loss 0.0141 (0.0326)	Acc@1 100.000 (99.600)	Acc@5 100.000 (100.000)
Epoch: [99][400/468]	Time 0.110 (0.112)	Data 0.002 (0.003)	Loss 0.0189 (0.0325)	Acc@1 100.000 (99.603)	Acc@5 100.000 (100.000)
 * Acc@1 99.616 Acc@5 100.000
epoch 99, total time 52.21
Test: [0/94]	Time 0.146 (0.146)	Loss 0.2225 (0.2225)	Acc@1 93.750 (93.750)	Acc@5 96.875 (96.875)
 * Acc@1 78.300 Acc@5 94.167
==> training...
Epoch: [100][0/468]	Time 0.380 (0.380)	Data 0.320 (0.320)	Loss 0.0277 (0.0277)	Acc@1 100.000 (100.000)	Acc@5 100.000 (100.000)
Epoch: [100][100/468]	Time 0.112 (0.115)	Data 0.002 (0.006)	Loss 0.0272 (0.0320)	Acc@1 100.000 (99.598)	Acc@5 100.000 (100.000)
Epoch: [100][200/468]	Time 0.111 (0.113)	Data 0.002 (0.004)	Loss 0.0262 (0.0330)	Acc@1 100.000 (99.580)	Acc@5 100.000 (100.000)
Epoch: [100][300/468]	Time 0.111 (0.113)	Data 0.002 (0.004)	Loss 0.0272 (0.0320)	Acc@1 100.000 (99.605)	Acc@5 100.000 (100.000)
Epoch: [100][400/468]	Time 0.111 (0.112)	Data 0.002 (0.003)	Loss 0.0165 (0.0320)	Acc@1 100.000 (99.587)	Acc@5 100.000 (100.000)
 * Acc@1 99.606 Acc@5 100.000
epoch 100, total time 52.45
Test: [0/94]	Time 0.150 (0.150)	Loss 0.2329 (0.2329)	Acc@1 93.750 (93.750)	Acc@5 96.875 (96.875)
 * Acc@1 78.333 Acc@5 94.000
==> Saving...
