Device count:  1
************* Training arguments *************
eval_freq 10
print_freq 100
tb_freq 500
save_freq 100
batch_size 64
num_workers 8
epochs 100
learning_rate 0.05
lr_decay_epochs [60, 80]
lr_decay_rate 0.1
weight_decay 0.0005
momentum 0.9
adam False
eval_only False
model resnet18
dataset miniImageNet
transform A
use_trainval False
cosine False
reload_path 
model_path /home/gridsan/akyurek/git/rfs-incremental/dumped/backbones/continual/resnet18/6
tb_path tb
data_root /home/gridsan/akyurek/git/rfs-incremental/data/miniImageNet
n_test_runs 600
n_ways 5
n_shots 1
n_queries 15
n_aug_support_samples 5
test_batch_size 1
use_episodes False
classifier linear
trial pretrain
continual True
no_dropblock True
set_seed 6
no_linear_bias True
augment_pretrain_wtrainb False
eval_mode None
label_pull None
data_aug True
linear_bias False
model_name miniImageNet_resnet18_classifier_linear
tb_folder tb/miniImageNet_resnet18_classifier_linear
save_folder /home/gridsan/akyurek/git/rfs-incremental/dumped/backbones/continual/resnet18/6
n_gpu 1
git_head_hash ae23b3b
End of arguments.

==> training...
Epoch: [1][0/468]	Time 1.897 (1.897)	Data 0.964 (0.964)	Loss 4.7194 (4.7194)	Acc@1 1.562 (1.562)	Acc@5 7.812 (7.812)
Epoch: [1][100/468]	Time 0.108 (0.126)	Data 0.002 (0.011)	Loss 4.0466 (4.9104)	Acc@1 3.125 (3.048)	Acc@5 14.062 (12.067)
Epoch: [1][200/468]	Time 0.108 (0.117)	Data 0.002 (0.007)	Loss 3.7497 (4.4287)	Acc@1 7.812 (4.089)	Acc@5 29.688 (15.135)
Epoch: [1][300/468]	Time 0.108 (0.114)	Data 0.002 (0.005)	Loss 3.7360 (4.2138)	Acc@1 7.812 (5.383)	Acc@5 28.125 (18.734)
Epoch: [1][400/468]	Time 0.108 (0.113)	Data 0.002 (0.005)	Loss 3.5470 (4.0730)	Acc@1 10.938 (6.558)	Acc@5 32.812 (21.856)
 * Acc@1 7.342 Acc@5 23.811
epoch 1, total time 52.52
Test: [0/94]	Time 0.343 (0.343)	Loss 3.3436 (3.3436)	Acc@1 15.625 (15.625)	Acc@5 43.750 (43.750)
 * Acc@1 13.667 Acc@5 40.300
==> training...
Epoch: [2][0/468]	Time 0.411 (0.411)	Data 0.355 (0.355)	Loss 3.7347 (3.7347)	Acc@1 10.938 (10.938)	Acc@5 21.875 (21.875)
Epoch: [2][100/468]	Time 0.108 (0.112)	Data 0.002 (0.006)	Loss 3.1345 (3.4356)	Acc@1 17.188 (13.335)	Acc@5 46.875 (39.681)
Epoch: [2][200/468]	Time 0.109 (0.110)	Data 0.002 (0.004)	Loss 3.3198 (3.3872)	Acc@1 18.750 (14.785)	Acc@5 39.062 (40.796)
Epoch: [2][300/468]	Time 0.109 (0.110)	Data 0.002 (0.004)	Loss 3.0712 (3.3542)	Acc@1 20.312 (15.407)	Acc@5 45.312 (42.120)
Epoch: [2][400/468]	Time 0.109 (0.109)	Data 0.002 (0.003)	Loss 2.8884 (3.3191)	Acc@1 23.438 (16.143)	Acc@5 54.688 (43.181)
 * Acc@1 16.820 Acc@5 43.940
epoch 2, total time 51.21
Test: [0/94]	Time 0.152 (0.152)	Loss 3.2243 (3.2243)	Acc@1 18.750 (18.750)	Acc@5 37.500 (37.500)
 * Acc@1 21.633 Acc@5 50.867
==> training...
Epoch: [3][0/468]	Time 0.407 (0.407)	Data 0.353 (0.353)	Loss 2.9932 (2.9932)	Acc@1 21.875 (21.875)	Acc@5 53.125 (53.125)
Epoch: [3][100/468]	Time 0.109 (0.112)	Data 0.002 (0.006)	Loss 2.9880 (3.1279)	Acc@1 23.438 (19.431)	Acc@5 50.000 (49.288)
Epoch: [3][200/468]	Time 0.109 (0.110)	Data 0.002 (0.004)	Loss 3.1621 (3.0859)	Acc@1 18.750 (20.250)	Acc@5 45.312 (50.599)
Epoch: [3][300/468]	Time 0.108 (0.109)	Data 0.002 (0.004)	Loss 2.8496 (3.0535)	Acc@1 20.312 (21.159)	Acc@5 59.375 (51.386)
Epoch: [3][400/468]	Time 0.108 (0.109)	Data 0.002 (0.003)	Loss 3.1427 (3.0203)	Acc@1 25.000 (22.144)	Acc@5 50.000 (52.369)
 * Acc@1 22.630 Acc@5 52.885
epoch 3, total time 51.10
Test: [0/94]	Time 0.152 (0.152)	Loss 3.0133 (3.0133)	Acc@1 21.875 (21.875)	Acc@5 43.750 (43.750)
 * Acc@1 26.100 Acc@5 55.867
==> training...
Epoch: [4][0/468]	Time 0.407 (0.407)	Data 0.352 (0.352)	Loss 2.8311 (2.8311)	Acc@1 20.312 (20.312)	Acc@5 65.625 (65.625)
Epoch: [4][100/468]	Time 0.108 (0.112)	Data 0.002 (0.006)	Loss 2.7472 (2.8045)	Acc@1 28.125 (26.609)	Acc@5 71.875 (58.246)
Epoch: [4][200/468]	Time 0.108 (0.110)	Data 0.002 (0.004)	Loss 2.9928 (2.8156)	Acc@1 18.750 (26.741)	Acc@5 53.125 (58.069)
Epoch: [4][300/468]	Time 0.109 (0.110)	Data 0.002 (0.004)	Loss 2.8216 (2.7935)	Acc@1 29.688 (27.175)	Acc@5 53.125 (58.705)
Epoch: [4][400/468]	Time 0.109 (0.110)	Data 0.002 (0.003)	Loss 2.8599 (2.7668)	Acc@1 21.875 (27.965)	Acc@5 57.812 (59.441)
 * Acc@1 27.981 Acc@5 59.655
epoch 4, total time 51.28
Test: [0/94]	Time 0.159 (0.159)	Loss 2.5511 (2.5511)	Acc@1 37.500 (37.500)	Acc@5 59.375 (59.375)
 * Acc@1 33.867 Acc@5 64.767
==> training...
Epoch: [5][0/468]	Time 0.439 (0.439)	Data 0.381 (0.381)	Loss 2.7809 (2.7809)	Acc@1 26.562 (26.562)	Acc@5 59.375 (59.375)
Epoch: [5][100/468]	Time 0.109 (0.113)	Data 0.002 (0.006)	Loss 2.5703 (2.5954)	Acc@1 31.250 (31.745)	Acc@5 60.938 (63.057)
Epoch: [5][200/468]	Time 0.108 (0.111)	Data 0.002 (0.004)	Loss 2.6380 (2.5764)	Acc@1 29.688 (32.323)	Acc@5 57.812 (63.775)
Epoch: [5][300/468]	Time 0.109 (0.110)	Data 0.002 (0.004)	Loss 2.6053 (2.5543)	Acc@1 32.812 (32.719)	Acc@5 59.375 (64.255)
Epoch: [5][400/468]	Time 0.109 (0.110)	Data 0.002 (0.003)	Loss 2.5717 (2.5342)	Acc@1 34.375 (32.875)	Acc@5 68.750 (64.725)
 * Acc@1 33.393 Acc@5 65.181
epoch 5, total time 51.37
Test: [0/94]	Time 0.155 (0.155)	Loss 2.0210 (2.0210)	Acc@1 46.875 (46.875)	Acc@5 65.625 (65.625)
 * Acc@1 37.233 Acc@5 71.000
==> training...
Epoch: [6][0/468]	Time 0.419 (0.419)	Data 0.365 (0.365)	Loss 2.1804 (2.1804)	Acc@1 50.000 (50.000)	Acc@5 71.875 (71.875)
Epoch: [6][100/468]	Time 0.109 (0.112)	Data 0.001 (0.006)	Loss 2.5850 (2.3280)	Acc@1 37.500 (38.274)	Acc@5 62.500 (70.111)
Epoch: [6][200/468]	Time 0.108 (0.110)	Data 0.002 (0.004)	Loss 2.2982 (2.3320)	Acc@1 42.188 (37.648)	Acc@5 76.562 (69.978)
Epoch: [6][300/468]	Time 0.108 (0.110)	Data 0.002 (0.003)	Loss 2.0588 (2.3132)	Acc@1 43.750 (37.869)	Acc@5 71.875 (70.458)
Epoch: [6][400/468]	Time 0.110 (0.109)	Data 0.002 (0.003)	Loss 2.3628 (2.3036)	Acc@1 39.062 (38.108)	Acc@5 71.875 (70.757)
 * Acc@1 38.415 Acc@5 71.070
epoch 6, total time 51.18
Test: [0/94]	Time 0.150 (0.150)	Loss 1.9545 (1.9545)	Acc@1 50.000 (50.000)	Acc@5 81.250 (81.250)
 * Acc@1 41.467 Acc@5 71.233
==> training...
Epoch: [7][0/468]	Time 0.430 (0.430)	Data 0.375 (0.375)	Loss 2.4364 (2.4364)	Acc@1 35.938 (35.938)	Acc@5 67.188 (67.188)
Epoch: [7][100/468]	Time 0.109 (0.112)	Data 0.002 (0.006)	Loss 1.9654 (2.1410)	Acc@1 50.000 (41.584)	Acc@5 75.000 (74.257)
Epoch: [7][200/468]	Time 0.109 (0.111)	Data 0.002 (0.004)	Loss 2.4939 (2.1444)	Acc@1 32.812 (41.628)	Acc@5 67.188 (74.005)
Epoch: [7][300/468]	Time 0.109 (0.110)	Data 0.002 (0.004)	Loss 2.2976 (2.1290)	Acc@1 37.500 (42.063)	Acc@5 76.562 (74.502)
Epoch: [7][400/468]	Time 0.109 (0.110)	Data 0.002 (0.003)	Loss 2.3276 (2.1143)	Acc@1 43.750 (42.530)	Acc@5 70.312 (74.696)
 * Acc@1 42.612 Acc@5 74.856
epoch 7, total time 51.26
Test: [0/94]	Time 0.160 (0.160)	Loss 2.3801 (2.3801)	Acc@1 43.750 (43.750)	Acc@5 62.500 (62.500)
 * Acc@1 43.467 Acc@5 75.667
==> training...
Epoch: [8][0/468]	Time 0.424 (0.424)	Data 0.363 (0.363)	Loss 2.3117 (2.3117)	Acc@1 35.938 (35.938)	Acc@5 67.188 (67.188)
Epoch: [8][100/468]	Time 0.109 (0.112)	Data 0.002 (0.006)	Loss 2.1180 (1.9961)	Acc@1 45.312 (45.637)	Acc@5 70.312 (76.949)
Epoch: [8][200/468]	Time 0.109 (0.110)	Data 0.002 (0.004)	Loss 2.1865 (1.9739)	Acc@1 45.312 (46.074)	Acc@5 68.750 (77.348)
Epoch: [8][300/468]	Time 0.109 (0.110)	Data 0.002 (0.003)	Loss 1.9663 (1.9662)	Acc@1 45.312 (46.086)	Acc@5 73.438 (77.611)
Epoch: [8][400/468]	Time 0.108 (0.110)	Data 0.002 (0.003)	Loss 1.9529 (1.9615)	Acc@1 45.312 (46.216)	Acc@5 73.438 (77.794)
 * Acc@1 46.454 Acc@5 77.865
epoch 8, total time 51.26
Test: [0/94]	Time 0.155 (0.155)	Loss 1.9737 (1.9737)	Acc@1 53.125 (53.125)	Acc@5 68.750 (68.750)
 * Acc@1 47.767 Acc@5 78.600
==> training...
Epoch: [9][0/468]	Time 0.406 (0.406)	Data 0.350 (0.350)	Loss 1.9222 (1.9222)	Acc@1 50.000 (50.000)	Acc@5 76.562 (76.562)
Epoch: [9][100/468]	Time 0.109 (0.112)	Data 0.002 (0.006)	Loss 1.3468 (1.8340)	Acc@1 51.562 (48.994)	Acc@5 92.188 (80.569)
Epoch: [9][200/468]	Time 0.109 (0.110)	Data 0.002 (0.004)	Loss 1.9612 (1.8167)	Acc@1 45.312 (49.596)	Acc@5 79.688 (80.675)
Epoch: [9][300/468]	Time 0.109 (0.110)	Data 0.002 (0.003)	Loss 1.8757 (1.8291)	Acc@1 43.750 (49.299)	Acc@5 75.000 (80.419)
Epoch: [9][400/468]	Time 0.109 (0.110)	Data 0.002 (0.003)	Loss 1.6909 (1.8262)	Acc@1 51.562 (49.564)	Acc@5 85.938 (80.475)
 * Acc@1 49.519 Acc@5 80.395
epoch 9, total time 51.31
Test: [0/94]	Time 0.157 (0.157)	Loss 1.7295 (1.7295)	Acc@1 50.000 (50.000)	Acc@5 84.375 (84.375)
 * Acc@1 49.700 Acc@5 80.067
==> training...
Epoch: [10][0/468]	Time 0.400 (0.400)	Data 0.344 (0.344)	Loss 1.7628 (1.7628)	Acc@1 48.438 (48.438)	Acc@5 82.812 (82.812)
Epoch: [10][100/468]	Time 0.109 (0.112)	Data 0.002 (0.006)	Loss 1.9075 (1.7023)	Acc@1 48.438 (52.290)	Acc@5 76.562 (82.364)
Epoch: [10][200/468]	Time 0.109 (0.110)	Data 0.002 (0.004)	Loss 1.5004 (1.7244)	Acc@1 50.000 (51.702)	Acc@5 92.188 (81.911)
Epoch: [10][300/468]	Time 0.109 (0.110)	Data 0.002 (0.004)	Loss 1.9078 (1.7168)	Acc@1 45.312 (52.019)	Acc@5 78.125 (82.299)
Epoch: [10][400/468]	Time 0.109 (0.110)	Data 0.002 (0.003)	Loss 1.6021 (1.7039)	Acc@1 56.250 (52.373)	Acc@5 87.500 (82.532)
 * Acc@1 52.678 Acc@5 82.469
epoch 10, total time 51.30
Test: [0/94]	Time 0.159 (0.159)	Loss 1.6946 (1.6946)	Acc@1 53.125 (53.125)	Acc@5 81.250 (81.250)
 * Acc@1 51.833 Acc@5 80.533
==> training...
Epoch: [11][0/468]	Time 0.393 (0.393)	Data 0.338 (0.338)	Loss 2.1088 (2.1088)	Acc@1 43.750 (43.750)	Acc@5 73.438 (73.438)
Epoch: [11][100/468]	Time 0.109 (0.113)	Data 0.002 (0.006)	Loss 1.3369 (1.6047)	Acc@1 59.375 (55.136)	Acc@5 89.062 (84.530)
Epoch: [11][200/468]	Time 0.108 (0.111)	Data 0.002 (0.004)	Loss 1.7760 (1.6216)	Acc@1 57.812 (54.866)	Acc@5 81.250 (83.986)
Epoch: [11][300/468]	Time 0.109 (0.110)	Data 0.002 (0.004)	Loss 1.5501 (1.6137)	Acc@1 59.375 (54.978)	Acc@5 84.375 (84.126)
Epoch: [11][400/468]	Time 0.108 (0.110)	Data 0.002 (0.003)	Loss 1.8128 (1.6102)	Acc@1 45.312 (54.933)	Acc@5 71.875 (84.055)
 * Acc@1 54.821 Acc@5 84.061
epoch 11, total time 51.27
Test: [0/94]	Time 0.154 (0.154)	Loss 1.5517 (1.5517)	Acc@1 62.500 (62.500)	Acc@5 81.250 (81.250)
 * Acc@1 55.500 Acc@5 83.600
==> training...
Epoch: [12][0/468]	Time 0.408 (0.408)	Data 0.354 (0.354)	Loss 1.5783 (1.5783)	Acc@1 57.812 (57.812)	Acc@5 79.688 (79.688)
Epoch: [12][100/468]	Time 0.108 (0.112)	Data 0.002 (0.006)	Loss 1.2791 (1.5135)	Acc@1 64.062 (58.308)	Acc@5 92.188 (85.736)
Epoch: [12][200/468]	Time 0.109 (0.110)	Data 0.002 (0.004)	Loss 1.8696 (1.5182)	Acc@1 46.875 (57.688)	Acc@5 82.812 (85.564)
Epoch: [12][300/468]	Time 0.108 (0.110)	Data 0.002 (0.003)	Loss 1.4025 (1.5204)	Acc@1 59.375 (57.563)	Acc@5 90.625 (85.465)
Epoch: [12][400/468]	Time 0.108 (0.109)	Data 0.002 (0.003)	Loss 1.3806 (1.5309)	Acc@1 62.500 (57.185)	Acc@5 90.625 (85.353)
 * Acc@1 57.105 Acc@5 85.490
epoch 12, total time 51.18
Test: [0/94]	Time 0.159 (0.159)	Loss 1.7066 (1.7066)	Acc@1 59.375 (59.375)	Acc@5 81.250 (81.250)
 * Acc@1 56.767 Acc@5 84.400
==> training...
Epoch: [13][0/468]	Time 0.421 (0.421)	Data 0.365 (0.365)	Loss 1.1838 (1.1838)	Acc@1 65.625 (65.625)	Acc@5 89.062 (89.062)
Epoch: [13][100/468]	Time 0.108 (0.112)	Data 0.002 (0.006)	Loss 1.3098 (1.4659)	Acc@1 64.062 (58.942)	Acc@5 87.500 (86.433)
Epoch: [13][200/468]	Time 0.109 (0.110)	Data 0.002 (0.004)	Loss 1.3145 (1.4468)	Acc@1 65.625 (59.352)	Acc@5 90.625 (86.676)
Epoch: [13][300/468]	Time 0.109 (0.110)	Data 0.002 (0.004)	Loss 1.5666 (1.4578)	Acc@1 57.812 (58.955)	Acc@5 79.688 (86.586)
Epoch: [13][400/468]	Time 0.109 (0.110)	Data 0.002 (0.003)	Loss 1.3530 (1.4601)	Acc@1 70.312 (58.837)	Acc@5 87.500 (86.479)
 * Acc@1 58.981 Acc@5 86.505
epoch 13, total time 51.33
Test: [0/94]	Time 0.161 (0.161)	Loss 1.6591 (1.6591)	Acc@1 59.375 (59.375)	Acc@5 81.250 (81.250)
 * Acc@1 55.633 Acc@5 84.967
==> training...
Epoch: [14][0/468]	Time 0.418 (0.418)	Data 0.361 (0.361)	Loss 1.1749 (1.1749)	Acc@1 68.750 (68.750)	Acc@5 90.625 (90.625)
Epoch: [14][100/468]	Time 0.110 (0.113)	Data 0.002 (0.007)	Loss 1.5471 (1.3697)	Acc@1 57.812 (60.644)	Acc@5 85.938 (87.902)
Epoch: [14][200/468]	Time 0.108 (0.111)	Data 0.002 (0.004)	Loss 1.4028 (1.4014)	Acc@1 60.938 (59.896)	Acc@5 90.625 (87.422)
Epoch: [14][300/468]	Time 0.109 (0.110)	Data 0.002 (0.004)	Loss 1.2388 (1.3939)	Acc@1 65.625 (60.294)	Acc@5 85.938 (87.495)
Epoch: [14][400/468]	Time 0.109 (0.110)	Data 0.002 (0.003)	Loss 1.5655 (1.4078)	Acc@1 57.812 (60.185)	Acc@5 84.375 (87.305)
 * Acc@1 60.170 Acc@5 87.223
epoch 14, total time 51.29
Test: [0/94]	Time 0.153 (0.153)	Loss 1.5878 (1.5878)	Acc@1 62.500 (62.500)	Acc@5 81.250 (81.250)
 * Acc@1 55.000 Acc@5 81.400
==> training...
Epoch: [15][0/468]	Time 0.395 (0.395)	Data 0.340 (0.340)	Loss 1.1639 (1.1639)	Acc@1 73.438 (73.438)	Acc@5 90.625 (90.625)
Epoch: [15][100/468]	Time 0.108 (0.111)	Data 0.002 (0.006)	Loss 1.5044 (1.2908)	Acc@1 51.562 (62.995)	Acc@5 87.500 (89.465)
Epoch: [15][200/468]	Time 0.108 (0.110)	Data 0.002 (0.004)	Loss 0.9998 (1.3175)	Acc@1 70.312 (62.624)	Acc@5 93.750 (88.658)
Epoch: [15][300/468]	Time 0.108 (0.109)	Data 0.002 (0.003)	Loss 1.6777 (1.3290)	Acc@1 56.250 (62.282)	Acc@5 81.250 (88.284)
Epoch: [15][400/468]	Time 0.108 (0.109)	Data 0.002 (0.003)	Loss 1.1037 (1.3277)	Acc@1 64.062 (62.406)	Acc@5 93.750 (88.349)
 * Acc@1 62.366 Acc@5 88.288
epoch 15, total time 51.18
Test: [0/94]	Time 0.151 (0.151)	Loss 1.5862 (1.5862)	Acc@1 59.375 (59.375)	Acc@5 81.250 (81.250)
 * Acc@1 57.967 Acc@5 83.700
==> training...
Epoch: [16][0/468]	Time 0.398 (0.398)	Data 0.343 (0.343)	Loss 0.9423 (0.9423)	Acc@1 73.438 (73.438)	Acc@5 95.312 (95.312)
Epoch: [16][100/468]	Time 0.108 (0.113)	Data 0.002 (0.007)	Loss 1.3340 (1.2534)	Acc@1 60.938 (64.093)	Acc@5 89.062 (89.465)
Epoch: [16][200/468]	Time 0.109 (0.111)	Data 0.002 (0.005)	Loss 1.4735 (1.2700)	Acc@1 53.125 (63.448)	Acc@5 87.500 (89.319)
Epoch: [16][300/468]	Time 0.108 (0.110)	Data 0.002 (0.004)	Loss 1.3243 (1.2826)	Acc@1 68.750 (63.310)	Acc@5 84.375 (89.057)
Epoch: [16][400/468]	Time 0.109 (0.110)	Data 0.002 (0.003)	Loss 1.1855 (1.2804)	Acc@1 67.188 (63.455)	Acc@5 85.938 (89.137)
 * Acc@1 63.355 Acc@5 89.049
epoch 16, total time 51.40
Test: [0/94]	Time 0.159 (0.159)	Loss 1.4614 (1.4614)	Acc@1 62.500 (62.500)	Acc@5 81.250 (81.250)
 * Acc@1 59.933 Acc@5 86.733
==> training...
Epoch: [17][0/468]	Time 0.419 (0.419)	Data 0.363 (0.363)	Loss 1.1675 (1.1675)	Acc@1 64.062 (64.062)	Acc@5 87.500 (87.500)
Epoch: [17][100/468]	Time 0.109 (0.113)	Data 0.002 (0.006)	Loss 0.9499 (1.1715)	Acc@1 64.062 (66.275)	Acc@5 98.438 (90.501)
Epoch: [17][200/468]	Time 0.108 (0.111)	Data 0.002 (0.004)	Loss 1.4298 (1.1899)	Acc@1 53.125 (65.687)	Acc@5 79.688 (90.291)
Epoch: [17][300/468]	Time 0.109 (0.110)	Data 0.002 (0.004)	Loss 1.5325 (1.2129)	Acc@1 56.250 (65.121)	Acc@5 87.500 (90.184)
Epoch: [17][400/468]	Time 0.108 (0.110)	Data 0.002 (0.003)	Loss 1.0475 (1.2274)	Acc@1 73.438 (64.959)	Acc@5 90.625 (89.916)
 * Acc@1 64.827 Acc@5 89.800
epoch 17, total time 51.31
Test: [0/94]	Time 0.158 (0.158)	Loss 1.2748 (1.2748)	Acc@1 59.375 (59.375)	Acc@5 81.250 (81.250)
 * Acc@1 61.733 Acc@5 86.133
==> training...
Epoch: [18][0/468]	Time 0.397 (0.397)	Data 0.341 (0.341)	Loss 1.0148 (1.0148)	Acc@1 71.875 (71.875)	Acc@5 92.188 (92.188)
Epoch: [18][100/468]	Time 0.109 (0.112)	Data 0.002 (0.006)	Loss 1.6994 (1.1584)	Acc@1 53.125 (66.275)	Acc@5 81.250 (90.687)
Epoch: [18][200/468]	Time 0.108 (0.110)	Data 0.002 (0.004)	Loss 1.2797 (1.1807)	Acc@1 60.938 (66.286)	Acc@5 85.938 (90.182)
Epoch: [18][300/468]	Time 0.109 (0.110)	Data 0.002 (0.003)	Loss 1.0707 (1.1870)	Acc@1 64.062 (65.999)	Acc@5 93.750 (90.085)
Epoch: [18][400/468]	Time 0.109 (0.110)	Data 0.002 (0.003)	Loss 1.3276 (1.1902)	Acc@1 71.875 (65.863)	Acc@5 85.938 (90.079)
 * Acc@1 65.835 Acc@5 90.074
epoch 18, total time 51.33
Test: [0/94]	Time 0.159 (0.159)	Loss 1.9960 (1.9960)	Acc@1 56.250 (56.250)	Acc@5 71.875 (71.875)
 * Acc@1 57.833 Acc@5 85.867
==> training...
Epoch: [19][0/468]	Time 0.401 (0.401)	Data 0.345 (0.345)	Loss 1.4219 (1.4219)	Acc@1 62.500 (62.500)	Acc@5 90.625 (90.625)
Epoch: [19][100/468]	Time 0.109 (0.112)	Data 0.002 (0.006)	Loss 1.4458 (1.0811)	Acc@1 59.375 (69.415)	Acc@5 85.938 (91.801)
Epoch: [19][200/468]	Time 0.109 (0.110)	Data 0.002 (0.004)	Loss 0.8535 (1.1190)	Acc@1 79.688 (68.019)	Acc@5 93.750 (91.115)
Epoch: [19][300/468]	Time 0.108 (0.110)	Data 0.002 (0.003)	Loss 1.0581 (1.1333)	Acc@1 71.875 (67.411)	Acc@5 89.062 (90.864)
Epoch: [19][400/468]	Time 0.108 (0.109)	Data 0.002 (0.003)	Loss 1.3494 (1.1614)	Acc@1 65.625 (66.751)	Acc@5 85.938 (90.629)
 * Acc@1 66.563 Acc@5 90.505
epoch 19, total time 51.22
Test: [0/94]	Time 0.151 (0.151)	Loss 1.6674 (1.6674)	Acc@1 56.250 (56.250)	Acc@5 81.250 (81.250)
 * Acc@1 59.700 Acc@5 85.200
==> training...
Epoch: [20][0/468]	Time 0.426 (0.426)	Data 0.366 (0.366)	Loss 1.2075 (1.2075)	Acc@1 65.625 (65.625)	Acc@5 93.750 (93.750)
Epoch: [20][100/468]	Time 0.108 (0.112)	Data 0.002 (0.006)	Loss 0.7484 (1.0769)	Acc@1 78.125 (68.394)	Acc@5 96.875 (91.816)
Epoch: [20][200/468]	Time 0.109 (0.111)	Data 0.002 (0.004)	Loss 1.0254 (1.1141)	Acc@1 73.438 (67.949)	Acc@5 87.500 (91.255)
Epoch: [20][300/468]	Time 0.109 (0.110)	Data 0.002 (0.003)	Loss 1.2034 (1.1183)	Acc@1 62.500 (67.733)	Acc@5 90.625 (91.279)
Epoch: [20][400/468]	Time 0.108 (0.110)	Data 0.002 (0.003)	Loss 1.1553 (1.1382)	Acc@1 62.500 (67.094)	Acc@5 92.188 (91.073)
 * Acc@1 67.114 Acc@5 90.982
epoch 20, total time 51.42
Test: [0/94]	Time 0.156 (0.156)	Loss 1.4854 (1.4854)	Acc@1 56.250 (56.250)	Acc@5 93.750 (93.750)
 * Acc@1 59.300 Acc@5 86.233
==> training...
Epoch: [21][0/468]	Time 0.405 (0.405)	Data 0.350 (0.350)	Loss 1.4031 (1.4031)	Acc@1 64.062 (64.062)	Acc@5 89.062 (89.062)
Epoch: [21][100/468]	Time 0.109 (0.112)	Data 0.002 (0.006)	Loss 1.2973 (1.0448)	Acc@1 60.938 (69.616)	Acc@5 92.188 (92.311)
Epoch: [21][200/468]	Time 0.109 (0.110)	Data 0.002 (0.004)	Loss 1.0495 (1.0626)	Acc@1 68.750 (69.193)	Acc@5 92.188 (92.071)
Epoch: [21][300/468]	Time 0.109 (0.110)	Data 0.002 (0.003)	Loss 1.2226 (1.0925)	Acc@1 65.625 (68.096)	Acc@5 84.375 (91.601)
Epoch: [21][400/468]	Time 0.109 (0.110)	Data 0.002 (0.003)	Loss 0.9784 (1.0934)	Acc@1 67.188 (68.080)	Acc@5 93.750 (91.611)
 * Acc@1 67.952 Acc@5 91.563
epoch 21, total time 51.36
Test: [0/94]	Time 0.172 (0.172)	Loss 1.7371 (1.7371)	Acc@1 59.375 (59.375)	Acc@5 81.250 (81.250)
 * Acc@1 61.100 Acc@5 86.833
==> training...
Epoch: [22][0/468]	Time 0.438 (0.438)	Data 0.379 (0.379)	Loss 0.8407 (0.8407)	Acc@1 73.438 (73.438)	Acc@5 95.312 (95.312)
Epoch: [22][100/468]	Time 0.110 (0.113)	Data 0.002 (0.006)	Loss 0.9495 (1.0302)	Acc@1 78.125 (70.173)	Acc@5 95.312 (92.760)
Epoch: [22][200/468]	Time 0.109 (0.111)	Data 0.002 (0.004)	Loss 0.9789 (1.0541)	Acc@1 76.562 (69.675)	Acc@5 92.188 (92.304)
Epoch: [22][300/468]	Time 0.108 (0.110)	Data 0.002 (0.004)	Loss 1.1792 (1.0650)	Acc@1 71.875 (69.440)	Acc@5 90.625 (92.151)
Epoch: [22][400/468]	Time 0.109 (0.110)	Data 0.002 (0.003)	Loss 1.1392 (1.0681)	Acc@1 67.188 (69.350)	Acc@5 90.625 (91.880)
 * Acc@1 69.358 Acc@5 91.810
epoch 22, total time 51.46
Test: [0/94]	Time 0.153 (0.153)	Loss 1.2749 (1.2749)	Acc@1 65.625 (65.625)	Acc@5 90.625 (90.625)
 * Acc@1 61.700 Acc@5 86.833
==> training...
Epoch: [23][0/468]	Time 0.423 (0.423)	Data 0.368 (0.368)	Loss 1.0966 (1.0966)	Acc@1 71.875 (71.875)	Acc@5 92.188 (92.188)
Epoch: [23][100/468]	Time 0.109 (0.112)	Data 0.002 (0.006)	Loss 0.9823 (0.9762)	Acc@1 68.750 (72.030)	Acc@5 90.625 (92.961)
Epoch: [23][200/468]	Time 0.109 (0.111)	Data 0.002 (0.004)	Loss 1.1879 (1.0100)	Acc@1 67.188 (70.608)	Acc@5 93.750 (92.716)
Epoch: [23][300/468]	Time 0.110 (0.110)	Data 0.002 (0.004)	Loss 0.9251 (1.0232)	Acc@1 65.625 (70.198)	Acc@5 95.312 (92.515)
Epoch: [23][400/468]	Time 0.108 (0.110)	Data 0.002 (0.003)	Loss 0.9107 (1.0474)	Acc@1 70.312 (69.522)	Acc@5 96.875 (92.304)
 * Acc@1 69.498 Acc@5 92.254
epoch 23, total time 51.48
Test: [0/94]	Time 0.156 (0.156)	Loss 1.2549 (1.2549)	Acc@1 68.750 (68.750)	Acc@5 90.625 (90.625)
 * Acc@1 64.800 Acc@5 88.433
==> training...
Epoch: [24][0/468]	Time 0.413 (0.413)	Data 0.357 (0.357)	Loss 0.8351 (0.8351)	Acc@1 75.000 (75.000)	Acc@5 96.875 (96.875)
Epoch: [24][100/468]	Time 0.109 (0.112)	Data 0.002 (0.006)	Loss 0.8332 (0.9137)	Acc@1 76.562 (73.252)	Acc@5 90.625 (93.642)
Epoch: [24][200/468]	Time 0.109 (0.111)	Data 0.002 (0.004)	Loss 0.9453 (0.9712)	Acc@1 71.875 (71.688)	Acc@5 100.000 (93.066)
Epoch: [24][300/468]	Time 0.108 (0.110)	Data 0.002 (0.003)	Loss 1.0487 (1.0085)	Acc@1 71.875 (70.691)	Acc@5 93.750 (92.592)
Epoch: [24][400/468]	Time 0.109 (0.110)	Data 0.002 (0.003)	Loss 1.0497 (1.0185)	Acc@1 67.188 (70.305)	Acc@5 92.188 (92.390)
 * Acc@1 70.072 Acc@5 92.371
epoch 24, total time 51.39
Test: [0/94]	Time 0.153 (0.153)	Loss 1.2652 (1.2652)	Acc@1 71.875 (71.875)	Acc@5 84.375 (84.375)
 * Acc@1 59.867 Acc@5 86.300
==> training...
Epoch: [25][0/468]	Time 0.419 (0.419)	Data 0.363 (0.363)	Loss 1.0876 (1.0876)	Acc@1 68.750 (68.750)	Acc@5 96.875 (96.875)
Epoch: [25][100/468]	Time 0.110 (0.112)	Data 0.002 (0.006)	Loss 1.0041 (0.9575)	Acc@1 71.875 (72.293)	Acc@5 93.750 (93.642)
Epoch: [25][200/468]	Time 0.109 (0.111)	Data 0.002 (0.004)	Loss 0.7975 (0.9796)	Acc@1 73.438 (71.323)	Acc@5 98.438 (93.377)
Epoch: [25][300/468]	Time 0.109 (0.110)	Data 0.002 (0.003)	Loss 1.1141 (1.0002)	Acc@1 62.500 (70.982)	Acc@5 95.312 (92.971)
Epoch: [25][400/468]	Time 0.109 (0.110)	Data 0.002 (0.003)	Loss 0.9944 (1.0136)	Acc@1 78.125 (70.546)	Acc@5 92.188 (92.752)
 * Acc@1 70.436 Acc@5 92.612
epoch 25, total time 51.45
Test: [0/94]	Time 0.156 (0.156)	Loss 1.2672 (1.2672)	Acc@1 71.875 (71.875)	Acc@5 84.375 (84.375)
 * Acc@1 63.967 Acc@5 89.233
==> training...
Epoch: [26][0/468]	Time 0.411 (0.411)	Data 0.356 (0.356)	Loss 0.6633 (0.6633)	Acc@1 79.688 (79.688)	Acc@5 96.875 (96.875)
Epoch: [26][100/468]	Time 0.109 (0.112)	Data 0.002 (0.006)	Loss 1.0619 (0.9263)	Acc@1 64.062 (73.407)	Acc@5 87.500 (94.044)
Epoch: [26][200/468]	Time 0.110 (0.110)	Data 0.002 (0.004)	Loss 0.9042 (0.9440)	Acc@1 71.875 (72.442)	Acc@5 93.750 (93.773)
Epoch: [26][300/468]	Time 0.109 (0.110)	Data 0.002 (0.003)	Loss 0.9501 (0.9715)	Acc@1 75.000 (71.688)	Acc@5 93.750 (93.459)
Epoch: [26][400/468]	Time 0.109 (0.110)	Data 0.002 (0.003)	Loss 1.0730 (0.9904)	Acc@1 71.875 (71.271)	Acc@5 90.625 (93.111)
 * Acc@1 71.044 Acc@5 92.915
epoch 26, total time 51.37
Test: [0/94]	Time 0.157 (0.157)	Loss 1.0622 (1.0622)	Acc@1 68.750 (68.750)	Acc@5 90.625 (90.625)
 * Acc@1 62.833 Acc@5 88.333
==> training...
Epoch: [27][0/468]	Time 0.400 (0.400)	Data 0.343 (0.343)	Loss 1.0179 (1.0179)	Acc@1 70.312 (70.312)	Acc@5 93.750 (93.750)
Epoch: [27][100/468]	Time 0.108 (0.112)	Data 0.002 (0.006)	Loss 0.9906 (0.9266)	Acc@1 71.875 (73.035)	Acc@5 89.062 (93.363)
Epoch: [27][200/468]	Time 0.108 (0.110)	Data 0.002 (0.004)	Loss 0.9902 (0.9424)	Acc@1 67.188 (72.240)	Acc@5 96.875 (93.214)
Epoch: [27][300/468]	Time 0.110 (0.110)	Data 0.002 (0.003)	Loss 0.9330 (0.9483)	Acc@1 75.000 (72.124)	Acc@5 93.750 (93.221)
Epoch: [27][400/468]	Time 0.109 (0.110)	Data 0.002 (0.003)	Loss 1.0797 (0.9651)	Acc@1 68.750 (71.848)	Acc@5 89.062 (93.021)
 * Acc@1 71.575 Acc@5 92.989
epoch 27, total time 51.42
Test: [0/94]	Time 1.682 (1.682)	Loss 1.2741 (1.2741)	Acc@1 68.750 (68.750)	Acc@5 87.500 (87.500)
 * Acc@1 63.733 Acc@5 87.700
==> training...
Epoch: [28][0/468]	Time 0.403 (0.403)	Data 0.346 (0.346)	Loss 0.9271 (0.9271)	Acc@1 76.562 (76.562)	Acc@5 90.625 (90.625)
Epoch: [28][100/468]	Time 0.109 (0.111)	Data 0.002 (0.006)	Loss 0.7530 (0.9296)	Acc@1 76.562 (72.153)	Acc@5 95.312 (93.889)
Epoch: [28][200/468]	Time 0.109 (0.110)	Data 0.002 (0.004)	Loss 1.1926 (0.9479)	Acc@1 65.625 (71.720)	Acc@5 92.188 (93.727)
Epoch: [28][300/468]	Time 0.109 (0.110)	Data 0.002 (0.003)	Loss 0.9492 (0.9594)	Acc@1 65.625 (71.460)	Acc@5 96.875 (93.459)
Epoch: [28][400/468]	Time 0.109 (0.110)	Data 0.002 (0.003)	Loss 1.0076 (0.9583)	Acc@1 70.312 (71.626)	Acc@5 93.750 (93.434)
 * Acc@1 71.438 Acc@5 93.379
epoch 28, total time 51.40
Test: [0/94]	Time 0.156 (0.156)	Loss 1.5223 (1.5223)	Acc@1 59.375 (59.375)	Acc@5 87.500 (87.500)
 * Acc@1 56.833 Acc@5 83.633
==> training...
Epoch: [29][0/468]	Time 0.425 (0.425)	Data 0.369 (0.369)	Loss 1.1860 (1.1860)	Acc@1 68.750 (68.750)	Acc@5 89.062 (89.062)
Epoch: [29][100/468]	Time 0.109 (0.112)	Data 0.002 (0.006)	Loss 0.8380 (0.8733)	Acc@1 75.000 (74.397)	Acc@5 95.312 (94.539)
Epoch: [29][200/468]	Time 0.110 (0.111)	Data 0.002 (0.004)	Loss 1.0924 (0.9032)	Acc@1 70.312 (73.546)	Acc@5 92.188 (94.201)
Epoch: [29][300/468]	Time 0.109 (0.110)	Data 0.002 (0.003)	Loss 0.8480 (0.9280)	Acc@1 81.250 (72.851)	Acc@5 96.875 (93.895)
Epoch: [29][400/468]	Time 0.109 (0.110)	Data 0.002 (0.003)	Loss 0.9782 (0.9407)	Acc@1 75.000 (72.471)	Acc@5 93.750 (93.656)
 * Acc@1 72.286 Acc@5 93.613
epoch 29, total time 51.47
Test: [0/94]	Time 0.157 (0.157)	Loss 1.1215 (1.1215)	Acc@1 68.750 (68.750)	Acc@5 87.500 (87.500)
 * Acc@1 66.533 Acc@5 89.400
==> training...
Epoch: [30][0/468]	Time 0.396 (0.396)	Data 0.339 (0.339)	Loss 0.9519 (0.9519)	Acc@1 75.000 (75.000)	Acc@5 96.875 (96.875)
Epoch: [30][100/468]	Time 0.108 (0.112)	Data 0.002 (0.006)	Loss 0.7896 (0.8580)	Acc@1 75.000 (74.397)	Acc@5 95.312 (94.678)
Epoch: [30][200/468]	Time 0.109 (0.110)	Data 0.002 (0.004)	Loss 1.0871 (0.8940)	Acc@1 68.750 (73.414)	Acc@5 92.188 (94.053)
Epoch: [30][300/468]	Time 0.109 (0.110)	Data 0.002 (0.003)	Loss 0.7836 (0.9208)	Acc@1 73.438 (72.674)	Acc@5 95.312 (93.781)
Epoch: [30][400/468]	Time 0.109 (0.110)	Data 0.002 (0.003)	Loss 1.0077 (0.9319)	Acc@1 73.438 (72.358)	Acc@5 92.188 (93.699)
 * Acc@1 71.908 Acc@5 93.436
epoch 30, total time 51.36
Test: [0/94]	Time 0.153 (0.153)	Loss 1.2683 (1.2683)	Acc@1 65.625 (65.625)	Acc@5 84.375 (84.375)
 * Acc@1 61.000 Acc@5 85.733
==> training...
Epoch: [31][0/468]	Time 0.403 (0.403)	Data 0.346 (0.346)	Loss 0.7948 (0.7948)	Acc@1 75.000 (75.000)	Acc@5 96.875 (96.875)
Epoch: [31][100/468]	Time 0.108 (0.112)	Data 0.002 (0.006)	Loss 0.6930 (0.8404)	Acc@1 81.250 (75.696)	Acc@5 93.750 (94.833)
Epoch: [31][200/468]	Time 0.109 (0.111)	Data 0.002 (0.004)	Loss 0.7209 (0.8735)	Acc@1 84.375 (74.534)	Acc@5 96.875 (94.535)
Epoch: [31][300/468]	Time 0.109 (0.110)	Data 0.002 (0.003)	Loss 0.8227 (0.8879)	Acc@1 75.000 (74.055)	Acc@5 98.438 (94.316)
Epoch: [31][400/468]	Time 0.109 (0.110)	Data 0.002 (0.003)	Loss 0.9269 (0.9015)	Acc@1 75.000 (73.484)	Acc@5 92.188 (94.097)
 * Acc@1 73.217 Acc@5 93.867
epoch 31, total time 51.39
Test: [0/94]	Time 0.169 (0.169)	Loss 1.2593 (1.2593)	Acc@1 71.875 (71.875)	Acc@5 84.375 (84.375)
 * Acc@1 65.633 Acc@5 88.600
==> training...
Epoch: [32][0/468]	Time 0.415 (0.415)	Data 0.358 (0.358)	Loss 0.7668 (0.7668)	Acc@1 78.125 (78.125)	Acc@5 95.312 (95.312)
Epoch: [32][100/468]	Time 0.109 (0.113)	Data 0.002 (0.006)	Loss 0.9470 (0.8312)	Acc@1 73.438 (75.650)	Acc@5 90.625 (94.972)
Epoch: [32][200/468]	Time 0.109 (0.111)	Data 0.002 (0.004)	Loss 0.9580 (0.8731)	Acc@1 70.312 (73.896)	Acc@5 90.625 (94.605)
Epoch: [32][300/468]	Time 0.109 (0.111)	Data 0.002 (0.004)	Loss 0.9038 (0.8866)	Acc@1 71.875 (73.489)	Acc@5 93.750 (94.472)
Epoch: [32][400/468]	Time 0.109 (0.110)	Data 0.002 (0.003)	Loss 0.8657 (0.9084)	Acc@1 71.875 (73.060)	Acc@5 95.312 (94.108)
 * Acc@1 72.917 Acc@5 94.087
epoch 32, total time 51.56
Test: [0/94]	Time 0.154 (0.154)	Loss 1.2330 (1.2330)	Acc@1 75.000 (75.000)	Acc@5 84.375 (84.375)
 * Acc@1 63.933 Acc@5 88.000
==> training...
Epoch: [33][0/468]	Time 0.419 (0.419)	Data 0.358 (0.358)	Loss 0.8357 (0.8357)	Acc@1 76.562 (76.562)	Acc@5 93.750 (93.750)
Epoch: [33][100/468]	Time 0.108 (0.112)	Data 0.002 (0.006)	Loss 0.8180 (0.8266)	Acc@1 78.125 (76.191)	Acc@5 92.188 (94.848)
Epoch: [33][200/468]	Time 0.109 (0.111)	Data 0.002 (0.004)	Loss 1.5165 (0.8528)	Acc@1 60.938 (74.946)	Acc@5 89.062 (94.512)
Epoch: [33][300/468]	Time 0.109 (0.110)	Data 0.002 (0.004)	Loss 0.9945 (0.8829)	Acc@1 65.625 (74.014)	Acc@5 96.875 (94.233)
Epoch: [33][400/468]	Time 0.109 (0.110)	Data 0.002 (0.003)	Loss 1.2819 (0.8897)	Acc@1 65.625 (73.979)	Acc@5 87.500 (94.151)
 * Acc@1 73.872 Acc@5 94.084
epoch 33, total time 51.42
Test: [0/94]	Time 0.159 (0.159)	Loss 1.0040 (1.0040)	Acc@1 78.125 (78.125)	Acc@5 93.750 (93.750)
 * Acc@1 65.600 Acc@5 88.300
==> training...
Epoch: [34][0/468]	Time 0.414 (0.414)	Data 0.356 (0.356)	Loss 1.0312 (1.0312)	Acc@1 70.312 (70.312)	Acc@5 92.188 (92.188)
Epoch: [34][100/468]	Time 0.110 (0.112)	Data 0.002 (0.006)	Loss 0.6629 (0.8000)	Acc@1 82.812 (76.470)	Acc@5 93.750 (95.312)
Epoch: [34][200/468]	Time 0.110 (0.111)	Data 0.002 (0.004)	Loss 0.7737 (0.8467)	Acc@1 75.000 (74.930)	Acc@5 92.188 (94.776)
Epoch: [34][300/468]	Time 0.110 (0.111)	Data 0.002 (0.003)	Loss 1.2070 (0.8692)	Acc@1 67.188 (74.247)	Acc@5 85.938 (94.357)
Epoch: [34][400/468]	Time 0.110 (0.110)	Data 0.002 (0.003)	Loss 0.8842 (0.8772)	Acc@1 71.875 (74.006)	Acc@5 93.750 (94.381)
 * Acc@1 73.918 Acc@5 94.378
epoch 34, total time 51.65
Test: [0/94]	Time 0.155 (0.155)	Loss 1.4196 (1.4196)	Acc@1 59.375 (59.375)	Acc@5 84.375 (84.375)
 * Acc@1 60.333 Acc@5 86.633
==> training...
Epoch: [35][0/468]	Time 0.416 (0.416)	Data 0.355 (0.355)	Loss 0.9095 (0.9095)	Acc@1 71.875 (71.875)	Acc@5 95.312 (95.312)
Epoch: [35][100/468]	Time 0.110 (0.112)	Data 0.002 (0.006)	Loss 0.7472 (0.8225)	Acc@1 76.562 (75.000)	Acc@5 98.438 (95.003)
Epoch: [35][200/468]	Time 0.109 (0.111)	Data 0.002 (0.004)	Loss 0.9283 (0.8375)	Acc@1 75.000 (75.054)	Acc@5 95.312 (94.706)
Epoch: [35][300/468]	Time 0.109 (0.110)	Data 0.002 (0.003)	Loss 0.8772 (0.8575)	Acc@1 78.125 (74.564)	Acc@5 95.312 (94.518)
Epoch: [35][400/468]	Time 0.109 (0.110)	Data 0.002 (0.003)	Loss 0.7209 (0.8636)	Acc@1 81.250 (74.361)	Acc@5 93.750 (94.389)
 * Acc@1 74.259 Acc@5 94.318
epoch 35, total time 51.39
Test: [0/94]	Time 0.152 (0.152)	Loss 0.9854 (0.9854)	Acc@1 75.000 (75.000)	Acc@5 84.375 (84.375)
 * Acc@1 65.933 Acc@5 88.633
==> training...
Epoch: [36][0/468]	Time 0.418 (0.418)	Data 0.360 (0.360)	Loss 0.8354 (0.8354)	Acc@1 78.125 (78.125)	Acc@5 93.750 (93.750)
Epoch: [36][100/468]	Time 0.109 (0.113)	Data 0.002 (0.007)	Loss 0.8678 (0.8090)	Acc@1 70.312 (76.114)	Acc@5 95.312 (95.173)
Epoch: [36][200/468]	Time 0.109 (0.111)	Data 0.002 (0.004)	Loss 1.0054 (0.8320)	Acc@1 70.312 (75.210)	Acc@5 90.625 (94.947)
Epoch: [36][300/468]	Time 0.109 (0.111)	Data 0.002 (0.004)	Loss 0.7240 (0.8463)	Acc@1 79.688 (74.824)	Acc@5 96.875 (94.819)
Epoch: [36][400/468]	Time 0.109 (0.110)	Data 0.002 (0.003)	Loss 0.9412 (0.8670)	Acc@1 71.875 (74.439)	Acc@5 93.750 (94.459)
 * Acc@1 74.162 Acc@5 94.364
epoch 36, total time 51.56
Test: [0/94]	Time 0.160 (0.160)	Loss 1.3033 (1.3033)	Acc@1 71.875 (71.875)	Acc@5 87.500 (87.500)
 * Acc@1 65.533 Acc@5 89.300
==> training...
Epoch: [37][0/468]	Time 0.412 (0.412)	Data 0.353 (0.353)	Loss 0.5987 (0.5987)	Acc@1 84.375 (84.375)	Acc@5 98.438 (98.438)
Epoch: [37][100/468]	Time 0.109 (0.113)	Data 0.002 (0.006)	Loss 0.6754 (0.7712)	Acc@1 85.938 (76.655)	Acc@5 95.312 (95.761)
Epoch: [37][200/468]	Time 0.108 (0.111)	Data 0.002 (0.004)	Loss 0.6254 (0.8151)	Acc@1 79.688 (75.459)	Acc@5 100.000 (95.188)
Epoch: [37][300/468]	Time 0.109 (0.110)	Data 0.002 (0.003)	Loss 0.6812 (0.8375)	Acc@1 78.125 (74.886)	Acc@5 96.875 (94.960)
Epoch: [37][400/468]	Time 0.110 (0.110)	Data 0.002 (0.003)	Loss 0.9311 (0.8594)	Acc@1 75.000 (74.435)	Acc@5 92.188 (94.681)
 * Acc@1 74.402 Acc@5 94.611
epoch 37, total time 51.61
Test: [0/94]	Time 0.176 (0.176)	Loss 1.1809 (1.1809)	Acc@1 62.500 (62.500)	Acc@5 90.625 (90.625)
 * Acc@1 66.867 Acc@5 88.733
==> training...
Epoch: [38][0/468]	Time 0.457 (0.457)	Data 0.379 (0.379)	Loss 0.6361 (0.6361)	Acc@1 79.688 (79.688)	Acc@5 95.312 (95.312)
Epoch: [38][100/468]	Time 0.110 (0.113)	Data 0.002 (0.006)	Loss 0.7066 (0.7374)	Acc@1 78.125 (78.063)	Acc@5 95.312 (95.699)
Epoch: [38][200/468]	Time 0.109 (0.111)	Data 0.002 (0.004)	Loss 0.8979 (0.7632)	Acc@1 75.000 (77.402)	Acc@5 93.750 (95.406)
Epoch: [38][300/468]	Time 0.109 (0.111)	Data 0.002 (0.004)	Loss 0.8095 (0.7984)	Acc@1 76.562 (76.277)	Acc@5 93.750 (95.136)
Epoch: [38][400/468]	Time 0.109 (0.110)	Data 0.002 (0.003)	Loss 0.9560 (0.8293)	Acc@1 68.750 (75.409)	Acc@5 96.875 (94.763)
 * Acc@1 75.083 Acc@5 94.675
epoch 38, total time 51.67
Test: [0/94]	Time 0.169 (0.169)	Loss 1.0682 (1.0682)	Acc@1 68.750 (68.750)	Acc@5 93.750 (93.750)
 * Acc@1 67.900 Acc@5 89.733
==> training...
Epoch: [39][0/468]	Time 0.422 (0.422)	Data 0.363 (0.363)	Loss 0.8306 (0.8306)	Acc@1 76.562 (76.562)	Acc@5 93.750 (93.750)
Epoch: [39][100/468]	Time 0.109 (0.112)	Data 0.002 (0.006)	Loss 0.8698 (0.7685)	Acc@1 78.125 (77.816)	Acc@5 90.625 (95.761)
Epoch: [39][200/468]	Time 0.109 (0.111)	Data 0.002 (0.004)	Loss 0.9903 (0.7793)	Acc@1 76.562 (77.083)	Acc@5 92.188 (95.709)
Epoch: [39][300/468]	Time 0.109 (0.110)	Data 0.002 (0.003)	Loss 0.9383 (0.8060)	Acc@1 75.000 (76.308)	Acc@5 92.188 (95.453)
Epoch: [39][400/468]	Time 0.109 (0.110)	Data 0.002 (0.003)	Loss 0.8376 (0.8290)	Acc@1 76.562 (75.620)	Acc@5 96.875 (95.114)
 * Acc@1 75.331 Acc@5 94.965
epoch 39, total time 51.43
Test: [0/94]	Time 0.155 (0.155)	Loss 0.9249 (0.9249)	Acc@1 71.875 (71.875)	Acc@5 90.625 (90.625)
 * Acc@1 66.200 Acc@5 88.633
==> training...
Epoch: [40][0/468]	Time 0.402 (0.402)	Data 0.344 (0.344)	Loss 0.9542 (0.9542)	Acc@1 62.500 (62.500)	Acc@5 96.875 (96.875)
Epoch: [40][100/468]	Time 0.109 (0.113)	Data 0.002 (0.006)	Loss 0.7991 (0.7686)	Acc@1 75.000 (77.243)	Acc@5 95.312 (95.436)
Epoch: [40][200/468]	Time 0.109 (0.111)	Data 0.002 (0.004)	Loss 0.6062 (0.7809)	Acc@1 81.250 (76.695)	Acc@5 96.875 (95.382)
Epoch: [40][300/468]	Time 0.109 (0.110)	Data 0.002 (0.004)	Loss 0.7056 (0.7929)	Acc@1 76.562 (76.583)	Acc@5 98.438 (95.287)
Epoch: [40][400/468]	Time 0.110 (0.110)	Data 0.002 (0.003)	Loss 1.0716 (0.8170)	Acc@1 67.188 (75.744)	Acc@5 92.188 (94.974)
 * Acc@1 75.541 Acc@5 94.872
epoch 40, total time 51.57
Test: [0/94]	Time 0.165 (0.165)	Loss 1.0550 (1.0550)	Acc@1 75.000 (75.000)	Acc@5 87.500 (87.500)
 * Acc@1 67.133 Acc@5 89.333
==> training...
Epoch: [41][0/468]	Time 0.402 (0.402)	Data 0.340 (0.340)	Loss 0.5736 (0.5736)	Acc@1 79.688 (79.688)	Acc@5 96.875 (96.875)
Epoch: [41][100/468]	Time 0.110 (0.113)	Data 0.002 (0.006)	Loss 1.0060 (0.7363)	Acc@1 67.188 (77.661)	Acc@5 90.625 (96.163)
Epoch: [41][200/468]	Time 0.109 (0.111)	Data 0.002 (0.004)	Loss 0.8400 (0.7683)	Acc@1 73.438 (76.819)	Acc@5 92.188 (95.647)
Epoch: [41][300/468]	Time 0.109 (0.110)	Data 0.002 (0.004)	Loss 0.5115 (0.7868)	Acc@1 85.938 (76.293)	Acc@5 95.312 (95.505)
Epoch: [41][400/468]	Time 0.109 (0.110)	Data 0.002 (0.003)	Loss 0.9152 (0.8047)	Acc@1 71.875 (75.900)	Acc@5 93.750 (95.277)
 * Acc@1 75.477 Acc@5 95.079
epoch 41, total time 51.56
Test: [0/94]	Time 0.168 (0.168)	Loss 1.0434 (1.0434)	Acc@1 78.125 (78.125)	Acc@5 87.500 (87.500)
 * Acc@1 65.900 Acc@5 88.400
==> training...
Epoch: [42][0/468]	Time 0.434 (0.434)	Data 0.375 (0.375)	Loss 0.8307 (0.8307)	Acc@1 76.562 (76.562)	Acc@5 95.312 (95.312)
Epoch: [42][100/468]	Time 0.109 (0.113)	Data 0.002 (0.006)	Loss 0.6204 (0.7025)	Acc@1 84.375 (78.620)	Acc@5 98.438 (96.426)
Epoch: [42][200/468]	Time 0.109 (0.111)	Data 0.002 (0.004)	Loss 0.6682 (0.7429)	Acc@1 75.000 (77.550)	Acc@5 98.438 (95.794)
Epoch: [42][300/468]	Time 0.109 (0.111)	Data 0.002 (0.003)	Loss 1.2744 (0.7779)	Acc@1 64.062 (76.547)	Acc@5 90.625 (95.427)
Epoch: [42][400/468]	Time 0.109 (0.110)	Data 0.002 (0.003)	Loss 0.6015 (0.7964)	Acc@1 87.500 (76.048)	Acc@5 98.438 (95.320)
 * Acc@1 75.908 Acc@5 95.159
epoch 42, total time 51.60
Test: [0/94]	Time 0.157 (0.157)	Loss 0.7980 (0.7980)	Acc@1 81.250 (81.250)	Acc@5 96.875 (96.875)
 * Acc@1 65.967 Acc@5 89.067
==> training...
Epoch: [43][0/468]	Time 0.414 (0.414)	Data 0.357 (0.357)	Loss 0.7461 (0.7461)	Acc@1 73.438 (73.438)	Acc@5 96.875 (96.875)
Epoch: [43][100/468]	Time 0.109 (0.113)	Data 0.002 (0.006)	Loss 0.7456 (0.7262)	Acc@1 73.438 (77.955)	Acc@5 96.875 (95.947)
Epoch: [43][200/468]	Time 0.110 (0.111)	Data 0.002 (0.004)	Loss 0.5866 (0.7691)	Acc@1 79.688 (76.796)	Acc@5 98.438 (95.631)
Epoch: [43][300/468]	Time 0.109 (0.111)	Data 0.002 (0.003)	Loss 0.8533 (0.7927)	Acc@1 76.562 (76.251)	Acc@5 93.750 (95.302)
Epoch: [43][400/468]	Time 0.110 (0.110)	Data 0.002 (0.003)	Loss 1.0303 (0.8017)	Acc@1 73.438 (76.075)	Acc@5 93.750 (95.254)
 * Acc@1 75.868 Acc@5 95.192
epoch 43, total time 51.65
Test: [0/94]	Time 0.159 (0.159)	Loss 0.9361 (0.9361)	Acc@1 71.875 (71.875)	Acc@5 93.750 (93.750)
 * Acc@1 66.033 Acc@5 89.400
==> training...
Epoch: [44][0/468]	Time 0.434 (0.434)	Data 0.374 (0.374)	Loss 0.6000 (0.6000)	Acc@1 81.250 (81.250)	Acc@5 98.438 (98.438)
Epoch: [44][100/468]	Time 0.111 (0.113)	Data 0.002 (0.006)	Loss 0.7796 (0.7599)	Acc@1 71.875 (77.119)	Acc@5 95.312 (95.699)
Epoch: [44][200/468]	Time 0.111 (0.111)	Data 0.002 (0.004)	Loss 0.6737 (0.7392)	Acc@1 81.250 (78.039)	Acc@5 95.312 (95.927)
Epoch: [44][300/468]	Time 0.109 (0.110)	Data 0.002 (0.003)	Loss 0.7530 (0.7720)	Acc@1 78.125 (77.061)	Acc@5 95.312 (95.499)
Epoch: [44][400/468]	Time 0.109 (0.110)	Data 0.002 (0.003)	Loss 0.7527 (0.7890)	Acc@1 78.125 (76.574)	Acc@5 95.312 (95.254)
 * Acc@1 76.516 Acc@5 95.095
epoch 44, total time 51.57
Test: [0/94]	Time 0.154 (0.154)	Loss 1.2082 (1.2082)	Acc@1 65.625 (65.625)	Acc@5 87.500 (87.500)
 * Acc@1 66.500 Acc@5 89.567
==> training...
Epoch: [45][0/468]	Time 0.419 (0.419)	Data 0.360 (0.360)	Loss 0.6553 (0.6553)	Acc@1 84.375 (84.375)	Acc@5 93.750 (93.750)
Epoch: [45][100/468]	Time 0.109 (0.112)	Data 0.002 (0.006)	Loss 0.6331 (0.7097)	Acc@1 79.688 (78.636)	Acc@5 98.438 (96.349)
Epoch: [45][200/468]	Time 0.109 (0.111)	Data 0.002 (0.004)	Loss 0.7785 (0.7604)	Acc@1 79.688 (77.317)	Acc@5 92.188 (95.763)
Epoch: [45][300/468]	Time 0.109 (0.110)	Data 0.002 (0.004)	Loss 0.5722 (0.7735)	Acc@1 84.375 (76.993)	Acc@5 95.312 (95.619)
Epoch: [45][400/468]	Time 0.109 (0.110)	Data 0.002 (0.003)	Loss 0.7105 (0.7988)	Acc@1 76.562 (76.227)	Acc@5 95.312 (95.320)
 * Acc@1 76.065 Acc@5 95.256
epoch 45, total time 51.55
Test: [0/94]	Time 0.157 (0.157)	Loss 1.0938 (1.0938)	Acc@1 68.750 (68.750)	Acc@5 93.750 (93.750)
 * Acc@1 67.233 Acc@5 89.967
==> training...
Epoch: [46][0/468]	Time 0.424 (0.424)	Data 0.367 (0.367)	Loss 0.6329 (0.6329)	Acc@1 82.812 (82.812)	Acc@5 93.750 (93.750)
Epoch: [46][100/468]	Time 0.109 (0.113)	Data 0.002 (0.006)	Loss 0.7922 (0.7363)	Acc@1 75.000 (77.707)	Acc@5 96.875 (96.071)
Epoch: [46][200/468]	Time 0.110 (0.111)	Data 0.002 (0.004)	Loss 0.6827 (0.7425)	Acc@1 79.688 (77.503)	Acc@5 96.875 (96.043)
Epoch: [46][300/468]	Time 0.109 (0.110)	Data 0.002 (0.003)	Loss 0.6675 (0.7570)	Acc@1 76.562 (77.289)	Acc@5 96.875 (95.806)
Epoch: [46][400/468]	Time 0.109 (0.110)	Data 0.002 (0.003)	Loss 0.8391 (0.7792)	Acc@1 70.312 (76.738)	Acc@5 95.312 (95.515)
 * Acc@1 76.492 Acc@5 95.393
epoch 46, total time 51.58
Test: [0/94]	Time 0.169 (0.169)	Loss 1.2780 (1.2780)	Acc@1 65.625 (65.625)	Acc@5 84.375 (84.375)
 * Acc@1 65.867 Acc@5 90.133
==> training...
Epoch: [47][0/468]	Time 0.437 (0.437)	Data 0.377 (0.377)	Loss 0.6055 (0.6055)	Acc@1 81.250 (81.250)	Acc@5 96.875 (96.875)
Epoch: [47][100/468]	Time 0.110 (0.113)	Data 0.002 (0.006)	Loss 0.6531 (0.7084)	Acc@1 85.938 (78.868)	Acc@5 96.875 (96.318)
Epoch: [47][200/468]	Time 0.110 (0.111)	Data 0.002 (0.004)	Loss 0.8577 (0.7458)	Acc@1 67.188 (77.736)	Acc@5 93.750 (96.059)
Epoch: [47][300/468]	Time 0.110 (0.111)	Data 0.002 (0.004)	Loss 0.6991 (0.7637)	Acc@1 78.125 (77.066)	Acc@5 93.750 (95.909)
Epoch: [47][400/468]	Time 0.110 (0.111)	Data 0.002 (0.003)	Loss 1.0866 (0.7886)	Acc@1 73.438 (76.329)	Acc@5 89.062 (95.546)
 * Acc@1 76.259 Acc@5 95.483
epoch 47, total time 51.74
Test: [0/94]	Time 0.169 (0.169)	Loss 0.8854 (0.8854)	Acc@1 78.125 (78.125)	Acc@5 93.750 (93.750)
 * Acc@1 66.100 Acc@5 88.367
==> training...
Epoch: [48][0/468]	Time 0.428 (0.428)	Data 0.369 (0.369)	Loss 0.7841 (0.7841)	Acc@1 79.688 (79.688)	Acc@5 96.875 (96.875)
Epoch: [48][100/468]	Time 0.109 (0.112)	Data 0.002 (0.006)	Loss 0.6692 (0.7231)	Acc@1 81.250 (78.527)	Acc@5 98.438 (96.101)
Epoch: [48][200/468]	Time 0.111 (0.111)	Data 0.002 (0.004)	Loss 0.7621 (0.7404)	Acc@1 79.688 (78.032)	Acc@5 95.312 (95.958)
Epoch: [48][300/468]	Time 0.109 (0.110)	Data 0.002 (0.003)	Loss 0.7952 (0.7586)	Acc@1 71.875 (77.409)	Acc@5 96.875 (95.826)
Epoch: [48][400/468]	Time 0.109 (0.110)	Data 0.002 (0.003)	Loss 0.6872 (0.7763)	Acc@1 79.688 (76.929)	Acc@5 96.875 (95.597)
 * Acc@1 76.683 Acc@5 95.473
epoch 48, total time 51.53
Test: [0/94]	Time 0.160 (0.160)	Loss 1.0079 (1.0079)	Acc@1 62.500 (62.500)	Acc@5 96.875 (96.875)
 * Acc@1 67.367 Acc@5 90.133
==> training...
Epoch: [49][0/468]	Time 0.428 (0.428)	Data 0.370 (0.370)	Loss 0.7840 (0.7840)	Acc@1 78.125 (78.125)	Acc@5 93.750 (93.750)
Epoch: [49][100/468]	Time 0.110 (0.113)	Data 0.002 (0.006)	Loss 0.6089 (0.6977)	Acc@1 84.375 (78.945)	Acc@5 98.438 (96.457)
Epoch: [49][200/468]	Time 0.110 (0.112)	Data 0.002 (0.004)	Loss 0.7482 (0.7395)	Acc@1 75.000 (77.744)	Acc@5 98.438 (96.074)
Epoch: [49][300/468]	Time 0.110 (0.111)	Data 0.002 (0.004)	Loss 0.6456 (0.7667)	Acc@1 82.812 (77.087)	Acc@5 95.312 (95.655)
Epoch: [49][400/468]	Time 0.109 (0.111)	Data 0.002 (0.003)	Loss 0.9574 (0.7801)	Acc@1 73.438 (76.703)	Acc@5 92.188 (95.558)
 * Acc@1 76.609 Acc@5 95.496
epoch 49, total time 51.72
Test: [0/94]	Time 0.153 (0.153)	Loss 1.1099 (1.1099)	Acc@1 65.625 (65.625)	Acc@5 90.625 (90.625)
 * Acc@1 61.933 Acc@5 86.567
==> training...
Epoch: [50][0/468]	Time 0.422 (0.422)	Data 0.362 (0.362)	Loss 0.5648 (0.5648)	Acc@1 82.812 (82.812)	Acc@5 96.875 (96.875)
Epoch: [50][100/468]	Time 0.110 (0.113)	Data 0.002 (0.006)	Loss 0.8568 (0.6790)	Acc@1 73.438 (79.703)	Acc@5 93.750 (96.457)
Epoch: [50][200/468]	Time 0.109 (0.111)	Data 0.002 (0.004)	Loss 0.8432 (0.7125)	Acc@1 75.000 (78.856)	Acc@5 93.750 (96.253)
Epoch: [50][300/468]	Time 0.109 (0.111)	Data 0.002 (0.003)	Loss 0.6423 (0.7316)	Acc@1 81.250 (78.322)	Acc@5 95.312 (95.993)
Epoch: [50][400/468]	Time 0.109 (0.110)	Data 0.002 (0.003)	Loss 0.7696 (0.7603)	Acc@1 71.875 (77.470)	Acc@5 96.875 (95.679)
 * Acc@1 77.173 Acc@5 95.550
epoch 50, total time 51.59
Test: [0/94]	Time 0.158 (0.158)	Loss 0.9253 (0.9253)	Acc@1 78.125 (78.125)	Acc@5 93.750 (93.750)
 * Acc@1 68.733 Acc@5 89.900
==> training...
Epoch: [51][0/468]	Time 0.427 (0.427)	Data 0.368 (0.368)	Loss 0.6098 (0.6098)	Acc@1 82.812 (82.812)	Acc@5 96.875 (96.875)
Epoch: [51][100/468]	Time 0.109 (0.113)	Data 0.002 (0.006)	Loss 0.5468 (0.7010)	Acc@1 84.375 (79.084)	Acc@5 98.438 (96.643)
Epoch: [51][200/468]	Time 0.109 (0.111)	Data 0.002 (0.004)	Loss 0.7983 (0.7129)	Acc@1 73.438 (78.848)	Acc@5 96.875 (96.346)
Epoch: [51][300/468]	Time 0.110 (0.111)	Data 0.002 (0.003)	Loss 0.7073 (0.7364)	Acc@1 78.125 (78.125)	Acc@5 95.312 (96.159)
Epoch: [51][400/468]	Time 0.109 (0.110)	Data 0.002 (0.003)	Loss 0.6154 (0.7457)	Acc@1 78.125 (77.813)	Acc@5 100.000 (96.010)
 * Acc@1 77.481 Acc@5 95.817
epoch 51, total time 51.62
Test: [0/94]	Time 0.164 (0.164)	Loss 1.3234 (1.3234)	Acc@1 65.625 (65.625)	Acc@5 84.375 (84.375)
 * Acc@1 65.933 Acc@5 88.100
==> training...
Epoch: [52][0/468]	Time 0.419 (0.419)	Data 0.361 (0.361)	Loss 0.7620 (0.7620)	Acc@1 75.000 (75.000)	Acc@5 98.438 (98.438)
Epoch: [52][100/468]	Time 0.109 (0.113)	Data 0.002 (0.006)	Loss 0.8809 (0.6677)	Acc@1 71.875 (80.028)	Acc@5 98.438 (96.705)
Epoch: [52][200/468]	Time 0.109 (0.111)	Data 0.001 (0.004)	Loss 0.7128 (0.7134)	Acc@1 79.688 (78.529)	Acc@5 98.438 (96.300)
Epoch: [52][300/468]	Time 0.109 (0.110)	Data 0.002 (0.003)	Loss 0.9025 (0.7373)	Acc@1 75.000 (77.959)	Acc@5 96.875 (95.920)
Epoch: [52][400/468]	Time 0.109 (0.110)	Data 0.002 (0.003)	Loss 0.8197 (0.7584)	Acc@1 71.875 (77.365)	Acc@5 95.312 (95.675)
 * Acc@1 77.007 Acc@5 95.520
epoch 52, total time 51.55
Test: [0/94]	Time 0.153 (0.153)	Loss 2.1553 (2.1553)	Acc@1 59.375 (59.375)	Acc@5 75.000 (75.000)
 * Acc@1 63.400 Acc@5 87.400
==> training...
Epoch: [53][0/468]	Time 0.418 (0.418)	Data 0.360 (0.360)	Loss 0.7891 (0.7891)	Acc@1 71.875 (71.875)	Acc@5 96.875 (96.875)
Epoch: [53][100/468]	Time 0.109 (0.113)	Data 0.002 (0.006)	Loss 0.6189 (0.6926)	Acc@1 79.688 (78.775)	Acc@5 96.875 (96.504)
Epoch: [53][200/468]	Time 0.110 (0.111)	Data 0.002 (0.004)	Loss 0.6968 (0.7343)	Acc@1 82.812 (77.627)	Acc@5 100.000 (96.129)
Epoch: [53][300/468]	Time 0.110 (0.111)	Data 0.002 (0.003)	Loss 0.7205 (0.7359)	Acc@1 76.562 (77.793)	Acc@5 93.750 (95.961)
Epoch: [53][400/468]	Time 0.109 (0.110)	Data 0.002 (0.003)	Loss 0.8601 (0.7489)	Acc@1 79.688 (77.583)	Acc@5 95.312 (95.839)
 * Acc@1 77.360 Acc@5 95.646
epoch 53, total time 51.71
Test: [0/94]	Time 0.163 (0.163)	Loss 1.1633 (1.1633)	Acc@1 78.125 (78.125)	Acc@5 84.375 (84.375)
 * Acc@1 65.500 Acc@5 89.533
==> training...
Epoch: [54][0/468]	Time 0.471 (0.471)	Data 0.414 (0.414)	Loss 0.6612 (0.6612)	Acc@1 78.125 (78.125)	Acc@5 100.000 (100.000)
Epoch: [54][100/468]	Time 0.109 (0.113)	Data 0.002 (0.006)	Loss 0.7724 (0.6729)	Acc@1 76.562 (79.765)	Acc@5 93.750 (96.581)
Epoch: [54][200/468]	Time 0.109 (0.112)	Data 0.001 (0.004)	Loss 0.5164 (0.7136)	Acc@1 82.812 (78.630)	Acc@5 98.438 (96.137)
Epoch: [54][300/468]	Time 0.109 (0.111)	Data 0.002 (0.004)	Loss 0.8710 (0.7321)	Acc@1 78.125 (78.198)	Acc@5 90.625 (96.018)
Epoch: [54][400/468]	Time 0.109 (0.111)	Data 0.002 (0.003)	Loss 0.8416 (0.7521)	Acc@1 78.125 (77.689)	Acc@5 92.188 (95.772)
 * Acc@1 77.457 Acc@5 95.757
epoch 54, total time 51.77
Test: [0/94]	Time 0.158 (0.158)	Loss 1.2050 (1.2050)	Acc@1 68.750 (68.750)	Acc@5 84.375 (84.375)
 * Acc@1 67.733 Acc@5 89.367
==> training...
Epoch: [55][0/468]	Time 0.426 (0.426)	Data 0.369 (0.369)	Loss 0.6995 (0.6995)	Acc@1 78.125 (78.125)	Acc@5 93.750 (93.750)
Epoch: [55][100/468]	Time 0.110 (0.113)	Data 0.002 (0.006)	Loss 0.5984 (0.6683)	Acc@1 81.250 (80.090)	Acc@5 96.875 (96.705)
Epoch: [55][200/468]	Time 0.110 (0.111)	Data 0.001 (0.004)	Loss 0.7165 (0.6928)	Acc@1 76.562 (79.120)	Acc@5 95.312 (96.603)
Epoch: [55][300/468]	Time 0.110 (0.111)	Data 0.002 (0.003)	Loss 0.7105 (0.7176)	Acc@1 79.688 (78.400)	Acc@5 98.438 (96.143)
Epoch: [55][400/468]	Time 0.109 (0.110)	Data 0.002 (0.003)	Loss 0.8095 (0.7400)	Acc@1 75.000 (77.774)	Acc@5 95.312 (95.858)
 * Acc@1 77.668 Acc@5 95.830
epoch 55, total time 51.67
Test: [0/94]	Time 0.154 (0.154)	Loss 1.1724 (1.1724)	Acc@1 68.750 (68.750)	Acc@5 84.375 (84.375)
 * Acc@1 65.300 Acc@5 89.500
==> training...
Epoch: [56][0/468]	Time 0.408 (0.408)	Data 0.351 (0.351)	Loss 0.7440 (0.7440)	Acc@1 79.688 (79.688)	Acc@5 93.750 (93.750)
Epoch: [56][100/468]	Time 0.110 (0.113)	Data 0.002 (0.006)	Loss 0.7429 (0.6845)	Acc@1 75.000 (79.486)	Acc@5 93.750 (96.287)
Epoch: [56][200/468]	Time 0.109 (0.111)	Data 0.002 (0.004)	Loss 0.4221 (0.7125)	Acc@1 89.062 (78.623)	Acc@5 100.000 (96.028)
Epoch: [56][300/468]	Time 0.109 (0.111)	Data 0.002 (0.003)	Loss 0.8363 (0.7258)	Acc@1 71.875 (78.307)	Acc@5 93.750 (95.987)
Epoch: [56][400/468]	Time 0.110 (0.110)	Data 0.002 (0.003)	Loss 0.7078 (0.7413)	Acc@1 79.688 (77.868)	Acc@5 93.750 (95.819)
 * Acc@1 77.601 Acc@5 95.733
epoch 56, total time 51.74
Test: [0/94]	Time 0.151 (0.151)	Loss 1.4498 (1.4498)	Acc@1 68.750 (68.750)	Acc@5 87.500 (87.500)
 * Acc@1 64.667 Acc@5 89.267
==> training...
Epoch: [57][0/468]	Time 0.407 (0.407)	Data 0.349 (0.349)	Loss 0.5463 (0.5463)	Acc@1 81.250 (81.250)	Acc@5 98.438 (98.438)
Epoch: [57][100/468]	Time 0.109 (0.113)	Data 0.002 (0.006)	Loss 0.6986 (0.6933)	Acc@1 78.125 (79.301)	Acc@5 95.312 (96.163)
Epoch: [57][200/468]	Time 0.109 (0.111)	Data 0.002 (0.004)	Loss 0.7956 (0.7058)	Acc@1 73.438 (78.863)	Acc@5 98.438 (96.137)
Epoch: [57][300/468]	Time 0.110 (0.111)	Data 0.002 (0.004)	Loss 0.5959 (0.7225)	Acc@1 79.688 (78.301)	Acc@5 98.438 (95.967)
Epoch: [57][400/468]	Time 0.111 (0.111)	Data 0.002 (0.003)	Loss 0.6800 (0.7370)	Acc@1 79.688 (77.876)	Acc@5 98.438 (95.877)
 * Acc@1 77.484 Acc@5 95.720
epoch 57, total time 51.77
Test: [0/94]	Time 0.160 (0.160)	Loss 1.0943 (1.0943)	Acc@1 71.875 (71.875)	Acc@5 84.375 (84.375)
 * Acc@1 66.867 Acc@5 88.700
==> training...
Epoch: [58][0/468]	Time 0.419 (0.419)	Data 0.361 (0.361)	Loss 0.5846 (0.5846)	Acc@1 85.938 (85.938)	Acc@5 98.438 (98.438)
Epoch: [58][100/468]	Time 0.109 (0.113)	Data 0.002 (0.006)	Loss 0.7987 (0.6558)	Acc@1 76.562 (80.755)	Acc@5 95.312 (96.504)
Epoch: [58][200/468]	Time 0.110 (0.111)	Data 0.002 (0.004)	Loss 0.6795 (0.6807)	Acc@1 79.688 (79.820)	Acc@5 95.312 (96.253)
Epoch: [58][300/468]	Time 0.110 (0.111)	Data 0.002 (0.004)	Loss 0.7379 (0.7119)	Acc@1 79.688 (78.852)	Acc@5 95.312 (96.081)
Epoch: [58][400/468]	Time 0.108 (0.111)	Data 0.002 (0.003)	Loss 1.0814 (0.7368)	Acc@1 71.875 (78.230)	Acc@5 93.750 (95.815)
 * Acc@1 77.855 Acc@5 95.716
epoch 58, total time 51.78
Test: [0/94]	Time 0.153 (0.153)	Loss 1.0512 (1.0512)	Acc@1 75.000 (75.000)	Acc@5 93.750 (93.750)
 * Acc@1 69.700 Acc@5 90.000
==> training...
Epoch: [59][0/468]	Time 0.427 (0.427)	Data 0.368 (0.368)	Loss 0.7224 (0.7224)	Acc@1 76.562 (76.562)	Acc@5 96.875 (96.875)
Epoch: [59][100/468]	Time 0.109 (0.113)	Data 0.002 (0.006)	Loss 0.6899 (0.6548)	Acc@1 79.688 (80.353)	Acc@5 95.312 (97.308)
Epoch: [59][200/468]	Time 0.109 (0.111)	Data 0.002 (0.004)	Loss 0.9115 (0.6787)	Acc@1 78.125 (79.789)	Acc@5 96.875 (96.673)
Epoch: [59][300/468]	Time 0.110 (0.111)	Data 0.002 (0.003)	Loss 0.5804 (0.7084)	Acc@1 82.812 (78.961)	Acc@5 95.312 (96.356)
Epoch: [59][400/468]	Time 0.110 (0.110)	Data 0.002 (0.003)	Loss 0.7600 (0.7300)	Acc@1 75.000 (78.285)	Acc@5 98.438 (96.158)
 * Acc@1 78.018 Acc@5 96.074
epoch 59, total time 51.72
Test: [0/94]	Time 0.155 (0.155)	Loss 1.0369 (1.0369)	Acc@1 75.000 (75.000)	Acc@5 90.625 (90.625)
 * Acc@1 67.833 Acc@5 89.500
==> training...
Epoch: [60][0/468]	Time 0.425 (0.425)	Data 0.366 (0.366)	Loss 0.5902 (0.5902)	Acc@1 85.938 (85.938)	Acc@5 98.438 (98.438)
Epoch: [60][100/468]	Time 0.109 (0.113)	Data 0.002 (0.006)	Loss 0.3884 (0.6471)	Acc@1 90.625 (80.739)	Acc@5 100.000 (96.875)
Epoch: [60][200/468]	Time 0.109 (0.111)	Data 0.002 (0.004)	Loss 0.8716 (0.6917)	Acc@1 76.562 (79.563)	Acc@5 89.062 (96.424)
Epoch: [60][300/468]	Time 0.109 (0.111)	Data 0.002 (0.003)	Loss 0.8544 (0.7244)	Acc@1 75.000 (78.416)	Acc@5 95.312 (96.060)
Epoch: [60][400/468]	Time 0.110 (0.111)	Data 0.002 (0.003)	Loss 0.8921 (0.7422)	Acc@1 73.438 (77.876)	Acc@5 96.875 (95.858)
 * Acc@1 77.708 Acc@5 95.767
epoch 60, total time 51.77
Test: [0/94]	Time 2.302 (2.302)	Loss 1.0773 (1.0773)	Acc@1 68.750 (68.750)	Acc@5 87.500 (87.500)
 * Acc@1 66.600 Acc@5 90.000
==> training...
Epoch: [61][0/468]	Time 2.896 (2.896)	Data 2.833 (2.833)	Loss 0.6924 (0.6924)	Acc@1 81.250 (81.250)	Acc@5 96.875 (96.875)
Epoch: [61][100/468]	Time 0.109 (0.137)	Data 0.002 (0.030)	Loss 0.5552 (0.5351)	Acc@1 85.938 (84.623)	Acc@5 98.438 (97.525)
Epoch: [61][200/468]	Time 0.109 (0.123)	Data 0.002 (0.016)	Loss 0.4477 (0.4594)	Acc@1 89.062 (86.979)	Acc@5 100.000 (98.158)
Epoch: [61][300/468]	Time 0.109 (0.119)	Data 0.002 (0.012)	Loss 0.2558 (0.4282)	Acc@1 93.750 (87.895)	Acc@5 98.438 (98.375)
Epoch: [61][400/468]	Time 0.109 (0.116)	Data 0.002 (0.009)	Loss 0.2414 (0.4063)	Acc@1 95.312 (88.529)	Acc@5 98.438 (98.527)
 * Acc@1 88.852 Acc@5 98.634
epoch 61, total time 54.01
Test: [0/94]	Time 0.154 (0.154)	Loss 0.8530 (0.8530)	Acc@1 78.125 (78.125)	Acc@5 90.625 (90.625)
 * Acc@1 79.267 Acc@5 94.300
==> training...
Epoch: [62][0/468]	Time 0.422 (0.422)	Data 0.363 (0.363)	Loss 0.2014 (0.2014)	Acc@1 95.312 (95.312)	Acc@5 100.000 (100.000)
Epoch: [62][100/468]	Time 0.109 (0.113)	Data 0.002 (0.006)	Loss 0.2437 (0.2785)	Acc@1 95.312 (92.358)	Acc@5 100.000 (99.273)
Epoch: [62][200/468]	Time 0.109 (0.111)	Data 0.001 (0.004)	Loss 0.2569 (0.2776)	Acc@1 95.312 (92.592)	Acc@5 100.000 (99.238)
Epoch: [62][300/468]	Time 0.109 (0.111)	Data 0.002 (0.003)	Loss 0.3389 (0.2807)	Acc@1 90.625 (92.374)	Acc@5 98.438 (99.232)
Epoch: [62][400/468]	Time 0.110 (0.110)	Data 0.002 (0.003)	Loss 0.2563 (0.2792)	Acc@1 92.188 (92.429)	Acc@5 100.000 (99.240)
 * Acc@1 92.511 Acc@5 99.252
epoch 62, total time 51.67
Test: [0/94]	Time 0.157 (0.157)	Loss 0.7920 (0.7920)	Acc@1 75.000 (75.000)	Acc@5 90.625 (90.625)
 * Acc@1 79.067 Acc@5 94.300
==> training...
Epoch: [63][0/468]	Time 0.416 (0.416)	Data 0.357 (0.357)	Loss 0.2828 (0.2828)	Acc@1 92.188 (92.188)	Acc@5 100.000 (100.000)
Epoch: [63][100/468]	Time 0.110 (0.113)	Data 0.002 (0.006)	Loss 0.2907 (0.2250)	Acc@1 89.062 (94.431)	Acc@5 100.000 (99.505)
Epoch: [63][200/468]	Time 0.109 (0.112)	Data 0.001 (0.004)	Loss 0.1949 (0.2325)	Acc@1 96.875 (94.014)	Acc@5 98.438 (99.464)
Epoch: [63][300/468]	Time 0.109 (0.111)	Data 0.002 (0.003)	Loss 0.2848 (0.2306)	Acc@1 93.750 (94.077)	Acc@5 96.875 (99.476)
Epoch: [63][400/468]	Time 0.111 (0.111)	Data 0.002 (0.003)	Loss 0.5127 (0.2280)	Acc@1 87.500 (94.070)	Acc@5 95.312 (99.482)
 * Acc@1 94.037 Acc@5 99.466
epoch 63, total time 51.77
Test: [0/94]	Time 0.153 (0.153)	Loss 0.9495 (0.9495)	Acc@1 75.000 (75.000)	Acc@5 87.500 (87.500)
 * Acc@1 79.367 Acc@5 94.100
==> training...
Epoch: [64][0/468]	Time 0.418 (0.418)	Data 0.357 (0.357)	Loss 0.1826 (0.1826)	Acc@1 93.750 (93.750)	Acc@5 100.000 (100.000)
Epoch: [64][100/468]	Time 0.110 (0.113)	Data 0.002 (0.006)	Loss 0.2085 (0.1983)	Acc@1 93.750 (94.879)	Acc@5 100.000 (99.598)
Epoch: [64][200/468]	Time 0.111 (0.111)	Data 0.002 (0.004)	Loss 0.2134 (0.1961)	Acc@1 93.750 (95.180)	Acc@5 100.000 (99.611)
Epoch: [64][300/468]	Time 0.109 (0.111)	Data 0.002 (0.003)	Loss 0.2503 (0.1950)	Acc@1 92.188 (94.991)	Acc@5 100.000 (99.590)
Epoch: [64][400/468]	Time 0.109 (0.110)	Data 0.002 (0.003)	Loss 0.1388 (0.1954)	Acc@1 93.750 (94.915)	Acc@5 100.000 (99.614)
 * Acc@1 94.822 Acc@5 99.593
epoch 64, total time 51.71
Test: [0/94]	Time 0.159 (0.159)	Loss 0.7932 (0.7932)	Acc@1 75.000 (75.000)	Acc@5 93.750 (93.750)
 * Acc@1 80.100 Acc@5 94.433
==> training...
Epoch: [65][0/468]	Time 0.409 (0.409)	Data 0.351 (0.351)	Loss 0.1661 (0.1661)	Acc@1 95.312 (95.312)	Acc@5 100.000 (100.000)
Epoch: [65][100/468]	Time 0.110 (0.113)	Data 0.002 (0.006)	Loss 0.2132 (0.1766)	Acc@1 92.188 (95.514)	Acc@5 100.000 (99.722)
Epoch: [65][200/468]	Time 0.110 (0.111)	Data 0.002 (0.004)	Loss 0.0951 (0.1728)	Acc@1 96.875 (95.600)	Acc@5 100.000 (99.681)
Epoch: [65][300/468]	Time 0.110 (0.111)	Data 0.002 (0.003)	Loss 0.1637 (0.1740)	Acc@1 95.312 (95.608)	Acc@5 100.000 (99.673)
Epoch: [65][400/468]	Time 0.110 (0.119)	Data 0.002 (0.011)	Loss 0.1971 (0.1726)	Acc@1 93.750 (95.640)	Acc@5 100.000 (99.673)
 * Acc@1 95.550 Acc@5 99.679
epoch 65, total time 55.14
Test: [0/94]	Time 0.155 (0.155)	Loss 0.9798 (0.9798)	Acc@1 71.875 (71.875)	Acc@5 87.500 (87.500)
 * Acc@1 79.767 Acc@5 94.667
==> training...
Epoch: [66][0/468]	Time 0.395 (0.395)	Data 0.337 (0.337)	Loss 0.2471 (0.2471)	Acc@1 90.625 (90.625)	Acc@5 100.000 (100.000)
Epoch: [66][100/468]	Time 0.110 (0.113)	Data 0.002 (0.006)	Loss 0.1565 (0.1485)	Acc@1 100.000 (96.395)	Acc@5 100.000 (99.783)
Epoch: [66][200/468]	Time 0.109 (0.111)	Data 0.002 (0.004)	Loss 0.1268 (0.1508)	Acc@1 96.875 (96.300)	Acc@5 100.000 (99.767)
Epoch: [66][300/468]	Time 0.110 (0.111)	Data 0.002 (0.003)	Loss 0.1606 (0.1541)	Acc@1 96.875 (96.086)	Acc@5 100.000 (99.761)
Epoch: [66][400/468]	Time 0.110 (0.110)	Data 0.002 (0.003)	Loss 0.1042 (0.1530)	Acc@1 98.438 (96.158)	Acc@5 100.000 (99.755)
 * Acc@1 96.151 Acc@5 99.736
epoch 66, total time 51.68
Test: [0/94]	Time 0.165 (0.165)	Loss 0.8684 (0.8684)	Acc@1 78.125 (78.125)	Acc@5 90.625 (90.625)
 * Acc@1 80.400 Acc@5 94.433
==> training...
Epoch: [67][0/468]	Time 0.405 (0.405)	Data 0.344 (0.344)	Loss 0.1441 (0.1441)	Acc@1 96.875 (96.875)	Acc@5 98.438 (98.438)
Epoch: [67][100/468]	Time 0.110 (0.112)	Data 0.002 (0.006)	Loss 0.0924 (0.1337)	Acc@1 100.000 (96.720)	Acc@5 100.000 (99.752)
Epoch: [67][200/468]	Time 0.110 (0.111)	Data 0.002 (0.004)	Loss 0.1547 (0.1367)	Acc@1 93.750 (96.611)	Acc@5 100.000 (99.782)
Epoch: [67][300/468]	Time 0.110 (0.111)	Data 0.002 (0.003)	Loss 0.1560 (0.1360)	Acc@1 95.312 (96.673)	Acc@5 100.000 (99.787)
Epoch: [67][400/468]	Time 0.110 (0.111)	Data 0.002 (0.003)	Loss 0.0786 (0.1366)	Acc@1 98.438 (96.661)	Acc@5 100.000 (99.821)
 * Acc@1 96.695 Acc@5 99.816
epoch 67, total time 64.52
Test: [0/94]	Time 0.157 (0.157)	Loss 0.8805 (0.8805)	Acc@1 78.125 (78.125)	Acc@5 90.625 (90.625)
 * Acc@1 80.533 Acc@5 94.333
==> training...
Epoch: [68][0/468]	Time 0.402 (0.402)	Data 0.344 (0.344)	Loss 0.2142 (0.2142)	Acc@1 96.875 (96.875)	Acc@5 98.438 (98.438)
Epoch: [68][100/468]	Time 0.109 (0.113)	Data 0.002 (0.006)	Loss 0.2203 (0.1240)	Acc@1 92.188 (96.983)	Acc@5 98.438 (99.783)
Epoch: [68][200/468]	Time 0.109 (0.111)	Data 0.002 (0.004)	Loss 0.1328 (0.1243)	Acc@1 96.875 (96.976)	Acc@5 100.000 (99.790)
Epoch: [68][300/468]	Time 0.109 (0.111)	Data 0.002 (0.004)	Loss 0.2038 (0.1240)	Acc@1 95.312 (96.932)	Acc@5 98.438 (99.818)
Epoch: [68][400/468]	Time 0.110 (0.110)	Data 0.002 (0.003)	Loss 0.1804 (0.1252)	Acc@1 95.312 (96.922)	Acc@5 98.438 (99.813)
 * Acc@1 96.838 Acc@5 99.820
epoch 68, total time 51.59
Test: [0/94]	Time 0.151 (0.151)	Loss 0.8776 (0.8776)	Acc@1 75.000 (75.000)	Acc@5 90.625 (90.625)
 * Acc@1 79.967 Acc@5 94.200
==> training...
Epoch: [69][0/468]	Time 0.442 (0.442)	Data 0.365 (0.365)	Loss 0.1281 (0.1281)	Acc@1 96.875 (96.875)	Acc@5 98.438 (98.438)
Epoch: [69][100/468]	Time 0.110 (0.113)	Data 0.002 (0.006)	Loss 0.1502 (0.1083)	Acc@1 95.312 (97.401)	Acc@5 100.000 (99.954)
Epoch: [69][200/468]	Time 0.110 (0.112)	Data 0.002 (0.004)	Loss 0.1412 (0.1131)	Acc@1 98.438 (97.248)	Acc@5 100.000 (99.930)
Epoch: [69][300/468]	Time 0.110 (0.111)	Data 0.002 (0.004)	Loss 0.1565 (0.1139)	Acc@1 93.750 (97.233)	Acc@5 100.000 (99.896)
Epoch: [69][400/468]	Time 0.110 (0.111)	Data 0.002 (0.003)	Loss 0.1224 (0.1138)	Acc@1 96.875 (97.253)	Acc@5 100.000 (99.899)
 * Acc@1 97.246 Acc@5 99.900
epoch 69, total time 51.95
Test: [0/94]	Time 13.340 (13.340)	Loss 0.8544 (0.8544)	Acc@1 71.875 (71.875)	Acc@5 90.625 (90.625)
 * Acc@1 79.967 Acc@5 94.233
==> training...
Epoch: [70][0/468]	Time 0.416 (0.416)	Data 0.356 (0.356)	Loss 0.0536 (0.0536)	Acc@1 100.000 (100.000)	Acc@5 100.000 (100.000)
Epoch: [70][100/468]	Time 0.108 (0.112)	Data 0.002 (0.006)	Loss 0.0910 (0.0962)	Acc@1 98.438 (98.082)	Acc@5 100.000 (99.923)
Epoch: [70][200/468]	Time 0.110 (0.111)	Data 0.002 (0.004)	Loss 0.0660 (0.0988)	Acc@1 96.875 (97.839)	Acc@5 100.000 (99.938)
Epoch: [70][300/468]	Time 0.109 (0.110)	Data 0.002 (0.003)	Loss 0.1215 (0.1001)	Acc@1 96.875 (97.872)	Acc@5 100.000 (99.917)
Epoch: [70][400/468]	Time 0.110 (0.110)	Data 0.002 (0.003)	Loss 0.0557 (0.1016)	Acc@1 100.000 (97.779)	Acc@5 100.000 (99.918)
 * Acc@1 97.746 Acc@5 99.920
epoch 70, total time 51.55
Test: [0/94]	Time 0.150 (0.150)	Loss 1.0510 (1.0510)	Acc@1 81.250 (81.250)	Acc@5 90.625 (90.625)
 * Acc@1 79.867 Acc@5 94.467
==> training...
Epoch: [71][0/468]	Time 0.404 (0.404)	Data 0.345 (0.345)	Loss 0.0773 (0.0773)	Acc@1 98.438 (98.438)	Acc@5 100.000 (100.000)
Epoch: [71][100/468]	Time 0.109 (0.113)	Data 0.002 (0.006)	Loss 0.0956 (0.0972)	Acc@1 98.438 (98.020)	Acc@5 100.000 (99.969)
Epoch: [71][200/468]	Time 0.110 (0.112)	Data 0.002 (0.004)	Loss 0.1473 (0.0940)	Acc@1 96.875 (97.963)	Acc@5 100.000 (99.953)
Epoch: [71][300/468]	Time 0.110 (0.111)	Data 0.002 (0.004)	Loss 0.0691 (0.0941)	Acc@1 96.875 (98.017)	Acc@5 100.000 (99.958)
Epoch: [71][400/468]	Time 0.109 (0.111)	Data 0.002 (0.003)	Loss 0.0392 (0.0931)	Acc@1 100.000 (98.044)	Acc@5 100.000 (99.957)
 * Acc@1 97.980 Acc@5 99.947
epoch 71, total time 51.73
Test: [0/94]	Time 0.265 (0.265)	Loss 0.8545 (0.8545)	Acc@1 78.125 (78.125)	Acc@5 90.625 (90.625)
 * Acc@1 80.400 Acc@5 94.500
==> training...
Epoch: [72][0/468]	Time 0.414 (0.414)	Data 0.353 (0.353)	Loss 0.1088 (0.1088)	Acc@1 98.438 (98.438)	Acc@5 100.000 (100.000)
Epoch: [72][100/468]	Time 0.109 (0.113)	Data 0.002 (0.006)	Loss 0.0326 (0.0779)	Acc@1 100.000 (98.453)	Acc@5 100.000 (100.000)
Epoch: [72][200/468]	Time 0.109 (0.111)	Data 0.002 (0.004)	Loss 0.0610 (0.0802)	Acc@1 98.438 (98.391)	Acc@5 100.000 (99.961)
Epoch: [72][300/468]	Time 0.110 (0.111)	Data 0.002 (0.004)	Loss 0.0390 (0.0834)	Acc@1 100.000 (98.225)	Acc@5 100.000 (99.948)
Epoch: [72][400/468]	Time 0.109 (0.110)	Data 0.002 (0.003)	Loss 0.0963 (0.0850)	Acc@1 96.875 (98.212)	Acc@5 100.000 (99.934)
 * Acc@1 98.197 Acc@5 99.930
epoch 72, total time 51.65
Test: [0/94]	Time 0.153 (0.153)	Loss 0.8955 (0.8955)	Acc@1 78.125 (78.125)	Acc@5 90.625 (90.625)
 * Acc@1 79.667 Acc@5 94.033
==> training...
Epoch: [73][0/468]	Time 0.403 (0.403)	Data 0.342 (0.342)	Loss 0.0709 (0.0709)	Acc@1 98.438 (98.438)	Acc@5 100.000 (100.000)
Epoch: [73][100/468]	Time 0.109 (0.115)	Data 0.002 (0.006)	Loss 0.0427 (0.0745)	Acc@1 100.000 (98.453)	Acc@5 100.000 (99.985)
Epoch: [73][200/468]	Time 0.110 (0.112)	Data 0.002 (0.004)	Loss 0.0708 (0.0738)	Acc@1 98.438 (98.523)	Acc@5 100.000 (99.961)
Epoch: [73][300/468]	Time 0.110 (0.112)	Data 0.002 (0.004)	Loss 0.0796 (0.0752)	Acc@1 98.438 (98.458)	Acc@5 100.000 (99.969)
Epoch: [73][400/468]	Time 0.110 (0.111)	Data 0.002 (0.003)	Loss 0.0531 (0.0771)	Acc@1 100.000 (98.340)	Acc@5 100.000 (99.969)
 * Acc@1 98.327 Acc@5 99.967
epoch 73, total time 51.98
Test: [0/94]	Time 0.153 (0.153)	Loss 1.0420 (1.0420)	Acc@1 71.875 (71.875)	Acc@5 90.625 (90.625)
 * Acc@1 80.233 Acc@5 94.233
==> training...
Epoch: [74][0/468]	Time 0.402 (0.402)	Data 0.342 (0.342)	Loss 0.0455 (0.0455)	Acc@1 98.438 (98.438)	Acc@5 100.000 (100.000)
Epoch: [74][100/468]	Time 0.110 (0.114)	Data 0.002 (0.007)	Loss 0.0895 (0.0757)	Acc@1 96.875 (98.422)	Acc@5 100.000 (99.985)
Epoch: [74][200/468]	Time 0.110 (0.112)	Data 0.002 (0.005)	Loss 0.1220 (0.0733)	Acc@1 98.438 (98.523)	Acc@5 100.000 (99.977)
Epoch: [74][300/468]	Time 0.110 (0.111)	Data 0.002 (0.004)	Loss 0.0479 (0.0721)	Acc@1 98.438 (98.609)	Acc@5 100.000 (99.974)
Epoch: [74][400/468]	Time 0.111 (0.111)	Data 0.002 (0.003)	Loss 0.0561 (0.0717)	Acc@1 98.438 (98.652)	Acc@5 100.000 (99.973)
 * Acc@1 98.638 Acc@5 99.973
epoch 74, total time 51.96
Test: [0/94]	Time 0.159 (0.159)	Loss 0.9243 (0.9243)	Acc@1 78.125 (78.125)	Acc@5 87.500 (87.500)
 * Acc@1 79.833 Acc@5 94.133
==> training...
Epoch: [75][0/468]	Time 0.401 (0.401)	Data 0.342 (0.342)	Loss 0.0424 (0.0424)	Acc@1 100.000 (100.000)	Acc@5 100.000 (100.000)
Epoch: [75][100/468]	Time 0.110 (0.113)	Data 0.002 (0.006)	Loss 0.0480 (0.0668)	Acc@1 100.000 (98.700)	Acc@5 100.000 (99.954)
Epoch: [75][200/468]	Time 0.110 (0.111)	Data 0.002 (0.004)	Loss 0.0435 (0.0663)	Acc@1 98.438 (98.686)	Acc@5 100.000 (99.977)
Epoch: [75][300/468]	Time 0.110 (0.111)	Data 0.002 (0.004)	Loss 0.0504 (0.0655)	Acc@1 98.438 (98.796)	Acc@5 100.000 (99.979)
Epoch: [75][400/468]	Time 0.109 (0.111)	Data 0.002 (0.003)	Loss 0.0897 (0.0662)	Acc@1 98.438 (98.757)	Acc@5 100.000 (99.984)
 * Acc@1 98.675 Acc@5 99.980
epoch 75, total time 51.89
Test: [0/94]	Time 0.161 (0.161)	Loss 0.9335 (0.9335)	Acc@1 75.000 (75.000)	Acc@5 90.625 (90.625)
 * Acc@1 80.167 Acc@5 94.233
==> training...
Epoch: [76][0/468]	Time 0.418 (0.418)	Data 0.357 (0.357)	Loss 0.0352 (0.0352)	Acc@1 100.000 (100.000)	Acc@5 100.000 (100.000)
Epoch: [76][100/468]	Time 0.110 (0.114)	Data 0.002 (0.006)	Loss 0.0543 (0.0614)	Acc@1 100.000 (98.855)	Acc@5 100.000 (100.000)
Epoch: [76][200/468]	Time 0.110 (0.112)	Data 0.002 (0.004)	Loss 0.0526 (0.0615)	Acc@1 100.000 (98.850)	Acc@5 100.000 (99.984)
Epoch: [76][300/468]	Time 0.110 (0.111)	Data 0.002 (0.004)	Loss 0.0521 (0.0628)	Acc@1 100.000 (98.832)	Acc@5 100.000 (99.990)
Epoch: [76][400/468]	Time 0.112 (0.111)	Data 0.002 (0.003)	Loss 0.1063 (0.0629)	Acc@1 98.438 (98.839)	Acc@5 100.000 (99.988)
 * Acc@1 98.855 Acc@5 99.990
epoch 76, total time 51.90
Test: [0/94]	Time 0.157 (0.157)	Loss 0.9280 (0.9280)	Acc@1 78.125 (78.125)	Acc@5 90.625 (90.625)
 * Acc@1 80.300 Acc@5 94.200
==> training...
Epoch: [77][0/468]	Time 0.414 (0.414)	Data 0.353 (0.353)	Loss 0.0560 (0.0560)	Acc@1 98.438 (98.438)	Acc@5 100.000 (100.000)
Epoch: [77][100/468]	Time 0.110 (0.113)	Data 0.002 (0.006)	Loss 0.0548 (0.0593)	Acc@1 98.438 (98.917)	Acc@5 100.000 (99.985)
Epoch: [77][200/468]	Time 0.110 (0.112)	Data 0.002 (0.004)	Loss 0.0328 (0.0582)	Acc@1 100.000 (98.989)	Acc@5 100.000 (99.992)
Epoch: [77][300/468]	Time 0.110 (0.111)	Data 0.002 (0.004)	Loss 0.0666 (0.0588)	Acc@1 100.000 (98.998)	Acc@5 100.000 (99.990)
Epoch: [77][400/468]	Time 0.110 (0.111)	Data 0.002 (0.003)	Loss 0.0644 (0.0593)	Acc@1 100.000 (98.979)	Acc@5 100.000 (99.988)
 * Acc@1 99.005 Acc@5 99.987
epoch 77, total time 51.87
Test: [0/94]	Time 0.155 (0.155)	Loss 0.9202 (0.9202)	Acc@1 78.125 (78.125)	Acc@5 90.625 (90.625)
 * Acc@1 80.433 Acc@5 94.600
==> training...
Epoch: [78][0/468]	Time 0.421 (0.421)	Data 0.362 (0.362)	Loss 0.0759 (0.0759)	Acc@1 98.438 (98.438)	Acc@5 100.000 (100.000)
Epoch: [78][100/468]	Time 0.111 (0.114)	Data 0.002 (0.006)	Loss 0.0694 (0.0552)	Acc@1 96.875 (98.902)	Acc@5 100.000 (99.954)
Epoch: [78][200/468]	Time 0.110 (0.112)	Data 0.002 (0.004)	Loss 0.0415 (0.0556)	Acc@1 100.000 (98.927)	Acc@5 100.000 (99.977)
Epoch: [78][300/468]	Time 0.110 (0.112)	Data 0.002 (0.004)	Loss 0.0690 (0.0579)	Acc@1 100.000 (98.863)	Acc@5 100.000 (99.984)
Epoch: [78][400/468]	Time 0.110 (0.111)	Data 0.002 (0.003)	Loss 0.0481 (0.0587)	Acc@1 100.000 (98.843)	Acc@5 100.000 (99.988)
 * Acc@1 98.845 Acc@5 99.990
epoch 78, total time 52.08
Test: [0/94]	Time 0.156 (0.156)	Loss 0.9464 (0.9464)	Acc@1 78.125 (78.125)	Acc@5 90.625 (90.625)
 * Acc@1 79.800 Acc@5 94.200
==> training...
Epoch: [79][0/468]	Time 0.449 (0.449)	Data 0.390 (0.390)	Loss 0.0539 (0.0539)	Acc@1 98.438 (98.438)	Acc@5 100.000 (100.000)
Epoch: [79][100/468]	Time 0.109 (0.113)	Data 0.002 (0.006)	Loss 0.0791 (0.0480)	Acc@1 98.438 (99.273)	Acc@5 100.000 (99.985)
Epoch: [79][200/468]	Time 0.110 (0.111)	Data 0.002 (0.004)	Loss 0.0347 (0.0492)	Acc@1 100.000 (99.223)	Acc@5 100.000 (99.992)
Epoch: [79][300/468]	Time 0.110 (0.111)	Data 0.002 (0.004)	Loss 0.0729 (0.0510)	Acc@1 98.438 (99.128)	Acc@5 100.000 (99.995)
Epoch: [79][400/468]	Time 0.110 (0.111)	Data 0.002 (0.003)	Loss 0.0420 (0.0530)	Acc@1 100.000 (99.026)	Acc@5 100.000 (99.996)
 * Acc@1 99.035 Acc@5 99.997
epoch 79, total time 51.86
Test: [0/94]	Time 0.151 (0.151)	Loss 0.9438 (0.9438)	Acc@1 78.125 (78.125)	Acc@5 87.500 (87.500)
 * Acc@1 79.767 Acc@5 93.867
==> training...
Epoch: [80][0/468]	Time 0.404 (0.404)	Data 0.346 (0.346)	Loss 0.1278 (0.1278)	Acc@1 95.312 (95.312)	Acc@5 100.000 (100.000)
Epoch: [80][100/468]	Time 0.110 (0.113)	Data 0.002 (0.006)	Loss 0.0666 (0.0481)	Acc@1 100.000 (99.273)	Acc@5 100.000 (100.000)
Epoch: [80][200/468]	Time 0.110 (0.112)	Data 0.002 (0.004)	Loss 0.0863 (0.0474)	Acc@1 98.438 (99.324)	Acc@5 100.000 (100.000)
Epoch: [80][300/468]	Time 0.111 (0.111)	Data 0.002 (0.004)	Loss 0.0182 (0.0483)	Acc@1 100.000 (99.273)	Acc@5 100.000 (99.995)
Epoch: [80][400/468]	Time 0.111 (0.111)	Data 0.002 (0.003)	Loss 0.0692 (0.0494)	Acc@1 98.438 (99.209)	Acc@5 100.000 (99.996)
 * Acc@1 99.225 Acc@5 99.997
epoch 80, total time 51.88
Test: [0/94]	Time 0.150 (0.150)	Loss 1.0270 (1.0270)	Acc@1 78.125 (78.125)	Acc@5 90.625 (90.625)
 * Acc@1 79.800 Acc@5 94.233
==> training...
Epoch: [81][0/468]	Time 0.411 (0.411)	Data 0.345 (0.345)	Loss 0.0543 (0.0543)	Acc@1 100.000 (100.000)	Acc@5 100.000 (100.000)
Epoch: [81][100/468]	Time 0.110 (0.113)	Data 0.002 (0.006)	Loss 0.0739 (0.0463)	Acc@1 98.438 (99.273)	Acc@5 100.000 (100.000)
Epoch: [81][200/468]	Time 0.109 (0.117)	Data 0.002 (0.010)	Loss 0.0373 (0.0443)	Acc@1 100.000 (99.347)	Acc@5 100.000 (100.000)
Epoch: [81][300/468]	Time 0.109 (0.114)	Data 0.002 (0.007)	Loss 0.0469 (0.0438)	Acc@1 98.438 (99.299)	Acc@5 100.000 (100.000)
Epoch: [81][400/468]	Time 0.110 (0.113)	Data 0.002 (0.006)	Loss 0.0800 (0.0433)	Acc@1 98.438 (99.295)	Acc@5 100.000 (100.000)
 * Acc@1 99.296 Acc@5 100.000
epoch 81, total time 52.85
Test: [0/94]	Time 0.163 (0.163)	Loss 1.0248 (1.0248)	Acc@1 75.000 (75.000)	Acc@5 90.625 (90.625)
 * Acc@1 79.867 Acc@5 94.433
==> training...
Epoch: [82][0/468]	Time 0.418 (0.418)	Data 0.358 (0.358)	Loss 0.0426 (0.0426)	Acc@1 98.438 (98.438)	Acc@5 100.000 (100.000)
Epoch: [82][100/468]	Time 0.111 (0.113)	Data 0.002 (0.006)	Loss 0.0714 (0.0410)	Acc@1 96.875 (99.412)	Acc@5 100.000 (100.000)
Epoch: [82][200/468]	Time 0.110 (0.111)	Data 0.002 (0.004)	Loss 0.0502 (0.0402)	Acc@1 100.000 (99.394)	Acc@5 100.000 (99.992)
Epoch: [82][300/468]	Time 0.110 (0.111)	Data 0.002 (0.004)	Loss 0.0396 (0.0402)	Acc@1 98.438 (99.413)	Acc@5 100.000 (99.995)
Epoch: [82][400/468]	Time 0.110 (0.111)	Data 0.002 (0.003)	Loss 0.0631 (0.0404)	Acc@1 100.000 (99.400)	Acc@5 100.000 (99.996)
 * Acc@1 99.392 Acc@5 99.997
epoch 82, total time 51.83
Test: [0/94]	Time 0.156 (0.156)	Loss 0.9786 (0.9786)	Acc@1 81.250 (81.250)	Acc@5 90.625 (90.625)
 * Acc@1 79.933 Acc@5 94.300
==> training...
Epoch: [83][0/468]	Time 0.397 (0.397)	Data 0.339 (0.339)	Loss 0.0539 (0.0539)	Acc@1 98.438 (98.438)	Acc@5 100.000 (100.000)
Epoch: [83][100/468]	Time 0.110 (0.114)	Data 0.002 (0.006)	Loss 0.0262 (0.0353)	Acc@1 100.000 (99.644)	Acc@5 100.000 (100.000)
Epoch: [83][200/468]	Time 0.110 (0.112)	Data 0.002 (0.004)	Loss 0.0281 (0.0348)	Acc@1 100.000 (99.635)	Acc@5 100.000 (99.992)
Epoch: [83][300/468]	Time 0.110 (0.125)	Data 0.002 (0.017)	Loss 0.0176 (0.0361)	Acc@1 100.000 (99.554)	Acc@5 100.000 (99.995)
Epoch: [83][400/468]	Time 0.110 (0.121)	Data 0.002 (0.014)	Loss 0.0181 (0.0362)	Acc@1 100.000 (99.536)	Acc@5 100.000 (99.992)
 * Acc@1 99.529 Acc@5 99.993
epoch 83, total time 55.93
Test: [0/94]	Time 0.151 (0.151)	Loss 0.9432 (0.9432)	Acc@1 81.250 (81.250)	Acc@5 90.625 (90.625)
 * Acc@1 80.133 Acc@5 94.400
==> training...
Epoch: [84][0/468]	Time 0.414 (0.414)	Data 0.354 (0.354)	Loss 0.0308 (0.0308)	Acc@1 100.000 (100.000)	Acc@5 100.000 (100.000)
Epoch: [84][100/468]	Time 0.110 (0.113)	Data 0.002 (0.006)	Loss 0.0376 (0.0380)	Acc@1 98.438 (99.428)	Acc@5 100.000 (100.000)
Epoch: [84][200/468]	Time 0.109 (0.111)	Data 0.002 (0.004)	Loss 0.0224 (0.0382)	Acc@1 100.000 (99.471)	Acc@5 100.000 (100.000)
Epoch: [84][300/468]	Time 0.110 (0.111)	Data 0.002 (0.004)	Loss 0.0362 (0.0369)	Acc@1 100.000 (99.471)	Acc@5 100.000 (100.000)
Epoch: [84][400/468]	Time 0.110 (0.110)	Data 0.002 (0.003)	Loss 0.0286 (0.0367)	Acc@1 100.000 (99.462)	Acc@5 100.000 (100.000)
 * Acc@1 99.466 Acc@5 100.000
epoch 84, total time 51.69
Test: [0/94]	Time 0.157 (0.157)	Loss 0.9801 (0.9801)	Acc@1 81.250 (81.250)	Acc@5 90.625 (90.625)
 * Acc@1 80.167 Acc@5 94.133
==> training...
Epoch: [85][0/468]	Time 0.420 (0.420)	Data 0.360 (0.360)	Loss 0.0361 (0.0361)	Acc@1 100.000 (100.000)	Acc@5 100.000 (100.000)
Epoch: [85][100/468]	Time 0.109 (0.113)	Data 0.002 (0.006)	Loss 0.0195 (0.0347)	Acc@1 100.000 (99.551)	Acc@5 100.000 (100.000)
Epoch: [85][200/468]	Time 0.110 (0.111)	Data 0.002 (0.004)	Loss 0.0641 (0.0358)	Acc@1 98.438 (99.572)	Acc@5 100.000 (99.992)
Epoch: [85][300/468]	Time 0.110 (0.111)	Data 0.002 (0.004)	Loss 0.0321 (0.0357)	Acc@1 100.000 (99.580)	Acc@5 100.000 (99.995)
Epoch: [85][400/468]	Time 0.112 (0.110)	Data 0.002 (0.003)	Loss 0.0132 (0.0363)	Acc@1 100.000 (99.579)	Acc@5 100.000 (99.996)
 * Acc@1 99.573 Acc@5 99.997
epoch 85, total time 51.71
Test: [0/94]	Time 0.158 (0.158)	Loss 0.9604 (0.9604)	Acc@1 81.250 (81.250)	Acc@5 90.625 (90.625)
 * Acc@1 80.467 Acc@5 94.300
==> training...
Epoch: [86][0/468]	Time 0.476 (0.476)	Data 0.417 (0.417)	Loss 0.0212 (0.0212)	Acc@1 100.000 (100.000)	Acc@5 100.000 (100.000)
Epoch: [86][100/468]	Time 0.112 (0.114)	Data 0.002 (0.006)	Loss 0.0480 (0.0334)	Acc@1 98.438 (99.582)	Acc@5 100.000 (100.000)
Epoch: [86][200/468]	Time 0.110 (0.112)	Data 0.002 (0.004)	Loss 0.0285 (0.0341)	Acc@1 100.000 (99.580)	Acc@5 100.000 (100.000)
Epoch: [86][300/468]	Time 0.110 (0.111)	Data 0.002 (0.004)	Loss 0.0229 (0.0343)	Acc@1 100.000 (99.605)	Acc@5 100.000 (99.990)
Epoch: [86][400/468]	Time 0.112 (0.111)	Data 0.002 (0.003)	Loss 0.0217 (0.0345)	Acc@1 100.000 (99.571)	Acc@5 100.000 (99.992)
 * Acc@1 99.543 Acc@5 99.993
epoch 86, total time 52.03
Test: [0/94]	Time 0.159 (0.159)	Loss 0.9667 (0.9667)	Acc@1 78.125 (78.125)	Acc@5 90.625 (90.625)
 * Acc@1 80.133 Acc@5 94.200
==> training...
Epoch: [87][0/468]	Time 0.400 (0.400)	Data 0.339 (0.339)	Loss 0.0979 (0.0979)	Acc@1 96.875 (96.875)	Acc@5 100.000 (100.000)
Epoch: [87][100/468]	Time 0.109 (0.113)	Data 0.002 (0.006)	Loss 0.0114 (0.0335)	Acc@1 100.000 (99.520)	Acc@5 100.000 (100.000)
Epoch: [87][200/468]	Time 0.111 (0.112)	Data 0.002 (0.004)	Loss 0.0262 (0.0343)	Acc@1 100.000 (99.541)	Acc@5 100.000 (100.000)
Epoch: [87][300/468]	Time 0.110 (0.111)	Data 0.002 (0.004)	Loss 0.0169 (0.0337)	Acc@1 100.000 (99.590)	Acc@5 100.000 (100.000)
Epoch: [87][400/468]	Time 0.111 (0.111)	Data 0.002 (0.003)	Loss 0.0690 (0.0334)	Acc@1 98.438 (99.599)	Acc@5 100.000 (100.000)
 * Acc@1 99.573 Acc@5 100.000
epoch 87, total time 51.97
Test: [0/94]	Time 4.807 (4.807)	Loss 0.9217 (0.9217)	Acc@1 81.250 (81.250)	Acc@5 90.625 (90.625)
 * Acc@1 80.100 Acc@5 94.167
==> training...
Epoch: [88][0/468]	Time 0.404 (0.404)	Data 0.344 (0.344)	Loss 0.0378 (0.0378)	Acc@1 100.000 (100.000)	Acc@5 100.000 (100.000)
Epoch: [88][100/468]	Time 0.110 (0.113)	Data 0.002 (0.006)	Loss 0.0257 (0.0333)	Acc@1 100.000 (99.598)	Acc@5 100.000 (100.000)
Epoch: [88][200/468]	Time 0.109 (0.111)	Data 0.002 (0.004)	Loss 0.0488 (0.0330)	Acc@1 100.000 (99.611)	Acc@5 100.000 (100.000)
Epoch: [88][300/468]	Time 0.110 (0.111)	Data 0.002 (0.004)	Loss 0.0608 (0.0339)	Acc@1 100.000 (99.600)	Acc@5 100.000 (100.000)
Epoch: [88][400/468]	Time 0.110 (0.111)	Data 0.002 (0.003)	Loss 0.0316 (0.0339)	Acc@1 100.000 (99.618)	Acc@5 100.000 (100.000)
 * Acc@1 99.606 Acc@5 100.000
epoch 88, total time 51.73
Test: [0/94]	Time 0.159 (0.159)	Loss 0.9500 (0.9500)	Acc@1 78.125 (78.125)	Acc@5 90.625 (90.625)
 * Acc@1 80.533 Acc@5 94.400
==> training...
Epoch: [89][0/468]	Time 0.416 (0.416)	Data 0.357 (0.357)	Loss 0.0234 (0.0234)	Acc@1 100.000 (100.000)	Acc@5 100.000 (100.000)
Epoch: [89][100/468]	Time 0.110 (0.113)	Data 0.002 (0.006)	Loss 0.0396 (0.0344)	Acc@1 98.438 (99.505)	Acc@5 100.000 (100.000)
Epoch: [89][200/468]	Time 0.110 (0.112)	Data 0.002 (0.004)	Loss 0.0184 (0.0339)	Acc@1 100.000 (99.565)	Acc@5 100.000 (100.000)
Epoch: [89][300/468]	Time 0.111 (0.111)	Data 0.002 (0.004)	Loss 0.0154 (0.0342)	Acc@1 100.000 (99.569)	Acc@5 100.000 (100.000)
Epoch: [89][400/468]	Time 0.110 (0.111)	Data 0.002 (0.003)	Loss 0.0319 (0.0348)	Acc@1 100.000 (99.540)	Acc@5 100.000 (100.000)
 * Acc@1 99.549 Acc@5 100.000
epoch 89, total time 51.90
Test: [0/94]	Time 1.140 (1.140)	Loss 0.9718 (0.9718)	Acc@1 81.250 (81.250)	Acc@5 90.625 (90.625)
 * Acc@1 80.300 Acc@5 94.400
==> training...
Epoch: [90][0/468]	Time 0.413 (0.413)	Data 0.351 (0.351)	Loss 0.0098 (0.0098)	Acc@1 100.000 (100.000)	Acc@5 100.000 (100.000)
Epoch: [90][100/468]	Time 0.111 (0.113)	Data 0.002 (0.006)	Loss 0.0293 (0.0319)	Acc@1 100.000 (99.675)	Acc@5 100.000 (100.000)
Epoch: [90][200/468]	Time 0.110 (0.112)	Data 0.002 (0.004)	Loss 0.0352 (0.0334)	Acc@1 100.000 (99.611)	Acc@5 100.000 (100.000)
Epoch: [90][300/468]	Time 0.108 (0.111)	Data 0.002 (0.004)	Loss 0.0625 (0.0336)	Acc@1 98.438 (99.595)	Acc@5 100.000 (100.000)
Epoch: [90][400/468]	Time 0.110 (0.111)	Data 0.002 (0.003)	Loss 0.0436 (0.0336)	Acc@1 100.000 (99.606)	Acc@5 100.000 (100.000)
 * Acc@1 99.583 Acc@5 100.000
epoch 90, total time 51.97
Test: [0/94]	Time 0.157 (0.157)	Loss 0.9406 (0.9406)	Acc@1 81.250 (81.250)	Acc@5 90.625 (90.625)
 * Acc@1 80.367 Acc@5 94.500
==> training...
Epoch: [91][0/468]	Time 0.415 (0.415)	Data 0.356 (0.356)	Loss 0.0150 (0.0150)	Acc@1 100.000 (100.000)	Acc@5 100.000 (100.000)
Epoch: [91][100/468]	Time 0.109 (0.114)	Data 0.002 (0.007)	Loss 0.0420 (0.0357)	Acc@1 98.438 (99.428)	Acc@5 100.000 (100.000)
Epoch: [91][200/468]	Time 0.110 (0.112)	Data 0.002 (0.005)	Loss 0.0506 (0.0350)	Acc@1 98.438 (99.479)	Acc@5 100.000 (100.000)
Epoch: [91][300/468]	Time 0.110 (0.111)	Data 0.002 (0.004)	Loss 0.0287 (0.0344)	Acc@1 100.000 (99.491)	Acc@5 100.000 (100.000)
Epoch: [91][400/468]	Time 0.111 (0.111)	Data 0.002 (0.003)	Loss 0.0275 (0.0336)	Acc@1 100.000 (99.529)	Acc@5 100.000 (100.000)
 * Acc@1 99.509 Acc@5 100.000
epoch 91, total time 51.96
Test: [0/94]	Time 0.158 (0.158)	Loss 0.9333 (0.9333)	Acc@1 78.125 (78.125)	Acc@5 90.625 (90.625)
 * Acc@1 80.533 Acc@5 94.400
==> training...
Epoch: [92][0/468]	Time 0.427 (0.427)	Data 0.367 (0.367)	Loss 0.0280 (0.0280)	Acc@1 100.000 (100.000)	Acc@5 100.000 (100.000)
Epoch: [92][100/468]	Time 0.110 (0.113)	Data 0.002 (0.006)	Loss 0.0240 (0.0321)	Acc@1 98.438 (99.598)	Acc@5 100.000 (100.000)
Epoch: [92][200/468]	Time 0.111 (0.112)	Data 0.002 (0.004)	Loss 0.0407 (0.0321)	Acc@1 100.000 (99.611)	Acc@5 100.000 (100.000)
Epoch: [92][300/468]	Time 0.110 (0.114)	Data 0.002 (0.006)	Loss 0.0165 (0.0311)	Acc@1 100.000 (99.631)	Acc@5 100.000 (100.000)
Epoch: [92][400/468]	Time 0.112 (0.113)	Data 0.002 (0.005)	Loss 0.0259 (0.0321)	Acc@1 100.000 (99.614)	Acc@5 100.000 (100.000)
 * Acc@1 99.599 Acc@5 100.000
epoch 92, total time 52.71
Test: [0/94]	Time 0.169 (0.169)	Loss 0.9291 (0.9291)	Acc@1 81.250 (81.250)	Acc@5 90.625 (90.625)
 * Acc@1 80.667 Acc@5 94.167
==> training...
Epoch: [93][0/468]	Time 0.423 (0.423)	Data 0.363 (0.363)	Loss 0.0329 (0.0329)	Acc@1 100.000 (100.000)	Acc@5 100.000 (100.000)
Epoch: [93][100/468]	Time 0.110 (0.113)	Data 0.002 (0.006)	Loss 0.0307 (0.0345)	Acc@1 100.000 (99.613)	Acc@5 100.000 (100.000)
Epoch: [93][200/468]	Time 0.110 (0.112)	Data 0.002 (0.004)	Loss 0.0191 (0.0333)	Acc@1 100.000 (99.604)	Acc@5 100.000 (100.000)
Epoch: [93][300/468]	Time 0.111 (0.111)	Data 0.002 (0.004)	Loss 0.0351 (0.0332)	Acc@1 100.000 (99.600)	Acc@5 100.000 (100.000)
Epoch: [93][400/468]	Time 0.110 (0.111)	Data 0.002 (0.003)	Loss 0.0226 (0.0328)	Acc@1 100.000 (99.618)	Acc@5 100.000 (100.000)
 * Acc@1 99.609 Acc@5 100.000
epoch 93, total time 51.89
Test: [0/94]	Time 0.155 (0.155)	Loss 0.9716 (0.9716)	Acc@1 81.250 (81.250)	Acc@5 90.625 (90.625)
 * Acc@1 80.267 Acc@5 94.233
==> training...
Epoch: [94][0/468]	Time 0.411 (0.411)	Data 0.353 (0.353)	Loss 0.0466 (0.0466)	Acc@1 100.000 (100.000)	Acc@5 100.000 (100.000)
Epoch: [94][100/468]	Time 0.110 (0.113)	Data 0.002 (0.006)	Loss 0.0289 (0.0309)	Acc@1 100.000 (99.644)	Acc@5 100.000 (100.000)
Epoch: [94][200/468]	Time 0.110 (0.112)	Data 0.002 (0.004)	Loss 0.0150 (0.0311)	Acc@1 100.000 (99.681)	Acc@5 100.000 (100.000)
Epoch: [94][300/468]	Time 0.110 (0.111)	Data 0.002 (0.004)	Loss 0.0389 (0.0316)	Acc@1 98.438 (99.668)	Acc@5 100.000 (100.000)
Epoch: [94][400/468]	Time 0.110 (0.111)	Data 0.002 (0.003)	Loss 0.0234 (0.0316)	Acc@1 100.000 (99.673)	Acc@5 100.000 (100.000)
 * Acc@1 99.669 Acc@5 100.000
epoch 94, total time 51.94
Test: [0/94]	Time 0.160 (0.160)	Loss 0.9579 (0.9579)	Acc@1 78.125 (78.125)	Acc@5 87.500 (87.500)
 * Acc@1 80.400 Acc@5 94.267
==> training...
Epoch: [95][0/468]	Time 0.426 (0.426)	Data 0.366 (0.366)	Loss 0.0465 (0.0465)	Acc@1 98.438 (98.438)	Acc@5 100.000 (100.000)
Epoch: [95][100/468]	Time 0.110 (0.113)	Data 0.002 (0.006)	Loss 0.0306 (0.0323)	Acc@1 100.000 (99.613)	Acc@5 100.000 (100.000)
Epoch: [95][200/468]	Time 0.113 (0.111)	Data 0.002 (0.004)	Loss 0.0169 (0.0312)	Acc@1 100.000 (99.705)	Acc@5 100.000 (100.000)
Epoch: [95][300/468]	Time 0.110 (0.111)	Data 0.002 (0.004)	Loss 0.0325 (0.0319)	Acc@1 100.000 (99.663)	Acc@5 100.000 (99.995)
Epoch: [95][400/468]	Time 0.110 (0.111)	Data 0.002 (0.003)	Loss 0.0457 (0.0315)	Acc@1 100.000 (99.657)	Acc@5 100.000 (99.996)
 * Acc@1 99.649 Acc@5 99.997
epoch 95, total time 51.85
Test: [0/94]	Time 0.160 (0.160)	Loss 1.0279 (1.0279)	Acc@1 78.125 (78.125)	Acc@5 87.500 (87.500)
 * Acc@1 80.367 Acc@5 94.467
==> training...
Epoch: [96][0/468]	Time 0.425 (0.425)	Data 0.364 (0.364)	Loss 0.0160 (0.0160)	Acc@1 100.000 (100.000)	Acc@5 100.000 (100.000)
Epoch: [96][100/468]	Time 0.110 (0.113)	Data 0.002 (0.006)	Loss 0.0226 (0.0321)	Acc@1 100.000 (99.551)	Acc@5 100.000 (100.000)
Epoch: [96][200/468]	Time 0.111 (0.112)	Data 0.002 (0.004)	Loss 0.0460 (0.0308)	Acc@1 100.000 (99.681)	Acc@5 100.000 (100.000)
Epoch: [96][300/468]	Time 0.109 (0.111)	Data 0.002 (0.004)	Loss 0.0155 (0.0309)	Acc@1 100.000 (99.637)	Acc@5 100.000 (100.000)
Epoch: [96][400/468]	Time 0.110 (0.111)	Data 0.002 (0.003)	Loss 0.0436 (0.0306)	Acc@1 100.000 (99.645)	Acc@5 100.000 (100.000)
 * Acc@1 99.599 Acc@5 100.000
epoch 96, total time 51.87
Test: [0/94]	Time 0.156 (0.156)	Loss 0.9878 (0.9878)	Acc@1 78.125 (78.125)	Acc@5 90.625 (90.625)
 * Acc@1 80.600 Acc@5 94.667
==> training...
Epoch: [97][0/468]	Time 0.423 (0.423)	Data 0.364 (0.364)	Loss 0.0564 (0.0564)	Acc@1 98.438 (98.438)	Acc@5 100.000 (100.000)
Epoch: [97][100/468]	Time 0.110 (0.114)	Data 0.002 (0.006)	Loss 0.0253 (0.0330)	Acc@1 100.000 (99.567)	Acc@5 100.000 (99.985)
Epoch: [97][200/468]	Time 0.108 (0.112)	Data 0.002 (0.004)	Loss 0.0717 (0.0320)	Acc@1 98.438 (99.604)	Acc@5 100.000 (99.984)
Epoch: [97][300/468]	Time 0.110 (0.111)	Data 0.002 (0.004)	Loss 0.0160 (0.0312)	Acc@1 100.000 (99.657)	Acc@5 100.000 (99.990)
Epoch: [97][400/468]	Time 0.110 (0.111)	Data 0.002 (0.003)	Loss 0.0793 (0.0311)	Acc@1 98.438 (99.669)	Acc@5 100.000 (99.992)
 * Acc@1 99.673 Acc@5 99.993
epoch 97, total time 51.90
Test: [0/94]	Time 0.159 (0.159)	Loss 0.9500 (0.9500)	Acc@1 78.125 (78.125)	Acc@5 90.625 (90.625)
 * Acc@1 80.267 Acc@5 94.600
==> training...
Epoch: [98][0/468]	Time 0.410 (0.410)	Data 0.349 (0.349)	Loss 0.0468 (0.0468)	Acc@1 98.438 (98.438)	Acc@5 100.000 (100.000)
Epoch: [98][100/468]	Time 0.110 (0.113)	Data 0.002 (0.006)	Loss 0.0211 (0.0319)	Acc@1 100.000 (99.598)	Acc@5 100.000 (100.000)
Epoch: [98][200/468]	Time 0.110 (0.112)	Data 0.002 (0.004)	Loss 0.0155 (0.0304)	Acc@1 100.000 (99.689)	Acc@5 100.000 (100.000)
Epoch: [98][300/468]	Time 0.110 (0.111)	Data 0.002 (0.004)	Loss 0.0375 (0.0302)	Acc@1 100.000 (99.699)	Acc@5 100.000 (100.000)
Epoch: [98][400/468]	Time 0.111 (0.111)	Data 0.002 (0.003)	Loss 0.0471 (0.0300)	Acc@1 98.438 (99.700)	Acc@5 100.000 (100.000)
 * Acc@1 99.703 Acc@5 100.000
epoch 98, total time 51.94
Test: [0/94]	Time 0.152 (0.152)	Loss 0.9963 (0.9963)	Acc@1 78.125 (78.125)	Acc@5 90.625 (90.625)
 * Acc@1 80.200 Acc@5 94.233
==> training...
Epoch: [99][0/468]	Time 0.415 (0.415)	Data 0.354 (0.354)	Loss 0.0252 (0.0252)	Acc@1 100.000 (100.000)	Acc@5 100.000 (100.000)
Epoch: [99][100/468]	Time 0.111 (0.114)	Data 0.002 (0.006)	Loss 0.0282 (0.0327)	Acc@1 100.000 (99.613)	Acc@5 100.000 (100.000)
Epoch: [99][200/468]	Time 0.111 (0.112)	Data 0.002 (0.004)	Loss 0.0251 (0.0311)	Acc@1 100.000 (99.650)	Acc@5 100.000 (100.000)
Epoch: [99][300/468]	Time 0.110 (0.112)	Data 0.002 (0.004)	Loss 0.0247 (0.0300)	Acc@1 100.000 (99.678)	Acc@5 100.000 (100.000)
Epoch: [99][400/468]	Time 0.110 (0.111)	Data 0.002 (0.003)	Loss 0.0268 (0.0301)	Acc@1 100.000 (99.684)	Acc@5 100.000 (100.000)
 * Acc@1 99.673 Acc@5 99.997
epoch 99, total time 52.06
Test: [0/94]	Time 0.161 (0.161)	Loss 0.9916 (0.9916)	Acc@1 78.125 (78.125)	Acc@5 90.625 (90.625)
 * Acc@1 80.667 Acc@5 94.267
==> training...
Epoch: [100][0/468]	Time 0.420 (0.420)	Data 0.360 (0.360)	Loss 0.0381 (0.0381)	Acc@1 100.000 (100.000)	Acc@5 100.000 (100.000)
Epoch: [100][100/468]	Time 0.110 (0.114)	Data 0.002 (0.006)	Loss 0.0377 (0.0282)	Acc@1 100.000 (99.799)	Acc@5 100.000 (100.000)
Epoch: [100][200/468]	Time 0.110 (0.112)	Data 0.002 (0.004)	Loss 0.0129 (0.0297)	Acc@1 100.000 (99.697)	Acc@5 100.000 (100.000)
Epoch: [100][300/468]	Time 0.110 (0.111)	Data 0.002 (0.004)	Loss 0.0188 (0.0297)	Acc@1 100.000 (99.704)	Acc@5 100.000 (100.000)
Epoch: [100][400/468]	Time 0.109 (0.111)	Data 0.002 (0.003)	Loss 0.0171 (0.0306)	Acc@1 100.000 (99.680)	Acc@5 100.000 (100.000)
 * Acc@1 99.683 Acc@5 100.000
epoch 100, total time 51.94
Test: [0/94]	Time 0.154 (0.154)	Loss 0.9780 (0.9780)	Acc@1 78.125 (78.125)	Acc@5 90.625 (90.625)
 * Acc@1 80.133 Acc@5 94.300
==> Saving...
