Device count:  1
************* Training arguments *************
eval_freq 10
print_freq 100
tb_freq 500
save_freq 100
batch_size 64
num_workers 8
epochs 100
learning_rate 0.05
lr_decay_epochs [60, 80]
lr_decay_rate 0.1
weight_decay 0.0005
momentum 0.9
adam False
eval_only False
model resnet18
dataset miniImageNet
transform A
use_trainval False
cosine False
reload_path 
model_path /home/gridsan/akyurek/git/rfs-incremental/dumped/backbones/continual/resnet18/1
tb_path tb
data_root /home/gridsan/akyurek/git/rfs-incremental/data/miniImageNet
n_test_runs 600
n_ways 5
n_shots 1
n_queries 15
n_aug_support_samples 5
test_batch_size 1
use_episodes False
classifier linear
trial pretrain
continual True
no_dropblock True
set_seed 1
no_linear_bias True
augment_pretrain_wtrainb False
eval_mode None
label_pull None
data_aug True
linear_bias False
model_name miniImageNet_resnet18_classifier_linear
tb_folder tb/miniImageNet_resnet18_classifier_linear
save_folder /home/gridsan/akyurek/git/rfs-incremental/dumped/backbones/continual/resnet18/1
n_gpu 1
git_head_hash ae23b3b
End of arguments.

==> training...
Epoch: [1][0/468]	Time 1.281 (1.281)	Data 0.359 (0.359)	Loss 4.4093 (4.4093)	Acc@1 3.125 (3.125)	Acc@5 12.500 (12.500)
Epoch: [1][100/468]	Time 0.109 (0.121)	Data 0.002 (0.005)	Loss 4.1085 (4.8511)	Acc@1 1.562 (3.140)	Acc@5 14.062 (13.598)
Epoch: [1][200/468]	Time 0.110 (0.116)	Data 0.002 (0.004)	Loss 3.8309 (4.3871)	Acc@1 6.250 (4.159)	Acc@5 31.250 (17.390)
Epoch: [1][300/468]	Time 0.108 (0.114)	Data 0.002 (0.003)	Loss 3.7090 (4.1837)	Acc@1 6.250 (5.274)	Acc@5 29.688 (20.806)
Epoch: [1][400/468]	Time 0.110 (0.113)	Data 0.004 (0.003)	Loss 3.5722 (4.0392)	Acc@1 7.812 (6.527)	Acc@5 34.375 (24.193)
 * Acc@1 7.242 Acc@5 25.704
epoch 1, total time 52.79
Test: [0/94]	Time 0.335 (0.335)	Loss 3.3352 (3.3352)	Acc@1 15.625 (15.625)	Acc@5 46.875 (46.875)
 * Acc@1 13.067 Acc@5 39.067
==> training...
Epoch: [2][0/468]	Time 0.395 (0.395)	Data 0.335 (0.335)	Loss 3.3976 (3.3976)	Acc@1 14.062 (14.062)	Acc@5 46.875 (46.875)
Epoch: [2][100/468]	Time 0.111 (0.113)	Data 0.002 (0.006)	Loss 3.6183 (3.5056)	Acc@1 12.500 (12.809)	Acc@5 32.812 (37.701)
Epoch: [2][200/468]	Time 0.111 (0.112)	Data 0.002 (0.004)	Loss 3.6460 (3.4541)	Acc@1 9.375 (13.759)	Acc@5 31.250 (38.923)
Epoch: [2][300/468]	Time 0.110 (0.111)	Data 0.002 (0.003)	Loss 3.4545 (3.4247)	Acc@1 10.938 (14.384)	Acc@5 35.938 (39.935)
Epoch: [2][400/468]	Time 0.110 (0.111)	Data 0.002 (0.003)	Loss 3.1588 (3.3912)	Acc@1 23.438 (15.146)	Acc@5 48.438 (40.921)
 * Acc@1 15.582 Acc@5 41.450
epoch 2, total time 52.04
Test: [0/94]	Time 0.155 (0.155)	Loss 3.0590 (3.0590)	Acc@1 18.750 (18.750)	Acc@5 46.875 (46.875)
 * Acc@1 18.933 Acc@5 46.933
==> training...
Epoch: [3][0/468]	Time 0.405 (0.405)	Data 0.342 (0.342)	Loss 2.9730 (2.9730)	Acc@1 17.188 (17.188)	Acc@5 53.125 (53.125)
Epoch: [3][100/468]	Time 0.112 (0.115)	Data 0.002 (0.006)	Loss 3.1882 (3.1994)	Acc@1 21.875 (19.059)	Acc@5 42.188 (46.426)
Epoch: [3][200/468]	Time 0.111 (0.113)	Data 0.002 (0.004)	Loss 3.3272 (3.1732)	Acc@1 15.625 (19.908)	Acc@5 35.938 (47.310)
Epoch: [3][300/468]	Time 0.108 (0.112)	Data 0.002 (0.003)	Loss 3.2367 (3.1477)	Acc@1 17.188 (20.551)	Acc@5 48.438 (48.235)
Epoch: [3][400/468]	Time 0.110 (0.112)	Data 0.002 (0.003)	Loss 3.0907 (3.1149)	Acc@1 20.312 (21.287)	Acc@5 46.875 (49.248)
 * Acc@1 21.725 Acc@5 49.977
epoch 3, total time 52.38
Test: [0/94]	Time 0.146 (0.146)	Loss 2.8839 (2.8839)	Acc@1 25.000 (25.000)	Acc@5 56.250 (56.250)
 * Acc@1 28.067 Acc@5 57.133
==> training...
Epoch: [4][0/468]	Time 0.387 (0.387)	Data 0.326 (0.326)	Loss 2.9715 (2.9715)	Acc@1 17.188 (17.188)	Acc@5 54.688 (54.688)
Epoch: [4][100/468]	Time 0.111 (0.113)	Data 0.002 (0.006)	Loss 2.7569 (2.8864)	Acc@1 23.438 (25.820)	Acc@5 50.000 (55.631)
Epoch: [4][200/468]	Time 0.112 (0.112)	Data 0.002 (0.004)	Loss 2.6915 (2.8443)	Acc@1 23.438 (26.835)	Acc@5 60.938 (56.981)
Epoch: [4][300/468]	Time 0.111 (0.112)	Data 0.002 (0.004)	Loss 2.5538 (2.8169)	Acc@1 21.875 (27.461)	Acc@5 67.188 (57.797)
Epoch: [4][400/468]	Time 0.110 (0.111)	Data 0.002 (0.003)	Loss 2.6292 (2.7957)	Acc@1 26.562 (27.899)	Acc@5 60.938 (58.467)
 * Acc@1 28.372 Acc@5 59.058
epoch 4, total time 52.11
Test: [0/94]	Time 0.161 (0.161)	Loss 2.4251 (2.4251)	Acc@1 37.500 (37.500)	Acc@5 68.750 (68.750)
 * Acc@1 31.967 Acc@5 63.867
==> training...
Epoch: [5][0/468]	Time 0.406 (0.406)	Data 0.346 (0.346)	Loss 2.6906 (2.6906)	Acc@1 29.688 (29.688)	Acc@5 64.062 (64.062)
Epoch: [5][100/468]	Time 0.110 (0.114)	Data 0.002 (0.006)	Loss 2.6476 (2.5622)	Acc@1 23.438 (32.163)	Acc@5 65.625 (64.975)
Epoch: [5][200/468]	Time 0.111 (0.113)	Data 0.002 (0.004)	Loss 2.1297 (2.5337)	Acc@1 45.312 (32.828)	Acc@5 75.000 (65.236)
Epoch: [5][300/468]	Time 0.110 (0.112)	Data 0.002 (0.004)	Loss 2.4107 (2.5164)	Acc@1 31.250 (33.300)	Acc@5 67.188 (65.776)
Epoch: [5][400/468]	Time 0.109 (0.112)	Data 0.002 (0.003)	Loss 2.1901 (2.4923)	Acc@1 39.062 (34.071)	Acc@5 71.875 (66.276)
 * Acc@1 34.505 Acc@5 66.670
epoch 5, total time 52.17
Test: [0/94]	Time 0.146 (0.146)	Loss 2.2290 (2.2290)	Acc@1 37.500 (37.500)	Acc@5 78.125 (78.125)
 * Acc@1 39.067 Acc@5 71.833
==> training...
Epoch: [6][0/468]	Time 0.401 (0.401)	Data 0.342 (0.342)	Loss 2.0390 (2.0390)	Acc@1 39.062 (39.062)	Acc@5 75.000 (75.000)
Epoch: [6][100/468]	Time 0.109 (0.113)	Data 0.002 (0.006)	Loss 2.3826 (2.3132)	Acc@1 31.250 (38.366)	Acc@5 64.062 (69.601)
Epoch: [6][200/468]	Time 0.112 (0.111)	Data 0.002 (0.004)	Loss 2.6927 (2.3072)	Acc@1 32.812 (38.285)	Acc@5 65.625 (69.807)
Epoch: [6][300/468]	Time 0.110 (0.111)	Data 0.002 (0.003)	Loss 2.4786 (2.2857)	Acc@1 31.250 (38.912)	Acc@5 62.500 (70.297)
Epoch: [6][400/468]	Time 0.112 (0.111)	Data 0.002 (0.003)	Loss 2.3807 (2.2679)	Acc@1 35.938 (39.211)	Acc@5 70.312 (70.764)
 * Acc@1 39.550 Acc@5 71.070
epoch 6, total time 52.08
Test: [0/94]	Time 0.155 (0.155)	Loss 2.4895 (2.4895)	Acc@1 37.500 (37.500)	Acc@5 65.625 (65.625)
 * Acc@1 36.167 Acc@5 68.533
==> training...
Epoch: [7][0/468]	Time 0.398 (0.398)	Data 0.336 (0.336)	Loss 2.0613 (2.0613)	Acc@1 37.500 (37.500)	Acc@5 79.688 (79.688)
Epoch: [7][100/468]	Time 0.111 (0.113)	Data 0.002 (0.006)	Loss 2.3382 (2.1117)	Acc@1 43.750 (42.976)	Acc@5 68.750 (74.273)
Epoch: [7][200/468]	Time 0.110 (0.113)	Data 0.002 (0.004)	Loss 2.3064 (2.1029)	Acc@1 34.375 (43.501)	Acc@5 75.000 (74.394)
Epoch: [7][300/468]	Time 0.111 (0.112)	Data 0.002 (0.003)	Loss 2.1618 (2.1034)	Acc@1 39.062 (43.309)	Acc@5 75.000 (74.387)
Epoch: [7][400/468]	Time 0.110 (0.112)	Data 0.002 (0.003)	Loss 1.9640 (2.1027)	Acc@1 46.875 (43.220)	Acc@5 78.125 (74.536)
 * Acc@1 43.316 Acc@5 74.609
epoch 7, total time 52.31
Test: [0/94]	Time 0.152 (0.152)	Loss 2.2860 (2.2860)	Acc@1 37.500 (37.500)	Acc@5 71.875 (71.875)
 * Acc@1 43.900 Acc@5 75.133
==> training...
Epoch: [8][0/468]	Time 0.408 (0.408)	Data 0.344 (0.344)	Loss 1.9713 (1.9713)	Acc@1 46.875 (46.875)	Acc@5 79.688 (79.688)
Epoch: [8][100/468]	Time 0.114 (0.114)	Data 0.002 (0.006)	Loss 1.7282 (1.9849)	Acc@1 50.000 (46.364)	Acc@5 82.812 (77.382)
Epoch: [8][200/468]	Time 0.111 (0.113)	Data 0.002 (0.004)	Loss 2.2215 (1.9944)	Acc@1 37.500 (46.090)	Acc@5 64.062 (76.687)
Epoch: [8][300/468]	Time 0.111 (0.112)	Data 0.002 (0.004)	Loss 1.8834 (1.9793)	Acc@1 48.438 (46.543)	Acc@5 78.125 (76.988)
Epoch: [8][400/468]	Time 0.110 (0.112)	Data 0.002 (0.003)	Loss 2.1346 (1.9716)	Acc@1 50.000 (46.622)	Acc@5 76.562 (77.026)
 * Acc@1 46.575 Acc@5 77.110
epoch 8, total time 52.26
Test: [0/94]	Time 0.149 (0.149)	Loss 2.1753 (2.1753)	Acc@1 43.750 (43.750)	Acc@5 75.000 (75.000)
 * Acc@1 43.233 Acc@5 73.800
==> training...
Epoch: [9][0/468]	Time 0.392 (0.392)	Data 0.329 (0.329)	Loss 1.6470 (1.6470)	Acc@1 56.250 (56.250)	Acc@5 81.250 (81.250)
Epoch: [9][100/468]	Time 0.109 (0.112)	Data 0.002 (0.006)	Loss 1.9751 (1.8437)	Acc@1 45.312 (49.397)	Acc@5 79.688 (80.028)
Epoch: [9][200/468]	Time 0.109 (0.111)	Data 0.002 (0.004)	Loss 1.6766 (1.8561)	Acc@1 56.250 (49.215)	Acc@5 81.250 (79.485)
Epoch: [9][300/468]	Time 0.109 (0.110)	Data 0.002 (0.004)	Loss 1.9251 (1.8588)	Acc@1 46.875 (49.413)	Acc@5 84.375 (79.392)
Epoch: [9][400/468]	Time 0.109 (0.110)	Data 0.002 (0.003)	Loss 1.8116 (1.8580)	Acc@1 50.000 (49.369)	Acc@5 82.812 (79.356)
 * Acc@1 49.399 Acc@5 79.567
epoch 9, total time 51.60
Test: [0/94]	Time 0.149 (0.149)	Loss 2.1405 (2.1405)	Acc@1 40.625 (40.625)	Acc@5 75.000 (75.000)
 * Acc@1 48.300 Acc@5 80.233
==> training...
Epoch: [10][0/468]	Time 0.408 (0.408)	Data 0.343 (0.343)	Loss 1.8028 (1.8028)	Acc@1 54.688 (54.688)	Acc@5 79.688 (79.688)
Epoch: [10][100/468]	Time 0.112 (0.114)	Data 0.002 (0.006)	Loss 1.6324 (1.7648)	Acc@1 51.562 (51.686)	Acc@5 89.062 (81.559)
Epoch: [10][200/468]	Time 0.111 (0.113)	Data 0.002 (0.004)	Loss 1.8364 (1.7691)	Acc@1 51.562 (51.990)	Acc@5 81.250 (80.970)
Epoch: [10][300/468]	Time 0.111 (0.112)	Data 0.002 (0.004)	Loss 2.0786 (1.7678)	Acc@1 37.500 (51.796)	Acc@5 78.125 (81.032)
Epoch: [10][400/468]	Time 0.109 (0.112)	Data 0.002 (0.003)	Loss 1.9752 (1.7684)	Acc@1 50.000 (51.773)	Acc@5 70.312 (81.059)
 * Acc@1 51.886 Acc@5 81.086
epoch 10, total time 52.34
Test: [0/94]	Time 0.153 (0.153)	Loss 2.3179 (2.3179)	Acc@1 37.500 (37.500)	Acc@5 75.000 (75.000)
 * Acc@1 47.833 Acc@5 78.700
==> training...
Epoch: [11][0/468]	Time 0.461 (0.461)	Data 0.402 (0.402)	Loss 1.3428 (1.3428)	Acc@1 57.812 (57.812)	Acc@5 90.625 (90.625)
Epoch: [11][100/468]	Time 0.111 (0.115)	Data 0.002 (0.006)	Loss 1.9976 (1.6307)	Acc@1 48.438 (54.440)	Acc@5 76.562 (83.772)
Epoch: [11][200/468]	Time 0.111 (0.113)	Data 0.002 (0.004)	Loss 1.4743 (1.6352)	Acc@1 56.250 (54.213)	Acc@5 90.625 (83.722)
Epoch: [11][300/468]	Time 0.107 (0.113)	Data 0.002 (0.004)	Loss 1.9793 (1.6599)	Acc@1 53.125 (53.888)	Acc@5 73.438 (83.378)
Epoch: [11][400/468]	Time 0.111 (0.112)	Data 0.002 (0.003)	Loss 1.5817 (1.6565)	Acc@1 57.812 (53.982)	Acc@5 82.812 (83.315)
 * Acc@1 54.023 Acc@5 83.163
epoch 11, total time 52.56
Test: [0/94]	Time 0.154 (0.154)	Loss 2.3701 (2.3701)	Acc@1 53.125 (53.125)	Acc@5 71.875 (71.875)
 * Acc@1 49.167 Acc@5 79.733
==> training...
Epoch: [12][0/468]	Time 0.396 (0.396)	Data 0.336 (0.336)	Loss 1.5693 (1.5693)	Acc@1 53.125 (53.125)	Acc@5 87.500 (87.500)
Epoch: [12][100/468]	Time 0.111 (0.114)	Data 0.002 (0.006)	Loss 1.7904 (1.5702)	Acc@1 48.438 (55.972)	Acc@5 79.688 (84.870)
Epoch: [12][200/468]	Time 0.111 (0.113)	Data 0.002 (0.004)	Loss 1.7298 (1.5709)	Acc@1 53.125 (56.203)	Acc@5 76.562 (84.476)
Epoch: [12][300/468]	Time 0.110 (0.113)	Data 0.002 (0.004)	Loss 1.5065 (1.5923)	Acc@1 56.250 (55.528)	Acc@5 82.812 (84.287)
Epoch: [12][400/468]	Time 0.109 (0.112)	Data 0.002 (0.003)	Loss 1.1764 (1.5889)	Acc@1 64.062 (55.860)	Acc@5 95.312 (84.211)
 * Acc@1 55.886 Acc@5 84.205
epoch 12, total time 52.34
Test: [0/94]	Time 0.153 (0.153)	Loss 2.0698 (2.0698)	Acc@1 43.750 (43.750)	Acc@5 75.000 (75.000)
 * Acc@1 53.633 Acc@5 82.333
==> training...
Epoch: [13][0/468]	Time 0.394 (0.394)	Data 0.334 (0.334)	Loss 1.8940 (1.8940)	Acc@1 54.688 (54.688)	Acc@5 75.000 (75.000)
Epoch: [13][100/468]	Time 0.109 (0.114)	Data 0.002 (0.006)	Loss 1.4781 (1.4916)	Acc@1 60.938 (58.632)	Acc@5 84.375 (85.798)
Epoch: [13][200/468]	Time 0.110 (0.112)	Data 0.002 (0.004)	Loss 1.5245 (1.5126)	Acc@1 59.375 (58.030)	Acc@5 84.375 (85.215)
Epoch: [13][300/468]	Time 0.111 (0.111)	Data 0.002 (0.003)	Loss 1.2878 (1.5240)	Acc@1 59.375 (57.646)	Acc@5 90.625 (85.143)
Epoch: [13][400/468]	Time 0.111 (0.111)	Data 0.002 (0.003)	Loss 1.3095 (1.5310)	Acc@1 59.375 (57.489)	Acc@5 89.062 (84.975)
 * Acc@1 57.469 Acc@5 84.933
epoch 13, total time 52.13
Test: [0/94]	Time 0.152 (0.152)	Loss 2.1409 (2.1409)	Acc@1 46.875 (46.875)	Acc@5 81.250 (81.250)
 * Acc@1 53.900 Acc@5 82.567
==> training...
Epoch: [14][0/468]	Time 0.383 (0.383)	Data 0.323 (0.323)	Loss 1.4068 (1.4068)	Acc@1 59.375 (59.375)	Acc@5 85.938 (85.938)
Epoch: [14][100/468]	Time 0.111 (0.114)	Data 0.002 (0.006)	Loss 1.4736 (1.4121)	Acc@1 59.375 (60.257)	Acc@5 85.938 (87.191)
Epoch: [14][200/468]	Time 0.110 (0.112)	Data 0.002 (0.004)	Loss 1.6181 (1.4380)	Acc@1 53.125 (59.600)	Acc@5 79.688 (86.894)
Epoch: [14][300/468]	Time 0.111 (0.112)	Data 0.002 (0.003)	Loss 1.3494 (1.4610)	Acc@1 65.625 (59.147)	Acc@5 87.500 (86.337)
Epoch: [14][400/468]	Time 0.110 (0.111)	Data 0.002 (0.003)	Loss 1.3440 (1.4630)	Acc@1 57.812 (59.032)	Acc@5 89.062 (86.241)
 * Acc@1 58.991 Acc@5 86.128
epoch 14, total time 52.09
Test: [0/94]	Time 0.156 (0.156)	Loss 2.3753 (2.3753)	Acc@1 46.875 (46.875)	Acc@5 75.000 (75.000)
 * Acc@1 56.533 Acc@5 83.800
==> training...
Epoch: [15][0/468]	Time 0.411 (0.411)	Data 0.348 (0.348)	Loss 1.6109 (1.6109)	Acc@1 60.938 (60.938)	Acc@5 78.125 (78.125)
Epoch: [15][100/468]	Time 0.112 (0.114)	Data 0.002 (0.006)	Loss 1.2480 (1.3890)	Acc@1 73.438 (61.231)	Acc@5 84.375 (87.237)
Epoch: [15][200/468]	Time 0.111 (0.113)	Data 0.002 (0.004)	Loss 1.2926 (1.4051)	Acc@1 67.188 (61.015)	Acc@5 87.500 (87.220)
Epoch: [15][300/468]	Time 0.114 (0.112)	Data 0.002 (0.004)	Loss 1.6611 (1.4269)	Acc@1 57.812 (60.418)	Acc@5 89.062 (86.685)
Epoch: [15][400/468]	Time 0.111 (0.112)	Data 0.002 (0.003)	Loss 1.4373 (1.4202)	Acc@1 54.688 (60.688)	Acc@5 81.250 (86.658)
 * Acc@1 60.704 Acc@5 86.635
epoch 15, total time 52.35
Test: [0/94]	Time 0.155 (0.155)	Loss 2.6148 (2.6148)	Acc@1 37.500 (37.500)	Acc@5 71.875 (71.875)
 * Acc@1 48.833 Acc@5 78.633
==> training...
Epoch: [16][0/468]	Time 0.408 (0.408)	Data 0.343 (0.343)	Loss 1.4360 (1.4360)	Acc@1 60.938 (60.938)	Acc@5 89.062 (89.062)
Epoch: [16][100/468]	Time 0.111 (0.115)	Data 0.002 (0.006)	Loss 1.5037 (1.3387)	Acc@1 53.125 (62.051)	Acc@5 87.500 (87.980)
Epoch: [16][200/468]	Time 0.111 (0.113)	Data 0.002 (0.004)	Loss 1.2651 (1.3515)	Acc@1 68.750 (61.917)	Acc@5 85.938 (87.889)
Epoch: [16][300/468]	Time 0.110 (0.112)	Data 0.002 (0.004)	Loss 1.1590 (1.3615)	Acc@1 65.625 (61.841)	Acc@5 92.188 (87.749)
Epoch: [16][400/468]	Time 0.109 (0.112)	Data 0.002 (0.003)	Loss 1.4393 (1.3828)	Acc@1 56.250 (61.160)	Acc@5 89.062 (87.406)
 * Acc@1 61.128 Acc@5 87.323
epoch 16, total time 52.18
Test: [0/94]	Time 0.148 (0.148)	Loss 1.8685 (1.8685)	Acc@1 59.375 (59.375)	Acc@5 78.125 (78.125)
 * Acc@1 58.967 Acc@5 84.467
==> training...
Epoch: [17][0/468]	Time 0.397 (0.397)	Data 0.336 (0.336)	Loss 1.4666 (1.4666)	Acc@1 62.500 (62.500)	Acc@5 84.375 (84.375)
Epoch: [17][100/468]	Time 0.109 (0.113)	Data 0.002 (0.006)	Loss 1.3857 (1.3021)	Acc@1 65.625 (63.181)	Acc@5 90.625 (88.707)
Epoch: [17][200/468]	Time 0.109 (0.111)	Data 0.002 (0.004)	Loss 1.4821 (1.3235)	Acc@1 59.375 (62.655)	Acc@5 87.500 (88.254)
Epoch: [17][300/468]	Time 0.109 (0.111)	Data 0.002 (0.003)	Loss 1.4879 (1.3317)	Acc@1 57.812 (62.552)	Acc@5 85.938 (88.159)
Epoch: [17][400/468]	Time 0.110 (0.111)	Data 0.002 (0.003)	Loss 1.1098 (1.3363)	Acc@1 71.875 (62.313)	Acc@5 93.750 (88.143)
 * Acc@1 62.417 Acc@5 88.134
epoch 17, total time 51.73
Test: [0/94]	Time 0.156 (0.156)	Loss 1.8133 (1.8133)	Acc@1 46.875 (46.875)	Acc@5 84.375 (84.375)
 * Acc@1 54.867 Acc@5 81.267
==> training...
Epoch: [18][0/468]	Time 0.422 (0.422)	Data 0.359 (0.359)	Loss 0.9491 (0.9491)	Acc@1 73.438 (73.438)	Acc@5 93.750 (93.750)
Epoch: [18][100/468]	Time 0.113 (0.114)	Data 0.002 (0.006)	Loss 1.3946 (1.2304)	Acc@1 60.938 (64.728)	Acc@5 90.625 (90.084)
Epoch: [18][200/468]	Time 0.111 (0.113)	Data 0.002 (0.004)	Loss 1.0742 (1.2654)	Acc@1 71.875 (63.993)	Acc@5 90.625 (89.358)
Epoch: [18][300/468]	Time 0.111 (0.112)	Data 0.002 (0.004)	Loss 1.1170 (1.2798)	Acc@1 67.188 (63.564)	Acc@5 92.188 (89.135)
Epoch: [18][400/468]	Time 0.112 (0.112)	Data 0.002 (0.003)	Loss 0.9787 (1.2985)	Acc@1 68.750 (63.186)	Acc@5 92.188 (88.759)
 * Acc@1 63.241 Acc@5 88.789
epoch 18, total time 52.33
Test: [0/94]	Time 0.154 (0.154)	Loss 1.7249 (1.7249)	Acc@1 59.375 (59.375)	Acc@5 81.250 (81.250)
 * Acc@1 57.633 Acc@5 84.367
==> training...
Epoch: [19][0/468]	Time 0.444 (0.444)	Data 0.379 (0.379)	Loss 1.0320 (1.0320)	Acc@1 70.312 (70.312)	Acc@5 93.750 (93.750)
Epoch: [19][100/468]	Time 0.111 (0.114)	Data 0.002 (0.006)	Loss 1.1027 (1.1859)	Acc@1 65.625 (66.228)	Acc@5 90.625 (90.006)
Epoch: [19][200/468]	Time 0.110 (0.113)	Data 0.002 (0.004)	Loss 1.3411 (1.2215)	Acc@1 59.375 (65.446)	Acc@5 85.938 (89.770)
Epoch: [19][300/468]	Time 0.108 (0.112)	Data 0.002 (0.004)	Loss 1.5015 (1.2378)	Acc@1 60.938 (65.090)	Acc@5 84.375 (89.473)
Epoch: [19][400/468]	Time 0.111 (0.112)	Data 0.002 (0.003)	Loss 1.3225 (1.2527)	Acc@1 62.500 (64.647)	Acc@5 84.375 (89.183)
 * Acc@1 64.513 Acc@5 89.106
epoch 19, total time 52.20
Test: [0/94]	Time 0.153 (0.153)	Loss 1.8753 (1.8753)	Acc@1 53.125 (53.125)	Acc@5 78.125 (78.125)
 * Acc@1 58.900 Acc@5 84.733
==> training...
Epoch: [20][0/468]	Time 0.398 (0.398)	Data 0.336 (0.336)	Loss 1.1736 (1.1736)	Acc@1 65.625 (65.625)	Acc@5 85.938 (85.938)
Epoch: [20][100/468]	Time 0.111 (0.115)	Data 0.002 (0.006)	Loss 1.3325 (1.2022)	Acc@1 59.375 (65.981)	Acc@5 87.500 (89.913)
Epoch: [20][200/468]	Time 0.109 (0.114)	Data 0.002 (0.004)	Loss 1.0666 (1.2000)	Acc@1 70.312 (65.913)	Acc@5 93.750 (89.995)
Epoch: [20][300/468]	Time 0.111 (0.113)	Data 0.002 (0.004)	Loss 1.2158 (1.2251)	Acc@1 57.812 (65.179)	Acc@5 95.312 (89.670)
Epoch: [20][400/468]	Time 0.110 (0.112)	Data 0.002 (0.003)	Loss 1.1121 (1.2233)	Acc@1 65.625 (65.161)	Acc@5 92.188 (89.772)
 * Acc@1 64.967 Acc@5 89.650
epoch 20, total time 52.57
Test: [0/94]	Time 0.152 (0.152)	Loss 2.0391 (2.0391)	Acc@1 46.875 (46.875)	Acc@5 78.125 (78.125)
 * Acc@1 60.000 Acc@5 86.100
==> training...
Epoch: [21][0/468]	Time 0.446 (0.446)	Data 0.386 (0.386)	Loss 1.3116 (1.3116)	Acc@1 70.312 (70.312)	Acc@5 89.062 (89.062)
Epoch: [21][100/468]	Time 0.109 (0.114)	Data 0.002 (0.007)	Loss 1.2381 (1.1419)	Acc@1 62.500 (67.389)	Acc@5 85.938 (91.027)
Epoch: [21][200/468]	Time 0.111 (0.112)	Data 0.002 (0.005)	Loss 1.0593 (1.1641)	Acc@1 70.312 (66.861)	Acc@5 90.625 (90.726)
Epoch: [21][300/468]	Time 0.111 (0.112)	Data 0.002 (0.004)	Loss 1.3050 (1.1815)	Acc@1 60.938 (66.347)	Acc@5 87.500 (90.412)
Epoch: [21][400/468]	Time 0.110 (0.112)	Data 0.002 (0.004)	Loss 1.2029 (1.1913)	Acc@1 65.625 (66.139)	Acc@5 89.062 (90.235)
 * Acc@1 65.852 Acc@5 90.017
epoch 21, total time 52.45
Test: [0/94]	Time 0.155 (0.155)	Loss 1.8762 (1.8762)	Acc@1 50.000 (50.000)	Acc@5 78.125 (78.125)
 * Acc@1 60.633 Acc@5 86.233
==> training...
Epoch: [22][0/468]	Time 0.405 (0.405)	Data 0.342 (0.342)	Loss 1.1551 (1.1551)	Acc@1 68.750 (68.750)	Acc@5 90.625 (90.625)
Epoch: [22][100/468]	Time 0.110 (0.114)	Data 0.002 (0.006)	Loss 1.4186 (1.1309)	Acc@1 51.562 (67.311)	Acc@5 85.938 (91.213)
Epoch: [22][200/468]	Time 0.111 (0.113)	Data 0.002 (0.004)	Loss 0.9254 (1.1255)	Acc@1 78.125 (67.879)	Acc@5 90.625 (91.099)
Epoch: [22][300/468]	Time 0.113 (0.112)	Data 0.002 (0.004)	Loss 1.3340 (1.1538)	Acc@1 65.625 (67.182)	Acc@5 84.375 (90.630)
Epoch: [22][400/468]	Time 0.113 (0.112)	Data 0.002 (0.003)	Loss 1.2041 (1.1639)	Acc@1 57.812 (66.821)	Acc@5 95.312 (90.543)
 * Acc@1 66.817 Acc@5 90.448
epoch 22, total time 52.41
Test: [0/94]	Time 0.149 (0.149)	Loss 1.8658 (1.8658)	Acc@1 53.125 (53.125)	Acc@5 78.125 (78.125)
 * Acc@1 62.100 Acc@5 87.400
==> training...
Epoch: [23][0/468]	Time 0.404 (0.404)	Data 0.342 (0.342)	Loss 1.1587 (1.1587)	Acc@1 68.750 (68.750)	Acc@5 92.188 (92.188)
Epoch: [23][100/468]	Time 0.112 (0.114)	Data 0.002 (0.006)	Loss 1.4226 (1.0639)	Acc@1 60.938 (69.817)	Acc@5 84.375 (91.723)
Epoch: [23][200/468]	Time 0.111 (0.113)	Data 0.002 (0.004)	Loss 1.7295 (1.0991)	Acc@1 50.000 (68.649)	Acc@5 81.250 (91.643)
Epoch: [23][300/468]	Time 0.111 (0.113)	Data 0.002 (0.004)	Loss 1.1806 (1.1288)	Acc@1 68.750 (67.935)	Acc@5 89.062 (91.139)
Epoch: [23][400/468]	Time 0.110 (0.112)	Data 0.002 (0.003)	Loss 1.1956 (1.1304)	Acc@1 70.312 (67.912)	Acc@5 87.500 (91.151)
 * Acc@1 67.718 Acc@5 90.976
epoch 23, total time 52.51
Test: [0/94]	Time 0.154 (0.154)	Loss 2.0021 (2.0021)	Acc@1 53.125 (53.125)	Acc@5 81.250 (81.250)
 * Acc@1 58.900 Acc@5 84.667
==> training...
Epoch: [24][0/468]	Time 0.404 (0.404)	Data 0.338 (0.338)	Loss 0.9079 (0.9079)	Acc@1 71.875 (71.875)	Acc@5 90.625 (90.625)
Epoch: [24][100/468]	Time 0.112 (0.114)	Data 0.002 (0.006)	Loss 0.8529 (1.0501)	Acc@1 73.438 (69.554)	Acc@5 93.750 (92.358)
Epoch: [24][200/468]	Time 0.110 (0.112)	Data 0.002 (0.004)	Loss 1.1570 (1.0794)	Acc@1 65.625 (68.804)	Acc@5 92.188 (91.908)
Epoch: [24][300/468]	Time 0.109 (0.112)	Data 0.002 (0.004)	Loss 1.0825 (1.0951)	Acc@1 70.312 (68.407)	Acc@5 93.750 (91.684)
Epoch: [24][400/468]	Time 0.110 (0.111)	Data 0.002 (0.003)	Loss 1.0823 (1.1122)	Acc@1 68.750 (68.072)	Acc@5 93.750 (91.420)
 * Acc@1 67.885 Acc@5 91.380
epoch 24, total time 52.07
Test: [0/94]	Time 0.147 (0.147)	Loss 2.0406 (2.0406)	Acc@1 56.250 (56.250)	Acc@5 78.125 (78.125)
 * Acc@1 60.767 Acc@5 85.133
==> training...
Epoch: [25][0/468]	Time 0.456 (0.456)	Data 0.389 (0.389)	Loss 1.5299 (1.5299)	Acc@1 53.125 (53.125)	Acc@5 92.188 (92.188)
Epoch: [25][100/468]	Time 0.111 (0.116)	Data 0.002 (0.007)	Loss 0.8545 (0.9984)	Acc@1 78.125 (71.411)	Acc@5 95.312 (92.853)
Epoch: [25][200/468]	Time 0.110 (0.114)	Data 0.002 (0.005)	Loss 1.3595 (1.0290)	Acc@1 62.500 (70.188)	Acc@5 89.062 (92.366)
Epoch: [25][300/468]	Time 0.112 (0.113)	Data 0.002 (0.004)	Loss 0.9137 (1.0672)	Acc@1 71.875 (69.217)	Acc@5 93.750 (91.866)
Epoch: [25][400/468]	Time 0.112 (0.113)	Data 0.002 (0.004)	Loss 1.4348 (1.0819)	Acc@1 68.750 (68.976)	Acc@5 87.500 (91.755)
 * Acc@1 68.810 Acc@5 91.603
epoch 25, total time 52.84
Test: [0/94]	Time 0.159 (0.159)	Loss 2.2216 (2.2216)	Acc@1 43.750 (43.750)	Acc@5 81.250 (81.250)
 * Acc@1 61.533 Acc@5 85.933
==> training...
Epoch: [26][0/468]	Time 0.395 (0.395)	Data 0.332 (0.332)	Loss 0.7997 (0.7997)	Acc@1 79.688 (79.688)	Acc@5 96.875 (96.875)
Epoch: [26][100/468]	Time 0.112 (0.115)	Data 0.002 (0.006)	Loss 0.9763 (0.9855)	Acc@1 73.438 (71.767)	Acc@5 98.438 (93.239)
Epoch: [26][200/468]	Time 0.110 (0.113)	Data 0.002 (0.004)	Loss 1.3272 (1.0284)	Acc@1 60.938 (70.320)	Acc@5 87.500 (92.654)
Epoch: [26][300/468]	Time 0.112 (0.112)	Data 0.002 (0.004)	Loss 0.9648 (1.0486)	Acc@1 70.312 (69.778)	Acc@5 93.750 (92.297)
Epoch: [26][400/468]	Time 0.110 (0.112)	Data 0.002 (0.003)	Loss 1.3200 (1.0606)	Acc@1 70.312 (69.568)	Acc@5 90.625 (92.012)
 * Acc@1 69.521 Acc@5 91.920
epoch 26, total time 52.38
Test: [0/94]	Time 0.152 (0.152)	Loss 1.9203 (1.9203)	Acc@1 59.375 (59.375)	Acc@5 78.125 (78.125)
 * Acc@1 60.767 Acc@5 86.033
==> training...
Epoch: [27][0/468]	Time 0.403 (0.403)	Data 0.339 (0.339)	Loss 1.0444 (1.0444)	Acc@1 67.188 (67.188)	Acc@5 92.188 (92.188)
Epoch: [27][100/468]	Time 0.110 (0.114)	Data 0.002 (0.006)	Loss 0.9455 (0.9702)	Acc@1 71.875 (72.169)	Acc@5 96.875 (93.286)
Epoch: [27][200/468]	Time 0.111 (0.112)	Data 0.002 (0.004)	Loss 1.1679 (1.0027)	Acc@1 65.625 (71.362)	Acc@5 89.062 (92.600)
Epoch: [27][300/468]	Time 0.110 (0.112)	Data 0.002 (0.004)	Loss 1.1696 (1.0282)	Acc@1 57.812 (70.442)	Acc@5 92.188 (92.328)
Epoch: [27][400/468]	Time 0.109 (0.111)	Data 0.002 (0.003)	Loss 1.0248 (1.0467)	Acc@1 64.062 (69.896)	Acc@5 92.188 (92.141)
 * Acc@1 69.598 Acc@5 91.917
epoch 27, total time 52.02
Test: [0/94]	Time 0.159 (0.159)	Loss 1.8434 (1.8434)	Acc@1 59.375 (59.375)	Acc@5 84.375 (84.375)
 * Acc@1 63.333 Acc@5 86.967
==> training...
Epoch: [28][0/468]	Time 0.426 (0.426)	Data 0.331 (0.331)	Loss 1.0176 (1.0176)	Acc@1 70.312 (70.312)	Acc@5 92.188 (92.188)
Epoch: [28][100/468]	Time 0.111 (0.114)	Data 0.002 (0.006)	Loss 1.1153 (0.9767)	Acc@1 65.625 (71.999)	Acc@5 93.750 (93.100)
Epoch: [28][200/468]	Time 0.110 (0.112)	Data 0.002 (0.004)	Loss 1.1854 (1.0059)	Acc@1 70.312 (71.214)	Acc@5 89.062 (92.576)
Epoch: [28][300/468]	Time 0.110 (0.112)	Data 0.002 (0.003)	Loss 0.9070 (1.0140)	Acc@1 71.875 (70.899)	Acc@5 92.188 (92.556)
Epoch: [28][400/468]	Time 0.109 (0.112)	Data 0.002 (0.003)	Loss 0.9291 (1.0261)	Acc@1 70.312 (70.480)	Acc@5 95.312 (92.355)
 * Acc@1 70.149 Acc@5 92.274
epoch 28, total time 52.22
Test: [0/94]	Time 0.155 (0.155)	Loss 2.1029 (2.1029)	Acc@1 46.875 (46.875)	Acc@5 78.125 (78.125)
 * Acc@1 60.600 Acc@5 85.800
==> training...
Epoch: [29][0/468]	Time 0.399 (0.399)	Data 0.337 (0.337)	Loss 0.7879 (0.7879)	Acc@1 75.000 (75.000)	Acc@5 96.875 (96.875)
Epoch: [29][100/468]	Time 0.111 (0.114)	Data 0.002 (0.006)	Loss 0.9236 (0.9568)	Acc@1 78.125 (71.937)	Acc@5 90.625 (93.549)
Epoch: [29][200/468]	Time 0.112 (0.113)	Data 0.002 (0.004)	Loss 1.0510 (0.9669)	Acc@1 67.188 (71.735)	Acc@5 93.750 (93.307)
Epoch: [29][300/468]	Time 0.110 (0.112)	Data 0.002 (0.004)	Loss 1.1644 (0.9901)	Acc@1 67.188 (70.935)	Acc@5 93.750 (92.997)
Epoch: [29][400/468]	Time 0.112 (0.112)	Data 0.002 (0.003)	Loss 1.0670 (1.0076)	Acc@1 68.750 (70.655)	Acc@5 92.188 (92.768)
 * Acc@1 70.479 Acc@5 92.602
epoch 29, total time 52.20
Test: [0/94]	Time 0.147 (0.147)	Loss 1.9224 (1.9224)	Acc@1 59.375 (59.375)	Acc@5 87.500 (87.500)
 * Acc@1 61.300 Acc@5 84.567
==> training...
Epoch: [30][0/468]	Time 0.407 (0.407)	Data 0.345 (0.345)	Loss 0.7986 (0.7986)	Acc@1 75.000 (75.000)	Acc@5 95.312 (95.312)
Epoch: [30][100/468]	Time 0.111 (0.114)	Data 0.002 (0.006)	Loss 0.9518 (0.9690)	Acc@1 75.000 (71.798)	Acc@5 95.312 (93.100)
Epoch: [30][200/468]	Time 0.110 (0.113)	Data 0.002 (0.004)	Loss 0.8485 (0.9601)	Acc@1 79.688 (71.859)	Acc@5 95.312 (93.354)
Epoch: [30][300/468]	Time 0.109 (0.112)	Data 0.002 (0.004)	Loss 1.1991 (0.9872)	Acc@1 65.625 (71.086)	Acc@5 92.188 (92.987)
Epoch: [30][400/468]	Time 0.110 (0.111)	Data 0.002 (0.003)	Loss 1.1319 (0.9942)	Acc@1 64.062 (71.014)	Acc@5 90.625 (92.869)
 * Acc@1 70.757 Acc@5 92.732
epoch 30, total time 52.11
Test: [0/94]	Time 0.147 (0.147)	Loss 1.9247 (1.9247)	Acc@1 46.875 (46.875)	Acc@5 81.250 (81.250)
 * Acc@1 63.533 Acc@5 86.400
==> training...
Epoch: [31][0/468]	Time 0.377 (0.377)	Data 0.315 (0.315)	Loss 0.8322 (0.8322)	Acc@1 76.562 (76.562)	Acc@5 98.438 (98.438)
Epoch: [31][100/468]	Time 0.112 (0.114)	Data 0.002 (0.006)	Loss 0.8269 (0.8976)	Acc@1 73.438 (73.963)	Acc@5 96.875 (93.982)
Epoch: [31][200/468]	Time 0.113 (0.112)	Data 0.002 (0.004)	Loss 0.9680 (0.9450)	Acc@1 76.562 (72.544)	Acc@5 93.750 (93.462)
Epoch: [31][300/468]	Time 0.113 (0.112)	Data 0.002 (0.004)	Loss 1.0851 (0.9743)	Acc@1 65.625 (71.621)	Acc@5 90.625 (93.096)
Epoch: [31][400/468]	Time 0.112 (0.112)	Data 0.002 (0.003)	Loss 1.1565 (0.9876)	Acc@1 67.188 (71.310)	Acc@5 90.625 (92.862)
 * Acc@1 71.207 Acc@5 92.788
epoch 31, total time 52.49
Test: [0/94]	Time 0.160 (0.160)	Loss 1.4884 (1.4884)	Acc@1 62.500 (62.500)	Acc@5 84.375 (84.375)
 * Acc@1 64.000 Acc@5 87.067
==> training...
Epoch: [32][0/468]	Time 0.393 (0.393)	Data 0.330 (0.330)	Loss 0.8276 (0.8276)	Acc@1 81.250 (81.250)	Acc@5 98.438 (98.438)
Epoch: [32][100/468]	Time 0.112 (0.115)	Data 0.002 (0.006)	Loss 0.7131 (0.8886)	Acc@1 76.562 (73.809)	Acc@5 93.750 (94.539)
Epoch: [32][200/468]	Time 0.111 (0.114)	Data 0.002 (0.004)	Loss 1.0784 (0.9177)	Acc@1 68.750 (73.064)	Acc@5 92.188 (94.224)
Epoch: [32][300/468]	Time 0.112 (0.113)	Data 0.002 (0.004)	Loss 0.7649 (0.9394)	Acc@1 76.562 (72.674)	Acc@5 95.312 (93.766)
Epoch: [32][400/468]	Time 0.111 (0.113)	Data 0.002 (0.003)	Loss 1.1405 (0.9520)	Acc@1 73.438 (72.401)	Acc@5 90.625 (93.442)
 * Acc@1 72.222 Acc@5 93.296
epoch 32, total time 52.65
Test: [0/94]	Time 0.156 (0.156)	Loss 1.6115 (1.6115)	Acc@1 59.375 (59.375)	Acc@5 84.375 (84.375)
 * Acc@1 65.233 Acc@5 88.667
==> training...
Epoch: [33][0/468]	Time 0.404 (0.404)	Data 0.341 (0.341)	Loss 0.7325 (0.7325)	Acc@1 75.000 (75.000)	Acc@5 96.875 (96.875)
Epoch: [33][100/468]	Time 0.110 (0.114)	Data 0.002 (0.007)	Loss 0.9721 (0.8471)	Acc@1 67.188 (75.387)	Acc@5 93.750 (94.663)
Epoch: [33][200/468]	Time 0.112 (0.113)	Data 0.002 (0.005)	Loss 0.9867 (0.8872)	Acc@1 75.000 (74.083)	Acc@5 90.625 (94.131)
Epoch: [33][300/468]	Time 0.113 (0.112)	Data 0.002 (0.004)	Loss 0.9115 (0.9050)	Acc@1 71.875 (73.557)	Acc@5 93.750 (93.869)
Epoch: [33][400/468]	Time 0.113 (0.112)	Data 0.002 (0.004)	Loss 1.0936 (0.9349)	Acc@1 65.625 (72.798)	Acc@5 89.062 (93.485)
 * Acc@1 72.423 Acc@5 93.266
epoch 33, total time 52.59
Test: [0/94]	Time 0.161 (0.161)	Loss 2.0709 (2.0709)	Acc@1 56.250 (56.250)	Acc@5 78.125 (78.125)
 * Acc@1 62.800 Acc@5 87.367
==> training...
Epoch: [34][0/468]	Time 0.389 (0.389)	Data 0.328 (0.328)	Loss 0.9423 (0.9423)	Acc@1 73.438 (73.438)	Acc@5 96.875 (96.875)
Epoch: [34][100/468]	Time 0.110 (0.113)	Data 0.002 (0.006)	Loss 0.8021 (0.8781)	Acc@1 76.562 (74.443)	Acc@5 96.875 (94.678)
Epoch: [34][200/468]	Time 0.110 (0.112)	Data 0.002 (0.004)	Loss 1.2713 (0.8937)	Acc@1 65.625 (73.951)	Acc@5 84.375 (94.193)
Epoch: [34][300/468]	Time 0.110 (0.112)	Data 0.002 (0.004)	Loss 1.2481 (0.9207)	Acc@1 62.500 (73.178)	Acc@5 89.062 (93.698)
Epoch: [34][400/468]	Time 0.109 (0.111)	Data 0.002 (0.003)	Loss 1.1682 (0.9385)	Acc@1 70.312 (72.701)	Acc@5 90.625 (93.540)
 * Acc@1 72.379 Acc@5 93.359
epoch 34, total time 52.08
Test: [0/94]	Time 0.182 (0.182)	Loss 1.9442 (1.9442)	Acc@1 56.250 (56.250)	Acc@5 75.000 (75.000)
 * Acc@1 60.200 Acc@5 86.600
==> training...
Epoch: [35][0/468]	Time 0.430 (0.430)	Data 0.367 (0.367)	Loss 0.8957 (0.8957)	Acc@1 76.562 (76.562)	Acc@5 90.625 (90.625)
Epoch: [35][100/468]	Time 0.112 (0.115)	Data 0.002 (0.006)	Loss 0.9140 (0.8498)	Acc@1 71.875 (75.418)	Acc@5 93.750 (94.415)
Epoch: [35][200/468]	Time 0.112 (0.113)	Data 0.002 (0.004)	Loss 0.6532 (0.8859)	Acc@1 84.375 (74.137)	Acc@5 100.000 (94.146)
Epoch: [35][300/468]	Time 0.113 (0.113)	Data 0.002 (0.004)	Loss 0.7451 (0.9134)	Acc@1 81.250 (73.469)	Acc@5 95.312 (93.885)
Epoch: [35][400/468]	Time 0.113 (0.113)	Data 0.002 (0.003)	Loss 1.0862 (0.9388)	Acc@1 64.062 (72.763)	Acc@5 93.750 (93.590)
 * Acc@1 72.706 Acc@5 93.603
epoch 35, total time 52.68
Test: [0/94]	Time 0.161 (0.161)	Loss 1.9224 (1.9224)	Acc@1 56.250 (56.250)	Acc@5 87.500 (87.500)
 * Acc@1 65.400 Acc@5 88.300
==> training...
Epoch: [36][0/468]	Time 0.400 (0.400)	Data 0.337 (0.337)	Loss 0.9008 (0.9008)	Acc@1 71.875 (71.875)	Acc@5 95.312 (95.312)
Epoch: [36][100/468]	Time 0.112 (0.114)	Data 0.002 (0.006)	Loss 0.8081 (0.8165)	Acc@1 73.438 (76.037)	Acc@5 96.875 (95.452)
Epoch: [36][200/468]	Time 0.112 (0.113)	Data 0.002 (0.004)	Loss 0.8704 (0.8669)	Acc@1 78.125 (74.705)	Acc@5 89.062 (94.574)
Epoch: [36][300/468]	Time 0.110 (0.113)	Data 0.002 (0.004)	Loss 0.7411 (0.8949)	Acc@1 81.250 (73.983)	Acc@5 95.312 (94.202)
Epoch: [36][400/468]	Time 0.112 (0.113)	Data 0.002 (0.003)	Loss 1.1162 (0.9098)	Acc@1 64.062 (73.691)	Acc@5 90.625 (93.957)
 * Acc@1 73.274 Acc@5 93.750
epoch 36, total time 52.68
Test: [0/94]	Time 0.150 (0.150)	Loss 1.8216 (1.8216)	Acc@1 62.500 (62.500)	Acc@5 81.250 (81.250)
 * Acc@1 64.567 Acc@5 86.867
==> training...
Epoch: [37][0/468]	Time 0.402 (0.402)	Data 0.339 (0.339)	Loss 0.6488 (0.6488)	Acc@1 84.375 (84.375)	Acc@5 95.312 (95.312)
Epoch: [37][100/468]	Time 0.110 (0.114)	Data 0.002 (0.006)	Loss 0.6976 (0.7966)	Acc@1 82.812 (76.717)	Acc@5 98.438 (95.050)
Epoch: [37][200/468]	Time 0.110 (0.113)	Data 0.002 (0.004)	Loss 1.1586 (0.8300)	Acc@1 68.750 (75.606)	Acc@5 89.062 (94.597)
Epoch: [37][300/468]	Time 0.109 (0.112)	Data 0.002 (0.003)	Loss 0.9778 (0.8635)	Acc@1 71.875 (74.590)	Acc@5 95.312 (94.243)
Epoch: [37][400/468]	Time 0.110 (0.112)	Data 0.002 (0.003)	Loss 0.7593 (0.8941)	Acc@1 75.000 (73.660)	Acc@5 96.875 (93.902)
 * Acc@1 73.347 Acc@5 93.854
epoch 37, total time 52.28
Test: [0/94]	Time 0.145 (0.145)	Loss 2.1103 (2.1103)	Acc@1 50.000 (50.000)	Acc@5 81.250 (81.250)
 * Acc@1 64.200 Acc@5 87.767
==> training...
Epoch: [38][0/468]	Time 0.397 (0.397)	Data 0.328 (0.328)	Loss 0.8144 (0.8144)	Acc@1 73.438 (73.438)	Acc@5 96.875 (96.875)
Epoch: [38][100/468]	Time 0.108 (0.113)	Data 0.002 (0.006)	Loss 0.6740 (0.8525)	Acc@1 78.125 (75.015)	Acc@5 96.875 (94.400)
Epoch: [38][200/468]	Time 0.112 (0.112)	Data 0.002 (0.004)	Loss 1.0185 (0.8745)	Acc@1 73.438 (74.417)	Acc@5 89.062 (94.286)
Epoch: [38][300/468]	Time 0.112 (0.112)	Data 0.002 (0.004)	Loss 0.9828 (0.8879)	Acc@1 70.312 (74.092)	Acc@5 93.750 (94.124)
Epoch: [38][400/468]	Time 0.112 (0.112)	Data 0.002 (0.003)	Loss 1.2845 (0.8985)	Acc@1 62.500 (73.714)	Acc@5 85.938 (94.081)
 * Acc@1 73.441 Acc@5 93.894
epoch 38, total time 52.35
Test: [0/94]	Time 0.160 (0.160)	Loss 1.9973 (1.9973)	Acc@1 50.000 (50.000)	Acc@5 84.375 (84.375)
 * Acc@1 64.067 Acc@5 87.800
==> training...
Epoch: [39][0/468]	Time 0.445 (0.445)	Data 0.381 (0.381)	Loss 0.8247 (0.8247)	Acc@1 76.562 (76.562)	Acc@5 98.438 (98.438)
Epoch: [39][100/468]	Time 0.112 (0.115)	Data 0.002 (0.006)	Loss 0.6942 (0.8009)	Acc@1 82.812 (76.996)	Acc@5 95.312 (95.359)
Epoch: [39][200/468]	Time 0.111 (0.113)	Data 0.002 (0.004)	Loss 0.7779 (0.8237)	Acc@1 79.688 (76.306)	Acc@5 92.188 (95.087)
Epoch: [39][300/468]	Time 0.111 (0.113)	Data 0.002 (0.004)	Loss 0.9691 (0.8516)	Acc@1 76.562 (75.395)	Acc@5 93.750 (94.627)
Epoch: [39][400/468]	Time 0.111 (0.112)	Data 0.002 (0.003)	Loss 1.0284 (0.8786)	Acc@1 67.188 (74.454)	Acc@5 90.625 (94.296)
 * Acc@1 74.135 Acc@5 94.101
epoch 39, total time 52.65
Test: [0/94]	Time 0.154 (0.154)	Loss 1.6488 (1.6488)	Acc@1 59.375 (59.375)	Acc@5 78.125 (78.125)
 * Acc@1 65.167 Acc@5 88.600
==> training...
Epoch: [40][0/468]	Time 0.401 (0.401)	Data 0.337 (0.337)	Loss 0.7323 (0.7323)	Acc@1 82.812 (82.812)	Acc@5 93.750 (93.750)
Epoch: [40][100/468]	Time 0.112 (0.115)	Data 0.002 (0.006)	Loss 1.0615 (0.7857)	Acc@1 70.312 (77.135)	Acc@5 92.188 (95.127)
Epoch: [40][200/468]	Time 0.112 (0.114)	Data 0.002 (0.004)	Loss 0.9351 (0.8252)	Acc@1 75.000 (75.692)	Acc@5 93.750 (94.846)
Epoch: [40][300/468]	Time 0.113 (0.113)	Data 0.002 (0.004)	Loss 1.0985 (0.8455)	Acc@1 67.188 (75.182)	Acc@5 92.188 (94.565)
Epoch: [40][400/468]	Time 0.112 (0.113)	Data 0.002 (0.003)	Loss 1.0111 (0.8730)	Acc@1 70.312 (74.349)	Acc@5 92.188 (94.350)
 * Acc@1 74.259 Acc@5 94.301
epoch 40, total time 52.81
Test: [0/94]	Time 0.152 (0.152)	Loss 1.8544 (1.8544)	Acc@1 53.125 (53.125)	Acc@5 84.375 (84.375)
 * Acc@1 62.033 Acc@5 86.667
==> training...
Epoch: [41][0/468]	Time 0.410 (0.410)	Data 0.345 (0.345)	Loss 0.7504 (0.7504)	Acc@1 76.562 (76.562)	Acc@5 93.750 (93.750)
Epoch: [41][100/468]	Time 0.112 (0.115)	Data 0.002 (0.006)	Loss 0.8348 (0.7823)	Acc@1 68.750 (77.011)	Acc@5 92.188 (95.312)
Epoch: [41][200/468]	Time 0.112 (0.113)	Data 0.002 (0.004)	Loss 0.6498 (0.8049)	Acc@1 81.250 (76.407)	Acc@5 95.312 (95.141)
Epoch: [41][300/468]	Time 0.111 (0.113)	Data 0.002 (0.004)	Loss 1.0732 (0.8338)	Acc@1 67.188 (75.566)	Acc@5 85.938 (94.887)
Epoch: [41][400/468]	Time 0.110 (0.113)	Data 0.002 (0.003)	Loss 1.0961 (0.8631)	Acc@1 64.062 (74.836)	Acc@5 93.750 (94.557)
 * Acc@1 74.730 Acc@5 94.358
epoch 41, total time 52.64
Test: [0/94]	Time 0.148 (0.148)	Loss 1.8393 (1.8393)	Acc@1 50.000 (50.000)	Acc@5 78.125 (78.125)
 * Acc@1 65.033 Acc@5 87.967
==> training...
Epoch: [42][0/468]	Time 0.401 (0.401)	Data 0.338 (0.338)	Loss 0.9142 (0.9142)	Acc@1 78.125 (78.125)	Acc@5 93.750 (93.750)
Epoch: [42][100/468]	Time 0.110 (0.113)	Data 0.002 (0.006)	Loss 1.0294 (0.7573)	Acc@1 68.750 (77.568)	Acc@5 95.312 (95.668)
Epoch: [42][200/468]	Time 0.111 (0.112)	Data 0.002 (0.004)	Loss 1.1932 (0.7982)	Acc@1 62.500 (76.803)	Acc@5 89.062 (95.227)
Epoch: [42][300/468]	Time 0.111 (0.112)	Data 0.002 (0.004)	Loss 0.9233 (0.8218)	Acc@1 79.688 (76.002)	Acc@5 90.625 (94.908)
Epoch: [42][400/468]	Time 0.111 (0.112)	Data 0.002 (0.003)	Loss 0.8464 (0.8423)	Acc@1 78.125 (75.362)	Acc@5 93.750 (94.627)
 * Acc@1 75.107 Acc@5 94.458
epoch 42, total time 52.38
Test: [0/94]	Time 0.154 (0.154)	Loss 1.8282 (1.8282)	Acc@1 62.500 (62.500)	Acc@5 78.125 (78.125)
 * Acc@1 62.133 Acc@5 87.533
==> training...
Epoch: [43][0/468]	Time 0.420 (0.420)	Data 0.339 (0.339)	Loss 0.6789 (0.6789)	Acc@1 81.250 (81.250)	Acc@5 95.312 (95.312)
Epoch: [43][100/468]	Time 0.113 (0.115)	Data 0.002 (0.006)	Loss 0.8193 (0.7948)	Acc@1 73.438 (76.841)	Acc@5 95.312 (95.142)
Epoch: [43][200/468]	Time 0.112 (0.114)	Data 0.002 (0.004)	Loss 0.7645 (0.8071)	Acc@1 81.250 (76.376)	Acc@5 92.188 (94.970)
Epoch: [43][300/468]	Time 0.111 (0.113)	Data 0.002 (0.004)	Loss 0.7645 (0.8319)	Acc@1 70.312 (75.763)	Acc@5 95.312 (94.653)
Epoch: [43][400/468]	Time 0.113 (0.113)	Data 0.002 (0.003)	Loss 1.1233 (0.8554)	Acc@1 64.062 (75.027)	Acc@5 95.312 (94.428)
 * Acc@1 74.633 Acc@5 94.348
epoch 43, total time 52.73
Test: [0/94]	Time 0.155 (0.155)	Loss 1.8515 (1.8515)	Acc@1 56.250 (56.250)	Acc@5 84.375 (84.375)
 * Acc@1 65.167 Acc@5 88.200
==> training...
Epoch: [44][0/468]	Time 0.409 (0.409)	Data 0.343 (0.343)	Loss 0.5895 (0.5895)	Acc@1 84.375 (84.375)	Acc@5 98.438 (98.438)
Epoch: [44][100/468]	Time 0.111 (0.115)	Data 0.002 (0.006)	Loss 0.6118 (0.7739)	Acc@1 79.688 (77.305)	Acc@5 96.875 (95.560)
Epoch: [44][200/468]	Time 0.111 (0.113)	Data 0.002 (0.004)	Loss 0.7881 (0.8004)	Acc@1 78.125 (76.741)	Acc@5 95.312 (95.227)
Epoch: [44][300/468]	Time 0.110 (0.113)	Data 0.002 (0.004)	Loss 0.9996 (0.8310)	Acc@1 76.562 (75.737)	Acc@5 92.188 (94.913)
Epoch: [44][400/468]	Time 0.112 (0.113)	Data 0.002 (0.003)	Loss 0.8977 (0.8576)	Acc@1 75.000 (74.906)	Acc@5 93.750 (94.623)
 * Acc@1 74.846 Acc@5 94.555
epoch 44, total time 52.72
Test: [0/94]	Time 0.154 (0.154)	Loss 1.4532 (1.4532)	Acc@1 68.750 (68.750)	Acc@5 87.500 (87.500)
 * Acc@1 63.367 Acc@5 87.067
==> training...
Epoch: [45][0/468]	Time 0.403 (0.403)	Data 0.340 (0.340)	Loss 0.6453 (0.6453)	Acc@1 76.562 (76.562)	Acc@5 100.000 (100.000)
Epoch: [45][100/468]	Time 0.111 (0.115)	Data 0.002 (0.006)	Loss 0.5502 (0.7558)	Acc@1 84.375 (77.847)	Acc@5 98.438 (95.931)
Epoch: [45][200/468]	Time 0.111 (0.113)	Data 0.002 (0.004)	Loss 0.7236 (0.7951)	Acc@1 82.812 (76.625)	Acc@5 95.312 (95.421)
Epoch: [45][300/468]	Time 0.110 (0.112)	Data 0.002 (0.004)	Loss 0.9061 (0.8288)	Acc@1 71.875 (75.576)	Acc@5 95.312 (94.923)
Epoch: [45][400/468]	Time 0.110 (0.112)	Data 0.002 (0.003)	Loss 0.9881 (0.8404)	Acc@1 71.875 (75.358)	Acc@5 93.750 (94.673)
 * Acc@1 75.033 Acc@5 94.581
epoch 45, total time 52.31
Test: [0/94]	Time 0.152 (0.152)	Loss 1.5462 (1.5462)	Acc@1 59.375 (59.375)	Acc@5 84.375 (84.375)
 * Acc@1 65.333 Acc@5 88.167
==> training...
Epoch: [46][0/468]	Time 0.397 (0.397)	Data 0.335 (0.335)	Loss 0.5583 (0.5583)	Acc@1 84.375 (84.375)	Acc@5 98.438 (98.438)
Epoch: [46][100/468]	Time 0.111 (0.114)	Data 0.002 (0.006)	Loss 0.8542 (0.7524)	Acc@1 75.000 (77.877)	Acc@5 95.312 (95.452)
Epoch: [46][200/468]	Time 0.112 (0.113)	Data 0.002 (0.004)	Loss 0.7053 (0.7768)	Acc@1 81.250 (77.099)	Acc@5 95.312 (95.429)
Epoch: [46][300/468]	Time 0.112 (0.112)	Data 0.002 (0.004)	Loss 1.0556 (0.8070)	Acc@1 67.188 (76.184)	Acc@5 92.188 (95.157)
Epoch: [46][400/468]	Time 0.111 (0.112)	Data 0.002 (0.003)	Loss 0.9298 (0.8370)	Acc@1 75.000 (75.475)	Acc@5 90.625 (94.872)
 * Acc@1 75.090 Acc@5 94.705
epoch 46, total time 52.53
Test: [0/94]	Time 0.151 (0.151)	Loss 1.7174 (1.7174)	Acc@1 56.250 (56.250)	Acc@5 84.375 (84.375)
 * Acc@1 65.833 Acc@5 88.067
==> training...
Epoch: [47][0/468]	Time 0.416 (0.416)	Data 0.353 (0.353)	Loss 0.6344 (0.6344)	Acc@1 84.375 (84.375)	Acc@5 95.312 (95.312)
Epoch: [47][100/468]	Time 0.111 (0.115)	Data 0.002 (0.006)	Loss 0.7992 (0.7487)	Acc@1 76.562 (78.156)	Acc@5 96.875 (95.947)
Epoch: [47][200/468]	Time 0.111 (0.113)	Data 0.002 (0.004)	Loss 0.8777 (0.7752)	Acc@1 65.625 (77.247)	Acc@5 93.750 (95.491)
Epoch: [47][300/468]	Time 0.112 (0.113)	Data 0.002 (0.004)	Loss 0.6943 (0.7937)	Acc@1 76.562 (76.781)	Acc@5 100.000 (95.292)
Epoch: [47][400/468]	Time 0.111 (0.112)	Data 0.002 (0.003)	Loss 0.9982 (0.8139)	Acc@1 68.750 (76.259)	Acc@5 90.625 (94.974)
 * Acc@1 75.831 Acc@5 94.852
epoch 47, total time 52.50
Test: [0/94]	Time 0.156 (0.156)	Loss 1.6313 (1.6313)	Acc@1 50.000 (50.000)	Acc@5 84.375 (84.375)
 * Acc@1 62.433 Acc@5 86.467
==> training...
Epoch: [48][0/468]	Time 0.405 (0.405)	Data 0.343 (0.343)	Loss 0.7091 (0.7091)	Acc@1 70.312 (70.312)	Acc@5 100.000 (100.000)
Epoch: [48][100/468]	Time 0.110 (0.114)	Data 0.002 (0.007)	Loss 0.6384 (0.7139)	Acc@1 79.688 (78.899)	Acc@5 96.875 (96.055)
Epoch: [48][200/468]	Time 0.110 (0.112)	Data 0.002 (0.004)	Loss 1.0567 (0.7513)	Acc@1 71.875 (78.032)	Acc@5 90.625 (95.460)
Epoch: [48][300/468]	Time 0.112 (0.112)	Data 0.002 (0.004)	Loss 0.9769 (0.7844)	Acc@1 81.250 (77.165)	Acc@5 87.500 (95.172)
Epoch: [48][400/468]	Time 0.111 (0.111)	Data 0.002 (0.003)	Loss 1.0440 (0.8091)	Acc@1 67.188 (76.290)	Acc@5 96.875 (94.958)
 * Acc@1 75.958 Acc@5 94.825
epoch 48, total time 52.20
Test: [0/94]	Time 0.151 (0.151)	Loss 1.5403 (1.5403)	Acc@1 65.625 (65.625)	Acc@5 84.375 (84.375)
 * Acc@1 64.833 Acc@5 87.600
==> training...
Epoch: [49][0/468]	Time 0.387 (0.387)	Data 0.321 (0.321)	Loss 0.7348 (0.7348)	Acc@1 82.812 (82.812)	Acc@5 95.312 (95.312)
Epoch: [49][100/468]	Time 0.110 (0.113)	Data 0.002 (0.005)	Loss 0.7171 (0.7274)	Acc@1 82.812 (78.527)	Acc@5 96.875 (96.241)
Epoch: [49][200/468]	Time 0.110 (0.112)	Data 0.002 (0.004)	Loss 0.6100 (0.7572)	Acc@1 85.938 (77.550)	Acc@5 98.438 (95.771)
Epoch: [49][300/468]	Time 0.111 (0.111)	Data 0.002 (0.003)	Loss 0.6979 (0.7881)	Acc@1 81.250 (76.749)	Acc@5 96.875 (95.354)
Epoch: [49][400/468]	Time 0.111 (0.111)	Data 0.002 (0.003)	Loss 0.6318 (0.8063)	Acc@1 81.250 (76.282)	Acc@5 95.312 (95.110)
 * Acc@1 75.798 Acc@5 94.828
epoch 49, total time 52.17
Test: [0/94]	Time 0.142 (0.142)	Loss 1.8991 (1.8991)	Acc@1 62.500 (62.500)	Acc@5 87.500 (87.500)
 * Acc@1 63.933 Acc@5 86.633
==> training...
Epoch: [50][0/468]	Time 0.403 (0.403)	Data 0.339 (0.339)	Loss 0.7475 (0.7475)	Acc@1 78.125 (78.125)	Acc@5 95.312 (95.312)
Epoch: [50][100/468]	Time 0.112 (0.115)	Data 0.002 (0.006)	Loss 1.1195 (0.7383)	Acc@1 70.312 (78.202)	Acc@5 92.188 (95.993)
Epoch: [50][200/468]	Time 0.111 (0.113)	Data 0.002 (0.004)	Loss 1.0380 (0.7861)	Acc@1 70.312 (76.943)	Acc@5 89.062 (95.460)
Epoch: [50][300/468]	Time 0.115 (0.113)	Data 0.002 (0.004)	Loss 1.0052 (0.8052)	Acc@1 75.000 (76.479)	Acc@5 96.875 (95.261)
Epoch: [50][400/468]	Time 0.110 (0.113)	Data 0.002 (0.003)	Loss 0.6982 (0.8288)	Acc@1 79.688 (75.939)	Acc@5 93.750 (94.872)
 * Acc@1 75.684 Acc@5 94.835
epoch 50, total time 52.74
Test: [0/94]	Time 0.158 (0.158)	Loss 1.4196 (1.4196)	Acc@1 68.750 (68.750)	Acc@5 84.375 (84.375)
 * Acc@1 66.200 Acc@5 88.233
==> training...
Epoch: [51][0/468]	Time 0.452 (0.452)	Data 0.390 (0.390)	Loss 0.6828 (0.6828)	Acc@1 81.250 (81.250)	Acc@5 98.438 (98.438)
Epoch: [51][100/468]	Time 0.111 (0.116)	Data 0.002 (0.007)	Loss 0.7155 (0.7323)	Acc@1 79.688 (78.883)	Acc@5 95.312 (95.931)
Epoch: [51][200/468]	Time 0.112 (0.114)	Data 0.002 (0.005)	Loss 0.7450 (0.7579)	Acc@1 79.688 (77.705)	Acc@5 98.438 (95.655)
Epoch: [51][300/468]	Time 0.112 (0.113)	Data 0.002 (0.004)	Loss 1.1165 (0.7873)	Acc@1 67.188 (76.801)	Acc@5 92.188 (95.281)
Epoch: [51][400/468]	Time 0.112 (0.113)	Data 0.002 (0.004)	Loss 0.5840 (0.7985)	Acc@1 84.375 (76.411)	Acc@5 96.875 (95.153)
 * Acc@1 76.065 Acc@5 95.075
epoch 51, total time 52.69
Test: [0/94]	Time 0.158 (0.158)	Loss 1.9408 (1.9408)	Acc@1 50.000 (50.000)	Acc@5 78.125 (78.125)
 * Acc@1 61.733 Acc@5 86.200
==> training...
Epoch: [52][0/468]	Time 0.406 (0.406)	Data 0.337 (0.337)	Loss 0.9769 (0.9769)	Acc@1 70.312 (70.312)	Acc@5 95.312 (95.312)
Epoch: [52][100/468]	Time 0.112 (0.114)	Data 0.002 (0.006)	Loss 0.8948 (0.7232)	Acc@1 75.000 (78.373)	Acc@5 92.188 (95.962)
Epoch: [52][200/468]	Time 0.110 (0.112)	Data 0.002 (0.004)	Loss 0.8316 (0.7402)	Acc@1 75.000 (78.195)	Acc@5 92.188 (95.717)
Epoch: [52][300/468]	Time 0.111 (0.112)	Data 0.002 (0.003)	Loss 0.7407 (0.7888)	Acc@1 75.000 (76.796)	Acc@5 96.875 (95.261)
Epoch: [52][400/468]	Time 0.110 (0.111)	Data 0.002 (0.003)	Loss 0.8367 (0.8073)	Acc@1 73.438 (76.372)	Acc@5 96.875 (95.055)
 * Acc@1 76.212 Acc@5 94.982
epoch 52, total time 52.06
Test: [0/94]	Time 0.154 (0.154)	Loss 1.7610 (1.7610)	Acc@1 53.125 (53.125)	Acc@5 87.500 (87.500)
 * Acc@1 63.933 Acc@5 87.167
==> training...
Epoch: [53][0/468]	Time 0.483 (0.483)	Data 0.416 (0.416)	Loss 0.7553 (0.7553)	Acc@1 78.125 (78.125)	Acc@5 93.750 (93.750)
Epoch: [53][100/468]	Time 0.111 (0.117)	Data 0.002 (0.007)	Loss 0.6671 (0.7324)	Acc@1 81.250 (77.785)	Acc@5 96.875 (96.148)
Epoch: [53][200/468]	Time 0.113 (0.115)	Data 0.002 (0.005)	Loss 0.6518 (0.7580)	Acc@1 79.688 (77.550)	Acc@5 98.438 (95.849)
Epoch: [53][300/468]	Time 0.111 (0.113)	Data 0.002 (0.004)	Loss 0.6134 (0.7768)	Acc@1 82.812 (77.263)	Acc@5 98.438 (95.603)
Epoch: [53][400/468]	Time 0.112 (0.113)	Data 0.002 (0.004)	Loss 0.6412 (0.7911)	Acc@1 78.125 (76.781)	Acc@5 96.875 (95.414)
 * Acc@1 76.406 Acc@5 95.179
epoch 53, total time 52.97
Test: [0/94]	Time 0.154 (0.154)	Loss 1.7409 (1.7409)	Acc@1 68.750 (68.750)	Acc@5 84.375 (84.375)
 * Acc@1 64.333 Acc@5 86.600
==> training...
Epoch: [54][0/468]	Time 0.448 (0.448)	Data 0.381 (0.381)	Loss 0.8059 (0.8059)	Acc@1 75.000 (75.000)	Acc@5 92.188 (92.188)
Epoch: [54][100/468]	Time 0.113 (0.116)	Data 0.002 (0.006)	Loss 0.4435 (0.7213)	Acc@1 85.938 (78.218)	Acc@5 100.000 (96.287)
Epoch: [54][200/468]	Time 0.112 (0.114)	Data 0.002 (0.004)	Loss 1.0385 (0.7493)	Acc@1 67.188 (77.713)	Acc@5 93.750 (95.903)
Epoch: [54][300/468]	Time 0.111 (0.113)	Data 0.002 (0.004)	Loss 1.1370 (0.7690)	Acc@1 71.875 (77.056)	Acc@5 93.750 (95.800)
Epoch: [54][400/468]	Time 0.112 (0.113)	Data 0.002 (0.003)	Loss 0.8770 (0.7984)	Acc@1 75.000 (76.317)	Acc@5 95.312 (95.461)
 * Acc@1 76.095 Acc@5 95.393
epoch 54, total time 53.04
Test: [0/94]	Time 0.160 (0.160)	Loss 1.4756 (1.4756)	Acc@1 65.625 (65.625)	Acc@5 90.625 (90.625)
 * Acc@1 65.133 Acc@5 87.567
==> training...
Epoch: [55][0/468]	Time 0.413 (0.413)	Data 0.346 (0.346)	Loss 0.5899 (0.5899)	Acc@1 82.812 (82.812)	Acc@5 96.875 (96.875)
Epoch: [55][100/468]	Time 0.111 (0.115)	Data 0.002 (0.007)	Loss 0.8813 (0.7433)	Acc@1 71.875 (77.197)	Acc@5 96.875 (95.869)
Epoch: [55][200/468]	Time 0.111 (0.114)	Data 0.002 (0.005)	Loss 0.7582 (0.7513)	Acc@1 78.125 (77.184)	Acc@5 92.188 (95.732)
Epoch: [55][300/468]	Time 0.110 (0.113)	Data 0.002 (0.004)	Loss 0.6408 (0.7741)	Acc@1 79.688 (76.682)	Acc@5 96.875 (95.416)
Epoch: [55][400/468]	Time 0.111 (0.112)	Data 0.002 (0.004)	Loss 0.5419 (0.7919)	Acc@1 81.250 (76.192)	Acc@5 96.875 (95.305)
 * Acc@1 75.965 Acc@5 95.199
epoch 55, total time 52.59
Test: [0/94]	Time 0.143 (0.143)	Loss 1.9655 (1.9655)	Acc@1 62.500 (62.500)	Acc@5 81.250 (81.250)
 * Acc@1 61.367 Acc@5 86.333
==> training...
Epoch: [56][0/468]	Time 0.398 (0.398)	Data 0.333 (0.333)	Loss 0.7837 (0.7837)	Acc@1 73.438 (73.438)	Acc@5 95.312 (95.312)
Epoch: [56][100/468]	Time 0.112 (0.114)	Data 0.002 (0.006)	Loss 0.8796 (0.7329)	Acc@1 76.562 (78.837)	Acc@5 98.438 (95.808)
Epoch: [56][200/468]	Time 0.109 (0.112)	Data 0.002 (0.004)	Loss 0.6937 (0.7516)	Acc@1 71.875 (78.102)	Acc@5 98.438 (95.709)
Epoch: [56][300/468]	Time 0.112 (0.112)	Data 0.002 (0.004)	Loss 0.9918 (0.7597)	Acc@1 68.750 (77.705)	Acc@5 90.625 (95.593)
Epoch: [56][400/468]	Time 0.112 (0.112)	Data 0.002 (0.003)	Loss 0.8565 (0.7811)	Acc@1 78.125 (77.069)	Acc@5 95.312 (95.390)
 * Acc@1 76.856 Acc@5 95.296
epoch 56, total time 52.49
Test: [0/94]	Time 0.167 (0.167)	Loss 1.8569 (1.8569)	Acc@1 59.375 (59.375)	Acc@5 84.375 (84.375)
 * Acc@1 64.833 Acc@5 87.767
==> training...
Epoch: [57][0/468]	Time 0.420 (0.420)	Data 0.353 (0.353)	Loss 0.6014 (0.6014)	Acc@1 82.812 (82.812)	Acc@5 96.875 (96.875)
Epoch: [57][100/468]	Time 0.111 (0.116)	Data 0.002 (0.006)	Loss 0.9055 (0.6600)	Acc@1 71.875 (80.709)	Acc@5 93.750 (96.488)
Epoch: [57][200/468]	Time 0.113 (0.114)	Data 0.002 (0.004)	Loss 0.7652 (0.7107)	Acc@1 78.125 (78.731)	Acc@5 93.750 (96.152)
Epoch: [57][300/468]	Time 0.110 (0.113)	Data 0.002 (0.004)	Loss 0.8237 (0.7445)	Acc@1 81.250 (78.151)	Acc@5 92.188 (95.806)
Epoch: [57][400/468]	Time 0.113 (0.113)	Data 0.002 (0.003)	Loss 1.1658 (0.7715)	Acc@1 65.625 (77.307)	Acc@5 90.625 (95.496)
 * Acc@1 77.023 Acc@5 95.446
epoch 57, total time 52.79
Test: [0/94]	Time 0.155 (0.155)	Loss 2.0573 (2.0573)	Acc@1 56.250 (56.250)	Acc@5 90.625 (90.625)
 * Acc@1 57.933 Acc@5 84.733
==> training...
Epoch: [58][0/468]	Time 0.439 (0.439)	Data 0.376 (0.376)	Loss 0.8777 (0.8777)	Acc@1 78.125 (78.125)	Acc@5 93.750 (93.750)
Epoch: [58][100/468]	Time 0.112 (0.115)	Data 0.002 (0.006)	Loss 0.8558 (0.7478)	Acc@1 75.000 (77.506)	Acc@5 93.750 (95.916)
Epoch: [58][200/468]	Time 0.112 (0.114)	Data 0.002 (0.004)	Loss 0.5527 (0.7600)	Acc@1 82.812 (77.402)	Acc@5 98.438 (95.748)
Epoch: [58][300/468]	Time 0.111 (0.113)	Data 0.002 (0.004)	Loss 0.7759 (0.7733)	Acc@1 75.000 (77.050)	Acc@5 96.875 (95.624)
Epoch: [58][400/468]	Time 0.111 (0.113)	Data 0.002 (0.003)	Loss 0.6495 (0.7926)	Acc@1 79.688 (76.570)	Acc@5 96.875 (95.348)
 * Acc@1 76.556 Acc@5 95.246
epoch 58, total time 52.72
Test: [0/94]	Time 0.156 (0.156)	Loss 1.7371 (1.7371)	Acc@1 62.500 (62.500)	Acc@5 84.375 (84.375)
 * Acc@1 65.800 Acc@5 87.833
==> training...
Epoch: [59][0/468]	Time 0.405 (0.405)	Data 0.336 (0.336)	Loss 0.9250 (0.9250)	Acc@1 71.875 (71.875)	Acc@5 96.875 (96.875)
Epoch: [59][100/468]	Time 0.112 (0.114)	Data 0.002 (0.006)	Loss 0.7546 (0.7337)	Acc@1 78.125 (78.403)	Acc@5 93.750 (96.024)
Epoch: [59][200/468]	Time 0.111 (0.113)	Data 0.002 (0.004)	Loss 0.7514 (0.7360)	Acc@1 75.000 (78.413)	Acc@5 93.750 (95.950)
Epoch: [59][300/468]	Time 0.110 (0.112)	Data 0.002 (0.004)	Loss 0.7314 (0.7548)	Acc@1 79.688 (77.959)	Acc@5 93.750 (95.577)
Epoch: [59][400/468]	Time 0.111 (0.112)	Data 0.002 (0.003)	Loss 0.7241 (0.7770)	Acc@1 81.250 (77.342)	Acc@5 95.312 (95.348)
 * Acc@1 77.147 Acc@5 95.272
epoch 59, total time 52.39
Test: [0/94]	Time 0.149 (0.149)	Loss 1.5588 (1.5588)	Acc@1 65.625 (65.625)	Acc@5 87.500 (87.500)
 * Acc@1 64.233 Acc@5 88.467
==> training...
Epoch: [60][0/468]	Time 0.378 (0.378)	Data 0.316 (0.316)	Loss 0.3703 (0.3703)	Acc@1 87.500 (87.500)	Acc@5 100.000 (100.000)
Epoch: [60][100/468]	Time 0.111 (0.114)	Data 0.002 (0.006)	Loss 0.6654 (0.6951)	Acc@1 79.688 (79.285)	Acc@5 96.875 (96.457)
Epoch: [60][200/468]	Time 0.111 (0.113)	Data 0.002 (0.004)	Loss 0.5761 (0.7234)	Acc@1 79.688 (78.490)	Acc@5 100.000 (96.222)
Epoch: [60][300/468]	Time 0.110 (0.112)	Data 0.002 (0.004)	Loss 0.8559 (0.7446)	Acc@1 75.000 (78.011)	Acc@5 95.312 (95.982)
Epoch: [60][400/468]	Time 0.112 (0.112)	Data 0.002 (0.003)	Loss 0.7663 (0.7619)	Acc@1 79.688 (77.533)	Acc@5 93.750 (95.710)
 * Acc@1 77.153 Acc@5 95.403
epoch 60, total time 52.38
Test: [0/94]	Time 0.157 (0.157)	Loss 1.9496 (1.9496)	Acc@1 53.125 (53.125)	Acc@5 78.125 (78.125)
 * Acc@1 61.733 Acc@5 85.133
==> training...
Epoch: [61][0/468]	Time 0.413 (0.413)	Data 0.348 (0.348)	Loss 0.5901 (0.5901)	Acc@1 84.375 (84.375)	Acc@5 98.438 (98.438)
Epoch: [61][100/468]	Time 0.112 (0.116)	Data 0.002 (0.006)	Loss 0.4585 (0.5377)	Acc@1 85.938 (84.282)	Acc@5 98.438 (97.401)
Epoch: [61][200/468]	Time 0.113 (0.114)	Data 0.002 (0.004)	Loss 0.4832 (0.4725)	Acc@1 87.500 (86.622)	Acc@5 98.438 (97.932)
Epoch: [61][300/468]	Time 0.112 (0.114)	Data 0.002 (0.004)	Loss 0.3494 (0.4443)	Acc@1 92.188 (87.510)	Acc@5 98.438 (98.168)
Epoch: [61][400/468]	Time 0.111 (0.113)	Data 0.002 (0.003)	Loss 0.3855 (0.4212)	Acc@1 90.625 (88.299)	Acc@5 98.438 (98.278)
 * Acc@1 88.722 Acc@5 98.357
epoch 61, total time 52.94
Test: [0/94]	Time 0.149 (0.149)	Loss 1.1662 (1.1662)	Acc@1 75.000 (75.000)	Acc@5 87.500 (87.500)
 * Acc@1 76.533 Acc@5 93.667
==> training...
Epoch: [62][0/468]	Time 0.413 (0.413)	Data 0.345 (0.345)	Loss 0.3778 (0.3778)	Acc@1 89.062 (89.062)	Acc@5 98.438 (98.438)
Epoch: [62][100/468]	Time 0.112 (0.116)	Data 0.002 (0.006)	Loss 0.2555 (0.2963)	Acc@1 95.312 (92.404)	Acc@5 98.438 (99.087)
Epoch: [62][200/468]	Time 0.112 (0.114)	Data 0.002 (0.004)	Loss 0.3150 (0.2887)	Acc@1 90.625 (92.312)	Acc@5 98.438 (99.013)
Epoch: [62][300/468]	Time 0.112 (0.114)	Data 0.002 (0.004)	Loss 0.2490 (0.2874)	Acc@1 95.312 (92.359)	Acc@5 98.438 (99.076)
Epoch: [62][400/468]	Time 0.111 (0.113)	Data 0.002 (0.003)	Loss 0.3227 (0.2850)	Acc@1 93.750 (92.491)	Acc@5 96.875 (99.096)
 * Acc@1 92.478 Acc@5 99.129
epoch 62, total time 52.93
Test: [0/94]	Time 0.152 (0.152)	Loss 1.1712 (1.1712)	Acc@1 78.125 (78.125)	Acc@5 87.500 (87.500)
 * Acc@1 76.733 Acc@5 93.900
==> training...
Epoch: [63][0/468]	Time 0.401 (0.401)	Data 0.333 (0.333)	Loss 0.2889 (0.2889)	Acc@1 92.188 (92.188)	Acc@5 96.875 (96.875)
Epoch: [63][100/468]	Time 0.111 (0.115)	Data 0.002 (0.006)	Loss 0.4417 (0.2445)	Acc@1 87.500 (93.611)	Acc@5 98.438 (99.319)
Epoch: [63][200/468]	Time 0.112 (0.114)	Data 0.002 (0.004)	Loss 0.2047 (0.2374)	Acc@1 95.312 (93.773)	Acc@5 100.000 (99.425)
Epoch: [63][300/468]	Time 0.114 (0.113)	Data 0.002 (0.004)	Loss 0.2937 (0.2353)	Acc@1 92.188 (93.817)	Acc@5 98.438 (99.460)
Epoch: [63][400/468]	Time 0.112 (0.113)	Data 0.002 (0.003)	Loss 0.1845 (0.2360)	Acc@1 96.875 (93.773)	Acc@5 100.000 (99.435)
 * Acc@1 93.854 Acc@5 99.449
epoch 63, total time 52.75
Test: [0/94]	Time 0.150 (0.150)	Loss 1.1686 (1.1686)	Acc@1 78.125 (78.125)	Acc@5 90.625 (90.625)
 * Acc@1 77.233 Acc@5 94.133
==> training...
Epoch: [64][0/468]	Time 0.453 (0.453)	Data 0.389 (0.389)	Loss 0.2435 (0.2435)	Acc@1 90.625 (90.625)	Acc@5 100.000 (100.000)
Epoch: [64][100/468]	Time 0.111 (0.114)	Data 0.002 (0.006)	Loss 0.2032 (0.2030)	Acc@1 93.750 (94.895)	Acc@5 100.000 (99.366)
Epoch: [64][200/468]	Time 0.112 (0.113)	Data 0.002 (0.004)	Loss 0.2513 (0.2051)	Acc@1 95.312 (94.885)	Acc@5 98.438 (99.401)
Epoch: [64][300/468]	Time 0.112 (0.113)	Data 0.002 (0.004)	Loss 0.1307 (0.1976)	Acc@1 96.875 (95.048)	Acc@5 100.000 (99.465)
Epoch: [64][400/468]	Time 0.111 (0.113)	Data 0.002 (0.003)	Loss 0.1695 (0.2011)	Acc@1 98.438 (94.935)	Acc@5 98.438 (99.423)
 * Acc@1 94.955 Acc@5 99.459
epoch 64, total time 52.69
Test: [0/94]	Time 0.149 (0.149)	Loss 1.2444 (1.2444)	Acc@1 75.000 (75.000)	Acc@5 90.625 (90.625)
 * Acc@1 77.100 Acc@5 93.933
==> training...
Epoch: [65][0/468]	Time 0.392 (0.392)	Data 0.328 (0.328)	Loss 0.0872 (0.0872)	Acc@1 96.875 (96.875)	Acc@5 100.000 (100.000)
Epoch: [65][100/468]	Time 0.112 (0.116)	Data 0.002 (0.006)	Loss 0.1899 (0.1823)	Acc@1 93.750 (95.080)	Acc@5 100.000 (99.536)
Epoch: [65][200/468]	Time 0.112 (0.115)	Data 0.002 (0.004)	Loss 0.2246 (0.1817)	Acc@1 93.750 (95.072)	Acc@5 98.438 (99.611)
Epoch: [65][300/468]	Time 0.112 (0.114)	Data 0.002 (0.004)	Loss 0.1618 (0.1779)	Acc@1 98.438 (95.229)	Acc@5 100.000 (99.647)
Epoch: [65][400/468]	Time 0.112 (0.114)	Data 0.002 (0.003)	Loss 0.2452 (0.1775)	Acc@1 90.625 (95.231)	Acc@5 98.438 (99.622)
 * Acc@1 95.246 Acc@5 99.629
epoch 65, total time 53.23
Test: [0/94]	Time 0.154 (0.154)	Loss 1.2713 (1.2713)	Acc@1 71.875 (71.875)	Acc@5 87.500 (87.500)
 * Acc@1 76.967 Acc@5 94.233
==> training...
Epoch: [66][0/468]	Time 0.398 (0.398)	Data 0.330 (0.330)	Loss 0.1068 (0.1068)	Acc@1 96.875 (96.875)	Acc@5 100.000 (100.000)
Epoch: [66][100/468]	Time 0.113 (0.116)	Data 0.002 (0.006)	Loss 0.1257 (0.1534)	Acc@1 96.875 (96.256)	Acc@5 100.000 (99.752)
Epoch: [66][200/468]	Time 0.112 (0.115)	Data 0.002 (0.004)	Loss 0.0704 (0.1555)	Acc@1 100.000 (96.074)	Acc@5 100.000 (99.767)
Epoch: [66][300/468]	Time 0.111 (0.114)	Data 0.002 (0.004)	Loss 0.1839 (0.1555)	Acc@1 96.875 (96.076)	Acc@5 96.875 (99.761)
Epoch: [66][400/468]	Time 0.113 (0.114)	Data 0.002 (0.003)	Loss 0.1227 (0.1570)	Acc@1 98.438 (96.049)	Acc@5 100.000 (99.735)
 * Acc@1 95.944 Acc@5 99.740
epoch 66, total time 53.06
Test: [0/94]	Time 0.154 (0.154)	Loss 1.2782 (1.2782)	Acc@1 75.000 (75.000)	Acc@5 87.500 (87.500)
 * Acc@1 77.467 Acc@5 93.767
==> training...
Epoch: [67][0/468]	Time 0.413 (0.413)	Data 0.349 (0.349)	Loss 0.2897 (0.2897)	Acc@1 90.625 (90.625)	Acc@5 100.000 (100.000)
Epoch: [67][100/468]	Time 0.113 (0.115)	Data 0.002 (0.006)	Loss 0.1302 (0.1382)	Acc@1 100.000 (96.720)	Acc@5 100.000 (99.845)
Epoch: [67][200/468]	Time 0.112 (0.113)	Data 0.002 (0.004)	Loss 0.1378 (0.1350)	Acc@1 98.438 (96.945)	Acc@5 100.000 (99.829)
Epoch: [67][300/468]	Time 0.110 (0.112)	Data 0.002 (0.003)	Loss 0.2659 (0.1360)	Acc@1 92.188 (96.854)	Acc@5 98.438 (99.772)
Epoch: [67][400/468]	Time 0.110 (0.112)	Data 0.002 (0.003)	Loss 0.0965 (0.1399)	Acc@1 98.438 (96.563)	Acc@5 100.000 (99.786)
 * Acc@1 96.508 Acc@5 99.783
epoch 67, total time 52.37
Test: [0/94]	Time 0.144 (0.144)	Loss 1.3364 (1.3364)	Acc@1 75.000 (75.000)	Acc@5 87.500 (87.500)
 * Acc@1 77.333 Acc@5 93.933
==> training...
Epoch: [68][0/468]	Time 0.386 (0.386)	Data 0.322 (0.322)	Loss 0.1702 (0.1702)	Acc@1 96.875 (96.875)	Acc@5 100.000 (100.000)
Epoch: [68][100/468]	Time 0.115 (0.114)	Data 0.002 (0.006)	Loss 0.2338 (0.1227)	Acc@1 93.750 (97.215)	Acc@5 98.438 (99.907)
Epoch: [68][200/468]	Time 0.112 (0.113)	Data 0.002 (0.004)	Loss 0.1134 (0.1265)	Acc@1 96.875 (97.007)	Acc@5 100.000 (99.845)
Epoch: [68][300/468]	Time 0.111 (0.112)	Data 0.002 (0.003)	Loss 0.2068 (0.1282)	Acc@1 93.750 (96.896)	Acc@5 96.875 (99.829)
Epoch: [68][400/468]	Time 0.113 (0.112)	Data 0.002 (0.003)	Loss 0.1626 (0.1294)	Acc@1 93.750 (96.824)	Acc@5 100.000 (99.836)
 * Acc@1 96.892 Acc@5 99.833
epoch 68, total time 52.61
Test: [0/94]	Time 0.153 (0.153)	Loss 1.2720 (1.2720)	Acc@1 75.000 (75.000)	Acc@5 93.750 (93.750)
 * Acc@1 77.700 Acc@5 94.333
==> training...
Epoch: [69][0/468]	Time 0.425 (0.425)	Data 0.355 (0.355)	Loss 0.0609 (0.0609)	Acc@1 100.000 (100.000)	Acc@5 100.000 (100.000)
Epoch: [69][100/468]	Time 0.110 (0.115)	Data 0.002 (0.006)	Loss 0.1171 (0.1191)	Acc@1 98.438 (97.092)	Acc@5 100.000 (99.861)
Epoch: [69][200/468]	Time 0.110 (0.113)	Data 0.002 (0.004)	Loss 0.1452 (0.1161)	Acc@1 96.875 (97.217)	Acc@5 100.000 (99.914)
Epoch: [69][300/468]	Time 0.113 (0.113)	Data 0.002 (0.004)	Loss 0.1227 (0.1140)	Acc@1 95.312 (97.275)	Acc@5 100.000 (99.917)
Epoch: [69][400/468]	Time 0.112 (0.113)	Data 0.002 (0.003)	Loss 0.1065 (0.1147)	Acc@1 96.875 (97.222)	Acc@5 100.000 (99.914)
 * Acc@1 97.212 Acc@5 99.900
epoch 69, total time 52.79
Test: [0/94]	Time 0.147 (0.147)	Loss 1.3388 (1.3388)	Acc@1 78.125 (78.125)	Acc@5 90.625 (90.625)
 * Acc@1 78.033 Acc@5 93.867
==> training...
Epoch: [70][0/468]	Time 0.418 (0.418)	Data 0.350 (0.350)	Loss 0.1349 (0.1349)	Acc@1 95.312 (95.312)	Acc@5 100.000 (100.000)
Epoch: [70][100/468]	Time 0.111 (0.115)	Data 0.002 (0.006)	Loss 0.1372 (0.1020)	Acc@1 98.438 (97.741)	Acc@5 100.000 (99.907)
Epoch: [70][200/468]	Time 0.112 (0.114)	Data 0.002 (0.004)	Loss 0.0923 (0.1036)	Acc@1 95.312 (97.676)	Acc@5 100.000 (99.922)
Epoch: [70][300/468]	Time 0.112 (0.113)	Data 0.002 (0.004)	Loss 0.0513 (0.1035)	Acc@1 98.438 (97.690)	Acc@5 100.000 (99.907)
Epoch: [70][400/468]	Time 0.110 (0.113)	Data 0.002 (0.003)	Loss 0.1471 (0.1048)	Acc@1 96.875 (97.580)	Acc@5 100.000 (99.914)
 * Acc@1 97.516 Acc@5 99.923
epoch 70, total time 52.71
Test: [0/94]	Time 0.400 (0.400)	Loss 1.3128 (1.3128)	Acc@1 75.000 (75.000)	Acc@5 90.625 (90.625)
 * Acc@1 77.167 Acc@5 93.667
==> training...
Epoch: [71][0/468]	Time 0.386 (0.386)	Data 0.323 (0.323)	Loss 0.1284 (0.1284)	Acc@1 98.438 (98.438)	Acc@5 100.000 (100.000)
Epoch: [71][100/468]	Time 0.110 (0.115)	Data 0.002 (0.006)	Loss 0.0633 (0.0949)	Acc@1 100.000 (97.942)	Acc@5 100.000 (99.954)
Epoch: [71][200/468]	Time 0.112 (0.113)	Data 0.002 (0.004)	Loss 0.1007 (0.0930)	Acc@1 95.312 (97.948)	Acc@5 100.000 (99.969)
Epoch: [71][300/468]	Time 0.113 (0.112)	Data 0.002 (0.003)	Loss 0.1851 (0.0935)	Acc@1 93.750 (97.981)	Acc@5 100.000 (99.958)
Epoch: [71][400/468]	Time 0.112 (0.113)	Data 0.002 (0.003)	Loss 0.0546 (0.0931)	Acc@1 100.000 (97.974)	Acc@5 100.000 (99.953)
 * Acc@1 97.930 Acc@5 99.957
epoch 71, total time 52.73
Test: [0/94]	Time 0.314 (0.314)	Loss 1.3330 (1.3330)	Acc@1 75.000 (75.000)	Acc@5 90.625 (90.625)
 * Acc@1 77.600 Acc@5 93.600
==> training...
Epoch: [72][0/468]	Time 0.418 (0.418)	Data 0.347 (0.347)	Loss 0.1268 (0.1268)	Acc@1 96.875 (96.875)	Acc@5 100.000 (100.000)
Epoch: [72][100/468]	Time 0.113 (0.115)	Data 0.002 (0.006)	Loss 0.0561 (0.0882)	Acc@1 100.000 (98.190)	Acc@5 100.000 (99.923)
Epoch: [72][200/468]	Time 0.113 (0.114)	Data 0.002 (0.004)	Loss 0.0680 (0.0855)	Acc@1 98.438 (98.290)	Acc@5 100.000 (99.930)
Epoch: [72][300/468]	Time 0.110 (0.113)	Data 0.002 (0.004)	Loss 0.1177 (0.0852)	Acc@1 93.750 (98.173)	Acc@5 100.000 (99.943)
Epoch: [72][400/468]	Time 0.113 (0.113)	Data 0.002 (0.003)	Loss 0.0669 (0.0851)	Acc@1 100.000 (98.204)	Acc@5 100.000 (99.945)
 * Acc@1 98.207 Acc@5 99.950
epoch 72, total time 53.06
Test: [0/94]	Time 1.027 (1.027)	Loss 1.4317 (1.4317)	Acc@1 75.000 (75.000)	Acc@5 87.500 (87.500)
 * Acc@1 77.533 Acc@5 93.467
==> training...
Epoch: [73][0/468]	Time 0.408 (0.408)	Data 0.343 (0.343)	Loss 0.1034 (0.1034)	Acc@1 96.875 (96.875)	Acc@5 100.000 (100.000)
Epoch: [73][100/468]	Time 0.111 (0.115)	Data 0.002 (0.006)	Loss 0.0316 (0.0813)	Acc@1 100.000 (98.376)	Acc@5 100.000 (99.969)
Epoch: [73][200/468]	Time 0.112 (0.114)	Data 0.002 (0.004)	Loss 0.0440 (0.0799)	Acc@1 100.000 (98.344)	Acc@5 100.000 (99.977)
Epoch: [73][300/468]	Time 0.111 (0.113)	Data 0.002 (0.004)	Loss 0.0567 (0.0796)	Acc@1 100.000 (98.432)	Acc@5 100.000 (99.974)
Epoch: [73][400/468]	Time 0.112 (0.113)	Data 0.002 (0.003)	Loss 0.1784 (0.0803)	Acc@1 92.188 (98.360)	Acc@5 100.000 (99.981)
 * Acc@1 98.337 Acc@5 99.973
epoch 73, total time 53.00
Test: [0/94]	Time 0.144 (0.144)	Loss 1.4966 (1.4966)	Acc@1 78.125 (78.125)	Acc@5 84.375 (84.375)
 * Acc@1 77.700 Acc@5 93.567
==> training...
Epoch: [74][0/468]	Time 0.406 (0.406)	Data 0.337 (0.337)	Loss 0.0757 (0.0757)	Acc@1 98.438 (98.438)	Acc@5 100.000 (100.000)
Epoch: [74][100/468]	Time 0.114 (0.116)	Data 0.002 (0.006)	Loss 0.0479 (0.0681)	Acc@1 100.000 (98.654)	Acc@5 100.000 (100.000)
Epoch: [74][200/468]	Time 0.111 (0.114)	Data 0.002 (0.004)	Loss 0.0803 (0.0734)	Acc@1 98.438 (98.438)	Acc@5 100.000 (99.984)
Epoch: [74][300/468]	Time 0.111 (0.113)	Data 0.002 (0.004)	Loss 0.0614 (0.0725)	Acc@1 100.000 (98.463)	Acc@5 100.000 (99.979)
Epoch: [74][400/468]	Time 0.109 (0.112)	Data 0.002 (0.003)	Loss 0.1048 (0.0727)	Acc@1 98.438 (98.504)	Acc@5 100.000 (99.984)
 * Acc@1 98.518 Acc@5 99.983
epoch 74, total time 52.72
Test: [0/94]	Time 0.147 (0.147)	Loss 1.3581 (1.3581)	Acc@1 78.125 (78.125)	Acc@5 87.500 (87.500)
 * Acc@1 77.533 Acc@5 94.000
==> training...
Epoch: [75][0/468]	Time 0.391 (0.391)	Data 0.325 (0.325)	Loss 0.0234 (0.0234)	Acc@1 100.000 (100.000)	Acc@5 100.000 (100.000)
Epoch: [75][100/468]	Time 0.114 (0.115)	Data 0.003 (0.006)	Loss 0.0573 (0.0642)	Acc@1 100.000 (98.824)	Acc@5 100.000 (99.985)
Epoch: [75][200/468]	Time 0.110 (0.114)	Data 0.002 (0.004)	Loss 0.0400 (0.0669)	Acc@1 100.000 (98.678)	Acc@5 100.000 (99.977)
Epoch: [75][300/468]	Time 0.115 (0.114)	Data 0.002 (0.004)	Loss 0.1066 (0.0671)	Acc@1 98.438 (98.733)	Acc@5 98.438 (99.969)
Epoch: [75][400/468]	Time 0.112 (0.113)	Data 0.002 (0.003)	Loss 0.0914 (0.0681)	Acc@1 96.875 (98.687)	Acc@5 100.000 (99.977)
 * Acc@1 98.695 Acc@5 99.977
epoch 75, total time 53.02
Test: [0/94]	Time 0.150 (0.150)	Loss 1.3666 (1.3666)	Acc@1 75.000 (75.000)	Acc@5 87.500 (87.500)
 * Acc@1 77.367 Acc@5 93.433
==> training...
Epoch: [76][0/468]	Time 0.404 (0.404)	Data 0.332 (0.332)	Loss 0.0627 (0.0627)	Acc@1 98.438 (98.438)	Acc@5 100.000 (100.000)
Epoch: [76][100/468]	Time 0.116 (0.116)	Data 0.002 (0.006)	Loss 0.0466 (0.0645)	Acc@1 100.000 (98.608)	Acc@5 100.000 (100.000)
Epoch: [76][200/468]	Time 0.115 (0.114)	Data 0.002 (0.004)	Loss 0.0473 (0.0629)	Acc@1 100.000 (98.803)	Acc@5 100.000 (100.000)
Epoch: [76][300/468]	Time 0.111 (0.114)	Data 0.002 (0.004)	Loss 0.0391 (0.0619)	Acc@1 100.000 (98.910)	Acc@5 100.000 (99.995)
Epoch: [76][400/468]	Time 0.112 (0.114)	Data 0.002 (0.003)	Loss 0.0640 (0.0634)	Acc@1 96.875 (98.808)	Acc@5 100.000 (99.992)
 * Acc@1 98.815 Acc@5 99.990
epoch 76, total time 53.15
Test: [0/94]	Time 0.152 (0.152)	Loss 1.3045 (1.3045)	Acc@1 75.000 (75.000)	Acc@5 87.500 (87.500)
 * Acc@1 77.300 Acc@5 93.633
==> training...
Epoch: [77][0/468]	Time 0.426 (0.426)	Data 0.359 (0.359)	Loss 0.0725 (0.0725)	Acc@1 98.438 (98.438)	Acc@5 100.000 (100.000)
Epoch: [77][100/468]	Time 0.113 (0.117)	Data 0.002 (0.006)	Loss 0.0351 (0.0568)	Acc@1 100.000 (98.948)	Acc@5 100.000 (99.985)
Epoch: [77][200/468]	Time 0.112 (0.115)	Data 0.002 (0.004)	Loss 0.0519 (0.0580)	Acc@1 100.000 (98.888)	Acc@5 100.000 (99.992)
Epoch: [77][300/468]	Time 0.111 (0.114)	Data 0.002 (0.004)	Loss 0.0512 (0.0590)	Acc@1 100.000 (98.899)	Acc@5 100.000 (99.995)
Epoch: [77][400/468]	Time 0.112 (0.113)	Data 0.002 (0.003)	Loss 0.0578 (0.0600)	Acc@1 98.438 (98.909)	Acc@5 100.000 (99.988)
 * Acc@1 98.902 Acc@5 99.987
epoch 77, total time 52.93
Test: [0/94]	Time 0.147 (0.147)	Loss 1.3441 (1.3441)	Acc@1 78.125 (78.125)	Acc@5 90.625 (90.625)
 * Acc@1 77.533 Acc@5 93.533
==> training...
Epoch: [78][0/468]	Time 0.396 (0.396)	Data 0.329 (0.329)	Loss 0.0482 (0.0482)	Acc@1 100.000 (100.000)	Acc@5 100.000 (100.000)
Epoch: [78][100/468]	Time 0.111 (0.116)	Data 0.002 (0.007)	Loss 0.0448 (0.0506)	Acc@1 100.000 (99.180)	Acc@5 100.000 (99.985)
Epoch: [78][200/468]	Time 0.111 (0.114)	Data 0.002 (0.005)	Loss 0.0572 (0.0528)	Acc@1 98.438 (99.184)	Acc@5 100.000 (99.984)
Epoch: [78][300/468]	Time 0.111 (0.113)	Data 0.002 (0.004)	Loss 0.0654 (0.0536)	Acc@1 98.438 (99.102)	Acc@5 100.000 (99.984)
Epoch: [78][400/468]	Time 0.112 (0.113)	Data 0.002 (0.003)	Loss 0.0783 (0.0545)	Acc@1 98.438 (99.010)	Acc@5 100.000 (99.981)
 * Acc@1 99.012 Acc@5 99.983
epoch 78, total time 52.84
Test: [0/94]	Time 0.155 (0.155)	Loss 1.3497 (1.3497)	Acc@1 81.250 (81.250)	Acc@5 90.625 (90.625)
 * Acc@1 77.733 Acc@5 93.567
==> training...
Epoch: [79][0/468]	Time 0.388 (0.388)	Data 0.322 (0.322)	Loss 0.0570 (0.0570)	Acc@1 98.438 (98.438)	Acc@5 100.000 (100.000)
Epoch: [79][100/468]	Time 0.112 (0.117)	Data 0.002 (0.006)	Loss 0.0534 (0.0489)	Acc@1 100.000 (99.056)	Acc@5 100.000 (100.000)
Epoch: [79][200/468]	Time 0.112 (0.114)	Data 0.002 (0.004)	Loss 0.1162 (0.0487)	Acc@1 95.312 (99.114)	Acc@5 100.000 (100.000)
Epoch: [79][300/468]	Time 0.113 (0.114)	Data 0.002 (0.004)	Loss 0.0254 (0.0496)	Acc@1 100.000 (99.112)	Acc@5 100.000 (100.000)
Epoch: [79][400/468]	Time 0.115 (0.114)	Data 0.002 (0.003)	Loss 0.0915 (0.0503)	Acc@1 96.875 (99.135)	Acc@5 100.000 (99.996)
 * Acc@1 99.125 Acc@5 99.997
epoch 79, total time 53.16
Test: [0/94]	Time 0.149 (0.149)	Loss 1.3998 (1.3998)	Acc@1 78.125 (78.125)	Acc@5 87.500 (87.500)
 * Acc@1 77.567 Acc@5 93.500
==> training...
Epoch: [80][0/468]	Time 0.393 (0.393)	Data 0.330 (0.330)	Loss 0.0955 (0.0955)	Acc@1 98.438 (98.438)	Acc@5 100.000 (100.000)
Epoch: [80][100/468]	Time 0.113 (0.116)	Data 0.002 (0.006)	Loss 0.0482 (0.0471)	Acc@1 100.000 (99.134)	Acc@5 100.000 (100.000)
Epoch: [80][200/468]	Time 0.111 (0.114)	Data 0.002 (0.004)	Loss 0.0787 (0.0491)	Acc@1 100.000 (99.129)	Acc@5 100.000 (100.000)
Epoch: [80][300/468]	Time 0.114 (0.113)	Data 0.002 (0.004)	Loss 0.0963 (0.0476)	Acc@1 96.875 (99.195)	Acc@5 100.000 (100.000)
Epoch: [80][400/468]	Time 0.111 (0.113)	Data 0.002 (0.003)	Loss 0.0402 (0.0475)	Acc@1 100.000 (99.197)	Acc@5 100.000 (100.000)
 * Acc@1 99.185 Acc@5 99.993
epoch 80, total time 52.70
Test: [0/94]	Time 0.141 (0.141)	Loss 1.4130 (1.4130)	Acc@1 81.250 (81.250)	Acc@5 90.625 (90.625)
 * Acc@1 77.800 Acc@5 93.533
==> training...
Epoch: [81][0/468]	Time 0.376 (0.376)	Data 0.313 (0.313)	Loss 0.0572 (0.0572)	Acc@1 100.000 (100.000)	Acc@5 100.000 (100.000)
Epoch: [81][100/468]	Time 0.111 (0.115)	Data 0.002 (0.006)	Loss 0.0214 (0.0409)	Acc@1 100.000 (99.474)	Acc@5 100.000 (100.000)
Epoch: [81][200/468]	Time 0.112 (0.114)	Data 0.002 (0.004)	Loss 0.0497 (0.0406)	Acc@1 100.000 (99.456)	Acc@5 100.000 (100.000)
Epoch: [81][300/468]	Time 0.113 (0.113)	Data 0.002 (0.004)	Loss 0.0406 (0.0409)	Acc@1 98.438 (99.419)	Acc@5 100.000 (100.000)
Epoch: [81][400/468]	Time 0.112 (0.113)	Data 0.002 (0.003)	Loss 0.0424 (0.0419)	Acc@1 98.438 (99.388)	Acc@5 100.000 (99.996)
 * Acc@1 99.386 Acc@5 99.997
epoch 81, total time 53.03
Test: [0/94]	Time 0.157 (0.157)	Loss 1.3652 (1.3652)	Acc@1 81.250 (81.250)	Acc@5 90.625 (90.625)
 * Acc@1 78.100 Acc@5 93.633
==> training...
Epoch: [82][0/468]	Time 0.404 (0.404)	Data 0.335 (0.335)	Loss 0.0270 (0.0270)	Acc@1 100.000 (100.000)	Acc@5 100.000 (100.000)
Epoch: [82][100/468]	Time 0.111 (0.117)	Data 0.003 (0.007)	Loss 0.0732 (0.0385)	Acc@1 98.438 (99.459)	Acc@5 100.000 (100.000)
Epoch: [82][200/468]	Time 0.114 (0.115)	Data 0.002 (0.005)	Loss 0.0385 (0.0389)	Acc@1 100.000 (99.464)	Acc@5 100.000 (100.000)
Epoch: [82][300/468]	Time 0.112 (0.114)	Data 0.002 (0.004)	Loss 0.0410 (0.0389)	Acc@1 100.000 (99.481)	Acc@5 100.000 (100.000)
Epoch: [82][400/468]	Time 0.112 (0.114)	Data 0.002 (0.004)	Loss 0.0201 (0.0384)	Acc@1 100.000 (99.474)	Acc@5 100.000 (100.000)
 * Acc@1 99.462 Acc@5 100.000
epoch 82, total time 53.38
Test: [0/94]	Time 0.149 (0.149)	Loss 1.3587 (1.3587)	Acc@1 78.125 (78.125)	Acc@5 90.625 (90.625)
 * Acc@1 78.133 Acc@5 93.467
==> training...
Epoch: [83][0/468]	Time 0.431 (0.431)	Data 0.341 (0.341)	Loss 0.0159 (0.0159)	Acc@1 100.000 (100.000)	Acc@5 100.000 (100.000)
Epoch: [83][100/468]	Time 0.113 (0.117)	Data 0.002 (0.006)	Loss 0.0321 (0.0346)	Acc@1 100.000 (99.582)	Acc@5 100.000 (100.000)
Epoch: [83][200/468]	Time 0.113 (0.114)	Data 0.002 (0.004)	Loss 0.0489 (0.0358)	Acc@1 100.000 (99.510)	Acc@5 100.000 (99.992)
Epoch: [83][300/468]	Time 0.111 (0.114)	Data 0.002 (0.004)	Loss 0.0334 (0.0364)	Acc@1 100.000 (99.507)	Acc@5 100.000 (99.995)
Epoch: [83][400/468]	Time 0.112 (0.113)	Data 0.002 (0.003)	Loss 0.0977 (0.0363)	Acc@1 98.438 (99.497)	Acc@5 100.000 (99.996)
 * Acc@1 99.519 Acc@5 99.997
epoch 83, total time 53.07
Test: [0/94]	Time 0.154 (0.154)	Loss 1.3772 (1.3772)	Acc@1 78.125 (78.125)	Acc@5 90.625 (90.625)
 * Acc@1 78.133 Acc@5 93.667
==> training...
Epoch: [84][0/468]	Time 0.402 (0.402)	Data 0.337 (0.337)	Loss 0.0308 (0.0308)	Acc@1 100.000 (100.000)	Acc@5 100.000 (100.000)
Epoch: [84][100/468]	Time 0.111 (0.115)	Data 0.002 (0.006)	Loss 0.0297 (0.0356)	Acc@1 100.000 (99.582)	Acc@5 100.000 (99.969)
Epoch: [84][200/468]	Time 0.111 (0.113)	Data 0.002 (0.004)	Loss 0.0280 (0.0379)	Acc@1 100.000 (99.502)	Acc@5 100.000 (99.984)
Epoch: [84][300/468]	Time 0.113 (0.112)	Data 0.002 (0.003)	Loss 0.0246 (0.0371)	Acc@1 100.000 (99.507)	Acc@5 100.000 (99.990)
Epoch: [84][400/468]	Time 0.111 (0.112)	Data 0.002 (0.003)	Loss 0.0125 (0.0363)	Acc@1 100.000 (99.544)	Acc@5 100.000 (99.992)
 * Acc@1 99.536 Acc@5 99.990
epoch 84, total time 52.60
Test: [0/94]	Time 0.150 (0.150)	Loss 1.3512 (1.3512)	Acc@1 78.125 (78.125)	Acc@5 90.625 (90.625)
 * Acc@1 78.500 Acc@5 93.567
==> training...
Epoch: [85][0/468]	Time 0.403 (0.403)	Data 0.334 (0.334)	Loss 0.0309 (0.0309)	Acc@1 100.000 (100.000)	Acc@5 100.000 (100.000)
Epoch: [85][100/468]	Time 0.112 (0.117)	Data 0.002 (0.006)	Loss 0.0222 (0.0354)	Acc@1 100.000 (99.567)	Acc@5 100.000 (100.000)
Epoch: [85][200/468]	Time 0.113 (0.115)	Data 0.002 (0.004)	Loss 0.0376 (0.0358)	Acc@1 98.438 (99.534)	Acc@5 100.000 (100.000)
Epoch: [85][300/468]	Time 0.114 (0.114)	Data 0.002 (0.004)	Loss 0.0211 (0.0341)	Acc@1 100.000 (99.590)	Acc@5 100.000 (100.000)
Epoch: [85][400/468]	Time 0.113 (0.114)	Data 0.002 (0.003)	Loss 0.0444 (0.0344)	Acc@1 100.000 (99.603)	Acc@5 100.000 (100.000)
 * Acc@1 99.623 Acc@5 100.000
epoch 85, total time 53.33
Test: [0/94]	Time 0.158 (0.158)	Loss 1.3480 (1.3480)	Acc@1 78.125 (78.125)	Acc@5 90.625 (90.625)
 * Acc@1 78.400 Acc@5 93.367
==> training...
Epoch: [86][0/468]	Time 0.450 (0.450)	Data 0.381 (0.381)	Loss 0.0216 (0.0216)	Acc@1 100.000 (100.000)	Acc@5 100.000 (100.000)
Epoch: [86][100/468]	Time 0.113 (0.117)	Data 0.002 (0.006)	Loss 0.0369 (0.0357)	Acc@1 100.000 (99.520)	Acc@5 100.000 (100.000)
Epoch: [86][200/468]	Time 0.112 (0.115)	Data 0.002 (0.004)	Loss 0.0272 (0.0350)	Acc@1 100.000 (99.588)	Acc@5 100.000 (100.000)
Epoch: [86][300/468]	Time 0.112 (0.114)	Data 0.002 (0.004)	Loss 0.0137 (0.0350)	Acc@1 100.000 (99.595)	Acc@5 100.000 (100.000)
Epoch: [86][400/468]	Time 0.113 (0.113)	Data 0.002 (0.003)	Loss 0.0319 (0.0348)	Acc@1 100.000 (99.610)	Acc@5 100.000 (100.000)
 * Acc@1 99.623 Acc@5 100.000
epoch 86, total time 53.07
Test: [0/94]	Time 0.152 (0.152)	Loss 1.3677 (1.3677)	Acc@1 78.125 (78.125)	Acc@5 90.625 (90.625)
 * Acc@1 78.133 Acc@5 93.633
==> training...
Epoch: [87][0/468]	Time 0.412 (0.412)	Data 0.346 (0.346)	Loss 0.0215 (0.0215)	Acc@1 100.000 (100.000)	Acc@5 100.000 (100.000)
Epoch: [87][100/468]	Time 0.111 (0.117)	Data 0.002 (0.006)	Loss 0.0176 (0.0322)	Acc@1 100.000 (99.706)	Acc@5 100.000 (99.985)
Epoch: [87][200/468]	Time 0.111 (0.114)	Data 0.002 (0.004)	Loss 0.0334 (0.0306)	Acc@1 100.000 (99.728)	Acc@5 100.000 (99.992)
Epoch: [87][300/468]	Time 0.113 (0.113)	Data 0.002 (0.004)	Loss 0.0276 (0.0317)	Acc@1 100.000 (99.699)	Acc@5 100.000 (99.995)
Epoch: [87][400/468]	Time 0.112 (0.113)	Data 0.002 (0.003)	Loss 0.0278 (0.0330)	Acc@1 100.000 (99.645)	Acc@5 100.000 (99.992)
 * Acc@1 99.643 Acc@5 99.993
epoch 87, total time 52.75
Test: [0/94]	Time 0.156 (0.156)	Loss 1.3527 (1.3527)	Acc@1 78.125 (78.125)	Acc@5 90.625 (90.625)
 * Acc@1 78.233 Acc@5 93.567
==> training...
Epoch: [88][0/468]	Time 0.405 (0.405)	Data 0.337 (0.337)	Loss 0.0204 (0.0204)	Acc@1 100.000 (100.000)	Acc@5 100.000 (100.000)
Epoch: [88][100/468]	Time 0.112 (0.116)	Data 0.002 (0.006)	Loss 0.0334 (0.0322)	Acc@1 100.000 (99.691)	Acc@5 100.000 (100.000)
Epoch: [88][200/468]	Time 0.112 (0.115)	Data 0.002 (0.004)	Loss 0.0328 (0.0323)	Acc@1 100.000 (99.650)	Acc@5 100.000 (100.000)
Epoch: [88][300/468]	Time 0.114 (0.114)	Data 0.002 (0.004)	Loss 0.0130 (0.0324)	Acc@1 100.000 (99.652)	Acc@5 100.000 (100.000)
Epoch: [88][400/468]	Time 0.111 (0.114)	Data 0.002 (0.003)	Loss 0.0260 (0.0326)	Acc@1 100.000 (99.618)	Acc@5 100.000 (100.000)
 * Acc@1 99.606 Acc@5 100.000
epoch 88, total time 53.30
Test: [0/94]	Time 0.152 (0.152)	Loss 1.3252 (1.3252)	Acc@1 81.250 (81.250)	Acc@5 90.625 (90.625)
 * Acc@1 78.033 Acc@5 93.667
==> training...
Epoch: [89][0/468]	Time 0.403 (0.403)	Data 0.339 (0.339)	Loss 0.0249 (0.0249)	Acc@1 100.000 (100.000)	Acc@5 100.000 (100.000)
Epoch: [89][100/468]	Time 0.114 (0.116)	Data 0.002 (0.006)	Loss 0.0282 (0.0328)	Acc@1 100.000 (99.644)	Acc@5 100.000 (100.000)
Epoch: [89][200/468]	Time 0.113 (0.114)	Data 0.002 (0.004)	Loss 0.0329 (0.0326)	Acc@1 100.000 (99.596)	Acc@5 100.000 (100.000)
Epoch: [89][300/468]	Time 0.112 (0.113)	Data 0.002 (0.004)	Loss 0.0326 (0.0325)	Acc@1 100.000 (99.595)	Acc@5 100.000 (100.000)
Epoch: [89][400/468]	Time 0.112 (0.113)	Data 0.002 (0.003)	Loss 0.0249 (0.0331)	Acc@1 100.000 (99.579)	Acc@5 100.000 (100.000)
 * Acc@1 99.549 Acc@5 100.000
epoch 89, total time 52.86
Test: [0/94]	Time 0.148 (0.148)	Loss 1.3630 (1.3630)	Acc@1 78.125 (78.125)	Acc@5 90.625 (90.625)
 * Acc@1 78.267 Acc@5 93.633
==> training...
Epoch: [90][0/468]	Time 0.400 (0.400)	Data 0.336 (0.336)	Loss 0.0391 (0.0391)	Acc@1 98.438 (98.438)	Acc@5 100.000 (100.000)
Epoch: [90][100/468]	Time 0.112 (0.118)	Data 0.002 (0.007)	Loss 0.0193 (0.0325)	Acc@1 100.000 (99.582)	Acc@5 100.000 (100.000)
Epoch: [90][200/468]	Time 0.113 (0.115)	Data 0.002 (0.005)	Loss 0.0207 (0.0327)	Acc@1 100.000 (99.596)	Acc@5 100.000 (100.000)
Epoch: [90][300/468]	Time 0.111 (0.114)	Data 0.002 (0.004)	Loss 0.0356 (0.0329)	Acc@1 98.438 (99.574)	Acc@5 100.000 (100.000)
Epoch: [90][400/468]	Time 0.111 (0.113)	Data 0.002 (0.004)	Loss 0.0542 (0.0327)	Acc@1 96.875 (99.610)	Acc@5 100.000 (100.000)
 * Acc@1 99.593 Acc@5 100.000
epoch 90, total time 52.99
Test: [0/94]	Time 0.157 (0.157)	Loss 1.3465 (1.3465)	Acc@1 78.125 (78.125)	Acc@5 87.500 (87.500)
 * Acc@1 78.467 Acc@5 93.667
==> training...
Epoch: [91][0/468]	Time 0.391 (0.391)	Data 0.325 (0.325)	Loss 0.0136 (0.0136)	Acc@1 100.000 (100.000)	Acc@5 100.000 (100.000)
Epoch: [91][100/468]	Time 0.112 (0.115)	Data 0.002 (0.006)	Loss 0.0318 (0.0317)	Acc@1 100.000 (99.598)	Acc@5 100.000 (100.000)
Epoch: [91][200/468]	Time 0.112 (0.114)	Data 0.002 (0.004)	Loss 0.0143 (0.0325)	Acc@1 100.000 (99.565)	Acc@5 100.000 (100.000)
Epoch: [91][300/468]	Time 0.115 (0.114)	Data 0.002 (0.004)	Loss 0.0416 (0.0327)	Acc@1 100.000 (99.600)	Acc@5 100.000 (100.000)
Epoch: [91][400/468]	Time 0.111 (0.113)	Data 0.002 (0.003)	Loss 0.0553 (0.0332)	Acc@1 96.875 (99.587)	Acc@5 100.000 (100.000)
 * Acc@1 99.609 Acc@5 100.000
epoch 91, total time 52.98
Test: [0/94]	Time 0.148 (0.148)	Loss 1.3557 (1.3557)	Acc@1 78.125 (78.125)	Acc@5 87.500 (87.500)
 * Acc@1 78.433 Acc@5 93.500
==> training...
Epoch: [92][0/468]	Time 0.439 (0.439)	Data 0.372 (0.372)	Loss 0.0415 (0.0415)	Acc@1 98.438 (98.438)	Acc@5 100.000 (100.000)
Epoch: [92][100/468]	Time 0.113 (0.115)	Data 0.003 (0.006)	Loss 0.0272 (0.0303)	Acc@1 100.000 (99.629)	Acc@5 100.000 (100.000)
Epoch: [92][200/468]	Time 0.112 (0.114)	Data 0.002 (0.004)	Loss 0.0190 (0.0320)	Acc@1 100.000 (99.588)	Acc@5 100.000 (99.992)
Epoch: [92][300/468]	Time 0.114 (0.114)	Data 0.002 (0.004)	Loss 0.0178 (0.0315)	Acc@1 100.000 (99.600)	Acc@5 100.000 (99.995)
Epoch: [92][400/468]	Time 0.112 (0.114)	Data 0.002 (0.003)	Loss 0.0209 (0.0317)	Acc@1 100.000 (99.618)	Acc@5 100.000 (99.996)
 * Acc@1 99.593 Acc@5 99.997
epoch 92, total time 53.15
Test: [0/94]	Time 0.157 (0.157)	Loss 1.3755 (1.3755)	Acc@1 81.250 (81.250)	Acc@5 87.500 (87.500)
 * Acc@1 78.367 Acc@5 93.500
==> training...
Epoch: [93][0/468]	Time 0.412 (0.412)	Data 0.346 (0.346)	Loss 0.0222 (0.0222)	Acc@1 100.000 (100.000)	Acc@5 100.000 (100.000)
Epoch: [93][100/468]	Time 0.113 (0.115)	Data 0.002 (0.006)	Loss 0.0304 (0.0321)	Acc@1 100.000 (99.567)	Acc@5 100.000 (100.000)
Epoch: [93][200/468]	Time 0.110 (0.114)	Data 0.002 (0.004)	Loss 0.0429 (0.0315)	Acc@1 100.000 (99.596)	Acc@5 100.000 (100.000)
Epoch: [93][300/468]	Time 0.112 (0.113)	Data 0.002 (0.004)	Loss 0.0159 (0.0315)	Acc@1 100.000 (99.616)	Acc@5 100.000 (100.000)
Epoch: [93][400/468]	Time 0.111 (0.113)	Data 0.002 (0.003)	Loss 0.0399 (0.0313)	Acc@1 100.000 (99.649)	Acc@5 100.000 (100.000)
 * Acc@1 99.646 Acc@5 100.000
epoch 93, total time 52.84
Test: [0/94]	Time 0.148 (0.148)	Loss 1.3947 (1.3947)	Acc@1 78.125 (78.125)	Acc@5 87.500 (87.500)
 * Acc@1 78.367 Acc@5 93.767
==> training...
Epoch: [94][0/468]	Time 0.388 (0.388)	Data 0.325 (0.325)	Loss 0.0299 (0.0299)	Acc@1 100.000 (100.000)	Acc@5 100.000 (100.000)
Epoch: [94][100/468]	Time 0.111 (0.115)	Data 0.002 (0.006)	Loss 0.0316 (0.0317)	Acc@1 100.000 (99.644)	Acc@5 100.000 (100.000)
Epoch: [94][200/468]	Time 0.112 (0.113)	Data 0.002 (0.004)	Loss 0.0318 (0.0316)	Acc@1 100.000 (99.642)	Acc@5 100.000 (100.000)
Epoch: [94][300/468]	Time 0.112 (0.113)	Data 0.002 (0.004)	Loss 0.0220 (0.0324)	Acc@1 100.000 (99.611)	Acc@5 100.000 (100.000)
Epoch: [94][400/468]	Time 0.112 (0.113)	Data 0.002 (0.003)	Loss 0.0186 (0.0322)	Acc@1 100.000 (99.614)	Acc@5 100.000 (100.000)
 * Acc@1 99.619 Acc@5 100.000
epoch 94, total time 52.73
Test: [0/94]	Time 0.184 (0.184)	Loss 1.3748 (1.3748)	Acc@1 78.125 (78.125)	Acc@5 87.500 (87.500)
 * Acc@1 78.233 Acc@5 93.533
==> training...
Epoch: [95][0/468]	Time 0.399 (0.399)	Data 0.336 (0.336)	Loss 0.0153 (0.0153)	Acc@1 100.000 (100.000)	Acc@5 100.000 (100.000)
Epoch: [95][100/468]	Time 0.111 (0.117)	Data 0.002 (0.007)	Loss 0.0143 (0.0307)	Acc@1 100.000 (99.598)	Acc@5 100.000 (100.000)
Epoch: [95][200/468]	Time 0.112 (0.115)	Data 0.002 (0.005)	Loss 0.0329 (0.0322)	Acc@1 100.000 (99.565)	Acc@5 100.000 (100.000)
Epoch: [95][300/468]	Time 0.112 (0.114)	Data 0.002 (0.004)	Loss 0.0303 (0.0328)	Acc@1 100.000 (99.590)	Acc@5 100.000 (100.000)
Epoch: [95][400/468]	Time 0.112 (0.114)	Data 0.002 (0.004)	Loss 0.0579 (0.0323)	Acc@1 98.438 (99.610)	Acc@5 100.000 (100.000)
 * Acc@1 99.586 Acc@5 100.000
epoch 95, total time 53.15
Test: [0/94]	Time 0.153 (0.153)	Loss 1.3794 (1.3794)	Acc@1 78.125 (78.125)	Acc@5 87.500 (87.500)
 * Acc@1 78.033 Acc@5 93.567
==> training...
Epoch: [96][0/468]	Time 0.380 (0.380)	Data 0.317 (0.317)	Loss 0.0193 (0.0193)	Acc@1 100.000 (100.000)	Acc@5 100.000 (100.000)
Epoch: [96][100/468]	Time 0.111 (0.114)	Data 0.002 (0.006)	Loss 0.0151 (0.0295)	Acc@1 100.000 (99.783)	Acc@5 100.000 (100.000)
Epoch: [96][200/468]	Time 0.111 (0.113)	Data 0.002 (0.004)	Loss 0.0228 (0.0306)	Acc@1 100.000 (99.674)	Acc@5 100.000 (100.000)
Epoch: [96][300/468]	Time 0.113 (0.112)	Data 0.002 (0.004)	Loss 0.1282 (0.0307)	Acc@1 96.875 (99.678)	Acc@5 98.438 (99.995)
Epoch: [96][400/468]	Time 0.111 (0.112)	Data 0.002 (0.003)	Loss 0.0174 (0.0301)	Acc@1 100.000 (99.688)	Acc@5 100.000 (99.996)
 * Acc@1 99.686 Acc@5 99.997
epoch 96, total time 52.53
Test: [0/94]	Time 0.150 (0.150)	Loss 1.3472 (1.3472)	Acc@1 81.250 (81.250)	Acc@5 90.625 (90.625)
 * Acc@1 78.200 Acc@5 93.900
==> training...
Epoch: [97][0/468]	Time 0.405 (0.405)	Data 0.338 (0.338)	Loss 0.0242 (0.0242)	Acc@1 100.000 (100.000)	Acc@5 100.000 (100.000)
Epoch: [97][100/468]	Time 0.114 (0.115)	Data 0.002 (0.006)	Loss 0.0602 (0.0297)	Acc@1 98.438 (99.706)	Acc@5 100.000 (100.000)
Epoch: [97][200/468]	Time 0.112 (0.114)	Data 0.002 (0.004)	Loss 0.0481 (0.0300)	Acc@1 98.438 (99.674)	Acc@5 100.000 (100.000)
Epoch: [97][300/468]	Time 0.113 (0.114)	Data 0.002 (0.004)	Loss 0.0221 (0.0297)	Acc@1 100.000 (99.699)	Acc@5 100.000 (100.000)
Epoch: [97][400/468]	Time 0.113 (0.114)	Data 0.002 (0.003)	Loss 0.0255 (0.0302)	Acc@1 100.000 (99.677)	Acc@5 100.000 (100.000)
 * Acc@1 99.669 Acc@5 100.000
epoch 97, total time 53.19
Test: [0/94]	Time 0.154 (0.154)	Loss 1.3735 (1.3735)	Acc@1 81.250 (81.250)	Acc@5 90.625 (90.625)
 * Acc@1 77.833 Acc@5 93.833
==> training...
Epoch: [98][0/468]	Time 0.402 (0.402)	Data 0.339 (0.339)	Loss 0.0242 (0.0242)	Acc@1 100.000 (100.000)	Acc@5 100.000 (100.000)
Epoch: [98][100/468]	Time 0.111 (0.115)	Data 0.002 (0.006)	Loss 0.0392 (0.0344)	Acc@1 98.438 (99.520)	Acc@5 100.000 (100.000)
Epoch: [98][200/468]	Time 0.113 (0.114)	Data 0.002 (0.004)	Loss 0.0549 (0.0316)	Acc@1 98.438 (99.611)	Acc@5 100.000 (100.000)
Epoch: [98][300/468]	Time 0.111 (0.113)	Data 0.002 (0.004)	Loss 0.0526 (0.0315)	Acc@1 98.438 (99.616)	Acc@5 100.000 (100.000)
Epoch: [98][400/468]	Time 0.112 (0.113)	Data 0.002 (0.003)	Loss 0.0336 (0.0318)	Acc@1 100.000 (99.638)	Acc@5 100.000 (100.000)
 * Acc@1 99.656 Acc@5 100.000
epoch 98, total time 52.67
Test: [0/94]	Time 0.155 (0.155)	Loss 1.3952 (1.3952)	Acc@1 81.250 (81.250)	Acc@5 90.625 (90.625)
 * Acc@1 78.233 Acc@5 93.733
==> training...
Epoch: [99][0/468]	Time 0.420 (0.420)	Data 0.354 (0.354)	Loss 0.0185 (0.0185)	Acc@1 100.000 (100.000)	Acc@5 100.000 (100.000)
Epoch: [99][100/468]	Time 0.112 (0.115)	Data 0.002 (0.006)	Loss 0.0460 (0.0308)	Acc@1 100.000 (99.644)	Acc@5 100.000 (100.000)
Epoch: [99][200/468]	Time 0.111 (0.113)	Data 0.002 (0.004)	Loss 0.0120 (0.0292)	Acc@1 100.000 (99.658)	Acc@5 100.000 (100.000)
Epoch: [99][300/468]	Time 0.111 (0.113)	Data 0.002 (0.004)	Loss 0.0367 (0.0311)	Acc@1 100.000 (99.611)	Acc@5 100.000 (99.995)
Epoch: [99][400/468]	Time 0.111 (0.113)	Data 0.002 (0.003)	Loss 0.0231 (0.0306)	Acc@1 100.000 (99.606)	Acc@5 100.000 (99.992)
 * Acc@1 99.609 Acc@5 99.993
epoch 99, total time 52.60
Test: [0/94]	Time 0.146 (0.146)	Loss 1.3942 (1.3942)	Acc@1 81.250 (81.250)	Acc@5 90.625 (90.625)
 * Acc@1 78.200 Acc@5 93.733
==> training...
Epoch: [100][0/468]	Time 0.390 (0.390)	Data 0.326 (0.326)	Loss 0.0277 (0.0277)	Acc@1 100.000 (100.000)	Acc@5 100.000 (100.000)
Epoch: [100][100/468]	Time 0.110 (0.113)	Data 0.002 (0.005)	Loss 0.0182 (0.0300)	Acc@1 100.000 (99.706)	Acc@5 100.000 (100.000)
Epoch: [100][200/468]	Time 0.113 (0.113)	Data 0.002 (0.004)	Loss 0.0165 (0.0287)	Acc@1 100.000 (99.736)	Acc@5 100.000 (100.000)
Epoch: [100][300/468]	Time 0.112 (0.112)	Data 0.002 (0.003)	Loss 0.0323 (0.0290)	Acc@1 100.000 (99.746)	Acc@5 100.000 (100.000)
Epoch: [100][400/468]	Time 0.111 (0.112)	Data 0.002 (0.003)	Loss 0.0182 (0.0292)	Acc@1 100.000 (99.747)	Acc@5 100.000 (100.000)
 * Acc@1 99.730 Acc@5 100.000
epoch 100, total time 52.59
Test: [0/94]	Time 0.155 (0.155)	Loss 1.4381 (1.4381)	Acc@1 78.125 (78.125)	Acc@5 90.625 (90.625)
 * Acc@1 78.133 Acc@5 93.700
==> Saving...
