Device count:  1
************* Training arguments *************
eval_freq 10
print_freq 100
tb_freq 500
save_freq 100
batch_size 64
num_workers 8
epochs 100
learning_rate 0.05
lr_decay_epochs [60, 80]
lr_decay_rate 0.1
weight_decay 0.0005
momentum 0.9
adam False
eval_only False
model resnet18
dataset miniImageNet
transform A
use_trainval False
cosine False
reload_path 
model_path /home/gridsan/akyurek/git/rfs-incremental/dumped/backbones/continual/resnet18/7
tb_path tb
data_root /home/gridsan/akyurek/git/rfs-incremental/data/miniImageNet
n_test_runs 600
n_ways 5
n_shots 1
n_queries 15
n_aug_support_samples 5
test_batch_size 1
use_episodes False
classifier linear
trial pretrain
continual True
no_dropblock True
set_seed 7
no_linear_bias True
augment_pretrain_wtrainb False
eval_mode None
label_pull None
data_aug True
linear_bias False
model_name miniImageNet_resnet18_classifier_linear
tb_folder tb/miniImageNet_resnet18_classifier_linear
save_folder /home/gridsan/akyurek/git/rfs-incremental/dumped/backbones/continual/resnet18/7
n_gpu 1
git_head_hash ae23b3b
End of arguments.

==> training...
Epoch: [1][0/468]	Time 1.435 (1.435)	Data 0.470 (0.470)	Loss 4.7104 (4.7104)	Acc@1 1.562 (1.562)	Acc@5 6.250 (6.250)
Epoch: [1][100/468]	Time 0.110 (0.123)	Data 0.002 (0.006)	Loss 4.0807 (5.2233)	Acc@1 1.562 (2.382)	Acc@5 6.250 (10.705)
Epoch: [1][200/468]	Time 0.111 (0.117)	Data 0.002 (0.004)	Loss 3.8321 (4.6146)	Acc@1 10.938 (3.335)	Acc@5 29.688 (13.798)
Epoch: [1][300/468]	Time 0.110 (0.115)	Data 0.002 (0.004)	Loss 3.7874 (4.3690)	Acc@1 12.500 (4.309)	Acc@5 25.000 (16.886)
Epoch: [1][400/468]	Time 0.110 (0.113)	Data 0.002 (0.003)	Loss 3.6333 (4.2164)	Acc@1 7.812 (5.175)	Acc@5 26.562 (19.716)
 * Acc@1 5.692 Acc@5 21.317
epoch 1, total time 52.86
Test: [0/94]	Time 0.373 (0.373)	Loss 3.6419 (3.6419)	Acc@1 15.625 (15.625)	Acc@5 43.750 (43.750)
 * Acc@1 11.167 Acc@5 36.233
==> training...
Epoch: [2][0/468]	Time 0.443 (0.443)	Data 0.379 (0.379)	Loss 3.5046 (3.5046)	Acc@1 14.062 (14.062)	Acc@5 42.188 (42.188)
Epoch: [2][100/468]	Time 0.110 (0.113)	Data 0.002 (0.006)	Loss 3.6671 (3.5868)	Acc@1 9.375 (11.742)	Acc@5 37.500 (34.189)
Epoch: [2][200/468]	Time 0.111 (0.111)	Data 0.002 (0.004)	Loss 3.4386 (3.5441)	Acc@1 12.500 (12.352)	Acc@5 34.375 (35.572)
Epoch: [2][300/468]	Time 0.109 (0.111)	Data 0.002 (0.004)	Loss 3.4315 (3.5043)	Acc@1 12.500 (13.066)	Acc@5 43.750 (37.012)
Epoch: [2][400/468]	Time 0.109 (0.111)	Data 0.002 (0.003)	Loss 3.4756 (3.4570)	Acc@1 14.062 (13.868)	Acc@5 37.500 (38.540)
 * Acc@1 14.350 Acc@5 39.583
epoch 2, total time 51.78
Test: [0/94]	Time 0.155 (0.155)	Loss 3.4422 (3.4422)	Acc@1 21.875 (21.875)	Acc@5 31.250 (31.250)
 * Acc@1 18.367 Acc@5 48.367
==> training...
Epoch: [3][0/468]	Time 0.399 (0.399)	Data 0.337 (0.337)	Loss 3.0555 (3.0555)	Acc@1 25.000 (25.000)	Acc@5 48.438 (48.438)
Epoch: [3][100/468]	Time 0.110 (0.114)	Data 0.002 (0.006)	Loss 3.1470 (3.1905)	Acc@1 17.188 (19.199)	Acc@5 51.562 (47.277)
Epoch: [3][200/468]	Time 0.110 (0.112)	Data 0.002 (0.004)	Loss 2.9072 (3.1436)	Acc@1 25.000 (19.838)	Acc@5 51.562 (48.671)
Epoch: [3][300/468]	Time 0.110 (0.111)	Data 0.002 (0.004)	Loss 3.3170 (3.1238)	Acc@1 12.500 (20.385)	Acc@5 34.375 (49.107)
Epoch: [3][400/468]	Time 0.110 (0.111)	Data 0.002 (0.003)	Loss 3.1249 (3.0982)	Acc@1 25.000 (20.971)	Acc@5 43.750 (49.918)
 * Acc@1 21.471 Acc@5 50.561
epoch 3, total time 51.78
Test: [0/94]	Time 0.158 (0.158)	Loss 3.0169 (3.0169)	Acc@1 21.875 (21.875)	Acc@5 43.750 (43.750)
 * Acc@1 25.900 Acc@5 57.400
==> training...
Epoch: [4][0/468]	Time 0.446 (0.446)	Data 0.344 (0.344)	Loss 2.8405 (2.8405)	Acc@1 23.438 (23.438)	Acc@5 50.000 (50.000)
Epoch: [4][100/468]	Time 0.110 (0.113)	Data 0.002 (0.006)	Loss 2.9309 (2.8553)	Acc@1 20.312 (26.222)	Acc@5 54.688 (56.281)
Epoch: [4][200/468]	Time 0.109 (0.111)	Data 0.002 (0.004)	Loss 2.9088 (2.8476)	Acc@1 20.312 (26.391)	Acc@5 54.688 (56.849)
Epoch: [4][300/468]	Time 0.109 (0.111)	Data 0.002 (0.003)	Loss 2.9500 (2.8164)	Acc@1 26.562 (26.910)	Acc@5 53.125 (57.574)
Epoch: [4][400/468]	Time 0.109 (0.111)	Data 0.002 (0.003)	Loss 2.4233 (2.7895)	Acc@1 40.625 (27.416)	Acc@5 65.625 (58.377)
 * Acc@1 27.835 Acc@5 58.861
epoch 4, total time 51.78
Test: [0/94]	Time 0.152 (0.152)	Loss 2.9157 (2.9157)	Acc@1 28.125 (28.125)	Acc@5 59.375 (59.375)
 * Acc@1 33.233 Acc@5 64.467
==> training...
Epoch: [5][0/468]	Time 0.442 (0.442)	Data 0.380 (0.380)	Loss 2.8884 (2.8884)	Acc@1 26.562 (26.562)	Acc@5 57.812 (57.812)
Epoch: [5][100/468]	Time 0.111 (0.113)	Data 0.002 (0.006)	Loss 2.6108 (2.5817)	Acc@1 31.250 (32.225)	Acc@5 68.750 (63.923)
Epoch: [5][200/468]	Time 0.110 (0.111)	Data 0.002 (0.004)	Loss 2.6049 (2.5781)	Acc@1 37.500 (32.478)	Acc@5 67.188 (63.837)
Epoch: [5][300/468]	Time 0.110 (0.111)	Data 0.002 (0.004)	Loss 2.2811 (2.5455)	Acc@1 40.625 (32.953)	Acc@5 70.312 (64.779)
Epoch: [5][400/468]	Time 0.109 (0.110)	Data 0.002 (0.003)	Loss 2.4499 (2.5262)	Acc@1 37.500 (33.432)	Acc@5 67.188 (65.134)
 * Acc@1 33.904 Acc@5 65.458
epoch 5, total time 51.70
Test: [0/94]	Time 0.150 (0.150)	Loss 2.5948 (2.5948)	Acc@1 31.250 (31.250)	Acc@5 56.250 (56.250)
 * Acc@1 36.867 Acc@5 69.367
==> training...
Epoch: [6][0/468]	Time 0.400 (0.400)	Data 0.336 (0.336)	Loss 2.0082 (2.0082)	Acc@1 46.875 (46.875)	Acc@5 73.438 (73.438)
Epoch: [6][100/468]	Time 0.110 (0.113)	Data 0.002 (0.006)	Loss 2.3245 (2.3550)	Acc@1 40.625 (37.423)	Acc@5 68.750 (69.261)
Epoch: [6][200/468]	Time 0.110 (0.112)	Data 0.002 (0.004)	Loss 2.2376 (2.3338)	Acc@1 42.188 (37.943)	Acc@5 73.438 (69.520)
Epoch: [6][300/468]	Time 0.109 (0.111)	Data 0.002 (0.003)	Loss 2.2154 (2.3080)	Acc@1 39.062 (38.491)	Acc@5 70.312 (70.089)
Epoch: [6][400/468]	Time 0.109 (0.111)	Data 0.002 (0.003)	Loss 2.4500 (2.3017)	Acc@1 39.062 (38.474)	Acc@5 67.188 (70.133)
 * Acc@1 38.809 Acc@5 70.433
epoch 6, total time 51.80
Test: [0/94]	Time 0.160 (0.160)	Loss 2.4643 (2.4643)	Acc@1 34.375 (34.375)	Acc@5 68.750 (68.750)
 * Acc@1 39.533 Acc@5 71.700
==> training...
Epoch: [7][0/468]	Time 0.418 (0.418)	Data 0.353 (0.353)	Loss 1.7161 (1.7161)	Acc@1 65.625 (65.625)	Acc@5 79.688 (79.688)
Epoch: [7][100/468]	Time 0.110 (0.113)	Data 0.002 (0.006)	Loss 2.1896 (2.0852)	Acc@1 43.750 (43.116)	Acc@5 78.125 (74.830)
Epoch: [7][200/468]	Time 0.111 (0.111)	Data 0.002 (0.004)	Loss 1.8881 (2.0964)	Acc@1 51.562 (43.369)	Acc@5 82.812 (74.370)
Epoch: [7][300/468]	Time 0.109 (0.111)	Data 0.002 (0.003)	Loss 2.0409 (2.0802)	Acc@1 42.188 (43.766)	Acc@5 73.438 (74.844)
Epoch: [7][400/468]	Time 0.111 (0.111)	Data 0.002 (0.003)	Loss 2.0276 (2.0736)	Acc@1 50.000 (43.863)	Acc@5 76.562 (75.031)
 * Acc@1 43.937 Acc@5 75.150
epoch 7, total time 51.81
Test: [0/94]	Time 0.155 (0.155)	Loss 2.1271 (2.1271)	Acc@1 50.000 (50.000)	Acc@5 78.125 (78.125)
 * Acc@1 47.233 Acc@5 77.833
==> training...
Epoch: [8][0/468]	Time 0.403 (0.403)	Data 0.331 (0.331)	Loss 1.8151 (1.8151)	Acc@1 50.000 (50.000)	Acc@5 79.688 (79.688)
Epoch: [8][100/468]	Time 0.110 (0.114)	Data 0.002 (0.007)	Loss 1.9123 (1.9426)	Acc@1 59.375 (47.200)	Acc@5 76.562 (77.630)
Epoch: [8][200/468]	Time 0.110 (0.112)	Data 0.002 (0.005)	Loss 1.7168 (1.9295)	Acc@1 57.812 (47.536)	Acc@5 76.562 (77.830)
Epoch: [8][300/468]	Time 0.109 (0.111)	Data 0.002 (0.004)	Loss 1.8116 (1.9250)	Acc@1 53.125 (47.436)	Acc@5 73.438 (77.798)
Epoch: [8][400/468]	Time 0.110 (0.111)	Data 0.002 (0.003)	Loss 1.6189 (1.9074)	Acc@1 59.375 (47.760)	Acc@5 82.812 (78.265)
 * Acc@1 47.827 Acc@5 78.415
epoch 8, total time 51.96
Test: [0/94]	Time 0.168 (0.168)	Loss 2.7675 (2.7675)	Acc@1 40.625 (40.625)	Acc@5 65.625 (65.625)
 * Acc@1 44.400 Acc@5 75.933
==> training...
Epoch: [9][0/468]	Time 0.391 (0.391)	Data 0.328 (0.328)	Loss 1.8624 (1.8624)	Acc@1 48.438 (48.438)	Acc@5 79.688 (79.688)
Epoch: [9][100/468]	Time 0.110 (0.113)	Data 0.002 (0.006)	Loss 1.4957 (1.8031)	Acc@1 56.250 (49.691)	Acc@5 84.375 (80.910)
Epoch: [9][200/468]	Time 0.110 (0.111)	Data 0.002 (0.004)	Loss 1.8081 (1.8059)	Acc@1 48.438 (49.907)	Acc@5 76.562 (80.651)
Epoch: [9][300/468]	Time 0.110 (0.111)	Data 0.002 (0.003)	Loss 1.6172 (1.7941)	Acc@1 54.688 (50.452)	Acc@5 87.500 (80.824)
Epoch: [9][400/468]	Time 0.110 (0.111)	Data 0.002 (0.003)	Loss 1.3453 (1.7892)	Acc@1 68.750 (50.475)	Acc@5 85.938 (80.794)
 * Acc@1 50.778 Acc@5 80.896
epoch 9, total time 51.81
Test: [0/94]	Time 0.154 (0.154)	Loss 2.1689 (2.1689)	Acc@1 46.875 (46.875)	Acc@5 75.000 (75.000)
 * Acc@1 50.433 Acc@5 77.933
==> training...
Epoch: [10][0/468]	Time 0.406 (0.406)	Data 0.333 (0.333)	Loss 1.6685 (1.6685)	Acc@1 56.250 (56.250)	Acc@5 82.812 (82.812)
Epoch: [10][100/468]	Time 0.111 (0.113)	Data 0.002 (0.006)	Loss 1.5279 (1.6583)	Acc@1 64.062 (54.038)	Acc@5 85.938 (83.091)
Epoch: [10][200/468]	Time 0.109 (0.112)	Data 0.002 (0.004)	Loss 1.5291 (1.6658)	Acc@1 54.688 (53.832)	Acc@5 89.062 (82.898)
Epoch: [10][300/468]	Time 0.110 (0.111)	Data 0.002 (0.004)	Loss 2.0906 (1.6768)	Acc@1 48.438 (53.649)	Acc@5 75.000 (82.506)
Epoch: [10][400/468]	Time 0.108 (0.111)	Data 0.002 (0.003)	Loss 1.3514 (1.6749)	Acc@1 64.062 (53.748)	Acc@5 87.500 (82.481)
 * Acc@1 53.693 Acc@5 82.469
epoch 10, total time 51.80
Test: [0/94]	Time 0.149 (0.149)	Loss 2.3530 (2.3530)	Acc@1 43.750 (43.750)	Acc@5 81.250 (81.250)
 * Acc@1 53.533 Acc@5 83.967
==> training...
Epoch: [11][0/468]	Time 0.398 (0.398)	Data 0.336 (0.336)	Loss 1.6172 (1.6172)	Acc@1 51.562 (51.562)	Acc@5 79.688 (79.688)
Epoch: [11][100/468]	Time 0.109 (0.113)	Data 0.002 (0.006)	Loss 1.9662 (1.5443)	Acc@1 46.875 (56.436)	Acc@5 76.562 (85.504)
Epoch: [11][200/468]	Time 0.110 (0.111)	Data 0.002 (0.004)	Loss 1.4272 (1.5592)	Acc@1 62.500 (55.854)	Acc@5 92.188 (85.207)
Epoch: [11][300/468]	Time 0.110 (0.111)	Data 0.002 (0.004)	Loss 1.5519 (1.5560)	Acc@1 54.688 (56.125)	Acc@5 84.375 (85.221)
Epoch: [11][400/468]	Time 0.112 (0.111)	Data 0.002 (0.003)	Loss 1.6015 (1.5552)	Acc@1 56.250 (56.215)	Acc@5 82.812 (85.084)
 * Acc@1 56.030 Acc@5 84.749
epoch 11, total time 51.77
Test: [0/94]	Time 0.152 (0.152)	Loss 1.8660 (1.8660)	Acc@1 43.750 (43.750)	Acc@5 84.375 (84.375)
 * Acc@1 54.167 Acc@5 83.100
==> training...
Epoch: [12][0/468]	Time 0.396 (0.396)	Data 0.332 (0.332)	Loss 1.3665 (1.3665)	Acc@1 60.938 (60.938)	Acc@5 92.188 (92.188)
Epoch: [12][100/468]	Time 0.110 (0.113)	Data 0.002 (0.006)	Loss 1.3871 (1.4410)	Acc@1 64.062 (59.623)	Acc@5 89.062 (86.912)
Epoch: [12][200/468]	Time 0.109 (0.111)	Data 0.002 (0.004)	Loss 1.5341 (1.4678)	Acc@1 60.938 (59.017)	Acc@5 82.812 (86.303)
Epoch: [12][300/468]	Time 0.109 (0.111)	Data 0.002 (0.003)	Loss 1.5593 (1.4704)	Acc@1 60.938 (59.100)	Acc@5 85.938 (86.109)
Epoch: [12][400/468]	Time 0.110 (0.111)	Data 0.002 (0.003)	Loss 1.4932 (1.4809)	Acc@1 59.375 (58.697)	Acc@5 85.938 (85.860)
 * Acc@1 58.647 Acc@5 85.807
epoch 12, total time 51.88
Test: [0/94]	Time 0.160 (0.160)	Loss 1.7070 (1.7070)	Acc@1 62.500 (62.500)	Acc@5 84.375 (84.375)
 * Acc@1 57.667 Acc@5 84.733
==> training...
Epoch: [13][0/468]	Time 0.399 (0.399)	Data 0.338 (0.338)	Loss 1.2121 (1.2121)	Acc@1 62.500 (62.500)	Acc@5 89.062 (89.062)
Epoch: [13][100/468]	Time 0.109 (0.113)	Data 0.002 (0.006)	Loss 1.2332 (1.3805)	Acc@1 65.625 (60.845)	Acc@5 95.312 (87.717)
Epoch: [13][200/468]	Time 0.109 (0.111)	Data 0.002 (0.004)	Loss 1.7054 (1.4038)	Acc@1 59.375 (60.222)	Acc@5 85.938 (87.158)
Epoch: [13][300/468]	Time 0.111 (0.111)	Data 0.002 (0.003)	Loss 1.4498 (1.4058)	Acc@1 59.375 (60.294)	Acc@5 82.812 (87.090)
Epoch: [13][400/468]	Time 0.110 (0.111)	Data 0.002 (0.003)	Loss 1.7218 (1.4155)	Acc@1 50.000 (60.034)	Acc@5 81.250 (86.993)
 * Acc@1 60.089 Acc@5 86.879
epoch 13, total time 51.73
Test: [0/94]	Time 0.154 (0.154)	Loss 1.8084 (1.8084)	Acc@1 46.875 (46.875)	Acc@5 78.125 (78.125)
 * Acc@1 55.400 Acc@5 83.667
==> training...
Epoch: [14][0/468]	Time 0.401 (0.401)	Data 0.340 (0.340)	Loss 1.2710 (1.2710)	Acc@1 60.938 (60.938)	Acc@5 87.500 (87.500)
Epoch: [14][100/468]	Time 0.110 (0.113)	Data 0.002 (0.006)	Loss 1.3150 (1.3513)	Acc@1 57.812 (61.634)	Acc@5 89.062 (88.196)
Epoch: [14][200/468]	Time 0.109 (0.111)	Data 0.002 (0.004)	Loss 1.2332 (1.3427)	Acc@1 64.062 (61.909)	Acc@5 90.625 (88.270)
Epoch: [14][300/468]	Time 0.109 (0.111)	Data 0.002 (0.004)	Loss 1.4003 (1.3355)	Acc@1 59.375 (61.945)	Acc@5 92.188 (88.403)
Epoch: [14][400/468]	Time 0.110 (0.111)	Data 0.002 (0.003)	Loss 1.2319 (1.3527)	Acc@1 68.750 (61.612)	Acc@5 87.500 (88.053)
 * Acc@1 61.695 Acc@5 87.800
epoch 14, total time 51.72
Test: [0/94]	Time 0.155 (0.155)	Loss 1.9952 (1.9952)	Acc@1 50.000 (50.000)	Acc@5 78.125 (78.125)
 * Acc@1 57.267 Acc@5 84.267
==> training...
Epoch: [15][0/468]	Time 0.403 (0.403)	Data 0.338 (0.338)	Loss 0.9468 (0.9468)	Acc@1 67.188 (67.188)	Acc@5 95.312 (95.312)
Epoch: [15][100/468]	Time 0.110 (0.113)	Data 0.002 (0.006)	Loss 1.5122 (1.2538)	Acc@1 56.250 (64.558)	Acc@5 85.938 (89.341)
Epoch: [15][200/468]	Time 0.110 (0.111)	Data 0.002 (0.004)	Loss 1.3053 (1.2712)	Acc@1 64.062 (63.907)	Acc@5 92.188 (89.171)
Epoch: [15][300/468]	Time 0.110 (0.111)	Data 0.002 (0.003)	Loss 1.5000 (1.2906)	Acc@1 57.812 (63.486)	Acc@5 85.938 (88.684)
Epoch: [15][400/468]	Time 0.109 (0.111)	Data 0.002 (0.003)	Loss 1.2863 (1.2990)	Acc@1 64.062 (63.392)	Acc@5 90.625 (88.548)
 * Acc@1 63.088 Acc@5 88.535
epoch 15, total time 51.82
Test: [0/94]	Time 0.151 (0.151)	Loss 1.4662 (1.4662)	Acc@1 56.250 (56.250)	Acc@5 87.500 (87.500)
 * Acc@1 60.500 Acc@5 86.500
==> training...
Epoch: [16][0/468]	Time 0.413 (0.413)	Data 0.351 (0.351)	Loss 1.5355 (1.5355)	Acc@1 59.375 (59.375)	Acc@5 87.500 (87.500)
Epoch: [16][100/468]	Time 0.111 (0.113)	Data 0.002 (0.006)	Loss 1.7379 (1.2201)	Acc@1 53.125 (64.960)	Acc@5 79.688 (89.573)
Epoch: [16][200/468]	Time 0.110 (0.111)	Data 0.002 (0.004)	Loss 1.3008 (1.2400)	Acc@1 60.938 (64.576)	Acc@5 89.062 (89.288)
Epoch: [16][300/468]	Time 0.111 (0.111)	Data 0.002 (0.003)	Loss 1.4652 (1.2554)	Acc@1 59.375 (64.312)	Acc@5 79.688 (89.109)
Epoch: [16][400/468]	Time 0.109 (0.111)	Data 0.002 (0.003)	Loss 1.2367 (1.2583)	Acc@1 64.062 (64.246)	Acc@5 92.188 (89.101)
 * Acc@1 64.183 Acc@5 89.096
epoch 16, total time 51.75
Test: [0/94]	Time 0.154 (0.154)	Loss 1.5335 (1.5335)	Acc@1 50.000 (50.000)	Acc@5 90.625 (90.625)
 * Acc@1 57.767 Acc@5 86.000
==> training...
Epoch: [17][0/468]	Time 0.394 (0.394)	Data 0.332 (0.332)	Loss 0.9525 (0.9525)	Acc@1 79.688 (79.688)	Acc@5 89.062 (89.062)
Epoch: [17][100/468]	Time 0.108 (0.113)	Data 0.002 (0.006)	Loss 1.4634 (1.1945)	Acc@1 59.375 (65.826)	Acc@5 87.500 (90.501)
Epoch: [17][200/468]	Time 0.110 (0.111)	Data 0.002 (0.004)	Loss 1.1871 (1.2224)	Acc@1 64.062 (65.050)	Acc@5 92.188 (89.832)
Epoch: [17][300/468]	Time 0.110 (0.111)	Data 0.002 (0.003)	Loss 1.2463 (1.2330)	Acc@1 57.812 (64.717)	Acc@5 84.375 (89.545)
Epoch: [17][400/468]	Time 0.109 (0.111)	Data 0.002 (0.003)	Loss 1.3081 (1.2369)	Acc@1 62.500 (64.756)	Acc@5 84.375 (89.538)
 * Acc@1 64.657 Acc@5 89.453
epoch 17, total time 51.76
Test: [0/94]	Time 0.154 (0.154)	Loss 1.3733 (1.3733)	Acc@1 62.500 (62.500)	Acc@5 84.375 (84.375)
 * Acc@1 60.033 Acc@5 84.900
==> training...
Epoch: [18][0/468]	Time 0.399 (0.399)	Data 0.338 (0.338)	Loss 1.3807 (1.3807)	Acc@1 57.812 (57.812)	Acc@5 90.625 (90.625)
Epoch: [18][100/468]	Time 0.111 (0.113)	Data 0.002 (0.006)	Loss 1.2052 (1.1196)	Acc@1 68.750 (67.899)	Acc@5 87.500 (91.306)
Epoch: [18][200/468]	Time 0.109 (0.112)	Data 0.002 (0.004)	Loss 1.3534 (1.1625)	Acc@1 62.500 (66.985)	Acc@5 84.375 (90.555)
Epoch: [18][300/468]	Time 0.110 (0.111)	Data 0.002 (0.003)	Loss 1.3751 (1.1879)	Acc@1 64.062 (66.347)	Acc@5 89.062 (90.132)
Epoch: [18][400/468]	Time 0.110 (0.111)	Data 0.002 (0.003)	Loss 1.1857 (1.1953)	Acc@1 67.188 (66.069)	Acc@5 89.062 (90.157)
 * Acc@1 65.885 Acc@5 90.031
epoch 18, total time 51.96
Test: [0/94]	Time 0.161 (0.161)	Loss 1.6974 (1.6974)	Acc@1 62.500 (62.500)	Acc@5 84.375 (84.375)
 * Acc@1 60.500 Acc@5 86.333
==> training...
Epoch: [19][0/468]	Time 0.400 (0.400)	Data 0.335 (0.335)	Loss 1.2655 (1.2655)	Acc@1 62.500 (62.500)	Acc@5 90.625 (90.625)
Epoch: [19][100/468]	Time 0.110 (0.113)	Data 0.002 (0.006)	Loss 1.3071 (1.1234)	Acc@1 65.625 (67.868)	Acc@5 92.188 (91.569)
Epoch: [19][200/468]	Time 0.110 (0.112)	Data 0.002 (0.004)	Loss 1.1240 (1.1508)	Acc@1 71.875 (67.234)	Acc@5 93.750 (90.835)
Epoch: [19][300/468]	Time 0.110 (0.111)	Data 0.002 (0.004)	Loss 1.1219 (1.1560)	Acc@1 65.625 (67.047)	Acc@5 93.750 (90.718)
Epoch: [19][400/468]	Time 0.111 (0.111)	Data 0.002 (0.003)	Loss 0.9872 (1.1666)	Acc@1 71.875 (66.825)	Acc@5 95.312 (90.493)
 * Acc@1 66.640 Acc@5 90.335
epoch 19, total time 52.08
Test: [0/94]	Time 0.158 (0.158)	Loss 1.1594 (1.1594)	Acc@1 65.625 (65.625)	Acc@5 90.625 (90.625)
 * Acc@1 61.133 Acc@5 86.600
==> training...
Epoch: [20][0/468]	Time 0.421 (0.421)	Data 0.352 (0.352)	Loss 0.9913 (0.9913)	Acc@1 68.750 (68.750)	Acc@5 93.750 (93.750)
Epoch: [20][100/468]	Time 0.110 (0.113)	Data 0.002 (0.006)	Loss 1.0860 (1.0823)	Acc@1 67.188 (68.719)	Acc@5 92.188 (91.785)
Epoch: [20][200/468]	Time 0.110 (0.112)	Data 0.002 (0.004)	Loss 1.2835 (1.1192)	Acc@1 70.312 (67.856)	Acc@5 87.500 (91.146)
Epoch: [20][300/468]	Time 0.110 (0.111)	Data 0.002 (0.003)	Loss 1.1609 (1.1393)	Acc@1 73.438 (67.234)	Acc@5 92.188 (90.931)
Epoch: [20][400/468]	Time 0.110 (0.111)	Data 0.002 (0.003)	Loss 1.0348 (1.1424)	Acc@1 73.438 (67.145)	Acc@5 92.188 (90.917)
 * Acc@1 67.141 Acc@5 90.895
epoch 20, total time 51.87
Test: [0/94]	Time 0.153 (0.153)	Loss 1.1227 (1.1227)	Acc@1 71.875 (71.875)	Acc@5 90.625 (90.625)
 * Acc@1 61.100 Acc@5 87.300
==> training...
Epoch: [21][0/468]	Time 0.405 (0.405)	Data 0.336 (0.336)	Loss 1.1518 (1.1518)	Acc@1 64.062 (64.062)	Acc@5 89.062 (89.062)
Epoch: [21][100/468]	Time 0.110 (0.113)	Data 0.002 (0.006)	Loss 1.2361 (1.0723)	Acc@1 60.938 (69.152)	Acc@5 84.375 (92.064)
Epoch: [21][200/468]	Time 0.112 (0.112)	Data 0.002 (0.004)	Loss 1.0377 (1.0713)	Acc@1 68.750 (69.248)	Acc@5 92.188 (91.978)
Epoch: [21][300/468]	Time 0.111 (0.111)	Data 0.002 (0.003)	Loss 1.3181 (1.0946)	Acc@1 67.188 (68.522)	Acc@5 89.062 (91.668)
Epoch: [21][400/468]	Time 0.110 (0.111)	Data 0.002 (0.003)	Loss 1.2148 (1.1082)	Acc@1 62.500 (67.982)	Acc@5 87.500 (91.447)
 * Acc@1 67.805 Acc@5 91.396
epoch 21, total time 51.97
Test: [0/94]	Time 0.155 (0.155)	Loss 1.6453 (1.6453)	Acc@1 56.250 (56.250)	Acc@5 90.625 (90.625)
 * Acc@1 63.633 Acc@5 87.500
==> training...
Epoch: [22][0/468]	Time 0.420 (0.420)	Data 0.355 (0.355)	Loss 1.3002 (1.3002)	Acc@1 59.375 (59.375)	Acc@5 89.062 (89.062)
Epoch: [22][100/468]	Time 0.110 (0.113)	Data 0.002 (0.006)	Loss 1.4407 (1.0247)	Acc@1 56.250 (70.266)	Acc@5 89.062 (92.157)
Epoch: [22][200/468]	Time 0.110 (0.112)	Data 0.002 (0.004)	Loss 0.9876 (1.0462)	Acc@1 67.188 (69.442)	Acc@5 96.875 (92.024)
Epoch: [22][300/468]	Time 0.110 (0.111)	Data 0.002 (0.004)	Loss 1.5688 (1.0670)	Acc@1 56.250 (69.072)	Acc@5 81.250 (91.772)
Epoch: [22][400/468]	Time 0.110 (0.111)	Data 0.002 (0.003)	Loss 1.2557 (1.0814)	Acc@1 68.750 (68.793)	Acc@5 85.938 (91.584)
 * Acc@1 68.703 Acc@5 91.453
epoch 22, total time 51.79
Test: [0/94]	Time 0.153 (0.153)	Loss 1.4951 (1.4951)	Acc@1 65.625 (65.625)	Acc@5 84.375 (84.375)
 * Acc@1 61.500 Acc@5 87.467
==> training...
Epoch: [23][0/468]	Time 0.418 (0.418)	Data 0.350 (0.350)	Loss 0.9619 (0.9619)	Acc@1 70.312 (70.312)	Acc@5 90.625 (90.625)
Epoch: [23][100/468]	Time 0.109 (0.114)	Data 0.002 (0.006)	Loss 0.9725 (1.0013)	Acc@1 68.750 (70.483)	Acc@5 96.875 (92.868)
Epoch: [23][200/468]	Time 0.110 (0.112)	Data 0.002 (0.004)	Loss 1.2542 (1.0351)	Acc@1 57.812 (69.862)	Acc@5 89.062 (92.320)
Epoch: [23][300/468]	Time 0.110 (0.111)	Data 0.002 (0.003)	Loss 1.1915 (1.0479)	Acc@1 60.938 (69.466)	Acc@5 90.625 (92.021)
Epoch: [23][400/468]	Time 0.110 (0.111)	Data 0.002 (0.003)	Loss 0.9691 (1.0565)	Acc@1 67.188 (69.350)	Acc@5 96.875 (91.817)
 * Acc@1 69.354 Acc@5 91.760
epoch 23, total time 52.05
Test: [0/94]	Time 0.173 (0.173)	Loss 1.2595 (1.2595)	Acc@1 59.375 (59.375)	Acc@5 90.625 (90.625)
 * Acc@1 64.767 Acc@5 88.833
==> training...
Epoch: [24][0/468]	Time 0.407 (0.407)	Data 0.342 (0.342)	Loss 1.0415 (1.0415)	Acc@1 71.875 (71.875)	Acc@5 93.750 (93.750)
Epoch: [24][100/468]	Time 0.110 (0.113)	Data 0.002 (0.006)	Loss 0.8577 (1.0051)	Acc@1 79.688 (71.024)	Acc@5 96.875 (93.069)
Epoch: [24][200/468]	Time 0.111 (0.112)	Data 0.002 (0.004)	Loss 0.7391 (1.0226)	Acc@1 75.000 (70.414)	Acc@5 96.875 (92.576)
Epoch: [24][300/468]	Time 0.109 (0.111)	Data 0.002 (0.003)	Loss 1.5141 (1.0278)	Acc@1 56.250 (70.193)	Acc@5 79.688 (92.515)
Epoch: [24][400/468]	Time 0.110 (0.111)	Data 0.002 (0.003)	Loss 1.2208 (1.0375)	Acc@1 65.625 (69.907)	Acc@5 93.750 (92.297)
 * Acc@1 69.748 Acc@5 92.144
epoch 24, total time 51.89
Test: [0/94]	Time 0.155 (0.155)	Loss 1.2122 (1.2122)	Acc@1 62.500 (62.500)	Acc@5 90.625 (90.625)
 * Acc@1 64.167 Acc@5 88.833
==> training...
Epoch: [25][0/468]	Time 0.407 (0.407)	Data 0.341 (0.341)	Loss 0.6855 (0.6855)	Acc@1 82.812 (82.812)	Acc@5 95.312 (95.312)
Epoch: [25][100/468]	Time 0.110 (0.113)	Data 0.002 (0.006)	Loss 0.9979 (0.9376)	Acc@1 70.312 (72.912)	Acc@5 95.312 (93.781)
Epoch: [25][200/468]	Time 0.111 (0.112)	Data 0.002 (0.004)	Loss 0.9259 (0.9861)	Acc@1 76.562 (71.447)	Acc@5 95.312 (93.089)
Epoch: [25][300/468]	Time 0.111 (0.111)	Data 0.002 (0.003)	Loss 1.1237 (1.0135)	Acc@1 68.750 (70.754)	Acc@5 92.188 (92.499)
Epoch: [25][400/468]	Time 0.110 (0.111)	Data 0.002 (0.003)	Loss 1.3755 (1.0338)	Acc@1 60.938 (70.277)	Acc@5 85.938 (92.347)
 * Acc@1 70.366 Acc@5 92.294
epoch 25, total time 51.88
Test: [0/94]	Time 0.156 (0.156)	Loss 1.2060 (1.2060)	Acc@1 78.125 (78.125)	Acc@5 93.750 (93.750)
 * Acc@1 63.267 Acc@5 89.167
==> training...
Epoch: [26][0/468]	Time 0.392 (0.392)	Data 0.330 (0.330)	Loss 1.1991 (1.1991)	Acc@1 71.875 (71.875)	Acc@5 85.938 (85.938)
Epoch: [26][100/468]	Time 0.110 (0.113)	Data 0.002 (0.006)	Loss 0.9012 (0.8877)	Acc@1 79.688 (74.180)	Acc@5 93.750 (93.967)
Epoch: [26][200/468]	Time 0.110 (0.112)	Data 0.002 (0.004)	Loss 0.9950 (0.9444)	Acc@1 70.312 (72.839)	Acc@5 96.875 (93.190)
Epoch: [26][300/468]	Time 0.109 (0.111)	Data 0.002 (0.003)	Loss 1.2049 (0.9734)	Acc@1 60.938 (71.626)	Acc@5 92.188 (93.028)
Epoch: [26][400/468]	Time 0.110 (0.111)	Data 0.002 (0.003)	Loss 1.4523 (0.9891)	Acc@1 64.062 (71.193)	Acc@5 85.938 (92.854)
 * Acc@1 70.967 Acc@5 92.722
epoch 26, total time 51.91
Test: [0/94]	Time 0.168 (0.168)	Loss 1.1527 (1.1527)	Acc@1 65.625 (65.625)	Acc@5 93.750 (93.750)
 * Acc@1 63.700 Acc@5 87.933
==> training...
Epoch: [27][0/468]	Time 0.406 (0.406)	Data 0.342 (0.342)	Loss 0.7669 (0.7669)	Acc@1 76.562 (76.562)	Acc@5 92.188 (92.188)
Epoch: [27][100/468]	Time 0.110 (0.113)	Data 0.002 (0.006)	Loss 0.8528 (0.9288)	Acc@1 70.312 (72.695)	Acc@5 95.312 (93.487)
Epoch: [27][200/468]	Time 0.110 (0.111)	Data 0.002 (0.004)	Loss 0.8638 (0.9419)	Acc@1 76.562 (72.450)	Acc@5 95.312 (93.361)
Epoch: [27][300/468]	Time 0.110 (0.111)	Data 0.002 (0.003)	Loss 0.8285 (0.9665)	Acc@1 73.438 (71.906)	Acc@5 93.750 (92.971)
Epoch: [27][400/468]	Time 0.110 (0.111)	Data 0.002 (0.003)	Loss 1.0882 (0.9842)	Acc@1 71.875 (71.520)	Acc@5 87.500 (92.772)
 * Acc@1 71.297 Acc@5 92.581
epoch 27, total time 51.81
Test: [0/94]	Time 0.154 (0.154)	Loss 1.2205 (1.2205)	Acc@1 75.000 (75.000)	Acc@5 93.750 (93.750)
 * Acc@1 65.167 Acc@5 87.800
==> training...
Epoch: [28][0/468]	Time 0.414 (0.414)	Data 0.350 (0.350)	Loss 0.9631 (0.9631)	Acc@1 73.438 (73.438)	Acc@5 93.750 (93.750)
Epoch: [28][100/468]	Time 0.110 (0.114)	Data 0.002 (0.006)	Loss 0.7708 (0.9310)	Acc@1 81.250 (73.004)	Acc@5 95.312 (93.626)
Epoch: [28][200/468]	Time 0.112 (0.112)	Data 0.002 (0.004)	Loss 1.1360 (0.9452)	Acc@1 67.188 (72.598)	Acc@5 90.625 (93.245)
Epoch: [28][300/468]	Time 0.110 (0.111)	Data 0.002 (0.003)	Loss 0.8684 (0.9537)	Acc@1 68.750 (72.384)	Acc@5 95.312 (93.158)
Epoch: [28][400/468]	Time 0.110 (0.111)	Data 0.002 (0.003)	Loss 0.9259 (0.9611)	Acc@1 73.438 (72.058)	Acc@5 95.312 (93.080)
 * Acc@1 71.651 Acc@5 93.002
epoch 28, total time 52.02
Test: [0/94]	Time 0.155 (0.155)	Loss 1.2358 (1.2358)	Acc@1 71.875 (71.875)	Acc@5 84.375 (84.375)
 * Acc@1 64.600 Acc@5 88.000
==> training...
Epoch: [29][0/468]	Time 0.414 (0.414)	Data 0.351 (0.351)	Loss 0.8313 (0.8313)	Acc@1 73.438 (73.438)	Acc@5 95.312 (95.312)
Epoch: [29][100/468]	Time 0.111 (0.113)	Data 0.002 (0.006)	Loss 0.9380 (0.8866)	Acc@1 75.000 (74.288)	Acc@5 93.750 (94.121)
Epoch: [29][200/468]	Time 0.110 (0.112)	Data 0.002 (0.004)	Loss 0.7801 (0.9136)	Acc@1 71.875 (73.453)	Acc@5 93.750 (93.657)
Epoch: [29][300/468]	Time 0.110 (0.111)	Data 0.002 (0.003)	Loss 1.1366 (0.9418)	Acc@1 70.312 (72.539)	Acc@5 90.625 (93.283)
Epoch: [29][400/468]	Time 0.110 (0.111)	Data 0.002 (0.003)	Loss 0.8938 (0.9621)	Acc@1 67.188 (72.117)	Acc@5 95.312 (93.189)
 * Acc@1 71.972 Acc@5 93.116
epoch 29, total time 51.88
Test: [0/94]	Time 0.160 (0.160)	Loss 1.0939 (1.0939)	Acc@1 78.125 (78.125)	Acc@5 90.625 (90.625)
 * Acc@1 64.267 Acc@5 88.633
==> training...
Epoch: [30][0/468]	Time 0.415 (0.415)	Data 0.352 (0.352)	Loss 0.6846 (0.6846)	Acc@1 79.688 (79.688)	Acc@5 98.438 (98.438)
Epoch: [30][100/468]	Time 0.111 (0.115)	Data 0.002 (0.006)	Loss 1.2294 (0.8698)	Acc@1 62.500 (74.319)	Acc@5 87.500 (94.307)
Epoch: [30][200/468]	Time 0.110 (0.113)	Data 0.002 (0.004)	Loss 0.7978 (0.8962)	Acc@1 73.438 (73.663)	Acc@5 90.625 (94.022)
Epoch: [30][300/468]	Time 0.110 (0.112)	Data 0.002 (0.003)	Loss 1.1718 (0.9206)	Acc@1 73.438 (73.053)	Acc@5 90.625 (93.667)
Epoch: [30][400/468]	Time 0.110 (0.111)	Data 0.002 (0.003)	Loss 0.7950 (0.9446)	Acc@1 78.125 (72.409)	Acc@5 95.312 (93.466)
 * Acc@1 72.276 Acc@5 93.359
epoch 30, total time 52.13
Test: [0/94]	Time 0.167 (0.167)	Loss 1.1059 (1.1059)	Acc@1 68.750 (68.750)	Acc@5 87.500 (87.500)
 * Acc@1 64.400 Acc@5 88.567
==> training...
Epoch: [31][0/468]	Time 0.414 (0.414)	Data 0.346 (0.346)	Loss 1.0166 (1.0166)	Acc@1 71.875 (71.875)	Acc@5 93.750 (93.750)
Epoch: [31][100/468]	Time 0.111 (0.114)	Data 0.002 (0.006)	Loss 1.0285 (0.8727)	Acc@1 70.312 (74.428)	Acc@5 93.750 (94.338)
Epoch: [31][200/468]	Time 0.112 (0.112)	Data 0.002 (0.004)	Loss 0.7072 (0.9114)	Acc@1 79.688 (73.266)	Acc@5 95.312 (93.898)
Epoch: [31][300/468]	Time 0.111 (0.111)	Data 0.002 (0.004)	Loss 0.8482 (0.9159)	Acc@1 79.688 (73.318)	Acc@5 90.625 (93.786)
Epoch: [31][400/468]	Time 0.110 (0.111)	Data 0.002 (0.003)	Loss 1.2199 (0.9272)	Acc@1 65.625 (72.997)	Acc@5 93.750 (93.633)
 * Acc@1 72.837 Acc@5 93.483
epoch 31, total time 51.98
Test: [0/94]	Time 0.153 (0.153)	Loss 1.2642 (1.2642)	Acc@1 68.750 (68.750)	Acc@5 90.625 (90.625)
 * Acc@1 65.400 Acc@5 89.067
==> training...
Epoch: [32][0/468]	Time 0.423 (0.423)	Data 0.358 (0.358)	Loss 0.9714 (0.9714)	Acc@1 67.188 (67.188)	Acc@5 95.312 (95.312)
Epoch: [32][100/468]	Time 0.110 (0.113)	Data 0.002 (0.006)	Loss 0.9354 (0.8530)	Acc@1 75.000 (74.134)	Acc@5 90.625 (94.291)
Epoch: [32][200/468]	Time 0.110 (0.112)	Data 0.002 (0.004)	Loss 0.6997 (0.8806)	Acc@1 78.125 (73.834)	Acc@5 96.875 (93.952)
Epoch: [32][300/468]	Time 0.110 (0.111)	Data 0.002 (0.003)	Loss 1.1828 (0.9022)	Acc@1 70.312 (73.609)	Acc@5 89.062 (93.719)
Epoch: [32][400/468]	Time 0.110 (0.111)	Data 0.002 (0.003)	Loss 0.7062 (0.9189)	Acc@1 78.125 (73.235)	Acc@5 96.875 (93.633)
 * Acc@1 73.067 Acc@5 93.503
epoch 32, total time 51.86
Test: [0/94]	Time 0.156 (0.156)	Loss 1.3393 (1.3393)	Acc@1 65.625 (65.625)	Acc@5 96.875 (96.875)
 * Acc@1 62.967 Acc@5 87.833
==> training...
Epoch: [33][0/468]	Time 0.399 (0.399)	Data 0.334 (0.334)	Loss 0.9319 (0.9319)	Acc@1 71.875 (71.875)	Acc@5 93.750 (93.750)
Epoch: [33][100/468]	Time 0.111 (0.113)	Data 0.002 (0.006)	Loss 0.8027 (0.8493)	Acc@1 78.125 (75.232)	Acc@5 95.312 (94.694)
Epoch: [33][200/468]	Time 0.110 (0.112)	Data 0.002 (0.004)	Loss 0.9282 (0.8674)	Acc@1 76.562 (74.347)	Acc@5 93.750 (94.512)
Epoch: [33][300/468]	Time 0.111 (0.111)	Data 0.002 (0.003)	Loss 1.3528 (0.8931)	Acc@1 59.375 (73.650)	Acc@5 89.062 (94.087)
Epoch: [33][400/468]	Time 0.110 (0.111)	Data 0.002 (0.003)	Loss 0.9124 (0.9064)	Acc@1 68.750 (73.473)	Acc@5 96.875 (93.851)
 * Acc@1 73.434 Acc@5 93.860
epoch 33, total time 51.95
Test: [0/94]	Time 0.153 (0.153)	Loss 0.9860 (0.9860)	Acc@1 68.750 (68.750)	Acc@5 93.750 (93.750)
 * Acc@1 66.300 Acc@5 88.767
==> training...
Epoch: [34][0/468]	Time 0.408 (0.408)	Data 0.344 (0.344)	Loss 0.7467 (0.7467)	Acc@1 75.000 (75.000)	Acc@5 98.438 (98.438)
Epoch: [34][100/468]	Time 0.110 (0.114)	Data 0.002 (0.006)	Loss 0.7848 (0.8370)	Acc@1 76.562 (75.340)	Acc@5 95.312 (95.158)
Epoch: [34][200/468]	Time 0.113 (0.112)	Data 0.002 (0.004)	Loss 0.7471 (0.8600)	Acc@1 79.688 (75.016)	Acc@5 95.312 (94.691)
Epoch: [34][300/468]	Time 0.110 (0.112)	Data 0.002 (0.003)	Loss 1.0763 (0.8861)	Acc@1 70.312 (74.102)	Acc@5 90.625 (94.383)
Epoch: [34][400/468]	Time 0.110 (0.111)	Data 0.002 (0.003)	Loss 0.7402 (0.9060)	Acc@1 78.125 (73.496)	Acc@5 95.312 (94.136)
 * Acc@1 73.184 Acc@5 94.030
epoch 34, total time 52.07
Test: [0/94]	Time 0.157 (0.157)	Loss 1.1488 (1.1488)	Acc@1 68.750 (68.750)	Acc@5 87.500 (87.500)
 * Acc@1 63.600 Acc@5 88.233
==> training...
Epoch: [35][0/468]	Time 0.451 (0.451)	Data 0.383 (0.383)	Loss 0.7156 (0.7156)	Acc@1 82.812 (82.812)	Acc@5 98.438 (98.438)
Epoch: [35][100/468]	Time 0.110 (0.115)	Data 0.002 (0.007)	Loss 0.9664 (0.8115)	Acc@1 70.312 (75.774)	Acc@5 90.625 (95.065)
Epoch: [35][200/468]	Time 0.110 (0.113)	Data 0.002 (0.005)	Loss 0.5698 (0.8592)	Acc@1 81.250 (74.728)	Acc@5 95.312 (94.372)
Epoch: [35][300/468]	Time 0.110 (0.112)	Data 0.002 (0.004)	Loss 0.7613 (0.8756)	Acc@1 79.688 (74.299)	Acc@5 95.312 (94.165)
Epoch: [35][400/468]	Time 0.111 (0.112)	Data 0.002 (0.004)	Loss 0.8460 (0.8953)	Acc@1 73.438 (73.679)	Acc@5 100.000 (94.031)
 * Acc@1 73.504 Acc@5 93.944
epoch 35, total time 52.29
Test: [0/94]	Time 0.154 (0.154)	Loss 1.4267 (1.4267)	Acc@1 56.250 (56.250)	Acc@5 90.625 (90.625)
 * Acc@1 66.133 Acc@5 88.567
==> training...
Epoch: [36][0/468]	Time 0.401 (0.401)	Data 0.338 (0.338)	Loss 0.7441 (0.7441)	Acc@1 81.250 (81.250)	Acc@5 93.750 (93.750)
Epoch: [36][100/468]	Time 0.110 (0.114)	Data 0.002 (0.006)	Loss 0.7780 (0.7899)	Acc@1 79.688 (76.501)	Acc@5 95.312 (95.343)
Epoch: [36][200/468]	Time 0.109 (0.112)	Data 0.002 (0.004)	Loss 1.0764 (0.8322)	Acc@1 67.188 (75.498)	Acc@5 89.062 (94.815)
Epoch: [36][300/468]	Time 0.110 (0.111)	Data 0.002 (0.004)	Loss 0.7714 (0.8550)	Acc@1 76.562 (74.766)	Acc@5 96.875 (94.586)
Epoch: [36][400/468]	Time 0.132 (0.111)	Data 0.002 (0.003)	Loss 0.9176 (0.8710)	Acc@1 75.000 (74.236)	Acc@5 95.312 (94.381)
 * Acc@1 73.848 Acc@5 94.288
epoch 36, total time 52.02
Test: [0/94]	Time 0.161 (0.161)	Loss 1.6190 (1.6190)	Acc@1 68.750 (68.750)	Acc@5 84.375 (84.375)
 * Acc@1 66.000 Acc@5 88.967
==> training...
Epoch: [37][0/468]	Time 0.397 (0.397)	Data 0.334 (0.334)	Loss 0.7331 (0.7331)	Acc@1 79.688 (79.688)	Acc@5 98.438 (98.438)
Epoch: [37][100/468]	Time 0.110 (0.113)	Data 0.002 (0.006)	Loss 0.8547 (0.8392)	Acc@1 65.625 (75.248)	Acc@5 95.312 (95.173)
Epoch: [37][200/468]	Time 0.110 (0.112)	Data 0.002 (0.004)	Loss 0.8592 (0.8579)	Acc@1 71.875 (74.705)	Acc@5 95.312 (94.784)
Epoch: [37][300/468]	Time 0.111 (0.111)	Data 0.002 (0.003)	Loss 0.8345 (0.8653)	Acc@1 71.875 (74.398)	Acc@5 96.875 (94.513)
Epoch: [37][400/468]	Time 0.110 (0.111)	Data 0.002 (0.003)	Loss 0.7881 (0.8734)	Acc@1 73.438 (74.151)	Acc@5 96.875 (94.366)
 * Acc@1 73.895 Acc@5 94.227
epoch 37, total time 51.93
Test: [0/94]	Time 0.161 (0.161)	Loss 1.0687 (1.0687)	Acc@1 68.750 (68.750)	Acc@5 93.750 (93.750)
 * Acc@1 65.933 Acc@5 89.900
==> training...
Epoch: [38][0/468]	Time 0.401 (0.401)	Data 0.336 (0.336)	Loss 0.7121 (0.7121)	Acc@1 82.812 (82.812)	Acc@5 98.438 (98.438)
Epoch: [38][100/468]	Time 0.111 (0.113)	Data 0.002 (0.006)	Loss 0.7722 (0.7637)	Acc@1 76.562 (77.351)	Acc@5 93.750 (95.514)
Epoch: [38][200/468]	Time 0.110 (0.112)	Data 0.002 (0.004)	Loss 0.6018 (0.8122)	Acc@1 87.500 (75.979)	Acc@5 95.312 (95.103)
Epoch: [38][300/468]	Time 0.110 (0.111)	Data 0.002 (0.004)	Loss 1.0568 (0.8374)	Acc@1 70.312 (75.135)	Acc@5 95.312 (94.814)
Epoch: [38][400/468]	Time 0.109 (0.111)	Data 0.002 (0.003)	Loss 0.6727 (0.8485)	Acc@1 78.125 (74.821)	Acc@5 95.312 (94.584)
 * Acc@1 74.262 Acc@5 94.251
epoch 38, total time 51.97
Test: [0/94]	Time 0.150 (0.150)	Loss 1.4420 (1.4420)	Acc@1 62.500 (62.500)	Acc@5 90.625 (90.625)
 * Acc@1 65.067 Acc@5 88.100
==> training...
Epoch: [39][0/468]	Time 0.397 (0.397)	Data 0.334 (0.334)	Loss 0.5952 (0.5952)	Acc@1 87.500 (87.500)	Acc@5 96.875 (96.875)
Epoch: [39][100/468]	Time 0.110 (0.113)	Data 0.002 (0.006)	Loss 0.9479 (0.8041)	Acc@1 75.000 (76.377)	Acc@5 92.188 (95.142)
Epoch: [39][200/468]	Time 0.110 (0.112)	Data 0.002 (0.004)	Loss 0.9638 (0.8330)	Acc@1 71.875 (75.404)	Acc@5 95.312 (94.877)
Epoch: [39][300/468]	Time 0.111 (0.111)	Data 0.002 (0.003)	Loss 0.9884 (0.8446)	Acc@1 76.562 (75.161)	Acc@5 92.188 (94.555)
Epoch: [39][400/468]	Time 0.110 (0.111)	Data 0.002 (0.003)	Loss 1.0424 (0.8573)	Acc@1 71.875 (74.805)	Acc@5 93.750 (94.502)
 * Acc@1 74.616 Acc@5 94.371
epoch 39, total time 51.98
Test: [0/94]	Time 0.181 (0.181)	Loss 0.8820 (0.8820)	Acc@1 81.250 (81.250)	Acc@5 93.750 (93.750)
 * Acc@1 67.733 Acc@5 89.500
==> training...
Epoch: [40][0/468]	Time 0.419 (0.419)	Data 0.354 (0.354)	Loss 0.7253 (0.7253)	Acc@1 81.250 (81.250)	Acc@5 93.750 (93.750)
Epoch: [40][100/468]	Time 0.111 (0.114)	Data 0.002 (0.006)	Loss 0.7953 (0.7679)	Acc@1 75.000 (77.429)	Acc@5 95.312 (95.204)
Epoch: [40][200/468]	Time 0.110 (0.112)	Data 0.002 (0.004)	Loss 0.8693 (0.7994)	Acc@1 75.000 (76.415)	Acc@5 95.312 (95.025)
Epoch: [40][300/468]	Time 0.110 (0.111)	Data 0.002 (0.003)	Loss 0.7568 (0.8271)	Acc@1 78.125 (75.690)	Acc@5 95.312 (94.741)
Epoch: [40][400/468]	Time 0.110 (0.111)	Data 0.002 (0.003)	Loss 1.1746 (0.8413)	Acc@1 64.062 (75.261)	Acc@5 89.062 (94.553)
 * Acc@1 75.003 Acc@5 94.481
epoch 40, total time 51.97
Test: [0/94]	Time 0.154 (0.154)	Loss 1.0552 (1.0552)	Acc@1 78.125 (78.125)	Acc@5 90.625 (90.625)
 * Acc@1 62.700 Acc@5 88.933
==> training...
Epoch: [41][0/468]	Time 0.410 (0.410)	Data 0.344 (0.344)	Loss 1.0210 (1.0210)	Acc@1 70.312 (70.312)	Acc@5 87.500 (87.500)
Epoch: [41][100/468]	Time 0.111 (0.114)	Data 0.002 (0.006)	Loss 0.9560 (0.8132)	Acc@1 71.875 (75.913)	Acc@5 93.750 (95.065)
Epoch: [41][200/468]	Time 0.111 (0.112)	Data 0.002 (0.004)	Loss 0.6108 (0.8266)	Acc@1 82.812 (75.326)	Acc@5 100.000 (95.079)
Epoch: [41][300/468]	Time 0.110 (0.112)	Data 0.002 (0.003)	Loss 1.0045 (0.8395)	Acc@1 76.562 (75.197)	Acc@5 90.625 (94.695)
Epoch: [41][400/468]	Time 0.110 (0.111)	Data 0.002 (0.003)	Loss 0.8566 (0.8474)	Acc@1 75.000 (75.164)	Acc@5 100.000 (94.522)
 * Acc@1 75.067 Acc@5 94.461
epoch 41, total time 52.18
Test: [0/94]	Time 0.155 (0.155)	Loss 1.3788 (1.3788)	Acc@1 71.875 (71.875)	Acc@5 90.625 (90.625)
 * Acc@1 67.433 Acc@5 89.567
==> training...
Epoch: [42][0/468]	Time 0.415 (0.415)	Data 0.348 (0.348)	Loss 0.7100 (0.7100)	Acc@1 79.688 (79.688)	Acc@5 98.438 (98.438)
Epoch: [42][100/468]	Time 0.110 (0.114)	Data 0.002 (0.006)	Loss 0.8044 (0.7442)	Acc@1 71.875 (78.218)	Acc@5 95.312 (95.606)
Epoch: [42][200/468]	Time 0.110 (0.112)	Data 0.002 (0.004)	Loss 0.7478 (0.7853)	Acc@1 79.688 (76.936)	Acc@5 96.875 (95.064)
Epoch: [42][300/468]	Time 0.110 (0.111)	Data 0.002 (0.003)	Loss 1.0512 (0.8053)	Acc@1 68.750 (76.495)	Acc@5 95.312 (94.871)
Epoch: [42][400/468]	Time 0.110 (0.111)	Data 0.002 (0.003)	Loss 0.8516 (0.8259)	Acc@1 70.312 (75.857)	Acc@5 98.438 (94.646)
 * Acc@1 75.454 Acc@5 94.515
epoch 42, total time 52.04
Test: [0/94]	Time 0.159 (0.159)	Loss 1.8424 (1.8424)	Acc@1 71.875 (71.875)	Acc@5 81.250 (81.250)
 * Acc@1 63.867 Acc@5 87.533
==> training...
Epoch: [43][0/468]	Time 0.405 (0.405)	Data 0.340 (0.340)	Loss 0.6860 (0.6860)	Acc@1 82.812 (82.812)	Acc@5 96.875 (96.875)
Epoch: [43][100/468]	Time 0.110 (0.113)	Data 0.002 (0.006)	Loss 0.7307 (0.7657)	Acc@1 75.000 (77.413)	Acc@5 96.875 (95.266)
Epoch: [43][200/468]	Time 0.112 (0.112)	Data 0.002 (0.004)	Loss 1.1066 (0.7677)	Acc@1 64.062 (77.021)	Acc@5 92.188 (95.491)
Epoch: [43][300/468]	Time 0.111 (0.112)	Data 0.002 (0.003)	Loss 0.8433 (0.7978)	Acc@1 73.438 (76.443)	Acc@5 92.188 (95.172)
Epoch: [43][400/468]	Time 0.110 (0.112)	Data 0.002 (0.003)	Loss 0.8487 (0.8256)	Acc@1 76.562 (75.756)	Acc@5 96.875 (94.829)
 * Acc@1 75.504 Acc@5 94.728
epoch 43, total time 52.18
Test: [0/94]	Time 0.157 (0.157)	Loss 1.2926 (1.2926)	Acc@1 65.625 (65.625)	Acc@5 84.375 (84.375)
 * Acc@1 61.067 Acc@5 86.900
==> training...
Epoch: [44][0/468]	Time 0.407 (0.407)	Data 0.341 (0.341)	Loss 0.9435 (0.9435)	Acc@1 76.562 (76.562)	Acc@5 93.750 (93.750)
Epoch: [44][100/468]	Time 0.111 (0.114)	Data 0.002 (0.006)	Loss 0.8127 (0.7727)	Acc@1 78.125 (76.810)	Acc@5 98.438 (95.498)
Epoch: [44][200/468]	Time 0.110 (0.112)	Data 0.002 (0.004)	Loss 1.1783 (0.7955)	Acc@1 70.312 (76.267)	Acc@5 92.188 (95.328)
Epoch: [44][300/468]	Time 0.111 (0.112)	Data 0.002 (0.003)	Loss 0.6603 (0.8115)	Acc@1 78.125 (75.831)	Acc@5 96.875 (95.126)
Epoch: [44][400/468]	Time 0.110 (0.111)	Data 0.002 (0.003)	Loss 0.8016 (0.8261)	Acc@1 71.875 (75.584)	Acc@5 93.750 (94.880)
 * Acc@1 75.441 Acc@5 94.855
epoch 44, total time 52.08
Test: [0/94]	Time 0.168 (0.168)	Loss 1.4034 (1.4034)	Acc@1 62.500 (62.500)	Acc@5 87.500 (87.500)
 * Acc@1 65.400 Acc@5 87.900
==> training...
Epoch: [45][0/468]	Time 0.404 (0.404)	Data 0.339 (0.339)	Loss 0.6160 (0.6160)	Acc@1 76.562 (76.562)	Acc@5 96.875 (96.875)
Epoch: [45][100/468]	Time 0.111 (0.115)	Data 0.002 (0.007)	Loss 0.5941 (0.7719)	Acc@1 81.250 (77.027)	Acc@5 98.438 (95.575)
Epoch: [45][200/468]	Time 0.110 (0.113)	Data 0.002 (0.005)	Loss 0.6829 (0.7836)	Acc@1 79.688 (76.687)	Acc@5 95.312 (95.398)
Epoch: [45][300/468]	Time 0.111 (0.112)	Data 0.002 (0.004)	Loss 0.7452 (0.8169)	Acc@1 75.000 (75.555)	Acc@5 95.312 (95.172)
Epoch: [45][400/468]	Time 0.111 (0.112)	Data 0.002 (0.004)	Loss 0.9170 (0.8219)	Acc@1 79.688 (75.553)	Acc@5 89.062 (94.958)
 * Acc@1 75.314 Acc@5 94.778
epoch 45, total time 52.23
Test: [0/94]	Time 0.155 (0.155)	Loss 1.0666 (1.0666)	Acc@1 65.625 (65.625)	Acc@5 96.875 (96.875)
 * Acc@1 65.333 Acc@5 88.800
==> training...
Epoch: [46][0/468]	Time 0.404 (0.404)	Data 0.338 (0.338)	Loss 0.5745 (0.5745)	Acc@1 81.250 (81.250)	Acc@5 98.438 (98.438)
Epoch: [46][100/468]	Time 0.111 (0.114)	Data 0.002 (0.006)	Loss 0.6254 (0.7498)	Acc@1 78.125 (77.877)	Acc@5 96.875 (95.591)
Epoch: [46][200/468]	Time 0.110 (0.112)	Data 0.002 (0.004)	Loss 1.0065 (0.7888)	Acc@1 70.312 (76.842)	Acc@5 92.188 (95.258)
Epoch: [46][300/468]	Time 0.111 (0.112)	Data 0.002 (0.004)	Loss 0.8838 (0.8145)	Acc@1 78.125 (76.033)	Acc@5 90.625 (94.934)
Epoch: [46][400/468]	Time 0.111 (0.111)	Data 0.002 (0.003)	Loss 0.8107 (0.8165)	Acc@1 79.688 (76.036)	Acc@5 89.062 (94.825)
 * Acc@1 75.758 Acc@5 94.768
epoch 46, total time 52.14
Test: [0/94]	Time 0.166 (0.166)	Loss 1.7916 (1.7916)	Acc@1 56.250 (56.250)	Acc@5 84.375 (84.375)
 * Acc@1 63.233 Acc@5 87.367
==> training...
Epoch: [47][0/468]	Time 0.426 (0.426)	Data 0.357 (0.357)	Loss 0.9413 (0.9413)	Acc@1 73.438 (73.438)	Acc@5 90.625 (90.625)
Epoch: [47][100/468]	Time 0.110 (0.114)	Data 0.002 (0.006)	Loss 0.8586 (0.7765)	Acc@1 73.438 (76.655)	Acc@5 96.875 (95.715)
Epoch: [47][200/468]	Time 0.110 (0.112)	Data 0.002 (0.004)	Loss 0.7582 (0.7927)	Acc@1 79.688 (76.112)	Acc@5 92.188 (95.375)
Epoch: [47][300/468]	Time 0.110 (0.112)	Data 0.002 (0.003)	Loss 0.7393 (0.8061)	Acc@1 82.812 (76.017)	Acc@5 96.875 (95.162)
Epoch: [47][400/468]	Time 0.109 (0.111)	Data 0.002 (0.003)	Loss 0.9884 (0.8221)	Acc@1 73.438 (75.573)	Acc@5 93.750 (95.075)
 * Acc@1 75.487 Acc@5 95.019
epoch 47, total time 52.04
Test: [0/94]	Time 0.188 (0.188)	Loss 1.7885 (1.7885)	Acc@1 59.375 (59.375)	Acc@5 84.375 (84.375)
 * Acc@1 65.167 Acc@5 88.633
==> training...
Epoch: [48][0/468]	Time 0.395 (0.395)	Data 0.331 (0.331)	Loss 0.9009 (0.9009)	Acc@1 73.438 (73.438)	Acc@5 92.188 (92.188)
Epoch: [48][100/468]	Time 0.110 (0.114)	Data 0.002 (0.006)	Loss 0.6149 (0.7332)	Acc@1 76.562 (78.094)	Acc@5 98.438 (96.071)
Epoch: [48][200/468]	Time 0.110 (0.112)	Data 0.002 (0.004)	Loss 1.0676 (0.7498)	Acc@1 68.750 (77.332)	Acc@5 98.438 (95.981)
Epoch: [48][300/468]	Time 0.109 (0.112)	Data 0.002 (0.003)	Loss 0.8390 (0.7864)	Acc@1 73.438 (76.516)	Acc@5 95.312 (95.479)
Epoch: [48][400/468]	Time 0.112 (0.111)	Data 0.002 (0.003)	Loss 1.0315 (0.8090)	Acc@1 70.312 (76.091)	Acc@5 89.062 (95.098)
 * Acc@1 75.861 Acc@5 95.082
epoch 48, total time 52.13
Test: [0/94]	Time 0.158 (0.158)	Loss 1.6890 (1.6890)	Acc@1 62.500 (62.500)	Acc@5 84.375 (84.375)
 * Acc@1 61.367 Acc@5 87.767
==> training...
Epoch: [49][0/468]	Time 0.398 (0.398)	Data 0.330 (0.330)	Loss 0.4901 (0.4901)	Acc@1 85.938 (85.938)	Acc@5 96.875 (96.875)
Epoch: [49][100/468]	Time 0.111 (0.114)	Data 0.002 (0.006)	Loss 0.7885 (0.6861)	Acc@1 75.000 (80.121)	Acc@5 92.188 (96.225)
Epoch: [49][200/468]	Time 0.110 (0.112)	Data 0.002 (0.004)	Loss 0.6955 (0.7281)	Acc@1 79.688 (78.778)	Acc@5 92.188 (95.802)
Epoch: [49][300/468]	Time 0.109 (0.112)	Data 0.002 (0.003)	Loss 1.0030 (0.7615)	Acc@1 68.750 (77.782)	Acc@5 93.750 (95.546)
Epoch: [49][400/468]	Time 0.111 (0.111)	Data 0.002 (0.003)	Loss 0.7726 (0.7786)	Acc@1 79.688 (77.108)	Acc@5 95.312 (95.375)
 * Acc@1 76.759 Acc@5 95.246
epoch 49, total time 52.16
Test: [0/94]	Time 0.182 (0.182)	Loss 1.8954 (1.8954)	Acc@1 56.250 (56.250)	Acc@5 87.500 (87.500)
 * Acc@1 59.700 Acc@5 85.067
==> training...
Epoch: [50][0/468]	Time 0.455 (0.455)	Data 0.391 (0.391)	Loss 0.7576 (0.7576)	Acc@1 79.688 (79.688)	Acc@5 95.312 (95.312)
Epoch: [50][100/468]	Time 0.111 (0.115)	Data 0.002 (0.006)	Loss 0.8647 (0.7565)	Acc@1 71.875 (77.274)	Acc@5 89.062 (95.282)
Epoch: [50][200/468]	Time 0.111 (0.113)	Data 0.002 (0.004)	Loss 0.8411 (0.7611)	Acc@1 79.688 (76.990)	Acc@5 93.750 (95.538)
Epoch: [50][300/468]	Time 0.111 (0.112)	Data 0.002 (0.004)	Loss 0.7188 (0.7719)	Acc@1 75.000 (76.931)	Acc@5 96.875 (95.463)
Epoch: [50][400/468]	Time 0.111 (0.112)	Data 0.002 (0.003)	Loss 1.0296 (0.8034)	Acc@1 71.875 (76.072)	Acc@5 92.188 (95.059)
 * Acc@1 75.838 Acc@5 94.995
epoch 50, total time 52.22
Test: [0/94]	Time 0.157 (0.157)	Loss 1.6508 (1.6508)	Acc@1 65.625 (65.625)	Acc@5 87.500 (87.500)
 * Acc@1 67.500 Acc@5 89.900
==> training...
Epoch: [51][0/468]	Time 0.392 (0.392)	Data 0.327 (0.327)	Loss 0.6158 (0.6158)	Acc@1 81.250 (81.250)	Acc@5 96.875 (96.875)
Epoch: [51][100/468]	Time 0.111 (0.114)	Data 0.002 (0.006)	Loss 0.8489 (0.7287)	Acc@1 73.438 (78.465)	Acc@5 92.188 (95.962)
Epoch: [51][200/468]	Time 0.111 (0.112)	Data 0.002 (0.004)	Loss 0.7460 (0.7427)	Acc@1 78.125 (78.109)	Acc@5 96.875 (95.849)
Epoch: [51][300/468]	Time 0.111 (0.112)	Data 0.002 (0.003)	Loss 0.8188 (0.7514)	Acc@1 79.688 (77.819)	Acc@5 95.312 (95.800)
Epoch: [51][400/468]	Time 0.110 (0.111)	Data 0.002 (0.003)	Loss 0.9698 (0.7755)	Acc@1 71.875 (77.077)	Acc@5 90.625 (95.531)
 * Acc@1 76.619 Acc@5 95.383
epoch 51, total time 52.11
Test: [0/94]	Time 0.165 (0.165)	Loss 1.3147 (1.3147)	Acc@1 71.875 (71.875)	Acc@5 84.375 (84.375)
 * Acc@1 67.033 Acc@5 89.133
==> training...
Epoch: [52][0/468]	Time 0.403 (0.403)	Data 0.338 (0.338)	Loss 0.6385 (0.6385)	Acc@1 82.812 (82.812)	Acc@5 96.875 (96.875)
Epoch: [52][100/468]	Time 0.113 (0.115)	Data 0.002 (0.006)	Loss 0.6244 (0.7313)	Acc@1 82.812 (77.661)	Acc@5 95.312 (96.179)
Epoch: [52][200/468]	Time 0.112 (0.114)	Data 0.002 (0.004)	Loss 0.6179 (0.7370)	Acc@1 76.562 (77.589)	Acc@5 98.438 (95.965)
Epoch: [52][300/468]	Time 0.112 (0.113)	Data 0.002 (0.003)	Loss 0.5964 (0.7624)	Acc@1 87.500 (76.983)	Acc@5 98.438 (95.598)
Epoch: [52][400/468]	Time 0.109 (0.112)	Data 0.002 (0.003)	Loss 1.0250 (0.7786)	Acc@1 64.062 (76.527)	Acc@5 90.625 (95.398)
 * Acc@1 76.319 Acc@5 95.206
epoch 52, total time 52.59
Test: [0/94]	Time 0.161 (0.161)	Loss 1.1239 (1.1239)	Acc@1 65.625 (65.625)	Acc@5 93.750 (93.750)
 * Acc@1 65.100 Acc@5 89.100
==> training...
Epoch: [53][0/468]	Time 0.402 (0.402)	Data 0.338 (0.338)	Loss 0.6707 (0.6707)	Acc@1 81.250 (81.250)	Acc@5 93.750 (93.750)
Epoch: [53][100/468]	Time 0.111 (0.115)	Data 0.002 (0.007)	Loss 0.7067 (0.6844)	Acc@1 82.812 (79.517)	Acc@5 95.312 (96.519)
Epoch: [53][200/468]	Time 0.111 (0.113)	Data 0.002 (0.004)	Loss 0.8695 (0.7297)	Acc@1 76.562 (78.312)	Acc@5 90.625 (96.152)
Epoch: [53][300/468]	Time 0.111 (0.112)	Data 0.002 (0.004)	Loss 0.6395 (0.7560)	Acc@1 82.812 (77.554)	Acc@5 98.438 (95.707)
Epoch: [53][400/468]	Time 0.111 (0.112)	Data 0.002 (0.003)	Loss 0.7901 (0.7736)	Acc@1 81.250 (77.174)	Acc@5 95.312 (95.461)
 * Acc@1 76.846 Acc@5 95.383
epoch 53, total time 52.41
Test: [0/94]	Time 0.172 (0.172)	Loss 0.8950 (0.8950)	Acc@1 78.125 (78.125)	Acc@5 90.625 (90.625)
 * Acc@1 67.800 Acc@5 90.500
==> training...
Epoch: [54][0/468]	Time 0.402 (0.402)	Data 0.336 (0.336)	Loss 0.7480 (0.7480)	Acc@1 76.562 (76.562)	Acc@5 93.750 (93.750)
Epoch: [54][100/468]	Time 0.111 (0.115)	Data 0.002 (0.006)	Loss 0.8082 (0.7078)	Acc@1 78.125 (78.852)	Acc@5 95.312 (96.024)
Epoch: [54][200/468]	Time 0.111 (0.113)	Data 0.002 (0.004)	Loss 1.2299 (0.7489)	Acc@1 64.062 (77.946)	Acc@5 84.375 (95.631)
Epoch: [54][300/468]	Time 0.111 (0.112)	Data 0.002 (0.004)	Loss 0.5390 (0.7666)	Acc@1 76.562 (77.403)	Acc@5 100.000 (95.577)
Epoch: [54][400/468]	Time 0.111 (0.112)	Data 0.002 (0.003)	Loss 0.9005 (0.7733)	Acc@1 70.312 (77.061)	Acc@5 98.438 (95.464)
 * Acc@1 76.749 Acc@5 95.346
epoch 54, total time 52.35
Test: [0/94]	Time 0.157 (0.157)	Loss 1.2710 (1.2710)	Acc@1 65.625 (65.625)	Acc@5 93.750 (93.750)
 * Acc@1 64.333 Acc@5 89.067
==> training...
Epoch: [55][0/468]	Time 0.398 (0.398)	Data 0.329 (0.329)	Loss 0.8260 (0.8260)	Acc@1 75.000 (75.000)	Acc@5 96.875 (96.875)
Epoch: [55][100/468]	Time 0.111 (0.114)	Data 0.002 (0.006)	Loss 0.6205 (0.6968)	Acc@1 79.688 (78.929)	Acc@5 92.188 (96.334)
Epoch: [55][200/468]	Time 0.111 (0.112)	Data 0.002 (0.004)	Loss 1.0153 (0.7430)	Acc@1 67.188 (77.705)	Acc@5 95.312 (95.833)
Epoch: [55][300/468]	Time 0.111 (0.112)	Data 0.002 (0.003)	Loss 0.9362 (0.7603)	Acc@1 73.438 (77.352)	Acc@5 93.750 (95.546)
Epoch: [55][400/468]	Time 0.110 (0.112)	Data 0.002 (0.003)	Loss 0.7678 (0.7767)	Acc@1 71.875 (76.750)	Acc@5 95.312 (95.445)
 * Acc@1 76.666 Acc@5 95.296
epoch 55, total time 52.22
Test: [0/94]	Time 0.182 (0.182)	Loss 1.0883 (1.0883)	Acc@1 78.125 (78.125)	Acc@5 90.625 (90.625)
 * Acc@1 68.400 Acc@5 89.533
==> training...
Epoch: [56][0/468]	Time 0.393 (0.393)	Data 0.329 (0.329)	Loss 0.4924 (0.4924)	Acc@1 89.062 (89.062)	Acc@5 96.875 (96.875)
Epoch: [56][100/468]	Time 0.111 (0.115)	Data 0.002 (0.006)	Loss 0.7212 (0.6856)	Acc@1 79.688 (79.409)	Acc@5 95.312 (96.287)
Epoch: [56][200/468]	Time 0.111 (0.113)	Data 0.002 (0.004)	Loss 0.8343 (0.7286)	Acc@1 76.562 (78.350)	Acc@5 96.875 (96.012)
Epoch: [56][300/468]	Time 0.110 (0.112)	Data 0.002 (0.003)	Loss 0.5229 (0.7537)	Acc@1 82.812 (77.642)	Acc@5 96.875 (95.749)
Epoch: [56][400/468]	Time 0.111 (0.112)	Data 0.002 (0.003)	Loss 0.7596 (0.7651)	Acc@1 76.562 (77.279)	Acc@5 93.750 (95.671)
 * Acc@1 77.010 Acc@5 95.546
epoch 56, total time 52.31
Test: [0/94]	Time 0.157 (0.157)	Loss 1.3687 (1.3687)	Acc@1 65.625 (65.625)	Acc@5 90.625 (90.625)
 * Acc@1 64.967 Acc@5 90.300
==> training...
Epoch: [57][0/468]	Time 0.398 (0.398)	Data 0.330 (0.330)	Loss 0.6470 (0.6470)	Acc@1 78.125 (78.125)	Acc@5 96.875 (96.875)
Epoch: [57][100/468]	Time 0.111 (0.114)	Data 0.002 (0.006)	Loss 0.6813 (0.6793)	Acc@1 78.125 (79.718)	Acc@5 96.875 (96.627)
Epoch: [57][200/468]	Time 0.111 (0.112)	Data 0.002 (0.004)	Loss 0.8047 (0.7068)	Acc@1 73.438 (79.089)	Acc@5 92.188 (96.253)
Epoch: [57][300/468]	Time 0.111 (0.112)	Data 0.002 (0.003)	Loss 0.8093 (0.7376)	Acc@1 78.125 (78.130)	Acc@5 92.188 (95.982)
Epoch: [57][400/468]	Time 0.112 (0.112)	Data 0.002 (0.003)	Loss 0.6326 (0.7571)	Acc@1 78.125 (77.696)	Acc@5 98.438 (95.722)
 * Acc@1 77.314 Acc@5 95.550
epoch 57, total time 52.20
Test: [0/94]	Time 0.157 (0.157)	Loss 1.4735 (1.4735)	Acc@1 59.375 (59.375)	Acc@5 84.375 (84.375)
 * Acc@1 66.800 Acc@5 89.133
==> training...
Epoch: [58][0/468]	Time 0.403 (0.403)	Data 0.335 (0.335)	Loss 0.8744 (0.8744)	Acc@1 70.312 (70.312)	Acc@5 96.875 (96.875)
Epoch: [58][100/468]	Time 0.111 (0.114)	Data 0.002 (0.006)	Loss 0.9236 (0.7072)	Acc@1 76.562 (79.162)	Acc@5 92.188 (96.179)
Epoch: [58][200/468]	Time 0.113 (0.113)	Data 0.002 (0.004)	Loss 0.8463 (0.7149)	Acc@1 73.438 (78.607)	Acc@5 93.750 (96.105)
Epoch: [58][300/468]	Time 0.110 (0.112)	Data 0.002 (0.003)	Loss 0.6658 (0.7437)	Acc@1 79.688 (77.772)	Acc@5 95.312 (95.774)
Epoch: [58][400/468]	Time 0.111 (0.112)	Data 0.002 (0.003)	Loss 0.8655 (0.7629)	Acc@1 70.312 (77.377)	Acc@5 98.438 (95.527)
 * Acc@1 77.100 Acc@5 95.419
epoch 58, total time 52.23
Test: [0/94]	Time 0.156 (0.156)	Loss 1.2393 (1.2393)	Acc@1 68.750 (68.750)	Acc@5 90.625 (90.625)
 * Acc@1 66.600 Acc@5 89.867
==> training...
Epoch: [59][0/468]	Time 0.490 (0.490)	Data 0.395 (0.395)	Loss 0.6016 (0.6016)	Acc@1 82.812 (82.812)	Acc@5 96.875 (96.875)
Epoch: [59][100/468]	Time 0.111 (0.115)	Data 0.002 (0.006)	Loss 0.6038 (0.6992)	Acc@1 87.500 (79.718)	Acc@5 96.875 (96.426)
Epoch: [59][200/468]	Time 0.111 (0.113)	Data 0.002 (0.004)	Loss 0.5508 (0.7152)	Acc@1 84.375 (78.972)	Acc@5 96.875 (96.393)
Epoch: [59][300/468]	Time 0.111 (0.112)	Data 0.002 (0.004)	Loss 0.9040 (0.7488)	Acc@1 65.625 (77.990)	Acc@5 98.438 (96.018)
Epoch: [59][400/468]	Time 0.111 (0.112)	Data 0.002 (0.003)	Loss 0.6670 (0.7637)	Acc@1 75.000 (77.548)	Acc@5 98.438 (95.764)
 * Acc@1 77.337 Acc@5 95.666
epoch 59, total time 52.39
Test: [0/94]	Time 0.164 (0.164)	Loss 1.4987 (1.4987)	Acc@1 59.375 (59.375)	Acc@5 93.750 (93.750)
 * Acc@1 65.200 Acc@5 90.067
==> training...
Epoch: [60][0/468]	Time 0.398 (0.398)	Data 0.328 (0.328)	Loss 0.9002 (0.9002)	Acc@1 70.312 (70.312)	Acc@5 96.875 (96.875)
Epoch: [60][100/468]	Time 0.111 (0.114)	Data 0.002 (0.006)	Loss 0.6942 (0.6725)	Acc@1 82.812 (79.904)	Acc@5 95.312 (96.705)
Epoch: [60][200/468]	Time 0.112 (0.113)	Data 0.002 (0.004)	Loss 0.6107 (0.7143)	Acc@1 82.812 (78.545)	Acc@5 95.312 (96.253)
Epoch: [60][300/468]	Time 0.112 (0.113)	Data 0.002 (0.004)	Loss 1.0432 (0.7358)	Acc@1 67.188 (77.969)	Acc@5 95.312 (95.977)
Epoch: [60][400/468]	Time 0.111 (0.112)	Data 0.002 (0.003)	Loss 0.7889 (0.7590)	Acc@1 73.438 (77.412)	Acc@5 93.750 (95.675)
 * Acc@1 77.010 Acc@5 95.630
epoch 60, total time 52.53
Test: [0/94]	Time 0.158 (0.158)	Loss 1.5029 (1.5029)	Acc@1 62.500 (62.500)	Acc@5 90.625 (90.625)
 * Acc@1 67.067 Acc@5 89.967
==> training...
Epoch: [61][0/468]	Time 0.405 (0.405)	Data 0.341 (0.341)	Loss 0.6765 (0.6765)	Acc@1 79.688 (79.688)	Acc@5 96.875 (96.875)
Epoch: [61][100/468]	Time 0.110 (0.114)	Data 0.002 (0.006)	Loss 0.4639 (0.5307)	Acc@1 82.812 (84.731)	Acc@5 98.438 (97.772)
Epoch: [61][200/468]	Time 0.111 (0.113)	Data 0.002 (0.004)	Loss 0.3996 (0.4686)	Acc@1 84.375 (86.707)	Acc@5 100.000 (98.057)
Epoch: [61][300/468]	Time 0.111 (0.112)	Data 0.002 (0.003)	Loss 0.5022 (0.4365)	Acc@1 85.938 (87.625)	Acc@5 96.875 (98.230)
Epoch: [61][400/468]	Time 0.111 (0.112)	Data 0.002 (0.003)	Loss 0.3786 (0.4134)	Acc@1 89.062 (88.264)	Acc@5 98.438 (98.426)
 * Acc@1 88.465 Acc@5 98.441
epoch 61, total time 52.23
Test: [0/94]	Time 0.157 (0.157)	Loss 0.8195 (0.8195)	Acc@1 84.375 (84.375)	Acc@5 90.625 (90.625)
 * Acc@1 78.600 Acc@5 94.167
==> training...
Epoch: [62][0/468]	Time 0.452 (0.452)	Data 0.387 (0.387)	Loss 0.4130 (0.4130)	Acc@1 84.375 (84.375)	Acc@5 98.438 (98.438)
Epoch: [62][100/468]	Time 0.112 (0.116)	Data 0.002 (0.007)	Loss 0.3152 (0.2868)	Acc@1 89.062 (92.296)	Acc@5 100.000 (99.103)
Epoch: [62][200/468]	Time 0.111 (0.114)	Data 0.002 (0.005)	Loss 0.3666 (0.2918)	Acc@1 92.188 (92.040)	Acc@5 96.875 (99.106)
Epoch: [62][300/468]	Time 0.111 (0.113)	Data 0.002 (0.004)	Loss 0.3252 (0.2859)	Acc@1 90.625 (92.125)	Acc@5 98.438 (99.118)
Epoch: [62][400/468]	Time 0.111 (0.113)	Data 0.002 (0.003)	Loss 0.2894 (0.2818)	Acc@1 93.750 (92.316)	Acc@5 98.438 (99.112)
 * Acc@1 92.415 Acc@5 99.139
epoch 62, total time 52.69
Test: [0/94]	Time 0.158 (0.158)	Loss 0.7732 (0.7732)	Acc@1 84.375 (84.375)	Acc@5 90.625 (90.625)
 * Acc@1 79.200 Acc@5 94.833
==> training...
Epoch: [63][0/468]	Time 0.395 (0.395)	Data 0.330 (0.330)	Loss 0.4794 (0.4794)	Acc@1 84.375 (84.375)	Acc@5 98.438 (98.438)
Epoch: [63][100/468]	Time 0.110 (0.114)	Data 0.002 (0.006)	Loss 0.2928 (0.2429)	Acc@1 90.625 (93.332)	Acc@5 98.438 (99.551)
Epoch: [63][200/468]	Time 0.110 (0.112)	Data 0.002 (0.004)	Loss 0.3687 (0.2395)	Acc@1 85.938 (93.276)	Acc@5 98.438 (99.510)
Epoch: [63][300/468]	Time 0.110 (0.112)	Data 0.002 (0.003)	Loss 0.4642 (0.2384)	Acc@1 87.500 (93.361)	Acc@5 96.875 (99.496)
Epoch: [63][400/468]	Time 0.110 (0.112)	Data 0.002 (0.003)	Loss 0.2218 (0.2363)	Acc@1 93.750 (93.536)	Acc@5 96.875 (99.443)
 * Acc@1 93.593 Acc@5 99.439
epoch 63, total time 52.22
Test: [0/94]	Time 0.158 (0.158)	Loss 0.7948 (0.7948)	Acc@1 84.375 (84.375)	Acc@5 90.625 (90.625)
 * Acc@1 79.333 Acc@5 94.700
==> training...
Epoch: [64][0/468]	Time 0.455 (0.455)	Data 0.387 (0.387)	Loss 0.2032 (0.2032)	Acc@1 92.188 (92.188)	Acc@5 100.000 (100.000)
Epoch: [64][100/468]	Time 0.111 (0.114)	Data 0.002 (0.006)	Loss 0.1556 (0.1992)	Acc@1 96.875 (95.050)	Acc@5 100.000 (99.582)
Epoch: [64][200/468]	Time 0.111 (0.113)	Data 0.002 (0.004)	Loss 0.2002 (0.2025)	Acc@1 93.750 (94.838)	Acc@5 100.000 (99.541)
Epoch: [64][300/468]	Time 0.111 (0.112)	Data 0.002 (0.004)	Loss 0.1778 (0.2072)	Acc@1 95.312 (94.544)	Acc@5 100.000 (99.543)
Epoch: [64][400/468]	Time 0.111 (0.112)	Data 0.002 (0.003)	Loss 0.1472 (0.2043)	Acc@1 96.875 (94.599)	Acc@5 100.000 (99.579)
 * Acc@1 94.531 Acc@5 99.586
epoch 64, total time 52.39
Test: [0/94]	Time 0.154 (0.154)	Loss 0.8049 (0.8049)	Acc@1 84.375 (84.375)	Acc@5 90.625 (90.625)
 * Acc@1 78.967 Acc@5 95.167
==> training...
Epoch: [65][0/468]	Time 0.407 (0.407)	Data 0.341 (0.341)	Loss 0.2354 (0.2354)	Acc@1 92.188 (92.188)	Acc@5 100.000 (100.000)
Epoch: [65][100/468]	Time 0.111 (0.114)	Data 0.002 (0.006)	Loss 0.2516 (0.1798)	Acc@1 95.312 (95.637)	Acc@5 98.438 (99.629)
Epoch: [65][200/468]	Time 0.109 (0.113)	Data 0.002 (0.004)	Loss 0.1146 (0.1759)	Acc@1 98.438 (95.631)	Acc@5 100.000 (99.705)
Epoch: [65][300/468]	Time 0.111 (0.112)	Data 0.002 (0.003)	Loss 0.1325 (0.1771)	Acc@1 96.875 (95.520)	Acc@5 100.000 (99.740)
Epoch: [65][400/468]	Time 0.109 (0.112)	Data 0.002 (0.003)	Loss 0.1587 (0.1772)	Acc@1 93.750 (95.464)	Acc@5 100.000 (99.712)
 * Acc@1 95.399 Acc@5 99.700
epoch 65, total time 52.28
Test: [0/94]	Time 0.157 (0.157)	Loss 0.8138 (0.8138)	Acc@1 84.375 (84.375)	Acc@5 90.625 (90.625)
 * Acc@1 79.000 Acc@5 95.333
==> training...
Epoch: [66][0/468]	Time 0.397 (0.397)	Data 0.332 (0.332)	Loss 0.1149 (0.1149)	Acc@1 98.438 (98.438)	Acc@5 100.000 (100.000)
Epoch: [66][100/468]	Time 0.111 (0.114)	Data 0.002 (0.006)	Loss 0.1602 (0.1523)	Acc@1 95.312 (96.132)	Acc@5 100.000 (99.814)
Epoch: [66][200/468]	Time 0.111 (0.113)	Data 0.002 (0.004)	Loss 0.2075 (0.1552)	Acc@1 95.312 (95.997)	Acc@5 98.438 (99.813)
Epoch: [66][300/468]	Time 0.111 (0.112)	Data 0.002 (0.004)	Loss 0.1509 (0.1553)	Acc@1 96.875 (96.044)	Acc@5 100.000 (99.808)
Epoch: [66][400/468]	Time 0.111 (0.112)	Data 0.002 (0.003)	Loss 0.1681 (0.1571)	Acc@1 93.750 (95.975)	Acc@5 100.000 (99.782)
 * Acc@1 95.920 Acc@5 99.763
epoch 66, total time 52.34
Test: [0/94]	Time 0.157 (0.157)	Loss 0.8454 (0.8454)	Acc@1 81.250 (81.250)	Acc@5 90.625 (90.625)
 * Acc@1 79.533 Acc@5 95.067
==> training...
Epoch: [67][0/468]	Time 0.472 (0.472)	Data 0.408 (0.408)	Loss 0.1369 (0.1369)	Acc@1 98.438 (98.438)	Acc@5 100.000 (100.000)
Epoch: [67][100/468]	Time 0.111 (0.115)	Data 0.002 (0.006)	Loss 0.1250 (0.1344)	Acc@1 96.875 (96.782)	Acc@5 100.000 (99.907)
Epoch: [67][200/468]	Time 0.111 (0.113)	Data 0.002 (0.004)	Loss 0.1075 (0.1386)	Acc@1 100.000 (96.587)	Acc@5 100.000 (99.798)
Epoch: [67][300/468]	Time 0.111 (0.112)	Data 0.002 (0.004)	Loss 0.2079 (0.1401)	Acc@1 90.625 (96.418)	Acc@5 100.000 (99.818)
Epoch: [67][400/468]	Time 0.111 (0.112)	Data 0.002 (0.003)	Loss 0.1621 (0.1412)	Acc@1 95.312 (96.368)	Acc@5 100.000 (99.809)
 * Acc@1 96.277 Acc@5 99.810
epoch 67, total time 52.38
Test: [0/94]	Time 0.155 (0.155)	Loss 0.8021 (0.8021)	Acc@1 84.375 (84.375)	Acc@5 90.625 (90.625)
 * Acc@1 79.400 Acc@5 94.933
==> training...
Epoch: [68][0/468]	Time 0.402 (0.402)	Data 0.336 (0.336)	Loss 0.0978 (0.0978)	Acc@1 98.438 (98.438)	Acc@5 100.000 (100.000)
Epoch: [68][100/468]	Time 0.111 (0.114)	Data 0.002 (0.006)	Loss 0.1033 (0.1290)	Acc@1 100.000 (96.890)	Acc@5 100.000 (99.907)
Epoch: [68][200/468]	Time 0.111 (0.113)	Data 0.002 (0.004)	Loss 0.0571 (0.1263)	Acc@1 100.000 (97.023)	Acc@5 100.000 (99.883)
Epoch: [68][300/468]	Time 0.111 (0.112)	Data 0.002 (0.003)	Loss 0.1547 (0.1276)	Acc@1 98.438 (96.984)	Acc@5 100.000 (99.875)
Epoch: [68][400/468]	Time 0.111 (0.112)	Data 0.002 (0.003)	Loss 0.1124 (0.1257)	Acc@1 96.875 (96.980)	Acc@5 100.000 (99.887)
 * Acc@1 96.908 Acc@5 99.863
epoch 68, total time 52.36
Test: [0/94]	Time 0.159 (0.159)	Loss 0.8090 (0.8090)	Acc@1 84.375 (84.375)	Acc@5 93.750 (93.750)
 * Acc@1 79.133 Acc@5 94.933
==> training...
Epoch: [69][0/468]	Time 0.394 (0.394)	Data 0.327 (0.327)	Loss 0.0855 (0.0855)	Acc@1 100.000 (100.000)	Acc@5 100.000 (100.000)
Epoch: [69][100/468]	Time 0.111 (0.114)	Data 0.002 (0.006)	Loss 0.0526 (0.1072)	Acc@1 100.000 (97.772)	Acc@5 100.000 (99.923)
Epoch: [69][200/468]	Time 0.111 (0.113)	Data 0.002 (0.004)	Loss 0.1158 (0.1152)	Acc@1 96.875 (97.365)	Acc@5 100.000 (99.899)
Epoch: [69][300/468]	Time 0.111 (0.112)	Data 0.002 (0.003)	Loss 0.1376 (0.1147)	Acc@1 96.875 (97.368)	Acc@5 98.438 (99.907)
Epoch: [69][400/468]	Time 0.111 (0.112)	Data 0.002 (0.003)	Loss 0.1803 (0.1153)	Acc@1 95.312 (97.327)	Acc@5 100.000 (99.899)
 * Acc@1 97.296 Acc@5 99.910
epoch 69, total time 52.30
Test: [0/94]	Time 0.156 (0.156)	Loss 0.7749 (0.7749)	Acc@1 84.375 (84.375)	Acc@5 90.625 (90.625)
 * Acc@1 79.600 Acc@5 94.767
==> training...
Epoch: [70][0/468]	Time 0.469 (0.469)	Data 0.404 (0.404)	Loss 0.1403 (0.1403)	Acc@1 96.875 (96.875)	Acc@5 100.000 (100.000)
Epoch: [70][100/468]	Time 0.110 (0.115)	Data 0.002 (0.006)	Loss 0.0920 (0.0959)	Acc@1 98.438 (97.973)	Acc@5 100.000 (99.985)
Epoch: [70][200/468]	Time 0.111 (0.113)	Data 0.002 (0.004)	Loss 0.1066 (0.0993)	Acc@1 98.438 (97.886)	Acc@5 100.000 (99.946)
Epoch: [70][300/468]	Time 0.111 (0.112)	Data 0.002 (0.004)	Loss 0.0801 (0.1024)	Acc@1 96.875 (97.721)	Acc@5 100.000 (99.922)
Epoch: [70][400/468]	Time 0.112 (0.112)	Data 0.002 (0.003)	Loss 0.1073 (0.1042)	Acc@1 96.875 (97.611)	Acc@5 100.000 (99.926)
 * Acc@1 97.543 Acc@5 99.930
epoch 70, total time 52.49
Test: [0/94]	Time 0.323 (0.323)	Loss 0.9285 (0.9285)	Acc@1 84.375 (84.375)	Acc@5 90.625 (90.625)
 * Acc@1 79.300 Acc@5 94.600
==> training...
Epoch: [71][0/468]	Time 0.394 (0.394)	Data 0.326 (0.326)	Loss 0.1005 (0.1005)	Acc@1 96.875 (96.875)	Acc@5 100.000 (100.000)
Epoch: [71][100/468]	Time 0.112 (0.115)	Data 0.002 (0.006)	Loss 0.0921 (0.0965)	Acc@1 100.000 (97.819)	Acc@5 100.000 (99.938)
Epoch: [71][200/468]	Time 0.111 (0.113)	Data 0.002 (0.004)	Loss 0.0944 (0.0986)	Acc@1 100.000 (97.738)	Acc@5 100.000 (99.961)
Epoch: [71][300/468]	Time 0.111 (0.113)	Data 0.002 (0.004)	Loss 0.1092 (0.0987)	Acc@1 98.438 (97.742)	Acc@5 100.000 (99.943)
Epoch: [71][400/468]	Time 0.111 (0.112)	Data 0.002 (0.003)	Loss 0.1158 (0.0977)	Acc@1 96.875 (97.763)	Acc@5 100.000 (99.953)
 * Acc@1 97.740 Acc@5 99.947
epoch 71, total time 52.49
Test: [0/94]	Time 6.940 (6.940)	Loss 0.8653 (0.8653)	Acc@1 84.375 (84.375)	Acc@5 93.750 (93.750)
 * Acc@1 79.367 Acc@5 94.900
==> training...
Epoch: [72][0/468]	Time 0.422 (0.422)	Data 0.353 (0.353)	Loss 0.0467 (0.0467)	Acc@1 100.000 (100.000)	Acc@5 100.000 (100.000)
Epoch: [72][100/468]	Time 0.111 (0.115)	Data 0.002 (0.006)	Loss 0.0201 (0.0817)	Acc@1 100.000 (98.066)	Acc@5 100.000 (99.985)
Epoch: [72][200/468]	Time 0.111 (0.113)	Data 0.002 (0.004)	Loss 0.0790 (0.0846)	Acc@1 98.438 (98.080)	Acc@5 100.000 (99.977)
Epoch: [72][300/468]	Time 0.111 (0.112)	Data 0.002 (0.003)	Loss 0.0493 (0.0862)	Acc@1 100.000 (98.116)	Acc@5 100.000 (99.974)
Epoch: [72][400/468]	Time 0.111 (0.112)	Data 0.002 (0.003)	Loss 0.1484 (0.0868)	Acc@1 95.312 (98.091)	Acc@5 100.000 (99.973)
 * Acc@1 98.094 Acc@5 99.953
epoch 72, total time 52.47
Test: [0/94]	Time 0.159 (0.159)	Loss 0.9147 (0.9147)	Acc@1 81.250 (81.250)	Acc@5 90.625 (90.625)
 * Acc@1 79.633 Acc@5 95.033
==> training...
Epoch: [73][0/468]	Time 0.397 (0.397)	Data 0.331 (0.331)	Loss 0.0544 (0.0544)	Acc@1 98.438 (98.438)	Acc@5 100.000 (100.000)
Epoch: [73][100/468]	Time 0.111 (0.123)	Data 0.002 (0.006)	Loss 0.0761 (0.0789)	Acc@1 98.438 (98.453)	Acc@5 100.000 (99.969)
Epoch: [73][200/468]	Time 0.111 (0.117)	Data 0.002 (0.004)	Loss 0.0438 (0.0769)	Acc@1 100.000 (98.507)	Acc@5 100.000 (99.977)
Epoch: [73][300/468]	Time 0.111 (0.115)	Data 0.002 (0.004)	Loss 0.0432 (0.0781)	Acc@1 100.000 (98.432)	Acc@5 100.000 (99.969)
Epoch: [73][400/468]	Time 0.112 (0.114)	Data 0.002 (0.003)	Loss 0.0693 (0.0790)	Acc@1 98.438 (98.352)	Acc@5 100.000 (99.965)
 * Acc@1 98.334 Acc@5 99.970
epoch 73, total time 53.39
Test: [0/94]	Time 0.159 (0.159)	Loss 0.8821 (0.8821)	Acc@1 84.375 (84.375)	Acc@5 93.750 (93.750)
 * Acc@1 79.700 Acc@5 95.000
==> training...
Epoch: [74][0/468]	Time 0.398 (0.398)	Data 0.330 (0.330)	Loss 0.0613 (0.0613)	Acc@1 98.438 (98.438)	Acc@5 100.000 (100.000)
Epoch: [74][100/468]	Time 0.111 (0.115)	Data 0.002 (0.006)	Loss 0.0444 (0.0741)	Acc@1 100.000 (98.608)	Acc@5 100.000 (100.000)
Epoch: [74][200/468]	Time 0.111 (0.113)	Data 0.002 (0.004)	Loss 0.0357 (0.0747)	Acc@1 100.000 (98.523)	Acc@5 100.000 (99.992)
Epoch: [74][300/468]	Time 0.111 (0.112)	Data 0.002 (0.004)	Loss 0.0542 (0.0754)	Acc@1 100.000 (98.531)	Acc@5 100.000 (99.984)
Epoch: [74][400/468]	Time 0.111 (0.112)	Data 0.002 (0.003)	Loss 0.0675 (0.0757)	Acc@1 98.438 (98.543)	Acc@5 100.000 (99.981)
 * Acc@1 98.548 Acc@5 99.980
epoch 74, total time 52.46
Test: [0/94]	Time 0.153 (0.153)	Loss 0.8022 (0.8022)	Acc@1 84.375 (84.375)	Acc@5 90.625 (90.625)
 * Acc@1 80.067 Acc@5 94.533
==> training...
Epoch: [75][0/468]	Time 0.416 (0.416)	Data 0.345 (0.345)	Loss 0.0667 (0.0667)	Acc@1 98.438 (98.438)	Acc@5 100.000 (100.000)
Epoch: [75][100/468]	Time 0.111 (0.114)	Data 0.002 (0.006)	Loss 0.0660 (0.0630)	Acc@1 100.000 (98.933)	Acc@5 100.000 (99.985)
Epoch: [75][200/468]	Time 0.111 (0.113)	Data 0.002 (0.004)	Loss 0.0703 (0.0620)	Acc@1 98.438 (98.888)	Acc@5 100.000 (99.992)
Epoch: [75][300/468]	Time 0.111 (0.112)	Data 0.002 (0.004)	Loss 0.0493 (0.0663)	Acc@1 98.438 (98.702)	Acc@5 100.000 (99.990)
Epoch: [75][400/468]	Time 0.112 (0.112)	Data 0.002 (0.003)	Loss 0.0686 (0.0688)	Acc@1 98.438 (98.621)	Acc@5 100.000 (99.988)
 * Acc@1 98.571 Acc@5 99.987
epoch 75, total time 52.44
Test: [0/94]	Time 0.163 (0.163)	Loss 0.8032 (0.8032)	Acc@1 81.250 (81.250)	Acc@5 93.750 (93.750)
 * Acc@1 79.400 Acc@5 94.833
==> training...
Epoch: [76][0/468]	Time 0.416 (0.416)	Data 0.351 (0.351)	Loss 0.0948 (0.0948)	Acc@1 95.312 (95.312)	Acc@5 100.000 (100.000)
Epoch: [76][100/468]	Time 0.112 (0.115)	Data 0.002 (0.006)	Loss 0.0526 (0.0652)	Acc@1 98.438 (98.577)	Acc@5 100.000 (99.969)
Epoch: [76][200/468]	Time 0.112 (0.114)	Data 0.002 (0.004)	Loss 0.0340 (0.0623)	Acc@1 100.000 (98.717)	Acc@5 100.000 (99.984)
Epoch: [76][300/468]	Time 0.117 (0.114)	Data 0.002 (0.004)	Loss 0.1152 (0.0648)	Acc@1 96.875 (98.656)	Acc@5 100.000 (99.974)
Epoch: [76][400/468]	Time 0.118 (0.115)	Data 0.002 (0.003)	Loss 0.0511 (0.0641)	Acc@1 98.438 (98.667)	Acc@5 100.000 (99.981)
 * Acc@1 98.661 Acc@5 99.980
epoch 76, total time 54.04
Test: [0/94]	Time 0.241 (0.241)	Loss 0.9422 (0.9422)	Acc@1 78.125 (78.125)	Acc@5 93.750 (93.750)
 * Acc@1 79.733 Acc@5 94.533
==> training...
Epoch: [77][0/468]	Time 0.531 (0.531)	Data 0.431 (0.431)	Loss 0.0193 (0.0193)	Acc@1 100.000 (100.000)	Acc@5 100.000 (100.000)
Epoch: [77][100/468]	Time 0.115 (0.121)	Data 0.002 (0.007)	Loss 0.0583 (0.0583)	Acc@1 98.438 (98.871)	Acc@5 100.000 (100.000)
Epoch: [77][200/468]	Time 0.111 (0.117)	Data 0.002 (0.005)	Loss 0.0377 (0.0587)	Acc@1 100.000 (98.873)	Acc@5 100.000 (100.000)
Epoch: [77][300/468]	Time 0.113 (0.116)	Data 0.002 (0.004)	Loss 0.0477 (0.0599)	Acc@1 100.000 (98.848)	Acc@5 100.000 (99.995)
Epoch: [77][400/468]	Time 0.114 (0.115)	Data 0.002 (0.004)	Loss 0.1284 (0.0608)	Acc@1 96.875 (98.823)	Acc@5 98.438 (99.992)
 * Acc@1 98.781 Acc@5 99.990
epoch 77, total time 53.98
Test: [0/94]	Time 0.174 (0.174)	Loss 0.8694 (0.8694)	Acc@1 84.375 (84.375)	Acc@5 90.625 (90.625)
 * Acc@1 79.233 Acc@5 94.767
==> training...
Epoch: [78][0/468]	Time 0.492 (0.492)	Data 0.379 (0.379)	Loss 0.0772 (0.0772)	Acc@1 98.438 (98.438)	Acc@5 100.000 (100.000)
Epoch: [78][100/468]	Time 0.113 (0.117)	Data 0.002 (0.006)	Loss 0.0362 (0.0547)	Acc@1 100.000 (99.010)	Acc@5 100.000 (100.000)
Epoch: [78][200/468]	Time 0.112 (0.115)	Data 0.002 (0.004)	Loss 0.0537 (0.0566)	Acc@1 98.438 (98.896)	Acc@5 100.000 (100.000)
Epoch: [78][300/468]	Time 0.112 (0.114)	Data 0.002 (0.004)	Loss 0.0757 (0.0556)	Acc@1 98.438 (98.983)	Acc@5 98.438 (99.995)
Epoch: [78][400/468]	Time 0.113 (0.114)	Data 0.002 (0.003)	Loss 0.0436 (0.0555)	Acc@1 100.000 (98.983)	Acc@5 100.000 (99.992)
 * Acc@1 98.982 Acc@5 99.993
epoch 78, total time 53.25
Test: [0/94]	Time 0.167 (0.167)	Loss 0.6972 (0.6972)	Acc@1 84.375 (84.375)	Acc@5 90.625 (90.625)
 * Acc@1 79.600 Acc@5 94.667
==> training...
Epoch: [79][0/468]	Time 0.447 (0.447)	Data 0.373 (0.373)	Loss 0.0459 (0.0459)	Acc@1 100.000 (100.000)	Acc@5 100.000 (100.000)
Epoch: [79][100/468]	Time 0.116 (0.120)	Data 0.002 (0.007)	Loss 0.0371 (0.0506)	Acc@1 100.000 (99.134)	Acc@5 100.000 (100.000)
Epoch: [79][200/468]	Time 0.115 (0.117)	Data 0.002 (0.005)	Loss 0.0415 (0.0525)	Acc@1 100.000 (99.114)	Acc@5 100.000 (99.992)
Epoch: [79][300/468]	Time 0.118 (0.117)	Data 0.002 (0.004)	Loss 0.0368 (0.0543)	Acc@1 100.000 (99.071)	Acc@5 100.000 (99.990)
Epoch: [79][400/468]	Time 0.112 (0.117)	Data 0.002 (0.004)	Loss 0.0883 (0.0544)	Acc@1 98.438 (99.057)	Acc@5 100.000 (99.992)
 * Acc@1 99.072 Acc@5 99.993
epoch 79, total time 54.38
Test: [0/94]	Time 0.162 (0.162)	Loss 0.7704 (0.7704)	Acc@1 81.250 (81.250)	Acc@5 96.875 (96.875)
 * Acc@1 79.867 Acc@5 94.867
==> training...
Epoch: [80][0/468]	Time 0.437 (0.437)	Data 0.366 (0.366)	Loss 0.0437 (0.0437)	Acc@1 100.000 (100.000)	Acc@5 100.000 (100.000)
Epoch: [80][100/468]	Time 0.116 (0.117)	Data 0.002 (0.007)	Loss 0.0843 (0.0502)	Acc@1 98.438 (99.010)	Acc@5 100.000 (100.000)
Epoch: [80][200/468]	Time 0.113 (0.115)	Data 0.002 (0.005)	Loss 0.0414 (0.0496)	Acc@1 100.000 (99.168)	Acc@5 100.000 (100.000)
Epoch: [80][300/468]	Time 0.111 (0.114)	Data 0.002 (0.004)	Loss 0.0434 (0.0488)	Acc@1 100.000 (99.180)	Acc@5 100.000 (99.995)
Epoch: [80][400/468]	Time 0.113 (0.114)	Data 0.002 (0.003)	Loss 0.0555 (0.0501)	Acc@1 98.438 (99.104)	Acc@5 100.000 (99.988)
 * Acc@1 99.112 Acc@5 99.990
epoch 80, total time 53.20
Test: [0/94]	Time 0.156 (0.156)	Loss 0.8273 (0.8273)	Acc@1 84.375 (84.375)	Acc@5 93.750 (93.750)
 * Acc@1 79.867 Acc@5 94.767
==> training...
Epoch: [81][0/468]	Time 0.451 (0.451)	Data 0.382 (0.382)	Loss 0.0524 (0.0524)	Acc@1 100.000 (100.000)	Acc@5 100.000 (100.000)
Epoch: [81][100/468]	Time 0.113 (0.116)	Data 0.002 (0.006)	Loss 0.0378 (0.0428)	Acc@1 100.000 (99.165)	Acc@5 100.000 (100.000)
Epoch: [81][200/468]	Time 0.113 (0.115)	Data 0.002 (0.004)	Loss 0.0363 (0.0414)	Acc@1 100.000 (99.308)	Acc@5 100.000 (100.000)
Epoch: [81][300/468]	Time 0.113 (0.115)	Data 0.002 (0.004)	Loss 0.0217 (0.0417)	Acc@1 100.000 (99.320)	Acc@5 100.000 (100.000)
Epoch: [81][400/468]	Time 0.113 (0.114)	Data 0.002 (0.003)	Loss 0.0410 (0.0423)	Acc@1 100.000 (99.306)	Acc@5 100.000 (99.996)
 * Acc@1 99.339 Acc@5 99.997
epoch 81, total time 53.42
Test: [0/94]	Time 0.165 (0.165)	Loss 0.7831 (0.7831)	Acc@1 84.375 (84.375)	Acc@5 93.750 (93.750)
 * Acc@1 79.833 Acc@5 94.900
==> training...
Epoch: [82][0/468]	Time 0.441 (0.441)	Data 0.370 (0.370)	Loss 0.0600 (0.0600)	Acc@1 98.438 (98.438)	Acc@5 100.000 (100.000)
Epoch: [82][100/468]	Time 0.115 (0.119)	Data 0.002 (0.006)	Loss 0.0333 (0.0387)	Acc@1 100.000 (99.412)	Acc@5 100.000 (100.000)
Epoch: [82][200/468]	Time 0.112 (0.117)	Data 0.002 (0.004)	Loss 0.0508 (0.0401)	Acc@1 98.438 (99.409)	Acc@5 100.000 (100.000)
Epoch: [82][300/468]	Time 0.113 (0.116)	Data 0.002 (0.004)	Loss 0.0205 (0.0391)	Acc@1 100.000 (99.471)	Acc@5 100.000 (100.000)
Epoch: [82][400/468]	Time 0.113 (0.116)	Data 0.002 (0.003)	Loss 0.0259 (0.0392)	Acc@1 100.000 (99.478)	Acc@5 100.000 (100.000)
 * Acc@1 99.479 Acc@5 100.000
epoch 82, total time 53.94
Test: [0/94]	Time 0.169 (0.169)	Loss 0.7444 (0.7444)	Acc@1 84.375 (84.375)	Acc@5 93.750 (93.750)
 * Acc@1 80.100 Acc@5 94.900
==> training...
Epoch: [83][0/468]	Time 0.487 (0.487)	Data 0.408 (0.408)	Loss 0.0410 (0.0410)	Acc@1 100.000 (100.000)	Acc@5 100.000 (100.000)
Epoch: [83][100/468]	Time 0.116 (0.119)	Data 0.002 (0.006)	Loss 0.0237 (0.0385)	Acc@1 100.000 (99.459)	Acc@5 100.000 (100.000)
Epoch: [83][200/468]	Time 0.115 (0.117)	Data 0.002 (0.004)	Loss 0.0191 (0.0388)	Acc@1 100.000 (99.471)	Acc@5 100.000 (100.000)
Epoch: [83][300/468]	Time 0.114 (0.116)	Data 0.002 (0.004)	Loss 0.0748 (0.0388)	Acc@1 98.438 (99.445)	Acc@5 100.000 (100.000)
Epoch: [83][400/468]	Time 0.112 (0.116)	Data 0.002 (0.004)	Loss 0.0401 (0.0391)	Acc@1 100.000 (99.431)	Acc@5 100.000 (100.000)
 * Acc@1 99.409 Acc@5 100.000
epoch 83, total time 53.98
Test: [0/94]	Time 0.164 (0.164)	Loss 0.7386 (0.7386)	Acc@1 81.250 (81.250)	Acc@5 93.750 (93.750)
 * Acc@1 79.967 Acc@5 94.933
==> training...
Epoch: [84][0/468]	Time 0.456 (0.456)	Data 0.347 (0.347)	Loss 0.0474 (0.0474)	Acc@1 100.000 (100.000)	Acc@5 100.000 (100.000)
Epoch: [84][100/468]	Time 0.113 (0.116)	Data 0.002 (0.006)	Loss 0.0433 (0.0356)	Acc@1 100.000 (99.474)	Acc@5 100.000 (100.000)
Epoch: [84][200/468]	Time 0.113 (0.115)	Data 0.002 (0.004)	Loss 0.0404 (0.0349)	Acc@1 100.000 (99.572)	Acc@5 100.000 (100.000)
Epoch: [84][300/468]	Time 0.112 (0.114)	Data 0.002 (0.004)	Loss 0.0438 (0.0351)	Acc@1 100.000 (99.600)	Acc@5 100.000 (100.000)
Epoch: [84][400/468]	Time 0.113 (0.114)	Data 0.002 (0.003)	Loss 0.0346 (0.0351)	Acc@1 100.000 (99.603)	Acc@5 100.000 (100.000)
 * Acc@1 99.586 Acc@5 99.997
epoch 84, total time 53.31
Test: [0/94]	Time 0.170 (0.170)	Loss 0.7933 (0.7933)	Acc@1 81.250 (81.250)	Acc@5 90.625 (90.625)
 * Acc@1 79.867 Acc@5 94.967
==> training...
Epoch: [85][0/468]	Time 0.436 (0.436)	Data 0.365 (0.365)	Loss 0.0363 (0.0363)	Acc@1 98.438 (98.438)	Acc@5 100.000 (100.000)
Epoch: [85][100/468]	Time 0.113 (0.116)	Data 0.002 (0.006)	Loss 0.0200 (0.0369)	Acc@1 100.000 (99.505)	Acc@5 100.000 (100.000)
Epoch: [85][200/468]	Time 0.113 (0.115)	Data 0.002 (0.004)	Loss 0.0427 (0.0357)	Acc@1 98.438 (99.541)	Acc@5 100.000 (100.000)
Epoch: [85][300/468]	Time 0.112 (0.114)	Data 0.002 (0.004)	Loss 0.0621 (0.0361)	Acc@1 98.438 (99.486)	Acc@5 100.000 (100.000)
Epoch: [85][400/468]	Time 0.112 (0.114)	Data 0.002 (0.003)	Loss 0.0320 (0.0367)	Acc@1 100.000 (99.466)	Acc@5 100.000 (100.000)
 * Acc@1 99.459 Acc@5 100.000
epoch 85, total time 53.36
Test: [0/94]	Time 0.171 (0.171)	Loss 0.7331 (0.7331)	Acc@1 81.250 (81.250)	Acc@5 96.875 (96.875)
 * Acc@1 79.800 Acc@5 94.967
==> training...
Epoch: [86][0/468]	Time 0.460 (0.460)	Data 0.384 (0.384)	Loss 0.0689 (0.0689)	Acc@1 98.438 (98.438)	Acc@5 100.000 (100.000)
Epoch: [86][100/468]	Time 0.113 (0.117)	Data 0.002 (0.006)	Loss 0.0519 (0.0389)	Acc@1 100.000 (99.366)	Acc@5 100.000 (100.000)
Epoch: [86][200/468]	Time 0.115 (0.115)	Data 0.002 (0.004)	Loss 0.0301 (0.0360)	Acc@1 98.438 (99.534)	Acc@5 100.000 (99.992)
Epoch: [86][300/468]	Time 0.112 (0.114)	Data 0.002 (0.004)	Loss 0.0287 (0.0358)	Acc@1 98.438 (99.502)	Acc@5 100.000 (99.995)
Epoch: [86][400/468]	Time 0.114 (0.114)	Data 0.002 (0.003)	Loss 0.0683 (0.0368)	Acc@1 98.438 (99.470)	Acc@5 100.000 (99.996)
 * Acc@1 99.476 Acc@5 99.997
epoch 86, total time 53.56
Test: [0/94]	Time 0.167 (0.167)	Loss 0.7621 (0.7621)	Acc@1 81.250 (81.250)	Acc@5 93.750 (93.750)
 * Acc@1 79.767 Acc@5 95.000
==> training...
Epoch: [87][0/468]	Time 0.422 (0.422)	Data 0.355 (0.355)	Loss 0.0743 (0.0743)	Acc@1 98.438 (98.438)	Acc@5 100.000 (100.000)
Epoch: [87][100/468]	Time 0.115 (0.118)	Data 0.002 (0.006)	Loss 0.0278 (0.0379)	Acc@1 100.000 (99.489)	Acc@5 100.000 (100.000)
Epoch: [87][200/468]	Time 0.113 (0.116)	Data 0.002 (0.004)	Loss 0.0456 (0.0371)	Acc@1 100.000 (99.549)	Acc@5 100.000 (99.992)
Epoch: [87][300/468]	Time 0.112 (0.115)	Data 0.002 (0.004)	Loss 0.0324 (0.0361)	Acc@1 98.438 (99.574)	Acc@5 100.000 (99.995)
Epoch: [87][400/468]	Time 0.113 (0.114)	Data 0.002 (0.003)	Loss 0.0154 (0.0353)	Acc@1 100.000 (99.567)	Acc@5 100.000 (99.996)
 * Acc@1 99.536 Acc@5 99.997
epoch 87, total time 53.46
Test: [0/94]	Time 0.173 (0.173)	Loss 0.7733 (0.7733)	Acc@1 81.250 (81.250)	Acc@5 93.750 (93.750)
 * Acc@1 79.933 Acc@5 95.100
==> training...
Epoch: [88][0/468]	Time 0.454 (0.454)	Data 0.380 (0.380)	Loss 0.0141 (0.0141)	Acc@1 100.000 (100.000)	Acc@5 100.000 (100.000)
Epoch: [88][100/468]	Time 0.112 (0.120)	Data 0.002 (0.007)	Loss 0.0469 (0.0341)	Acc@1 100.000 (99.598)	Acc@5 100.000 (100.000)
Epoch: [88][200/468]	Time 0.114 (0.117)	Data 0.002 (0.005)	Loss 0.0649 (0.0348)	Acc@1 100.000 (99.619)	Acc@5 100.000 (100.000)
Epoch: [88][300/468]	Time 0.112 (0.116)	Data 0.002 (0.004)	Loss 0.0233 (0.0346)	Acc@1 100.000 (99.600)	Acc@5 100.000 (100.000)
Epoch: [88][400/468]	Time 0.115 (0.115)	Data 0.002 (0.004)	Loss 0.0326 (0.0350)	Acc@1 100.000 (99.583)	Acc@5 100.000 (100.000)
 * Acc@1 99.589 Acc@5 100.000
epoch 88, total time 53.81
Test: [0/94]	Time 0.176 (0.176)	Loss 0.7622 (0.7622)	Acc@1 81.250 (81.250)	Acc@5 96.875 (96.875)
 * Acc@1 80.000 Acc@5 94.867
==> training...
Epoch: [89][0/468]	Time 0.497 (0.497)	Data 0.416 (0.416)	Loss 0.0275 (0.0275)	Acc@1 100.000 (100.000)	Acc@5 100.000 (100.000)
Epoch: [89][100/468]	Time 0.116 (0.121)	Data 0.002 (0.007)	Loss 0.0156 (0.0325)	Acc@1 100.000 (99.644)	Acc@5 100.000 (100.000)
Epoch: [89][200/468]	Time 0.114 (0.118)	Data 0.002 (0.005)	Loss 0.0695 (0.0352)	Acc@1 96.875 (99.495)	Acc@5 100.000 (100.000)
Epoch: [89][300/468]	Time 0.115 (0.117)	Data 0.002 (0.004)	Loss 0.0589 (0.0343)	Acc@1 98.438 (99.538)	Acc@5 100.000 (100.000)
Epoch: [89][400/468]	Time 0.114 (0.117)	Data 0.002 (0.004)	Loss 0.0174 (0.0340)	Acc@1 100.000 (99.552)	Acc@5 100.000 (100.000)
 * Acc@1 99.546 Acc@5 99.997
epoch 89, total time 54.49
Test: [0/94]	Time 0.166 (0.166)	Loss 0.7945 (0.7945)	Acc@1 81.250 (81.250)	Acc@5 90.625 (90.625)
 * Acc@1 80.100 Acc@5 94.867
==> training...
Epoch: [90][0/468]	Time 0.469 (0.469)	Data 0.400 (0.400)	Loss 0.0188 (0.0188)	Acc@1 100.000 (100.000)	Acc@5 100.000 (100.000)
Epoch: [90][100/468]	Time 0.114 (0.117)	Data 0.002 (0.007)	Loss 0.0217 (0.0329)	Acc@1 100.000 (99.629)	Acc@5 100.000 (100.000)
Epoch: [90][200/468]	Time 0.112 (0.115)	Data 0.002 (0.005)	Loss 0.0620 (0.0339)	Acc@1 98.438 (99.541)	Acc@5 100.000 (100.000)
Epoch: [90][300/468]	Time 0.112 (0.114)	Data 0.002 (0.004)	Loss 0.0258 (0.0336)	Acc@1 100.000 (99.548)	Acc@5 100.000 (100.000)
Epoch: [90][400/468]	Time 0.113 (0.114)	Data 0.002 (0.004)	Loss 0.0499 (0.0339)	Acc@1 98.438 (99.536)	Acc@5 100.000 (100.000)
 * Acc@1 99.573 Acc@5 100.000
epoch 90, total time 53.32
Test: [0/94]	Time 0.169 (0.169)	Loss 0.8287 (0.8287)	Acc@1 78.125 (78.125)	Acc@5 93.750 (93.750)
 * Acc@1 80.067 Acc@5 95.067
==> training...
Epoch: [91][0/468]	Time 0.423 (0.423)	Data 0.350 (0.350)	Loss 0.0165 (0.0165)	Acc@1 100.000 (100.000)	Acc@5 100.000 (100.000)
Epoch: [91][100/468]	Time 0.114 (0.116)	Data 0.002 (0.006)	Loss 0.0196 (0.0323)	Acc@1 100.000 (99.660)	Acc@5 100.000 (100.000)
Epoch: [91][200/468]	Time 0.113 (0.115)	Data 0.002 (0.004)	Loss 0.0480 (0.0328)	Acc@1 98.438 (99.635)	Acc@5 100.000 (100.000)
Epoch: [91][300/468]	Time 0.113 (0.114)	Data 0.002 (0.004)	Loss 0.0072 (0.0324)	Acc@1 100.000 (99.647)	Acc@5 100.000 (100.000)
Epoch: [91][400/468]	Time 0.114 (0.114)	Data 0.002 (0.003)	Loss 0.0100 (0.0325)	Acc@1 100.000 (99.595)	Acc@5 100.000 (100.000)
 * Acc@1 99.593 Acc@5 100.000
epoch 91, total time 53.46
Test: [0/94]	Time 0.181 (0.181)	Loss 0.7921 (0.7921)	Acc@1 81.250 (81.250)	Acc@5 90.625 (90.625)
 * Acc@1 80.300 Acc@5 95.000
==> training...
Epoch: [92][0/468]	Time 0.495 (0.495)	Data 0.422 (0.422)	Loss 0.0304 (0.0304)	Acc@1 100.000 (100.000)	Acc@5 100.000 (100.000)
Epoch: [92][100/468]	Time 0.111 (0.118)	Data 0.002 (0.008)	Loss 0.0229 (0.0342)	Acc@1 100.000 (99.567)	Acc@5 100.000 (100.000)
Epoch: [92][200/468]	Time 0.112 (0.116)	Data 0.002 (0.005)	Loss 0.0196 (0.0337)	Acc@1 100.000 (99.565)	Acc@5 100.000 (100.000)
Epoch: [92][300/468]	Time 0.113 (0.115)	Data 0.002 (0.004)	Loss 0.0181 (0.0341)	Acc@1 100.000 (99.569)	Acc@5 100.000 (100.000)
Epoch: [92][400/468]	Time 0.111 (0.114)	Data 0.002 (0.004)	Loss 0.0551 (0.0344)	Acc@1 100.000 (99.571)	Acc@5 100.000 (100.000)
 * Acc@1 99.566 Acc@5 100.000
epoch 92, total time 53.44
Test: [0/94]	Time 0.167 (0.167)	Loss 0.7741 (0.7741)	Acc@1 81.250 (81.250)	Acc@5 93.750 (93.750)
 * Acc@1 80.267 Acc@5 95.067
==> training...
Epoch: [93][0/468]	Time 0.479 (0.479)	Data 0.407 (0.407)	Loss 0.0382 (0.0382)	Acc@1 100.000 (100.000)	Acc@5 100.000 (100.000)
Epoch: [93][100/468]	Time 0.115 (0.117)	Data 0.002 (0.006)	Loss 0.0373 (0.0339)	Acc@1 100.000 (99.675)	Acc@5 100.000 (100.000)
Epoch: [93][200/468]	Time 0.113 (0.116)	Data 0.002 (0.004)	Loss 0.0122 (0.0342)	Acc@1 100.000 (99.642)	Acc@5 100.000 (100.000)
Epoch: [93][300/468]	Time 0.114 (0.115)	Data 0.002 (0.004)	Loss 0.0313 (0.0335)	Acc@1 100.000 (99.683)	Acc@5 100.000 (100.000)
Epoch: [93][400/468]	Time 0.114 (0.114)	Data 0.002 (0.003)	Loss 0.0480 (0.0335)	Acc@1 98.438 (99.669)	Acc@5 100.000 (100.000)
 * Acc@1 99.676 Acc@5 100.000
epoch 93, total time 53.47
Test: [0/94]	Time 0.167 (0.167)	Loss 0.7727 (0.7727)	Acc@1 81.250 (81.250)	Acc@5 90.625 (90.625)
 * Acc@1 80.200 Acc@5 94.967
==> training...
Epoch: [94][0/468]	Time 0.425 (0.425)	Data 0.356 (0.356)	Loss 0.0188 (0.0188)	Acc@1 100.000 (100.000)	Acc@5 100.000 (100.000)
Epoch: [94][100/468]	Time 0.116 (0.117)	Data 0.002 (0.006)	Loss 0.0254 (0.0293)	Acc@1 100.000 (99.706)	Acc@5 100.000 (100.000)
Epoch: [94][200/468]	Time 0.114 (0.116)	Data 0.002 (0.004)	Loss 0.0175 (0.0321)	Acc@1 100.000 (99.596)	Acc@5 100.000 (100.000)
Epoch: [94][300/468]	Time 0.113 (0.115)	Data 0.002 (0.004)	Loss 0.0343 (0.0326)	Acc@1 100.000 (99.585)	Acc@5 100.000 (100.000)
Epoch: [94][400/468]	Time 0.113 (0.115)	Data 0.002 (0.003)	Loss 0.0111 (0.0327)	Acc@1 100.000 (99.579)	Acc@5 100.000 (100.000)
 * Acc@1 99.569 Acc@5 100.000
epoch 94, total time 53.59
Test: [0/94]	Time 0.157 (0.157)	Loss 0.7916 (0.7916)	Acc@1 81.250 (81.250)	Acc@5 96.875 (96.875)
 * Acc@1 80.167 Acc@5 95.067
==> training...
Epoch: [95][0/468]	Time 0.419 (0.419)	Data 0.346 (0.346)	Loss 0.0281 (0.0281)	Acc@1 100.000 (100.000)	Acc@5 100.000 (100.000)
Epoch: [95][100/468]	Time 0.113 (0.116)	Data 0.002 (0.006)	Loss 0.0171 (0.0313)	Acc@1 100.000 (99.613)	Acc@5 100.000 (100.000)
Epoch: [95][200/468]	Time 0.113 (0.115)	Data 0.002 (0.004)	Loss 0.0095 (0.0309)	Acc@1 100.000 (99.619)	Acc@5 100.000 (100.000)
Epoch: [95][300/468]	Time 0.117 (0.114)	Data 0.002 (0.004)	Loss 0.0325 (0.0306)	Acc@1 100.000 (99.637)	Acc@5 100.000 (100.000)
Epoch: [95][400/468]	Time 0.118 (0.115)	Data 0.002 (0.003)	Loss 0.0429 (0.0308)	Acc@1 100.000 (99.618)	Acc@5 100.000 (100.000)
 * Acc@1 99.623 Acc@5 100.000
epoch 95, total time 54.04
Test: [0/94]	Time 0.169 (0.169)	Loss 0.7740 (0.7740)	Acc@1 81.250 (81.250)	Acc@5 93.750 (93.750)
 * Acc@1 80.200 Acc@5 95.100
==> training...
Epoch: [96][0/468]	Time 0.443 (0.443)	Data 0.368 (0.368)	Loss 0.0284 (0.0284)	Acc@1 100.000 (100.000)	Acc@5 100.000 (100.000)
Epoch: [96][100/468]	Time 0.113 (0.117)	Data 0.002 (0.006)	Loss 0.0167 (0.0336)	Acc@1 100.000 (99.582)	Acc@5 100.000 (100.000)
Epoch: [96][200/468]	Time 0.112 (0.115)	Data 0.002 (0.004)	Loss 0.0124 (0.0313)	Acc@1 100.000 (99.666)	Acc@5 100.000 (100.000)
Epoch: [96][300/468]	Time 0.112 (0.115)	Data 0.002 (0.004)	Loss 0.0117 (0.0315)	Acc@1 100.000 (99.626)	Acc@5 100.000 (100.000)
Epoch: [96][400/468]	Time 0.115 (0.114)	Data 0.002 (0.003)	Loss 0.0177 (0.0316)	Acc@1 100.000 (99.645)	Acc@5 100.000 (100.000)
 * Acc@1 99.656 Acc@5 100.000
epoch 96, total time 53.55
Test: [0/94]	Time 0.165 (0.165)	Loss 0.7804 (0.7804)	Acc@1 81.250 (81.250)	Acc@5 93.750 (93.750)
 * Acc@1 79.933 Acc@5 95.167
==> training...
Epoch: [97][0/468]	Time 0.464 (0.464)	Data 0.395 (0.395)	Loss 0.0359 (0.0359)	Acc@1 98.438 (98.438)	Acc@5 100.000 (100.000)
Epoch: [97][100/468]	Time 0.112 (0.116)	Data 0.002 (0.007)	Loss 0.0259 (0.0314)	Acc@1 100.000 (99.644)	Acc@5 100.000 (99.985)
Epoch: [97][200/468]	Time 0.116 (0.115)	Data 0.002 (0.005)	Loss 0.0525 (0.0314)	Acc@1 98.438 (99.596)	Acc@5 100.000 (99.984)
Epoch: [97][300/468]	Time 0.112 (0.114)	Data 0.002 (0.004)	Loss 0.0609 (0.0315)	Acc@1 95.312 (99.585)	Acc@5 100.000 (99.990)
Epoch: [97][400/468]	Time 0.114 (0.114)	Data 0.002 (0.004)	Loss 0.0576 (0.0315)	Acc@1 98.438 (99.591)	Acc@5 100.000 (99.992)
 * Acc@1 99.583 Acc@5 99.993
epoch 97, total time 53.30
Test: [0/94]	Time 0.172 (0.172)	Loss 0.7751 (0.7751)	Acc@1 81.250 (81.250)	Acc@5 90.625 (90.625)
 * Acc@1 79.933 Acc@5 95.000
==> training...
Epoch: [98][0/468]	Time 0.457 (0.457)	Data 0.387 (0.387)	Loss 0.0161 (0.0161)	Acc@1 100.000 (100.000)	Acc@5 100.000 (100.000)
Epoch: [98][100/468]	Time 0.116 (0.117)	Data 0.002 (0.007)	Loss 0.0493 (0.0329)	Acc@1 98.438 (99.613)	Acc@5 100.000 (100.000)
Epoch: [98][200/468]	Time 0.113 (0.116)	Data 0.002 (0.005)	Loss 0.0411 (0.0313)	Acc@1 98.438 (99.674)	Acc@5 100.000 (100.000)
Epoch: [98][300/468]	Time 0.113 (0.115)	Data 0.002 (0.004)	Loss 0.0309 (0.0317)	Acc@1 100.000 (99.626)	Acc@5 100.000 (100.000)
Epoch: [98][400/468]	Time 0.113 (0.114)	Data 0.002 (0.004)	Loss 0.0324 (0.0319)	Acc@1 100.000 (99.599)	Acc@5 100.000 (100.000)
 * Acc@1 99.593 Acc@5 100.000
epoch 98, total time 53.46
Test: [0/94]	Time 0.188 (0.188)	Loss 0.7438 (0.7438)	Acc@1 84.375 (84.375)	Acc@5 90.625 (90.625)
 * Acc@1 80.333 Acc@5 95.167
==> training...
Epoch: [99][0/468]	Time 0.448 (0.448)	Data 0.376 (0.376)	Loss 0.0186 (0.0186)	Acc@1 100.000 (100.000)	Acc@5 100.000 (100.000)
Epoch: [99][100/468]	Time 0.115 (0.118)	Data 0.002 (0.007)	Loss 0.0304 (0.0295)	Acc@1 100.000 (99.706)	Acc@5 100.000 (100.000)
Epoch: [99][200/468]	Time 0.113 (0.116)	Data 0.002 (0.005)	Loss 0.0249 (0.0291)	Acc@1 100.000 (99.728)	Acc@5 100.000 (100.000)
Epoch: [99][300/468]	Time 0.113 (0.115)	Data 0.002 (0.004)	Loss 0.0305 (0.0301)	Acc@1 100.000 (99.678)	Acc@5 100.000 (100.000)
Epoch: [99][400/468]	Time 0.113 (0.115)	Data 0.002 (0.004)	Loss 0.0188 (0.0302)	Acc@1 100.000 (99.677)	Acc@5 100.000 (100.000)
 * Acc@1 99.666 Acc@5 100.000
epoch 99, total time 53.71
Test: [0/94]	Time 0.177 (0.177)	Loss 0.7447 (0.7447)	Acc@1 84.375 (84.375)	Acc@5 96.875 (96.875)
 * Acc@1 80.167 Acc@5 94.867
==> training...
Epoch: [100][0/468]	Time 0.429 (0.429)	Data 0.358 (0.358)	Loss 0.0166 (0.0166)	Acc@1 100.000 (100.000)	Acc@5 100.000 (100.000)
Epoch: [100][100/468]	Time 0.115 (0.117)	Data 0.002 (0.006)	Loss 0.0454 (0.0322)	Acc@1 98.438 (99.629)	Acc@5 100.000 (100.000)
Epoch: [100][200/468]	Time 0.114 (0.115)	Data 0.002 (0.004)	Loss 0.0162 (0.0311)	Acc@1 100.000 (99.697)	Acc@5 100.000 (100.000)
Epoch: [100][300/468]	Time 0.113 (0.114)	Data 0.002 (0.004)	Loss 0.0328 (0.0303)	Acc@1 100.000 (99.730)	Acc@5 100.000 (100.000)
Epoch: [100][400/468]	Time 0.114 (0.114)	Data 0.002 (0.003)	Loss 0.0186 (0.0300)	Acc@1 100.000 (99.727)	Acc@5 100.000 (100.000)
 * Acc@1 99.720 Acc@5 100.000
epoch 100, total time 53.39
Test: [0/94]	Time 0.165 (0.165)	Loss 0.7753 (0.7753)	Acc@1 81.250 (81.250)	Acc@5 90.625 (90.625)
 * Acc@1 80.167 Acc@5 95.167
==> Saving...
