Device count:  1
************* Training arguments *************
eval_freq 10
print_freq 100
tb_freq 500
save_freq 100
batch_size 64
num_workers 8
epochs 100
learning_rate 0.05
lr_decay_epochs [60, 80]
lr_decay_rate 0.1
weight_decay 0.0005
momentum 0.9
adam False
eval_only False
model resnet18
dataset miniImageNet
transform A
use_trainval False
cosine False
reload_path 
model_path /home/gridsan/akyurek/git/rfs-incremental/dumped/backbones/continual/resnet18/3
tb_path tb
data_root /home/gridsan/akyurek/git/rfs-incremental/data/miniImageNet
n_test_runs 600
n_ways 5
n_shots 1
n_queries 15
n_aug_support_samples 5
test_batch_size 1
use_episodes False
classifier linear
trial pretrain
continual True
no_dropblock True
set_seed 3
no_linear_bias True
augment_pretrain_wtrainb False
eval_mode None
label_pull None
data_aug True
linear_bias False
model_name miniImageNet_resnet18_classifier_linear
tb_folder tb/miniImageNet_resnet18_classifier_linear
save_folder /home/gridsan/akyurek/git/rfs-incremental/dumped/backbones/continual/resnet18/3
n_gpu 1
git_head_hash ae23b3b
End of arguments.

==> training...
Epoch: [1][0/468]	Time 1.241 (1.241)	Data 0.290 (0.290)	Loss 4.3443 (4.3443)	Acc@1 1.562 (1.562)	Acc@5 6.250 (6.250)
Epoch: [1][100/468]	Time 0.111 (0.121)	Data 0.001 (0.004)	Loss 3.8572 (4.5396)	Acc@1 4.688 (4.301)	Acc@5 23.438 (16.692)
Epoch: [1][200/468]	Time 0.107 (0.115)	Data 0.001 (0.003)	Loss 3.5856 (4.1430)	Acc@1 10.938 (6.491)	Acc@5 35.938 (22.512)
Epoch: [1][300/468]	Time 0.110 (0.113)	Data 0.002 (0.003)	Loss 3.3770 (3.9573)	Acc@1 18.750 (8.342)	Acc@5 42.188 (26.666)
Epoch: [1][400/468]	Time 0.111 (0.113)	Data 0.002 (0.003)	Loss 3.4267 (3.8340)	Acc@1 20.312 (9.644)	Acc@5 45.312 (29.684)
 * Acc@1 10.296 Acc@5 31.243
epoch 1, total time 52.58
Test: [0/94]	Time 0.323 (0.323)	Loss 3.4031 (3.4031)	Acc@1 9.375 (9.375)	Acc@5 34.375 (34.375)
 * Acc@1 13.400 Acc@5 38.967
==> training...
Epoch: [2][0/468]	Time 0.341 (0.341)	Data 0.278 (0.278)	Loss 3.3993 (3.3993)	Acc@1 17.188 (17.188)	Acc@5 37.500 (37.500)
Epoch: [2][100/468]	Time 0.108 (0.111)	Data 0.001 (0.005)	Loss 3.7169 (3.3258)	Acc@1 12.500 (16.770)	Acc@5 26.562 (43.193)
Epoch: [2][200/468]	Time 0.108 (0.110)	Data 0.001 (0.003)	Loss 3.3959 (3.3018)	Acc@1 12.500 (17.156)	Acc@5 32.812 (43.633)
Epoch: [2][300/468]	Time 0.108 (0.109)	Data 0.001 (0.003)	Loss 2.9546 (3.2601)	Acc@1 26.562 (17.842)	Acc@5 53.125 (44.980)
Epoch: [2][400/468]	Time 0.108 (0.109)	Data 0.001 (0.003)	Loss 2.9482 (3.2232)	Acc@1 15.625 (18.668)	Acc@5 51.562 (46.119)
 * Acc@1 19.174 Acc@5 46.892
epoch 2, total time 51.00
Test: [0/94]	Time 0.119 (0.119)	Loss 2.6473 (2.6473)	Acc@1 43.750 (43.750)	Acc@5 56.250 (56.250)
 * Acc@1 19.867 Acc@5 52.633
==> training...
Epoch: [3][0/468]	Time 0.327 (0.327)	Data 0.269 (0.269)	Loss 3.0673 (3.0673)	Acc@1 18.750 (18.750)	Acc@5 51.562 (51.562)
Epoch: [3][100/468]	Time 0.108 (0.123)	Data 0.002 (0.007)	Loss 3.0935 (2.9676)	Acc@1 21.875 (23.283)	Acc@5 50.000 (54.177)
Epoch: [3][200/468]	Time 0.108 (0.116)	Data 0.001 (0.004)	Loss 2.8288 (2.9569)	Acc@1 26.562 (23.585)	Acc@5 53.125 (54.198)
Epoch: [3][300/468]	Time 0.108 (0.113)	Data 0.001 (0.004)	Loss 2.8570 (2.9222)	Acc@1 28.125 (24.268)	Acc@5 53.125 (54.817)
Epoch: [3][400/468]	Time 0.108 (0.112)	Data 0.001 (0.003)	Loss 2.6003 (2.8862)	Acc@1 28.125 (25.062)	Acc@5 65.625 (55.872)
 * Acc@1 25.447 Acc@5 56.447
epoch 3, total time 52.13
Test: [0/94]	Time 5.756 (5.756)	Loss 2.2216 (2.2216)	Acc@1 40.625 (40.625)	Acc@5 59.375 (59.375)
 * Acc@1 29.000 Acc@5 60.700
==> training...
Epoch: [4][0/468]	Time 0.410 (0.410)	Data 0.347 (0.347)	Loss 2.6536 (2.6536)	Acc@1 31.250 (31.250)	Acc@5 64.062 (64.062)
Epoch: [4][100/468]	Time 0.108 (0.111)	Data 0.001 (0.005)	Loss 2.9321 (2.6697)	Acc@1 21.875 (29.657)	Acc@5 51.562 (62.283)
Epoch: [4][200/468]	Time 0.109 (0.109)	Data 0.001 (0.004)	Loss 2.3443 (2.6255)	Acc@1 42.188 (30.574)	Acc@5 68.750 (63.075)
Epoch: [4][300/468]	Time 0.108 (0.109)	Data 0.001 (0.003)	Loss 2.4775 (2.5978)	Acc@1 28.125 (31.084)	Acc@5 67.188 (63.787)
Epoch: [4][400/468]	Time 0.108 (0.109)	Data 0.001 (0.003)	Loss 2.6239 (2.5738)	Acc@1 23.438 (31.636)	Acc@5 67.188 (64.331)
 * Acc@1 32.255 Acc@5 64.760
epoch 4, total time 50.93
Test: [0/94]	Time 0.227 (0.227)	Loss 2.2095 (2.2095)	Acc@1 40.625 (40.625)	Acc@5 75.000 (75.000)
 * Acc@1 36.400 Acc@5 67.933
==> training...
Epoch: [5][0/468]	Time 0.323 (0.323)	Data 0.264 (0.264)	Loss 2.2225 (2.2225)	Acc@1 40.625 (40.625)	Acc@5 71.875 (71.875)
Epoch: [5][100/468]	Time 0.108 (0.110)	Data 0.001 (0.005)	Loss 2.0779 (2.3700)	Acc@1 43.750 (36.371)	Acc@5 79.688 (68.998)
Epoch: [5][200/468]	Time 0.109 (0.109)	Data 0.001 (0.003)	Loss 2.3533 (2.3523)	Acc@1 29.688 (36.738)	Acc@5 71.875 (69.240)
Epoch: [5][300/468]	Time 0.107 (0.113)	Data 0.001 (0.005)	Loss 1.8616 (2.3234)	Acc@1 46.875 (37.391)	Acc@5 85.938 (69.726)
Epoch: [5][400/468]	Time 0.109 (0.112)	Data 0.001 (0.005)	Loss 1.9033 (2.3007)	Acc@1 40.625 (37.917)	Acc@5 85.938 (70.422)
 * Acc@1 38.391 Acc@5 70.770
epoch 5, total time 52.26
Test: [0/94]	Time 0.543 (0.543)	Loss 2.4240 (2.4240)	Acc@1 31.250 (31.250)	Acc@5 62.500 (62.500)
 * Acc@1 38.700 Acc@5 69.900
==> training...
Epoch: [6][0/468]	Time 0.370 (0.370)	Data 0.311 (0.311)	Loss 1.9186 (1.9186)	Acc@1 48.438 (48.438)	Acc@5 82.812 (82.812)
Epoch: [6][100/468]	Time 0.109 (0.111)	Data 0.001 (0.006)	Loss 2.3243 (2.1332)	Acc@1 39.062 (42.095)	Acc@5 73.438 (74.226)
Epoch: [6][200/468]	Time 0.109 (0.109)	Data 0.001 (0.004)	Loss 2.2960 (2.1161)	Acc@1 37.500 (42.374)	Acc@5 70.312 (74.627)
Epoch: [6][300/468]	Time 0.108 (0.116)	Data 0.002 (0.004)	Loss 2.1918 (2.1011)	Acc@1 42.188 (42.764)	Acc@5 75.000 (74.751)
Epoch: [6][400/468]	Time 0.109 (0.114)	Data 0.002 (0.003)	Loss 1.9212 (2.0919)	Acc@1 48.438 (42.951)	Acc@5 81.250 (75.101)
 * Acc@1 43.209 Acc@5 75.214
epoch 6, total time 53.01
Test: [0/94]	Time 0.663 (0.663)	Loss 1.9541 (1.9541)	Acc@1 50.000 (50.000)	Acc@5 71.875 (71.875)
 * Acc@1 43.033 Acc@5 75.233
==> training...
Epoch: [7][0/468]	Time 0.340 (0.340)	Data 0.278 (0.278)	Loss 1.7295 (1.7295)	Acc@1 53.125 (53.125)	Acc@5 85.938 (85.938)
Epoch: [7][100/468]	Time 0.108 (0.111)	Data 0.001 (0.005)	Loss 1.7527 (1.9532)	Acc@1 53.125 (45.158)	Acc@5 76.562 (77.816)
Epoch: [7][200/468]	Time 0.108 (0.110)	Data 0.001 (0.004)	Loss 1.8636 (1.9334)	Acc@1 54.688 (45.927)	Acc@5 76.562 (78.265)
Epoch: [7][300/468]	Time 0.111 (0.110)	Data 0.002 (0.003)	Loss 1.8688 (1.9204)	Acc@1 51.562 (46.626)	Acc@5 73.438 (78.675)
Epoch: [7][400/468]	Time 0.108 (0.109)	Data 0.001 (0.003)	Loss 1.7222 (1.9135)	Acc@1 56.250 (46.965)	Acc@5 84.375 (78.900)
 * Acc@1 46.928 Acc@5 78.806
epoch 7, total time 51.33
Test: [0/94]	Time 0.127 (0.127)	Loss 2.0149 (2.0149)	Acc@1 43.750 (43.750)	Acc@5 68.750 (68.750)
 * Acc@1 45.067 Acc@5 75.500
==> training...
Epoch: [8][0/468]	Time 0.418 (0.418)	Data 0.287 (0.287)	Loss 1.8040 (1.8040)	Acc@1 57.812 (57.812)	Acc@5 75.000 (75.000)
Epoch: [8][100/468]	Time 0.108 (0.113)	Data 0.002 (0.005)	Loss 1.8321 (1.8207)	Acc@1 46.875 (49.706)	Acc@5 76.562 (80.012)
Epoch: [8][200/468]	Time 0.110 (0.112)	Data 0.002 (0.004)	Loss 1.8847 (1.8039)	Acc@1 46.875 (49.899)	Acc@5 78.125 (80.597)
Epoch: [8][300/468]	Time 0.108 (0.111)	Data 0.001 (0.003)	Loss 1.6903 (1.7903)	Acc@1 53.125 (50.228)	Acc@5 81.250 (80.954)
Epoch: [8][400/468]	Time 0.109 (0.110)	Data 0.002 (0.003)	Loss 1.9870 (1.7908)	Acc@1 40.625 (50.199)	Acc@5 78.125 (80.942)
 * Acc@1 50.114 Acc@5 81.033
epoch 8, total time 51.74
Test: [0/94]	Time 0.191 (0.191)	Loss 1.9141 (1.9141)	Acc@1 40.625 (40.625)	Acc@5 68.750 (68.750)
 * Acc@1 47.267 Acc@5 77.967
==> training...
Epoch: [9][0/468]	Time 0.341 (0.341)	Data 0.280 (0.280)	Loss 1.4869 (1.4869)	Acc@1 60.938 (60.938)	Acc@5 84.375 (84.375)
Epoch: [9][100/468]	Time 0.107 (0.112)	Data 0.001 (0.005)	Loss 1.8208 (1.6670)	Acc@1 48.438 (53.388)	Acc@5 85.938 (83.679)
Epoch: [9][200/468]	Time 0.110 (0.117)	Data 0.002 (0.004)	Loss 1.6984 (1.6763)	Acc@1 50.000 (52.993)	Acc@5 89.062 (83.349)
Epoch: [9][300/468]	Time 0.111 (0.115)	Data 0.002 (0.003)	Loss 1.5394 (1.6719)	Acc@1 65.625 (52.959)	Acc@5 82.812 (83.482)
Epoch: [9][400/468]	Time 0.110 (0.115)	Data 0.002 (0.003)	Loss 1.4495 (1.6729)	Acc@1 57.812 (53.051)	Acc@5 89.062 (83.366)
 * Acc@1 52.975 Acc@5 83.100
epoch 9, total time 53.65
Test: [0/94]	Time 1.067 (1.067)	Loss 1.5157 (1.5157)	Acc@1 56.250 (56.250)	Acc@5 90.625 (90.625)
 * Acc@1 50.333 Acc@5 81.100
==> training...
Epoch: [10][0/468]	Time 0.354 (0.354)	Data 0.291 (0.291)	Loss 1.7781 (1.7781)	Acc@1 43.750 (43.750)	Acc@5 82.812 (82.812)
Epoch: [10][100/468]	Time 0.109 (0.113)	Data 0.002 (0.005)	Loss 1.6563 (1.5471)	Acc@1 51.562 (56.111)	Acc@5 82.812 (85.442)
Epoch: [10][200/468]	Time 0.109 (0.111)	Data 0.002 (0.004)	Loss 1.4099 (1.5575)	Acc@1 59.375 (55.729)	Acc@5 84.375 (85.129)
Epoch: [10][300/468]	Time 0.109 (0.111)	Data 0.002 (0.003)	Loss 2.2203 (1.5827)	Acc@1 46.875 (55.259)	Acc@5 70.312 (84.697)
Epoch: [10][400/468]	Time 0.109 (0.110)	Data 0.001 (0.003)	Loss 2.0666 (1.5837)	Acc@1 42.188 (55.295)	Acc@5 73.438 (84.730)
 * Acc@1 55.295 Acc@5 84.769
epoch 10, total time 51.67
Test: [0/94]	Time 0.120 (0.120)	Loss 1.4020 (1.4020)	Acc@1 53.125 (53.125)	Acc@5 87.500 (87.500)
 * Acc@1 54.933 Acc@5 83.833
==> training...
Epoch: [11][0/468]	Time 0.312 (0.312)	Data 0.254 (0.254)	Loss 1.8100 (1.8100)	Acc@1 59.375 (59.375)	Acc@5 81.250 (81.250)
Epoch: [11][100/468]	Time 0.111 (0.111)	Data 0.002 (0.005)	Loss 1.1575 (1.4782)	Acc@1 68.750 (57.627)	Acc@5 90.625 (86.293)
Epoch: [11][200/468]	Time 0.110 (0.110)	Data 0.002 (0.003)	Loss 1.3864 (1.4985)	Acc@1 56.250 (57.618)	Acc@5 87.500 (86.077)
Epoch: [11][300/468]	Time 0.110 (0.110)	Data 0.002 (0.003)	Loss 1.3983 (1.5052)	Acc@1 64.062 (57.434)	Acc@5 85.938 (85.777)
Epoch: [11][400/468]	Time 0.111 (0.110)	Data 0.002 (0.003)	Loss 1.6038 (1.5027)	Acc@1 53.125 (57.536)	Acc@5 78.125 (85.797)
 * Acc@1 57.616 Acc@5 85.731
epoch 11, total time 53.20
Test: [0/94]	Time 0.303 (0.303)	Loss 1.5753 (1.5753)	Acc@1 56.250 (56.250)	Acc@5 84.375 (84.375)
 * Acc@1 51.167 Acc@5 82.967
==> training...
Epoch: [12][0/468]	Time 0.349 (0.349)	Data 0.287 (0.287)	Loss 0.9891 (0.9891)	Acc@1 75.000 (75.000)	Acc@5 93.750 (93.750)
Epoch: [12][100/468]	Time 0.107 (0.134)	Data 0.002 (0.005)	Loss 1.1865 (1.3943)	Acc@1 64.062 (60.551)	Acc@5 89.062 (87.299)
Epoch: [12][200/468]	Time 0.110 (0.122)	Data 0.002 (0.004)	Loss 1.1098 (1.4151)	Acc@1 64.062 (60.323)	Acc@5 93.750 (87.383)
Epoch: [12][300/468]	Time 0.110 (0.118)	Data 0.002 (0.003)	Loss 1.4569 (1.4122)	Acc@1 56.250 (60.143)	Acc@5 87.500 (87.407)
Epoch: [12][400/468]	Time 0.108 (0.116)	Data 0.001 (0.003)	Loss 1.4419 (1.4244)	Acc@1 59.375 (59.546)	Acc@5 89.062 (87.216)
 * Acc@1 59.625 Acc@5 87.109
epoch 12, total time 53.79
Test: [0/94]	Time 0.672 (0.672)	Loss 1.4317 (1.4317)	Acc@1 56.250 (56.250)	Acc@5 84.375 (84.375)
 * Acc@1 52.800 Acc@5 83.000
==> training...
Epoch: [13][0/468]	Time 0.343 (0.343)	Data 0.282 (0.282)	Loss 1.3697 (1.3697)	Acc@1 53.125 (53.125)	Acc@5 87.500 (87.500)
Epoch: [13][100/468]	Time 0.110 (0.112)	Data 0.002 (0.006)	Loss 1.0299 (1.3425)	Acc@1 60.938 (61.603)	Acc@5 96.875 (88.227)
Epoch: [13][200/468]	Time 0.109 (0.111)	Data 0.001 (0.004)	Loss 1.0707 (1.3503)	Acc@1 64.062 (61.388)	Acc@5 95.312 (88.479)
Epoch: [13][300/468]	Time 0.108 (0.111)	Data 0.002 (0.003)	Loss 1.4549 (1.3685)	Acc@1 56.250 (60.989)	Acc@5 87.500 (88.128)
Epoch: [13][400/468]	Time 0.108 (0.110)	Data 0.001 (0.003)	Loss 1.4132 (1.3745)	Acc@1 62.500 (61.062)	Acc@5 81.250 (87.886)
 * Acc@1 60.941 Acc@5 87.824
epoch 13, total time 51.54
Test: [0/94]	Time 0.119 (0.119)	Loss 1.5084 (1.5084)	Acc@1 50.000 (50.000)	Acc@5 75.000 (75.000)
 * Acc@1 54.700 Acc@5 84.300
==> training...
Epoch: [14][0/468]	Time 0.323 (0.323)	Data 0.262 (0.262)	Loss 0.9844 (0.9844)	Acc@1 68.750 (68.750)	Acc@5 95.312 (95.312)
Epoch: [14][100/468]	Time 0.111 (0.112)	Data 0.002 (0.005)	Loss 1.5177 (1.2567)	Acc@1 48.438 (63.382)	Acc@5 92.188 (89.372)
Epoch: [14][200/468]	Time 0.110 (0.111)	Data 0.002 (0.004)	Loss 1.1563 (1.2977)	Acc@1 64.062 (62.539)	Acc@5 90.625 (88.845)
Epoch: [14][300/468]	Time 0.110 (0.111)	Data 0.002 (0.003)	Loss 1.5199 (1.2983)	Acc@1 64.062 (62.676)	Acc@5 81.250 (88.860)
Epoch: [14][400/468]	Time 0.107 (0.111)	Data 0.001 (0.003)	Loss 1.1901 (1.3063)	Acc@1 68.750 (62.496)	Acc@5 89.062 (88.665)
 * Acc@1 62.427 Acc@5 88.545
epoch 14, total time 51.74
Test: [0/94]	Time 0.123 (0.123)	Loss 1.9167 (1.9167)	Acc@1 43.750 (43.750)	Acc@5 81.250 (81.250)
 * Acc@1 55.400 Acc@5 85.067
==> training...
Epoch: [15][0/468]	Time 0.337 (0.337)	Data 0.275 (0.275)	Loss 1.0871 (1.0871)	Acc@1 67.188 (67.188)	Acc@5 90.625 (90.625)
Epoch: [15][100/468]	Time 0.110 (0.118)	Data 0.002 (0.006)	Loss 1.2820 (1.2488)	Acc@1 60.938 (63.769)	Acc@5 87.500 (89.325)
Epoch: [15][200/468]	Time 0.109 (0.114)	Data 0.002 (0.004)	Loss 1.3267 (1.2658)	Acc@1 59.375 (63.822)	Acc@5 87.500 (89.249)
Epoch: [15][300/468]	Time 0.111 (0.112)	Data 0.002 (0.004)	Loss 1.1190 (1.2693)	Acc@1 65.625 (63.652)	Acc@5 89.062 (89.213)
Epoch: [15][400/468]	Time 0.109 (0.112)	Data 0.002 (0.003)	Loss 1.0647 (1.2721)	Acc@1 70.312 (63.720)	Acc@5 95.312 (89.199)
 * Acc@1 63.779 Acc@5 89.290
epoch 15, total time 52.30
Test: [0/94]	Time 0.503 (0.503)	Loss 1.4148 (1.4148)	Acc@1 59.375 (59.375)	Acc@5 78.125 (78.125)
 * Acc@1 56.300 Acc@5 85.767
==> training...
Epoch: [16][0/468]	Time 0.324 (0.324)	Data 0.260 (0.260)	Loss 1.0352 (1.0352)	Acc@1 71.875 (71.875)	Acc@5 90.625 (90.625)
Epoch: [16][100/468]	Time 0.110 (0.113)	Data 0.002 (0.005)	Loss 1.0725 (1.1918)	Acc@1 67.188 (65.702)	Acc@5 89.062 (90.316)
Epoch: [16][200/468]	Time 0.111 (0.111)	Data 0.002 (0.004)	Loss 1.4986 (1.2049)	Acc@1 56.250 (64.887)	Acc@5 82.812 (90.135)
Epoch: [16][300/468]	Time 0.109 (0.118)	Data 0.002 (0.003)	Loss 1.4978 (1.2282)	Acc@1 53.125 (64.374)	Acc@5 84.375 (89.753)
Epoch: [16][400/468]	Time 0.111 (0.116)	Data 0.002 (0.003)	Loss 1.2859 (1.2329)	Acc@1 64.062 (64.355)	Acc@5 92.188 (89.698)
 * Acc@1 64.360 Acc@5 89.640
epoch 16, total time 54.02
Test: [0/94]	Time 0.468 (0.468)	Loss 1.1901 (1.1901)	Acc@1 71.875 (71.875)	Acc@5 81.250 (81.250)
 * Acc@1 58.167 Acc@5 85.067
==> training...
Epoch: [17][0/468]	Time 0.323 (0.323)	Data 0.260 (0.260)	Loss 1.2653 (1.2653)	Acc@1 59.375 (59.375)	Acc@5 87.500 (87.500)
Epoch: [17][100/468]	Time 0.109 (0.114)	Data 0.002 (0.005)	Loss 1.0117 (1.1291)	Acc@1 70.312 (67.636)	Acc@5 95.312 (91.275)
Epoch: [17][200/468]	Time 0.111 (0.112)	Data 0.002 (0.004)	Loss 1.6005 (1.1547)	Acc@1 48.438 (66.760)	Acc@5 84.375 (90.998)
Epoch: [17][300/468]	Time 0.109 (0.115)	Data 0.002 (0.006)	Loss 1.1883 (1.1726)	Acc@1 64.062 (66.497)	Acc@5 90.625 (90.739)
Epoch: [17][400/468]	Time 0.110 (0.117)	Data 0.002 (0.005)	Loss 1.2243 (1.1884)	Acc@1 65.625 (66.003)	Acc@5 90.625 (90.547)
 * Acc@1 65.688 Acc@5 90.301
epoch 17, total time 54.55
Test: [0/94]	Time 1.686 (1.686)	Loss 1.3647 (1.3647)	Acc@1 53.125 (53.125)	Acc@5 87.500 (87.500)
 * Acc@1 62.433 Acc@5 87.567
==> training...
Epoch: [18][0/468]	Time 0.423 (0.423)	Data 0.360 (0.360)	Loss 1.3077 (1.3077)	Acc@1 64.062 (64.062)	Acc@5 87.500 (87.500)
Epoch: [18][100/468]	Time 0.109 (0.115)	Data 0.002 (0.007)	Loss 1.1586 (1.0995)	Acc@1 67.188 (68.533)	Acc@5 85.938 (91.739)
Epoch: [18][200/468]	Time 0.111 (0.113)	Data 0.002 (0.005)	Loss 1.2319 (1.1462)	Acc@1 57.812 (67.203)	Acc@5 92.188 (91.060)
Epoch: [18][300/468]	Time 0.108 (0.112)	Data 0.002 (0.004)	Loss 1.1747 (1.1524)	Acc@1 67.188 (67.068)	Acc@5 93.750 (90.988)
Epoch: [18][400/468]	Time 0.111 (0.111)	Data 0.002 (0.004)	Loss 1.1097 (1.1684)	Acc@1 68.750 (66.564)	Acc@5 93.750 (90.648)
 * Acc@1 66.473 Acc@5 90.715
epoch 18, total time 52.16
Test: [0/94]	Time 0.123 (0.123)	Loss 1.7884 (1.7884)	Acc@1 56.250 (56.250)	Acc@5 68.750 (68.750)
 * Acc@1 59.000 Acc@5 85.367
==> training...
Epoch: [19][0/468]	Time 0.324 (0.324)	Data 0.259 (0.259)	Loss 1.2362 (1.2362)	Acc@1 59.375 (59.375)	Acc@5 96.875 (96.875)
Epoch: [19][100/468]	Time 0.108 (0.113)	Data 0.002 (0.006)	Loss 1.1286 (1.0498)	Acc@1 67.188 (70.158)	Acc@5 93.750 (92.342)
Epoch: [19][200/468]	Time 0.110 (0.112)	Data 0.002 (0.004)	Loss 1.0302 (1.0935)	Acc@1 70.312 (68.742)	Acc@5 90.625 (91.651)
Epoch: [19][300/468]	Time 0.110 (0.111)	Data 0.002 (0.003)	Loss 1.2441 (1.1102)	Acc@1 67.188 (68.288)	Acc@5 92.188 (91.404)
Epoch: [19][400/468]	Time 0.108 (0.111)	Data 0.002 (0.003)	Loss 1.1203 (1.1338)	Acc@1 68.750 (67.476)	Acc@5 85.938 (91.073)
 * Acc@1 67.184 Acc@5 90.962
epoch 19, total time 51.93
Test: [0/94]	Time 0.120 (0.120)	Loss 1.3628 (1.3628)	Acc@1 62.500 (62.500)	Acc@5 90.625 (90.625)
 * Acc@1 58.133 Acc@5 84.767
==> training...
Epoch: [20][0/468]	Time 0.327 (0.327)	Data 0.258 (0.258)	Loss 1.1893 (1.1893)	Acc@1 65.625 (65.625)	Acc@5 93.750 (93.750)
Epoch: [20][100/468]	Time 0.109 (0.111)	Data 0.002 (0.005)	Loss 1.1059 (1.0414)	Acc@1 73.438 (70.235)	Acc@5 92.188 (92.435)
Epoch: [20][200/468]	Time 0.111 (0.120)	Data 0.002 (0.004)	Loss 1.1298 (1.0609)	Acc@1 67.188 (69.621)	Acc@5 89.062 (91.978)
Epoch: [20][300/468]	Time 0.110 (0.117)	Data 0.002 (0.003)	Loss 1.1684 (1.0798)	Acc@1 65.625 (68.849)	Acc@5 92.188 (91.855)
Epoch: [20][400/468]	Time 0.111 (0.115)	Data 0.002 (0.003)	Loss 1.1637 (1.0974)	Acc@1 60.938 (68.236)	Acc@5 93.750 (91.724)
 * Acc@1 68.139 Acc@5 91.543
epoch 20, total time 53.62
Test: [0/94]	Time 0.622 (0.622)	Loss 1.4824 (1.4824)	Acc@1 62.500 (62.500)	Acc@5 87.500 (87.500)
 * Acc@1 61.467 Acc@5 87.367
==> training...
Epoch: [21][0/468]	Time 0.336 (0.336)	Data 0.271 (0.271)	Loss 0.7643 (0.7643)	Acc@1 78.125 (78.125)	Acc@5 96.875 (96.875)
Epoch: [21][100/468]	Time 0.111 (0.126)	Data 0.002 (0.006)	Loss 1.2254 (1.0543)	Acc@1 59.375 (69.322)	Acc@5 90.625 (92.079)
Epoch: [21][200/468]	Time 0.108 (0.119)	Data 0.002 (0.004)	Loss 1.0846 (1.0805)	Acc@1 71.875 (68.711)	Acc@5 89.062 (91.985)
Epoch: [21][300/468]	Time 0.111 (0.116)	Data 0.002 (0.004)	Loss 1.0593 (1.0734)	Acc@1 68.750 (69.015)	Acc@5 89.062 (92.047)
Epoch: [21][400/468]	Time 0.111 (0.115)	Data 0.002 (0.003)	Loss 1.4768 (1.0841)	Acc@1 54.688 (68.676)	Acc@5 89.062 (91.899)
 * Acc@1 68.510 Acc@5 91.824
epoch 21, total time 53.83
Test: [0/94]	Time 1.478 (1.478)	Loss 1.4679 (1.4679)	Acc@1 56.250 (56.250)	Acc@5 87.500 (87.500)
 * Acc@1 61.033 Acc@5 86.433
==> training...
Epoch: [22][0/468]	Time 0.585 (0.585)	Data 0.522 (0.522)	Loss 1.2177 (1.2177)	Acc@1 62.500 (62.500)	Acc@5 90.625 (90.625)
Epoch: [22][100/468]	Time 0.109 (0.116)	Data 0.002 (0.008)	Loss 1.0116 (0.9771)	Acc@1 71.875 (71.921)	Acc@5 93.750 (93.301)
Epoch: [22][200/468]	Time 0.110 (0.112)	Data 0.002 (0.005)	Loss 0.9002 (1.0212)	Acc@1 73.438 (70.499)	Acc@5 95.312 (92.910)
Epoch: [22][300/468]	Time 0.111 (0.112)	Data 0.002 (0.004)	Loss 1.1662 (1.0480)	Acc@1 76.562 (69.648)	Acc@5 89.062 (92.530)
Epoch: [22][400/468]	Time 0.110 (0.111)	Data 0.002 (0.004)	Loss 0.9522 (1.0577)	Acc@1 73.438 (69.428)	Acc@5 92.188 (92.367)
 * Acc@1 69.388 Acc@5 92.264
epoch 22, total time 52.13
Test: [0/94]	Time 0.119 (0.119)	Loss 1.1005 (1.1005)	Acc@1 62.500 (62.500)	Acc@5 90.625 (90.625)
 * Acc@1 62.800 Acc@5 88.000
==> training...
Epoch: [23][0/468]	Time 0.332 (0.332)	Data 0.263 (0.263)	Loss 0.7299 (0.7299)	Acc@1 75.000 (75.000)	Acc@5 95.312 (95.312)
Epoch: [23][100/468]	Time 0.112 (0.113)	Data 0.002 (0.005)	Loss 0.8399 (0.9657)	Acc@1 70.312 (71.782)	Acc@5 95.312 (93.348)
Epoch: [23][200/468]	Time 0.111 (0.112)	Data 0.002 (0.004)	Loss 1.2127 (0.9913)	Acc@1 57.812 (71.035)	Acc@5 90.625 (93.097)
Epoch: [23][300/468]	Time 0.111 (0.111)	Data 0.002 (0.003)	Loss 1.5258 (1.0204)	Acc@1 60.938 (70.473)	Acc@5 84.375 (92.634)
Epoch: [23][400/468]	Time 0.111 (0.111)	Data 0.002 (0.003)	Loss 0.9590 (1.0349)	Acc@1 71.875 (70.098)	Acc@5 90.625 (92.472)
 * Acc@1 70.065 Acc@5 92.374
epoch 23, total time 52.09
Test: [0/94]	Time 0.123 (0.123)	Loss 1.2501 (1.2501)	Acc@1 65.625 (65.625)	Acc@5 87.500 (87.500)
 * Acc@1 61.167 Acc@5 86.867
==> training...
Epoch: [24][0/468]	Time 0.355 (0.355)	Data 0.296 (0.296)	Loss 0.8555 (0.8555)	Acc@1 68.750 (68.750)	Acc@5 95.312 (95.312)
Epoch: [24][100/468]	Time 0.110 (0.113)	Data 0.002 (0.005)	Loss 0.6436 (0.9412)	Acc@1 81.250 (72.695)	Acc@5 98.438 (93.920)
Epoch: [24][200/468]	Time 0.110 (0.120)	Data 0.002 (0.008)	Loss 1.2612 (0.9739)	Acc@1 62.500 (71.447)	Acc@5 95.312 (93.245)
Epoch: [24][300/468]	Time 0.108 (0.117)	Data 0.002 (0.006)	Loss 1.0496 (1.0015)	Acc@1 67.188 (70.567)	Acc@5 93.750 (93.091)
Epoch: [24][400/468]	Time 0.111 (0.115)	Data 0.002 (0.005)	Loss 1.2552 (1.0213)	Acc@1 59.375 (70.098)	Acc@5 90.625 (92.706)
 * Acc@1 69.949 Acc@5 92.608
epoch 24, total time 55.91
Test: [0/94]	Time 1.177 (1.177)	Loss 1.3212 (1.3212)	Acc@1 65.625 (65.625)	Acc@5 84.375 (84.375)
 * Acc@1 60.767 Acc@5 86.867
==> training...
Epoch: [25][0/468]	Time 0.429 (0.429)	Data 0.364 (0.364)	Loss 0.6897 (0.6897)	Acc@1 70.312 (70.312)	Acc@5 98.438 (98.438)
Epoch: [25][100/468]	Time 0.113 (0.113)	Data 0.002 (0.006)	Loss 0.8227 (0.9268)	Acc@1 78.125 (73.267)	Acc@5 96.875 (93.611)
Epoch: [25][200/468]	Time 0.110 (0.112)	Data 0.002 (0.004)	Loss 0.9014 (0.9493)	Acc@1 75.000 (72.427)	Acc@5 95.312 (93.361)
Epoch: [25][300/468]	Time 0.110 (0.112)	Data 0.002 (0.004)	Loss 0.7561 (0.9656)	Acc@1 79.688 (72.015)	Acc@5 95.312 (93.252)
Epoch: [25][400/468]	Time 0.111 (0.112)	Data 0.002 (0.003)	Loss 1.3917 (0.9977)	Acc@1 64.062 (70.979)	Acc@5 84.375 (92.869)
 * Acc@1 70.730 Acc@5 92.748
epoch 25, total time 52.28
Test: [0/94]	Time 0.124 (0.124)	Loss 1.5206 (1.5206)	Acc@1 56.250 (56.250)	Acc@5 87.500 (87.500)
 * Acc@1 62.500 Acc@5 87.933
==> training...
Epoch: [26][0/468]	Time 0.323 (0.323)	Data 0.260 (0.260)	Loss 0.9412 (0.9412)	Acc@1 70.312 (70.312)	Acc@5 96.875 (96.875)
Epoch: [26][100/468]	Time 0.110 (0.113)	Data 0.002 (0.006)	Loss 0.9598 (0.8907)	Acc@1 75.000 (73.747)	Acc@5 93.750 (94.338)
Epoch: [26][200/468]	Time 0.110 (0.112)	Data 0.002 (0.004)	Loss 1.0436 (0.9430)	Acc@1 71.875 (72.567)	Acc@5 92.188 (93.556)
Epoch: [26][300/468]	Time 0.112 (0.111)	Data 0.002 (0.004)	Loss 1.0572 (0.9617)	Acc@1 73.438 (72.026)	Acc@5 90.625 (93.418)
Epoch: [26][400/468]	Time 0.108 (0.111)	Data 0.002 (0.004)	Loss 1.2246 (0.9851)	Acc@1 67.188 (71.376)	Acc@5 85.938 (93.084)
 * Acc@1 71.100 Acc@5 93.046
epoch 26, total time 51.82
Test: [0/94]	Time 0.385 (0.385)	Loss 1.3330 (1.3330)	Acc@1 62.500 (62.500)	Acc@5 87.500 (87.500)
 * Acc@1 60.567 Acc@5 86.700
==> training...
Epoch: [27][0/468]	Time 0.334 (0.334)	Data 0.271 (0.271)	Loss 1.0484 (1.0484)	Acc@1 67.188 (67.188)	Acc@5 93.750 (93.750)
Epoch: [27][100/468]	Time 0.110 (0.111)	Data 0.002 (0.005)	Loss 1.0538 (0.8908)	Acc@1 71.875 (73.963)	Acc@5 92.188 (94.446)
Epoch: [27][200/468]	Time 0.109 (0.110)	Data 0.002 (0.004)	Loss 1.1480 (0.9233)	Acc@1 65.625 (73.259)	Acc@5 96.875 (94.115)
Epoch: [27][300/468]	Time 0.109 (0.110)	Data 0.002 (0.003)	Loss 0.7505 (0.9506)	Acc@1 79.688 (72.529)	Acc@5 96.875 (93.610)
Epoch: [27][400/468]	Time 0.110 (0.110)	Data 0.002 (0.003)	Loss 0.8430 (0.9627)	Acc@1 75.000 (72.062)	Acc@5 95.312 (93.481)
 * Acc@1 71.848 Acc@5 93.349
epoch 27, total time 51.66
Test: [0/94]	Time 0.115 (0.115)	Loss 1.5014 (1.5014)	Acc@1 65.625 (65.625)	Acc@5 78.125 (78.125)
 * Acc@1 61.667 Acc@5 87.733
==> training...
Epoch: [28][0/468]	Time 0.344 (0.344)	Data 0.280 (0.280)	Loss 1.1698 (1.1698)	Acc@1 65.625 (65.625)	Acc@5 84.375 (84.375)
Epoch: [28][100/468]	Time 0.111 (0.111)	Data 0.002 (0.005)	Loss 0.9543 (0.8573)	Acc@1 75.000 (74.768)	Acc@5 89.062 (94.554)
Epoch: [28][200/468]	Time 0.111 (0.111)	Data 0.002 (0.004)	Loss 1.0559 (0.9095)	Acc@1 64.062 (72.932)	Acc@5 90.625 (94.038)
Epoch: [28][300/468]	Time 0.111 (0.111)	Data 0.002 (0.003)	Loss 1.2077 (0.9287)	Acc@1 65.625 (72.602)	Acc@5 92.188 (93.636)
Epoch: [28][400/468]	Time 0.109 (0.115)	Data 0.002 (0.003)	Loss 1.1823 (0.9468)	Acc@1 68.750 (72.237)	Acc@5 89.062 (93.399)
 * Acc@1 71.989 Acc@5 93.313
epoch 28, total time 53.60
Test: [0/94]	Time 0.310 (0.310)	Loss 1.5158 (1.5158)	Acc@1 53.125 (53.125)	Acc@5 81.250 (81.250)
 * Acc@1 63.033 Acc@5 86.967
==> training...
Epoch: [29][0/468]	Time 0.376 (0.376)	Data 0.315 (0.315)	Loss 0.9277 (0.9277)	Acc@1 76.562 (76.562)	Acc@5 92.188 (92.188)
Epoch: [29][100/468]	Time 0.109 (0.113)	Data 0.002 (0.006)	Loss 0.7362 (0.8737)	Acc@1 78.125 (74.551)	Acc@5 92.188 (94.276)
Epoch: [29][200/468]	Time 0.109 (0.119)	Data 0.002 (0.005)	Loss 0.7020 (0.9005)	Acc@1 81.250 (73.694)	Acc@5 95.312 (94.030)
Epoch: [29][300/468]	Time 0.112 (0.116)	Data 0.002 (0.004)	Loss 1.0217 (0.9193)	Acc@1 76.562 (73.204)	Acc@5 85.938 (93.833)
Epoch: [29][400/468]	Time 0.110 (0.115)	Data 0.002 (0.004)	Loss 1.0877 (0.9371)	Acc@1 71.875 (72.674)	Acc@5 92.188 (93.653)
 * Acc@1 72.476 Acc@5 93.536
epoch 29, total time 53.49
Test: [0/94]	Time 0.596 (0.596)	Loss 1.1555 (1.1555)	Acc@1 65.625 (65.625)	Acc@5 93.750 (93.750)
 * Acc@1 64.967 Acc@5 89.367
==> training...
Epoch: [30][0/468]	Time 0.390 (0.390)	Data 0.329 (0.329)	Loss 0.8678 (0.8678)	Acc@1 71.875 (71.875)	Acc@5 95.312 (95.312)
Epoch: [30][100/468]	Time 0.110 (0.113)	Data 0.002 (0.006)	Loss 0.6716 (0.8538)	Acc@1 82.812 (74.474)	Acc@5 98.438 (95.158)
Epoch: [30][200/468]	Time 0.111 (0.111)	Data 0.002 (0.004)	Loss 0.9452 (0.8871)	Acc@1 67.188 (73.710)	Acc@5 92.188 (94.450)
Epoch: [30][300/468]	Time 0.108 (0.111)	Data 0.001 (0.003)	Loss 1.1320 (0.9072)	Acc@1 62.500 (73.204)	Acc@5 90.625 (94.207)
Epoch: [30][400/468]	Time 0.110 (0.111)	Data 0.002 (0.003)	Loss 0.5860 (0.9282)	Acc@1 87.500 (72.752)	Acc@5 96.875 (93.777)
 * Acc@1 72.533 Acc@5 93.680
epoch 30, total time 51.87
Test: [0/94]	Time 0.570 (0.570)	Loss 1.2633 (1.2633)	Acc@1 62.500 (62.500)	Acc@5 81.250 (81.250)
 * Acc@1 64.067 Acc@5 87.867
==> training...
Epoch: [31][0/468]	Time 0.353 (0.353)	Data 0.289 (0.289)	Loss 0.9752 (0.9752)	Acc@1 75.000 (75.000)	Acc@5 95.312 (95.312)
Epoch: [31][100/468]	Time 0.109 (0.113)	Data 0.002 (0.006)	Loss 0.9259 (0.8311)	Acc@1 75.000 (75.959)	Acc@5 93.750 (94.694)
Epoch: [31][200/468]	Time 0.110 (0.111)	Data 0.002 (0.004)	Loss 0.6144 (0.8597)	Acc@1 85.938 (74.883)	Acc@5 98.438 (94.426)
Epoch: [31][300/468]	Time 0.111 (0.111)	Data 0.002 (0.003)	Loss 0.9196 (0.8862)	Acc@1 76.562 (73.858)	Acc@5 90.625 (94.222)
Epoch: [31][400/468]	Time 0.110 (0.111)	Data 0.002 (0.003)	Loss 0.9191 (0.9077)	Acc@1 68.750 (73.153)	Acc@5 95.312 (93.902)
 * Acc@1 72.713 Acc@5 93.797
epoch 31, total time 53.71
Test: [0/94]	Time 0.238 (0.238)	Loss 1.4890 (1.4890)	Acc@1 53.125 (53.125)	Acc@5 87.500 (87.500)
 * Acc@1 64.467 Acc@5 88.200
==> training...
Epoch: [32][0/468]	Time 0.329 (0.329)	Data 0.266 (0.266)	Loss 0.9344 (0.9344)	Acc@1 78.125 (78.125)	Acc@5 93.750 (93.750)
Epoch: [32][100/468]	Time 0.111 (0.113)	Data 0.002 (0.005)	Loss 0.9625 (0.8542)	Acc@1 62.500 (75.418)	Acc@5 96.875 (94.694)
Epoch: [32][200/468]	Time 0.112 (0.112)	Data 0.002 (0.004)	Loss 0.9849 (0.8654)	Acc@1 65.625 (74.837)	Acc@5 93.750 (94.729)
Epoch: [32][300/468]	Time 0.110 (0.111)	Data 0.002 (0.003)	Loss 1.0696 (0.8821)	Acc@1 70.312 (74.185)	Acc@5 90.625 (94.373)
Epoch: [32][400/468]	Time 0.110 (0.114)	Data 0.002 (0.003)	Loss 0.8783 (0.8940)	Acc@1 78.125 (73.800)	Acc@5 95.312 (94.159)
 * Acc@1 73.594 Acc@5 94.017
epoch 32, total time 53.77
Test: [0/94]	Time 1.125 (1.125)	Loss 1.8116 (1.8116)	Acc@1 53.125 (53.125)	Acc@5 81.250 (81.250)
 * Acc@1 63.133 Acc@5 87.467
==> training...
Epoch: [33][0/468]	Time 0.399 (0.399)	Data 0.337 (0.337)	Loss 0.7127 (0.7127)	Acc@1 79.688 (79.688)	Acc@5 95.312 (95.312)
Epoch: [33][100/468]	Time 0.110 (0.112)	Data 0.001 (0.005)	Loss 0.8316 (0.8226)	Acc@1 76.562 (75.201)	Acc@5 96.875 (95.282)
Epoch: [33][200/468]	Time 0.110 (0.111)	Data 0.002 (0.004)	Loss 0.9308 (0.8749)	Acc@1 73.438 (74.176)	Acc@5 93.750 (94.605)
Epoch: [33][300/468]	Time 0.110 (0.111)	Data 0.002 (0.003)	Loss 0.7050 (0.8909)	Acc@1 81.250 (73.770)	Acc@5 96.875 (94.409)
Epoch: [33][400/468]	Time 0.110 (0.111)	Data 0.002 (0.003)	Loss 0.9058 (0.9003)	Acc@1 71.875 (73.531)	Acc@5 95.312 (94.179)
 * Acc@1 73.337 Acc@5 94.054
epoch 33, total time 51.80
Test: [0/94]	Time 0.119 (0.119)	Loss 1.5230 (1.5230)	Acc@1 59.375 (59.375)	Acc@5 81.250 (81.250)
 * Acc@1 66.133 Acc@5 88.400
==> training...
Epoch: [34][0/468]	Time 0.584 (0.584)	Data 0.520 (0.520)	Loss 0.9902 (0.9902)	Acc@1 67.188 (67.188)	Acc@5 92.188 (92.188)
Epoch: [34][100/468]	Time 0.110 (0.115)	Data 0.002 (0.007)	Loss 0.9069 (0.8342)	Acc@1 59.375 (75.294)	Acc@5 96.875 (95.003)
Epoch: [34][200/468]	Time 0.110 (0.112)	Data 0.002 (0.005)	Loss 0.7592 (0.8529)	Acc@1 78.125 (74.767)	Acc@5 98.438 (94.745)
Epoch: [34][300/468]	Time 0.111 (0.118)	Data 0.002 (0.004)	Loss 0.8092 (0.8717)	Acc@1 78.125 (74.227)	Acc@5 95.312 (94.503)
Epoch: [34][400/468]	Time 0.111 (0.116)	Data 0.002 (0.004)	Loss 0.9999 (0.8797)	Acc@1 71.875 (74.147)	Acc@5 92.188 (94.342)
 * Acc@1 73.795 Acc@5 94.207
epoch 34, total time 53.97
Test: [0/94]	Time 0.354 (0.354)	Loss 1.7059 (1.7059)	Acc@1 59.375 (59.375)	Acc@5 81.250 (81.250)
 * Acc@1 63.000 Acc@5 89.133
==> training...
Epoch: [35][0/468]	Time 0.348 (0.348)	Data 0.287 (0.287)	Loss 0.7480 (0.7480)	Acc@1 78.125 (78.125)	Acc@5 98.438 (98.438)
Epoch: [35][100/468]	Time 0.111 (0.113)	Data 0.002 (0.005)	Loss 0.6410 (0.8318)	Acc@1 79.688 (75.789)	Acc@5 96.875 (94.972)
Epoch: [35][200/468]	Time 0.108 (0.119)	Data 0.002 (0.004)	Loss 1.0376 (0.8484)	Acc@1 70.312 (75.070)	Acc@5 93.750 (94.963)
Epoch: [35][300/468]	Time 0.111 (0.116)	Data 0.002 (0.003)	Loss 0.9460 (0.8652)	Acc@1 67.188 (74.657)	Acc@5 93.750 (94.664)
Epoch: [35][400/468]	Time 0.110 (0.115)	Data 0.001 (0.003)	Loss 0.8888 (0.8792)	Acc@1 73.438 (74.190)	Acc@5 95.312 (94.537)
 * Acc@1 74.079 Acc@5 94.414
epoch 35, total time 53.37
Test: [0/94]	Time 0.378 (0.378)	Loss 1.5937 (1.5937)	Acc@1 62.500 (62.500)	Acc@5 84.375 (84.375)
 * Acc@1 63.167 Acc@5 87.800
==> training...
Epoch: [36][0/468]	Time 0.442 (0.442)	Data 0.382 (0.382)	Loss 0.9346 (0.9346)	Acc@1 76.562 (76.562)	Acc@5 93.750 (93.750)
Epoch: [36][100/468]	Time 0.112 (0.113)	Data 0.001 (0.006)	Loss 0.6662 (0.8169)	Acc@1 76.562 (75.882)	Acc@5 98.438 (95.343)
Epoch: [36][200/468]	Time 0.109 (0.111)	Data 0.001 (0.004)	Loss 0.9997 (0.8263)	Acc@1 67.188 (75.583)	Acc@5 90.625 (95.219)
Epoch: [36][300/468]	Time 0.111 (0.111)	Data 0.002 (0.004)	Loss 0.4732 (0.8373)	Acc@1 92.188 (75.291)	Acc@5 100.000 (94.778)
Epoch: [36][400/468]	Time 0.111 (0.111)	Data 0.002 (0.003)	Loss 0.8536 (0.8638)	Acc@1 68.750 (74.626)	Acc@5 96.875 (94.518)
 * Acc@1 74.429 Acc@5 94.491
epoch 36, total time 51.94
Test: [0/94]	Time 0.329 (0.329)	Loss 1.0145 (1.0145)	Acc@1 71.875 (71.875)	Acc@5 90.625 (90.625)
 * Acc@1 66.400 Acc@5 89.600
==> training...
Epoch: [37][0/468]	Time 0.337 (0.337)	Data 0.276 (0.276)	Loss 0.8350 (0.8350)	Acc@1 75.000 (75.000)	Acc@5 93.750 (93.750)
Epoch: [37][100/468]	Time 0.111 (0.113)	Data 0.002 (0.006)	Loss 1.2697 (0.8137)	Acc@1 65.625 (75.480)	Acc@5 85.938 (95.405)
Epoch: [37][200/468]	Time 0.108 (0.112)	Data 0.002 (0.004)	Loss 0.9189 (0.8331)	Acc@1 73.438 (74.775)	Acc@5 95.312 (95.009)
Epoch: [37][300/468]	Time 0.112 (0.111)	Data 0.002 (0.003)	Loss 1.0255 (0.8400)	Acc@1 68.750 (74.834)	Acc@5 90.625 (95.069)
Epoch: [37][400/468]	Time 0.112 (0.111)	Data 0.002 (0.003)	Loss 0.9341 (0.8607)	Acc@1 75.000 (74.388)	Acc@5 90.625 (94.751)
 * Acc@1 74.225 Acc@5 94.555
epoch 37, total time 52.09
Test: [0/94]	Time 0.173 (0.173)	Loss 1.4139 (1.4139)	Acc@1 65.625 (65.625)	Acc@5 87.500 (87.500)
 * Acc@1 64.467 Acc@5 88.200
==> training...
Epoch: [38][0/468]	Time 0.337 (0.337)	Data 0.275 (0.275)	Loss 0.7943 (0.7943)	Acc@1 73.438 (73.438)	Acc@5 92.188 (92.188)
Epoch: [38][100/468]	Time 0.110 (0.113)	Data 0.002 (0.005)	Loss 0.5985 (0.7514)	Acc@1 76.562 (77.475)	Acc@5 98.438 (95.653)
Epoch: [38][200/468]	Time 0.111 (0.116)	Data 0.002 (0.004)	Loss 0.6599 (0.7951)	Acc@1 81.250 (76.407)	Acc@5 96.875 (95.312)
Epoch: [38][300/468]	Time 0.113 (0.114)	Data 0.002 (0.004)	Loss 0.6691 (0.8150)	Acc@1 81.250 (75.825)	Acc@5 95.312 (95.053)
Epoch: [38][400/468]	Time 4.540 (0.124)	Data 0.002 (0.003)	Loss 0.9750 (0.8353)	Acc@1 67.188 (75.140)	Acc@5 95.312 (94.841)
 * Acc@1 74.706 Acc@5 94.688
epoch 38, total time 57.55
Test: [0/94]	Time 1.038 (1.038)	Loss 1.6639 (1.6639)	Acc@1 62.500 (62.500)	Acc@5 75.000 (75.000)
 * Acc@1 63.567 Acc@5 88.933
==> training...
Epoch: [39][0/468]	Time 0.411 (0.411)	Data 0.347 (0.347)	Loss 0.8876 (0.8876)	Acc@1 75.000 (75.000)	Acc@5 98.438 (98.438)
Epoch: [39][100/468]	Time 0.108 (0.114)	Data 0.001 (0.006)	Loss 0.7152 (0.7962)	Acc@1 78.125 (76.795)	Acc@5 98.438 (95.374)
Epoch: [39][200/468]	Time 0.109 (0.112)	Data 0.002 (0.004)	Loss 0.6986 (0.8109)	Acc@1 82.812 (76.407)	Acc@5 98.438 (95.087)
Epoch: [39][300/468]	Time 0.108 (0.111)	Data 0.001 (0.004)	Loss 0.8433 (0.8217)	Acc@1 75.000 (75.825)	Acc@5 96.875 (95.058)
Epoch: [39][400/468]	Time 0.111 (0.110)	Data 0.002 (0.003)	Loss 1.1551 (0.8370)	Acc@1 68.750 (75.339)	Acc@5 93.750 (94.931)
 * Acc@1 75.053 Acc@5 94.712
epoch 39, total time 51.72
Test: [0/94]	Time 0.128 (0.128)	Loss 1.3485 (1.3485)	Acc@1 59.375 (59.375)	Acc@5 78.125 (78.125)
 * Acc@1 62.067 Acc@5 87.767
==> training...
Epoch: [40][0/468]	Time 0.323 (0.323)	Data 0.258 (0.258)	Loss 0.7712 (0.7712)	Acc@1 70.312 (70.312)	Acc@5 96.875 (96.875)
Epoch: [40][100/468]	Time 0.111 (0.113)	Data 0.002 (0.005)	Loss 0.7790 (0.7796)	Acc@1 76.562 (76.918)	Acc@5 95.312 (95.575)
Epoch: [40][200/468]	Time 0.108 (0.112)	Data 0.002 (0.005)	Loss 0.8146 (0.8062)	Acc@1 81.250 (76.314)	Acc@5 95.312 (95.266)
Epoch: [40][300/468]	Time 0.111 (0.112)	Data 0.002 (0.004)	Loss 0.7672 (0.8288)	Acc@1 81.250 (75.706)	Acc@5 92.188 (95.022)
Epoch: [40][400/468]	Time 0.111 (0.111)	Data 0.002 (0.003)	Loss 0.9129 (0.8464)	Acc@1 71.875 (75.051)	Acc@5 92.188 (94.907)
 * Acc@1 75.013 Acc@5 94.865
epoch 40, total time 52.11
Test: [0/94]	Time 0.142 (0.142)	Loss 1.2173 (1.2173)	Acc@1 62.500 (62.500)	Acc@5 84.375 (84.375)
 * Acc@1 64.767 Acc@5 88.133
==> training...
Epoch: [41][0/468]	Time 0.319 (0.319)	Data 0.260 (0.260)	Loss 0.8533 (0.8533)	Acc@1 76.562 (76.562)	Acc@5 93.750 (93.750)
Epoch: [41][100/468]	Time 0.110 (0.113)	Data 0.002 (0.005)	Loss 0.6398 (0.7776)	Acc@1 75.000 (77.243)	Acc@5 100.000 (95.792)
Epoch: [41][200/468]	Time 0.110 (0.121)	Data 0.002 (0.004)	Loss 0.7426 (0.7929)	Acc@1 76.562 (76.811)	Acc@5 95.312 (95.367)
Epoch: [41][300/468]	Time 0.111 (0.118)	Data 0.002 (0.003)	Loss 0.7267 (0.8118)	Acc@1 81.250 (76.064)	Acc@5 98.438 (95.167)
Epoch: [41][400/468]	Time 0.108 (0.116)	Data 0.002 (0.003)	Loss 0.7653 (0.8339)	Acc@1 75.000 (75.433)	Acc@5 95.312 (94.962)
 * Acc@1 75.114 Acc@5 94.882
epoch 41, total time 55.29
Test: [0/94]	Time 0.406 (0.406)	Loss 1.3189 (1.3189)	Acc@1 59.375 (59.375)	Acc@5 84.375 (84.375)
 * Acc@1 65.467 Acc@5 87.100
==> training...
Epoch: [42][0/468]	Time 0.382 (0.382)	Data 0.320 (0.320)	Loss 0.8125 (0.8125)	Acc@1 71.875 (71.875)	Acc@5 96.875 (96.875)
Epoch: [42][100/468]	Time 0.109 (0.114)	Data 0.002 (0.006)	Loss 0.7693 (0.7371)	Acc@1 81.250 (77.738)	Acc@5 93.750 (95.777)
Epoch: [42][200/468]	Time 0.112 (0.112)	Data 0.002 (0.004)	Loss 0.8435 (0.7658)	Acc@1 75.000 (77.153)	Acc@5 92.188 (95.382)
Epoch: [42][300/468]	Time 0.112 (0.112)	Data 0.002 (0.004)	Loss 0.6123 (0.8007)	Acc@1 84.375 (76.163)	Acc@5 98.438 (95.141)
Epoch: [42][400/468]	Time 0.108 (0.111)	Data 0.001 (0.003)	Loss 0.7378 (0.8203)	Acc@1 79.688 (75.662)	Acc@5 95.312 (94.981)
 * Acc@1 75.367 Acc@5 94.878
epoch 42, total time 52.03
Test: [0/94]	Time 0.366 (0.366)	Loss 2.0098 (2.0098)	Acc@1 50.000 (50.000)	Acc@5 84.375 (84.375)
 * Acc@1 61.067 Acc@5 86.567
==> training...
Epoch: [43][0/468]	Time 0.341 (0.341)	Data 0.277 (0.277)	Loss 0.6977 (0.6977)	Acc@1 78.125 (78.125)	Acc@5 96.875 (96.875)
Epoch: [43][100/468]	Time 0.112 (0.113)	Data 0.002 (0.005)	Loss 0.8710 (0.7432)	Acc@1 70.312 (78.326)	Acc@5 98.438 (96.225)
Epoch: [43][200/468]	Time 0.110 (0.112)	Data 0.002 (0.004)	Loss 0.7138 (0.7727)	Acc@1 81.250 (77.410)	Acc@5 96.875 (95.732)
Epoch: [43][300/468]	Time 0.112 (0.111)	Data 0.002 (0.003)	Loss 0.8829 (0.8022)	Acc@1 70.312 (76.381)	Acc@5 93.750 (95.427)
Epoch: [43][400/468]	Time 0.111 (0.111)	Data 0.002 (0.003)	Loss 0.7696 (0.8115)	Acc@1 76.562 (76.005)	Acc@5 98.438 (95.316)
 * Acc@1 75.538 Acc@5 95.109
epoch 43, total time 54.35
Test: [0/94]	Time 0.120 (0.120)	Loss 1.2347 (1.2347)	Acc@1 56.250 (56.250)	Acc@5 87.500 (87.500)
 * Acc@1 63.933 Acc@5 87.633
==> training...
Epoch: [44][0/468]	Time 0.335 (0.335)	Data 0.270 (0.270)	Loss 0.7160 (0.7160)	Acc@1 79.688 (79.688)	Acc@5 98.438 (98.438)
Epoch: [44][100/468]	Time 0.111 (0.114)	Data 0.002 (0.006)	Loss 0.5798 (0.7304)	Acc@1 79.688 (78.063)	Acc@5 98.438 (95.993)
Epoch: [44][200/468]	Time 0.112 (0.119)	Data 0.002 (0.004)	Loss 0.9055 (0.7717)	Acc@1 70.312 (77.099)	Acc@5 92.188 (95.561)
Epoch: [44][300/468]	Time 0.113 (0.117)	Data 0.002 (0.004)	Loss 0.9200 (0.7977)	Acc@1 67.188 (76.459)	Acc@5 93.750 (95.364)
Epoch: [44][400/468]	Time 0.116 (0.115)	Data 0.002 (0.004)	Loss 1.1838 (0.8155)	Acc@1 60.938 (75.974)	Acc@5 90.625 (95.090)
 * Acc@1 75.651 Acc@5 94.995
epoch 44, total time 53.75
Test: [0/94]	Time 0.641 (0.641)	Loss 1.3916 (1.3916)	Acc@1 62.500 (62.500)	Acc@5 90.625 (90.625)
 * Acc@1 62.733 Acc@5 86.733
==> training...
Epoch: [45][0/468]	Time 0.440 (0.440)	Data 0.375 (0.375)	Loss 0.7115 (0.7115)	Acc@1 81.250 (81.250)	Acc@5 93.750 (93.750)
Epoch: [45][100/468]	Time 0.108 (0.113)	Data 0.002 (0.006)	Loss 0.7038 (0.7276)	Acc@1 71.875 (77.924)	Acc@5 98.438 (96.380)
Epoch: [45][200/468]	Time 0.110 (0.112)	Data 0.002 (0.004)	Loss 0.8502 (0.7518)	Acc@1 78.125 (77.410)	Acc@5 96.875 (96.020)
Epoch: [45][300/468]	Time 0.111 (0.112)	Data 0.002 (0.004)	Loss 1.0135 (0.7941)	Acc@1 67.188 (76.386)	Acc@5 93.750 (95.536)
Epoch: [45][400/468]	Time 0.109 (0.111)	Data 0.002 (0.003)	Loss 1.2135 (0.8064)	Acc@1 65.625 (76.118)	Acc@5 92.188 (95.332)
 * Acc@1 75.831 Acc@5 95.196
epoch 45, total time 52.15
Test: [0/94]	Time 0.125 (0.125)	Loss 1.6609 (1.6609)	Acc@1 56.250 (56.250)	Acc@5 90.625 (90.625)
 * Acc@1 66.600 Acc@5 89.633
==> training...
Epoch: [46][0/468]	Time 0.345 (0.345)	Data 0.281 (0.281)	Loss 0.5843 (0.5843)	Acc@1 79.688 (79.688)	Acc@5 98.438 (98.438)
Epoch: [46][100/468]	Time 0.112 (0.114)	Data 0.002 (0.005)	Loss 0.5424 (0.7221)	Acc@1 81.250 (78.419)	Acc@5 98.438 (96.272)
Epoch: [46][200/468]	Time 0.110 (0.122)	Data 0.002 (0.004)	Loss 1.0728 (0.7493)	Acc@1 70.312 (77.596)	Acc@5 93.750 (95.639)
Epoch: [46][300/468]	Time 0.112 (0.118)	Data 0.002 (0.004)	Loss 0.7619 (0.7730)	Acc@1 81.250 (77.004)	Acc@5 93.750 (95.447)
Epoch: [46][400/468]	Time 0.110 (0.117)	Data 0.002 (0.003)	Loss 1.2821 (0.8020)	Acc@1 70.312 (76.169)	Acc@5 93.750 (95.219)
 * Acc@1 75.925 Acc@5 95.035
epoch 46, total time 54.30
Test: [0/94]	Time 0.235 (0.235)	Loss 1.4132 (1.4132)	Acc@1 56.250 (56.250)	Acc@5 93.750 (93.750)
 * Acc@1 63.267 Acc@5 88.267
==> training...
Epoch: [47][0/468]	Time 0.343 (0.343)	Data 0.280 (0.280)	Loss 0.7778 (0.7778)	Acc@1 73.438 (73.438)	Acc@5 98.438 (98.438)
Epoch: [47][100/468]	Time 0.111 (0.113)	Data 0.002 (0.005)	Loss 0.6514 (0.7215)	Acc@1 84.375 (78.929)	Acc@5 98.438 (96.256)
Epoch: [47][200/468]	Time 0.108 (0.112)	Data 0.002 (0.004)	Loss 0.5810 (0.7433)	Acc@1 84.375 (77.993)	Acc@5 95.312 (95.857)
Epoch: [47][300/468]	Time 0.112 (0.111)	Data 0.002 (0.003)	Loss 0.9781 (0.7702)	Acc@1 73.438 (77.357)	Acc@5 92.188 (95.660)
Epoch: [47][400/468]	Time 0.112 (0.111)	Data 0.002 (0.003)	Loss 0.7747 (0.7908)	Acc@1 76.562 (76.695)	Acc@5 96.875 (95.468)
 * Acc@1 76.332 Acc@5 95.313
epoch 47, total time 52.02
Test: [0/94]	Time 0.581 (0.581)	Loss 1.3396 (1.3396)	Acc@1 56.250 (56.250)	Acc@5 84.375 (84.375)
 * Acc@1 62.733 Acc@5 87.833
==> training...
Epoch: [48][0/468]	Time 0.351 (0.351)	Data 0.287 (0.287)	Loss 0.6728 (0.6728)	Acc@1 73.438 (73.438)	Acc@5 98.438 (98.438)
Epoch: [48][100/468]	Time 0.108 (0.114)	Data 0.002 (0.005)	Loss 0.8089 (0.7042)	Acc@1 76.562 (78.899)	Acc@5 96.875 (96.349)
Epoch: [48][200/468]	Time 0.111 (0.112)	Data 0.002 (0.004)	Loss 0.6293 (0.7346)	Acc@1 81.250 (78.102)	Acc@5 96.875 (96.051)
Epoch: [48][300/468]	Time 0.112 (0.112)	Data 0.002 (0.004)	Loss 0.8777 (0.7703)	Acc@1 76.562 (76.978)	Acc@5 95.312 (95.764)
Epoch: [48][400/468]	Time 0.112 (0.112)	Data 0.002 (0.003)	Loss 0.7199 (0.7933)	Acc@1 76.562 (76.375)	Acc@5 95.312 (95.437)
 * Acc@1 76.225 Acc@5 95.302
epoch 48, total time 52.19
Test: [0/94]	Time 0.280 (0.280)	Loss 1.7697 (1.7697)	Acc@1 65.625 (65.625)	Acc@5 81.250 (81.250)
 * Acc@1 62.767 Acc@5 87.667
==> training...
Epoch: [49][0/468]	Time 0.352 (0.352)	Data 0.286 (0.286)	Loss 0.5779 (0.5779)	Acc@1 81.250 (81.250)	Acc@5 100.000 (100.000)
Epoch: [49][100/468]	Time 0.110 (0.114)	Data 0.002 (0.006)	Loss 0.7681 (0.7055)	Acc@1 76.562 (79.146)	Acc@5 98.438 (96.504)
Epoch: [49][200/468]	Time 0.112 (0.113)	Data 0.002 (0.004)	Loss 0.6050 (0.7533)	Acc@1 84.375 (77.760)	Acc@5 96.875 (95.934)
Epoch: [49][300/468]	Time 0.109 (0.118)	Data 0.002 (0.004)	Loss 0.8057 (0.7688)	Acc@1 76.562 (77.108)	Acc@5 96.875 (95.717)
Epoch: [49][400/468]	Time 0.108 (0.116)	Data 0.002 (0.003)	Loss 1.1345 (0.7804)	Acc@1 68.750 (76.703)	Acc@5 87.500 (95.659)
 * Acc@1 76.419 Acc@5 95.526
epoch 49, total time 54.09
Test: [0/94]	Time 0.328 (0.328)	Loss 1.4199 (1.4199)	Acc@1 59.375 (59.375)	Acc@5 81.250 (81.250)
 * Acc@1 66.033 Acc@5 88.433
==> training...
Epoch: [50][0/468]	Time 0.355 (0.355)	Data 0.291 (0.291)	Loss 1.0431 (1.0431)	Acc@1 71.875 (71.875)	Acc@5 89.062 (89.062)
Epoch: [50][100/468]	Time 0.109 (0.118)	Data 0.002 (0.006)	Loss 0.7870 (0.7167)	Acc@1 78.125 (78.481)	Acc@5 92.188 (96.194)
Epoch: [50][200/468]	Time 0.109 (0.114)	Data 0.002 (0.004)	Loss 0.6765 (0.7438)	Acc@1 75.000 (77.721)	Acc@5 96.875 (96.028)
Epoch: [50][300/468]	Time 0.112 (0.113)	Data 0.002 (0.004)	Loss 1.0381 (0.7654)	Acc@1 70.312 (77.211)	Acc@5 92.188 (95.681)
Epoch: [50][400/468]	Time 0.112 (0.113)	Data 0.002 (0.003)	Loss 0.8509 (0.7811)	Acc@1 71.875 (76.730)	Acc@5 96.875 (95.457)
 * Acc@1 76.492 Acc@5 95.393
epoch 50, total time 52.71
Test: [0/94]	Time 0.424 (0.424)	Loss 1.3973 (1.3973)	Acc@1 59.375 (59.375)	Acc@5 87.500 (87.500)
 * Acc@1 64.333 Acc@5 88.767
==> training...
Epoch: [51][0/468]	Time 0.337 (0.337)	Data 0.273 (0.273)	Loss 0.7083 (0.7083)	Acc@1 84.375 (84.375)	Acc@5 92.188 (92.188)
Epoch: [51][100/468]	Time 0.112 (0.114)	Data 0.002 (0.005)	Loss 0.7269 (0.7102)	Acc@1 82.812 (79.007)	Acc@5 90.625 (96.009)
Epoch: [51][200/468]	Time 0.112 (0.113)	Data 0.002 (0.004)	Loss 0.8160 (0.7402)	Acc@1 75.000 (77.876)	Acc@5 92.188 (95.934)
Epoch: [51][300/468]	Time 0.111 (0.112)	Data 0.002 (0.003)	Loss 0.7930 (0.7704)	Acc@1 73.438 (77.118)	Acc@5 95.312 (95.629)
Epoch: [51][400/468]	Time 0.111 (0.112)	Data 0.002 (0.003)	Loss 0.9756 (0.7801)	Acc@1 75.000 (76.964)	Acc@5 92.188 (95.371)
 * Acc@1 76.302 Acc@5 95.122
epoch 51, total time 52.39
Test: [0/94]	Time 0.252 (0.252)	Loss 1.7834 (1.7834)	Acc@1 50.000 (50.000)	Acc@5 84.375 (84.375)
 * Acc@1 62.700 Acc@5 87.333
==> training...
Epoch: [52][0/468]	Time 0.334 (0.334)	Data 0.272 (0.272)	Loss 0.7003 (0.7003)	Acc@1 78.125 (78.125)	Acc@5 95.312 (95.312)
Epoch: [52][100/468]	Time 0.112 (0.112)	Data 0.002 (0.005)	Loss 0.6266 (0.7276)	Acc@1 79.688 (78.125)	Acc@5 96.875 (96.194)
Epoch: [52][200/468]	Time 0.111 (0.112)	Data 0.002 (0.004)	Loss 0.8135 (0.7233)	Acc@1 76.562 (78.382)	Acc@5 93.750 (96.160)
Epoch: [52][300/468]	Time 0.109 (0.111)	Data 0.002 (0.003)	Loss 0.8198 (0.7441)	Acc@1 75.000 (77.917)	Acc@5 93.750 (95.884)
Epoch: [52][400/468]	Time 0.109 (0.111)	Data 0.002 (0.003)	Loss 1.1373 (0.7664)	Acc@1 71.875 (77.428)	Acc@5 90.625 (95.605)
 * Acc@1 76.923 Acc@5 95.496
epoch 52, total time 51.83
Test: [0/94]	Time 0.120 (0.120)	Loss 1.6041 (1.6041)	Acc@1 62.500 (62.500)	Acc@5 81.250 (81.250)
 * Acc@1 63.900 Acc@5 88.733
==> training...
Epoch: [53][0/468]	Time 0.322 (0.322)	Data 0.259 (0.259)	Loss 1.0610 (1.0610)	Acc@1 64.062 (64.062)	Acc@5 93.750 (93.750)
Epoch: [53][100/468]	Time 0.112 (0.113)	Data 0.002 (0.005)	Loss 0.5824 (0.7175)	Acc@1 82.812 (79.115)	Acc@5 95.312 (96.163)
Epoch: [53][200/468]	Time 0.117 (0.112)	Data 0.002 (0.004)	Loss 1.0304 (0.7380)	Acc@1 67.188 (78.312)	Acc@5 93.750 (96.020)
Epoch: [53][300/468]	Time 0.110 (0.112)	Data 0.002 (0.003)	Loss 0.9589 (0.7599)	Acc@1 73.438 (77.746)	Acc@5 92.188 (95.733)
Epoch: [53][400/468]	Time 0.112 (0.112)	Data 0.002 (0.003)	Loss 0.8701 (0.7707)	Acc@1 75.000 (77.315)	Acc@5 93.750 (95.581)
 * Acc@1 77.197 Acc@5 95.556
epoch 53, total time 52.35
Test: [0/94]	Time 0.364 (0.364)	Loss 1.3041 (1.3041)	Acc@1 59.375 (59.375)	Acc@5 87.500 (87.500)
 * Acc@1 64.400 Acc@5 87.233
==> training...
Epoch: [54][0/468]	Time 0.325 (0.325)	Data 0.264 (0.264)	Loss 0.8447 (0.8447)	Acc@1 68.750 (68.750)	Acc@5 98.438 (98.438)
Epoch: [54][100/468]	Time 0.113 (0.113)	Data 0.002 (0.005)	Loss 0.8885 (0.6654)	Acc@1 78.125 (79.796)	Acc@5 92.188 (96.844)
Epoch: [54][200/468]	Time 0.113 (0.111)	Data 0.002 (0.004)	Loss 0.6263 (0.7212)	Acc@1 81.250 (78.413)	Acc@5 98.438 (96.113)
Epoch: [54][300/468]	Time 0.110 (0.111)	Data 0.002 (0.003)	Loss 0.8409 (0.7489)	Acc@1 73.438 (77.694)	Acc@5 96.875 (95.686)
Epoch: [54][400/468]	Time 0.112 (0.117)	Data 0.002 (0.003)	Loss 0.7591 (0.7679)	Acc@1 79.688 (77.112)	Acc@5 96.875 (95.648)
 * Acc@1 76.796 Acc@5 95.513
epoch 54, total time 54.29
Test: [0/94]	Time 0.487 (0.487)	Loss 1.4839 (1.4839)	Acc@1 59.375 (59.375)	Acc@5 84.375 (84.375)
 * Acc@1 66.400 Acc@5 89.100
==> training...
Epoch: [55][0/468]	Time 0.330 (0.330)	Data 0.262 (0.262)	Loss 0.7639 (0.7639)	Acc@1 79.688 (79.688)	Acc@5 95.312 (95.312)
Epoch: [55][100/468]	Time 0.113 (0.116)	Data 0.002 (0.008)	Loss 0.6730 (0.7007)	Acc@1 78.125 (78.620)	Acc@5 95.312 (96.442)
Epoch: [55][200/468]	Time 0.111 (0.114)	Data 0.002 (0.005)	Loss 0.9289 (0.7198)	Acc@1 76.562 (78.226)	Acc@5 92.188 (96.261)
Epoch: [55][300/468]	Time 0.111 (0.113)	Data 0.002 (0.005)	Loss 0.9218 (0.7484)	Acc@1 78.125 (77.497)	Acc@5 90.625 (95.899)
Epoch: [55][400/468]	Time 0.109 (0.115)	Data 0.002 (0.004)	Loss 0.9233 (0.7650)	Acc@1 73.438 (77.143)	Acc@5 96.875 (95.749)
 * Acc@1 76.940 Acc@5 95.653
epoch 55, total time 53.80
Test: [0/94]	Time 0.577 (0.577)	Loss 1.5369 (1.5369)	Acc@1 62.500 (62.500)	Acc@5 84.375 (84.375)
 * Acc@1 65.267 Acc@5 88.733
==> training...
Epoch: [56][0/468]	Time 0.404 (0.404)	Data 0.339 (0.339)	Loss 0.8566 (0.8566)	Acc@1 75.000 (75.000)	Acc@5 96.875 (96.875)
Epoch: [56][100/468]	Time 0.112 (0.115)	Data 0.002 (0.006)	Loss 0.6037 (0.7042)	Acc@1 85.938 (79.270)	Acc@5 93.750 (96.426)
Epoch: [56][200/468]	Time 0.108 (0.113)	Data 0.002 (0.004)	Loss 0.6513 (0.7435)	Acc@1 79.688 (78.179)	Acc@5 98.438 (96.082)
Epoch: [56][300/468]	Time 0.108 (0.112)	Data 0.001 (0.004)	Loss 0.7600 (0.7608)	Acc@1 79.688 (77.756)	Acc@5 96.875 (95.769)
Epoch: [56][400/468]	Time 0.112 (0.112)	Data 0.002 (0.003)	Loss 0.6015 (0.7698)	Acc@1 85.938 (77.385)	Acc@5 96.875 (95.632)
 * Acc@1 77.350 Acc@5 95.636
epoch 56, total time 52.31
Test: [0/94]	Time 0.116 (0.116)	Loss 1.7056 (1.7056)	Acc@1 59.375 (59.375)	Acc@5 87.500 (87.500)
 * Acc@1 67.733 Acc@5 89.800
==> training...
Epoch: [57][0/468]	Time 0.347 (0.347)	Data 0.283 (0.283)	Loss 0.7550 (0.7550)	Acc@1 78.125 (78.125)	Acc@5 95.312 (95.312)
Epoch: [57][100/468]	Time 0.112 (0.113)	Data 0.002 (0.005)	Loss 0.5708 (0.6768)	Acc@1 82.812 (80.028)	Acc@5 100.000 (96.829)
Epoch: [57][200/468]	Time 0.112 (0.112)	Data 0.002 (0.004)	Loss 0.6553 (0.7034)	Acc@1 82.812 (79.120)	Acc@5 98.438 (96.339)
Epoch: [57][300/468]	Time 0.112 (0.112)	Data 0.002 (0.003)	Loss 0.7945 (0.7249)	Acc@1 78.125 (78.348)	Acc@5 93.750 (96.122)
Epoch: [57][400/468]	Time 0.111 (0.112)	Data 0.002 (0.003)	Loss 0.8348 (0.7544)	Acc@1 73.438 (77.533)	Acc@5 100.000 (95.776)
 * Acc@1 77.257 Acc@5 95.643
epoch 57, total time 52.24
Test: [0/94]	Time 0.299 (0.299)	Loss 2.1180 (2.1180)	Acc@1 59.375 (59.375)	Acc@5 78.125 (78.125)
 * Acc@1 62.667 Acc@5 86.367
==> training...
Epoch: [58][0/468]	Time 0.344 (0.344)	Data 0.280 (0.280)	Loss 0.8856 (0.8856)	Acc@1 71.875 (71.875)	Acc@5 95.312 (95.312)
Epoch: [58][100/468]	Time 0.112 (0.114)	Data 0.002 (0.005)	Loss 0.7150 (0.6922)	Acc@1 79.688 (79.239)	Acc@5 96.875 (96.457)
Epoch: [58][200/468]	Time 0.111 (0.112)	Data 0.002 (0.004)	Loss 0.5413 (0.7142)	Acc@1 89.062 (78.638)	Acc@5 95.312 (96.144)
Epoch: [58][300/468]	Time 0.108 (0.112)	Data 0.002 (0.003)	Loss 0.4273 (0.7364)	Acc@1 85.938 (78.011)	Acc@5 100.000 (95.920)
Epoch: [58][400/468]	Time 0.110 (0.112)	Data 0.002 (0.003)	Loss 0.7918 (0.7500)	Acc@1 71.875 (77.548)	Acc@5 96.875 (95.842)
 * Acc@1 77.047 Acc@5 95.676
epoch 58, total time 52.22
Test: [0/94]	Time 0.298 (0.298)	Loss 1.6669 (1.6669)	Acc@1 65.625 (65.625)	Acc@5 78.125 (78.125)
 * Acc@1 62.433 Acc@5 87.400
==> training...
Epoch: [59][0/468]	Time 0.324 (0.324)	Data 0.260 (0.260)	Loss 0.7876 (0.7876)	Acc@1 71.875 (71.875)	Acc@5 93.750 (93.750)
Epoch: [59][100/468]	Time 0.110 (0.112)	Data 0.002 (0.005)	Loss 0.5233 (0.6586)	Acc@1 82.812 (80.183)	Acc@5 100.000 (96.890)
Epoch: [59][200/468]	Time 0.112 (0.112)	Data 0.002 (0.004)	Loss 0.6774 (0.6983)	Acc@1 76.562 (78.895)	Acc@5 95.312 (96.416)
Epoch: [59][300/468]	Time 0.112 (0.111)	Data 0.002 (0.003)	Loss 0.8444 (0.7421)	Acc@1 78.125 (77.679)	Acc@5 92.188 (95.930)
Epoch: [59][400/468]	Time 0.113 (0.114)	Data 0.002 (0.003)	Loss 0.8566 (0.7614)	Acc@1 75.000 (77.170)	Acc@5 92.188 (95.663)
 * Acc@1 76.903 Acc@5 95.593
epoch 59, total time 53.44
Test: [0/94]	Time 0.338 (0.338)	Loss 1.2477 (1.2477)	Acc@1 59.375 (59.375)	Acc@5 93.750 (93.750)
 * Acc@1 61.833 Acc@5 87.400
==> training...
Epoch: [60][0/468]	Time 0.370 (0.370)	Data 0.308 (0.308)	Loss 0.5679 (0.5679)	Acc@1 82.812 (82.812)	Acc@5 100.000 (100.000)
Epoch: [60][100/468]	Time 0.111 (0.113)	Data 0.002 (0.005)	Loss 0.7817 (0.6910)	Acc@1 79.688 (79.285)	Acc@5 95.312 (96.473)
Epoch: [60][200/468]	Time 0.112 (0.113)	Data 0.002 (0.004)	Loss 0.9304 (0.7067)	Acc@1 75.000 (78.794)	Acc@5 92.188 (96.385)
Epoch: [60][300/468]	Time 0.112 (0.119)	Data 0.002 (0.004)	Loss 0.7291 (0.7371)	Acc@1 79.688 (77.943)	Acc@5 92.188 (96.055)
Epoch: [60][400/468]	Time 0.112 (0.117)	Data 0.002 (0.003)	Loss 0.9961 (0.7607)	Acc@1 70.312 (77.198)	Acc@5 95.312 (95.757)
 * Acc@1 77.214 Acc@5 95.670
epoch 60, total time 54.49
Test: [0/94]	Time 0.305 (0.305)	Loss 1.5895 (1.5895)	Acc@1 65.625 (65.625)	Acc@5 81.250 (81.250)
 * Acc@1 64.633 Acc@5 88.300
==> training...
Epoch: [61][0/468]	Time 0.346 (0.346)	Data 0.279 (0.279)	Loss 0.6719 (0.6719)	Acc@1 82.812 (82.812)	Acc@5 95.312 (95.312)
Epoch: [61][100/468]	Time 0.111 (0.123)	Data 0.002 (0.005)	Loss 0.6011 (0.5014)	Acc@1 84.375 (85.721)	Acc@5 96.875 (97.958)
Epoch: [61][200/468]	Time 0.110 (0.116)	Data 0.002 (0.004)	Loss 0.3806 (0.4580)	Acc@1 87.500 (86.746)	Acc@5 98.438 (98.220)
Epoch: [61][300/468]	Time 0.112 (0.115)	Data 0.002 (0.004)	Loss 0.4686 (0.4272)	Acc@1 89.062 (87.848)	Acc@5 98.438 (98.453)
Epoch: [61][400/468]	Time 0.111 (0.114)	Data 0.002 (0.003)	Loss 0.4452 (0.4059)	Acc@1 87.500 (88.498)	Acc@5 100.000 (98.586)
 * Acc@1 88.799 Acc@5 98.621
epoch 61, total time 53.43
Test: [0/94]	Time 0.603 (0.603)	Loss 0.9978 (0.9978)	Acc@1 75.000 (75.000)	Acc@5 93.750 (93.750)
 * Acc@1 77.767 Acc@5 93.967
==> training...
Epoch: [62][0/468]	Time 0.814 (0.814)	Data 0.749 (0.749)	Loss 0.2132 (0.2132)	Acc@1 96.875 (96.875)	Acc@5 100.000 (100.000)
Epoch: [62][100/468]	Time 0.109 (0.119)	Data 0.002 (0.010)	Loss 0.4458 (0.2838)	Acc@1 85.938 (92.002)	Acc@5 96.875 (99.397)
Epoch: [62][200/468]	Time 0.112 (0.115)	Data 0.002 (0.006)	Loss 0.2448 (0.2850)	Acc@1 93.750 (92.086)	Acc@5 100.000 (99.308)
Epoch: [62][300/468]	Time 0.110 (0.114)	Data 0.002 (0.005)	Loss 0.3507 (0.2792)	Acc@1 89.062 (92.437)	Acc@5 98.438 (99.351)
Epoch: [62][400/468]	Time 0.111 (0.113)	Data 0.002 (0.005)	Loss 0.2134 (0.2748)	Acc@1 96.875 (92.639)	Acc@5 100.000 (99.380)
 * Acc@1 92.658 Acc@5 99.346
epoch 62, total time 52.84
Test: [0/94]	Time 0.439 (0.439)	Loss 0.9360 (0.9360)	Acc@1 75.000 (75.000)	Acc@5 93.750 (93.750)
 * Acc@1 78.167 Acc@5 94.200
==> training...
Epoch: [63][0/468]	Time 0.351 (0.351)	Data 0.285 (0.285)	Loss 0.1656 (0.1656)	Acc@1 96.875 (96.875)	Acc@5 98.438 (98.438)
Epoch: [63][100/468]	Time 0.110 (0.114)	Data 0.002 (0.005)	Loss 0.2440 (0.2245)	Acc@1 90.625 (94.090)	Acc@5 100.000 (99.505)
Epoch: [63][200/468]	Time 0.112 (0.112)	Data 0.002 (0.004)	Loss 0.2288 (0.2255)	Acc@1 93.750 (94.123)	Acc@5 98.438 (99.502)
Epoch: [63][300/468]	Time 0.109 (0.112)	Data 0.001 (0.003)	Loss 0.1607 (0.2245)	Acc@1 96.875 (94.077)	Acc@5 100.000 (99.512)
Epoch: [63][400/468]	Time 0.111 (0.111)	Data 0.002 (0.003)	Loss 0.2132 (0.2254)	Acc@1 95.312 (93.945)	Acc@5 100.000 (99.501)
 * Acc@1 94.071 Acc@5 99.513
epoch 63, total time 52.17
Test: [0/94]	Time 0.130 (0.130)	Loss 0.9682 (0.9682)	Acc@1 71.875 (71.875)	Acc@5 93.750 (93.750)
 * Acc@1 78.300 Acc@5 94.300
==> training...
Epoch: [64][0/468]	Time 0.330 (0.330)	Data 0.264 (0.264)	Loss 0.2812 (0.2812)	Acc@1 90.625 (90.625)	Acc@5 100.000 (100.000)
Epoch: [64][100/468]	Time 0.140 (0.126)	Data 0.002 (0.009)	Loss 0.2721 (0.1951)	Acc@1 92.188 (94.910)	Acc@5 100.000 (99.660)
Epoch: [64][200/468]	Time 0.109 (0.119)	Data 0.002 (0.006)	Loss 0.1684 (0.1920)	Acc@1 95.312 (95.025)	Acc@5 100.000 (99.580)
Epoch: [64][300/468]	Time 0.109 (0.117)	Data 0.002 (0.005)	Loss 0.2242 (0.1944)	Acc@1 89.062 (94.840)	Acc@5 100.000 (99.585)
Epoch: [64][400/468]	Time 0.112 (0.116)	Data 0.002 (0.005)	Loss 0.0646 (0.1975)	Acc@1 100.000 (94.744)	Acc@5 100.000 (99.571)
 * Acc@1 94.798 Acc@5 99.579
epoch 64, total time 53.86
Test: [0/94]	Time 0.247 (0.247)	Loss 1.0152 (1.0152)	Acc@1 75.000 (75.000)	Acc@5 93.750 (93.750)
 * Acc@1 78.767 Acc@5 94.367
==> training...
Epoch: [65][0/468]	Time 0.370 (0.370)	Data 0.279 (0.279)	Loss 0.1310 (0.1310)	Acc@1 95.312 (95.312)	Acc@5 100.000 (100.000)
Epoch: [65][100/468]	Time 0.111 (0.114)	Data 0.002 (0.005)	Loss 0.1806 (0.1648)	Acc@1 95.312 (96.009)	Acc@5 100.000 (99.768)
Epoch: [65][200/468]	Time 0.111 (0.112)	Data 0.002 (0.004)	Loss 0.1999 (0.1747)	Acc@1 95.312 (95.561)	Acc@5 100.000 (99.728)
Epoch: [65][300/468]	Time 0.112 (0.112)	Data 0.002 (0.003)	Loss 0.1624 (0.1760)	Acc@1 95.312 (95.494)	Acc@5 100.000 (99.720)
Epoch: [65][400/468]	Time 0.109 (0.112)	Data 0.002 (0.003)	Loss 0.3252 (0.1742)	Acc@1 92.188 (95.496)	Acc@5 95.312 (99.708)
 * Acc@1 95.513 Acc@5 99.723
epoch 65, total time 52.15
Test: [0/94]	Time 0.135 (0.135)	Loss 0.9448 (0.9448)	Acc@1 78.125 (78.125)	Acc@5 93.750 (93.750)
 * Acc@1 79.467 Acc@5 94.200
==> training...
Epoch: [66][0/468]	Time 0.324 (0.324)	Data 0.259 (0.259)	Loss 0.1287 (0.1287)	Acc@1 95.312 (95.312)	Acc@5 100.000 (100.000)
Epoch: [66][100/468]	Time 0.112 (0.113)	Data 0.002 (0.005)	Loss 0.2173 (0.1496)	Acc@1 93.750 (96.241)	Acc@5 100.000 (99.799)
Epoch: [66][200/468]	Time 0.112 (0.112)	Data 0.002 (0.004)	Loss 0.1102 (0.1540)	Acc@1 98.438 (96.137)	Acc@5 100.000 (99.782)
Epoch: [66][300/468]	Time 0.110 (0.112)	Data 0.001 (0.003)	Loss 0.1003 (0.1512)	Acc@1 98.438 (96.164)	Acc@5 100.000 (99.813)
Epoch: [66][400/468]	Time 0.110 (0.111)	Data 0.002 (0.003)	Loss 0.1120 (0.1505)	Acc@1 98.438 (96.209)	Acc@5 100.000 (99.825)
 * Acc@1 96.181 Acc@5 99.830
epoch 66, total time 52.12
Test: [0/94]	Time 0.530 (0.530)	Loss 0.9387 (0.9387)	Acc@1 78.125 (78.125)	Acc@5 90.625 (90.625)
 * Acc@1 79.267 Acc@5 94.300
==> training...
Epoch: [67][0/468]	Time 0.353 (0.353)	Data 0.289 (0.289)	Loss 0.1643 (0.1643)	Acc@1 95.312 (95.312)	Acc@5 100.000 (100.000)
Epoch: [67][100/468]	Time 0.110 (0.113)	Data 0.002 (0.005)	Loss 0.1588 (0.1310)	Acc@1 96.875 (96.751)	Acc@5 100.000 (99.892)
Epoch: [67][200/468]	Time 0.112 (0.113)	Data 0.002 (0.004)	Loss 0.3240 (0.1369)	Acc@1 89.062 (96.572)	Acc@5 98.438 (99.860)
Epoch: [67][300/468]	Time 0.113 (0.112)	Data 0.002 (0.003)	Loss 0.1199 (0.1372)	Acc@1 98.438 (96.569)	Acc@5 100.000 (99.855)
Epoch: [67][400/468]	Time 0.112 (0.114)	Data 0.002 (0.004)	Loss 0.1611 (0.1387)	Acc@1 98.438 (96.501)	Acc@5 100.000 (99.844)
 * Acc@1 96.494 Acc@5 99.826
epoch 67, total time 53.44
Test: [0/94]	Time 0.326 (0.326)	Loss 0.8739 (0.8739)	Acc@1 84.375 (84.375)	Acc@5 93.750 (93.750)
 * Acc@1 79.300 Acc@5 94.433
==> training...
Epoch: [68][0/468]	Time 0.337 (0.337)	Data 0.271 (0.271)	Loss 0.1047 (0.1047)	Acc@1 96.875 (96.875)	Acc@5 100.000 (100.000)
Epoch: [68][100/468]	Time 0.109 (0.113)	Data 0.002 (0.006)	Loss 0.1255 (0.1207)	Acc@1 100.000 (97.231)	Acc@5 100.000 (99.876)
Epoch: [68][200/468]	Time 0.113 (0.112)	Data 0.002 (0.004)	Loss 0.1197 (0.1199)	Acc@1 96.875 (97.225)	Acc@5 100.000 (99.883)
Epoch: [68][300/468]	Time 0.112 (0.112)	Data 0.002 (0.004)	Loss 0.1017 (0.1237)	Acc@1 96.875 (97.067)	Acc@5 100.000 (99.855)
Epoch: [68][400/468]	Time 0.111 (0.112)	Data 0.002 (0.003)	Loss 0.1200 (0.1242)	Acc@1 95.312 (97.015)	Acc@5 100.000 (99.868)
 * Acc@1 97.022 Acc@5 99.883
epoch 68, total time 52.34
Test: [0/94]	Time 0.170 (0.170)	Loss 1.0575 (1.0575)	Acc@1 75.000 (75.000)	Acc@5 93.750 (93.750)
 * Acc@1 78.967 Acc@5 94.567
==> training...
Epoch: [69][0/468]	Time 0.322 (0.322)	Data 0.258 (0.258)	Loss 0.0530 (0.0530)	Acc@1 100.000 (100.000)	Acc@5 100.000 (100.000)
Epoch: [69][100/468]	Time 0.109 (0.114)	Data 0.001 (0.005)	Loss 0.0845 (0.1066)	Acc@1 98.438 (97.602)	Acc@5 100.000 (99.907)
Epoch: [69][200/468]	Time 0.110 (0.113)	Data 0.002 (0.004)	Loss 0.1031 (0.1090)	Acc@1 98.438 (97.388)	Acc@5 100.000 (99.914)
Epoch: [69][300/468]	Time 0.113 (0.112)	Data 0.002 (0.004)	Loss 0.0603 (0.1092)	Acc@1 100.000 (97.384)	Acc@5 100.000 (99.922)
Epoch: [69][400/468]	Time 0.111 (0.115)	Data 0.002 (0.003)	Loss 0.1523 (0.1096)	Acc@1 98.438 (97.346)	Acc@5 98.438 (99.930)
 * Acc@1 97.339 Acc@5 99.930
epoch 69, total time 53.97
Test: [0/94]	Time 0.557 (0.557)	Loss 1.0264 (1.0264)	Acc@1 81.250 (81.250)	Acc@5 93.750 (93.750)
 * Acc@1 78.800 Acc@5 94.367
==> training...
Epoch: [70][0/468]	Time 0.387 (0.387)	Data 0.322 (0.322)	Loss 0.1133 (0.1133)	Acc@1 96.875 (96.875)	Acc@5 100.000 (100.000)
Epoch: [70][100/468]	Time 0.112 (0.115)	Data 0.002 (0.006)	Loss 0.0779 (0.1019)	Acc@1 98.438 (97.525)	Acc@5 100.000 (99.907)
Epoch: [70][200/468]	Time 0.111 (0.112)	Data 0.002 (0.004)	Loss 0.0830 (0.0998)	Acc@1 96.875 (97.621)	Acc@5 100.000 (99.930)
Epoch: [70][300/468]	Time 0.109 (0.112)	Data 0.002 (0.004)	Loss 0.0671 (0.0995)	Acc@1 98.438 (97.633)	Acc@5 100.000 (99.933)
Epoch: [70][400/468]	Time 0.112 (0.116)	Data 0.002 (0.003)	Loss 0.0612 (0.0996)	Acc@1 96.875 (97.658)	Acc@5 100.000 (99.930)
 * Acc@1 97.596 Acc@5 99.940
epoch 70, total time 53.91
Test: [0/94]	Time 0.427 (0.427)	Loss 0.9061 (0.9061)	Acc@1 78.125 (78.125)	Acc@5 93.750 (93.750)
 * Acc@1 79.267 Acc@5 94.433
==> training...
Epoch: [71][0/468]	Time 0.437 (0.437)	Data 0.370 (0.370)	Loss 0.0340 (0.0340)	Acc@1 100.000 (100.000)	Acc@5 100.000 (100.000)
Epoch: [71][100/468]	Time 0.111 (0.115)	Data 0.002 (0.007)	Loss 0.1130 (0.0970)	Acc@1 96.875 (97.772)	Acc@5 100.000 (99.938)
Epoch: [71][200/468]	Time 0.110 (0.114)	Data 0.002 (0.005)	Loss 0.0926 (0.0984)	Acc@1 98.438 (97.707)	Acc@5 100.000 (99.961)
Epoch: [71][300/468]	Time 0.109 (0.113)	Data 0.002 (0.004)	Loss 0.1616 (0.0983)	Acc@1 95.312 (97.732)	Acc@5 100.000 (99.969)
Epoch: [71][400/468]	Time 0.109 (0.113)	Data 0.002 (0.004)	Loss 0.0972 (0.0967)	Acc@1 98.438 (97.721)	Acc@5 100.000 (99.973)
 * Acc@1 97.763 Acc@5 99.973
epoch 71, total time 52.77
Test: [0/94]	Time 0.132 (0.132)	Loss 1.0701 (1.0701)	Acc@1 78.125 (78.125)	Acc@5 93.750 (93.750)
 * Acc@1 79.067 Acc@5 94.233
==> training...
Epoch: [72][0/468]	Time 0.327 (0.327)	Data 0.263 (0.263)	Loss 0.0690 (0.0690)	Acc@1 98.438 (98.438)	Acc@5 100.000 (100.000)
Epoch: [72][100/468]	Time 0.112 (0.113)	Data 0.002 (0.005)	Loss 0.0926 (0.0837)	Acc@1 98.438 (98.175)	Acc@5 100.000 (99.985)
Epoch: [72][200/468]	Time 0.111 (0.113)	Data 0.002 (0.004)	Loss 0.1332 (0.0835)	Acc@1 96.875 (98.235)	Acc@5 100.000 (99.977)
Epoch: [72][300/468]	Time 0.109 (0.112)	Data 0.002 (0.003)	Loss 0.0785 (0.0832)	Acc@1 98.438 (98.235)	Acc@5 100.000 (99.984)
Epoch: [72][400/468]	Time 0.109 (0.111)	Data 0.002 (0.003)	Loss 0.1554 (0.0855)	Acc@1 95.312 (98.173)	Acc@5 100.000 (99.957)
 * Acc@1 98.164 Acc@5 99.953
epoch 72, total time 52.16
Test: [0/94]	Time 0.202 (0.202)	Loss 0.9681 (0.9681)	Acc@1 78.125 (78.125)	Acc@5 93.750 (93.750)
 * Acc@1 79.500 Acc@5 94.300
==> training...
Epoch: [73][0/468]	Time 0.349 (0.349)	Data 0.283 (0.283)	Loss 0.0589 (0.0589)	Acc@1 100.000 (100.000)	Acc@5 100.000 (100.000)
Epoch: [73][100/468]	Time 0.112 (0.114)	Data 0.002 (0.005)	Loss 0.0943 (0.0750)	Acc@1 98.438 (98.639)	Acc@5 100.000 (100.000)
Epoch: [73][200/468]	Time 0.112 (0.113)	Data 0.002 (0.004)	Loss 0.0944 (0.0767)	Acc@1 96.875 (98.461)	Acc@5 100.000 (99.969)
Epoch: [73][300/468]	Time 0.112 (0.112)	Data 0.002 (0.003)	Loss 0.0896 (0.0786)	Acc@1 95.312 (98.386)	Acc@5 100.000 (99.974)
Epoch: [73][400/468]	Time 0.112 (0.112)	Data 0.002 (0.003)	Loss 0.0487 (0.0777)	Acc@1 100.000 (98.410)	Acc@5 100.000 (99.973)
 * Acc@1 98.407 Acc@5 99.973
epoch 73, total time 52.63
Test: [0/94]	Time 0.577 (0.577)	Loss 0.9978 (0.9978)	Acc@1 81.250 (81.250)	Acc@5 93.750 (93.750)
 * Acc@1 79.700 Acc@5 94.333
==> training...
Epoch: [74][0/468]	Time 0.329 (0.329)	Data 0.260 (0.260)	Loss 0.0607 (0.0607)	Acc@1 100.000 (100.000)	Acc@5 100.000 (100.000)
Epoch: [74][100/468]	Time 0.109 (0.113)	Data 0.002 (0.005)	Loss 0.0559 (0.0683)	Acc@1 98.438 (98.762)	Acc@5 100.000 (100.000)
Epoch: [74][200/468]	Time 0.112 (0.118)	Data 0.002 (0.004)	Loss 0.0981 (0.0708)	Acc@1 98.438 (98.671)	Acc@5 100.000 (99.992)
Epoch: [74][300/468]	Time 0.111 (0.116)	Data 0.002 (0.004)	Loss 0.0830 (0.0718)	Acc@1 95.312 (98.619)	Acc@5 100.000 (99.990)
Epoch: [74][400/468]	Time 0.109 (0.115)	Data 0.002 (0.003)	Loss 0.1037 (0.0720)	Acc@1 96.875 (98.586)	Acc@5 100.000 (99.984)
 * Acc@1 98.528 Acc@5 99.977
epoch 74, total time 53.90
Test: [0/94]	Time 0.438 (0.438)	Loss 1.0593 (1.0593)	Acc@1 78.125 (78.125)	Acc@5 93.750 (93.750)
 * Acc@1 78.967 Acc@5 93.967
==> training...
Epoch: [75][0/468]	Time 0.349 (0.349)	Data 0.284 (0.284)	Loss 0.0673 (0.0673)	Acc@1 98.438 (98.438)	Acc@5 100.000 (100.000)
Epoch: [75][100/468]	Time 0.111 (0.113)	Data 0.002 (0.006)	Loss 0.0495 (0.0658)	Acc@1 100.000 (98.778)	Acc@5 100.000 (100.000)
Epoch: [75][200/468]	Time 0.109 (0.118)	Data 0.002 (0.004)	Loss 0.0292 (0.0686)	Acc@1 100.000 (98.624)	Acc@5 100.000 (100.000)
Epoch: [75][300/468]	Time 0.113 (0.116)	Data 0.002 (0.004)	Loss 0.0256 (0.0696)	Acc@1 100.000 (98.562)	Acc@5 100.000 (99.995)
Epoch: [75][400/468]	Time 0.112 (0.115)	Data 0.002 (0.003)	Loss 0.0551 (0.0709)	Acc@1 100.000 (98.484)	Acc@5 100.000 (99.992)
 * Acc@1 98.488 Acc@5 99.993
epoch 75, total time 53.72
Test: [0/94]	Time 0.390 (0.390)	Loss 0.9624 (0.9624)	Acc@1 78.125 (78.125)	Acc@5 93.750 (93.750)
 * Acc@1 78.933 Acc@5 94.000
==> training...
Epoch: [76][0/468]	Time 0.425 (0.425)	Data 0.360 (0.360)	Loss 0.1107 (0.1107)	Acc@1 95.312 (95.312)	Acc@5 100.000 (100.000)
Epoch: [76][100/468]	Time 0.111 (0.115)	Data 0.002 (0.006)	Loss 0.0576 (0.0599)	Acc@1 96.875 (98.871)	Acc@5 100.000 (99.985)
Epoch: [76][200/468]	Time 0.113 (0.113)	Data 0.002 (0.004)	Loss 0.0438 (0.0610)	Acc@1 98.438 (98.772)	Acc@5 100.000 (99.992)
Epoch: [76][300/468]	Time 0.113 (0.113)	Data 0.002 (0.004)	Loss 0.0519 (0.0623)	Acc@1 98.438 (98.759)	Acc@5 100.000 (99.995)
Epoch: [76][400/468]	Time 0.112 (0.113)	Data 0.002 (0.004)	Loss 0.0961 (0.0630)	Acc@1 98.438 (98.726)	Acc@5 98.438 (99.992)
 * Acc@1 98.691 Acc@5 99.990
epoch 76, total time 52.68
Test: [0/94]	Time 0.160 (0.160)	Loss 0.9748 (0.9748)	Acc@1 78.125 (78.125)	Acc@5 93.750 (93.750)
 * Acc@1 78.400 Acc@5 93.733
==> training...
Epoch: [77][0/468]	Time 0.332 (0.332)	Data 0.263 (0.263)	Loss 0.0607 (0.0607)	Acc@1 100.000 (100.000)	Acc@5 100.000 (100.000)
Epoch: [77][100/468]	Time 0.109 (0.113)	Data 0.002 (0.005)	Loss 0.0628 (0.0640)	Acc@1 98.438 (98.670)	Acc@5 100.000 (100.000)
Epoch: [77][200/468]	Time 0.110 (0.114)	Data 0.002 (0.004)	Loss 0.0638 (0.0620)	Acc@1 100.000 (98.710)	Acc@5 100.000 (100.000)
Epoch: [77][300/468]	Time 0.112 (0.113)	Data 0.003 (0.004)	Loss 0.0613 (0.0618)	Acc@1 100.000 (98.681)	Acc@5 100.000 (100.000)
Epoch: [77][400/468]	Time 0.111 (0.113)	Data 0.002 (0.004)	Loss 0.0714 (0.0620)	Acc@1 98.438 (98.691)	Acc@5 100.000 (99.996)
 * Acc@1 98.745 Acc@5 99.997
epoch 77, total time 52.83
Test: [0/94]	Time 0.833 (0.833)	Loss 1.0905 (1.0905)	Acc@1 75.000 (75.000)	Acc@5 93.750 (93.750)
 * Acc@1 79.500 Acc@5 94.100
==> training...
Epoch: [78][0/468]	Time 0.341 (0.341)	Data 0.276 (0.276)	Loss 0.0343 (0.0343)	Acc@1 100.000 (100.000)	Acc@5 100.000 (100.000)
Epoch: [78][100/468]	Time 0.111 (0.114)	Data 0.002 (0.005)	Loss 0.0602 (0.0551)	Acc@1 98.438 (98.855)	Acc@5 100.000 (100.000)
Epoch: [78][200/468]	Time 0.109 (0.113)	Data 0.002 (0.004)	Loss 0.1270 (0.0552)	Acc@1 98.438 (98.873)	Acc@5 98.438 (99.992)
Epoch: [78][300/468]	Time 0.109 (0.112)	Data 0.002 (0.003)	Loss 0.0600 (0.0543)	Acc@1 98.438 (98.977)	Acc@5 100.000 (99.995)
Epoch: [78][400/468]	Time 0.112 (0.112)	Data 0.002 (0.003)	Loss 0.0526 (0.0555)	Acc@1 98.438 (98.995)	Acc@5 100.000 (99.996)
 * Acc@1 98.975 Acc@5 99.997
epoch 78, total time 52.45
Test: [0/94]	Time 0.126 (0.126)	Loss 0.9595 (0.9595)	Acc@1 75.000 (75.000)	Acc@5 93.750 (93.750)
 * Acc@1 78.533 Acc@5 93.900
==> training...
Epoch: [79][0/468]	Time 0.372 (0.372)	Data 0.297 (0.297)	Loss 0.0571 (0.0571)	Acc@1 98.438 (98.438)	Acc@5 100.000 (100.000)
Epoch: [79][100/468]	Time 0.113 (0.115)	Data 0.002 (0.006)	Loss 0.0695 (0.0463)	Acc@1 100.000 (99.288)	Acc@5 100.000 (100.000)
Epoch: [79][200/468]	Time 0.110 (0.120)	Data 0.002 (0.004)	Loss 0.0233 (0.0468)	Acc@1 100.000 (99.246)	Acc@5 100.000 (100.000)
Epoch: [79][300/468]	Time 0.110 (0.117)	Data 0.002 (0.004)	Loss 0.0708 (0.0482)	Acc@1 98.438 (99.180)	Acc@5 100.000 (99.995)
Epoch: [79][400/468]	Time 0.111 (0.115)	Data 0.002 (0.003)	Loss 0.0290 (0.0499)	Acc@1 100.000 (99.119)	Acc@5 100.000 (99.996)
 * Acc@1 99.082 Acc@5 99.997
epoch 79, total time 53.79
Test: [0/94]	Time 0.691 (0.691)	Loss 1.0120 (1.0120)	Acc@1 81.250 (81.250)	Acc@5 93.750 (93.750)
 * Acc@1 78.600 Acc@5 94.367
==> training...
Epoch: [80][0/468]	Time 0.452 (0.452)	Data 0.393 (0.393)	Loss 0.0474 (0.0474)	Acc@1 100.000 (100.000)	Acc@5 100.000 (100.000)
Epoch: [80][100/468]	Time 0.114 (0.115)	Data 0.002 (0.006)	Loss 0.0569 (0.0456)	Acc@1 98.438 (99.196)	Acc@5 100.000 (99.985)
Epoch: [80][200/468]	Time 0.110 (0.114)	Data 0.002 (0.004)	Loss 0.0788 (0.0456)	Acc@1 98.438 (99.238)	Acc@5 100.000 (99.992)
Epoch: [80][300/468]	Time 0.109 (0.112)	Data 0.002 (0.004)	Loss 0.0941 (0.0489)	Acc@1 98.438 (99.097)	Acc@5 100.000 (99.995)
Epoch: [80][400/468]	Time 0.109 (0.112)	Data 0.002 (0.003)	Loss 0.0169 (0.0496)	Acc@1 100.000 (99.080)	Acc@5 100.000 (99.996)
 * Acc@1 99.048 Acc@5 99.997
epoch 80, total time 52.13
Test: [0/94]	Time 0.116 (0.116)	Loss 1.0342 (1.0342)	Acc@1 71.875 (71.875)	Acc@5 93.750 (93.750)
 * Acc@1 78.733 Acc@5 93.967
==> training...
Epoch: [81][0/468]	Time 0.311 (0.311)	Data 0.256 (0.256)	Loss 0.0329 (0.0329)	Acc@1 100.000 (100.000)	Acc@5 100.000 (100.000)
Epoch: [81][100/468]	Time 0.129 (0.113)	Data 0.002 (0.005)	Loss 0.0933 (0.0461)	Acc@1 96.875 (99.103)	Acc@5 100.000 (100.000)
Epoch: [81][200/468]	Time 0.111 (0.112)	Data 0.002 (0.004)	Loss 0.0982 (0.0463)	Acc@1 98.438 (99.137)	Acc@5 100.000 (100.000)
Epoch: [81][300/468]	Time 0.109 (0.111)	Data 0.001 (0.003)	Loss 0.0437 (0.0467)	Acc@1 98.438 (99.143)	Acc@5 100.000 (99.995)
Epoch: [81][400/468]	Time 0.109 (0.111)	Data 0.001 (0.003)	Loss 0.0159 (0.0455)	Acc@1 100.000 (99.193)	Acc@5 100.000 (99.992)
 * Acc@1 99.235 Acc@5 99.993
epoch 81, total time 51.85
Test: [0/94]	Time 0.117 (0.117)	Loss 1.0182 (1.0182)	Acc@1 78.125 (78.125)	Acc@5 93.750 (93.750)
 * Acc@1 79.033 Acc@5 94.133
==> training...
Epoch: [82][0/468]	Time 0.350 (0.350)	Data 0.294 (0.294)	Loss 0.0521 (0.0521)	Acc@1 100.000 (100.000)	Acc@5 100.000 (100.000)
Epoch: [82][100/468]	Time 0.110 (0.117)	Data 0.001 (0.008)	Loss 0.0200 (0.0397)	Acc@1 100.000 (99.412)	Acc@5 100.000 (99.985)
Epoch: [82][200/468]	Time 0.109 (0.113)	Data 0.001 (0.005)	Loss 0.0834 (0.0400)	Acc@1 98.438 (99.409)	Acc@5 100.000 (99.992)
Epoch: [82][300/468]	Time 0.109 (0.112)	Data 0.002 (0.004)	Loss 0.0276 (0.0400)	Acc@1 100.000 (99.460)	Acc@5 100.000 (99.990)
Epoch: [82][400/468]	Time 0.109 (0.113)	Data 0.002 (0.004)	Loss 0.0345 (0.0399)	Acc@1 100.000 (99.466)	Acc@5 100.000 (99.992)
 * Acc@1 99.439 Acc@5 99.990
epoch 82, total time 52.70
Test: [0/94]	Time 0.495 (0.495)	Loss 0.9479 (0.9479)	Acc@1 78.125 (78.125)	Acc@5 93.750 (93.750)
 * Acc@1 79.167 Acc@5 94.133
==> training...
Epoch: [83][0/468]	Time 0.339 (0.339)	Data 0.283 (0.283)	Loss 0.0396 (0.0396)	Acc@1 98.438 (98.438)	Acc@5 100.000 (100.000)
Epoch: [83][100/468]	Time 0.109 (0.135)	Data 0.001 (0.005)	Loss 0.0391 (0.0400)	Acc@1 100.000 (99.443)	Acc@5 100.000 (99.985)
Epoch: [83][200/468]	Time 0.109 (0.123)	Data 0.001 (0.004)	Loss 0.0447 (0.0381)	Acc@1 98.438 (99.425)	Acc@5 100.000 (99.992)
Epoch: [83][300/468]	Time 0.110 (0.118)	Data 0.001 (0.003)	Loss 0.0278 (0.0378)	Acc@1 100.000 (99.450)	Acc@5 100.000 (99.990)
Epoch: [83][400/468]	Time 0.110 (0.116)	Data 0.001 (0.003)	Loss 0.0163 (0.0370)	Acc@1 100.000 (99.493)	Acc@5 100.000 (99.992)
 * Acc@1 99.486 Acc@5 99.993
epoch 83, total time 54.04
Test: [0/94]	Time 0.351 (0.351)	Loss 1.0156 (1.0156)	Acc@1 78.125 (78.125)	Acc@5 93.750 (93.750)
 * Acc@1 79.233 Acc@5 94.000
==> training...
Epoch: [84][0/468]	Time 0.329 (0.329)	Data 0.272 (0.272)	Loss 0.0469 (0.0469)	Acc@1 98.438 (98.438)	Acc@5 100.000 (100.000)
Epoch: [84][100/468]	Time 0.110 (0.112)	Data 0.001 (0.005)	Loss 0.0301 (0.0365)	Acc@1 100.000 (99.551)	Acc@5 100.000 (99.985)
Epoch: [84][200/468]	Time 0.111 (0.111)	Data 0.001 (0.003)	Loss 0.0244 (0.0362)	Acc@1 100.000 (99.534)	Acc@5 100.000 (99.992)
Epoch: [84][300/468]	Time 0.110 (0.113)	Data 0.002 (0.004)	Loss 0.0209 (0.0359)	Acc@1 100.000 (99.543)	Acc@5 100.000 (99.995)
Epoch: [84][400/468]	Time 0.109 (0.112)	Data 0.001 (0.003)	Loss 0.0259 (0.0367)	Acc@1 98.438 (99.509)	Acc@5 100.000 (99.996)
 * Acc@1 99.519 Acc@5 99.997
epoch 84, total time 52.34
Test: [0/94]	Time 0.118 (0.118)	Loss 0.9665 (0.9665)	Acc@1 78.125 (78.125)	Acc@5 93.750 (93.750)
 * Acc@1 79.433 Acc@5 94.067
==> training...
Epoch: [85][0/468]	Time 0.466 (0.466)	Data 0.410 (0.410)	Loss 0.0239 (0.0239)	Acc@1 100.000 (100.000)	Acc@5 100.000 (100.000)
Epoch: [85][100/468]	Time 0.110 (0.114)	Data 0.002 (0.006)	Loss 0.0367 (0.0325)	Acc@1 100.000 (99.660)	Acc@5 100.000 (100.000)
Epoch: [85][200/468]	Time 0.110 (0.112)	Data 0.001 (0.004)	Loss 0.0563 (0.0335)	Acc@1 98.438 (99.658)	Acc@5 100.000 (100.000)
Epoch: [85][300/468]	Time 0.110 (0.115)	Data 0.002 (0.004)	Loss 0.0290 (0.0346)	Acc@1 100.000 (99.621)	Acc@5 100.000 (100.000)
Epoch: [85][400/468]	Time 0.108 (0.114)	Data 0.002 (0.003)	Loss 0.0414 (0.0350)	Acc@1 98.438 (99.564)	Acc@5 100.000 (99.996)
 * Acc@1 99.556 Acc@5 99.997
epoch 85, total time 53.15
Test: [0/94]	Time 0.683 (0.683)	Loss 0.9498 (0.9498)	Acc@1 78.125 (78.125)	Acc@5 93.750 (93.750)
 * Acc@1 79.767 Acc@5 94.233
==> training...
Epoch: [86][0/468]	Time 0.383 (0.383)	Data 0.325 (0.325)	Loss 0.0249 (0.0249)	Acc@1 100.000 (100.000)	Acc@5 100.000 (100.000)
Epoch: [86][100/468]	Time 0.109 (0.112)	Data 0.002 (0.005)	Loss 0.0394 (0.0353)	Acc@1 100.000 (99.675)	Acc@5 100.000 (100.000)
Epoch: [86][200/468]	Time 0.109 (0.111)	Data 0.002 (0.004)	Loss 0.0369 (0.0353)	Acc@1 100.000 (99.619)	Acc@5 100.000 (100.000)
Epoch: [86][300/468]	Time 0.110 (0.111)	Data 0.001 (0.003)	Loss 0.0137 (0.0358)	Acc@1 100.000 (99.569)	Acc@5 100.000 (100.000)
Epoch: [86][400/468]	Time 0.110 (0.111)	Data 0.002 (0.004)	Loss 0.0210 (0.0358)	Acc@1 100.000 (99.540)	Acc@5 100.000 (100.000)
 * Acc@1 99.539 Acc@5 100.000
epoch 86, total time 51.92
Test: [0/94]	Time 0.335 (0.335)	Loss 0.9445 (0.9445)	Acc@1 78.125 (78.125)	Acc@5 93.750 (93.750)
 * Acc@1 79.600 Acc@5 94.333
==> training...
Epoch: [87][0/468]	Time 0.324 (0.324)	Data 0.265 (0.265)	Loss 0.0296 (0.0296)	Acc@1 100.000 (100.000)	Acc@5 100.000 (100.000)
Epoch: [87][100/468]	Time 0.110 (0.112)	Data 0.001 (0.005)	Loss 0.0298 (0.0321)	Acc@1 100.000 (99.567)	Acc@5 100.000 (100.000)
Epoch: [87][200/468]	Time 0.110 (0.111)	Data 0.002 (0.003)	Loss 0.0522 (0.0336)	Acc@1 96.875 (99.572)	Acc@5 100.000 (100.000)
Epoch: [87][300/468]	Time 0.110 (0.118)	Data 0.002 (0.003)	Loss 0.0339 (0.0348)	Acc@1 100.000 (99.580)	Acc@5 100.000 (100.000)
Epoch: [87][400/468]	Time 0.110 (0.116)	Data 0.001 (0.003)	Loss 0.0371 (0.0357)	Acc@1 98.438 (99.536)	Acc@5 100.000 (99.996)
 * Acc@1 99.536 Acc@5 99.997
epoch 87, total time 53.78
Test: [0/94]	Time 0.465 (0.465)	Loss 0.9534 (0.9534)	Acc@1 78.125 (78.125)	Acc@5 93.750 (93.750)
 * Acc@1 79.667 Acc@5 94.500
==> training...
Epoch: [88][0/468]	Time 0.399 (0.399)	Data 0.335 (0.335)	Loss 0.0143 (0.0143)	Acc@1 100.000 (100.000)	Acc@5 100.000 (100.000)
Epoch: [88][100/468]	Time 0.109 (0.113)	Data 0.002 (0.005)	Loss 0.0164 (0.0344)	Acc@1 100.000 (99.567)	Acc@5 100.000 (100.000)
Epoch: [88][200/468]	Time 0.111 (0.112)	Data 0.002 (0.004)	Loss 0.0337 (0.0337)	Acc@1 98.438 (99.588)	Acc@5 100.000 (100.000)
Epoch: [88][300/468]	Time 0.109 (0.111)	Data 0.001 (0.003)	Loss 0.0320 (0.0330)	Acc@1 100.000 (99.631)	Acc@5 100.000 (100.000)
Epoch: [88][400/468]	Time 0.111 (0.111)	Data 0.002 (0.003)	Loss 0.0267 (0.0330)	Acc@1 100.000 (99.618)	Acc@5 100.000 (99.996)
 * Acc@1 99.596 Acc@5 99.997
epoch 88, total time 51.81
Test: [0/94]	Time 0.123 (0.123)	Loss 0.9358 (0.9358)	Acc@1 78.125 (78.125)	Acc@5 93.750 (93.750)
 * Acc@1 79.633 Acc@5 94.333
==> training...
Epoch: [89][0/468]	Time 0.401 (0.401)	Data 0.342 (0.342)	Loss 0.0223 (0.0223)	Acc@1 100.000 (100.000)	Acc@5 100.000 (100.000)
Epoch: [89][100/468]	Time 0.110 (0.113)	Data 0.002 (0.005)	Loss 0.0461 (0.0330)	Acc@1 100.000 (99.660)	Acc@5 100.000 (100.000)
Epoch: [89][200/468]	Time 0.111 (0.112)	Data 0.002 (0.004)	Loss 0.0494 (0.0333)	Acc@1 98.438 (99.650)	Acc@5 100.000 (100.000)
Epoch: [89][300/468]	Time 0.111 (0.112)	Data 0.002 (0.004)	Loss 0.0233 (0.0331)	Acc@1 100.000 (99.626)	Acc@5 100.000 (100.000)
Epoch: [89][400/468]	Time 0.111 (0.111)	Data 0.001 (0.003)	Loss 0.0281 (0.0333)	Acc@1 100.000 (99.614)	Acc@5 100.000 (100.000)
 * Acc@1 99.603 Acc@5 100.000
epoch 89, total time 52.14
Test: [0/94]	Time 0.431 (0.431)	Loss 0.9789 (0.9789)	Acc@1 75.000 (75.000)	Acc@5 93.750 (93.750)
 * Acc@1 79.400 Acc@5 94.333
==> training...
Epoch: [90][0/468]	Time 0.317 (0.317)	Data 0.260 (0.260)	Loss 0.0528 (0.0528)	Acc@1 98.438 (98.438)	Acc@5 100.000 (100.000)
Epoch: [90][100/468]	Time 0.110 (0.129)	Data 0.002 (0.005)	Loss 0.0268 (0.0352)	Acc@1 100.000 (99.598)	Acc@5 100.000 (100.000)
Epoch: [90][200/468]	Time 0.110 (0.120)	Data 0.001 (0.004)	Loss 0.0488 (0.0330)	Acc@1 100.000 (99.658)	Acc@5 100.000 (100.000)
Epoch: [90][300/468]	Time 0.109 (0.117)	Data 0.001 (0.003)	Loss 0.0283 (0.0324)	Acc@1 100.000 (99.694)	Acc@5 100.000 (100.000)
Epoch: [90][400/468]	Time 0.109 (0.116)	Data 0.001 (0.003)	Loss 0.0323 (0.0325)	Acc@1 100.000 (99.657)	Acc@5 100.000 (100.000)
 * Acc@1 99.623 Acc@5 100.000
epoch 90, total time 53.80
Test: [0/94]	Time 0.746 (0.746)	Loss 0.9535 (0.9535)	Acc@1 78.125 (78.125)	Acc@5 93.750 (93.750)
 * Acc@1 79.633 Acc@5 94.433
==> training...
Epoch: [91][0/468]	Time 0.340 (0.340)	Data 0.281 (0.281)	Loss 0.0271 (0.0271)	Acc@1 100.000 (100.000)	Acc@5 100.000 (100.000)
Epoch: [91][100/468]	Time 0.109 (0.114)	Data 0.001 (0.006)	Loss 0.0388 (0.0312)	Acc@1 100.000 (99.629)	Acc@5 100.000 (100.000)
Epoch: [91][200/468]	Time 0.109 (0.112)	Data 0.001 (0.004)	Loss 0.0131 (0.0326)	Acc@1 100.000 (99.588)	Acc@5 100.000 (100.000)
Epoch: [91][300/468]	Time 0.111 (0.111)	Data 0.002 (0.003)	Loss 0.0408 (0.0325)	Acc@1 100.000 (99.621)	Acc@5 100.000 (100.000)
Epoch: [91][400/468]	Time 0.111 (0.111)	Data 0.001 (0.003)	Loss 0.0412 (0.0327)	Acc@1 100.000 (99.626)	Acc@5 100.000 (100.000)
 * Acc@1 99.616 Acc@5 100.000
epoch 91, total time 51.93
Test: [0/94]	Time 0.120 (0.120)	Loss 0.9527 (0.9527)	Acc@1 78.125 (78.125)	Acc@5 93.750 (93.750)
 * Acc@1 79.433 Acc@5 94.300
==> training...
Epoch: [92][0/468]	Time 0.921 (0.921)	Data 0.502 (0.502)	Loss 0.0693 (0.0693)	Acc@1 98.438 (98.438)	Acc@5 100.000 (100.000)
Epoch: [92][100/468]	Time 0.109 (0.120)	Data 0.002 (0.007)	Loss 0.0181 (0.0339)	Acc@1 100.000 (99.520)	Acc@5 100.000 (100.000)
Epoch: [92][200/468]	Time 0.109 (0.115)	Data 0.002 (0.005)	Loss 0.0166 (0.0326)	Acc@1 100.000 (99.619)	Acc@5 100.000 (100.000)
Epoch: [92][300/468]	Time 0.111 (0.114)	Data 0.002 (0.004)	Loss 0.0341 (0.0334)	Acc@1 100.000 (99.585)	Acc@5 100.000 (100.000)
Epoch: [92][400/468]	Time 0.110 (0.113)	Data 0.002 (0.004)	Loss 0.0195 (0.0331)	Acc@1 100.000 (99.591)	Acc@5 100.000 (100.000)
 * Acc@1 99.593 Acc@5 100.000
epoch 92, total time 52.80
Test: [0/94]	Time 0.148 (0.148)	Loss 0.9729 (0.9729)	Acc@1 78.125 (78.125)	Acc@5 93.750 (93.750)
 * Acc@1 79.433 Acc@5 94.267
==> training...
Epoch: [93][0/468]	Time 0.333 (0.333)	Data 0.279 (0.279)	Loss 0.0130 (0.0130)	Acc@1 100.000 (100.000)	Acc@5 100.000 (100.000)
Epoch: [93][100/468]	Time 0.111 (0.113)	Data 0.002 (0.005)	Loss 0.0396 (0.0309)	Acc@1 98.438 (99.551)	Acc@5 100.000 (100.000)
Epoch: [93][200/468]	Time 0.110 (0.112)	Data 0.001 (0.004)	Loss 0.0347 (0.0322)	Acc@1 98.438 (99.596)	Acc@5 100.000 (100.000)
Epoch: [93][300/468]	Time 0.110 (0.119)	Data 0.002 (0.003)	Loss 0.0426 (0.0318)	Acc@1 100.000 (99.616)	Acc@5 100.000 (100.000)
Epoch: [93][400/468]	Time 0.110 (0.116)	Data 0.002 (0.003)	Loss 0.0633 (0.0322)	Acc@1 96.875 (99.595)	Acc@5 100.000 (100.000)
 * Acc@1 99.616 Acc@5 100.000
epoch 93, total time 54.33
Test: [0/94]	Time 0.831 (0.831)	Loss 0.9729 (0.9729)	Acc@1 78.125 (78.125)	Acc@5 93.750 (93.750)
 * Acc@1 79.500 Acc@5 94.500
==> training...
Epoch: [94][0/468]	Time 0.329 (0.329)	Data 0.272 (0.272)	Loss 0.0303 (0.0303)	Acc@1 100.000 (100.000)	Acc@5 100.000 (100.000)
Epoch: [94][100/468]	Time 0.111 (0.113)	Data 0.001 (0.006)	Loss 0.0288 (0.0311)	Acc@1 100.000 (99.598)	Acc@5 100.000 (100.000)
Epoch: [94][200/468]	Time 0.111 (0.112)	Data 0.002 (0.004)	Loss 0.0193 (0.0323)	Acc@1 100.000 (99.557)	Acc@5 100.000 (100.000)
Epoch: [94][300/468]	Time 0.110 (0.111)	Data 0.002 (0.004)	Loss 0.0281 (0.0317)	Acc@1 100.000 (99.590)	Acc@5 100.000 (100.000)
Epoch: [94][400/468]	Time 0.111 (0.111)	Data 0.002 (0.003)	Loss 0.0772 (0.0313)	Acc@1 98.438 (99.626)	Acc@5 100.000 (100.000)
 * Acc@1 99.619 Acc@5 100.000
epoch 94, total time 51.96
Test: [0/94]	Time 0.744 (0.744)	Loss 1.0090 (1.0090)	Acc@1 78.125 (78.125)	Acc@5 93.750 (93.750)
 * Acc@1 79.800 Acc@5 94.367
==> training...
Epoch: [95][0/468]	Time 0.321 (0.321)	Data 0.267 (0.267)	Loss 0.0161 (0.0161)	Acc@1 100.000 (100.000)	Acc@5 100.000 (100.000)
Epoch: [95][100/468]	Time 0.110 (0.112)	Data 0.001 (0.005)	Loss 0.0293 (0.0291)	Acc@1 100.000 (99.737)	Acc@5 100.000 (100.000)
Epoch: [95][200/468]	Time 0.110 (0.111)	Data 0.002 (0.004)	Loss 0.0219 (0.0307)	Acc@1 100.000 (99.736)	Acc@5 100.000 (100.000)
Epoch: [95][300/468]	Time 0.110 (0.111)	Data 0.002 (0.003)	Loss 0.0374 (0.0307)	Acc@1 98.438 (99.699)	Acc@5 100.000 (100.000)
Epoch: [95][400/468]	Time 0.110 (0.111)	Data 0.002 (0.003)	Loss 0.0351 (0.0312)	Acc@1 100.000 (99.692)	Acc@5 100.000 (100.000)
 * Acc@1 99.706 Acc@5 100.000
epoch 95, total time 51.88
Test: [0/94]	Time 0.123 (0.123)	Loss 1.0289 (1.0289)	Acc@1 78.125 (78.125)	Acc@5 93.750 (93.750)
 * Acc@1 79.300 Acc@5 94.333
==> training...
Epoch: [96][0/468]	Time 0.340 (0.340)	Data 0.285 (0.285)	Loss 0.0271 (0.0271)	Acc@1 100.000 (100.000)	Acc@5 100.000 (100.000)
Epoch: [96][100/468]	Time 0.111 (0.113)	Data 0.002 (0.005)	Loss 0.0286 (0.0318)	Acc@1 100.000 (99.706)	Acc@5 100.000 (100.000)
Epoch: [96][200/468]	Time 0.110 (0.120)	Data 0.002 (0.004)	Loss 0.0204 (0.0323)	Acc@1 100.000 (99.666)	Acc@5 100.000 (100.000)
Epoch: [96][300/468]	Time 0.109 (0.116)	Data 0.002 (0.003)	Loss 0.0359 (0.0317)	Acc@1 98.438 (99.673)	Acc@5 100.000 (100.000)
Epoch: [96][400/468]	Time 0.110 (0.115)	Data 0.002 (0.003)	Loss 0.0203 (0.0313)	Acc@1 100.000 (99.649)	Acc@5 100.000 (100.000)
 * Acc@1 99.653 Acc@5 100.000
epoch 96, total time 53.56
Test: [0/94]	Time 0.415 (0.415)	Loss 1.0454 (1.0454)	Acc@1 78.125 (78.125)	Acc@5 93.750 (93.750)
 * Acc@1 79.500 Acc@5 94.400
==> training...
Epoch: [97][0/468]	Time 0.393 (0.393)	Data 0.337 (0.337)	Loss 0.0187 (0.0187)	Acc@1 100.000 (100.000)	Acc@5 100.000 (100.000)
Epoch: [97][100/468]	Time 0.109 (0.114)	Data 0.001 (0.005)	Loss 0.0198 (0.0310)	Acc@1 100.000 (99.660)	Acc@5 100.000 (100.000)
Epoch: [97][200/468]	Time 0.110 (0.112)	Data 0.001 (0.004)	Loss 0.0278 (0.0315)	Acc@1 100.000 (99.611)	Acc@5 100.000 (100.000)
Epoch: [97][300/468]	Time 0.109 (0.111)	Data 0.002 (0.003)	Loss 0.0413 (0.0308)	Acc@1 100.000 (99.652)	Acc@5 100.000 (100.000)
Epoch: [97][400/468]	Time 0.111 (0.116)	Data 0.002 (0.003)	Loss 0.0276 (0.0305)	Acc@1 100.000 (99.665)	Acc@5 100.000 (100.000)
 * Acc@1 99.676 Acc@5 100.000
epoch 97, total time 53.93
Test: [0/94]	Time 0.310 (0.310)	Loss 0.9974 (0.9974)	Acc@1 78.125 (78.125)	Acc@5 93.750 (93.750)
 * Acc@1 79.900 Acc@5 94.300
==> training...
Epoch: [98][0/468]	Time 0.328 (0.328)	Data 0.272 (0.272)	Loss 0.0192 (0.0192)	Acc@1 100.000 (100.000)	Acc@5 100.000 (100.000)
Epoch: [98][100/468]	Time 0.108 (0.113)	Data 0.002 (0.005)	Loss 0.0312 (0.0312)	Acc@1 100.000 (99.459)	Acc@5 100.000 (100.000)
Epoch: [98][200/468]	Time 0.111 (0.112)	Data 0.002 (0.004)	Loss 0.0518 (0.0307)	Acc@1 98.438 (99.534)	Acc@5 100.000 (100.000)
Epoch: [98][300/468]	Time 0.111 (0.112)	Data 0.001 (0.003)	Loss 0.0407 (0.0310)	Acc@1 98.438 (99.569)	Acc@5 100.000 (100.000)
Epoch: [98][400/468]	Time 0.108 (0.111)	Data 0.001 (0.003)	Loss 0.0317 (0.0307)	Acc@1 100.000 (99.606)	Acc@5 100.000 (100.000)
 * Acc@1 99.643 Acc@5 100.000
epoch 98, total time 52.01
Test: [0/94]	Time 0.137 (0.137)	Loss 0.9701 (0.9701)	Acc@1 75.000 (75.000)	Acc@5 93.750 (93.750)
 * Acc@1 79.700 Acc@5 94.400
==> training...
Epoch: [99][0/468]	Time 0.336 (0.336)	Data 0.281 (0.281)	Loss 0.0441 (0.0441)	Acc@1 98.438 (98.438)	Acc@5 100.000 (100.000)
Epoch: [99][100/468]	Time 0.111 (0.113)	Data 0.001 (0.005)	Loss 0.0297 (0.0301)	Acc@1 100.000 (99.613)	Acc@5 100.000 (100.000)
Epoch: [99][200/468]	Time 0.110 (0.111)	Data 0.002 (0.004)	Loss 0.0273 (0.0302)	Acc@1 100.000 (99.650)	Acc@5 100.000 (100.000)
Epoch: [99][300/468]	Time 0.110 (0.111)	Data 0.001 (0.003)	Loss 0.0164 (0.0303)	Acc@1 100.000 (99.626)	Acc@5 100.000 (100.000)
Epoch: [99][400/468]	Time 0.110 (0.111)	Data 0.002 (0.003)	Loss 0.0166 (0.0304)	Acc@1 100.000 (99.634)	Acc@5 100.000 (100.000)
 * Acc@1 99.623 Acc@5 100.000
epoch 99, total time 51.99
Test: [0/94]	Time 0.423 (0.423)	Loss 0.9773 (0.9773)	Acc@1 75.000 (75.000)	Acc@5 93.750 (93.750)
 * Acc@1 79.600 Acc@5 94.533
==> training...
Epoch: [100][0/468]	Time 0.337 (0.337)	Data 0.282 (0.282)	Loss 0.0292 (0.0292)	Acc@1 100.000 (100.000)	Acc@5 100.000 (100.000)
Epoch: [100][100/468]	Time 0.110 (0.112)	Data 0.001 (0.005)	Loss 0.0216 (0.0329)	Acc@1 100.000 (99.567)	Acc@5 100.000 (100.000)
Epoch: [100][200/468]	Time 0.111 (0.111)	Data 0.001 (0.004)	Loss 0.0311 (0.0312)	Acc@1 100.000 (99.596)	Acc@5 100.000 (100.000)
Epoch: [100][300/468]	Time 0.110 (0.111)	Data 0.002 (0.003)	Loss 0.0208 (0.0308)	Acc@1 100.000 (99.616)	Acc@5 100.000 (100.000)
Epoch: [100][400/468]	Time 0.109 (0.111)	Data 0.002 (0.003)	Loss 0.0272 (0.0306)	Acc@1 100.000 (99.642)	Acc@5 100.000 (100.000)
 * Acc@1 99.656 Acc@5 100.000
epoch 100, total time 52.07
Test: [0/94]	Time 0.148 (0.148)	Loss 0.9642 (0.9642)	Acc@1 78.125 (78.125)	Acc@5 93.750 (93.750)
 * Acc@1 79.600 Acc@5 94.533
==> Saving...
