Device count:  1
************* Training arguments *************
eval_freq 10
print_freq 100
tb_freq 500
save_freq 100
batch_size 64
num_workers 8
epochs 100
learning_rate 0.05
lr_decay_epochs [60, 80]
lr_decay_rate 0.1
weight_decay 0.0005
momentum 0.9
adam False
eval_only False
model resnet18
dataset miniImageNet
transform A
use_trainval False
cosine False
reload_path 
model_path /home/gridsan/akyurek/git/rfs-incremental/dumped/backbones/continual/resnet18/10
tb_path tb
data_root /home/gridsan/akyurek/git/rfs-incremental/data/miniImageNet
n_test_runs 600
n_ways 5
n_shots 1
n_queries 15
n_aug_support_samples 5
test_batch_size 1
use_episodes False
classifier linear
trial pretrain
continual True
no_dropblock True
set_seed 10
no_linear_bias True
augment_pretrain_wtrainb False
eval_mode None
label_pull None
data_aug True
linear_bias False
model_name miniImageNet_resnet18_classifier_linear
tb_folder tb/miniImageNet_resnet18_classifier_linear
save_folder /home/gridsan/akyurek/git/rfs-incremental/dumped/backbones/continual/resnet18/10
n_gpu 1
git_head_hash ae23b3b
End of arguments.

==> training...
Epoch: [1][0/468]	Time 1.560 (1.560)	Data 0.646 (0.646)	Loss 4.4665 (4.4665)	Acc@1 1.562 (1.562)	Acc@5 3.125 (3.125)
Epoch: [1][100/468]	Time 0.109 (0.123)	Data 0.001 (0.008)	Loss 3.6989 (4.7582)	Acc@1 15.625 (4.502)	Acc@5 28.125 (16.662)
Epoch: [1][200/468]	Time 0.109 (0.116)	Data 0.001 (0.005)	Loss 3.5381 (4.2420)	Acc@1 7.812 (6.273)	Acc@5 29.688 (22.155)
Epoch: [1][300/468]	Time 0.110 (0.114)	Data 0.002 (0.004)	Loss 3.2558 (4.0043)	Acc@1 20.312 (8.072)	Acc@5 42.188 (26.760)
Epoch: [1][400/468]	Time 0.109 (0.113)	Data 0.001 (0.004)	Loss 3.4844 (3.8541)	Acc@1 9.375 (9.659)	Acc@5 40.625 (30.073)
 * Acc@1 10.497 Acc@5 31.801
epoch 1, total time 52.57
Test: [0/94]	Time 0.346 (0.346)	Loss 3.1104 (3.1104)	Acc@1 21.875 (21.875)	Acc@5 50.000 (50.000)
 * Acc@1 19.633 Acc@5 48.567
==> training...
Epoch: [2][0/468]	Time 0.372 (0.372)	Data 0.313 (0.313)	Loss 3.1220 (3.1220)	Acc@1 28.125 (28.125)	Acc@5 46.875 (46.875)
Epoch: [2][100/468]	Time 0.109 (0.111)	Data 0.002 (0.005)	Loss 3.2619 (3.2292)	Acc@1 20.312 (18.178)	Acc@5 40.625 (45.869)
Epoch: [2][200/468]	Time 0.110 (0.110)	Data 0.002 (0.004)	Loss 3.3041 (3.1974)	Acc@1 10.938 (18.579)	Acc@5 43.750 (47.038)
Epoch: [2][300/468]	Time 0.109 (0.110)	Data 0.002 (0.003)	Loss 2.9665 (3.1579)	Acc@1 28.125 (19.300)	Acc@5 54.688 (48.194)
Epoch: [2][400/468]	Time 0.109 (0.110)	Data 0.001 (0.003)	Loss 2.7218 (3.1310)	Acc@1 37.500 (19.977)	Acc@5 51.562 (49.092)
 * Acc@1 20.456 Acc@5 49.793
epoch 2, total time 51.44
Test: [0/94]	Time 0.144 (0.144)	Loss 2.8244 (2.8244)	Acc@1 15.625 (15.625)	Acc@5 56.250 (56.250)
 * Acc@1 27.200 Acc@5 58.100
==> training...
Epoch: [3][0/468]	Time 0.383 (0.383)	Data 0.326 (0.326)	Loss 2.9740 (2.9740)	Acc@1 26.562 (26.562)	Acc@5 56.250 (56.250)
Epoch: [3][100/468]	Time 0.109 (0.112)	Data 0.002 (0.005)	Loss 3.1316 (2.8856)	Acc@1 25.000 (25.665)	Acc@5 48.438 (56.528)
Epoch: [3][200/468]	Time 0.109 (0.111)	Data 0.002 (0.004)	Loss 2.7246 (2.8789)	Acc@1 29.688 (25.513)	Acc@5 57.812 (56.623)
Epoch: [3][300/468]	Time 0.109 (0.110)	Data 0.002 (0.003)	Loss 2.8004 (2.8679)	Acc@1 23.438 (25.903)	Acc@5 62.500 (57.086)
Epoch: [3][400/468]	Time 0.109 (0.110)	Data 0.002 (0.003)	Loss 2.7166 (2.8328)	Acc@1 29.688 (26.683)	Acc@5 57.812 (57.984)
 * Acc@1 26.933 Acc@5 58.337
epoch 3, total time 51.42
Test: [0/94]	Time 0.144 (0.144)	Loss 2.3247 (2.3247)	Acc@1 34.375 (34.375)	Acc@5 68.750 (68.750)
 * Acc@1 32.867 Acc@5 64.033
==> training...
Epoch: [4][0/468]	Time 0.389 (0.389)	Data 0.318 (0.318)	Loss 2.7781 (2.7781)	Acc@1 26.562 (26.562)	Acc@5 53.125 (53.125)
Epoch: [4][100/468]	Time 0.109 (0.112)	Data 0.002 (0.005)	Loss 2.2729 (2.6280)	Acc@1 45.312 (31.250)	Acc@5 78.125 (63.165)
Epoch: [4][200/468]	Time 0.108 (0.110)	Data 0.001 (0.004)	Loss 2.6806 (2.6166)	Acc@1 25.000 (31.188)	Acc@5 65.625 (63.790)
Epoch: [4][300/468]	Time 0.108 (0.110)	Data 0.002 (0.003)	Loss 2.6400 (2.6021)	Acc@1 31.250 (31.847)	Acc@5 57.812 (63.787)
Epoch: [4][400/468]	Time 0.109 (0.109)	Data 0.001 (0.003)	Loss 2.3199 (2.5763)	Acc@1 40.625 (32.505)	Acc@5 79.688 (64.312)
 * Acc@1 32.722 Acc@5 64.657
epoch 4, total time 51.23
Test: [0/94]	Time 0.140 (0.140)	Loss 2.3754 (2.3754)	Acc@1 34.375 (34.375)	Acc@5 65.625 (65.625)
 * Acc@1 36.233 Acc@5 67.400
==> training...
Epoch: [5][0/468]	Time 0.377 (0.377)	Data 0.318 (0.318)	Loss 2.1363 (2.1363)	Acc@1 42.188 (42.188)	Acc@5 78.125 (78.125)
Epoch: [5][100/468]	Time 0.109 (0.111)	Data 0.001 (0.005)	Loss 2.1619 (2.3763)	Acc@1 42.188 (36.912)	Acc@5 71.875 (69.044)
Epoch: [5][200/468]	Time 0.108 (0.110)	Data 0.002 (0.004)	Loss 2.4504 (2.3709)	Acc@1 37.500 (37.352)	Acc@5 65.625 (68.867)
Epoch: [5][300/468]	Time 0.108 (0.110)	Data 0.001 (0.003)	Loss 2.2566 (2.3580)	Acc@1 32.812 (37.557)	Acc@5 76.562 (69.139)
Epoch: [5][400/468]	Time 0.108 (0.109)	Data 0.002 (0.003)	Loss 2.3237 (2.3427)	Acc@1 45.312 (37.874)	Acc@5 71.875 (69.498)
 * Acc@1 38.118 Acc@5 69.949
epoch 5, total time 51.20
Test: [0/94]	Time 0.141 (0.141)	Loss 2.6019 (2.6019)	Acc@1 37.500 (37.500)	Acc@5 62.500 (62.500)
 * Acc@1 38.833 Acc@5 70.667
==> training...
Epoch: [6][0/468]	Time 0.373 (0.373)	Data 0.313 (0.313)	Loss 2.2169 (2.2169)	Acc@1 45.312 (45.312)	Acc@5 71.875 (71.875)
Epoch: [6][100/468]	Time 0.110 (0.112)	Data 0.001 (0.006)	Loss 1.9349 (2.1488)	Acc@1 53.125 (42.729)	Acc@5 78.125 (73.670)
Epoch: [6][200/468]	Time 0.109 (0.110)	Data 0.001 (0.004)	Loss 2.0717 (2.1453)	Acc@1 46.875 (42.662)	Acc@5 76.562 (73.974)
Epoch: [6][300/468]	Time 0.109 (0.110)	Data 0.001 (0.003)	Loss 2.0770 (2.1324)	Acc@1 43.750 (42.717)	Acc@5 70.312 (74.284)
Epoch: [6][400/468]	Time 0.109 (0.110)	Data 0.001 (0.003)	Loss 1.9250 (2.1230)	Acc@1 50.000 (43.053)	Acc@5 75.000 (74.435)
 * Acc@1 43.139 Acc@5 74.643
epoch 6, total time 51.41
Test: [0/94]	Time 0.147 (0.147)	Loss 2.0197 (2.0197)	Acc@1 50.000 (50.000)	Acc@5 75.000 (75.000)
 * Acc@1 45.267 Acc@5 77.533
==> training...
Epoch: [7][0/468]	Time 0.375 (0.375)	Data 0.317 (0.317)	Loss 2.2451 (2.2451)	Acc@1 45.312 (45.312)	Acc@5 73.438 (73.438)
Epoch: [7][100/468]	Time 0.108 (0.112)	Data 0.001 (0.005)	Loss 2.3349 (1.9854)	Acc@1 42.188 (46.287)	Acc@5 67.188 (76.825)
Epoch: [7][200/468]	Time 0.109 (0.110)	Data 0.002 (0.004)	Loss 1.8955 (1.9786)	Acc@1 45.312 (46.580)	Acc@5 73.438 (76.741)
Epoch: [7][300/468]	Time 0.109 (0.110)	Data 0.001 (0.003)	Loss 2.1092 (1.9596)	Acc@1 39.062 (46.953)	Acc@5 71.875 (77.346)
Epoch: [7][400/468]	Time 0.109 (0.109)	Data 0.001 (0.003)	Loss 1.8108 (1.9540)	Acc@1 43.750 (46.953)	Acc@5 82.812 (77.552)
 * Acc@1 47.359 Acc@5 78.022
epoch 7, total time 51.25
Test: [0/94]	Time 0.143 (0.143)	Loss 2.0791 (2.0791)	Acc@1 37.500 (37.500)	Acc@5 68.750 (68.750)
 * Acc@1 47.133 Acc@5 78.433
==> training...
Epoch: [8][0/468]	Time 0.388 (0.388)	Data 0.328 (0.328)	Loss 2.1969 (2.1969)	Acc@1 34.375 (34.375)	Acc@5 71.875 (71.875)
Epoch: [8][100/468]	Time 0.109 (0.112)	Data 0.001 (0.005)	Loss 2.1895 (1.8214)	Acc@1 46.875 (50.278)	Acc@5 68.750 (80.229)
Epoch: [8][200/468]	Time 0.108 (0.110)	Data 0.002 (0.004)	Loss 1.7569 (1.8131)	Acc@1 46.875 (50.373)	Acc@5 79.688 (80.340)
Epoch: [8][300/468]	Time 0.109 (0.110)	Data 0.002 (0.003)	Loss 1.5576 (1.8095)	Acc@1 65.625 (50.773)	Acc@5 81.250 (80.300)
Epoch: [8][400/468]	Time 0.109 (0.110)	Data 0.002 (0.003)	Loss 1.8010 (1.8055)	Acc@1 46.875 (50.686)	Acc@5 82.812 (80.482)
 * Acc@1 50.898 Acc@5 80.689
epoch 8, total time 51.33
Test: [0/94]	Time 0.152 (0.152)	Loss 2.0576 (2.0576)	Acc@1 43.750 (43.750)	Acc@5 71.875 (71.875)
 * Acc@1 50.333 Acc@5 79.567
==> training...
Epoch: [9][0/468]	Time 0.374 (0.374)	Data 0.317 (0.317)	Loss 1.6079 (1.6079)	Acc@1 53.125 (53.125)	Acc@5 82.812 (82.812)
Epoch: [9][100/468]	Time 0.108 (0.112)	Data 0.002 (0.006)	Loss 1.4857 (1.6838)	Acc@1 65.625 (53.465)	Acc@5 85.938 (83.060)
Epoch: [9][200/468]	Time 0.109 (0.111)	Data 0.002 (0.004)	Loss 1.4002 (1.6903)	Acc@1 59.375 (53.490)	Acc@5 85.938 (82.688)
Epoch: [9][300/468]	Time 0.109 (0.110)	Data 0.002 (0.003)	Loss 1.7086 (1.6818)	Acc@1 54.688 (53.821)	Acc@5 82.812 (82.849)
Epoch: [9][400/468]	Time 0.109 (0.110)	Data 0.002 (0.003)	Loss 1.6849 (1.6650)	Acc@1 50.000 (54.200)	Acc@5 87.500 (83.077)
 * Acc@1 54.100 Acc@5 82.959
epoch 9, total time 51.46
Test: [0/94]	Time 0.163 (0.163)	Loss 2.0655 (2.0655)	Acc@1 46.875 (46.875)	Acc@5 75.000 (75.000)
 * Acc@1 52.967 Acc@5 81.533
==> training...
Epoch: [10][0/468]	Time 0.399 (0.399)	Data 0.312 (0.312)	Loss 1.5460 (1.5460)	Acc@1 46.875 (46.875)	Acc@5 89.062 (89.062)
Epoch: [10][100/468]	Time 0.109 (0.112)	Data 0.002 (0.006)	Loss 1.7231 (1.5439)	Acc@1 50.000 (57.054)	Acc@5 81.250 (84.978)
Epoch: [10][200/468]	Time 0.110 (0.110)	Data 0.002 (0.004)	Loss 1.3695 (1.5506)	Acc@1 60.938 (56.973)	Acc@5 87.500 (84.857)
Epoch: [10][300/468]	Time 0.109 (0.110)	Data 0.002 (0.003)	Loss 1.2042 (1.5697)	Acc@1 60.938 (56.499)	Acc@5 90.625 (84.728)
Epoch: [10][400/468]	Time 0.109 (0.110)	Data 0.002 (0.003)	Loss 1.4669 (1.5696)	Acc@1 62.500 (56.577)	Acc@5 87.500 (84.613)
 * Acc@1 56.540 Acc@5 84.595
epoch 10, total time 51.36
Test: [0/94]	Time 0.140 (0.140)	Loss 2.0452 (2.0452)	Acc@1 50.000 (50.000)	Acc@5 78.125 (78.125)
 * Acc@1 55.133 Acc@5 83.567
==> training...
Epoch: [11][0/468]	Time 0.388 (0.388)	Data 0.327 (0.327)	Loss 1.4243 (1.4243)	Acc@1 54.688 (54.688)	Acc@5 84.375 (84.375)
Epoch: [11][100/468]	Time 0.110 (0.113)	Data 0.002 (0.006)	Loss 1.2945 (1.4424)	Acc@1 68.750 (59.468)	Acc@5 89.062 (86.278)
Epoch: [11][200/468]	Time 0.109 (0.111)	Data 0.002 (0.004)	Loss 1.5779 (1.4591)	Acc@1 60.938 (59.212)	Acc@5 84.375 (86.178)
Epoch: [11][300/468]	Time 0.109 (0.110)	Data 0.002 (0.003)	Loss 1.7271 (1.4691)	Acc@1 59.375 (59.173)	Acc@5 85.938 (86.000)
Epoch: [11][400/468]	Time 0.109 (0.110)	Data 0.001 (0.003)	Loss 1.2852 (1.4755)	Acc@1 57.812 (59.005)	Acc@5 93.750 (85.934)
 * Acc@1 59.081 Acc@5 85.961
epoch 11, total time 51.50
Test: [0/94]	Time 0.149 (0.149)	Loss 1.3869 (1.3869)	Acc@1 59.375 (59.375)	Acc@5 81.250 (81.250)
 * Acc@1 59.900 Acc@5 84.933
==> training...
Epoch: [12][0/468]	Time 0.375 (0.375)	Data 0.316 (0.316)	Loss 0.9632 (0.9632)	Acc@1 73.438 (73.438)	Acc@5 95.312 (95.312)
Epoch: [12][100/468]	Time 0.109 (0.113)	Data 0.001 (0.006)	Loss 1.4761 (1.3928)	Acc@1 57.812 (60.736)	Acc@5 84.375 (87.980)
Epoch: [12][200/468]	Time 0.110 (0.111)	Data 0.001 (0.004)	Loss 1.5451 (1.4112)	Acc@1 54.688 (60.207)	Acc@5 84.375 (87.492)
Epoch: [12][300/468]	Time 0.109 (0.110)	Data 0.002 (0.003)	Loss 1.2494 (1.4120)	Acc@1 62.500 (60.481)	Acc@5 90.625 (87.453)
Epoch: [12][400/468]	Time 0.110 (0.110)	Data 0.002 (0.003)	Loss 1.3695 (1.4159)	Acc@1 59.375 (60.314)	Acc@5 90.625 (87.336)
 * Acc@1 60.203 Acc@5 87.190
epoch 12, total time 51.51
Test: [0/94]	Time 0.147 (0.147)	Loss 1.5627 (1.5627)	Acc@1 53.125 (53.125)	Acc@5 90.625 (90.625)
 * Acc@1 57.933 Acc@5 85.467
==> training...
Epoch: [13][0/468]	Time 0.368 (0.368)	Data 0.310 (0.310)	Loss 1.4595 (1.4595)	Acc@1 53.125 (53.125)	Acc@5 87.500 (87.500)
Epoch: [13][100/468]	Time 0.109 (0.112)	Data 0.002 (0.006)	Loss 1.2382 (1.3022)	Acc@1 62.500 (63.119)	Acc@5 90.625 (88.846)
Epoch: [13][200/468]	Time 0.109 (0.110)	Data 0.002 (0.004)	Loss 1.2677 (1.3328)	Acc@1 62.500 (62.477)	Acc@5 90.625 (88.036)
Epoch: [13][300/468]	Time 0.109 (0.110)	Data 0.002 (0.003)	Loss 1.7571 (1.3451)	Acc@1 53.125 (62.100)	Acc@5 76.562 (88.061)
Epoch: [13][400/468]	Time 0.109 (0.110)	Data 0.001 (0.003)	Loss 1.3462 (1.3482)	Acc@1 62.500 (62.134)	Acc@5 82.812 (87.983)
 * Acc@1 62.053 Acc@5 87.977
epoch 13, total time 51.27
Test: [0/94]	Time 0.147 (0.147)	Loss 1.5229 (1.5229)	Acc@1 62.500 (62.500)	Acc@5 75.000 (75.000)
 * Acc@1 60.800 Acc@5 85.667
==> training...
Epoch: [14][0/468]	Time 0.417 (0.417)	Data 0.358 (0.358)	Loss 1.0986 (1.0986)	Acc@1 68.750 (68.750)	Acc@5 90.625 (90.625)
Epoch: [14][100/468]	Time 0.109 (0.113)	Data 0.001 (0.006)	Loss 1.3184 (1.2520)	Acc@1 60.938 (64.418)	Acc@5 89.062 (89.573)
Epoch: [14][200/468]	Time 0.109 (0.111)	Data 0.001 (0.004)	Loss 0.9789 (1.2727)	Acc@1 70.312 (64.405)	Acc@5 96.875 (88.899)
Epoch: [14][300/468]	Time 0.109 (0.110)	Data 0.001 (0.004)	Loss 1.0846 (1.2879)	Acc@1 70.312 (64.161)	Acc@5 93.750 (88.813)
Epoch: [14][400/468]	Time 0.109 (0.110)	Data 0.001 (0.003)	Loss 1.2702 (1.2935)	Acc@1 67.188 (63.883)	Acc@5 89.062 (88.837)
 * Acc@1 63.755 Acc@5 88.852
epoch 14, total time 51.42
Test: [0/94]	Time 0.142 (0.142)	Loss 1.7438 (1.7438)	Acc@1 59.375 (59.375)	Acc@5 78.125 (78.125)
 * Acc@1 58.733 Acc@5 85.867
==> training...
Epoch: [15][0/468]	Time 0.370 (0.370)	Data 0.311 (0.311)	Loss 1.2095 (1.2095)	Acc@1 65.625 (65.625)	Acc@5 89.062 (89.062)
Epoch: [15][100/468]	Time 0.109 (0.112)	Data 0.002 (0.006)	Loss 1.0848 (1.1847)	Acc@1 70.312 (65.996)	Acc@5 92.188 (90.548)
Epoch: [15][200/468]	Time 0.109 (0.111)	Data 0.002 (0.004)	Loss 1.5750 (1.2278)	Acc@1 56.250 (64.925)	Acc@5 89.062 (89.964)
Epoch: [15][300/468]	Time 0.110 (0.110)	Data 0.002 (0.003)	Loss 1.1357 (1.2355)	Acc@1 64.062 (64.826)	Acc@5 93.750 (89.768)
Epoch: [15][400/468]	Time 0.109 (0.110)	Data 0.002 (0.003)	Loss 1.2774 (1.2374)	Acc@1 60.938 (64.869)	Acc@5 89.062 (89.674)
 * Acc@1 64.840 Acc@5 89.647
epoch 15, total time 51.43
Test: [0/94]	Time 0.142 (0.142)	Loss 1.7114 (1.7114)	Acc@1 46.875 (46.875)	Acc@5 78.125 (78.125)
 * Acc@1 60.667 Acc@5 86.467
==> training...
Epoch: [16][0/468]	Time 0.376 (0.376)	Data 0.318 (0.318)	Loss 1.0709 (1.0709)	Acc@1 71.875 (71.875)	Acc@5 92.188 (92.188)
Epoch: [16][100/468]	Time 0.109 (0.112)	Data 0.001 (0.005)	Loss 1.1654 (1.1699)	Acc@1 68.750 (67.234)	Acc@5 90.625 (90.718)
Epoch: [16][200/468]	Time 0.110 (0.111)	Data 0.002 (0.004)	Loss 1.1258 (1.2039)	Acc@1 59.375 (66.161)	Acc@5 95.312 (90.345)
Epoch: [16][300/468]	Time 0.109 (0.110)	Data 0.001 (0.003)	Loss 0.9062 (1.2006)	Acc@1 75.000 (66.206)	Acc@5 95.312 (90.184)
Epoch: [16][400/468]	Time 0.109 (0.110)	Data 0.002 (0.003)	Loss 0.7850 (1.2095)	Acc@1 75.000 (66.089)	Acc@5 93.750 (89.990)
 * Acc@1 66.042 Acc@5 89.977
epoch 16, total time 51.45
Test: [0/94]	Time 0.141 (0.141)	Loss 1.0279 (1.0279)	Acc@1 71.875 (71.875)	Acc@5 96.875 (96.875)
 * Acc@1 63.367 Acc@5 87.300
==> training...
Epoch: [17][0/468]	Time 0.417 (0.417)	Data 0.357 (0.357)	Loss 1.3466 (1.3466)	Acc@1 59.375 (59.375)	Acc@5 87.500 (87.500)
Epoch: [17][100/468]	Time 0.110 (0.113)	Data 0.002 (0.006)	Loss 1.2723 (1.1275)	Acc@1 65.625 (67.822)	Acc@5 89.062 (91.306)
Epoch: [17][200/468]	Time 0.109 (0.111)	Data 0.002 (0.004)	Loss 0.9300 (1.1322)	Acc@1 73.438 (67.840)	Acc@5 96.875 (91.084)
Epoch: [17][300/468]	Time 0.110 (0.110)	Data 0.002 (0.004)	Loss 1.1170 (1.1513)	Acc@1 71.875 (67.525)	Acc@5 92.188 (90.703)
Epoch: [17][400/468]	Time 0.109 (0.110)	Data 0.002 (0.003)	Loss 1.1382 (1.1711)	Acc@1 65.625 (66.985)	Acc@5 90.625 (90.422)
 * Acc@1 66.847 Acc@5 90.348
epoch 17, total time 51.57
Test: [0/94]	Time 0.149 (0.149)	Loss 1.4872 (1.4872)	Acc@1 62.500 (62.500)	Acc@5 87.500 (87.500)
 * Acc@1 61.467 Acc@5 86.200
==> training...
Epoch: [18][0/468]	Time 0.400 (0.400)	Data 0.311 (0.311)	Loss 1.2000 (1.2000)	Acc@1 65.625 (65.625)	Acc@5 90.625 (90.625)
Epoch: [18][100/468]	Time 0.110 (0.114)	Data 0.001 (0.006)	Loss 1.2759 (1.0819)	Acc@1 64.062 (69.694)	Acc@5 90.625 (91.553)
Epoch: [18][200/468]	Time 0.110 (0.112)	Data 0.002 (0.004)	Loss 1.2211 (1.1080)	Acc@1 64.062 (68.750)	Acc@5 90.625 (91.247)
Epoch: [18][300/468]	Time 0.110 (0.111)	Data 0.001 (0.003)	Loss 1.0209 (1.1246)	Acc@1 68.750 (68.319)	Acc@5 93.750 (91.077)
Epoch: [18][400/468]	Time 0.110 (0.111)	Data 0.002 (0.003)	Loss 1.1554 (1.1270)	Acc@1 67.188 (68.247)	Acc@5 87.500 (90.941)
 * Acc@1 68.059 Acc@5 90.862
epoch 18, total time 51.98
Test: [0/94]	Time 0.144 (0.144)	Loss 1.3306 (1.3306)	Acc@1 65.625 (65.625)	Acc@5 84.375 (84.375)
 * Acc@1 64.867 Acc@5 88.867
==> training...
Epoch: [19][0/468]	Time 0.376 (0.376)	Data 0.318 (0.318)	Loss 0.8841 (0.8841)	Acc@1 73.438 (73.438)	Acc@5 92.188 (92.188)
Epoch: [19][100/468]	Time 0.109 (0.112)	Data 0.002 (0.005)	Loss 1.0447 (1.0267)	Acc@1 73.438 (70.436)	Acc@5 90.625 (92.141)
Epoch: [19][200/468]	Time 0.109 (0.111)	Data 0.002 (0.004)	Loss 1.5406 (1.0733)	Acc@1 54.688 (69.442)	Acc@5 90.625 (91.814)
Epoch: [19][300/468]	Time 0.108 (0.110)	Data 0.001 (0.003)	Loss 0.7896 (1.0859)	Acc@1 81.250 (69.067)	Acc@5 93.750 (91.616)
Epoch: [19][400/468]	Time 0.109 (0.110)	Data 0.002 (0.003)	Loss 1.3350 (1.0918)	Acc@1 62.500 (68.832)	Acc@5 89.062 (91.548)
 * Acc@1 68.820 Acc@5 91.473
epoch 19, total time 51.32
Test: [0/94]	Time 0.142 (0.142)	Loss 1.7324 (1.7324)	Acc@1 62.500 (62.500)	Acc@5 84.375 (84.375)
 * Acc@1 56.000 Acc@5 82.933
==> training...
Epoch: [20][0/468]	Time 0.377 (0.377)	Data 0.318 (0.318)	Loss 0.8807 (0.8807)	Acc@1 71.875 (71.875)	Acc@5 93.750 (93.750)
Epoch: [20][100/468]	Time 0.109 (0.112)	Data 0.002 (0.005)	Loss 0.9919 (1.0214)	Acc@1 75.000 (70.359)	Acc@5 92.188 (92.574)
Epoch: [20][200/468]	Time 0.109 (0.110)	Data 0.002 (0.004)	Loss 0.9477 (1.0451)	Acc@1 73.438 (69.885)	Acc@5 93.750 (92.203)
Epoch: [20][300/468]	Time 0.109 (0.110)	Data 0.002 (0.003)	Loss 1.0593 (1.0570)	Acc@1 68.750 (69.897)	Acc@5 92.188 (91.845)
Epoch: [20][400/468]	Time 0.109 (0.110)	Data 0.002 (0.003)	Loss 0.9913 (1.0623)	Acc@1 71.875 (69.767)	Acc@5 93.750 (91.778)
 * Acc@1 69.611 Acc@5 91.737
epoch 20, total time 51.41
Test: [0/94]	Time 0.148 (0.148)	Loss 1.4480 (1.4480)	Acc@1 56.250 (56.250)	Acc@5 84.375 (84.375)
 * Acc@1 56.100 Acc@5 85.000
==> training...
Epoch: [21][0/468]	Time 0.417 (0.417)	Data 0.358 (0.358)	Loss 1.4315 (1.4315)	Acc@1 60.938 (60.938)	Acc@5 87.500 (87.500)
Epoch: [21][100/468]	Time 0.109 (0.112)	Data 0.001 (0.006)	Loss 0.8222 (0.9886)	Acc@1 78.125 (71.952)	Acc@5 92.188 (92.899)
Epoch: [21][200/468]	Time 0.110 (0.111)	Data 0.001 (0.004)	Loss 0.9082 (1.0230)	Acc@1 75.000 (70.522)	Acc@5 92.188 (92.444)
Epoch: [21][300/468]	Time 0.110 (0.110)	Data 0.002 (0.003)	Loss 0.9747 (1.0275)	Acc@1 71.875 (70.354)	Acc@5 98.438 (92.317)
Epoch: [21][400/468]	Time 0.109 (0.110)	Data 0.001 (0.003)	Loss 0.9993 (1.0431)	Acc@1 71.875 (69.977)	Acc@5 93.750 (92.211)
 * Acc@1 69.872 Acc@5 92.231
epoch 21, total time 51.59
Test: [0/94]	Time 0.145 (0.145)	Loss 1.4769 (1.4769)	Acc@1 71.875 (71.875)	Acc@5 81.250 (81.250)
 * Acc@1 64.400 Acc@5 87.067
==> training...
Epoch: [22][0/468]	Time 0.378 (0.378)	Data 0.316 (0.316)	Loss 0.8893 (0.8893)	Acc@1 71.875 (71.875)	Acc@5 93.750 (93.750)
Epoch: [22][100/468]	Time 0.109 (0.112)	Data 0.002 (0.005)	Loss 1.1874 (0.9607)	Acc@1 64.062 (72.107)	Acc@5 90.625 (93.239)
Epoch: [22][200/468]	Time 0.110 (0.111)	Data 0.002 (0.004)	Loss 0.6727 (0.9681)	Acc@1 81.250 (72.038)	Acc@5 95.312 (93.081)
Epoch: [22][300/468]	Time 0.111 (0.111)	Data 0.002 (0.003)	Loss 1.0280 (1.0002)	Acc@1 68.750 (71.273)	Acc@5 90.625 (92.463)
Epoch: [22][400/468]	Time 0.111 (0.110)	Data 0.002 (0.003)	Loss 1.1492 (1.0125)	Acc@1 64.062 (71.014)	Acc@5 87.500 (92.351)
 * Acc@1 70.820 Acc@5 92.331
epoch 22, total time 51.69
Test: [0/94]	Time 0.141 (0.141)	Loss 1.1963 (1.1963)	Acc@1 71.875 (71.875)	Acc@5 84.375 (84.375)
 * Acc@1 66.400 Acc@5 87.667
==> training...
Epoch: [23][0/468]	Time 0.370 (0.370)	Data 0.310 (0.310)	Loss 0.8328 (0.8328)	Acc@1 81.250 (81.250)	Acc@5 95.312 (95.312)
Epoch: [23][100/468]	Time 0.110 (0.112)	Data 0.002 (0.006)	Loss 1.2611 (0.9263)	Acc@1 60.938 (73.840)	Acc@5 87.500 (93.580)
Epoch: [23][200/468]	Time 0.109 (0.111)	Data 0.001 (0.004)	Loss 0.7671 (0.9733)	Acc@1 78.125 (72.427)	Acc@5 95.312 (92.739)
Epoch: [23][300/468]	Time 0.109 (0.110)	Data 0.002 (0.003)	Loss 0.8613 (0.9690)	Acc@1 81.250 (72.508)	Acc@5 92.188 (92.800)
Epoch: [23][400/468]	Time 0.109 (0.110)	Data 0.001 (0.003)	Loss 1.1026 (0.9869)	Acc@1 71.875 (72.004)	Acc@5 90.625 (92.651)
 * Acc@1 71.715 Acc@5 92.622
epoch 23, total time 51.49
Test: [0/94]	Time 0.144 (0.144)	Loss 1.4902 (1.4902)	Acc@1 62.500 (62.500)	Acc@5 84.375 (84.375)
 * Acc@1 64.833 Acc@5 87.667
==> training...
Epoch: [24][0/468]	Time 0.377 (0.377)	Data 0.317 (0.317)	Loss 0.6751 (0.6751)	Acc@1 78.125 (78.125)	Acc@5 96.875 (96.875)
Epoch: [24][100/468]	Time 0.110 (0.112)	Data 0.002 (0.006)	Loss 1.1738 (0.9006)	Acc@1 65.625 (74.489)	Acc@5 90.625 (93.889)
Epoch: [24][200/468]	Time 0.109 (0.111)	Data 0.001 (0.004)	Loss 0.9495 (0.9440)	Acc@1 68.750 (73.127)	Acc@5 93.750 (93.493)
Epoch: [24][300/468]	Time 0.110 (0.110)	Data 0.001 (0.003)	Loss 0.9036 (0.9476)	Acc@1 73.438 (72.809)	Acc@5 93.750 (93.402)
Epoch: [24][400/468]	Time 0.109 (0.110)	Data 0.001 (0.003)	Loss 0.8245 (0.9619)	Acc@1 78.125 (72.510)	Acc@5 95.312 (93.130)
 * Acc@1 72.322 Acc@5 93.066
epoch 24, total time 51.48
Test: [0/94]	Time 0.138 (0.138)	Loss 1.2898 (1.2898)	Acc@1 62.500 (62.500)	Acc@5 87.500 (87.500)
 * Acc@1 65.900 Acc@5 89.233
==> training...
Epoch: [25][0/468]	Time 0.374 (0.374)	Data 0.314 (0.314)	Loss 0.8350 (0.8350)	Acc@1 78.125 (78.125)	Acc@5 89.062 (89.062)
Epoch: [25][100/468]	Time 0.109 (0.113)	Data 0.001 (0.006)	Loss 0.7366 (0.9115)	Acc@1 78.125 (74.319)	Acc@5 96.875 (94.044)
Epoch: [25][200/468]	Time 0.110 (0.111)	Data 0.002 (0.004)	Loss 1.0114 (0.9308)	Acc@1 75.000 (73.305)	Acc@5 89.062 (93.633)
Epoch: [25][300/468]	Time 0.110 (0.111)	Data 0.001 (0.003)	Loss 1.0279 (0.9345)	Acc@1 65.625 (73.100)	Acc@5 93.750 (93.558)
Epoch: [25][400/468]	Time 0.110 (0.110)	Data 0.002 (0.003)	Loss 0.9355 (0.9477)	Acc@1 68.750 (72.748)	Acc@5 92.188 (93.399)
 * Acc@1 72.503 Acc@5 93.226
epoch 25, total time 51.69
Test: [0/94]	Time 0.140 (0.140)	Loss 1.1640 (1.1640)	Acc@1 65.625 (65.625)	Acc@5 87.500 (87.500)
 * Acc@1 64.767 Acc@5 88.267
==> training...
Epoch: [26][0/468]	Time 0.404 (0.404)	Data 0.341 (0.341)	Loss 1.0007 (1.0007)	Acc@1 75.000 (75.000)	Acc@5 89.062 (89.062)
Epoch: [26][100/468]	Time 0.110 (0.113)	Data 0.002 (0.005)	Loss 0.9483 (0.8637)	Acc@1 67.188 (74.892)	Acc@5 96.875 (94.462)
Epoch: [26][200/468]	Time 0.109 (0.111)	Data 0.002 (0.004)	Loss 0.7931 (0.8830)	Acc@1 76.562 (74.604)	Acc@5 90.625 (94.115)
Epoch: [26][300/468]	Time 0.110 (0.110)	Data 0.002 (0.003)	Loss 0.7764 (0.9068)	Acc@1 78.125 (74.133)	Acc@5 93.750 (93.797)
Epoch: [26][400/468]	Time 0.109 (0.110)	Data 0.002 (0.003)	Loss 0.8410 (0.9195)	Acc@1 79.688 (73.765)	Acc@5 95.312 (93.719)
 * Acc@1 73.508 Acc@5 93.650
epoch 26, total time 51.49
Test: [0/94]	Time 0.141 (0.141)	Loss 1.3872 (1.3872)	Acc@1 65.625 (65.625)	Acc@5 81.250 (81.250)
 * Acc@1 61.600 Acc@5 86.300
==> training...
Epoch: [27][0/468]	Time 0.379 (0.379)	Data 0.320 (0.320)	Loss 0.8350 (0.8350)	Acc@1 75.000 (75.000)	Acc@5 95.312 (95.312)
Epoch: [27][100/468]	Time 0.109 (0.112)	Data 0.002 (0.005)	Loss 0.7568 (0.8831)	Acc@1 76.562 (74.118)	Acc@5 95.312 (94.338)
Epoch: [27][200/468]	Time 0.110 (0.111)	Data 0.002 (0.004)	Loss 0.6984 (0.8856)	Acc@1 84.375 (74.160)	Acc@5 96.875 (94.123)
Epoch: [27][300/468]	Time 0.110 (0.110)	Data 0.002 (0.003)	Loss 0.7476 (0.8968)	Acc@1 76.562 (73.936)	Acc@5 92.188 (94.030)
Epoch: [27][400/468]	Time 0.109 (0.110)	Data 0.002 (0.003)	Loss 1.2161 (0.9160)	Acc@1 70.312 (73.445)	Acc@5 92.188 (93.801)
 * Acc@1 73.334 Acc@5 93.700
epoch 27, total time 51.61
Test: [0/94]	Time 0.145 (0.145)	Loss 1.2124 (1.2124)	Acc@1 68.750 (68.750)	Acc@5 90.625 (90.625)
 * Acc@1 67.067 Acc@5 89.433
==> training...
Epoch: [28][0/468]	Time 0.375 (0.375)	Data 0.315 (0.315)	Loss 0.8453 (0.8453)	Acc@1 75.000 (75.000)	Acc@5 95.312 (95.312)
Epoch: [28][100/468]	Time 0.111 (0.112)	Data 0.001 (0.005)	Loss 0.6684 (0.8419)	Acc@1 78.125 (75.294)	Acc@5 98.438 (94.477)
Epoch: [28][200/468]	Time 0.109 (0.111)	Data 0.001 (0.004)	Loss 0.7735 (0.8613)	Acc@1 76.562 (75.070)	Acc@5 93.750 (94.201)
Epoch: [28][300/468]	Time 0.109 (0.111)	Data 0.001 (0.003)	Loss 0.8976 (0.8787)	Acc@1 68.750 (74.600)	Acc@5 93.750 (93.963)
Epoch: [28][400/468]	Time 0.109 (0.110)	Data 0.001 (0.003)	Loss 1.0515 (0.8972)	Acc@1 68.750 (74.018)	Acc@5 87.500 (93.871)
 * Acc@1 73.888 Acc@5 93.647
epoch 28, total time 51.60
Test: [0/94]	Time 0.143 (0.143)	Loss 1.1879 (1.1879)	Acc@1 68.750 (68.750)	Acc@5 87.500 (87.500)
 * Acc@1 67.033 Acc@5 89.900
==> training...
Epoch: [29][0/468]	Time 0.378 (0.378)	Data 0.315 (0.315)	Loss 0.9707 (0.9707)	Acc@1 65.625 (65.625)	Acc@5 93.750 (93.750)
Epoch: [29][100/468]	Time 0.110 (0.112)	Data 0.001 (0.005)	Loss 0.6899 (0.8337)	Acc@1 82.812 (75.804)	Acc@5 95.312 (94.694)
Epoch: [29][200/468]	Time 0.110 (0.111)	Data 0.001 (0.004)	Loss 1.1622 (0.8523)	Acc@1 68.750 (75.249)	Acc@5 92.188 (94.434)
Epoch: [29][300/468]	Time 0.109 (0.110)	Data 0.001 (0.003)	Loss 0.8426 (0.8778)	Acc@1 71.875 (74.554)	Acc@5 95.312 (94.176)
Epoch: [29][400/468]	Time 0.110 (0.110)	Data 0.002 (0.003)	Loss 0.8803 (0.8858)	Acc@1 70.312 (74.326)	Acc@5 93.750 (94.038)
 * Acc@1 74.219 Acc@5 93.920
epoch 29, total time 51.59
Test: [0/94]	Time 0.145 (0.145)	Loss 1.1646 (1.1646)	Acc@1 75.000 (75.000)	Acc@5 81.250 (81.250)
 * Acc@1 68.533 Acc@5 89.467
==> training...
Epoch: [30][0/468]	Time 0.398 (0.398)	Data 0.337 (0.337)	Loss 0.5784 (0.5784)	Acc@1 82.812 (82.812)	Acc@5 98.438 (98.438)
Epoch: [30][100/468]	Time 0.109 (0.112)	Data 0.001 (0.005)	Loss 0.6657 (0.8122)	Acc@1 81.250 (76.501)	Acc@5 96.875 (94.988)
Epoch: [30][200/468]	Time 0.111 (0.111)	Data 0.002 (0.004)	Loss 0.8602 (0.8328)	Acc@1 70.312 (75.770)	Acc@5 95.312 (94.807)
Epoch: [30][300/468]	Time 0.109 (0.110)	Data 0.002 (0.003)	Loss 0.9139 (0.8520)	Acc@1 78.125 (75.026)	Acc@5 93.750 (94.617)
Epoch: [30][400/468]	Time 0.109 (0.110)	Data 0.002 (0.003)	Loss 0.9084 (0.8697)	Acc@1 73.438 (74.474)	Acc@5 95.312 (94.455)
 * Acc@1 74.242 Acc@5 94.254
epoch 30, total time 51.42
Test: [0/94]	Time 0.143 (0.143)	Loss 1.4554 (1.4554)	Acc@1 56.250 (56.250)	Acc@5 81.250 (81.250)
 * Acc@1 62.467 Acc@5 87.600
==> training...
Epoch: [31][0/468]	Time 0.371 (0.371)	Data 0.310 (0.310)	Loss 1.1035 (1.1035)	Acc@1 62.500 (62.500)	Acc@5 93.750 (93.750)
Epoch: [31][100/468]	Time 0.110 (0.112)	Data 0.002 (0.005)	Loss 0.5884 (0.7877)	Acc@1 79.688 (77.088)	Acc@5 98.438 (95.235)
Epoch: [31][200/468]	Time 0.110 (0.111)	Data 0.002 (0.004)	Loss 1.1185 (0.8118)	Acc@1 71.875 (76.384)	Acc@5 92.188 (94.986)
Epoch: [31][300/468]	Time 0.109 (0.110)	Data 0.002 (0.003)	Loss 1.0407 (0.8396)	Acc@1 70.312 (75.545)	Acc@5 93.750 (94.607)
Epoch: [31][400/468]	Time 0.110 (0.110)	Data 0.002 (0.003)	Loss 0.9100 (0.8429)	Acc@1 70.312 (75.546)	Acc@5 95.312 (94.596)
 * Acc@1 75.147 Acc@5 94.348
epoch 31, total time 51.63
Test: [0/94]	Time 0.143 (0.143)	Loss 1.2502 (1.2502)	Acc@1 65.625 (65.625)	Acc@5 87.500 (87.500)
 * Acc@1 68.567 Acc@5 89.800
==> training...
Epoch: [32][0/468]	Time 0.377 (0.377)	Data 0.317 (0.317)	Loss 0.5224 (0.5224)	Acc@1 89.062 (89.062)	Acc@5 95.312 (95.312)
Epoch: [32][100/468]	Time 0.110 (0.112)	Data 0.001 (0.005)	Loss 0.8527 (0.8146)	Acc@1 73.438 (76.145)	Acc@5 96.875 (95.111)
Epoch: [32][200/468]	Time 0.109 (0.111)	Data 0.002 (0.004)	Loss 0.8603 (0.8219)	Acc@1 68.750 (76.096)	Acc@5 95.312 (94.838)
Epoch: [32][300/468]	Time 0.110 (0.111)	Data 0.002 (0.003)	Loss 0.6821 (0.8396)	Acc@1 78.125 (75.561)	Acc@5 92.188 (94.570)
Epoch: [32][400/468]	Time 0.110 (0.110)	Data 0.002 (0.003)	Loss 0.8318 (0.8561)	Acc@1 73.438 (75.171)	Acc@5 93.750 (94.412)
 * Acc@1 75.087 Acc@5 94.298
epoch 32, total time 51.63
Test: [0/94]	Time 0.140 (0.140)	Loss 1.3685 (1.3685)	Acc@1 62.500 (62.500)	Acc@5 87.500 (87.500)
 * Acc@1 68.333 Acc@5 89.767
==> training...
Epoch: [33][0/468]	Time 0.376 (0.376)	Data 0.312 (0.312)	Loss 0.6695 (0.6695)	Acc@1 81.250 (81.250)	Acc@5 93.750 (93.750)
Epoch: [33][100/468]	Time 0.110 (0.113)	Data 0.002 (0.006)	Loss 0.8150 (0.8031)	Acc@1 75.000 (77.336)	Acc@5 95.312 (94.895)
Epoch: [33][200/468]	Time 0.111 (0.111)	Data 0.002 (0.004)	Loss 0.6629 (0.8021)	Acc@1 81.250 (77.006)	Acc@5 95.312 (95.110)
Epoch: [33][300/468]	Time 0.110 (0.111)	Data 0.002 (0.003)	Loss 0.7183 (0.8153)	Acc@1 76.562 (76.542)	Acc@5 93.750 (95.001)
Epoch: [33][400/468]	Time 0.110 (0.110)	Data 0.001 (0.003)	Loss 0.9974 (0.8253)	Acc@1 71.875 (76.247)	Acc@5 90.625 (94.857)
 * Acc@1 75.905 Acc@5 94.735
epoch 33, total time 51.66
Test: [0/94]	Time 0.146 (0.146)	Loss 1.3353 (1.3353)	Acc@1 62.500 (62.500)	Acc@5 84.375 (84.375)
 * Acc@1 68.333 Acc@5 89.533
==> training...
Epoch: [34][0/468]	Time 0.390 (0.390)	Data 0.330 (0.330)	Loss 0.6210 (0.6210)	Acc@1 85.938 (85.938)	Acc@5 95.312 (95.312)
Epoch: [34][100/468]	Time 0.110 (0.113)	Data 0.002 (0.005)	Loss 0.5479 (0.7347)	Acc@1 85.938 (78.651)	Acc@5 95.312 (95.993)
Epoch: [34][200/468]	Time 0.110 (0.111)	Data 0.002 (0.004)	Loss 0.6565 (0.7845)	Acc@1 79.688 (76.959)	Acc@5 95.312 (95.390)
Epoch: [34][300/468]	Time 0.110 (0.111)	Data 0.001 (0.003)	Loss 0.7808 (0.8142)	Acc@1 75.000 (76.287)	Acc@5 96.875 (94.996)
Epoch: [34][400/468]	Time 0.110 (0.111)	Data 0.002 (0.003)	Loss 0.5700 (0.8232)	Acc@1 82.812 (76.247)	Acc@5 96.875 (94.810)
 * Acc@1 76.035 Acc@5 94.688
epoch 34, total time 51.84
Test: [0/94]	Time 0.162 (0.162)	Loss 1.5557 (1.5557)	Acc@1 62.500 (62.500)	Acc@5 87.500 (87.500)
 * Acc@1 66.167 Acc@5 88.800
==> training...
Epoch: [35][0/468]	Time 0.391 (0.391)	Data 0.332 (0.332)	Loss 0.7325 (0.7325)	Acc@1 81.250 (81.250)	Acc@5 96.875 (96.875)
Epoch: [35][100/468]	Time 0.109 (0.112)	Data 0.002 (0.005)	Loss 0.7690 (0.7600)	Acc@1 79.688 (77.537)	Acc@5 92.188 (95.096)
Epoch: [35][200/468]	Time 0.109 (0.111)	Data 0.001 (0.004)	Loss 1.0121 (0.7608)	Acc@1 71.875 (77.907)	Acc@5 95.312 (95.344)
Epoch: [35][300/468]	Time 0.109 (0.110)	Data 0.001 (0.003)	Loss 0.9714 (0.7873)	Acc@1 70.312 (76.988)	Acc@5 95.312 (95.115)
Epoch: [35][400/468]	Time 0.109 (0.110)	Data 0.001 (0.003)	Loss 0.8748 (0.8073)	Acc@1 71.875 (76.344)	Acc@5 93.750 (94.903)
 * Acc@1 76.152 Acc@5 94.728
epoch 35, total time 51.52
Test: [0/94]	Time 0.141 (0.141)	Loss 1.0217 (1.0217)	Acc@1 68.750 (68.750)	Acc@5 93.750 (93.750)
 * Acc@1 67.067 Acc@5 89.933
==> training...
Epoch: [36][0/468]	Time 0.375 (0.375)	Data 0.312 (0.312)	Loss 0.6022 (0.6022)	Acc@1 84.375 (84.375)	Acc@5 98.438 (98.438)
Epoch: [36][100/468]	Time 0.110 (0.112)	Data 0.001 (0.005)	Loss 0.8785 (0.7732)	Acc@1 76.562 (77.661)	Acc@5 92.188 (95.730)
Epoch: [36][200/468]	Time 0.110 (0.111)	Data 0.002 (0.004)	Loss 0.6802 (0.7933)	Acc@1 81.250 (76.858)	Acc@5 98.438 (95.414)
Epoch: [36][300/468]	Time 0.110 (0.110)	Data 0.002 (0.003)	Loss 1.1090 (0.8060)	Acc@1 65.625 (76.609)	Acc@5 90.625 (95.157)
Epoch: [36][400/468]	Time 0.112 (0.110)	Data 0.001 (0.003)	Loss 0.8881 (0.8242)	Acc@1 78.125 (76.068)	Acc@5 90.625 (94.970)
 * Acc@1 75.965 Acc@5 94.952
epoch 36, total time 51.61
Test: [0/94]	Time 0.143 (0.143)	Loss 1.4901 (1.4901)	Acc@1 65.625 (65.625)	Acc@5 78.125 (78.125)
 * Acc@1 69.267 Acc@5 90.000
==> training...
Epoch: [37][0/468]	Time 0.368 (0.368)	Data 0.309 (0.309)	Loss 0.7731 (0.7731)	Acc@1 79.688 (79.688)	Acc@5 93.750 (93.750)
Epoch: [37][100/468]	Time 0.109 (0.112)	Data 0.002 (0.005)	Loss 1.0762 (0.7445)	Acc@1 71.875 (78.218)	Acc@5 95.312 (95.947)
Epoch: [37][200/468]	Time 0.110 (0.110)	Data 0.001 (0.004)	Loss 0.9072 (0.7679)	Acc@1 76.562 (77.526)	Acc@5 92.188 (95.553)
Epoch: [37][300/468]	Time 0.109 (0.110)	Data 0.002 (0.003)	Loss 0.8156 (0.7872)	Acc@1 70.312 (77.056)	Acc@5 95.312 (95.261)
Epoch: [37][400/468]	Time 0.111 (0.110)	Data 0.002 (0.003)	Loss 0.8552 (0.7957)	Acc@1 76.562 (76.995)	Acc@5 95.312 (95.075)
 * Acc@1 76.900 Acc@5 95.075
epoch 37, total time 51.59
Test: [0/94]	Time 0.140 (0.140)	Loss 1.3333 (1.3333)	Acc@1 68.750 (68.750)	Acc@5 84.375 (84.375)
 * Acc@1 67.700 Acc@5 90.533
==> training...
Epoch: [38][0/468]	Time 0.386 (0.386)	Data 0.323 (0.323)	Loss 0.5595 (0.5595)	Acc@1 81.250 (81.250)	Acc@5 100.000 (100.000)
Epoch: [38][100/468]	Time 0.109 (0.112)	Data 0.001 (0.005)	Loss 0.6285 (0.7210)	Acc@1 73.438 (78.527)	Acc@5 98.438 (96.009)
Epoch: [38][200/468]	Time 0.109 (0.111)	Data 0.002 (0.004)	Loss 0.6534 (0.7503)	Acc@1 79.688 (77.744)	Acc@5 98.438 (95.623)
Epoch: [38][300/468]	Time 0.109 (0.110)	Data 0.001 (0.003)	Loss 0.7679 (0.7739)	Acc@1 81.250 (77.315)	Acc@5 93.750 (95.250)
Epoch: [38][400/468]	Time 0.109 (0.110)	Data 0.002 (0.003)	Loss 0.8802 (0.7906)	Acc@1 68.750 (76.788)	Acc@5 95.312 (95.203)
 * Acc@1 76.746 Acc@5 95.149
epoch 38, total time 51.43
Test: [0/94]	Time 0.145 (0.145)	Loss 1.4578 (1.4578)	Acc@1 59.375 (59.375)	Acc@5 81.250 (81.250)
 * Acc@1 66.667 Acc@5 89.200
==> training...
Epoch: [39][0/468]	Time 0.378 (0.378)	Data 0.315 (0.315)	Loss 0.9108 (0.9108)	Acc@1 71.875 (71.875)	Acc@5 98.438 (98.438)
Epoch: [39][100/468]	Time 0.110 (0.113)	Data 0.001 (0.006)	Loss 0.7202 (0.7472)	Acc@1 82.812 (78.140)	Acc@5 96.875 (95.637)
Epoch: [39][200/468]	Time 0.110 (0.111)	Data 0.001 (0.004)	Loss 0.7023 (0.7627)	Acc@1 79.688 (77.635)	Acc@5 96.875 (95.507)
Epoch: [39][300/468]	Time 0.110 (0.111)	Data 0.001 (0.003)	Loss 0.6502 (0.7767)	Acc@1 82.812 (77.372)	Acc@5 95.312 (95.344)
Epoch: [39][400/468]	Time 0.110 (0.111)	Data 0.001 (0.003)	Loss 0.7494 (0.7898)	Acc@1 76.562 (77.069)	Acc@5 95.312 (95.246)
 * Acc@1 76.746 Acc@5 95.146
epoch 39, total time 51.72
Test: [0/94]	Time 0.141 (0.141)	Loss 1.1649 (1.1649)	Acc@1 71.875 (71.875)	Acc@5 84.375 (84.375)
 * Acc@1 70.567 Acc@5 91.067
==> training...
Epoch: [40][0/468]	Time 0.380 (0.380)	Data 0.318 (0.318)	Loss 0.8209 (0.8209)	Acc@1 79.688 (79.688)	Acc@5 93.750 (93.750)
Epoch: [40][100/468]	Time 0.109 (0.112)	Data 0.001 (0.005)	Loss 0.7216 (0.6937)	Acc@1 73.438 (79.626)	Acc@5 95.312 (96.488)
Epoch: [40][200/468]	Time 0.109 (0.111)	Data 0.001 (0.004)	Loss 0.9111 (0.7320)	Acc@1 75.000 (78.591)	Acc@5 95.312 (96.020)
Epoch: [40][300/468]	Time 0.110 (0.110)	Data 0.002 (0.003)	Loss 0.6532 (0.7524)	Acc@1 79.688 (78.089)	Acc@5 98.438 (95.806)
Epoch: [40][400/468]	Time 0.109 (0.110)	Data 0.001 (0.003)	Loss 0.8770 (0.7764)	Acc@1 75.000 (77.346)	Acc@5 90.625 (95.464)
 * Acc@1 77.117 Acc@5 95.399
epoch 40, total time 51.53
Test: [0/94]	Time 0.145 (0.145)	Loss 1.4860 (1.4860)	Acc@1 65.625 (65.625)	Acc@5 87.500 (87.500)
 * Acc@1 68.200 Acc@5 90.000
==> training...
Epoch: [41][0/468]	Time 0.383 (0.383)	Data 0.320 (0.320)	Loss 0.4551 (0.4551)	Acc@1 87.500 (87.500)	Acc@5 100.000 (100.000)
Epoch: [41][100/468]	Time 0.111 (0.114)	Data 0.001 (0.005)	Loss 0.7107 (0.7153)	Acc@1 78.125 (79.270)	Acc@5 96.875 (95.978)
Epoch: [41][200/468]	Time 0.110 (0.112)	Data 0.002 (0.004)	Loss 0.7235 (0.7520)	Acc@1 76.562 (77.970)	Acc@5 96.875 (95.569)
Epoch: [41][300/468]	Time 0.110 (0.111)	Data 0.001 (0.003)	Loss 0.8037 (0.7712)	Acc@1 82.812 (77.471)	Acc@5 96.875 (95.473)
Epoch: [41][400/468]	Time 0.110 (0.111)	Data 0.002 (0.003)	Loss 1.1223 (0.7770)	Acc@1 70.312 (77.400)	Acc@5 89.062 (95.344)
 * Acc@1 77.217 Acc@5 95.239
epoch 41, total time 51.95
Test: [0/94]	Time 0.145 (0.145)	Loss 1.1595 (1.1595)	Acc@1 68.750 (68.750)	Acc@5 90.625 (90.625)
 * Acc@1 68.967 Acc@5 89.733
==> training...
Epoch: [42][0/468]	Time 0.377 (0.377)	Data 0.316 (0.316)	Loss 0.4919 (0.4919)	Acc@1 87.500 (87.500)	Acc@5 98.438 (98.438)
Epoch: [42][100/468]	Time 0.109 (0.112)	Data 0.002 (0.005)	Loss 0.7699 (0.6895)	Acc@1 79.688 (79.811)	Acc@5 96.875 (96.318)
Epoch: [42][200/468]	Time 0.111 (0.111)	Data 0.002 (0.004)	Loss 0.7029 (0.7248)	Acc@1 79.688 (78.747)	Acc@5 96.875 (95.950)
Epoch: [42][300/468]	Time 0.110 (0.111)	Data 0.002 (0.003)	Loss 0.7354 (0.7461)	Acc@1 73.438 (78.026)	Acc@5 96.875 (95.702)
Epoch: [42][400/468]	Time 0.110 (0.111)	Data 0.002 (0.003)	Loss 0.8353 (0.7545)	Acc@1 75.000 (77.895)	Acc@5 93.750 (95.574)
 * Acc@1 77.781 Acc@5 95.489
epoch 42, total time 51.75
Test: [0/94]	Time 0.143 (0.143)	Loss 1.4022 (1.4022)	Acc@1 65.625 (65.625)	Acc@5 84.375 (84.375)
 * Acc@1 66.800 Acc@5 89.867
==> training...
Epoch: [43][0/468]	Time 0.440 (0.440)	Data 0.378 (0.378)	Loss 0.6935 (0.6935)	Acc@1 81.250 (81.250)	Acc@5 93.750 (93.750)
Epoch: [43][100/468]	Time 0.109 (0.113)	Data 0.002 (0.006)	Loss 0.5280 (0.6894)	Acc@1 79.688 (79.440)	Acc@5 98.438 (96.132)
Epoch: [43][200/468]	Time 0.110 (0.111)	Data 0.001 (0.004)	Loss 0.6884 (0.7287)	Acc@1 79.688 (78.451)	Acc@5 93.750 (95.911)
Epoch: [43][300/468]	Time 0.109 (0.110)	Data 0.002 (0.003)	Loss 0.6450 (0.7455)	Acc@1 73.438 (77.923)	Acc@5 98.438 (95.811)
Epoch: [43][400/468]	Time 0.109 (0.110)	Data 0.001 (0.003)	Loss 0.8705 (0.7615)	Acc@1 75.000 (77.603)	Acc@5 93.750 (95.519)
 * Acc@1 77.444 Acc@5 95.476
epoch 43, total time 51.67
Test: [0/94]	Time 0.144 (0.144)	Loss 1.3394 (1.3394)	Acc@1 75.000 (75.000)	Acc@5 81.250 (81.250)
 * Acc@1 65.367 Acc@5 88.300
==> training...
Epoch: [44][0/468]	Time 0.369 (0.369)	Data 0.307 (0.307)	Loss 0.6857 (0.6857)	Acc@1 79.688 (79.688)	Acc@5 95.312 (95.312)
Epoch: [44][100/468]	Time 0.109 (0.112)	Data 0.002 (0.005)	Loss 0.7471 (0.7080)	Acc@1 75.000 (79.131)	Acc@5 98.438 (96.210)
Epoch: [44][200/468]	Time 0.110 (0.111)	Data 0.002 (0.004)	Loss 0.6790 (0.7215)	Acc@1 76.562 (78.786)	Acc@5 98.438 (95.810)
Epoch: [44][300/468]	Time 0.110 (0.110)	Data 0.001 (0.003)	Loss 1.1253 (0.7370)	Acc@1 65.625 (78.218)	Acc@5 90.625 (95.676)
Epoch: [44][400/468]	Time 0.110 (0.110)	Data 0.002 (0.003)	Loss 0.7435 (0.7560)	Acc@1 79.688 (77.755)	Acc@5 96.875 (95.464)
 * Acc@1 77.668 Acc@5 95.419
epoch 44, total time 51.66
Test: [0/94]	Time 0.142 (0.142)	Loss 1.4046 (1.4046)	Acc@1 62.500 (62.500)	Acc@5 93.750 (93.750)
 * Acc@1 67.833 Acc@5 89.800
==> training...
Epoch: [45][0/468]	Time 0.379 (0.379)	Data 0.317 (0.317)	Loss 0.8162 (0.8162)	Acc@1 76.562 (76.562)	Acc@5 96.875 (96.875)
Epoch: [45][100/468]	Time 0.110 (0.113)	Data 0.002 (0.006)	Loss 0.6199 (0.6630)	Acc@1 84.375 (80.925)	Acc@5 95.312 (96.689)
Epoch: [45][200/468]	Time 0.110 (0.111)	Data 0.001 (0.004)	Loss 0.6525 (0.6897)	Acc@1 78.125 (80.169)	Acc@5 98.438 (96.315)
Epoch: [45][300/468]	Time 0.109 (0.111)	Data 0.002 (0.003)	Loss 0.9448 (0.7235)	Acc@1 70.312 (78.971)	Acc@5 93.750 (95.915)
Epoch: [45][400/468]	Time 0.109 (0.110)	Data 0.001 (0.003)	Loss 1.0986 (0.7403)	Acc@1 68.750 (78.460)	Acc@5 90.625 (95.753)
 * Acc@1 78.075 Acc@5 95.613
epoch 45, total time 51.65
Test: [0/94]	Time 0.160 (0.160)	Loss 1.4967 (1.4967)	Acc@1 68.750 (68.750)	Acc@5 81.250 (81.250)
 * Acc@1 66.667 Acc@5 88.033
==> training...
Epoch: [46][0/468]	Time 0.387 (0.387)	Data 0.325 (0.325)	Loss 0.8140 (0.8140)	Acc@1 70.312 (70.312)	Acc@5 100.000 (100.000)
Epoch: [46][100/468]	Time 0.109 (0.112)	Data 0.001 (0.005)	Loss 0.8317 (0.6592)	Acc@1 73.438 (80.631)	Acc@5 96.875 (96.705)
Epoch: [46][200/468]	Time 0.109 (0.111)	Data 0.001 (0.004)	Loss 0.6328 (0.6942)	Acc@1 79.688 (79.672)	Acc@5 96.875 (96.206)
Epoch: [46][300/468]	Time 0.109 (0.110)	Data 0.001 (0.003)	Loss 0.8705 (0.7231)	Acc@1 70.312 (78.857)	Acc@5 100.000 (95.821)
Epoch: [46][400/468]	Time 0.109 (0.110)	Data 0.001 (0.003)	Loss 1.0483 (0.7341)	Acc@1 67.188 (78.538)	Acc@5 96.875 (95.854)
 * Acc@1 78.172 Acc@5 95.750
epoch 46, total time 51.51
Test: [0/94]	Time 0.143 (0.143)	Loss 1.5789 (1.5789)	Acc@1 62.500 (62.500)	Acc@5 87.500 (87.500)
 * Acc@1 68.067 Acc@5 89.567
==> training...
Epoch: [47][0/468]	Time 0.386 (0.386)	Data 0.322 (0.322)	Loss 0.8602 (0.8602)	Acc@1 79.688 (79.688)	Acc@5 93.750 (93.750)
Epoch: [47][100/468]	Time 0.111 (0.113)	Data 0.002 (0.005)	Loss 0.6809 (0.6751)	Acc@1 76.562 (80.322)	Acc@5 98.438 (96.473)
Epoch: [47][200/468]	Time 0.111 (0.112)	Data 0.002 (0.004)	Loss 0.6969 (0.7079)	Acc@1 84.375 (79.128)	Acc@5 95.312 (96.152)
Epoch: [47][300/468]	Time 0.110 (0.111)	Data 0.002 (0.003)	Loss 0.7508 (0.7237)	Acc@1 76.562 (78.769)	Acc@5 95.312 (96.044)
Epoch: [47][400/468]	Time 0.111 (0.111)	Data 0.002 (0.003)	Loss 0.5726 (0.7370)	Acc@1 84.375 (78.421)	Acc@5 100.000 (95.944)
 * Acc@1 78.165 Acc@5 95.827
epoch 47, total time 52.07
Test: [0/94]	Time 0.143 (0.143)	Loss 1.0487 (1.0487)	Acc@1 68.750 (68.750)	Acc@5 93.750 (93.750)
 * Acc@1 65.633 Acc@5 87.433
==> training...
Epoch: [48][0/468]	Time 0.397 (0.397)	Data 0.332 (0.332)	Loss 0.6802 (0.6802)	Acc@1 85.938 (85.938)	Acc@5 96.875 (96.875)
Epoch: [48][100/468]	Time 0.111 (0.114)	Data 0.002 (0.005)	Loss 0.6503 (0.7067)	Acc@1 82.812 (79.115)	Acc@5 95.312 (96.179)
Epoch: [48][200/468]	Time 0.111 (0.113)	Data 0.002 (0.004)	Loss 0.8717 (0.7024)	Acc@1 78.125 (79.198)	Acc@5 95.312 (96.098)
Epoch: [48][300/468]	Time 0.111 (0.112)	Data 0.002 (0.003)	Loss 0.8238 (0.7215)	Acc@1 79.688 (78.717)	Acc@5 96.875 (96.050)
Epoch: [48][400/468]	Time 0.109 (0.112)	Data 0.002 (0.003)	Loss 0.6957 (0.7403)	Acc@1 81.250 (78.172)	Acc@5 95.312 (95.831)
 * Acc@1 77.841 Acc@5 95.623
epoch 48, total time 52.16
Test: [0/94]	Time 0.165 (0.165)	Loss 1.4425 (1.4425)	Acc@1 71.875 (71.875)	Acc@5 81.250 (81.250)
 * Acc@1 66.833 Acc@5 88.600
==> training...
Epoch: [49][0/468]	Time 0.390 (0.390)	Data 0.328 (0.328)	Loss 0.7463 (0.7463)	Acc@1 85.938 (85.938)	Acc@5 90.625 (90.625)
Epoch: [49][100/468]	Time 0.110 (0.113)	Data 0.002 (0.005)	Loss 0.6488 (0.6464)	Acc@1 76.562 (80.910)	Acc@5 95.312 (96.860)
Epoch: [49][200/468]	Time 0.110 (0.112)	Data 0.002 (0.004)	Loss 0.9048 (0.6819)	Acc@1 73.438 (79.726)	Acc@5 92.188 (96.440)
Epoch: [49][300/468]	Time 0.109 (0.111)	Data 0.001 (0.003)	Loss 1.1655 (0.7005)	Acc@1 71.875 (79.386)	Acc@5 87.500 (96.283)
Epoch: [49][400/468]	Time 0.110 (0.111)	Data 0.001 (0.003)	Loss 0.7754 (0.7096)	Acc@1 76.562 (79.087)	Acc@5 96.875 (96.193)
 * Acc@1 78.716 Acc@5 96.004
epoch 49, total time 51.84
Test: [0/94]	Time 0.148 (0.148)	Loss 1.2218 (1.2218)	Acc@1 71.875 (71.875)	Acc@5 81.250 (81.250)
 * Acc@1 66.800 Acc@5 90.333
==> training...
Epoch: [50][0/468]	Time 0.420 (0.420)	Data 0.357 (0.357)	Loss 0.5544 (0.5544)	Acc@1 85.938 (85.938)	Acc@5 96.875 (96.875)
Epoch: [50][100/468]	Time 0.110 (0.113)	Data 0.001 (0.006)	Loss 0.7553 (0.6457)	Acc@1 81.250 (80.879)	Acc@5 98.438 (96.844)
Epoch: [50][200/468]	Time 0.110 (0.112)	Data 0.001 (0.004)	Loss 0.9363 (0.6667)	Acc@1 75.000 (80.169)	Acc@5 92.188 (96.580)
Epoch: [50][300/468]	Time 0.109 (0.111)	Data 0.001 (0.003)	Loss 0.7565 (0.6977)	Acc@1 76.562 (79.319)	Acc@5 95.312 (96.226)
Epoch: [50][400/468]	Time 0.110 (0.111)	Data 0.001 (0.003)	Loss 0.6097 (0.7133)	Acc@1 79.688 (78.834)	Acc@5 95.312 (96.029)
 * Acc@1 78.466 Acc@5 95.873
epoch 50, total time 51.80
Test: [0/94]	Time 0.141 (0.141)	Loss 1.2490 (1.2490)	Acc@1 62.500 (62.500)	Acc@5 90.625 (90.625)
 * Acc@1 67.267 Acc@5 89.433
==> training...
Epoch: [51][0/468]	Time 0.376 (0.376)	Data 0.317 (0.317)	Loss 0.7071 (0.7071)	Acc@1 82.812 (82.812)	Acc@5 98.438 (98.438)
Epoch: [51][100/468]	Time 0.109 (0.112)	Data 0.001 (0.005)	Loss 0.7029 (0.6474)	Acc@1 81.250 (81.358)	Acc@5 93.750 (96.720)
Epoch: [51][200/468]	Time 0.110 (0.111)	Data 0.001 (0.004)	Loss 0.7735 (0.6663)	Acc@1 81.250 (80.776)	Acc@5 92.188 (96.432)
Epoch: [51][300/468]	Time 0.110 (0.111)	Data 0.001 (0.003)	Loss 0.8485 (0.7063)	Acc@1 78.125 (79.475)	Acc@5 93.750 (96.096)
Epoch: [51][400/468]	Time 0.109 (0.111)	Data 0.002 (0.003)	Loss 0.7480 (0.7239)	Acc@1 78.125 (78.963)	Acc@5 96.875 (96.018)
 * Acc@1 78.816 Acc@5 95.944
epoch 51, total time 51.76
Test: [0/94]	Time 0.153 (0.153)	Loss 1.5429 (1.5429)	Acc@1 62.500 (62.500)	Acc@5 96.875 (96.875)
 * Acc@1 67.567 Acc@5 89.167
==> training...
Epoch: [52][0/468]	Time 0.382 (0.382)	Data 0.320 (0.320)	Loss 0.4754 (0.4754)	Acc@1 84.375 (84.375)	Acc@5 95.312 (95.312)
Epoch: [52][100/468]	Time 0.110 (0.113)	Data 0.002 (0.006)	Loss 0.5964 (0.6334)	Acc@1 85.938 (81.250)	Acc@5 100.000 (96.720)
Epoch: [52][200/468]	Time 0.111 (0.112)	Data 0.002 (0.004)	Loss 0.6101 (0.6542)	Acc@1 79.688 (80.512)	Acc@5 95.312 (96.580)
Epoch: [52][300/468]	Time 0.110 (0.111)	Data 0.002 (0.003)	Loss 0.7184 (0.6933)	Acc@1 82.812 (79.563)	Acc@5 93.750 (96.211)
Epoch: [52][400/468]	Time 0.110 (0.111)	Data 0.002 (0.003)	Loss 0.6723 (0.7127)	Acc@1 81.250 (79.052)	Acc@5 98.438 (96.092)
 * Acc@1 78.756 Acc@5 96.020
epoch 52, total time 51.82
Test: [0/94]	Time 0.139 (0.139)	Loss 1.7428 (1.7428)	Acc@1 56.250 (56.250)	Acc@5 84.375 (84.375)
 * Acc@1 67.700 Acc@5 89.467
==> training...
Epoch: [53][0/468]	Time 0.392 (0.392)	Data 0.330 (0.330)	Loss 0.5420 (0.5420)	Acc@1 84.375 (84.375)	Acc@5 100.000 (100.000)
Epoch: [53][100/468]	Time 0.110 (0.113)	Data 0.002 (0.006)	Loss 0.5579 (0.6424)	Acc@1 84.375 (80.972)	Acc@5 96.875 (96.890)
Epoch: [53][200/468]	Time 0.110 (0.111)	Data 0.002 (0.004)	Loss 0.4497 (0.6628)	Acc@1 84.375 (80.379)	Acc@5 100.000 (96.665)
Epoch: [53][300/468]	Time 0.111 (0.111)	Data 0.002 (0.003)	Loss 0.9055 (0.7027)	Acc@1 68.750 (79.184)	Acc@5 92.188 (96.179)
Epoch: [53][400/468]	Time 0.110 (0.111)	Data 0.002 (0.003)	Loss 1.0404 (0.7172)	Acc@1 70.312 (78.834)	Acc@5 93.750 (96.103)
 * Acc@1 78.689 Acc@5 96.060
epoch 53, total time 51.92
Test: [0/94]	Time 0.142 (0.142)	Loss 1.5769 (1.5769)	Acc@1 65.625 (65.625)	Acc@5 81.250 (81.250)
 * Acc@1 68.100 Acc@5 89.100
==> training...
Epoch: [54][0/468]	Time 0.421 (0.421)	Data 0.356 (0.356)	Loss 0.6467 (0.6467)	Acc@1 81.250 (81.250)	Acc@5 96.875 (96.875)
Epoch: [54][100/468]	Time 0.109 (0.113)	Data 0.001 (0.006)	Loss 0.6641 (0.6495)	Acc@1 78.125 (81.049)	Acc@5 93.750 (96.550)
Epoch: [54][200/468]	Time 0.110 (0.112)	Data 0.002 (0.004)	Loss 0.6816 (0.6927)	Acc@1 82.812 (79.571)	Acc@5 96.875 (96.137)
Epoch: [54][300/468]	Time 0.110 (0.111)	Data 0.002 (0.003)	Loss 0.7701 (0.7160)	Acc@1 79.688 (78.738)	Acc@5 96.875 (96.050)
Epoch: [54][400/468]	Time 0.111 (0.111)	Data 0.002 (0.003)	Loss 0.6766 (0.7215)	Acc@1 79.688 (78.643)	Acc@5 96.875 (95.967)
 * Acc@1 78.689 Acc@5 95.950
epoch 54, total time 51.84
Test: [0/94]	Time 0.139 (0.139)	Loss 1.3404 (1.3404)	Acc@1 71.875 (71.875)	Acc@5 84.375 (84.375)
 * Acc@1 71.767 Acc@5 90.600
==> training...
Epoch: [55][0/468]	Time 0.375 (0.375)	Data 0.314 (0.314)	Loss 0.4275 (0.4275)	Acc@1 87.500 (87.500)	Acc@5 100.000 (100.000)
Epoch: [55][100/468]	Time 0.111 (0.113)	Data 0.002 (0.005)	Loss 0.7086 (0.6393)	Acc@1 76.562 (80.786)	Acc@5 98.438 (96.921)
Epoch: [55][200/468]	Time 0.111 (0.112)	Data 0.002 (0.004)	Loss 0.9683 (0.6533)	Acc@1 75.000 (80.667)	Acc@5 93.750 (96.533)
Epoch: [55][300/468]	Time 0.109 (0.111)	Data 0.001 (0.003)	Loss 0.7516 (0.6867)	Acc@1 76.562 (79.874)	Acc@5 96.875 (96.299)
Epoch: [55][400/468]	Time 0.109 (0.111)	Data 0.001 (0.003)	Loss 0.5901 (0.6977)	Acc@1 89.062 (79.668)	Acc@5 96.875 (96.216)
 * Acc@1 79.464 Acc@5 96.157
epoch 55, total time 51.77
Test: [0/94]	Time 0.139 (0.139)	Loss 1.3089 (1.3089)	Acc@1 59.375 (59.375)	Acc@5 87.500 (87.500)
 * Acc@1 68.733 Acc@5 90.067
==> training...
Epoch: [56][0/468]	Time 0.394 (0.394)	Data 0.332 (0.332)	Loss 0.6665 (0.6665)	Acc@1 75.000 (75.000)	Acc@5 98.438 (98.438)
Epoch: [56][100/468]	Time 0.110 (0.113)	Data 0.002 (0.005)	Loss 0.6961 (0.6246)	Acc@1 78.125 (81.374)	Acc@5 98.438 (96.952)
Epoch: [56][200/468]	Time 0.109 (0.111)	Data 0.002 (0.004)	Loss 0.5471 (0.6742)	Acc@1 82.812 (79.960)	Acc@5 100.000 (96.603)
Epoch: [56][300/468]	Time 0.110 (0.111)	Data 0.001 (0.003)	Loss 0.6565 (0.6980)	Acc@1 79.688 (79.267)	Acc@5 95.312 (96.455)
Epoch: [56][400/468]	Time 0.109 (0.111)	Data 0.001 (0.003)	Loss 0.7370 (0.7190)	Acc@1 81.250 (78.846)	Acc@5 95.312 (96.166)
 * Acc@1 78.673 Acc@5 96.037
epoch 56, total time 51.73
Test: [0/94]	Time 0.151 (0.151)	Loss 1.6501 (1.6501)	Acc@1 59.375 (59.375)	Acc@5 84.375 (84.375)
 * Acc@1 64.967 Acc@5 88.400
==> training...
Epoch: [57][0/468]	Time 0.376 (0.376)	Data 0.316 (0.316)	Loss 0.5447 (0.5447)	Acc@1 82.812 (82.812)	Acc@5 96.875 (96.875)
Epoch: [57][100/468]	Time 0.110 (0.114)	Data 0.001 (0.006)	Loss 0.6051 (0.6631)	Acc@1 82.812 (80.600)	Acc@5 93.750 (96.504)
Epoch: [57][200/468]	Time 0.109 (0.112)	Data 0.001 (0.004)	Loss 0.7690 (0.6752)	Acc@1 76.562 (80.255)	Acc@5 98.438 (96.370)
Epoch: [57][300/468]	Time 0.110 (0.111)	Data 0.002 (0.003)	Loss 0.7143 (0.6845)	Acc@1 81.250 (79.978)	Acc@5 92.188 (96.304)
Epoch: [57][400/468]	Time 0.110 (0.111)	Data 0.002 (0.003)	Loss 0.8654 (0.6949)	Acc@1 73.438 (79.652)	Acc@5 93.750 (96.154)
 * Acc@1 79.307 Acc@5 96.107
epoch 57, total time 51.93
Test: [0/94]	Time 0.142 (0.142)	Loss 1.4443 (1.4443)	Acc@1 68.750 (68.750)	Acc@5 87.500 (87.500)
 * Acc@1 67.333 Acc@5 89.067
==> training...
Epoch: [58][0/468]	Time 0.379 (0.379)	Data 0.318 (0.318)	Loss 0.6102 (0.6102)	Acc@1 82.812 (82.812)	Acc@5 96.875 (96.875)
Epoch: [58][100/468]	Time 0.110 (0.113)	Data 0.002 (0.005)	Loss 0.5176 (0.6395)	Acc@1 87.500 (81.126)	Acc@5 95.312 (96.705)
Epoch: [58][200/468]	Time 0.110 (0.111)	Data 0.002 (0.004)	Loss 0.9667 (0.6532)	Acc@1 67.188 (80.776)	Acc@5 93.750 (96.393)
Epoch: [58][300/468]	Time 0.110 (0.111)	Data 0.002 (0.003)	Loss 0.7280 (0.6799)	Acc@1 82.812 (79.978)	Acc@5 93.750 (96.143)
Epoch: [58][400/468]	Time 0.110 (0.111)	Data 0.002 (0.003)	Loss 0.5729 (0.7012)	Acc@1 85.938 (79.380)	Acc@5 95.312 (95.979)
 * Acc@1 79.137 Acc@5 95.913
epoch 58, total time 51.84
Test: [0/94]	Time 0.143 (0.143)	Loss 1.3464 (1.3464)	Acc@1 62.500 (62.500)	Acc@5 87.500 (87.500)
 * Acc@1 66.700 Acc@5 89.067
==> training...
Epoch: [59][0/468]	Time 0.383 (0.383)	Data 0.321 (0.321)	Loss 0.6350 (0.6350)	Acc@1 82.812 (82.812)	Acc@5 98.438 (98.438)
Epoch: [59][100/468]	Time 0.109 (0.113)	Data 0.001 (0.005)	Loss 0.5442 (0.6447)	Acc@1 85.938 (80.770)	Acc@5 98.438 (96.597)
Epoch: [59][200/468]	Time 0.109 (0.111)	Data 0.002 (0.004)	Loss 0.7234 (0.6605)	Acc@1 78.125 (80.232)	Acc@5 96.875 (96.572)
Epoch: [59][300/468]	Time 0.110 (0.111)	Data 0.001 (0.003)	Loss 0.7185 (0.6728)	Acc@1 78.125 (79.926)	Acc@5 95.312 (96.418)
Epoch: [59][400/468]	Time 0.109 (0.111)	Data 0.002 (0.003)	Loss 0.2694 (0.6957)	Acc@1 96.875 (79.426)	Acc@5 98.438 (96.275)
 * Acc@1 79.163 Acc@5 96.157
epoch 59, total time 51.73
Test: [0/94]	Time 0.145 (0.145)	Loss 1.1311 (1.1311)	Acc@1 62.500 (62.500)	Acc@5 93.750 (93.750)
 * Acc@1 67.667 Acc@5 89.333
==> training...
Epoch: [60][0/468]	Time 0.373 (0.373)	Data 0.312 (0.312)	Loss 0.8073 (0.8073)	Acc@1 76.562 (76.562)	Acc@5 96.875 (96.875)
Epoch: [60][100/468]	Time 0.110 (0.114)	Data 0.001 (0.006)	Loss 0.5644 (0.6138)	Acc@1 84.375 (82.812)	Acc@5 96.875 (96.767)
Epoch: [60][200/468]	Time 0.109 (0.112)	Data 0.002 (0.004)	Loss 0.7401 (0.6624)	Acc@1 76.562 (80.752)	Acc@5 98.438 (96.502)
Epoch: [60][300/468]	Time 0.110 (0.111)	Data 0.001 (0.003)	Loss 0.6774 (0.6790)	Acc@1 79.688 (80.186)	Acc@5 95.312 (96.361)
Epoch: [60][400/468]	Time 0.110 (0.111)	Data 0.002 (0.003)	Loss 0.6637 (0.6951)	Acc@1 84.375 (79.668)	Acc@5 100.000 (96.228)
 * Acc@1 79.467 Acc@5 96.050
epoch 60, total time 51.85
Test: [0/94]	Time 0.145 (0.145)	Loss 1.3729 (1.3729)	Acc@1 68.750 (68.750)	Acc@5 84.375 (84.375)
 * Acc@1 68.000 Acc@5 89.767
==> training...
Epoch: [61][0/468]	Time 0.391 (0.391)	Data 0.326 (0.326)	Loss 0.5096 (0.5096)	Acc@1 82.812 (82.812)	Acc@5 100.000 (100.000)
Epoch: [61][100/468]	Time 0.110 (0.113)	Data 0.001 (0.005)	Loss 0.5103 (0.4841)	Acc@1 87.500 (86.587)	Acc@5 98.438 (97.896)
Epoch: [61][200/468]	Time 0.110 (0.111)	Data 0.001 (0.004)	Loss 0.2902 (0.4303)	Acc@1 92.188 (88.029)	Acc@5 98.438 (98.197)
Epoch: [61][300/468]	Time 0.109 (0.111)	Data 0.001 (0.003)	Loss 0.2362 (0.3983)	Acc@1 95.312 (88.985)	Acc@5 100.000 (98.521)
Epoch: [61][400/468]	Time 0.109 (0.110)	Data 0.002 (0.003)	Loss 0.2365 (0.3730)	Acc@1 92.188 (89.663)	Acc@5 100.000 (98.640)
 * Acc@1 90.041 Acc@5 98.721
epoch 61, total time 51.71
Test: [0/94]	Time 0.142 (0.142)	Loss 1.0048 (1.0048)	Acc@1 71.875 (71.875)	Acc@5 93.750 (93.750)
 * Acc@1 81.067 Acc@5 94.567
==> training...
Epoch: [62][0/468]	Time 0.397 (0.397)	Data 0.334 (0.334)	Loss 0.1791 (0.1791)	Acc@1 92.188 (92.188)	Acc@5 100.000 (100.000)
Epoch: [62][100/468]	Time 0.110 (0.113)	Data 0.001 (0.005)	Loss 0.2171 (0.2550)	Acc@1 90.625 (93.286)	Acc@5 98.438 (99.056)
Epoch: [62][200/468]	Time 0.113 (0.112)	Data 0.002 (0.004)	Loss 0.1919 (0.2513)	Acc@1 95.312 (93.392)	Acc@5 100.000 (99.238)
Epoch: [62][300/468]	Time 0.109 (0.111)	Data 0.001 (0.003)	Loss 0.3503 (0.2445)	Acc@1 92.188 (93.558)	Acc@5 96.875 (99.294)
Epoch: [62][400/468]	Time 0.110 (0.111)	Data 0.002 (0.003)	Loss 0.3064 (0.2391)	Acc@1 95.312 (93.688)	Acc@5 96.875 (99.345)
 * Acc@1 93.713 Acc@5 99.346
epoch 62, total time 51.84
Test: [0/94]	Time 0.143 (0.143)	Loss 1.0071 (1.0071)	Acc@1 68.750 (68.750)	Acc@5 93.750 (93.750)
 * Acc@1 81.667 Acc@5 94.767
==> training...
Epoch: [63][0/468]	Time 0.376 (0.376)	Data 0.315 (0.315)	Loss 0.1640 (0.1640)	Acc@1 96.875 (96.875)	Acc@5 100.000 (100.000)
Epoch: [63][100/468]	Time 0.110 (0.113)	Data 0.002 (0.006)	Loss 0.1815 (0.1924)	Acc@1 95.312 (95.514)	Acc@5 100.000 (99.644)
Epoch: [63][200/468]	Time 0.111 (0.112)	Data 0.002 (0.004)	Loss 0.1877 (0.2031)	Acc@1 92.188 (95.002)	Acc@5 100.000 (99.526)
Epoch: [63][300/468]	Time 0.110 (0.111)	Data 0.002 (0.003)	Loss 0.1887 (0.1999)	Acc@1 92.188 (95.006)	Acc@5 100.000 (99.548)
Epoch: [63][400/468]	Time 0.111 (0.111)	Data 0.002 (0.003)	Loss 0.2505 (0.2000)	Acc@1 93.750 (94.927)	Acc@5 100.000 (99.552)
 * Acc@1 94.899 Acc@5 99.533
epoch 63, total time 52.08
Test: [0/94]	Time 0.146 (0.146)	Loss 0.9456 (0.9456)	Acc@1 71.875 (71.875)	Acc@5 96.875 (96.875)
 * Acc@1 81.967 Acc@5 94.400
==> training...
Epoch: [64][0/468]	Time 0.377 (0.377)	Data 0.314 (0.314)	Loss 0.1783 (0.1783)	Acc@1 96.875 (96.875)	Acc@5 100.000 (100.000)
Epoch: [64][100/468]	Time 0.110 (0.113)	Data 0.002 (0.006)	Loss 0.1797 (0.1745)	Acc@1 95.312 (95.761)	Acc@5 98.438 (99.582)
Epoch: [64][200/468]	Time 0.110 (0.112)	Data 0.002 (0.004)	Loss 0.1454 (0.1712)	Acc@1 96.875 (95.763)	Acc@5 100.000 (99.666)
Epoch: [64][300/468]	Time 0.110 (0.111)	Data 0.002 (0.003)	Loss 0.2389 (0.1745)	Acc@1 95.312 (95.619)	Acc@5 100.000 (99.637)
Epoch: [64][400/468]	Time 0.110 (0.111)	Data 0.001 (0.003)	Loss 0.1478 (0.1723)	Acc@1 96.875 (95.655)	Acc@5 100.000 (99.630)
 * Acc@1 95.583 Acc@5 99.613
epoch 64, total time 51.93
Test: [0/94]	Time 0.145 (0.145)	Loss 1.0759 (1.0759)	Acc@1 68.750 (68.750)	Acc@5 93.750 (93.750)
 * Acc@1 81.567 Acc@5 94.667
==> training...
Epoch: [65][0/468]	Time 0.374 (0.374)	Data 0.312 (0.312)	Loss 0.1762 (0.1762)	Acc@1 95.312 (95.312)	Acc@5 98.438 (98.438)
Epoch: [65][100/468]	Time 0.111 (0.113)	Data 0.002 (0.005)	Loss 0.2871 (0.1484)	Acc@1 92.188 (96.488)	Acc@5 96.875 (99.691)
Epoch: [65][200/468]	Time 0.110 (0.112)	Data 0.002 (0.004)	Loss 0.1058 (0.1515)	Acc@1 98.438 (96.300)	Acc@5 100.000 (99.782)
Epoch: [65][300/468]	Time 0.110 (0.111)	Data 0.002 (0.003)	Loss 0.1908 (0.1480)	Acc@1 93.750 (96.439)	Acc@5 100.000 (99.761)
Epoch: [65][400/468]	Time 0.110 (0.111)	Data 0.002 (0.003)	Loss 0.1061 (0.1500)	Acc@1 96.875 (96.279)	Acc@5 100.000 (99.751)
 * Acc@1 96.294 Acc@5 99.746
epoch 65, total time 51.83
Test: [0/94]	Time 0.146 (0.146)	Loss 1.0487 (1.0487)	Acc@1 68.750 (68.750)	Acc@5 93.750 (93.750)
 * Acc@1 82.500 Acc@5 94.633
==> training...
Epoch: [66][0/468]	Time 0.377 (0.377)	Data 0.314 (0.314)	Loss 0.1449 (0.1449)	Acc@1 96.875 (96.875)	Acc@5 100.000 (100.000)
Epoch: [66][100/468]	Time 0.110 (0.113)	Data 0.001 (0.005)	Loss 0.1062 (0.1353)	Acc@1 100.000 (96.875)	Acc@5 100.000 (99.845)
Epoch: [66][200/468]	Time 0.110 (0.111)	Data 0.002 (0.004)	Loss 0.1709 (0.1390)	Acc@1 96.875 (96.805)	Acc@5 100.000 (99.790)
Epoch: [66][300/468]	Time 0.111 (0.111)	Data 0.001 (0.003)	Loss 0.0899 (0.1364)	Acc@1 100.000 (96.823)	Acc@5 100.000 (99.813)
Epoch: [66][400/468]	Time 0.110 (0.111)	Data 0.002 (0.003)	Loss 0.1989 (0.1348)	Acc@1 96.875 (96.887)	Acc@5 100.000 (99.797)
 * Acc@1 96.888 Acc@5 99.806
epoch 66, total time 51.85
Test: [0/94]	Time 0.145 (0.145)	Loss 1.1130 (1.1130)	Acc@1 68.750 (68.750)	Acc@5 93.750 (93.750)
 * Acc@1 82.033 Acc@5 94.833
==> training...
Epoch: [67][0/468]	Time 0.380 (0.380)	Data 0.319 (0.319)	Loss 0.1081 (0.1081)	Acc@1 98.438 (98.438)	Acc@5 100.000 (100.000)
Epoch: [67][100/468]	Time 0.111 (0.113)	Data 0.002 (0.006)	Loss 0.0862 (0.1185)	Acc@1 96.875 (97.386)	Acc@5 100.000 (99.830)
Epoch: [67][200/468]	Time 0.110 (0.112)	Data 0.002 (0.004)	Loss 0.1421 (0.1219)	Acc@1 96.875 (97.240)	Acc@5 100.000 (99.806)
Epoch: [67][300/468]	Time 0.110 (0.111)	Data 0.002 (0.003)	Loss 0.1385 (0.1209)	Acc@1 96.875 (97.244)	Acc@5 100.000 (99.798)
Epoch: [67][400/468]	Time 0.111 (0.111)	Data 0.002 (0.003)	Loss 0.0878 (0.1215)	Acc@1 98.438 (97.218)	Acc@5 100.000 (99.805)
 * Acc@1 97.189 Acc@5 99.810
epoch 67, total time 52.10
Test: [0/94]	Time 0.141 (0.141)	Loss 1.0760 (1.0760)	Acc@1 68.750 (68.750)	Acc@5 100.000 (100.000)
 * Acc@1 82.033 Acc@5 95.000
==> training...
Epoch: [68][0/468]	Time 0.380 (0.380)	Data 0.319 (0.319)	Loss 0.0972 (0.0972)	Acc@1 96.875 (96.875)	Acc@5 100.000 (100.000)
Epoch: [68][100/468]	Time 0.110 (0.113)	Data 0.002 (0.005)	Loss 0.1779 (0.1064)	Acc@1 96.875 (97.494)	Acc@5 100.000 (99.876)
Epoch: [68][200/468]	Time 0.110 (0.111)	Data 0.002 (0.004)	Loss 0.1356 (0.1041)	Acc@1 96.875 (97.629)	Acc@5 100.000 (99.876)
Epoch: [68][300/468]	Time 0.110 (0.111)	Data 0.002 (0.003)	Loss 0.0827 (0.1045)	Acc@1 98.438 (97.617)	Acc@5 100.000 (99.901)
Epoch: [68][400/468]	Time 0.110 (0.111)	Data 0.002 (0.003)	Loss 0.1565 (0.1058)	Acc@1 93.750 (97.518)	Acc@5 100.000 (99.899)
 * Acc@1 97.506 Acc@5 99.900
epoch 68, total time 51.76
Test: [0/94]	Time 0.157 (0.157)	Loss 1.0944 (1.0944)	Acc@1 68.750 (68.750)	Acc@5 96.875 (96.875)
 * Acc@1 82.700 Acc@5 94.967
==> training...
Epoch: [69][0/468]	Time 0.381 (0.381)	Data 0.319 (0.319)	Loss 0.0961 (0.0961)	Acc@1 95.312 (95.312)	Acc@5 100.000 (100.000)
Epoch: [69][100/468]	Time 0.110 (0.113)	Data 0.001 (0.006)	Loss 0.0821 (0.0917)	Acc@1 98.438 (97.989)	Acc@5 100.000 (99.938)
Epoch: [69][200/468]	Time 0.110 (0.112)	Data 0.002 (0.004)	Loss 0.0599 (0.0952)	Acc@1 98.438 (97.893)	Acc@5 100.000 (99.922)
Epoch: [69][300/468]	Time 0.110 (0.111)	Data 0.001 (0.003)	Loss 0.0896 (0.0958)	Acc@1 98.438 (97.913)	Acc@5 100.000 (99.896)
Epoch: [69][400/468]	Time 0.110 (0.111)	Data 0.002 (0.003)	Loss 0.1157 (0.0984)	Acc@1 95.312 (97.814)	Acc@5 100.000 (99.899)
 * Acc@1 97.793 Acc@5 99.900
epoch 69, total time 51.80
Test: [0/94]	Time 0.173 (0.173)	Loss 1.0787 (1.0787)	Acc@1 68.750 (68.750)	Acc@5 96.875 (96.875)
 * Acc@1 82.500 Acc@5 94.700
==> training...
Epoch: [70][0/468]	Time 0.379 (0.379)	Data 0.316 (0.316)	Loss 0.1237 (0.1237)	Acc@1 96.875 (96.875)	Acc@5 100.000 (100.000)
Epoch: [70][100/468]	Time 0.110 (0.113)	Data 0.002 (0.005)	Loss 0.0550 (0.0800)	Acc@1 100.000 (98.283)	Acc@5 100.000 (99.969)
Epoch: [70][200/468]	Time 0.111 (0.112)	Data 0.002 (0.004)	Loss 0.0569 (0.0860)	Acc@1 100.000 (98.080)	Acc@5 100.000 (99.961)
Epoch: [70][300/468]	Time 0.111 (0.111)	Data 0.002 (0.003)	Loss 0.0620 (0.0868)	Acc@1 100.000 (98.116)	Acc@5 100.000 (99.948)
Epoch: [70][400/468]	Time 0.110 (0.111)	Data 0.002 (0.003)	Loss 0.0471 (0.0879)	Acc@1 100.000 (98.091)	Acc@5 100.000 (99.949)
 * Acc@1 98.074 Acc@5 99.947
epoch 70, total time 52.03
Test: [0/94]	Time 0.161 (0.161)	Loss 1.1109 (1.1109)	Acc@1 68.750 (68.750)	Acc@5 96.875 (96.875)
 * Acc@1 82.500 Acc@5 94.433
==> training...
Epoch: [71][0/468]	Time 0.379 (0.379)	Data 0.317 (0.317)	Loss 0.1079 (0.1079)	Acc@1 98.438 (98.438)	Acc@5 100.000 (100.000)
Epoch: [71][100/468]	Time 0.110 (0.112)	Data 0.001 (0.005)	Loss 0.0897 (0.0772)	Acc@1 98.438 (98.515)	Acc@5 100.000 (99.938)
Epoch: [71][200/468]	Time 0.111 (0.112)	Data 0.001 (0.004)	Loss 0.0621 (0.0790)	Acc@1 100.000 (98.445)	Acc@5 100.000 (99.938)
Epoch: [71][300/468]	Time 0.110 (0.119)	Data 0.001 (0.004)	Loss 0.1014 (0.0793)	Acc@1 96.875 (98.432)	Acc@5 100.000 (99.943)
Epoch: [71][400/468]	Time 0.110 (0.117)	Data 0.002 (0.003)	Loss 0.0578 (0.0813)	Acc@1 98.438 (98.375)	Acc@5 100.000 (99.942)
 * Acc@1 98.361 Acc@5 99.943
epoch 71, total time 54.24
Test: [0/94]	Time 0.752 (0.752)	Loss 1.0664 (1.0664)	Acc@1 68.750 (68.750)	Acc@5 96.875 (96.875)
 * Acc@1 82.433 Acc@5 94.567
==> training...
Epoch: [72][0/468]	Time 0.386 (0.386)	Data 0.324 (0.324)	Loss 0.0630 (0.0630)	Acc@1 100.000 (100.000)	Acc@5 100.000 (100.000)
Epoch: [72][100/468]	Time 0.110 (0.113)	Data 0.002 (0.005)	Loss 0.0788 (0.0703)	Acc@1 98.438 (98.670)	Acc@5 100.000 (100.000)
Epoch: [72][200/468]	Time 0.110 (0.111)	Data 0.002 (0.004)	Loss 0.0790 (0.0717)	Acc@1 98.438 (98.562)	Acc@5 100.000 (99.984)
Epoch: [72][300/468]	Time 0.110 (0.111)	Data 0.002 (0.003)	Loss 0.0521 (0.0725)	Acc@1 98.438 (98.495)	Acc@5 100.000 (99.979)
Epoch: [72][400/468]	Time 0.111 (0.111)	Data 0.002 (0.003)	Loss 0.1271 (0.0745)	Acc@1 98.438 (98.457)	Acc@5 100.000 (99.961)
 * Acc@1 98.427 Acc@5 99.967
epoch 72, total time 52.01
Test: [0/94]	Time 1.086 (1.086)	Loss 1.0361 (1.0361)	Acc@1 68.750 (68.750)	Acc@5 93.750 (93.750)
 * Acc@1 82.167 Acc@5 94.900
==> training...
Epoch: [73][0/468]	Time 0.390 (0.390)	Data 0.324 (0.324)	Loss 0.0322 (0.0322)	Acc@1 100.000 (100.000)	Acc@5 100.000 (100.000)
Epoch: [73][100/468]	Time 0.110 (0.113)	Data 0.001 (0.005)	Loss 0.0473 (0.0724)	Acc@1 100.000 (98.623)	Acc@5 100.000 (100.000)
Epoch: [73][200/468]	Time 0.111 (0.112)	Data 0.001 (0.004)	Loss 0.0786 (0.0702)	Acc@1 98.438 (98.694)	Acc@5 100.000 (99.984)
Epoch: [73][300/468]	Time 0.110 (0.112)	Data 0.002 (0.003)	Loss 0.0589 (0.0692)	Acc@1 100.000 (98.676)	Acc@5 100.000 (99.984)
Epoch: [73][400/468]	Time 0.110 (0.111)	Data 0.001 (0.003)	Loss 0.0616 (0.0697)	Acc@1 98.438 (98.636)	Acc@5 100.000 (99.984)
 * Acc@1 98.618 Acc@5 99.983
epoch 73, total time 54.15
Test: [0/94]	Time 0.707 (0.707)	Loss 1.0787 (1.0787)	Acc@1 68.750 (68.750)	Acc@5 96.875 (96.875)
 * Acc@1 82.433 Acc@5 94.933
==> training...
Epoch: [74][0/468]	Time 0.373 (0.373)	Data 0.313 (0.313)	Loss 0.0881 (0.0881)	Acc@1 98.438 (98.438)	Acc@5 100.000 (100.000)
Epoch: [74][100/468]	Time 0.110 (0.113)	Data 0.002 (0.005)	Loss 0.0972 (0.0648)	Acc@1 96.875 (98.778)	Acc@5 100.000 (99.985)
Epoch: [74][200/468]	Time 0.111 (0.112)	Data 0.002 (0.004)	Loss 0.0397 (0.0652)	Acc@1 100.000 (98.686)	Acc@5 100.000 (99.984)
Epoch: [74][300/468]	Time 0.111 (0.111)	Data 0.002 (0.003)	Loss 0.0537 (0.0659)	Acc@1 100.000 (98.645)	Acc@5 100.000 (99.979)
Epoch: [74][400/468]	Time 0.111 (0.111)	Data 0.002 (0.003)	Loss 0.1107 (0.0653)	Acc@1 96.875 (98.702)	Acc@5 100.000 (99.984)
 * Acc@1 98.748 Acc@5 99.983
epoch 74, total time 52.14
Test: [0/94]	Time 0.146 (0.146)	Loss 1.1112 (1.1112)	Acc@1 68.750 (68.750)	Acc@5 93.750 (93.750)
 * Acc@1 82.733 Acc@5 94.633
==> training...
Epoch: [75][0/468]	Time 0.382 (0.382)	Data 0.320 (0.320)	Loss 0.0290 (0.0290)	Acc@1 100.000 (100.000)	Acc@5 100.000 (100.000)
Epoch: [75][100/468]	Time 0.111 (0.113)	Data 0.002 (0.005)	Loss 0.0828 (0.0561)	Acc@1 98.438 (98.994)	Acc@5 100.000 (100.000)
Epoch: [75][200/468]	Time 0.110 (0.112)	Data 0.002 (0.004)	Loss 0.0744 (0.0591)	Acc@1 100.000 (98.881)	Acc@5 100.000 (100.000)
Epoch: [75][300/468]	Time 0.110 (0.111)	Data 0.002 (0.003)	Loss 0.0385 (0.0605)	Acc@1 100.000 (98.879)	Acc@5 100.000 (100.000)
Epoch: [75][400/468]	Time 0.110 (0.111)	Data 0.002 (0.003)	Loss 0.0442 (0.0599)	Acc@1 100.000 (98.870)	Acc@5 100.000 (100.000)
 * Acc@1 98.828 Acc@5 100.000
epoch 75, total time 51.90
Test: [0/94]	Time 0.144 (0.144)	Loss 1.1363 (1.1363)	Acc@1 68.750 (68.750)	Acc@5 93.750 (93.750)
 * Acc@1 81.867 Acc@5 94.733
==> training...
Epoch: [76][0/468]	Time 0.404 (0.404)	Data 0.339 (0.339)	Loss 0.0559 (0.0559)	Acc@1 98.438 (98.438)	Acc@5 100.000 (100.000)
Epoch: [76][100/468]	Time 0.111 (0.114)	Data 0.002 (0.006)	Loss 0.0706 (0.0560)	Acc@1 96.875 (99.072)	Acc@5 100.000 (100.000)
Epoch: [76][200/468]	Time 0.111 (0.112)	Data 0.002 (0.004)	Loss 0.0553 (0.0536)	Acc@1 100.000 (99.160)	Acc@5 100.000 (100.000)
Epoch: [76][300/468]	Time 0.111 (0.112)	Data 0.002 (0.003)	Loss 0.0351 (0.0543)	Acc@1 100.000 (99.060)	Acc@5 100.000 (100.000)
Epoch: [76][400/468]	Time 0.111 (0.112)	Data 0.002 (0.003)	Loss 0.0834 (0.0559)	Acc@1 100.000 (99.030)	Acc@5 100.000 (99.996)
 * Acc@1 99.025 Acc@5 99.997
epoch 76, total time 52.29
Test: [0/94]	Time 0.141 (0.141)	Loss 1.1688 (1.1688)	Acc@1 71.875 (71.875)	Acc@5 90.625 (90.625)
 * Acc@1 82.533 Acc@5 94.500
==> training...
Epoch: [77][0/468]	Time 0.375 (0.375)	Data 0.315 (0.315)	Loss 0.0310 (0.0310)	Acc@1 100.000 (100.000)	Acc@5 100.000 (100.000)
Epoch: [77][100/468]	Time 0.111 (0.113)	Data 0.001 (0.005)	Loss 0.0438 (0.0441)	Acc@1 100.000 (99.304)	Acc@5 100.000 (100.000)
Epoch: [77][200/468]	Time 0.111 (0.112)	Data 0.002 (0.004)	Loss 0.0386 (0.0485)	Acc@1 100.000 (99.090)	Acc@5 100.000 (100.000)
Epoch: [77][300/468]	Time 0.110 (0.111)	Data 0.002 (0.003)	Loss 0.0692 (0.0497)	Acc@1 98.438 (99.086)	Acc@5 100.000 (99.995)
Epoch: [77][400/468]	Time 0.110 (0.111)	Data 0.002 (0.003)	Loss 0.0350 (0.0502)	Acc@1 100.000 (99.061)	Acc@5 100.000 (99.992)
 * Acc@1 99.015 Acc@5 99.993
epoch 77, total time 51.93
Test: [0/94]	Time 0.141 (0.141)	Loss 1.2386 (1.2386)	Acc@1 71.875 (71.875)	Acc@5 93.750 (93.750)
 * Acc@1 82.333 Acc@5 94.467
==> training...
Epoch: [78][0/468]	Time 0.376 (0.376)	Data 0.313 (0.313)	Loss 0.0376 (0.0376)	Acc@1 100.000 (100.000)	Acc@5 100.000 (100.000)
Epoch: [78][100/468]	Time 0.110 (0.114)	Data 0.002 (0.006)	Loss 0.0228 (0.0476)	Acc@1 100.000 (99.211)	Acc@5 100.000 (100.000)
Epoch: [78][200/468]	Time 0.111 (0.112)	Data 0.002 (0.004)	Loss 0.0494 (0.0468)	Acc@1 98.438 (99.285)	Acc@5 100.000 (99.992)
Epoch: [78][300/468]	Time 0.112 (0.111)	Data 0.002 (0.004)	Loss 0.0571 (0.0461)	Acc@1 100.000 (99.278)	Acc@5 100.000 (99.995)
Epoch: [78][400/468]	Time 0.110 (0.111)	Data 0.002 (0.003)	Loss 0.0860 (0.0470)	Acc@1 98.438 (99.193)	Acc@5 100.000 (99.996)
 * Acc@1 99.199 Acc@5 99.997
epoch 78, total time 51.89
Test: [0/94]	Time 0.141 (0.141)	Loss 1.2973 (1.2973)	Acc@1 68.750 (68.750)	Acc@5 93.750 (93.750)
 * Acc@1 82.300 Acc@5 94.667
==> training...
Epoch: [79][0/468]	Time 0.414 (0.414)	Data 0.350 (0.350)	Loss 0.0198 (0.0198)	Acc@1 100.000 (100.000)	Acc@5 100.000 (100.000)
Epoch: [79][100/468]	Time 0.110 (0.114)	Data 0.002 (0.006)	Loss 0.0242 (0.0454)	Acc@1 100.000 (99.242)	Acc@5 100.000 (100.000)
Epoch: [79][200/468]	Time 0.110 (0.112)	Data 0.002 (0.004)	Loss 0.0673 (0.0452)	Acc@1 98.438 (99.215)	Acc@5 100.000 (100.000)
Epoch: [79][300/468]	Time 0.111 (0.111)	Data 0.002 (0.004)	Loss 0.0714 (0.0453)	Acc@1 98.438 (99.206)	Acc@5 100.000 (100.000)
Epoch: [79][400/468]	Time 0.110 (0.111)	Data 0.002 (0.003)	Loss 0.0887 (0.0460)	Acc@1 96.875 (99.186)	Acc@5 100.000 (99.996)
 * Acc@1 99.182 Acc@5 99.990
epoch 79, total time 51.93
Test: [0/94]	Time 0.143 (0.143)	Loss 1.0904 (1.0904)	Acc@1 68.750 (68.750)	Acc@5 93.750 (93.750)
 * Acc@1 82.500 Acc@5 94.767
==> training...
Epoch: [80][0/468]	Time 0.404 (0.404)	Data 0.339 (0.339)	Loss 0.0428 (0.0428)	Acc@1 98.438 (98.438)	Acc@5 100.000 (100.000)
Epoch: [80][100/468]	Time 0.112 (0.114)	Data 0.002 (0.005)	Loss 0.0379 (0.0440)	Acc@1 100.000 (99.319)	Acc@5 100.000 (100.000)
Epoch: [80][200/468]	Time 0.112 (0.113)	Data 0.002 (0.004)	Loss 0.0331 (0.0437)	Acc@1 100.000 (99.363)	Acc@5 100.000 (99.992)
Epoch: [80][300/468]	Time 0.111 (0.112)	Data 0.002 (0.003)	Loss 0.0659 (0.0454)	Acc@1 98.438 (99.258)	Acc@5 100.000 (99.990)
Epoch: [80][400/468]	Time 0.111 (0.112)	Data 0.002 (0.003)	Loss 0.0615 (0.0451)	Acc@1 98.438 (99.244)	Acc@5 100.000 (99.992)
 * Acc@1 99.249 Acc@5 99.993
epoch 80, total time 52.31
Test: [0/94]	Time 0.147 (0.147)	Loss 1.3120 (1.3120)	Acc@1 68.750 (68.750)	Acc@5 93.750 (93.750)
 * Acc@1 82.400 Acc@5 94.667
==> training...
Epoch: [81][0/468]	Time 0.377 (0.377)	Data 0.315 (0.315)	Loss 0.0640 (0.0640)	Acc@1 100.000 (100.000)	Acc@5 100.000 (100.000)
Epoch: [81][100/468]	Time 0.110 (0.113)	Data 0.002 (0.006)	Loss 0.0272 (0.0393)	Acc@1 100.000 (99.489)	Acc@5 100.000 (100.000)
Epoch: [81][200/468]	Time 0.110 (0.112)	Data 0.002 (0.004)	Loss 0.0252 (0.0399)	Acc@1 100.000 (99.440)	Acc@5 100.000 (100.000)
Epoch: [81][300/468]	Time 0.110 (0.111)	Data 0.002 (0.003)	Loss 0.0476 (0.0392)	Acc@1 100.000 (99.429)	Acc@5 100.000 (100.000)
Epoch: [81][400/468]	Time 0.110 (0.111)	Data 0.002 (0.003)	Loss 0.0176 (0.0386)	Acc@1 100.000 (99.466)	Acc@5 100.000 (100.000)
 * Acc@1 99.472 Acc@5 100.000
epoch 81, total time 52.00
Test: [0/94]	Time 0.166 (0.166)	Loss 1.1890 (1.1890)	Acc@1 68.750 (68.750)	Acc@5 96.875 (96.875)
 * Acc@1 82.433 Acc@5 94.633
==> training...
Epoch: [82][0/468]	Time 0.388 (0.388)	Data 0.323 (0.323)	Loss 0.0349 (0.0349)	Acc@1 100.000 (100.000)	Acc@5 100.000 (100.000)
Epoch: [82][100/468]	Time 0.112 (0.114)	Data 0.002 (0.005)	Loss 0.0557 (0.0367)	Acc@1 98.438 (99.520)	Acc@5 100.000 (100.000)
Epoch: [82][200/468]	Time 0.111 (0.112)	Data 0.002 (0.004)	Loss 0.0151 (0.0354)	Acc@1 100.000 (99.572)	Acc@5 100.000 (100.000)
Epoch: [82][300/468]	Time 0.111 (0.112)	Data 0.002 (0.003)	Loss 0.0507 (0.0362)	Acc@1 100.000 (99.538)	Acc@5 100.000 (100.000)
Epoch: [82][400/468]	Time 0.110 (0.111)	Data 0.002 (0.003)	Loss 0.0167 (0.0358)	Acc@1 100.000 (99.548)	Acc@5 100.000 (100.000)
 * Acc@1 99.549 Acc@5 100.000
epoch 82, total time 52.14
Test: [0/94]	Time 0.141 (0.141)	Loss 1.1044 (1.1044)	Acc@1 65.625 (65.625)	Acc@5 100.000 (100.000)
 * Acc@1 82.633 Acc@5 94.933
==> training...
Epoch: [83][0/468]	Time 0.394 (0.394)	Data 0.326 (0.326)	Loss 0.0222 (0.0222)	Acc@1 100.000 (100.000)	Acc@5 100.000 (100.000)
Epoch: [83][100/468]	Time 0.110 (0.113)	Data 0.002 (0.005)	Loss 0.0356 (0.0382)	Acc@1 98.438 (99.366)	Acc@5 100.000 (100.000)
Epoch: [83][200/468]	Time 0.110 (0.112)	Data 0.002 (0.004)	Loss 0.0489 (0.0377)	Acc@1 98.438 (99.433)	Acc@5 100.000 (99.992)
Epoch: [83][300/468]	Time 0.110 (0.111)	Data 0.002 (0.003)	Loss 0.0396 (0.0367)	Acc@1 100.000 (99.486)	Acc@5 100.000 (99.995)
Epoch: [83][400/468]	Time 0.110 (0.111)	Data 0.002 (0.003)	Loss 0.0401 (0.0360)	Acc@1 100.000 (99.509)	Acc@5 100.000 (99.996)
 * Acc@1 99.533 Acc@5 99.997
epoch 83, total time 51.93
Test: [0/94]	Time 0.146 (0.146)	Loss 1.1310 (1.1310)	Acc@1 68.750 (68.750)	Acc@5 93.750 (93.750)
 * Acc@1 82.267 Acc@5 94.900
==> training...
Epoch: [84][0/468]	Time 0.425 (0.425)	Data 0.362 (0.362)	Loss 0.0473 (0.0473)	Acc@1 100.000 (100.000)	Acc@5 100.000 (100.000)
Epoch: [84][100/468]	Time 0.110 (0.114)	Data 0.002 (0.006)	Loss 0.0336 (0.0374)	Acc@1 100.000 (99.459)	Acc@5 100.000 (100.000)
Epoch: [84][200/468]	Time 0.110 (0.112)	Data 0.002 (0.004)	Loss 0.0499 (0.0365)	Acc@1 98.438 (99.433)	Acc@5 100.000 (100.000)
Epoch: [84][300/468]	Time 0.110 (0.112)	Data 0.002 (0.003)	Loss 0.0256 (0.0362)	Acc@1 100.000 (99.445)	Acc@5 100.000 (100.000)
Epoch: [84][400/468]	Time 0.111 (0.111)	Data 0.002 (0.003)	Loss 0.0586 (0.0365)	Acc@1 98.438 (99.454)	Acc@5 100.000 (100.000)
 * Acc@1 99.442 Acc@5 99.997
epoch 84, total time 52.05
Test: [0/94]	Time 0.144 (0.144)	Loss 1.1328 (1.1328)	Acc@1 68.750 (68.750)	Acc@5 93.750 (93.750)
 * Acc@1 82.533 Acc@5 94.867
==> training...
Epoch: [85][0/468]	Time 0.382 (0.382)	Data 0.318 (0.318)	Loss 0.0469 (0.0469)	Acc@1 100.000 (100.000)	Acc@5 100.000 (100.000)
Epoch: [85][100/468]	Time 0.111 (0.114)	Data 0.002 (0.006)	Loss 0.0514 (0.0325)	Acc@1 100.000 (99.722)	Acc@5 100.000 (100.000)
Epoch: [85][200/468]	Time 0.110 (0.112)	Data 0.002 (0.004)	Loss 0.0149 (0.0320)	Acc@1 100.000 (99.666)	Acc@5 100.000 (100.000)
Epoch: [85][300/468]	Time 0.111 (0.111)	Data 0.002 (0.003)	Loss 0.0295 (0.0328)	Acc@1 100.000 (99.647)	Acc@5 100.000 (100.000)
Epoch: [85][400/468]	Time 0.111 (0.111)	Data 0.002 (0.003)	Loss 0.0430 (0.0333)	Acc@1 100.000 (99.595)	Acc@5 100.000 (100.000)
 * Acc@1 99.613 Acc@5 100.000
epoch 85, total time 52.15
Test: [0/94]	Time 0.155 (0.155)	Loss 1.1351 (1.1351)	Acc@1 68.750 (68.750)	Acc@5 93.750 (93.750)
 * Acc@1 82.433 Acc@5 94.900
==> training...
Epoch: [86][0/468]	Time 0.376 (0.376)	Data 0.313 (0.313)	Loss 0.0365 (0.0365)	Acc@1 100.000 (100.000)	Acc@5 100.000 (100.000)
Epoch: [86][100/468]	Time 0.110 (0.113)	Data 0.002 (0.005)	Loss 0.0134 (0.0327)	Acc@1 100.000 (99.691)	Acc@5 100.000 (100.000)
Epoch: [86][200/468]	Time 0.111 (0.111)	Data 0.001 (0.004)	Loss 0.0256 (0.0325)	Acc@1 100.000 (99.635)	Acc@5 100.000 (100.000)
Epoch: [86][300/468]	Time 0.110 (0.111)	Data 0.002 (0.003)	Loss 0.0493 (0.0328)	Acc@1 98.438 (99.657)	Acc@5 100.000 (100.000)
Epoch: [86][400/468]	Time 0.111 (0.111)	Data 0.002 (0.003)	Loss 0.0404 (0.0330)	Acc@1 98.438 (99.661)	Acc@5 100.000 (100.000)
 * Acc@1 99.646 Acc@5 100.000
epoch 86, total time 52.00
Test: [0/94]	Time 0.146 (0.146)	Loss 1.1822 (1.1822)	Acc@1 68.750 (68.750)	Acc@5 93.750 (93.750)
 * Acc@1 82.667 Acc@5 94.867
==> training...
Epoch: [87][0/468]	Time 0.403 (0.403)	Data 0.337 (0.337)	Loss 0.0286 (0.0286)	Acc@1 100.000 (100.000)	Acc@5 100.000 (100.000)
Epoch: [87][100/468]	Time 0.112 (0.114)	Data 0.002 (0.006)	Loss 0.0118 (0.0313)	Acc@1 100.000 (99.551)	Acc@5 100.000 (100.000)
Epoch: [87][200/468]	Time 0.112 (0.113)	Data 0.002 (0.004)	Loss 0.0181 (0.0314)	Acc@1 100.000 (99.580)	Acc@5 100.000 (100.000)
Epoch: [87][300/468]	Time 0.112 (0.112)	Data 0.002 (0.003)	Loss 0.0564 (0.0319)	Acc@1 96.875 (99.564)	Acc@5 100.000 (100.000)
Epoch: [87][400/468]	Time 0.111 (0.112)	Data 0.001 (0.003)	Loss 0.0235 (0.0316)	Acc@1 100.000 (99.575)	Acc@5 100.000 (100.000)
 * Acc@1 99.573 Acc@5 100.000
epoch 87, total time 52.56
Test: [0/94]	Time 0.142 (0.142)	Loss 1.1851 (1.1851)	Acc@1 68.750 (68.750)	Acc@5 90.625 (90.625)
 * Acc@1 82.233 Acc@5 94.633
==> training...
Epoch: [88][0/468]	Time 0.386 (0.386)	Data 0.319 (0.319)	Loss 0.0685 (0.0685)	Acc@1 98.438 (98.438)	Acc@5 100.000 (100.000)
Epoch: [88][100/468]	Time 0.110 (0.113)	Data 0.002 (0.006)	Loss 0.0259 (0.0307)	Acc@1 100.000 (99.613)	Acc@5 100.000 (100.000)
Epoch: [88][200/468]	Time 0.110 (0.112)	Data 0.002 (0.004)	Loss 0.0215 (0.0314)	Acc@1 100.000 (99.635)	Acc@5 100.000 (100.000)
Epoch: [88][300/468]	Time 0.111 (0.111)	Data 0.002 (0.003)	Loss 0.0126 (0.0310)	Acc@1 100.000 (99.657)	Acc@5 100.000 (100.000)
Epoch: [88][400/468]	Time 0.110 (0.111)	Data 0.002 (0.003)	Loss 0.0258 (0.0309)	Acc@1 100.000 (99.657)	Acc@5 100.000 (100.000)
 * Acc@1 99.663 Acc@5 100.000
epoch 88, total time 51.90
Test: [0/94]	Time 0.145 (0.145)	Loss 1.1553 (1.1553)	Acc@1 68.750 (68.750)	Acc@5 93.750 (93.750)
 * Acc@1 82.400 Acc@5 94.833
==> training...
Epoch: [89][0/468]	Time 0.374 (0.374)	Data 0.313 (0.313)	Loss 0.0250 (0.0250)	Acc@1 100.000 (100.000)	Acc@5 100.000 (100.000)
Epoch: [89][100/468]	Time 0.110 (0.114)	Data 0.002 (0.005)	Loss 0.0346 (0.0339)	Acc@1 100.000 (99.629)	Acc@5 100.000 (99.985)
Epoch: [89][200/468]	Time 0.110 (0.112)	Data 0.002 (0.004)	Loss 0.0105 (0.0328)	Acc@1 100.000 (99.588)	Acc@5 100.000 (99.992)
Epoch: [89][300/468]	Time 0.112 (0.112)	Data 0.002 (0.003)	Loss 0.0431 (0.0322)	Acc@1 98.438 (99.616)	Acc@5 100.000 (99.990)
Epoch: [89][400/468]	Time 0.111 (0.112)	Data 0.002 (0.003)	Loss 0.0259 (0.0318)	Acc@1 100.000 (99.610)	Acc@5 100.000 (99.992)
 * Acc@1 99.596 Acc@5 99.993
epoch 89, total time 52.25
Test: [0/94]	Time 0.141 (0.141)	Loss 1.1503 (1.1503)	Acc@1 68.750 (68.750)	Acc@5 93.750 (93.750)
 * Acc@1 82.233 Acc@5 94.900
==> training...
Epoch: [90][0/468]	Time 0.385 (0.385)	Data 0.315 (0.315)	Loss 0.0148 (0.0148)	Acc@1 100.000 (100.000)	Acc@5 100.000 (100.000)
Epoch: [90][100/468]	Time 0.111 (0.114)	Data 0.002 (0.006)	Loss 0.0324 (0.0300)	Acc@1 100.000 (99.644)	Acc@5 100.000 (100.000)
Epoch: [90][200/468]	Time 0.111 (0.112)	Data 0.001 (0.004)	Loss 0.0212 (0.0301)	Acc@1 100.000 (99.650)	Acc@5 100.000 (100.000)
Epoch: [90][300/468]	Time 0.110 (0.111)	Data 0.002 (0.003)	Loss 0.0605 (0.0306)	Acc@1 98.438 (99.621)	Acc@5 100.000 (100.000)
Epoch: [90][400/468]	Time 0.111 (0.111)	Data 0.001 (0.003)	Loss 0.0435 (0.0309)	Acc@1 100.000 (99.606)	Acc@5 100.000 (100.000)
 * Acc@1 99.623 Acc@5 100.000
epoch 90, total time 52.08
Test: [0/94]	Time 0.170 (0.170)	Loss 1.1406 (1.1406)	Acc@1 68.750 (68.750)	Acc@5 93.750 (93.750)
 * Acc@1 82.633 Acc@5 94.700
==> training...
Epoch: [91][0/468]	Time 0.376 (0.376)	Data 0.314 (0.314)	Loss 0.0142 (0.0142)	Acc@1 100.000 (100.000)	Acc@5 100.000 (100.000)
Epoch: [91][100/468]	Time 0.111 (0.114)	Data 0.002 (0.006)	Loss 0.0282 (0.0317)	Acc@1 100.000 (99.691)	Acc@5 100.000 (100.000)
Epoch: [91][200/468]	Time 0.111 (0.112)	Data 0.002 (0.004)	Loss 0.0328 (0.0313)	Acc@1 100.000 (99.642)	Acc@5 100.000 (100.000)
Epoch: [91][300/468]	Time 0.111 (0.112)	Data 0.002 (0.003)	Loss 0.0163 (0.0310)	Acc@1 100.000 (99.647)	Acc@5 100.000 (100.000)
Epoch: [91][400/468]	Time 0.111 (0.112)	Data 0.002 (0.003)	Loss 0.0399 (0.0309)	Acc@1 98.438 (99.614)	Acc@5 100.000 (100.000)
 * Acc@1 99.636 Acc@5 100.000
epoch 91, total time 52.23
Test: [0/94]	Time 0.146 (0.146)	Loss 1.1179 (1.1179)	Acc@1 68.750 (68.750)	Acc@5 96.875 (96.875)
 * Acc@1 82.833 Acc@5 95.033
==> training...
Epoch: [92][0/468]	Time 0.408 (0.408)	Data 0.335 (0.335)	Loss 0.0435 (0.0435)	Acc@1 98.438 (98.438)	Acc@5 100.000 (100.000)
Epoch: [92][100/468]	Time 0.112 (0.115)	Data 0.002 (0.005)	Loss 0.0337 (0.0323)	Acc@1 98.438 (99.629)	Acc@5 100.000 (99.985)
Epoch: [92][200/468]	Time 0.111 (0.113)	Data 0.002 (0.004)	Loss 0.0386 (0.0312)	Acc@1 100.000 (99.619)	Acc@5 100.000 (99.984)
Epoch: [92][300/468]	Time 0.111 (0.112)	Data 0.002 (0.003)	Loss 0.0174 (0.0304)	Acc@1 100.000 (99.657)	Acc@5 100.000 (99.990)
Epoch: [92][400/468]	Time 0.110 (0.112)	Data 0.002 (0.003)	Loss 0.0223 (0.0302)	Acc@1 100.000 (99.680)	Acc@5 100.000 (99.992)
 * Acc@1 99.676 Acc@5 99.993
epoch 92, total time 52.31
Test: [0/94]	Time 0.170 (0.170)	Loss 1.1501 (1.1501)	Acc@1 68.750 (68.750)	Acc@5 96.875 (96.875)
 * Acc@1 82.900 Acc@5 94.833
==> training...
Epoch: [93][0/468]	Time 0.384 (0.384)	Data 0.322 (0.322)	Loss 0.0281 (0.0281)	Acc@1 100.000 (100.000)	Acc@5 100.000 (100.000)
Epoch: [93][100/468]	Time 0.111 (0.113)	Data 0.002 (0.005)	Loss 0.0212 (0.0285)	Acc@1 100.000 (99.691)	Acc@5 100.000 (100.000)
Epoch: [93][200/468]	Time 0.110 (0.112)	Data 0.002 (0.004)	Loss 0.0235 (0.0294)	Acc@1 100.000 (99.674)	Acc@5 100.000 (100.000)
Epoch: [93][300/468]	Time 0.110 (0.111)	Data 0.002 (0.003)	Loss 0.0225 (0.0304)	Acc@1 100.000 (99.637)	Acc@5 100.000 (100.000)
Epoch: [93][400/468]	Time 0.110 (0.111)	Data 0.002 (0.003)	Loss 0.0230 (0.0303)	Acc@1 100.000 (99.645)	Acc@5 100.000 (100.000)
 * Acc@1 99.669 Acc@5 100.000
epoch 93, total time 51.89
Test: [0/94]	Time 0.144 (0.144)	Loss 1.1449 (1.1449)	Acc@1 68.750 (68.750)	Acc@5 93.750 (93.750)
 * Acc@1 82.733 Acc@5 94.767
==> training...
Epoch: [94][0/468]	Time 0.431 (0.431)	Data 0.367 (0.367)	Loss 0.0203 (0.0203)	Acc@1 100.000 (100.000)	Acc@5 100.000 (100.000)
Epoch: [94][100/468]	Time 0.110 (0.113)	Data 0.002 (0.006)	Loss 0.0207 (0.0286)	Acc@1 100.000 (99.706)	Acc@5 100.000 (100.000)
Epoch: [94][200/468]	Time 0.110 (0.112)	Data 0.002 (0.004)	Loss 0.0232 (0.0295)	Acc@1 100.000 (99.689)	Acc@5 100.000 (100.000)
Epoch: [94][300/468]	Time 0.112 (0.111)	Data 0.002 (0.003)	Loss 0.0218 (0.0301)	Acc@1 100.000 (99.673)	Acc@5 100.000 (99.995)
Epoch: [94][400/468]	Time 0.112 (0.111)	Data 0.002 (0.003)	Loss 0.0517 (0.0304)	Acc@1 100.000 (99.661)	Acc@5 100.000 (99.996)
 * Acc@1 99.659 Acc@5 99.997
epoch 94, total time 52.20
Test: [0/94]	Time 0.143 (0.143)	Loss 1.1535 (1.1535)	Acc@1 68.750 (68.750)	Acc@5 93.750 (93.750)
 * Acc@1 82.533 Acc@5 94.900
==> training...
Epoch: [95][0/468]	Time 0.380 (0.380)	Data 0.316 (0.316)	Loss 0.0342 (0.0342)	Acc@1 100.000 (100.000)	Acc@5 100.000 (100.000)
Epoch: [95][100/468]	Time 0.110 (0.113)	Data 0.002 (0.005)	Loss 0.0375 (0.0294)	Acc@1 98.438 (99.706)	Acc@5 100.000 (100.000)
Epoch: [95][200/468]	Time 0.110 (0.112)	Data 0.002 (0.004)	Loss 0.0202 (0.0288)	Acc@1 100.000 (99.743)	Acc@5 100.000 (100.000)
Epoch: [95][300/468]	Time 0.110 (0.111)	Data 0.002 (0.003)	Loss 0.0178 (0.0285)	Acc@1 100.000 (99.725)	Acc@5 100.000 (100.000)
Epoch: [95][400/468]	Time 0.110 (0.111)	Data 0.001 (0.003)	Loss 0.0447 (0.0290)	Acc@1 100.000 (99.696)	Acc@5 100.000 (100.000)
 * Acc@1 99.696 Acc@5 100.000
epoch 95, total time 51.91
Test: [0/94]	Time 0.152 (0.152)	Loss 1.1794 (1.1794)	Acc@1 68.750 (68.750)	Acc@5 93.750 (93.750)
 * Acc@1 82.700 Acc@5 94.833
==> training...
Epoch: [96][0/468]	Time 0.387 (0.387)	Data 0.322 (0.322)	Loss 0.0146 (0.0146)	Acc@1 100.000 (100.000)	Acc@5 100.000 (100.000)
Epoch: [96][100/468]	Time 0.111 (0.113)	Data 0.002 (0.006)	Loss 0.0413 (0.0282)	Acc@1 98.438 (99.722)	Acc@5 100.000 (100.000)
Epoch: [96][200/468]	Time 0.110 (0.112)	Data 0.002 (0.004)	Loss 0.0168 (0.0277)	Acc@1 100.000 (99.767)	Acc@5 100.000 (100.000)
Epoch: [96][300/468]	Time 0.113 (0.112)	Data 0.002 (0.003)	Loss 0.0391 (0.0277)	Acc@1 98.438 (99.740)	Acc@5 100.000 (100.000)
Epoch: [96][400/468]	Time 0.111 (0.111)	Data 0.002 (0.003)	Loss 0.0210 (0.0278)	Acc@1 100.000 (99.731)	Acc@5 100.000 (100.000)
 * Acc@1 99.696 Acc@5 100.000
epoch 96, total time 52.19
Test: [0/94]	Time 0.148 (0.148)	Loss 1.2300 (1.2300)	Acc@1 68.750 (68.750)	Acc@5 90.625 (90.625)
 * Acc@1 82.800 Acc@5 94.767
==> training...
Epoch: [97][0/468]	Time 0.397 (0.397)	Data 0.331 (0.331)	Loss 0.0249 (0.0249)	Acc@1 100.000 (100.000)	Acc@5 100.000 (100.000)
Epoch: [97][100/468]	Time 0.111 (0.114)	Data 0.002 (0.006)	Loss 0.0327 (0.0304)	Acc@1 100.000 (99.691)	Acc@5 100.000 (100.000)
Epoch: [97][200/468]	Time 0.111 (0.113)	Data 0.002 (0.004)	Loss 0.0090 (0.0290)	Acc@1 100.000 (99.697)	Acc@5 100.000 (100.000)
Epoch: [97][300/468]	Time 0.111 (0.112)	Data 0.002 (0.004)	Loss 0.0234 (0.0289)	Acc@1 100.000 (99.694)	Acc@5 100.000 (100.000)
Epoch: [97][400/468]	Time 0.111 (0.112)	Data 0.002 (0.003)	Loss 0.0225 (0.0288)	Acc@1 100.000 (99.700)	Acc@5 100.000 (100.000)
 * Acc@1 99.703 Acc@5 100.000
epoch 97, total time 52.29
Test: [0/94]	Time 0.144 (0.144)	Loss 1.1435 (1.1435)	Acc@1 68.750 (68.750)	Acc@5 93.750 (93.750)
 * Acc@1 82.733 Acc@5 94.767
==> training...
Epoch: [98][0/468]	Time 0.381 (0.381)	Data 0.317 (0.317)	Loss 0.0191 (0.0191)	Acc@1 100.000 (100.000)	Acc@5 100.000 (100.000)
Epoch: [98][100/468]	Time 0.109 (0.113)	Data 0.002 (0.006)	Loss 0.0284 (0.0273)	Acc@1 100.000 (99.814)	Acc@5 100.000 (100.000)
Epoch: [98][200/468]	Time 0.110 (0.112)	Data 0.002 (0.004)	Loss 0.0249 (0.0284)	Acc@1 100.000 (99.767)	Acc@5 100.000 (100.000)
Epoch: [98][300/468]	Time 0.111 (0.111)	Data 0.002 (0.003)	Loss 0.0400 (0.0285)	Acc@1 100.000 (99.761)	Acc@5 100.000 (100.000)
Epoch: [98][400/468]	Time 0.110 (0.111)	Data 0.002 (0.003)	Loss 0.0199 (0.0283)	Acc@1 100.000 (99.755)	Acc@5 100.000 (100.000)
 * Acc@1 99.760 Acc@5 100.000
epoch 98, total time 52.06
Test: [0/94]	Time 0.145 (0.145)	Loss 1.1523 (1.1523)	Acc@1 68.750 (68.750)	Acc@5 93.750 (93.750)
 * Acc@1 82.900 Acc@5 94.833
==> training...
Epoch: [99][0/468]	Time 0.392 (0.392)	Data 0.330 (0.330)	Loss 0.0260 (0.0260)	Acc@1 100.000 (100.000)	Acc@5 100.000 (100.000)
Epoch: [99][100/468]	Time 0.111 (0.113)	Data 0.002 (0.005)	Loss 0.0268 (0.0283)	Acc@1 100.000 (99.629)	Acc@5 100.000 (100.000)
Epoch: [99][200/468]	Time 0.110 (0.112)	Data 0.002 (0.004)	Loss 0.0252 (0.0281)	Acc@1 100.000 (99.705)	Acc@5 100.000 (100.000)
Epoch: [99][300/468]	Time 0.110 (0.111)	Data 0.001 (0.003)	Loss 0.0444 (0.0279)	Acc@1 100.000 (99.689)	Acc@5 100.000 (100.000)
Epoch: [99][400/468]	Time 0.109 (0.111)	Data 0.001 (0.003)	Loss 0.0491 (0.0273)	Acc@1 98.438 (99.696)	Acc@5 100.000 (100.000)
 * Acc@1 99.703 Acc@5 100.000
epoch 99, total time 51.89
Test: [0/94]	Time 0.145 (0.145)	Loss 1.1648 (1.1648)	Acc@1 68.750 (68.750)	Acc@5 93.750 (93.750)
 * Acc@1 82.533 Acc@5 95.033
==> training...
Epoch: [100][0/468]	Time 0.385 (0.385)	Data 0.317 (0.317)	Loss 0.0112 (0.0112)	Acc@1 100.000 (100.000)	Acc@5 100.000 (100.000)
Epoch: [100][100/468]	Time 0.111 (0.114)	Data 0.002 (0.005)	Loss 0.0138 (0.0276)	Acc@1 100.000 (99.691)	Acc@5 100.000 (100.000)
Epoch: [100][200/468]	Time 0.110 (0.112)	Data 0.001 (0.004)	Loss 0.0466 (0.0278)	Acc@1 100.000 (99.728)	Acc@5 100.000 (100.000)
Epoch: [100][300/468]	Time 0.110 (0.111)	Data 0.001 (0.003)	Loss 0.0105 (0.0272)	Acc@1 100.000 (99.746)	Acc@5 100.000 (100.000)
Epoch: [100][400/468]	Time 0.109 (0.111)	Data 0.002 (0.003)	Loss 0.0281 (0.0271)	Acc@1 98.438 (99.735)	Acc@5 100.000 (100.000)
 * Acc@1 99.760 Acc@5 100.000
epoch 100, total time 51.95
Test: [0/94]	Time 0.143 (0.143)	Loss 1.1424 (1.1424)	Acc@1 68.750 (68.750)	Acc@5 93.750 (93.750)
 * Acc@1 83.100 Acc@5 94.900
==> Saving...
