Device count:  1
************* Training arguments *************
eval_freq 10
print_freq 100
tb_freq 500
save_freq 100
batch_size 64
num_workers 8
epochs 100
learning_rate 0.05
lr_decay_epochs [60, 80]
lr_decay_rate 0.1
weight_decay 0.0005
momentum 0.9
adam False
eval_only False
model resnet18
dataset miniImageNet
transform A
use_trainval False
cosine False
reload_path 
model_path /home/gridsan/akyurek/git/rfs-incremental/dumped/backbones/continual/resnet18/9
tb_path tb
data_root /home/gridsan/akyurek/git/rfs-incremental/data/miniImageNet
n_test_runs 600
n_ways 5
n_shots 1
n_queries 15
n_aug_support_samples 5
test_batch_size 1
use_episodes False
classifier linear
trial pretrain
continual True
no_dropblock True
set_seed 9
no_linear_bias True
augment_pretrain_wtrainb False
eval_mode None
label_pull None
data_aug True
linear_bias False
model_name miniImageNet_resnet18_classifier_linear
tb_folder tb/miniImageNet_resnet18_classifier_linear
save_folder /home/gridsan/akyurek/git/rfs-incremental/dumped/backbones/continual/resnet18/9
n_gpu 1
git_head_hash ae23b3b
End of arguments.

==> training...
Epoch: [1][0/468]	Time 1.306 (1.306)	Data 0.372 (0.372)	Loss 4.2612 (4.2612)	Acc@1 4.688 (4.688)	Acc@5 18.750 (18.750)
Epoch: [1][100/468]	Time 0.111 (0.122)	Data 0.001 (0.005)	Loss 3.9362 (4.6043)	Acc@1 4.688 (4.595)	Acc@5 17.188 (17.373)
Epoch: [1][200/468]	Time 0.110 (0.116)	Data 0.002 (0.004)	Loss 3.8793 (4.1680)	Acc@1 6.250 (6.771)	Acc@5 32.812 (23.515)
Epoch: [1][300/468]	Time 0.111 (0.114)	Data 0.002 (0.003)	Loss 3.4807 (3.9652)	Acc@1 15.625 (8.217)	Acc@5 43.750 (27.352)
Epoch: [1][400/468]	Time 0.111 (0.113)	Data 0.002 (0.003)	Loss 3.3675 (3.8377)	Acc@1 10.938 (9.507)	Acc@5 42.188 (29.999)
 * Acc@1 10.286 Acc@5 31.631
epoch 1, total time 52.90
Test: [0/94]	Time 0.331 (0.331)	Loss 3.3360 (3.3360)	Acc@1 9.375 (9.375)	Acc@5 40.625 (40.625)
 * Acc@1 13.400 Acc@5 38.467
==> training...
Epoch: [2][0/468]	Time 0.373 (0.373)	Data 0.314 (0.314)	Loss 3.2321 (3.2321)	Acc@1 18.750 (18.750)	Acc@5 40.625 (40.625)
Epoch: [2][100/468]	Time 0.110 (0.114)	Data 0.002 (0.005)	Loss 3.1288 (3.3061)	Acc@1 14.062 (16.909)	Acc@5 54.688 (42.946)
Epoch: [2][200/468]	Time 0.111 (0.112)	Data 0.002 (0.004)	Loss 3.1255 (3.2707)	Acc@1 23.438 (17.094)	Acc@5 46.875 (44.139)
Epoch: [2][300/468]	Time 0.112 (0.112)	Data 0.002 (0.003)	Loss 3.0344 (3.2431)	Acc@1 18.750 (17.525)	Acc@5 48.438 (45.053)
Epoch: [2][400/468]	Time 0.110 (0.112)	Data 0.002 (0.003)	Loss 2.9134 (3.2110)	Acc@1 28.125 (18.243)	Acc@5 54.688 (46.197)
 * Acc@1 18.750 Acc@5 47.226
epoch 2, total time 52.26
Test: [0/94]	Time 0.139 (0.139)	Loss 2.7097 (2.7097)	Acc@1 21.875 (21.875)	Acc@5 75.000 (75.000)
 * Acc@1 19.933 Acc@5 50.467
==> training...
Epoch: [3][0/468]	Time 0.363 (0.363)	Data 0.300 (0.300)	Loss 3.0831 (3.0831)	Acc@1 20.312 (20.312)	Acc@5 53.125 (53.125)
Epoch: [3][100/468]	Time 0.110 (0.113)	Data 0.002 (0.005)	Loss 3.1311 (2.9546)	Acc@1 20.312 (23.577)	Acc@5 54.688 (54.332)
Epoch: [3][200/468]	Time 0.110 (0.112)	Data 0.001 (0.004)	Loss 2.9876 (2.9222)	Acc@1 17.188 (23.896)	Acc@5 54.688 (55.138)
Epoch: [3][300/468]	Time 0.110 (0.111)	Data 0.002 (0.003)	Loss 2.8041 (2.8936)	Acc@1 23.438 (24.668)	Acc@5 65.625 (55.840)
Epoch: [3][400/468]	Time 0.111 (0.111)	Data 0.001 (0.003)	Loss 2.6177 (2.8575)	Acc@1 32.812 (25.522)	Acc@5 65.625 (56.846)
 * Acc@1 26.359 Acc@5 57.686
epoch 3, total time 52.03
Test: [0/94]	Time 0.139 (0.139)	Loss 2.3860 (2.3860)	Acc@1 31.250 (31.250)	Acc@5 71.875 (71.875)
 * Acc@1 30.500 Acc@5 64.267
==> training...
Epoch: [4][0/468]	Time 0.367 (0.367)	Data 0.306 (0.306)	Loss 2.6894 (2.6894)	Acc@1 29.688 (29.688)	Acc@5 62.500 (62.500)
Epoch: [4][100/468]	Time 0.110 (0.113)	Data 0.001 (0.005)	Loss 2.1940 (2.6355)	Acc@1 35.938 (29.626)	Acc@5 78.125 (63.150)
Epoch: [4][200/468]	Time 0.110 (0.112)	Data 0.002 (0.004)	Loss 2.3813 (2.6087)	Acc@1 39.062 (30.247)	Acc@5 68.750 (63.542)
Epoch: [4][300/468]	Time 0.110 (0.111)	Data 0.001 (0.003)	Loss 2.5511 (2.5667)	Acc@1 34.375 (31.276)	Acc@5 64.062 (64.499)
Epoch: [4][400/468]	Time 0.110 (0.111)	Data 0.001 (0.003)	Loss 2.3604 (2.5258)	Acc@1 31.250 (32.267)	Acc@5 68.750 (65.477)
 * Acc@1 32.906 Acc@5 65.966
epoch 4, total time 51.93
Test: [0/94]	Time 0.135 (0.135)	Loss 2.0628 (2.0628)	Acc@1 43.750 (43.750)	Acc@5 78.125 (78.125)
 * Acc@1 38.833 Acc@5 70.433
==> training...
Epoch: [5][0/468]	Time 0.384 (0.384)	Data 0.325 (0.325)	Loss 2.5638 (2.5638)	Acc@1 31.250 (31.250)	Acc@5 60.938 (60.938)
Epoch: [5][100/468]	Time 0.110 (0.113)	Data 0.001 (0.006)	Loss 2.4002 (2.3526)	Acc@1 34.375 (37.020)	Acc@5 70.312 (69.771)
Epoch: [5][200/468]	Time 0.110 (0.112)	Data 0.002 (0.004)	Loss 2.0831 (2.3181)	Acc@1 43.750 (38.044)	Acc@5 79.688 (70.421)
Epoch: [5][300/468]	Time 0.110 (0.111)	Data 0.001 (0.003)	Loss 2.0221 (2.3211)	Acc@1 40.625 (37.702)	Acc@5 81.250 (70.017)
Epoch: [5][400/468]	Time 0.110 (0.111)	Data 0.002 (0.003)	Loss 2.3636 (2.3033)	Acc@1 31.250 (37.964)	Acc@5 71.875 (70.694)
 * Acc@1 38.171 Acc@5 70.957
epoch 5, total time 52.03
Test: [0/94]	Time 0.151 (0.151)	Loss 1.9929 (1.9929)	Acc@1 50.000 (50.000)	Acc@5 78.125 (78.125)
 * Acc@1 40.700 Acc@5 72.467
==> training...
Epoch: [6][0/468]	Time 0.371 (0.371)	Data 0.310 (0.310)	Loss 2.4310 (2.4310)	Acc@1 31.250 (31.250)	Acc@5 65.625 (65.625)
Epoch: [6][100/468]	Time 0.110 (0.113)	Data 0.001 (0.005)	Loss 2.0673 (2.1126)	Acc@1 37.500 (42.249)	Acc@5 73.438 (74.582)
Epoch: [6][200/468]	Time 0.111 (0.112)	Data 0.002 (0.004)	Loss 1.8979 (2.1116)	Acc@1 45.312 (42.390)	Acc@5 76.562 (74.572)
Epoch: [6][300/468]	Time 0.112 (0.111)	Data 0.001 (0.003)	Loss 2.2037 (2.1063)	Acc@1 34.375 (42.509)	Acc@5 79.688 (74.740)
Epoch: [6][400/468]	Time 0.111 (0.111)	Data 0.002 (0.003)	Loss 2.0364 (2.1057)	Acc@1 40.625 (42.577)	Acc@5 81.250 (74.871)
 * Acc@1 42.839 Acc@5 75.060
epoch 6, total time 52.13
Test: [0/94]	Time 0.138 (0.138)	Loss 1.7947 (1.7947)	Acc@1 46.875 (46.875)	Acc@5 81.250 (81.250)
 * Acc@1 41.267 Acc@5 74.600
==> training...
Epoch: [7][0/468]	Time 0.384 (0.384)	Data 0.322 (0.322)	Loss 1.6898 (1.6898)	Acc@1 56.250 (56.250)	Acc@5 79.688 (79.688)
Epoch: [7][100/468]	Time 0.110 (0.114)	Data 0.001 (0.005)	Loss 1.7132 (1.9564)	Acc@1 54.688 (45.715)	Acc@5 78.125 (78.527)
Epoch: [7][200/468]	Time 0.110 (0.112)	Data 0.002 (0.004)	Loss 2.5486 (1.9559)	Acc@1 25.000 (46.043)	Acc@5 65.625 (77.962)
Epoch: [7][300/468]	Time 0.110 (0.112)	Data 0.002 (0.003)	Loss 1.7324 (1.9605)	Acc@1 57.812 (46.091)	Acc@5 82.812 (77.938)
Epoch: [7][400/468]	Time 0.110 (0.111)	Data 0.002 (0.003)	Loss 1.8676 (1.9576)	Acc@1 46.875 (46.096)	Acc@5 78.125 (77.954)
 * Acc@1 46.354 Acc@5 78.038
epoch 7, total time 52.04
Test: [0/94]	Time 0.132 (0.132)	Loss 1.4192 (1.4192)	Acc@1 62.500 (62.500)	Acc@5 93.750 (93.750)
 * Acc@1 48.000 Acc@5 78.700
==> training...
Epoch: [8][0/468]	Time 0.363 (0.363)	Data 0.299 (0.299)	Loss 1.8692 (1.8692)	Acc@1 53.125 (53.125)	Acc@5 84.375 (84.375)
Epoch: [8][100/468]	Time 0.110 (0.113)	Data 0.001 (0.005)	Loss 1.7170 (1.8860)	Acc@1 53.125 (49.211)	Acc@5 78.125 (79.564)
Epoch: [8][200/468]	Time 0.110 (0.111)	Data 0.001 (0.004)	Loss 2.0094 (1.8458)	Acc@1 39.062 (49.697)	Acc@5 79.688 (80.154)
Epoch: [8][300/468]	Time 0.110 (0.111)	Data 0.001 (0.003)	Loss 2.0545 (1.8403)	Acc@1 40.625 (49.533)	Acc@5 78.125 (80.098)
Epoch: [8][400/468]	Time 0.110 (0.111)	Data 0.002 (0.003)	Loss 1.9368 (1.8365)	Acc@1 43.750 (49.591)	Acc@5 75.000 (80.225)
 * Acc@1 49.516 Acc@5 80.335
epoch 8, total time 51.77
Test: [0/94]	Time 0.137 (0.137)	Loss 1.5270 (1.5270)	Acc@1 53.125 (53.125)	Acc@5 81.250 (81.250)
 * Acc@1 47.067 Acc@5 79.500
==> training...
Epoch: [9][0/468]	Time 0.353 (0.353)	Data 0.291 (0.291)	Loss 1.6561 (1.6561)	Acc@1 56.250 (56.250)	Acc@5 82.812 (82.812)
Epoch: [9][100/468]	Time 0.111 (0.113)	Data 0.002 (0.005)	Loss 1.4224 (1.7190)	Acc@1 57.812 (51.454)	Acc@5 85.938 (82.147)
Epoch: [9][200/468]	Time 0.111 (0.111)	Data 0.001 (0.004)	Loss 1.6679 (1.7312)	Acc@1 46.875 (51.236)	Acc@5 87.500 (82.113)
Epoch: [9][300/468]	Time 0.110 (0.111)	Data 0.002 (0.003)	Loss 1.9123 (1.7375)	Acc@1 54.688 (51.381)	Acc@5 82.812 (81.956)
Epoch: [9][400/468]	Time 0.110 (0.111)	Data 0.001 (0.003)	Loss 1.5449 (1.7377)	Acc@1 46.875 (51.430)	Acc@5 87.500 (82.057)
 * Acc@1 51.529 Acc@5 82.145
epoch 9, total time 51.85
Test: [0/94]	Time 0.131 (0.131)	Loss 1.4790 (1.4790)	Acc@1 56.250 (56.250)	Acc@5 81.250 (81.250)
 * Acc@1 49.700 Acc@5 79.967
==> training...
Epoch: [10][0/468]	Time 0.392 (0.392)	Data 0.322 (0.322)	Loss 1.5770 (1.5770)	Acc@1 54.688 (54.688)	Acc@5 89.062 (89.062)
Epoch: [10][100/468]	Time 0.110 (0.113)	Data 0.002 (0.006)	Loss 2.1302 (1.6461)	Acc@1 48.438 (53.991)	Acc@5 76.562 (83.973)
Epoch: [10][200/468]	Time 0.111 (0.111)	Data 0.001 (0.004)	Loss 1.7616 (1.6583)	Acc@1 54.688 (53.786)	Acc@5 79.688 (83.427)
Epoch: [10][300/468]	Time 0.111 (0.111)	Data 0.002 (0.003)	Loss 1.6685 (1.6666)	Acc@1 56.250 (53.815)	Acc@5 81.250 (83.259)
Epoch: [10][400/468]	Time 0.111 (0.111)	Data 0.001 (0.003)	Loss 1.7741 (1.6608)	Acc@1 56.250 (53.971)	Acc@5 81.250 (83.276)
 * Acc@1 54.000 Acc@5 83.193
epoch 10, total time 51.88
Test: [0/94]	Time 0.132 (0.132)	Loss 1.5939 (1.5939)	Acc@1 56.250 (56.250)	Acc@5 78.125 (78.125)
 * Acc@1 53.233 Acc@5 81.467
==> training...
Epoch: [11][0/468]	Time 0.354 (0.354)	Data 0.295 (0.295)	Loss 1.4569 (1.4569)	Acc@1 62.500 (62.500)	Acc@5 87.500 (87.500)
Epoch: [11][100/468]	Time 0.110 (0.113)	Data 0.002 (0.006)	Loss 1.5544 (1.5888)	Acc@1 60.938 (55.430)	Acc@5 82.812 (84.731)
Epoch: [11][200/468]	Time 0.110 (0.111)	Data 0.002 (0.004)	Loss 1.8223 (1.5783)	Acc@1 51.562 (55.690)	Acc@5 79.688 (84.717)
Epoch: [11][300/468]	Time 0.111 (0.111)	Data 0.002 (0.003)	Loss 1.5233 (1.5861)	Acc@1 60.938 (55.310)	Acc@5 90.625 (84.790)
Epoch: [11][400/468]	Time 0.109 (0.111)	Data 0.002 (0.003)	Loss 1.2535 (1.5798)	Acc@1 62.500 (55.553)	Acc@5 93.750 (84.804)
 * Acc@1 55.596 Acc@5 84.762
epoch 11, total time 51.84
Test: [0/94]	Time 0.150 (0.150)	Loss 1.3984 (1.3984)	Acc@1 62.500 (62.500)	Acc@5 78.125 (78.125)
 * Acc@1 54.967 Acc@5 82.367
==> training...
Epoch: [12][0/468]	Time 0.383 (0.383)	Data 0.317 (0.317)	Loss 1.4675 (1.4675)	Acc@1 62.500 (62.500)	Acc@5 92.188 (92.188)
Epoch: [12][100/468]	Time 0.110 (0.114)	Data 0.001 (0.005)	Loss 1.4468 (1.4740)	Acc@1 56.250 (57.859)	Acc@5 90.625 (85.953)
Epoch: [12][200/468]	Time 0.109 (0.112)	Data 0.001 (0.004)	Loss 1.4756 (1.4850)	Acc@1 54.688 (57.952)	Acc@5 85.938 (85.844)
Epoch: [12][300/468]	Time 0.109 (0.111)	Data 0.001 (0.003)	Loss 1.6772 (1.4980)	Acc@1 54.688 (57.574)	Acc@5 82.812 (85.719)
Epoch: [12][400/468]	Time 0.110 (0.111)	Data 0.002 (0.003)	Loss 1.3578 (1.5077)	Acc@1 57.812 (57.493)	Acc@5 84.375 (85.583)
 * Acc@1 57.585 Acc@5 85.714
epoch 12, total time 51.92
Test: [0/94]	Time 0.130 (0.130)	Loss 1.4079 (1.4079)	Acc@1 59.375 (59.375)	Acc@5 84.375 (84.375)
 * Acc@1 54.467 Acc@5 82.300
==> training...
Epoch: [13][0/468]	Time 0.431 (0.431)	Data 0.368 (0.368)	Loss 1.1729 (1.1729)	Acc@1 73.438 (73.438)	Acc@5 89.062 (89.062)
Epoch: [13][100/468]	Time 0.110 (0.114)	Data 0.001 (0.006)	Loss 1.5969 (1.4326)	Acc@1 56.250 (59.932)	Acc@5 90.625 (86.835)
Epoch: [13][200/468]	Time 0.111 (0.113)	Data 0.001 (0.004)	Loss 1.0614 (1.4300)	Acc@1 64.062 (59.974)	Acc@5 96.875 (86.948)
Epoch: [13][300/468]	Time 0.110 (0.112)	Data 0.002 (0.003)	Loss 1.6702 (1.4402)	Acc@1 54.688 (59.749)	Acc@5 81.250 (86.690)
Epoch: [13][400/468]	Time 0.109 (0.112)	Data 0.001 (0.003)	Loss 1.3615 (1.4518)	Acc@1 64.062 (59.149)	Acc@5 85.938 (86.643)
 * Acc@1 59.402 Acc@5 86.632
epoch 13, total time 52.14
Test: [0/94]	Time 0.132 (0.132)	Loss 1.5341 (1.5341)	Acc@1 62.500 (62.500)	Acc@5 84.375 (84.375)
 * Acc@1 56.767 Acc@5 84.400
==> training...
Epoch: [14][0/468]	Time 0.375 (0.375)	Data 0.313 (0.313)	Loss 1.7150 (1.7150)	Acc@1 51.562 (51.562)	Acc@5 82.812 (82.812)
Epoch: [14][100/468]	Time 0.111 (0.113)	Data 0.001 (0.006)	Loss 1.2042 (1.3668)	Acc@1 62.500 (61.262)	Acc@5 93.750 (88.026)
Epoch: [14][200/468]	Time 0.110 (0.112)	Data 0.001 (0.004)	Loss 1.6284 (1.3777)	Acc@1 56.250 (60.525)	Acc@5 87.500 (88.052)
Epoch: [14][300/468]	Time 0.111 (0.111)	Data 0.001 (0.003)	Loss 1.1303 (1.3847)	Acc@1 67.188 (60.803)	Acc@5 89.062 (87.863)
Epoch: [14][400/468]	Time 0.111 (0.111)	Data 0.002 (0.003)	Loss 1.5489 (1.3927)	Acc@1 56.250 (60.579)	Acc@5 79.688 (87.582)
 * Acc@1 60.584 Acc@5 87.503
epoch 14, total time 52.15
Test: [0/94]	Time 0.134 (0.134)	Loss 1.5442 (1.5442)	Acc@1 53.125 (53.125)	Acc@5 93.750 (93.750)
 * Acc@1 57.867 Acc@5 84.400
==> training...
Epoch: [15][0/468]	Time 0.366 (0.366)	Data 0.309 (0.309)	Loss 1.3192 (1.3192)	Acc@1 64.062 (64.062)	Acc@5 87.500 (87.500)
Epoch: [15][100/468]	Time 0.111 (0.113)	Data 0.001 (0.005)	Loss 1.4777 (1.2974)	Acc@1 50.000 (63.134)	Acc@5 90.625 (88.800)
Epoch: [15][200/468]	Time 0.110 (0.112)	Data 0.002 (0.004)	Loss 1.5101 (1.3432)	Acc@1 57.812 (62.166)	Acc@5 85.938 (88.371)
Epoch: [15][300/468]	Time 0.112 (0.112)	Data 0.002 (0.003)	Loss 1.4823 (1.3571)	Acc@1 57.812 (61.898)	Acc@5 85.938 (88.128)
Epoch: [15][400/468]	Time 0.112 (0.111)	Data 0.001 (0.003)	Loss 1.3063 (1.3541)	Acc@1 70.312 (61.962)	Acc@5 87.500 (88.088)
 * Acc@1 61.999 Acc@5 88.048
epoch 15, total time 52.16
Test: [0/94]	Time 0.135 (0.135)	Loss 1.5430 (1.5430)	Acc@1 59.375 (59.375)	Acc@5 81.250 (81.250)
 * Acc@1 58.400 Acc@5 84.500
==> training...
Epoch: [16][0/468]	Time 0.371 (0.371)	Data 0.310 (0.310)	Loss 0.8784 (0.8784)	Acc@1 76.562 (76.562)	Acc@5 98.438 (98.438)
Epoch: [16][100/468]	Time 0.110 (0.113)	Data 0.001 (0.005)	Loss 1.3378 (1.2788)	Acc@1 64.062 (63.150)	Acc@5 84.375 (89.356)
Epoch: [16][200/468]	Time 0.111 (0.112)	Data 0.002 (0.004)	Loss 1.6894 (1.2919)	Acc@1 60.938 (63.052)	Acc@5 82.812 (88.930)
Epoch: [16][300/468]	Time 0.110 (0.111)	Data 0.002 (0.003)	Loss 1.6748 (1.3080)	Acc@1 54.688 (62.588)	Acc@5 81.250 (88.725)
Epoch: [16][400/468]	Time 0.110 (0.111)	Data 0.002 (0.003)	Loss 1.2382 (1.3108)	Acc@1 70.312 (62.539)	Acc@5 89.062 (88.774)
 * Acc@1 62.557 Acc@5 88.742
epoch 16, total time 52.03
Test: [0/94]	Time 0.131 (0.131)	Loss 1.1724 (1.1724)	Acc@1 62.500 (62.500)	Acc@5 84.375 (84.375)
 * Acc@1 59.300 Acc@5 85.700
==> training...
Epoch: [17][0/468]	Time 0.363 (0.363)	Data 0.302 (0.302)	Loss 1.2424 (1.2424)	Acc@1 60.938 (60.938)	Acc@5 90.625 (90.625)
Epoch: [17][100/468]	Time 0.110 (0.113)	Data 0.001 (0.005)	Loss 1.2092 (1.1996)	Acc@1 60.938 (65.610)	Acc@5 95.312 (90.053)
Epoch: [17][200/468]	Time 0.110 (0.111)	Data 0.002 (0.004)	Loss 1.4088 (1.2215)	Acc@1 64.062 (64.591)	Acc@5 85.938 (89.785)
Epoch: [17][300/468]	Time 0.110 (0.111)	Data 0.001 (0.003)	Loss 1.2390 (1.2524)	Acc@1 67.188 (64.109)	Acc@5 92.188 (89.306)
Epoch: [17][400/468]	Time 0.110 (0.111)	Data 0.001 (0.003)	Loss 1.2835 (1.2585)	Acc@1 71.875 (64.129)	Acc@5 89.062 (89.304)
 * Acc@1 63.969 Acc@5 89.119
epoch 17, total time 51.90
Test: [0/94]	Time 0.131 (0.131)	Loss 1.4747 (1.4747)	Acc@1 56.250 (56.250)	Acc@5 84.375 (84.375)
 * Acc@1 58.867 Acc@5 85.100
==> training...
Epoch: [18][0/468]	Time 0.397 (0.397)	Data 0.328 (0.328)	Loss 1.2425 (1.2425)	Acc@1 60.938 (60.938)	Acc@5 87.500 (87.500)
Epoch: [18][100/468]	Time 0.111 (0.114)	Data 0.001 (0.005)	Loss 0.9907 (1.1902)	Acc@1 75.000 (66.476)	Acc@5 93.750 (90.300)
Epoch: [18][200/468]	Time 0.111 (0.113)	Data 0.001 (0.004)	Loss 1.2788 (1.2179)	Acc@1 59.375 (65.330)	Acc@5 92.188 (90.159)
Epoch: [18][300/468]	Time 0.111 (0.112)	Data 0.001 (0.003)	Loss 1.0882 (1.2238)	Acc@1 68.750 (65.236)	Acc@5 95.312 (90.033)
Epoch: [18][400/468]	Time 0.109 (0.112)	Data 0.002 (0.003)	Loss 1.4767 (1.2435)	Acc@1 54.688 (64.705)	Acc@5 89.062 (89.690)
 * Acc@1 64.617 Acc@5 89.630
epoch 18, total time 52.13
Test: [0/94]	Time 0.134 (0.134)	Loss 1.3262 (1.3262)	Acc@1 53.125 (53.125)	Acc@5 90.625 (90.625)
 * Acc@1 55.967 Acc@5 83.367
==> training...
Epoch: [19][0/468]	Time 0.368 (0.368)	Data 0.305 (0.305)	Loss 0.9769 (0.9769)	Acc@1 73.438 (73.438)	Acc@5 93.750 (93.750)
Epoch: [19][100/468]	Time 0.110 (0.113)	Data 0.001 (0.005)	Loss 1.2449 (1.1578)	Acc@1 67.188 (66.615)	Acc@5 90.625 (90.764)
Epoch: [19][200/468]	Time 0.110 (0.112)	Data 0.001 (0.004)	Loss 1.1577 (1.1697)	Acc@1 59.375 (66.465)	Acc@5 92.188 (90.594)
Epoch: [19][300/468]	Time 0.110 (0.111)	Data 0.002 (0.003)	Loss 1.3998 (1.1855)	Acc@1 54.688 (66.134)	Acc@5 92.188 (90.256)
Epoch: [19][400/468]	Time 0.111 (0.111)	Data 0.001 (0.003)	Loss 1.0749 (1.1957)	Acc@1 64.062 (65.855)	Acc@5 90.625 (90.204)
 * Acc@1 65.762 Acc@5 90.034
epoch 19, total time 51.93
Test: [0/94]	Time 0.129 (0.129)	Loss 1.2769 (1.2769)	Acc@1 68.750 (68.750)	Acc@5 87.500 (87.500)
 * Acc@1 59.033 Acc@5 84.433
==> training...
Epoch: [20][0/468]	Time 0.424 (0.424)	Data 0.352 (0.352)	Loss 0.7175 (0.7175)	Acc@1 82.812 (82.812)	Acc@5 95.312 (95.312)
Epoch: [20][100/468]	Time 0.111 (0.114)	Data 0.002 (0.006)	Loss 1.2145 (1.1132)	Acc@1 65.625 (67.791)	Acc@5 92.188 (90.903)
Epoch: [20][200/468]	Time 0.110 (0.112)	Data 0.002 (0.004)	Loss 1.2897 (1.1341)	Acc@1 62.500 (67.001)	Acc@5 90.625 (90.827)
Epoch: [20][300/468]	Time 0.110 (0.112)	Data 0.002 (0.003)	Loss 1.3067 (1.1463)	Acc@1 65.625 (66.772)	Acc@5 84.375 (90.682)
Epoch: [20][400/468]	Time 0.110 (0.111)	Data 0.002 (0.003)	Loss 1.1838 (1.1575)	Acc@1 70.312 (66.747)	Acc@5 90.625 (90.559)
 * Acc@1 66.446 Acc@5 90.428
epoch 20, total time 52.05
Test: [0/94]	Time 0.136 (0.136)	Loss 1.1174 (1.1174)	Acc@1 68.750 (68.750)	Acc@5 90.625 (90.625)
 * Acc@1 62.833 Acc@5 86.967
==> training...
Epoch: [21][0/468]	Time 0.379 (0.379)	Data 0.313 (0.313)	Loss 1.3728 (1.3728)	Acc@1 62.500 (62.500)	Acc@5 85.938 (85.938)
Epoch: [21][100/468]	Time 0.112 (0.114)	Data 0.002 (0.005)	Loss 0.9608 (1.0579)	Acc@1 73.438 (68.998)	Acc@5 96.875 (92.048)
Epoch: [21][200/468]	Time 0.110 (0.113)	Data 0.002 (0.004)	Loss 1.3496 (1.1026)	Acc@1 62.500 (67.965)	Acc@5 89.062 (91.519)
Epoch: [21][300/468]	Time 0.110 (0.112)	Data 0.002 (0.003)	Loss 0.9447 (1.1164)	Acc@1 73.438 (67.561)	Acc@5 93.750 (91.217)
Epoch: [21][400/468]	Time 0.111 (0.111)	Data 0.002 (0.003)	Loss 1.4794 (1.1359)	Acc@1 51.562 (67.141)	Acc@5 89.062 (90.902)
 * Acc@1 66.924 Acc@5 90.715
epoch 21, total time 52.20
Test: [0/94]	Time 0.130 (0.130)	Loss 1.3011 (1.3011)	Acc@1 65.625 (65.625)	Acc@5 90.625 (90.625)
 * Acc@1 58.867 Acc@5 85.300
==> training...
Epoch: [22][0/468]	Time 0.362 (0.362)	Data 0.298 (0.298)	Loss 1.0787 (1.0787)	Acc@1 67.188 (67.188)	Acc@5 92.188 (92.188)
Epoch: [22][100/468]	Time 0.110 (0.114)	Data 0.002 (0.006)	Loss 1.0866 (1.0665)	Acc@1 68.750 (69.261)	Acc@5 90.625 (92.095)
Epoch: [22][200/468]	Time 0.110 (0.112)	Data 0.002 (0.004)	Loss 0.8516 (1.0901)	Acc@1 71.875 (68.610)	Acc@5 95.312 (91.713)
Epoch: [22][300/468]	Time 0.112 (0.111)	Data 0.002 (0.003)	Loss 1.3522 (1.0967)	Acc@1 64.062 (68.298)	Acc@5 90.625 (91.601)
Epoch: [22][400/468]	Time 0.111 (0.111)	Data 0.002 (0.003)	Loss 1.0006 (1.1165)	Acc@1 71.875 (67.795)	Acc@5 93.750 (91.319)
 * Acc@1 67.705 Acc@5 91.276
epoch 22, total time 52.01
Test: [0/94]	Time 0.139 (0.139)	Loss 1.3546 (1.3546)	Acc@1 65.625 (65.625)	Acc@5 84.375 (84.375)
 * Acc@1 60.933 Acc@5 86.333
==> training...
Epoch: [23][0/468]	Time 0.365 (0.365)	Data 0.300 (0.300)	Loss 1.1746 (1.1746)	Acc@1 64.062 (64.062)	Acc@5 85.938 (85.938)
Epoch: [23][100/468]	Time 0.110 (0.113)	Data 0.002 (0.005)	Loss 0.9555 (1.0118)	Acc@1 70.312 (70.792)	Acc@5 93.750 (93.100)
Epoch: [23][200/468]	Time 0.110 (0.111)	Data 0.002 (0.004)	Loss 1.1889 (1.0698)	Acc@1 60.938 (69.030)	Acc@5 93.750 (91.978)
Epoch: [23][300/468]	Time 0.110 (0.111)	Data 0.002 (0.003)	Loss 1.3296 (1.0807)	Acc@1 60.938 (68.750)	Acc@5 89.062 (91.876)
Epoch: [23][400/468]	Time 0.110 (0.111)	Data 0.002 (0.003)	Loss 1.2253 (1.0914)	Acc@1 62.500 (68.497)	Acc@5 89.062 (91.708)
 * Acc@1 68.353 Acc@5 91.690
epoch 23, total time 51.92
Test: [0/94]	Time 0.138 (0.138)	Loss 1.5162 (1.5162)	Acc@1 62.500 (62.500)	Acc@5 81.250 (81.250)
 * Acc@1 57.567 Acc@5 83.233
==> training...
Epoch: [24][0/468]	Time 0.375 (0.375)	Data 0.310 (0.310)	Loss 1.1165 (1.1165)	Acc@1 67.188 (67.188)	Acc@5 90.625 (90.625)
Epoch: [24][100/468]	Time 0.109 (0.113)	Data 0.002 (0.006)	Loss 0.9625 (1.0140)	Acc@1 71.875 (70.498)	Acc@5 93.750 (92.543)
Epoch: [24][200/468]	Time 0.111 (0.112)	Data 0.002 (0.004)	Loss 1.1948 (1.0315)	Acc@1 57.812 (70.072)	Acc@5 93.750 (92.506)
Epoch: [24][300/468]	Time 0.108 (0.111)	Data 0.002 (0.003)	Loss 1.0709 (1.0521)	Acc@1 67.188 (69.295)	Acc@5 93.750 (92.276)
Epoch: [24][400/468]	Time 0.109 (0.111)	Data 0.002 (0.003)	Loss 1.0893 (1.0666)	Acc@1 71.875 (68.995)	Acc@5 90.625 (91.891)
 * Acc@1 68.807 Acc@5 91.757
epoch 24, total time 51.89
Test: [0/94]	Time 0.136 (0.136)	Loss 1.3041 (1.3041)	Acc@1 62.500 (62.500)	Acc@5 87.500 (87.500)
 * Acc@1 59.333 Acc@5 85.667
==> training...
Epoch: [25][0/468]	Time 0.371 (0.371)	Data 0.307 (0.307)	Loss 1.0887 (1.0887)	Acc@1 71.875 (71.875)	Acc@5 93.750 (93.750)
Epoch: [25][100/468]	Time 0.111 (0.113)	Data 0.002 (0.005)	Loss 1.0842 (0.9896)	Acc@1 71.875 (70.545)	Acc@5 92.188 (93.147)
Epoch: [25][200/468]	Time 0.111 (0.112)	Data 0.002 (0.004)	Loss 1.0078 (1.0272)	Acc@1 73.438 (69.869)	Acc@5 85.938 (92.530)
Epoch: [25][300/468]	Time 0.111 (0.112)	Data 0.002 (0.003)	Loss 0.9041 (1.0338)	Acc@1 73.438 (69.819)	Acc@5 96.875 (92.442)
Epoch: [25][400/468]	Time 0.112 (0.111)	Data 0.002 (0.003)	Loss 1.1085 (1.0386)	Acc@1 73.438 (69.938)	Acc@5 90.625 (92.410)
 * Acc@1 69.888 Acc@5 92.378
epoch 25, total time 52.08
Test: [0/94]	Time 0.137 (0.137)	Loss 1.1089 (1.1089)	Acc@1 65.625 (65.625)	Acc@5 90.625 (90.625)
 * Acc@1 63.133 Acc@5 87.367
==> training...
Epoch: [26][0/468]	Time 0.454 (0.454)	Data 0.358 (0.358)	Loss 0.8698 (0.8698)	Acc@1 70.312 (70.312)	Acc@5 95.312 (95.312)
Epoch: [26][100/468]	Time 0.112 (0.114)	Data 0.002 (0.006)	Loss 1.3740 (1.0007)	Acc@1 60.938 (70.962)	Acc@5 85.938 (93.085)
Epoch: [26][200/468]	Time 0.110 (0.112)	Data 0.002 (0.004)	Loss 1.2509 (1.0296)	Acc@1 67.188 (70.110)	Acc@5 89.062 (92.553)
Epoch: [26][300/468]	Time 0.110 (0.111)	Data 0.002 (0.003)	Loss 1.1973 (1.0345)	Acc@1 67.188 (69.991)	Acc@5 89.062 (92.624)
Epoch: [26][400/468]	Time 0.111 (0.111)	Data 0.002 (0.003)	Loss 0.9420 (1.0489)	Acc@1 73.438 (69.631)	Acc@5 89.062 (92.363)
 * Acc@1 69.695 Acc@5 92.344
epoch 26, total time 52.16
Test: [0/94]	Time 0.137 (0.137)	Loss 0.9431 (0.9431)	Acc@1 75.000 (75.000)	Acc@5 93.750 (93.750)
 * Acc@1 61.733 Acc@5 87.200
==> training...
Epoch: [27][0/468]	Time 0.393 (0.393)	Data 0.329 (0.329)	Loss 0.8323 (0.8323)	Acc@1 70.312 (70.312)	Acc@5 95.312 (95.312)
Epoch: [27][100/468]	Time 0.111 (0.113)	Data 0.002 (0.005)	Loss 0.9461 (0.9059)	Acc@1 75.000 (73.391)	Acc@5 90.625 (93.843)
Epoch: [27][200/468]	Time 0.111 (0.112)	Data 0.002 (0.004)	Loss 1.1620 (0.9726)	Acc@1 68.750 (71.712)	Acc@5 93.750 (93.151)
Epoch: [27][300/468]	Time 0.110 (0.111)	Data 0.002 (0.003)	Loss 1.0259 (0.9892)	Acc@1 73.438 (71.304)	Acc@5 90.625 (93.070)
Epoch: [27][400/468]	Time 0.111 (0.111)	Data 0.002 (0.003)	Loss 1.3076 (1.0069)	Acc@1 60.938 (70.718)	Acc@5 90.625 (92.795)
 * Acc@1 70.706 Acc@5 92.825
epoch 27, total time 51.97
Test: [0/94]	Time 0.135 (0.135)	Loss 0.9932 (0.9932)	Acc@1 71.875 (71.875)	Acc@5 90.625 (90.625)
 * Acc@1 65.867 Acc@5 88.433
==> training...
Epoch: [28][0/468]	Time 0.357 (0.357)	Data 0.294 (0.294)	Loss 0.9753 (0.9753)	Acc@1 68.750 (68.750)	Acc@5 93.750 (93.750)
Epoch: [28][100/468]	Time 0.110 (0.113)	Data 0.002 (0.006)	Loss 0.9060 (0.9126)	Acc@1 71.875 (73.902)	Acc@5 95.312 (93.889)
Epoch: [28][200/468]	Time 0.109 (0.112)	Data 0.002 (0.004)	Loss 0.7311 (0.9461)	Acc@1 75.000 (72.769)	Acc@5 98.438 (93.501)
Epoch: [28][300/468]	Time 0.111 (0.111)	Data 0.002 (0.003)	Loss 1.2305 (0.9685)	Acc@1 68.750 (72.161)	Acc@5 87.500 (93.163)
Epoch: [28][400/468]	Time 0.111 (0.111)	Data 0.002 (0.003)	Loss 0.9516 (0.9886)	Acc@1 65.625 (71.657)	Acc@5 96.875 (92.881)
 * Acc@1 71.565 Acc@5 92.962
epoch 28, total time 51.91
Test: [0/94]	Time 0.136 (0.136)	Loss 1.1305 (1.1305)	Acc@1 75.000 (75.000)	Acc@5 87.500 (87.500)
 * Acc@1 62.467 Acc@5 87.233
==> training...
Epoch: [29][0/468]	Time 0.415 (0.415)	Data 0.351 (0.351)	Loss 0.7170 (0.7170)	Acc@1 81.250 (81.250)	Acc@5 95.312 (95.312)
Epoch: [29][100/468]	Time 0.110 (0.114)	Data 0.002 (0.006)	Loss 0.8682 (0.8940)	Acc@1 75.000 (73.886)	Acc@5 95.312 (94.539)
Epoch: [29][200/468]	Time 0.109 (0.113)	Data 0.002 (0.004)	Loss 0.8544 (0.9491)	Acc@1 73.438 (72.248)	Acc@5 93.750 (93.843)
Epoch: [29][300/468]	Time 0.110 (0.112)	Data 0.002 (0.003)	Loss 0.8909 (0.9559)	Acc@1 78.125 (72.067)	Acc@5 90.625 (93.651)
Epoch: [29][400/468]	Time 0.111 (0.112)	Data 0.002 (0.003)	Loss 1.0441 (0.9717)	Acc@1 70.312 (71.594)	Acc@5 92.188 (93.353)
 * Acc@1 71.488 Acc@5 93.179
epoch 29, total time 52.20
Test: [0/94]	Time 0.131 (0.131)	Loss 1.0263 (1.0263)	Acc@1 71.875 (71.875)	Acc@5 90.625 (90.625)
 * Acc@1 64.567 Acc@5 87.333
==> training...
Epoch: [30][0/468]	Time 0.372 (0.372)	Data 0.308 (0.308)	Loss 0.5282 (0.5282)	Acc@1 89.062 (89.062)	Acc@5 100.000 (100.000)
Epoch: [30][100/468]	Time 0.110 (0.114)	Data 0.002 (0.006)	Loss 0.8773 (0.8887)	Acc@1 75.000 (74.180)	Acc@5 93.750 (94.152)
Epoch: [30][200/468]	Time 0.110 (0.112)	Data 0.002 (0.004)	Loss 1.0768 (0.9270)	Acc@1 70.312 (72.808)	Acc@5 95.312 (93.789)
Epoch: [30][300/468]	Time 0.111 (0.112)	Data 0.002 (0.004)	Loss 0.9619 (0.9480)	Acc@1 70.312 (72.332)	Acc@5 95.312 (93.454)
Epoch: [30][400/468]	Time 0.111 (0.111)	Data 0.002 (0.003)	Loss 1.3304 (0.9627)	Acc@1 60.938 (71.933)	Acc@5 87.500 (93.208)
 * Acc@1 71.825 Acc@5 93.096
epoch 30, total time 52.07
Test: [0/94]	Time 0.131 (0.131)	Loss 1.1506 (1.1506)	Acc@1 62.500 (62.500)	Acc@5 93.750 (93.750)
 * Acc@1 64.200 Acc@5 87.333
==> training...
Epoch: [31][0/468]	Time 0.431 (0.431)	Data 0.370 (0.370)	Loss 0.6088 (0.6088)	Acc@1 82.812 (82.812)	Acc@5 96.875 (96.875)
Epoch: [31][100/468]	Time 0.110 (0.113)	Data 0.002 (0.006)	Loss 0.8428 (0.8550)	Acc@1 73.438 (75.217)	Acc@5 92.188 (94.910)
Epoch: [31][200/468]	Time 0.110 (0.112)	Data 0.002 (0.004)	Loss 1.2692 (0.9010)	Acc@1 56.250 (73.865)	Acc@5 93.750 (94.263)
Epoch: [31][300/468]	Time 0.111 (0.111)	Data 0.002 (0.003)	Loss 0.9629 (0.9236)	Acc@1 70.312 (73.225)	Acc@5 92.188 (93.812)
Epoch: [31][400/468]	Time 0.112 (0.111)	Data 0.002 (0.003)	Loss 1.1358 (0.9335)	Acc@1 65.625 (72.919)	Acc@5 89.062 (93.586)
 * Acc@1 72.456 Acc@5 93.299
epoch 31, total time 52.12
Test: [0/94]	Time 0.137 (0.137)	Loss 1.0408 (1.0408)	Acc@1 71.875 (71.875)	Acc@5 90.625 (90.625)
 * Acc@1 65.400 Acc@5 88.200
==> training...
Epoch: [32][0/468]	Time 0.426 (0.426)	Data 0.358 (0.358)	Loss 0.7540 (0.7540)	Acc@1 76.562 (76.562)	Acc@5 96.875 (96.875)
Epoch: [32][100/468]	Time 0.111 (0.115)	Data 0.002 (0.006)	Loss 0.9736 (0.8636)	Acc@1 71.875 (74.737)	Acc@5 92.188 (94.771)
Epoch: [32][200/468]	Time 0.110 (0.113)	Data 0.002 (0.004)	Loss 1.1116 (0.8847)	Acc@1 67.188 (73.857)	Acc@5 93.750 (94.582)
Epoch: [32][300/468]	Time 0.111 (0.112)	Data 0.002 (0.003)	Loss 0.8393 (0.9153)	Acc@1 73.438 (73.116)	Acc@5 98.438 (94.072)
Epoch: [32][400/468]	Time 0.111 (0.112)	Data 0.002 (0.003)	Loss 1.4398 (0.9351)	Acc@1 60.938 (72.760)	Acc@5 89.062 (93.789)
 * Acc@1 72.579 Acc@5 93.713
epoch 32, total time 52.30
Test: [0/94]	Time 0.135 (0.135)	Loss 0.9983 (0.9983)	Acc@1 81.250 (81.250)	Acc@5 87.500 (87.500)
 * Acc@1 65.433 Acc@5 87.067
==> training...
Epoch: [33][0/468]	Time 0.361 (0.361)	Data 0.296 (0.296)	Loss 0.9623 (0.9623)	Acc@1 75.000 (75.000)	Acc@5 90.625 (90.625)
Epoch: [33][100/468]	Time 0.110 (0.114)	Data 0.002 (0.006)	Loss 0.9199 (0.8741)	Acc@1 71.875 (74.613)	Acc@5 89.062 (94.245)
Epoch: [33][200/468]	Time 0.110 (0.113)	Data 0.002 (0.004)	Loss 0.8178 (0.8997)	Acc@1 78.125 (73.725)	Acc@5 95.312 (93.836)
Epoch: [33][300/468]	Time 0.111 (0.112)	Data 0.002 (0.004)	Loss 0.8628 (0.9158)	Acc@1 76.562 (73.271)	Acc@5 95.312 (93.817)
Epoch: [33][400/468]	Time 0.111 (0.112)	Data 0.002 (0.003)	Loss 0.9019 (0.9206)	Acc@1 76.562 (73.278)	Acc@5 90.625 (93.637)
 * Acc@1 72.877 Acc@5 93.620
epoch 33, total time 52.22
Test: [0/94]	Time 0.130 (0.130)	Loss 1.2793 (1.2793)	Acc@1 59.375 (59.375)	Acc@5 90.625 (90.625)
 * Acc@1 62.767 Acc@5 86.133
==> training...
Epoch: [34][0/468]	Time 0.356 (0.356)	Data 0.292 (0.292)	Loss 0.9657 (0.9657)	Acc@1 73.438 (73.438)	Acc@5 93.750 (93.750)
Epoch: [34][100/468]	Time 0.110 (0.113)	Data 0.002 (0.005)	Loss 0.8148 (0.8570)	Acc@1 79.688 (75.418)	Acc@5 93.750 (94.632)
Epoch: [34][200/468]	Time 0.111 (0.112)	Data 0.002 (0.004)	Loss 1.0156 (0.8843)	Acc@1 75.000 (74.425)	Acc@5 92.188 (94.139)
Epoch: [34][300/468]	Time 0.113 (0.111)	Data 0.002 (0.003)	Loss 1.0293 (0.9049)	Acc@1 65.625 (73.598)	Acc@5 93.750 (93.885)
Epoch: [34][400/468]	Time 0.110 (0.111)	Data 0.002 (0.003)	Loss 0.7738 (0.9211)	Acc@1 73.438 (73.161)	Acc@5 95.312 (93.777)
 * Acc@1 73.107 Acc@5 93.703
epoch 34, total time 52.10
Test: [0/94]	Time 0.135 (0.135)	Loss 0.9219 (0.9219)	Acc@1 68.750 (68.750)	Acc@5 93.750 (93.750)
 * Acc@1 65.167 Acc@5 88.033
==> training...
Epoch: [35][0/468]	Time 0.388 (0.388)	Data 0.321 (0.321)	Loss 0.6484 (0.6484)	Acc@1 84.375 (84.375)	Acc@5 96.875 (96.875)
Epoch: [35][100/468]	Time 0.111 (0.115)	Data 0.002 (0.006)	Loss 0.9379 (0.7715)	Acc@1 75.000 (77.274)	Acc@5 90.625 (95.111)
Epoch: [35][200/468]	Time 0.111 (0.113)	Data 0.002 (0.004)	Loss 1.0441 (0.8333)	Acc@1 68.750 (75.731)	Acc@5 92.188 (94.512)
Epoch: [35][300/468]	Time 0.111 (0.113)	Data 0.002 (0.004)	Loss 0.7605 (0.8751)	Acc@1 75.000 (74.621)	Acc@5 96.875 (94.061)
Epoch: [35][400/468]	Time 0.111 (0.112)	Data 0.002 (0.003)	Loss 0.8864 (0.8930)	Acc@1 73.438 (74.135)	Acc@5 96.875 (93.847)
 * Acc@1 73.715 Acc@5 93.740
epoch 35, total time 52.50
Test: [0/94]	Time 0.135 (0.135)	Loss 1.2805 (1.2805)	Acc@1 71.875 (71.875)	Acc@5 87.500 (87.500)
 * Acc@1 64.700 Acc@5 86.967
==> training...
Epoch: [36][0/468]	Time 0.358 (0.358)	Data 0.297 (0.297)	Loss 0.8915 (0.8915)	Acc@1 75.000 (75.000)	Acc@5 93.750 (93.750)
Epoch: [36][100/468]	Time 0.111 (0.114)	Data 0.002 (0.006)	Loss 0.9384 (0.8089)	Acc@1 68.750 (75.928)	Acc@5 95.312 (95.111)
Epoch: [36][200/468]	Time 0.111 (0.113)	Data 0.002 (0.004)	Loss 0.9879 (0.8563)	Acc@1 70.312 (74.502)	Acc@5 93.750 (94.434)
Epoch: [36][300/468]	Time 0.112 (0.113)	Data 0.002 (0.003)	Loss 0.7879 (0.8801)	Acc@1 76.562 (73.910)	Acc@5 98.438 (94.228)
Epoch: [36][400/468]	Time 0.110 (0.112)	Data 0.002 (0.003)	Loss 0.9115 (0.8956)	Acc@1 70.312 (73.621)	Acc@5 96.875 (94.167)
 * Acc@1 73.434 Acc@5 94.074
epoch 36, total time 52.49
Test: [0/94]	Time 0.135 (0.135)	Loss 1.3279 (1.3279)	Acc@1 62.500 (62.500)	Acc@5 84.375 (84.375)
 * Acc@1 62.833 Acc@5 86.567
==> training...
Epoch: [37][0/468]	Time 0.373 (0.373)	Data 0.310 (0.310)	Loss 0.6299 (0.6299)	Acc@1 82.812 (82.812)	Acc@5 96.875 (96.875)
Epoch: [37][100/468]	Time 0.110 (0.113)	Data 0.002 (0.005)	Loss 1.0418 (0.7808)	Acc@1 65.625 (77.321)	Acc@5 89.062 (95.529)
Epoch: [37][200/468]	Time 0.111 (0.112)	Data 0.002 (0.004)	Loss 0.7009 (0.8251)	Acc@1 79.688 (75.816)	Acc@5 96.875 (95.149)
Epoch: [37][300/468]	Time 0.111 (0.112)	Data 0.002 (0.003)	Loss 0.7501 (0.8610)	Acc@1 75.000 (74.631)	Acc@5 95.312 (94.736)
Epoch: [37][400/468]	Time 0.110 (0.112)	Data 0.002 (0.003)	Loss 0.8475 (0.8752)	Acc@1 75.000 (74.380)	Acc@5 96.875 (94.498)
 * Acc@1 74.018 Acc@5 94.331
epoch 37, total time 52.22
Test: [0/94]	Time 0.131 (0.131)	Loss 1.3209 (1.3209)	Acc@1 65.625 (65.625)	Acc@5 81.250 (81.250)
 * Acc@1 63.733 Acc@5 87.367
==> training...
Epoch: [38][0/468]	Time 0.357 (0.357)	Data 0.293 (0.293)	Loss 0.8306 (0.8306)	Acc@1 73.438 (73.438)	Acc@5 95.312 (95.312)
Epoch: [38][100/468]	Time 0.110 (0.114)	Data 0.002 (0.006)	Loss 0.8310 (0.8044)	Acc@1 71.875 (76.269)	Acc@5 96.875 (94.864)
Epoch: [38][200/468]	Time 0.114 (0.112)	Data 0.002 (0.004)	Loss 0.7100 (0.8497)	Acc@1 81.250 (75.109)	Acc@5 95.312 (94.683)
Epoch: [38][300/468]	Time 0.112 (0.112)	Data 0.002 (0.003)	Loss 0.7985 (0.8583)	Acc@1 79.688 (74.875)	Acc@5 93.750 (94.534)
Epoch: [38][400/468]	Time 0.110 (0.112)	Data 0.002 (0.003)	Loss 0.9681 (0.8752)	Acc@1 75.000 (74.306)	Acc@5 92.188 (94.327)
 * Acc@1 74.222 Acc@5 94.314
epoch 38, total time 52.35
Test: [0/94]	Time 0.144 (0.144)	Loss 1.1244 (1.1244)	Acc@1 78.125 (78.125)	Acc@5 87.500 (87.500)
 * Acc@1 66.000 Acc@5 88.267
==> training...
Epoch: [39][0/468]	Time 0.392 (0.392)	Data 0.330 (0.330)	Loss 0.8188 (0.8188)	Acc@1 73.438 (73.438)	Acc@5 95.312 (95.312)
Epoch: [39][100/468]	Time 0.112 (0.114)	Data 0.002 (0.005)	Loss 0.8900 (0.7846)	Acc@1 78.125 (76.856)	Acc@5 95.312 (95.282)
Epoch: [39][200/468]	Time 0.111 (0.112)	Data 0.002 (0.004)	Loss 0.8507 (0.8253)	Acc@1 76.562 (75.614)	Acc@5 98.438 (94.916)
Epoch: [39][300/468]	Time 0.111 (0.112)	Data 0.002 (0.003)	Loss 0.9006 (0.8563)	Acc@1 73.438 (74.922)	Acc@5 90.625 (94.508)
Epoch: [39][400/468]	Time 0.110 (0.111)	Data 0.002 (0.003)	Loss 0.8825 (0.8753)	Acc@1 68.750 (74.303)	Acc@5 95.312 (94.311)
 * Acc@1 74.306 Acc@5 94.254
epoch 39, total time 52.11
Test: [0/94]	Time 0.133 (0.133)	Loss 1.1600 (1.1600)	Acc@1 62.500 (62.500)	Acc@5 81.250 (81.250)
 * Acc@1 64.867 Acc@5 87.800
==> training...
Epoch: [40][0/468]	Time 0.365 (0.365)	Data 0.300 (0.300)	Loss 0.7763 (0.7763)	Acc@1 76.562 (76.562)	Acc@5 98.438 (98.438)
Epoch: [40][100/468]	Time 0.112 (0.115)	Data 0.002 (0.006)	Loss 0.8710 (0.7758)	Acc@1 71.875 (77.398)	Acc@5 96.875 (95.514)
Epoch: [40][200/468]	Time 0.112 (0.113)	Data 0.002 (0.004)	Loss 0.9555 (0.7999)	Acc@1 73.438 (76.345)	Acc@5 93.750 (95.367)
Epoch: [40][300/468]	Time 0.112 (0.113)	Data 0.002 (0.004)	Loss 1.0355 (0.8349)	Acc@1 78.125 (75.498)	Acc@5 95.312 (95.011)
Epoch: [40][400/468]	Time 0.110 (0.112)	Data 0.002 (0.003)	Loss 0.7993 (0.8531)	Acc@1 79.688 (75.012)	Acc@5 96.875 (94.662)
 * Acc@1 74.873 Acc@5 94.605
epoch 40, total time 52.47
Test: [0/94]	Time 0.134 (0.134)	Loss 1.2272 (1.2272)	Acc@1 65.625 (65.625)	Acc@5 90.625 (90.625)
 * Acc@1 60.633 Acc@5 84.500
==> training...
Epoch: [41][0/468]	Time 0.363 (0.363)	Data 0.299 (0.299)	Loss 0.6543 (0.6543)	Acc@1 79.688 (79.688)	Acc@5 96.875 (96.875)
Epoch: [41][100/468]	Time 0.110 (0.114)	Data 0.002 (0.006)	Loss 0.6324 (0.7829)	Acc@1 81.250 (77.104)	Acc@5 96.875 (95.390)
Epoch: [41][200/468]	Time 0.111 (0.113)	Data 0.002 (0.004)	Loss 1.0266 (0.8035)	Acc@1 70.312 (76.500)	Acc@5 89.062 (95.110)
Epoch: [41][300/468]	Time 0.111 (0.112)	Data 0.002 (0.004)	Loss 0.9691 (0.8250)	Acc@1 70.312 (75.587)	Acc@5 95.312 (95.120)
Epoch: [41][400/468]	Time 0.110 (0.112)	Data 0.002 (0.003)	Loss 0.8989 (0.8475)	Acc@1 70.312 (75.129)	Acc@5 96.875 (94.689)
 * Acc@1 74.977 Acc@5 94.601
epoch 41, total time 52.22
Test: [0/94]	Time 0.135 (0.135)	Loss 1.1771 (1.1771)	Acc@1 62.500 (62.500)	Acc@5 90.625 (90.625)
 * Acc@1 66.767 Acc@5 89.600
==> training...
Epoch: [42][0/468]	Time 0.374 (0.374)	Data 0.308 (0.308)	Loss 0.6439 (0.6439)	Acc@1 85.938 (85.938)	Acc@5 95.312 (95.312)
Epoch: [42][100/468]	Time 0.110 (0.114)	Data 0.002 (0.005)	Loss 0.8997 (0.7807)	Acc@1 71.875 (76.717)	Acc@5 93.750 (95.405)
Epoch: [42][200/468]	Time 0.111 (0.113)	Data 0.002 (0.004)	Loss 1.0861 (0.8070)	Acc@1 70.312 (76.290)	Acc@5 92.188 (95.204)
Epoch: [42][300/468]	Time 0.110 (0.112)	Data 0.002 (0.003)	Loss 0.6225 (0.8357)	Acc@1 82.812 (75.462)	Acc@5 98.438 (94.876)
Epoch: [42][400/468]	Time 0.110 (0.112)	Data 0.002 (0.003)	Loss 0.7347 (0.8464)	Acc@1 84.375 (75.203)	Acc@5 95.312 (94.732)
 * Acc@1 74.970 Acc@5 94.702
epoch 42, total time 52.18
Test: [0/94]	Time 0.135 (0.135)	Loss 1.1253 (1.1253)	Acc@1 59.375 (59.375)	Acc@5 93.750 (93.750)
 * Acc@1 67.000 Acc@5 89.233
==> training...
Epoch: [43][0/468]	Time 0.363 (0.363)	Data 0.301 (0.301)	Loss 0.8801 (0.8801)	Acc@1 73.438 (73.438)	Acc@5 92.188 (92.188)
Epoch: [43][100/468]	Time 0.111 (0.113)	Data 0.002 (0.005)	Loss 0.9015 (0.7624)	Acc@1 65.625 (77.228)	Acc@5 96.875 (95.405)
Epoch: [43][200/468]	Time 0.111 (0.112)	Data 0.002 (0.004)	Loss 0.8981 (0.7717)	Acc@1 68.750 (76.967)	Acc@5 93.750 (95.281)
Epoch: [43][300/468]	Time 0.111 (0.112)	Data 0.002 (0.003)	Loss 1.2263 (0.7989)	Acc@1 68.750 (76.163)	Acc@5 87.500 (95.094)
Epoch: [43][400/468]	Time 0.111 (0.112)	Data 0.002 (0.003)	Loss 0.5642 (0.8165)	Acc@1 87.500 (75.853)	Acc@5 95.312 (94.849)
 * Acc@1 75.357 Acc@5 94.655
epoch 43, total time 52.25
Test: [0/94]	Time 0.132 (0.132)	Loss 1.3816 (1.3816)	Acc@1 65.625 (65.625)	Acc@5 78.125 (78.125)
 * Acc@1 61.067 Acc@5 86.167
==> training...
Epoch: [44][0/468]	Time 0.381 (0.381)	Data 0.314 (0.314)	Loss 0.6788 (0.6788)	Acc@1 81.250 (81.250)	Acc@5 100.000 (100.000)
Epoch: [44][100/468]	Time 0.112 (0.115)	Data 0.002 (0.006)	Loss 0.5660 (0.7205)	Acc@1 82.812 (78.713)	Acc@5 96.875 (95.869)
Epoch: [44][200/468]	Time 0.111 (0.113)	Data 0.002 (0.004)	Loss 0.8913 (0.7640)	Acc@1 76.562 (77.876)	Acc@5 93.750 (95.414)
Epoch: [44][300/468]	Time 0.110 (0.112)	Data 0.002 (0.003)	Loss 0.7703 (0.8026)	Acc@1 76.562 (76.791)	Acc@5 98.438 (95.053)
Epoch: [44][400/468]	Time 0.110 (0.112)	Data 0.002 (0.003)	Loss 0.8688 (0.8236)	Acc@1 76.562 (76.126)	Acc@5 93.750 (94.861)
 * Acc@1 75.825 Acc@5 94.772
epoch 44, total time 52.25
Test: [0/94]	Time 0.139 (0.139)	Loss 0.9177 (0.9177)	Acc@1 68.750 (68.750)	Acc@5 93.750 (93.750)
 * Acc@1 65.200 Acc@5 87.833
==> training...
Epoch: [45][0/468]	Time 0.378 (0.378)	Data 0.311 (0.311)	Loss 0.5949 (0.5949)	Acc@1 79.688 (79.688)	Acc@5 96.875 (96.875)
Epoch: [45][100/468]	Time 0.109 (0.114)	Data 0.002 (0.006)	Loss 0.8301 (0.7640)	Acc@1 78.125 (78.063)	Acc@5 90.625 (95.483)
Epoch: [45][200/468]	Time 0.111 (0.112)	Data 0.002 (0.004)	Loss 0.7283 (0.7891)	Acc@1 71.875 (76.920)	Acc@5 98.438 (95.351)
Epoch: [45][300/468]	Time 0.112 (0.112)	Data 0.002 (0.003)	Loss 0.8992 (0.8124)	Acc@1 76.562 (76.220)	Acc@5 92.188 (95.027)
Epoch: [45][400/468]	Time 0.112 (0.112)	Data 0.002 (0.003)	Loss 1.2922 (0.8328)	Acc@1 60.938 (75.655)	Acc@5 90.625 (94.911)
 * Acc@1 75.477 Acc@5 94.738
epoch 45, total time 52.51
Test: [0/94]	Time 0.132 (0.132)	Loss 0.7495 (0.7495)	Acc@1 78.125 (78.125)	Acc@5 96.875 (96.875)
 * Acc@1 66.800 Acc@5 88.800
==> training...
Epoch: [46][0/468]	Time 0.361 (0.361)	Data 0.293 (0.293)	Loss 0.7612 (0.7612)	Acc@1 76.562 (76.562)	Acc@5 93.750 (93.750)
Epoch: [46][100/468]	Time 0.111 (0.114)	Data 0.002 (0.005)	Loss 0.8438 (0.7618)	Acc@1 70.312 (77.321)	Acc@5 96.875 (95.715)
Epoch: [46][200/468]	Time 0.111 (0.113)	Data 0.002 (0.004)	Loss 0.9997 (0.7753)	Acc@1 71.875 (77.068)	Acc@5 89.062 (95.515)
Epoch: [46][300/468]	Time 0.111 (0.112)	Data 0.002 (0.003)	Loss 1.1474 (0.7991)	Acc@1 73.438 (76.453)	Acc@5 92.188 (95.224)
Epoch: [46][400/468]	Time 0.111 (0.112)	Data 0.002 (0.003)	Loss 0.8336 (0.8139)	Acc@1 78.125 (76.033)	Acc@5 96.875 (94.997)
 * Acc@1 75.825 Acc@5 94.915
epoch 46, total time 52.35
Test: [0/94]	Time 0.134 (0.134)	Loss 1.0710 (1.0710)	Acc@1 71.875 (71.875)	Acc@5 87.500 (87.500)
 * Acc@1 65.300 Acc@5 87.567
==> training...
Epoch: [47][0/468]	Time 0.428 (0.428)	Data 0.363 (0.363)	Loss 0.8442 (0.8442)	Acc@1 78.125 (78.125)	Acc@5 95.312 (95.312)
Epoch: [47][100/468]	Time 0.111 (0.115)	Data 0.002 (0.006)	Loss 1.0752 (0.7538)	Acc@1 73.438 (78.187)	Acc@5 92.188 (95.947)
Epoch: [47][200/468]	Time 0.111 (0.113)	Data 0.002 (0.004)	Loss 1.1834 (0.7856)	Acc@1 64.062 (76.905)	Acc@5 92.188 (95.515)
Epoch: [47][300/468]	Time 0.111 (0.113)	Data 0.002 (0.003)	Loss 0.7625 (0.7973)	Acc@1 73.438 (76.479)	Acc@5 96.875 (95.266)
Epoch: [47][400/468]	Time 0.111 (0.113)	Data 0.002 (0.003)	Loss 0.9427 (0.8102)	Acc@1 73.438 (76.161)	Acc@5 92.188 (95.133)
 * Acc@1 75.721 Acc@5 94.939
epoch 47, total time 52.67
Test: [0/94]	Time 0.137 (0.137)	Loss 1.1139 (1.1139)	Acc@1 65.625 (65.625)	Acc@5 96.875 (96.875)
 * Acc@1 66.100 Acc@5 88.167
==> training...
Epoch: [48][0/468]	Time 0.359 (0.359)	Data 0.297 (0.297)	Loss 0.8654 (0.8654)	Acc@1 78.125 (78.125)	Acc@5 90.625 (90.625)
Epoch: [48][100/468]	Time 0.110 (0.114)	Data 0.002 (0.006)	Loss 0.5850 (0.7627)	Acc@1 81.250 (77.537)	Acc@5 98.438 (95.761)
Epoch: [48][200/468]	Time 0.110 (0.112)	Data 0.002 (0.004)	Loss 0.7731 (0.7657)	Acc@1 71.875 (77.425)	Acc@5 95.312 (95.569)
Epoch: [48][300/468]	Time 0.110 (0.112)	Data 0.002 (0.003)	Loss 0.8492 (0.7966)	Acc@1 75.000 (76.474)	Acc@5 92.188 (95.162)
Epoch: [48][400/468]	Time 0.111 (0.112)	Data 0.002 (0.003)	Loss 0.9198 (0.8159)	Acc@1 70.312 (75.947)	Acc@5 93.750 (95.051)
 * Acc@1 75.571 Acc@5 94.865
epoch 48, total time 52.23
Test: [0/94]	Time 0.132 (0.132)	Loss 1.0938 (1.0938)	Acc@1 78.125 (78.125)	Acc@5 90.625 (90.625)
 * Acc@1 68.833 Acc@5 89.233
==> training...
Epoch: [49][0/468]	Time 0.373 (0.373)	Data 0.310 (0.310)	Loss 0.4409 (0.4409)	Acc@1 85.938 (85.938)	Acc@5 100.000 (100.000)
Epoch: [49][100/468]	Time 0.111 (0.114)	Data 0.002 (0.005)	Loss 0.7859 (0.7422)	Acc@1 75.000 (78.202)	Acc@5 95.312 (96.132)
Epoch: [49][200/468]	Time 0.111 (0.112)	Data 0.002 (0.004)	Loss 0.7721 (0.7549)	Acc@1 79.688 (77.604)	Acc@5 92.188 (95.997)
Epoch: [49][300/468]	Time 0.112 (0.112)	Data 0.002 (0.003)	Loss 1.0275 (0.7823)	Acc@1 67.188 (76.999)	Acc@5 95.312 (95.588)
Epoch: [49][400/468]	Time 0.111 (0.112)	Data 0.002 (0.003)	Loss 0.9397 (0.8076)	Acc@1 71.875 (76.270)	Acc@5 93.750 (95.196)
 * Acc@1 76.005 Acc@5 95.045
epoch 49, total time 52.35
Test: [0/94]	Time 0.131 (0.131)	Loss 0.7072 (0.7072)	Acc@1 68.750 (68.750)	Acc@5 96.875 (96.875)
 * Acc@1 65.033 Acc@5 89.133
==> training...
Epoch: [50][0/468]	Time 0.369 (0.369)	Data 0.304 (0.304)	Loss 0.6499 (0.6499)	Acc@1 84.375 (84.375)	Acc@5 93.750 (93.750)
Epoch: [50][100/468]	Time 0.112 (0.115)	Data 0.002 (0.005)	Loss 0.6109 (0.7260)	Acc@1 82.812 (78.806)	Acc@5 96.875 (95.653)
Epoch: [50][200/468]	Time 0.112 (0.114)	Data 0.002 (0.004)	Loss 0.7266 (0.7381)	Acc@1 76.562 (78.172)	Acc@5 96.875 (95.616)
Epoch: [50][300/468]	Time 0.111 (0.113)	Data 0.002 (0.003)	Loss 0.9513 (0.7699)	Acc@1 76.562 (77.414)	Acc@5 93.750 (95.318)
Epoch: [50][400/468]	Time 0.110 (0.112)	Data 0.002 (0.003)	Loss 1.1138 (0.7923)	Acc@1 70.312 (76.808)	Acc@5 92.188 (95.110)
 * Acc@1 76.349 Acc@5 94.975
epoch 50, total time 52.49
Test: [0/94]	Time 0.143 (0.143)	Loss 1.4775 (1.4775)	Acc@1 62.500 (62.500)	Acc@5 87.500 (87.500)
 * Acc@1 63.167 Acc@5 88.200
==> training...
Epoch: [51][0/468]	Time 0.356 (0.356)	Data 0.293 (0.293)	Loss 0.9399 (0.9399)	Acc@1 76.562 (76.562)	Acc@5 95.312 (95.312)
Epoch: [51][100/468]	Time 0.111 (0.114)	Data 0.002 (0.005)	Loss 0.8971 (0.7105)	Acc@1 75.000 (78.976)	Acc@5 95.312 (96.411)
Epoch: [51][200/468]	Time 0.110 (0.112)	Data 0.002 (0.004)	Loss 0.8639 (0.7481)	Acc@1 73.438 (77.713)	Acc@5 95.312 (95.794)
Epoch: [51][300/468]	Time 0.111 (0.112)	Data 0.002 (0.003)	Loss 1.2466 (0.7774)	Acc@1 65.625 (76.879)	Acc@5 87.500 (95.556)
Epoch: [51][400/468]	Time 0.110 (0.112)	Data 0.002 (0.003)	Loss 0.8698 (0.7962)	Acc@1 73.438 (76.422)	Acc@5 95.312 (95.293)
 * Acc@1 76.195 Acc@5 95.122
epoch 51, total time 52.21
Test: [0/94]	Time 0.132 (0.132)	Loss 1.3558 (1.3558)	Acc@1 65.625 (65.625)	Acc@5 87.500 (87.500)
 * Acc@1 63.600 Acc@5 87.100
==> training...
Epoch: [52][0/468]	Time 0.433 (0.433)	Data 0.368 (0.368)	Loss 0.4565 (0.4565)	Acc@1 87.500 (87.500)	Acc@5 96.875 (96.875)
Epoch: [52][100/468]	Time 0.111 (0.115)	Data 0.002 (0.006)	Loss 1.1161 (0.7127)	Acc@1 70.312 (78.543)	Acc@5 92.188 (96.117)
Epoch: [52][200/468]	Time 0.111 (0.113)	Data 0.002 (0.004)	Loss 0.8325 (0.7582)	Acc@1 81.250 (77.122)	Acc@5 93.750 (95.802)
Epoch: [52][300/468]	Time 0.110 (0.113)	Data 0.002 (0.003)	Loss 1.0116 (0.7624)	Acc@1 65.625 (77.134)	Acc@5 92.188 (95.717)
Epoch: [52][400/468]	Time 0.110 (0.112)	Data 0.002 (0.003)	Loss 0.8322 (0.7801)	Acc@1 78.125 (76.800)	Acc@5 93.750 (95.531)
 * Acc@1 76.406 Acc@5 95.346
epoch 52, total time 52.45
Test: [0/94]	Time 0.140 (0.140)	Loss 1.4103 (1.4103)	Acc@1 59.375 (59.375)	Acc@5 84.375 (84.375)
 * Acc@1 64.300 Acc@5 87.267
==> training...
Epoch: [53][0/468]	Time 0.370 (0.370)	Data 0.304 (0.304)	Loss 0.5387 (0.5387)	Acc@1 82.812 (82.812)	Acc@5 98.438 (98.438)
Epoch: [53][100/468]	Time 0.111 (0.114)	Data 0.002 (0.005)	Loss 0.7316 (0.6667)	Acc@1 75.000 (80.136)	Acc@5 98.438 (96.658)
Epoch: [53][200/468]	Time 0.111 (0.112)	Data 0.002 (0.004)	Loss 0.7915 (0.7246)	Acc@1 75.000 (78.545)	Acc@5 95.312 (96.098)
Epoch: [53][300/468]	Time 0.111 (0.112)	Data 0.002 (0.003)	Loss 0.8536 (0.7544)	Acc@1 75.000 (77.907)	Acc@5 95.312 (95.774)
Epoch: [53][400/468]	Time 0.110 (0.111)	Data 0.002 (0.003)	Loss 0.6313 (0.7723)	Acc@1 81.250 (77.466)	Acc@5 98.438 (95.597)
 * Acc@1 77.047 Acc@5 95.426
epoch 53, total time 52.14
Test: [0/94]	Time 0.133 (0.133)	Loss 1.0645 (1.0645)	Acc@1 65.625 (65.625)	Acc@5 93.750 (93.750)
 * Acc@1 62.567 Acc@5 88.067
==> training...
Epoch: [54][0/468]	Time 0.359 (0.359)	Data 0.296 (0.296)	Loss 0.9601 (0.9601)	Acc@1 71.875 (71.875)	Acc@5 93.750 (93.750)
Epoch: [54][100/468]	Time 0.110 (0.113)	Data 0.002 (0.006)	Loss 0.6699 (0.7118)	Acc@1 85.938 (78.790)	Acc@5 95.312 (96.488)
Epoch: [54][200/468]	Time 0.110 (0.112)	Data 0.002 (0.004)	Loss 0.8289 (0.7514)	Acc@1 71.875 (77.900)	Acc@5 96.875 (95.942)
Epoch: [54][300/468]	Time 0.111 (0.112)	Data 0.002 (0.003)	Loss 0.7347 (0.7770)	Acc@1 81.250 (77.201)	Acc@5 96.875 (95.531)
Epoch: [54][400/468]	Time 0.112 (0.112)	Data 0.001 (0.003)	Loss 0.9906 (0.7878)	Acc@1 71.875 (76.738)	Acc@5 93.750 (95.410)
 * Acc@1 76.426 Acc@5 95.229
epoch 54, total time 52.23
Test: [0/94]	Time 0.130 (0.130)	Loss 1.1442 (1.1442)	Acc@1 75.000 (75.000)	Acc@5 87.500 (87.500)
 * Acc@1 61.533 Acc@5 85.667
==> training...
Epoch: [55][0/468]	Time 0.397 (0.397)	Data 0.334 (0.334)	Loss 0.7808 (0.7808)	Acc@1 76.562 (76.562)	Acc@5 96.875 (96.875)
Epoch: [55][100/468]	Time 0.110 (0.115)	Data 0.002 (0.007)	Loss 1.1311 (0.7015)	Acc@1 68.750 (79.053)	Acc@5 87.500 (96.334)
Epoch: [55][200/468]	Time 0.110 (0.113)	Data 0.002 (0.004)	Loss 0.5545 (0.7362)	Acc@1 84.375 (78.071)	Acc@5 96.875 (96.004)
Epoch: [55][300/468]	Time 0.110 (0.112)	Data 0.002 (0.004)	Loss 0.5993 (0.7523)	Acc@1 84.375 (77.606)	Acc@5 98.438 (95.712)
Epoch: [55][400/468]	Time 0.111 (0.112)	Data 0.002 (0.003)	Loss 0.4852 (0.7737)	Acc@1 90.625 (77.186)	Acc@5 100.000 (95.390)
 * Acc@1 76.990 Acc@5 95.306
epoch 55, total time 52.38
Test: [0/94]	Time 0.133 (0.133)	Loss 1.1016 (1.1016)	Acc@1 68.750 (68.750)	Acc@5 90.625 (90.625)
 * Acc@1 63.267 Acc@5 87.500
==> training...
Epoch: [56][0/468]	Time 0.378 (0.378)	Data 0.312 (0.312)	Loss 0.9649 (0.9649)	Acc@1 71.875 (71.875)	Acc@5 93.750 (93.750)
Epoch: [56][100/468]	Time 0.110 (0.114)	Data 0.002 (0.005)	Loss 0.3538 (0.7164)	Acc@1 90.625 (78.960)	Acc@5 100.000 (96.024)
Epoch: [56][200/468]	Time 0.111 (0.112)	Data 0.002 (0.004)	Loss 1.2850 (0.7339)	Acc@1 60.938 (78.405)	Acc@5 92.188 (95.965)
Epoch: [56][300/468]	Time 0.112 (0.112)	Data 0.002 (0.003)	Loss 0.6948 (0.7637)	Acc@1 81.250 (77.559)	Acc@5 92.188 (95.650)
Epoch: [56][400/468]	Time 0.112 (0.112)	Data 0.002 (0.003)	Loss 0.6895 (0.7782)	Acc@1 79.688 (77.042)	Acc@5 96.875 (95.507)
 * Acc@1 76.956 Acc@5 95.516
epoch 56, total time 52.28
Test: [0/94]	Time 0.131 (0.131)	Loss 1.2172 (1.2172)	Acc@1 65.625 (65.625)	Acc@5 90.625 (90.625)
 * Acc@1 64.400 Acc@5 87.467
==> training...
Epoch: [57][0/468]	Time 0.358 (0.358)	Data 0.295 (0.295)	Loss 0.6543 (0.6543)	Acc@1 81.250 (81.250)	Acc@5 96.875 (96.875)
Epoch: [57][100/468]	Time 0.111 (0.114)	Data 0.002 (0.005)	Loss 0.5882 (0.7166)	Acc@1 81.250 (78.790)	Acc@5 98.438 (96.132)
Epoch: [57][200/468]	Time 0.111 (0.112)	Data 0.002 (0.004)	Loss 0.5929 (0.7422)	Acc@1 82.812 (77.550)	Acc@5 98.438 (95.965)
Epoch: [57][300/468]	Time 0.110 (0.112)	Data 0.002 (0.003)	Loss 1.0673 (0.7503)	Acc@1 67.188 (77.668)	Acc@5 92.188 (95.889)
Epoch: [57][400/468]	Time 0.112 (0.112)	Data 0.002 (0.003)	Loss 0.5326 (0.7691)	Acc@1 84.375 (77.233)	Acc@5 98.438 (95.772)
 * Acc@1 76.836 Acc@5 95.676
epoch 57, total time 52.37
Test: [0/94]	Time 0.135 (0.135)	Loss 1.4900 (1.4900)	Acc@1 65.625 (65.625)	Acc@5 87.500 (87.500)
 * Acc@1 64.600 Acc@5 87.533
==> training...
Epoch: [58][0/468]	Time 0.383 (0.383)	Data 0.314 (0.314)	Loss 0.7474 (0.7474)	Acc@1 81.250 (81.250)	Acc@5 95.312 (95.312)
Epoch: [58][100/468]	Time 0.110 (0.115)	Data 0.001 (0.005)	Loss 0.5187 (0.7003)	Acc@1 85.938 (79.486)	Acc@5 98.438 (96.179)
Epoch: [58][200/468]	Time 0.110 (0.113)	Data 0.002 (0.004)	Loss 0.8685 (0.7280)	Acc@1 76.562 (78.382)	Acc@5 90.625 (95.810)
Epoch: [58][300/468]	Time 0.111 (0.112)	Data 0.002 (0.003)	Loss 1.0679 (0.7424)	Acc@1 64.062 (77.949)	Acc@5 90.625 (95.634)
Epoch: [58][400/468]	Time 0.111 (0.112)	Data 0.002 (0.003)	Loss 1.3315 (0.7611)	Acc@1 64.062 (77.435)	Acc@5 92.188 (95.527)
 * Acc@1 77.260 Acc@5 95.413
epoch 58, total time 52.37
Test: [0/94]	Time 0.133 (0.133)	Loss 1.2652 (1.2652)	Acc@1 75.000 (75.000)	Acc@5 93.750 (93.750)
 * Acc@1 64.567 Acc@5 86.933
==> training...
Epoch: [59][0/468]	Time 0.379 (0.379)	Data 0.311 (0.311)	Loss 0.5277 (0.5277)	Acc@1 84.375 (84.375)	Acc@5 98.438 (98.438)
Epoch: [59][100/468]	Time 0.113 (0.115)	Data 0.002 (0.005)	Loss 0.7078 (0.6816)	Acc@1 79.688 (79.827)	Acc@5 96.875 (96.519)
Epoch: [59][200/468]	Time 0.112 (0.114)	Data 0.002 (0.004)	Loss 0.9179 (0.7031)	Acc@1 76.562 (79.384)	Acc@5 90.625 (96.152)
Epoch: [59][300/468]	Time 0.111 (0.113)	Data 0.002 (0.003)	Loss 0.8398 (0.7287)	Acc@1 70.312 (78.758)	Acc@5 96.875 (95.847)
Epoch: [59][400/468]	Time 0.112 (0.113)	Data 0.002 (0.003)	Loss 0.7777 (0.7467)	Acc@1 82.812 (78.117)	Acc@5 98.438 (95.706)
 * Acc@1 77.788 Acc@5 95.613
epoch 59, total time 52.72
Test: [0/94]	Time 0.133 (0.133)	Loss 1.1101 (1.1101)	Acc@1 71.875 (71.875)	Acc@5 87.500 (87.500)
 * Acc@1 64.000 Acc@5 87.467
==> training...
Epoch: [60][0/468]	Time 0.376 (0.376)	Data 0.312 (0.312)	Loss 0.6077 (0.6077)	Acc@1 82.812 (82.812)	Acc@5 95.312 (95.312)
Epoch: [60][100/468]	Time 0.112 (0.114)	Data 0.002 (0.005)	Loss 0.7902 (0.7237)	Acc@1 79.688 (78.744)	Acc@5 98.438 (96.225)
Epoch: [60][200/468]	Time 0.112 (0.113)	Data 0.002 (0.004)	Loss 0.7068 (0.7352)	Acc@1 81.250 (78.234)	Acc@5 95.312 (96.137)
Epoch: [60][300/468]	Time 0.112 (0.113)	Data 0.002 (0.003)	Loss 0.8163 (0.7528)	Acc@1 78.125 (77.798)	Acc@5 90.625 (95.858)
Epoch: [60][400/468]	Time 0.111 (0.112)	Data 0.002 (0.003)	Loss 1.1525 (0.7677)	Acc@1 70.312 (77.385)	Acc@5 85.938 (95.733)
 * Acc@1 76.896 Acc@5 95.496
epoch 60, total time 52.61
Test: [0/94]	Time 0.131 (0.131)	Loss 1.3830 (1.3830)	Acc@1 65.625 (65.625)	Acc@5 81.250 (81.250)
 * Acc@1 64.467 Acc@5 86.500
==> training...
Epoch: [61][0/468]	Time 0.447 (0.447)	Data 0.375 (0.375)	Loss 0.5381 (0.5381)	Acc@1 82.812 (82.812)	Acc@5 98.438 (98.438)
Epoch: [61][100/468]	Time 0.111 (0.116)	Data 0.002 (0.006)	Loss 0.4878 (0.5233)	Acc@1 85.938 (84.638)	Acc@5 100.000 (97.757)
Epoch: [61][200/468]	Time 0.111 (0.114)	Data 0.002 (0.004)	Loss 0.4392 (0.4720)	Acc@1 84.375 (86.435)	Acc@5 100.000 (98.049)
Epoch: [61][300/468]	Time 0.111 (0.113)	Data 0.002 (0.004)	Loss 0.3871 (0.4411)	Acc@1 87.500 (87.381)	Acc@5 98.438 (98.266)
Epoch: [61][400/468]	Time 0.111 (0.112)	Data 0.002 (0.003)	Loss 0.2301 (0.4237)	Acc@1 92.188 (87.975)	Acc@5 100.000 (98.344)
 * Acc@1 88.321 Acc@5 98.427
epoch 61, total time 52.51
Test: [0/94]	Time 0.134 (0.134)	Loss 0.7901 (0.7901)	Acc@1 75.000 (75.000)	Acc@5 90.625 (90.625)
 * Acc@1 79.000 Acc@5 93.133
==> training...
Epoch: [62][0/468]	Time 0.417 (0.417)	Data 0.355 (0.355)	Loss 0.3824 (0.3824)	Acc@1 92.188 (92.188)	Acc@5 98.438 (98.438)
Epoch: [62][100/468]	Time 0.111 (0.114)	Data 0.002 (0.006)	Loss 0.2519 (0.2896)	Acc@1 93.750 (92.218)	Acc@5 98.438 (99.118)
Epoch: [62][200/468]	Time 0.108 (0.113)	Data 0.002 (0.004)	Loss 0.2444 (0.2865)	Acc@1 90.625 (92.219)	Acc@5 100.000 (99.075)
Epoch: [62][300/468]	Time 0.112 (0.112)	Data 0.002 (0.003)	Loss 0.1125 (0.2829)	Acc@1 100.000 (92.385)	Acc@5 100.000 (99.138)
Epoch: [62][400/468]	Time 0.112 (0.112)	Data 0.002 (0.003)	Loss 0.3255 (0.2778)	Acc@1 90.625 (92.526)	Acc@5 98.438 (99.178)
 * Acc@1 92.581 Acc@5 99.179
epoch 62, total time 52.54
Test: [0/94]	Time 0.131 (0.131)	Loss 0.7189 (0.7189)	Acc@1 75.000 (75.000)	Acc@5 90.625 (90.625)
 * Acc@1 79.233 Acc@5 93.933
==> training...
Epoch: [63][0/468]	Time 0.359 (0.359)	Data 0.295 (0.295)	Loss 0.2879 (0.2879)	Acc@1 92.188 (92.188)	Acc@5 98.438 (98.438)
Epoch: [63][100/468]	Time 0.112 (0.114)	Data 0.002 (0.005)	Loss 0.2507 (0.2259)	Acc@1 90.625 (94.090)	Acc@5 100.000 (99.474)
Epoch: [63][200/468]	Time 0.112 (0.113)	Data 0.002 (0.004)	Loss 0.2893 (0.2247)	Acc@1 92.188 (94.162)	Acc@5 96.875 (99.433)
Epoch: [63][300/468]	Time 0.111 (0.113)	Data 0.002 (0.003)	Loss 0.2290 (0.2284)	Acc@1 96.875 (93.973)	Acc@5 98.438 (99.424)
Epoch: [63][400/468]	Time 0.112 (0.112)	Data 0.002 (0.003)	Loss 0.1577 (0.2304)	Acc@1 96.875 (93.844)	Acc@5 100.000 (99.396)
 * Acc@1 93.827 Acc@5 99.412
epoch 63, total time 52.65
Test: [0/94]	Time 0.134 (0.134)	Loss 0.6692 (0.6692)	Acc@1 81.250 (81.250)	Acc@5 93.750 (93.750)
 * Acc@1 79.667 Acc@5 93.733
==> training...
Epoch: [64][0/468]	Time 0.360 (0.360)	Data 0.297 (0.297)	Loss 0.1623 (0.1623)	Acc@1 100.000 (100.000)	Acc@5 100.000 (100.000)
Epoch: [64][100/468]	Time 0.110 (0.114)	Data 0.002 (0.006)	Loss 0.2268 (0.1932)	Acc@1 93.750 (95.282)	Acc@5 100.000 (99.675)
Epoch: [64][200/468]	Time 0.109 (0.112)	Data 0.002 (0.004)	Loss 0.0843 (0.1967)	Acc@1 98.438 (95.079)	Acc@5 100.000 (99.611)
Epoch: [64][300/468]	Time 0.111 (0.112)	Data 0.002 (0.003)	Loss 0.2409 (0.1974)	Acc@1 93.750 (94.934)	Acc@5 98.438 (99.626)
Epoch: [64][400/468]	Time 0.112 (0.112)	Data 0.002 (0.003)	Loss 0.1645 (0.1968)	Acc@1 93.750 (94.935)	Acc@5 100.000 (99.603)
 * Acc@1 94.985 Acc@5 99.616
epoch 64, total time 52.20
Test: [0/94]	Time 0.132 (0.132)	Loss 0.7055 (0.7055)	Acc@1 78.125 (78.125)	Acc@5 93.750 (93.750)
 * Acc@1 80.300 Acc@5 94.067
==> training...
Epoch: [65][0/468]	Time 0.373 (0.373)	Data 0.306 (0.306)	Loss 0.1022 (0.1022)	Acc@1 98.438 (98.438)	Acc@5 100.000 (100.000)
Epoch: [65][100/468]	Time 0.112 (0.115)	Data 0.002 (0.005)	Loss 0.1074 (0.1631)	Acc@1 96.875 (95.947)	Acc@5 100.000 (99.660)
Epoch: [65][200/468]	Time 0.111 (0.113)	Data 0.002 (0.004)	Loss 0.2170 (0.1693)	Acc@1 93.750 (95.553)	Acc@5 100.000 (99.681)
Epoch: [65][300/468]	Time 0.111 (0.112)	Data 0.002 (0.003)	Loss 0.2437 (0.1691)	Acc@1 96.875 (95.655)	Acc@5 100.000 (99.720)
Epoch: [65][400/468]	Time 0.111 (0.112)	Data 0.002 (0.003)	Loss 0.1516 (0.1719)	Acc@1 93.750 (95.593)	Acc@5 100.000 (99.708)
 * Acc@1 95.563 Acc@5 99.706
epoch 65, total time 52.50
Test: [0/94]	Time 0.133 (0.133)	Loss 0.6769 (0.6769)	Acc@1 78.125 (78.125)	Acc@5 93.750 (93.750)
 * Acc@1 79.833 Acc@5 93.967
==> training...
Epoch: [66][0/468]	Time 0.420 (0.420)	Data 0.358 (0.358)	Loss 0.1582 (0.1582)	Acc@1 93.750 (93.750)	Acc@5 100.000 (100.000)
Epoch: [66][100/468]	Time 0.111 (0.115)	Data 0.002 (0.006)	Loss 0.2023 (0.1582)	Acc@1 95.312 (96.148)	Acc@5 100.000 (99.752)
Epoch: [66][200/468]	Time 0.112 (0.113)	Data 0.002 (0.004)	Loss 0.2207 (0.1578)	Acc@1 92.188 (96.105)	Acc@5 100.000 (99.767)
Epoch: [66][300/468]	Time 0.113 (0.113)	Data 0.002 (0.003)	Loss 0.1576 (0.1564)	Acc@1 96.875 (96.190)	Acc@5 100.000 (99.782)
Epoch: [66][400/468]	Time 0.112 (0.112)	Data 0.002 (0.003)	Loss 0.0968 (0.1563)	Acc@1 95.312 (96.139)	Acc@5 100.000 (99.774)
 * Acc@1 96.201 Acc@5 99.786
epoch 66, total time 52.62
Test: [0/94]	Time 0.137 (0.137)	Loss 0.6460 (0.6460)	Acc@1 84.375 (84.375)	Acc@5 93.750 (93.750)
 * Acc@1 80.000 Acc@5 93.967
==> training...
Epoch: [67][0/468]	Time 0.358 (0.358)	Data 0.296 (0.296)	Loss 0.1903 (0.1903)	Acc@1 96.875 (96.875)	Acc@5 100.000 (100.000)
Epoch: [67][100/468]	Time 0.110 (0.114)	Data 0.002 (0.005)	Loss 0.1300 (0.1291)	Acc@1 93.750 (97.107)	Acc@5 100.000 (99.861)
Epoch: [67][200/468]	Time 0.111 (0.113)	Data 0.002 (0.004)	Loss 0.1525 (0.1305)	Acc@1 96.875 (96.937)	Acc@5 100.000 (99.845)
Epoch: [67][300/468]	Time 0.112 (0.113)	Data 0.002 (0.003)	Loss 0.1705 (0.1344)	Acc@1 98.438 (96.844)	Acc@5 100.000 (99.808)
Epoch: [67][400/468]	Time 0.112 (0.112)	Data 0.002 (0.003)	Loss 0.1124 (0.1356)	Acc@1 95.312 (96.770)	Acc@5 100.000 (99.790)
 * Acc@1 96.765 Acc@5 99.780
epoch 67, total time 52.65
Test: [0/94]	Time 0.132 (0.132)	Loss 0.6962 (0.6962)	Acc@1 81.250 (81.250)	Acc@5 93.750 (93.750)
 * Acc@1 80.000 Acc@5 93.833
==> training...
Epoch: [68][0/468]	Time 0.356 (0.356)	Data 0.290 (0.290)	Loss 0.1525 (0.1525)	Acc@1 96.875 (96.875)	Acc@5 100.000 (100.000)
Epoch: [68][100/468]	Time 0.111 (0.114)	Data 0.002 (0.005)	Loss 0.2051 (0.1194)	Acc@1 93.750 (97.339)	Acc@5 98.438 (99.876)
Epoch: [68][200/468]	Time 0.111 (0.113)	Data 0.002 (0.004)	Loss 0.1368 (0.1198)	Acc@1 96.875 (97.279)	Acc@5 100.000 (99.868)
Epoch: [68][300/468]	Time 0.111 (0.112)	Data 0.002 (0.003)	Loss 0.1740 (0.1196)	Acc@1 95.312 (97.244)	Acc@5 100.000 (99.870)
Epoch: [68][400/468]	Time 0.111 (0.112)	Data 0.002 (0.003)	Loss 0.1200 (0.1194)	Acc@1 96.875 (97.187)	Acc@5 100.000 (99.871)
 * Acc@1 97.122 Acc@5 99.870
epoch 68, total time 52.50
Test: [0/94]	Time 0.141 (0.141)	Loss 0.8126 (0.8126)	Acc@1 81.250 (81.250)	Acc@5 93.750 (93.750)
 * Acc@1 79.300 Acc@5 93.867
==> training...
Epoch: [69][0/468]	Time 0.358 (0.358)	Data 0.292 (0.292)	Loss 0.0856 (0.0856)	Acc@1 98.438 (98.438)	Acc@5 100.000 (100.000)
Epoch: [69][100/468]	Time 0.111 (0.114)	Data 0.002 (0.005)	Loss 0.1096 (0.1042)	Acc@1 100.000 (97.819)	Acc@5 100.000 (99.938)
Epoch: [69][200/468]	Time 0.111 (0.113)	Data 0.002 (0.004)	Loss 0.0591 (0.1100)	Acc@1 98.438 (97.575)	Acc@5 100.000 (99.876)
Epoch: [69][300/468]	Time 0.111 (0.112)	Data 0.002 (0.003)	Loss 0.0553 (0.1116)	Acc@1 100.000 (97.415)	Acc@5 100.000 (99.891)
Epoch: [69][400/468]	Time 0.111 (0.112)	Data 0.002 (0.003)	Loss 0.0801 (0.1126)	Acc@1 98.438 (97.370)	Acc@5 100.000 (99.891)
 * Acc@1 97.389 Acc@5 99.883
epoch 69, total time 52.31
Test: [0/94]	Time 0.132 (0.132)	Loss 0.6700 (0.6700)	Acc@1 84.375 (84.375)	Acc@5 90.625 (90.625)
 * Acc@1 79.833 Acc@5 93.767
==> training...
Epoch: [70][0/468]	Time 0.365 (0.365)	Data 0.300 (0.300)	Loss 0.0835 (0.0835)	Acc@1 100.000 (100.000)	Acc@5 100.000 (100.000)
Epoch: [70][100/468]	Time 0.111 (0.114)	Data 0.002 (0.006)	Loss 0.0920 (0.0989)	Acc@1 96.875 (97.710)	Acc@5 100.000 (99.954)
Epoch: [70][200/468]	Time 0.112 (0.112)	Data 0.002 (0.004)	Loss 0.0504 (0.0987)	Acc@1 100.000 (97.753)	Acc@5 100.000 (99.938)
Epoch: [70][300/468]	Time 0.111 (0.112)	Data 0.002 (0.003)	Loss 0.0850 (0.1019)	Acc@1 98.438 (97.648)	Acc@5 100.000 (99.922)
Epoch: [70][400/468]	Time 0.110 (0.111)	Data 0.002 (0.003)	Loss 0.1888 (0.1029)	Acc@1 95.312 (97.666)	Acc@5 100.000 (99.918)
 * Acc@1 97.673 Acc@5 99.927
epoch 70, total time 52.43
Test: [0/94]	Time 0.249 (0.249)	Loss 0.6362 (0.6362)	Acc@1 81.250 (81.250)	Acc@5 96.875 (96.875)
 * Acc@1 79.900 Acc@5 93.833
==> training...
Epoch: [71][0/468]	Time 0.375 (0.375)	Data 0.308 (0.308)	Loss 0.0771 (0.0771)	Acc@1 100.000 (100.000)	Acc@5 100.000 (100.000)
Epoch: [71][100/468]	Time 0.112 (0.115)	Data 0.002 (0.005)	Loss 0.0358 (0.0959)	Acc@1 100.000 (97.942)	Acc@5 100.000 (99.954)
Epoch: [71][200/468]	Time 0.110 (0.113)	Data 0.002 (0.004)	Loss 0.1201 (0.0952)	Acc@1 98.438 (97.917)	Acc@5 100.000 (99.930)
Epoch: [71][300/468]	Time 0.111 (0.112)	Data 0.002 (0.003)	Loss 0.0842 (0.0944)	Acc@1 98.438 (97.991)	Acc@5 100.000 (99.938)
Epoch: [71][400/468]	Time 0.112 (0.112)	Data 0.002 (0.003)	Loss 0.0351 (0.0955)	Acc@1 100.000 (97.923)	Acc@5 100.000 (99.942)
 * Acc@1 97.910 Acc@5 99.950
epoch 71, total time 52.38
Test: [0/94]	Time 1.683 (1.683)	Loss 0.7251 (0.7251)	Acc@1 84.375 (84.375)	Acc@5 93.750 (93.750)
 * Acc@1 79.800 Acc@5 93.800
==> training...
Epoch: [72][0/468]	Time 0.465 (0.465)	Data 0.309 (0.309)	Loss 0.0607 (0.0607)	Acc@1 100.000 (100.000)	Acc@5 100.000 (100.000)
Epoch: [72][100/468]	Time 0.111 (0.115)	Data 0.002 (0.005)	Loss 0.0663 (0.0811)	Acc@1 98.438 (98.345)	Acc@5 100.000 (99.969)
Epoch: [72][200/468]	Time 0.111 (0.113)	Data 0.002 (0.004)	Loss 0.0527 (0.0837)	Acc@1 100.000 (98.228)	Acc@5 100.000 (99.961)
Epoch: [72][300/468]	Time 0.111 (0.112)	Data 0.002 (0.003)	Loss 0.0601 (0.0843)	Acc@1 100.000 (98.308)	Acc@5 100.000 (99.964)
Epoch: [72][400/468]	Time 0.110 (0.114)	Data 0.002 (0.003)	Loss 0.0636 (0.0848)	Acc@1 98.438 (98.286)	Acc@5 100.000 (99.965)
 * Acc@1 98.264 Acc@5 99.960
epoch 72, total time 53.03
Test: [0/94]	Time 0.364 (0.364)	Loss 0.8051 (0.8051)	Acc@1 81.250 (81.250)	Acc@5 90.625 (90.625)
 * Acc@1 79.833 Acc@5 93.800
==> training...
Epoch: [73][0/468]	Time 0.380 (0.380)	Data 0.310 (0.310)	Loss 0.0804 (0.0804)	Acc@1 98.438 (98.438)	Acc@5 98.438 (98.438)
Epoch: [73][100/468]	Time 0.111 (0.124)	Data 0.002 (0.009)	Loss 0.0535 (0.0724)	Acc@1 98.438 (98.592)	Acc@5 100.000 (99.954)
Epoch: [73][200/468]	Time 0.112 (0.118)	Data 0.002 (0.006)	Loss 0.0816 (0.0758)	Acc@1 100.000 (98.469)	Acc@5 100.000 (99.961)
Epoch: [73][300/468]	Time 0.111 (0.116)	Data 0.002 (0.005)	Loss 0.0560 (0.0777)	Acc@1 98.438 (98.360)	Acc@5 100.000 (99.958)
Epoch: [73][400/468]	Time 0.112 (0.115)	Data 0.002 (0.004)	Loss 0.2049 (0.0782)	Acc@1 96.875 (98.352)	Acc@5 98.438 (99.957)
 * Acc@1 98.337 Acc@5 99.963
epoch 73, total time 53.49
Test: [0/94]	Time 0.145 (0.145)	Loss 0.5411 (0.5411)	Acc@1 81.250 (81.250)	Acc@5 100.000 (100.000)
 * Acc@1 79.733 Acc@5 94.167
==> training...
Epoch: [74][0/468]	Time 0.360 (0.360)	Data 0.293 (0.293)	Loss 0.0392 (0.0392)	Acc@1 100.000 (100.000)	Acc@5 100.000 (100.000)
Epoch: [74][100/468]	Time 0.111 (0.114)	Data 0.002 (0.005)	Loss 0.0630 (0.0691)	Acc@1 100.000 (98.747)	Acc@5 100.000 (100.000)
Epoch: [74][200/468]	Time 0.111 (0.113)	Data 0.002 (0.004)	Loss 0.0461 (0.0702)	Acc@1 100.000 (98.640)	Acc@5 100.000 (99.992)
Epoch: [74][300/468]	Time 0.111 (0.112)	Data 0.002 (0.003)	Loss 0.1389 (0.0724)	Acc@1 95.312 (98.557)	Acc@5 100.000 (99.984)
Epoch: [74][400/468]	Time 0.112 (0.112)	Data 0.002 (0.003)	Loss 0.0693 (0.0732)	Acc@1 98.438 (98.523)	Acc@5 100.000 (99.981)
 * Acc@1 98.524 Acc@5 99.977
epoch 74, total time 52.59
Test: [0/94]	Time 0.135 (0.135)	Loss 0.7114 (0.7114)	Acc@1 78.125 (78.125)	Acc@5 96.875 (96.875)
 * Acc@1 79.400 Acc@5 93.667
==> training...
Epoch: [75][0/468]	Time 0.359 (0.359)	Data 0.295 (0.295)	Loss 0.0598 (0.0598)	Acc@1 98.438 (98.438)	Acc@5 100.000 (100.000)
Epoch: [75][100/468]	Time 0.111 (0.115)	Data 0.002 (0.006)	Loss 0.0690 (0.0666)	Acc@1 98.438 (98.670)	Acc@5 100.000 (99.969)
Epoch: [75][200/468]	Time 0.112 (0.113)	Data 0.002 (0.004)	Loss 0.0721 (0.0681)	Acc@1 98.438 (98.616)	Acc@5 100.000 (99.969)
Epoch: [75][300/468]	Time 0.111 (0.113)	Data 0.002 (0.004)	Loss 0.0264 (0.0679)	Acc@1 100.000 (98.640)	Acc@5 100.000 (99.974)
Epoch: [75][400/468]	Time 0.112 (0.112)	Data 0.002 (0.003)	Loss 0.0490 (0.0682)	Acc@1 100.000 (98.648)	Acc@5 100.000 (99.965)
 * Acc@1 98.645 Acc@5 99.963
epoch 75, total time 52.56
Test: [0/94]	Time 0.131 (0.131)	Loss 0.6887 (0.6887)	Acc@1 81.250 (81.250)	Acc@5 100.000 (100.000)
 * Acc@1 80.033 Acc@5 94.233
==> training...
Epoch: [76][0/468]	Time 0.362 (0.362)	Data 0.300 (0.300)	Loss 0.0401 (0.0401)	Acc@1 100.000 (100.000)	Acc@5 100.000 (100.000)
Epoch: [76][100/468]	Time 0.111 (0.114)	Data 0.002 (0.005)	Loss 0.0760 (0.0582)	Acc@1 96.875 (98.933)	Acc@5 100.000 (100.000)
Epoch: [76][200/468]	Time 0.111 (0.113)	Data 0.002 (0.004)	Loss 0.0553 (0.0586)	Acc@1 98.438 (98.888)	Acc@5 100.000 (99.992)
Epoch: [76][300/468]	Time 0.109 (0.112)	Data 0.002 (0.003)	Loss 0.0474 (0.0606)	Acc@1 100.000 (98.822)	Acc@5 100.000 (99.990)
Epoch: [76][400/468]	Time 0.110 (0.112)	Data 0.002 (0.003)	Loss 0.1217 (0.0616)	Acc@1 98.438 (98.808)	Acc@5 100.000 (99.984)
 * Acc@1 98.848 Acc@5 99.987
epoch 76, total time 52.37
Test: [0/94]	Time 0.132 (0.132)	Loss 0.7251 (0.7251)	Acc@1 81.250 (81.250)	Acc@5 96.875 (96.875)
 * Acc@1 79.967 Acc@5 93.700
==> training...
Epoch: [77][0/468]	Time 0.364 (0.364)	Data 0.296 (0.296)	Loss 0.0736 (0.0736)	Acc@1 98.438 (98.438)	Acc@5 100.000 (100.000)
Epoch: [77][100/468]	Time 0.111 (0.115)	Data 0.001 (0.006)	Loss 0.0810 (0.0538)	Acc@1 98.438 (99.211)	Acc@5 100.000 (99.985)
Epoch: [77][200/468]	Time 0.112 (0.113)	Data 0.002 (0.004)	Loss 0.0521 (0.0533)	Acc@1 98.438 (99.207)	Acc@5 100.000 (99.992)
Epoch: [77][300/468]	Time 0.113 (0.113)	Data 0.002 (0.003)	Loss 0.0222 (0.0543)	Acc@1 100.000 (99.133)	Acc@5 100.000 (99.990)
Epoch: [77][400/468]	Time 0.112 (0.113)	Data 0.002 (0.003)	Loss 0.0344 (0.0564)	Acc@1 100.000 (99.014)	Acc@5 100.000 (99.988)
 * Acc@1 98.992 Acc@5 99.987
epoch 77, total time 52.77
Test: [0/94]	Time 0.130 (0.130)	Loss 0.7364 (0.7364)	Acc@1 78.125 (78.125)	Acc@5 93.750 (93.750)
 * Acc@1 79.867 Acc@5 93.667
==> training...
Epoch: [78][0/468]	Time 0.378 (0.378)	Data 0.309 (0.309)	Loss 0.0737 (0.0737)	Acc@1 98.438 (98.438)	Acc@5 100.000 (100.000)
Epoch: [78][100/468]	Time 0.112 (0.115)	Data 0.002 (0.005)	Loss 0.0723 (0.0524)	Acc@1 98.438 (99.165)	Acc@5 100.000 (99.969)
Epoch: [78][200/468]	Time 0.111 (0.113)	Data 0.002 (0.004)	Loss 0.0605 (0.0541)	Acc@1 100.000 (99.090)	Acc@5 100.000 (99.984)
Epoch: [78][300/468]	Time 0.112 (0.113)	Data 0.002 (0.003)	Loss 0.0212 (0.0538)	Acc@1 100.000 (99.081)	Acc@5 100.000 (99.984)
Epoch: [78][400/468]	Time 0.113 (0.113)	Data 0.002 (0.003)	Loss 0.0490 (0.0554)	Acc@1 100.000 (98.983)	Acc@5 100.000 (99.984)
 * Acc@1 98.978 Acc@5 99.987
epoch 78, total time 52.79
Test: [0/94]	Time 0.153 (0.153)	Loss 0.6553 (0.6553)	Acc@1 81.250 (81.250)	Acc@5 93.750 (93.750)
 * Acc@1 79.800 Acc@5 94.033
==> training...
Epoch: [79][0/468]	Time 0.389 (0.389)	Data 0.324 (0.324)	Loss 0.0606 (0.0606)	Acc@1 98.438 (98.438)	Acc@5 100.000 (100.000)
Epoch: [79][100/468]	Time 0.112 (0.115)	Data 0.002 (0.006)	Loss 0.0491 (0.0532)	Acc@1 98.438 (99.149)	Acc@5 100.000 (99.985)
Epoch: [79][200/468]	Time 0.111 (0.113)	Data 0.002 (0.004)	Loss 0.1058 (0.0520)	Acc@1 96.875 (99.192)	Acc@5 98.438 (99.984)
Epoch: [79][300/468]	Time 0.111 (0.113)	Data 0.002 (0.004)	Loss 0.0171 (0.0536)	Acc@1 100.000 (99.133)	Acc@5 100.000 (99.984)
Epoch: [79][400/468]	Time 0.111 (0.112)	Data 0.002 (0.003)	Loss 0.0975 (0.0546)	Acc@1 98.438 (99.084)	Acc@5 100.000 (99.988)
 * Acc@1 99.035 Acc@5 99.983
epoch 79, total time 52.55
Test: [0/94]	Time 0.138 (0.138)	Loss 0.5702 (0.5702)	Acc@1 81.250 (81.250)	Acc@5 96.875 (96.875)
 * Acc@1 79.633 Acc@5 93.767
==> training...
Epoch: [80][0/468]	Time 0.399 (0.399)	Data 0.334 (0.334)	Loss 0.0421 (0.0421)	Acc@1 100.000 (100.000)	Acc@5 100.000 (100.000)
Epoch: [80][100/468]	Time 0.111 (0.114)	Data 0.002 (0.005)	Loss 0.0346 (0.0537)	Acc@1 100.000 (98.979)	Acc@5 100.000 (100.000)
Epoch: [80][200/468]	Time 0.111 (0.113)	Data 0.002 (0.004)	Loss 0.0403 (0.0514)	Acc@1 100.000 (99.090)	Acc@5 100.000 (100.000)
Epoch: [80][300/468]	Time 0.111 (0.112)	Data 0.002 (0.003)	Loss 0.0986 (0.0520)	Acc@1 96.875 (99.029)	Acc@5 100.000 (100.000)
Epoch: [80][400/468]	Time 0.111 (0.112)	Data 0.002 (0.003)	Loss 0.0760 (0.0515)	Acc@1 98.438 (99.053)	Acc@5 100.000 (100.000)
 * Acc@1 99.059 Acc@5 100.000
epoch 80, total time 52.41
Test: [0/94]	Time 0.132 (0.132)	Loss 0.7719 (0.7719)	Acc@1 78.125 (78.125)	Acc@5 96.875 (96.875)
 * Acc@1 79.700 Acc@5 93.833
==> training...
Epoch: [81][0/468]	Time 0.375 (0.375)	Data 0.308 (0.308)	Loss 0.0333 (0.0333)	Acc@1 100.000 (100.000)	Acc@5 100.000 (100.000)
Epoch: [81][100/468]	Time 0.112 (0.115)	Data 0.002 (0.006)	Loss 0.0869 (0.0443)	Acc@1 98.438 (99.335)	Acc@5 100.000 (99.985)
Epoch: [81][200/468]	Time 0.113 (0.113)	Data 0.002 (0.004)	Loss 0.1023 (0.0431)	Acc@1 98.438 (99.339)	Acc@5 100.000 (99.992)
Epoch: [81][300/468]	Time 0.113 (0.113)	Data 0.002 (0.004)	Loss 0.0290 (0.0430)	Acc@1 100.000 (99.320)	Acc@5 100.000 (99.990)
Epoch: [81][400/468]	Time 0.113 (0.113)	Data 0.002 (0.003)	Loss 0.0257 (0.0422)	Acc@1 100.000 (99.361)	Acc@5 100.000 (99.992)
 * Acc@1 99.376 Acc@5 99.993
epoch 81, total time 52.84
Test: [0/94]	Time 0.134 (0.134)	Loss 0.7258 (0.7258)	Acc@1 81.250 (81.250)	Acc@5 96.875 (96.875)
 * Acc@1 80.267 Acc@5 94.033
==> training...
Epoch: [82][0/468]	Time 0.369 (0.369)	Data 0.304 (0.304)	Loss 0.0255 (0.0255)	Acc@1 100.000 (100.000)	Acc@5 100.000 (100.000)
Epoch: [82][100/468]	Time 0.111 (0.114)	Data 0.002 (0.005)	Loss 0.0371 (0.0385)	Acc@1 98.438 (99.474)	Acc@5 100.000 (100.000)
Epoch: [82][200/468]	Time 0.110 (0.112)	Data 0.002 (0.004)	Loss 0.0472 (0.0389)	Acc@1 98.438 (99.401)	Acc@5 100.000 (100.000)
Epoch: [82][300/468]	Time 0.112 (0.112)	Data 0.002 (0.003)	Loss 0.0446 (0.0379)	Acc@1 100.000 (99.445)	Acc@5 100.000 (100.000)
Epoch: [82][400/468]	Time 0.110 (0.112)	Data 0.002 (0.003)	Loss 0.0289 (0.0386)	Acc@1 100.000 (99.447)	Acc@5 100.000 (100.000)
 * Acc@1 99.452 Acc@5 100.000
epoch 82, total time 52.40
Test: [0/94]	Time 0.136 (0.136)	Loss 0.6887 (0.6887)	Acc@1 81.250 (81.250)	Acc@5 96.875 (96.875)
 * Acc@1 80.233 Acc@5 94.000
==> training...
Epoch: [83][0/468]	Time 0.366 (0.366)	Data 0.301 (0.301)	Loss 0.0215 (0.0215)	Acc@1 100.000 (100.000)	Acc@5 100.000 (100.000)
Epoch: [83][100/468]	Time 0.111 (0.114)	Data 0.002 (0.006)	Loss 0.0208 (0.0381)	Acc@1 100.000 (99.536)	Acc@5 100.000 (100.000)
Epoch: [83][200/468]	Time 0.111 (0.113)	Data 0.002 (0.004)	Loss 0.0268 (0.0386)	Acc@1 100.000 (99.502)	Acc@5 100.000 (100.000)
Epoch: [83][300/468]	Time 0.112 (0.112)	Data 0.002 (0.003)	Loss 0.0662 (0.0385)	Acc@1 100.000 (99.507)	Acc@5 100.000 (99.995)
Epoch: [83][400/468]	Time 0.111 (0.112)	Data 0.002 (0.003)	Loss 0.0448 (0.0378)	Acc@1 100.000 (99.529)	Acc@5 100.000 (99.996)
 * Acc@1 99.506 Acc@5 99.993
epoch 83, total time 52.46
Test: [0/94]	Time 0.141 (0.141)	Loss 0.6932 (0.6932)	Acc@1 81.250 (81.250)	Acc@5 96.875 (96.875)
 * Acc@1 80.367 Acc@5 93.900
==> training...
Epoch: [84][0/468]	Time 0.370 (0.370)	Data 0.305 (0.305)	Loss 0.0181 (0.0181)	Acc@1 100.000 (100.000)	Acc@5 100.000 (100.000)
Epoch: [84][100/468]	Time 0.112 (0.115)	Data 0.002 (0.005)	Loss 0.0348 (0.0344)	Acc@1 98.438 (99.551)	Acc@5 100.000 (100.000)
Epoch: [84][200/468]	Time 0.112 (0.113)	Data 0.002 (0.004)	Loss 0.0446 (0.0341)	Acc@1 100.000 (99.572)	Acc@5 100.000 (100.000)
Epoch: [84][300/468]	Time 0.111 (0.113)	Data 0.002 (0.003)	Loss 0.0157 (0.0344)	Acc@1 100.000 (99.585)	Acc@5 100.000 (100.000)
Epoch: [84][400/468]	Time 0.112 (0.112)	Data 0.002 (0.003)	Loss 0.0679 (0.0350)	Acc@1 96.875 (99.606)	Acc@5 100.000 (99.996)
 * Acc@1 99.603 Acc@5 99.997
epoch 84, total time 52.63
Test: [0/94]	Time 0.134 (0.134)	Loss 0.6845 (0.6845)	Acc@1 78.125 (78.125)	Acc@5 96.875 (96.875)
 * Acc@1 80.433 Acc@5 93.900
==> training...
Epoch: [85][0/468]	Time 0.390 (0.390)	Data 0.317 (0.317)	Loss 0.0555 (0.0555)	Acc@1 98.438 (98.438)	Acc@5 100.000 (100.000)
Epoch: [85][100/468]	Time 0.113 (0.116)	Data 0.002 (0.005)	Loss 0.0164 (0.0351)	Acc@1 100.000 (99.489)	Acc@5 100.000 (100.000)
Epoch: [85][200/468]	Time 0.111 (0.115)	Data 0.002 (0.004)	Loss 0.0180 (0.0362)	Acc@1 100.000 (99.440)	Acc@5 100.000 (100.000)
Epoch: [85][300/468]	Time 0.111 (0.113)	Data 0.002 (0.003)	Loss 0.0177 (0.0371)	Acc@1 100.000 (99.413)	Acc@5 100.000 (100.000)
Epoch: [85][400/468]	Time 0.110 (0.113)	Data 0.002 (0.003)	Loss 0.0322 (0.0368)	Acc@1 100.000 (99.439)	Acc@5 100.000 (100.000)
 * Acc@1 99.462 Acc@5 100.000
epoch 85, total time 52.80
Test: [0/94]	Time 0.140 (0.140)	Loss 0.6591 (0.6591)	Acc@1 81.250 (81.250)	Acc@5 96.875 (96.875)
 * Acc@1 80.433 Acc@5 93.967
==> training...
Epoch: [86][0/468]	Time 0.392 (0.392)	Data 0.323 (0.323)	Loss 0.0196 (0.0196)	Acc@1 100.000 (100.000)	Acc@5 100.000 (100.000)
Epoch: [86][100/468]	Time 0.113 (0.116)	Data 0.002 (0.006)	Loss 0.0411 (0.0349)	Acc@1 100.000 (99.505)	Acc@5 100.000 (100.000)
Epoch: [86][200/468]	Time 0.113 (0.115)	Data 0.002 (0.004)	Loss 0.0219 (0.0354)	Acc@1 100.000 (99.487)	Acc@5 100.000 (100.000)
Epoch: [86][300/468]	Time 0.113 (0.114)	Data 0.002 (0.004)	Loss 0.0336 (0.0350)	Acc@1 100.000 (99.522)	Acc@5 100.000 (100.000)
Epoch: [86][400/468]	Time 0.113 (0.114)	Data 0.002 (0.003)	Loss 0.0826 (0.0350)	Acc@1 98.438 (99.532)	Acc@5 98.438 (99.996)
 * Acc@1 99.533 Acc@5 99.997
epoch 86, total time 53.11
Test: [0/94]	Time 0.132 (0.132)	Loss 0.6571 (0.6571)	Acc@1 78.125 (78.125)	Acc@5 96.875 (96.875)
 * Acc@1 80.500 Acc@5 94.200
==> training...
Epoch: [87][0/468]	Time 0.396 (0.396)	Data 0.328 (0.328)	Loss 0.0353 (0.0353)	Acc@1 100.000 (100.000)	Acc@5 100.000 (100.000)
Epoch: [87][100/468]	Time 0.113 (0.116)	Data 0.002 (0.006)	Loss 0.0249 (0.0343)	Acc@1 100.000 (99.536)	Acc@5 100.000 (99.985)
Epoch: [87][200/468]	Time 0.114 (0.114)	Data 0.002 (0.004)	Loss 0.0569 (0.0357)	Acc@1 98.438 (99.471)	Acc@5 100.000 (99.984)
Epoch: [87][300/468]	Time 0.112 (0.113)	Data 0.002 (0.003)	Loss 0.0140 (0.0344)	Acc@1 100.000 (99.538)	Acc@5 100.000 (99.990)
Epoch: [87][400/468]	Time 0.112 (0.113)	Data 0.002 (0.003)	Loss 0.0341 (0.0343)	Acc@1 100.000 (99.536)	Acc@5 100.000 (99.992)
 * Acc@1 99.536 Acc@5 99.993
epoch 87, total time 52.91
Test: [0/94]	Time 0.139 (0.139)	Loss 0.6696 (0.6696)	Acc@1 81.250 (81.250)	Acc@5 96.875 (96.875)
 * Acc@1 80.567 Acc@5 94.033
==> training...
Epoch: [88][0/468]	Time 0.387 (0.387)	Data 0.321 (0.321)	Loss 0.0474 (0.0474)	Acc@1 98.438 (98.438)	Acc@5 100.000 (100.000)
Epoch: [88][100/468]	Time 0.112 (0.115)	Data 0.002 (0.005)	Loss 0.0317 (0.0343)	Acc@1 100.000 (99.582)	Acc@5 100.000 (100.000)
Epoch: [88][200/468]	Time 0.111 (0.114)	Data 0.002 (0.004)	Loss 0.0184 (0.0357)	Acc@1 100.000 (99.534)	Acc@5 100.000 (100.000)
Epoch: [88][300/468]	Time 0.110 (0.113)	Data 0.002 (0.003)	Loss 0.0240 (0.0349)	Acc@1 100.000 (99.538)	Acc@5 100.000 (100.000)
Epoch: [88][400/468]	Time 0.111 (0.112)	Data 0.002 (0.003)	Loss 0.0324 (0.0344)	Acc@1 100.000 (99.556)	Acc@5 100.000 (99.996)
 * Acc@1 99.573 Acc@5 99.997
epoch 88, total time 52.53
Test: [0/94]	Time 0.134 (0.134)	Loss 0.6977 (0.6977)	Acc@1 81.250 (81.250)	Acc@5 96.875 (96.875)
 * Acc@1 80.567 Acc@5 93.933
==> training...
Epoch: [89][0/468]	Time 0.427 (0.427)	Data 0.365 (0.365)	Loss 0.0121 (0.0121)	Acc@1 100.000 (100.000)	Acc@5 100.000 (100.000)
Epoch: [89][100/468]	Time 0.111 (0.114)	Data 0.002 (0.006)	Loss 0.0329 (0.0340)	Acc@1 100.000 (99.489)	Acc@5 100.000 (100.000)
Epoch: [89][200/468]	Time 0.110 (0.113)	Data 0.002 (0.004)	Loss 0.0290 (0.0338)	Acc@1 100.000 (99.487)	Acc@5 100.000 (100.000)
Epoch: [89][300/468]	Time 0.111 (0.112)	Data 0.002 (0.003)	Loss 0.0198 (0.0335)	Acc@1 100.000 (99.522)	Acc@5 100.000 (100.000)
Epoch: [89][400/468]	Time 0.112 (0.112)	Data 0.002 (0.003)	Loss 0.0587 (0.0333)	Acc@1 100.000 (99.564)	Acc@5 100.000 (100.000)
 * Acc@1 99.556 Acc@5 100.000
epoch 89, total time 52.54
Test: [0/94]	Time 0.137 (0.137)	Loss 0.6512 (0.6512)	Acc@1 81.250 (81.250)	Acc@5 96.875 (96.875)
 * Acc@1 80.400 Acc@5 93.933
==> training...
Epoch: [90][0/468]	Time 0.396 (0.396)	Data 0.325 (0.325)	Loss 0.0201 (0.0201)	Acc@1 100.000 (100.000)	Acc@5 100.000 (100.000)
Epoch: [90][100/468]	Time 0.111 (0.115)	Data 0.002 (0.005)	Loss 0.0595 (0.0337)	Acc@1 100.000 (99.582)	Acc@5 100.000 (100.000)
Epoch: [90][200/468]	Time 0.112 (0.114)	Data 0.002 (0.004)	Loss 0.0417 (0.0326)	Acc@1 100.000 (99.635)	Acc@5 100.000 (100.000)
Epoch: [90][300/468]	Time 0.112 (0.113)	Data 0.002 (0.003)	Loss 0.0191 (0.0329)	Acc@1 100.000 (99.600)	Acc@5 100.000 (100.000)
Epoch: [90][400/468]	Time 0.110 (0.113)	Data 0.002 (0.003)	Loss 0.0598 (0.0332)	Acc@1 98.438 (99.599)	Acc@5 100.000 (100.000)
 * Acc@1 99.576 Acc@5 100.000
epoch 90, total time 52.80
Test: [0/94]	Time 0.138 (0.138)	Loss 0.6951 (0.6951)	Acc@1 81.250 (81.250)	Acc@5 96.875 (96.875)
 * Acc@1 80.400 Acc@5 94.000
==> training...
Epoch: [91][0/468]	Time 0.360 (0.360)	Data 0.291 (0.291)	Loss 0.0186 (0.0186)	Acc@1 100.000 (100.000)	Acc@5 100.000 (100.000)
Epoch: [91][100/468]	Time 0.111 (0.115)	Data 0.002 (0.006)	Loss 0.0216 (0.0327)	Acc@1 100.000 (99.675)	Acc@5 100.000 (100.000)
Epoch: [91][200/468]	Time 0.112 (0.114)	Data 0.002 (0.004)	Loss 0.0205 (0.0328)	Acc@1 100.000 (99.697)	Acc@5 100.000 (100.000)
Epoch: [91][300/468]	Time 0.113 (0.113)	Data 0.002 (0.003)	Loss 0.0227 (0.0326)	Acc@1 100.000 (99.704)	Acc@5 100.000 (100.000)
Epoch: [91][400/468]	Time 0.113 (0.113)	Data 0.002 (0.003)	Loss 0.0573 (0.0333)	Acc@1 100.000 (99.665)	Acc@5 100.000 (100.000)
 * Acc@1 99.666 Acc@5 100.000
epoch 91, total time 52.86
Test: [0/94]	Time 0.145 (0.145)	Loss 0.6708 (0.6708)	Acc@1 81.250 (81.250)	Acc@5 96.875 (96.875)
 * Acc@1 80.533 Acc@5 94.200
==> training...
Epoch: [92][0/468]	Time 0.375 (0.375)	Data 0.306 (0.306)	Loss 0.0367 (0.0367)	Acc@1 98.438 (98.438)	Acc@5 100.000 (100.000)
Epoch: [92][100/468]	Time 0.112 (0.115)	Data 0.002 (0.005)	Loss 0.0207 (0.0328)	Acc@1 100.000 (99.644)	Acc@5 100.000 (99.985)
Epoch: [92][200/468]	Time 0.113 (0.114)	Data 0.002 (0.004)	Loss 0.0302 (0.0318)	Acc@1 100.000 (99.658)	Acc@5 100.000 (99.992)
Epoch: [92][300/468]	Time 0.111 (0.113)	Data 0.002 (0.003)	Loss 0.0319 (0.0320)	Acc@1 100.000 (99.647)	Acc@5 100.000 (99.995)
Epoch: [92][400/468]	Time 0.112 (0.113)	Data 0.002 (0.003)	Loss 0.0375 (0.0319)	Acc@1 100.000 (99.657)	Acc@5 100.000 (99.996)
 * Acc@1 99.656 Acc@5 99.997
epoch 92, total time 52.61
Test: [0/94]	Time 0.136 (0.136)	Loss 0.6511 (0.6511)	Acc@1 84.375 (84.375)	Acc@5 96.875 (96.875)
 * Acc@1 80.500 Acc@5 94.133
==> training...
Epoch: [93][0/468]	Time 0.378 (0.378)	Data 0.308 (0.308)	Loss 0.0296 (0.0296)	Acc@1 100.000 (100.000)	Acc@5 100.000 (100.000)
Epoch: [93][100/468]	Time 0.111 (0.115)	Data 0.002 (0.005)	Loss 0.0326 (0.0323)	Acc@1 100.000 (99.536)	Acc@5 100.000 (99.985)
Epoch: [93][200/468]	Time 0.112 (0.113)	Data 0.002 (0.004)	Loss 0.0117 (0.0321)	Acc@1 100.000 (99.588)	Acc@5 100.000 (99.992)
Epoch: [93][300/468]	Time 0.112 (0.113)	Data 0.002 (0.003)	Loss 0.0228 (0.0320)	Acc@1 100.000 (99.590)	Acc@5 100.000 (99.995)
Epoch: [93][400/468]	Time 0.111 (0.113)	Data 0.002 (0.003)	Loss 0.0133 (0.0325)	Acc@1 100.000 (99.587)	Acc@5 100.000 (99.996)
 * Acc@1 99.569 Acc@5 99.997
epoch 93, total time 52.67
Test: [0/94]	Time 0.136 (0.136)	Loss 0.6309 (0.6309)	Acc@1 84.375 (84.375)	Acc@5 96.875 (96.875)
 * Acc@1 80.833 Acc@5 93.933
==> training...
Epoch: [94][0/468]	Time 0.355 (0.355)	Data 0.292 (0.292)	Loss 0.0163 (0.0163)	Acc@1 100.000 (100.000)	Acc@5 100.000 (100.000)
Epoch: [94][100/468]	Time 0.112 (0.114)	Data 0.002 (0.005)	Loss 0.0171 (0.0331)	Acc@1 100.000 (99.598)	Acc@5 100.000 (99.985)
Epoch: [94][200/468]	Time 0.111 (0.113)	Data 0.002 (0.004)	Loss 0.0599 (0.0322)	Acc@1 98.438 (99.627)	Acc@5 100.000 (99.992)
Epoch: [94][300/468]	Time 0.111 (0.112)	Data 0.002 (0.003)	Loss 0.0301 (0.0324)	Acc@1 100.000 (99.631)	Acc@5 100.000 (99.995)
Epoch: [94][400/468]	Time 0.111 (0.112)	Data 0.002 (0.003)	Loss 0.0181 (0.0327)	Acc@1 100.000 (99.603)	Acc@5 100.000 (99.996)
 * Acc@1 99.586 Acc@5 99.997
epoch 94, total time 52.32
Test: [0/94]	Time 0.130 (0.130)	Loss 0.6495 (0.6495)	Acc@1 84.375 (84.375)	Acc@5 96.875 (96.875)
 * Acc@1 80.567 Acc@5 94.000
==> training...
Epoch: [95][0/468]	Time 0.403 (0.403)	Data 0.339 (0.339)	Loss 0.0204 (0.0204)	Acc@1 100.000 (100.000)	Acc@5 100.000 (100.000)
Epoch: [95][100/468]	Time 0.112 (0.115)	Data 0.002 (0.006)	Loss 0.0156 (0.0326)	Acc@1 100.000 (99.567)	Acc@5 100.000 (100.000)
Epoch: [95][200/468]	Time 0.112 (0.113)	Data 0.002 (0.004)	Loss 0.0388 (0.0322)	Acc@1 100.000 (99.635)	Acc@5 100.000 (100.000)
Epoch: [95][300/468]	Time 0.112 (0.113)	Data 0.002 (0.003)	Loss 0.0305 (0.0310)	Acc@1 100.000 (99.642)	Acc@5 100.000 (100.000)
Epoch: [95][400/468]	Time 0.111 (0.112)	Data 0.002 (0.003)	Loss 0.0241 (0.0307)	Acc@1 100.000 (99.665)	Acc@5 100.000 (100.000)
 * Acc@1 99.686 Acc@5 100.000
epoch 95, total time 52.56
Test: [0/94]	Time 0.135 (0.135)	Loss 0.6280 (0.6280)	Acc@1 81.250 (81.250)	Acc@5 96.875 (96.875)
 * Acc@1 80.300 Acc@5 94.000
==> training...
Epoch: [96][0/468]	Time 0.468 (0.468)	Data 0.403 (0.403)	Loss 0.0217 (0.0217)	Acc@1 100.000 (100.000)	Acc@5 100.000 (100.000)
Epoch: [96][100/468]	Time 0.112 (0.116)	Data 0.002 (0.006)	Loss 0.0170 (0.0306)	Acc@1 100.000 (99.613)	Acc@5 100.000 (100.000)
Epoch: [96][200/468]	Time 0.111 (0.114)	Data 0.002 (0.004)	Loss 0.0126 (0.0301)	Acc@1 100.000 (99.635)	Acc@5 100.000 (100.000)
Epoch: [96][300/468]	Time 0.111 (0.114)	Data 0.002 (0.004)	Loss 0.0252 (0.0303)	Acc@1 100.000 (99.652)	Acc@5 100.000 (100.000)
Epoch: [96][400/468]	Time 0.113 (0.113)	Data 0.002 (0.003)	Loss 0.0404 (0.0309)	Acc@1 98.438 (99.642)	Acc@5 100.000 (99.996)
 * Acc@1 99.653 Acc@5 99.997
epoch 96, total time 53.04
Test: [0/94]	Time 0.133 (0.133)	Loss 0.6426 (0.6426)	Acc@1 81.250 (81.250)	Acc@5 96.875 (96.875)
 * Acc@1 80.633 Acc@5 93.867
==> training...
Epoch: [97][0/468]	Time 0.407 (0.407)	Data 0.341 (0.341)	Loss 0.0481 (0.0481)	Acc@1 98.438 (98.438)	Acc@5 100.000 (100.000)
Epoch: [97][100/468]	Time 0.112 (0.115)	Data 0.002 (0.006)	Loss 0.0247 (0.0326)	Acc@1 100.000 (99.567)	Acc@5 100.000 (100.000)
Epoch: [97][200/468]	Time 0.111 (0.113)	Data 0.002 (0.004)	Loss 0.0505 (0.0304)	Acc@1 100.000 (99.635)	Acc@5 100.000 (100.000)
Epoch: [97][300/468]	Time 0.111 (0.113)	Data 0.002 (0.003)	Loss 0.0141 (0.0298)	Acc@1 100.000 (99.637)	Acc@5 100.000 (100.000)
Epoch: [97][400/468]	Time 0.110 (0.113)	Data 0.002 (0.003)	Loss 0.0285 (0.0300)	Acc@1 100.000 (99.645)	Acc@5 100.000 (100.000)
 * Acc@1 99.633 Acc@5 100.000
epoch 97, total time 52.63
Test: [0/94]	Time 0.135 (0.135)	Loss 0.6092 (0.6092)	Acc@1 81.250 (81.250)	Acc@5 96.875 (96.875)
 * Acc@1 80.533 Acc@5 94.167
==> training...
Epoch: [98][0/468]	Time 0.357 (0.357)	Data 0.295 (0.295)	Loss 0.0349 (0.0349)	Acc@1 100.000 (100.000)	Acc@5 100.000 (100.000)
Epoch: [98][100/468]	Time 0.111 (0.116)	Data 0.002 (0.006)	Loss 0.0447 (0.0298)	Acc@1 98.438 (99.629)	Acc@5 100.000 (100.000)
Epoch: [98][200/468]	Time 0.113 (0.114)	Data 0.002 (0.004)	Loss 0.0103 (0.0289)	Acc@1 100.000 (99.681)	Acc@5 100.000 (100.000)
Epoch: [98][300/468]	Time 0.111 (0.113)	Data 0.002 (0.004)	Loss 0.0208 (0.0302)	Acc@1 100.000 (99.616)	Acc@5 100.000 (100.000)
Epoch: [98][400/468]	Time 0.111 (0.112)	Data 0.002 (0.003)	Loss 0.0173 (0.0299)	Acc@1 100.000 (99.626)	Acc@5 100.000 (99.996)
 * Acc@1 99.616 Acc@5 99.997
epoch 98, total time 52.57
Test: [0/94]	Time 0.134 (0.134)	Loss 0.6543 (0.6543)	Acc@1 81.250 (81.250)	Acc@5 96.875 (96.875)
 * Acc@1 80.567 Acc@5 94.033
==> training...
Epoch: [99][0/468]	Time 0.373 (0.373)	Data 0.310 (0.310)	Loss 0.0216 (0.0216)	Acc@1 100.000 (100.000)	Acc@5 100.000 (100.000)
Epoch: [99][100/468]	Time 0.112 (0.114)	Data 0.002 (0.005)	Loss 0.0245 (0.0290)	Acc@1 100.000 (99.737)	Acc@5 100.000 (100.000)
Epoch: [99][200/468]	Time 0.112 (0.113)	Data 0.002 (0.004)	Loss 0.0219 (0.0295)	Acc@1 100.000 (99.697)	Acc@5 100.000 (100.000)
Epoch: [99][300/468]	Time 0.110 (0.112)	Data 0.002 (0.003)	Loss 0.0178 (0.0296)	Acc@1 100.000 (99.673)	Acc@5 100.000 (100.000)
Epoch: [99][400/468]	Time 0.110 (0.112)	Data 0.002 (0.003)	Loss 0.0207 (0.0294)	Acc@1 100.000 (99.673)	Acc@5 100.000 (100.000)
 * Acc@1 99.656 Acc@5 100.000
epoch 99, total time 52.35
Test: [0/94]	Time 0.135 (0.135)	Loss 0.6261 (0.6261)	Acc@1 84.375 (84.375)	Acc@5 96.875 (96.875)
 * Acc@1 80.400 Acc@5 93.933
==> training...
Epoch: [100][0/468]	Time 0.377 (0.377)	Data 0.312 (0.312)	Loss 0.0504 (0.0504)	Acc@1 100.000 (100.000)	Acc@5 100.000 (100.000)
Epoch: [100][100/468]	Time 0.111 (0.116)	Data 0.002 (0.006)	Loss 0.0383 (0.0329)	Acc@1 100.000 (99.613)	Acc@5 100.000 (99.985)
Epoch: [100][200/468]	Time 0.111 (0.114)	Data 0.002 (0.004)	Loss 0.0538 (0.0317)	Acc@1 98.438 (99.627)	Acc@5 100.000 (99.992)
Epoch: [100][300/468]	Time 0.111 (0.113)	Data 0.002 (0.004)	Loss 0.0168 (0.0308)	Acc@1 100.000 (99.626)	Acc@5 100.000 (99.995)
Epoch: [100][400/468]	Time 0.112 (0.113)	Data 0.002 (0.003)	Loss 0.0231 (0.0309)	Acc@1 100.000 (99.642)	Acc@5 100.000 (99.996)
 * Acc@1 99.666 Acc@5 99.997
epoch 100, total time 52.64
Test: [0/94]	Time 0.130 (0.130)	Loss 0.6178 (0.6178)	Acc@1 84.375 (84.375)	Acc@5 96.875 (96.875)
 * Acc@1 80.333 Acc@5 93.967
==> Saving...
