Device count:  1
************* Training arguments *************
eval_freq 10
print_freq 100
tb_freq 500
save_freq 100
batch_size 64
num_workers 8
epochs 100
learning_rate 0.05
lr_decay_epochs [60, 80]
lr_decay_rate 0.1
weight_decay 0.0005
momentum 0.9
adam False
eval_only False
model resnet18
dataset miniImageNet
transform A
use_trainval False
cosine False
reload_path 
model_path /home/gridsan/akyurek/git/rfs-incremental/dumped/backbones/continual/resnet18/4
tb_path tb
data_root /home/gridsan/akyurek/git/rfs-incremental/data/miniImageNet
n_test_runs 600
n_ways 5
n_shots 1
n_queries 15
n_aug_support_samples 5
test_batch_size 1
use_episodes False
classifier linear
trial pretrain
continual True
no_dropblock True
set_seed 4
no_linear_bias True
augment_pretrain_wtrainb False
eval_mode None
label_pull None
data_aug True
linear_bias False
model_name miniImageNet_resnet18_classifier_linear
tb_folder tb/miniImageNet_resnet18_classifier_linear
save_folder /home/gridsan/akyurek/git/rfs-incremental/dumped/backbones/continual/resnet18/4
n_gpu 1
git_head_hash ae23b3b
End of arguments.

==> training...
Epoch: [1][0/468]	Time 7.162 (7.162)	Data 5.917 (5.917)	Loss 4.3813 (4.3813)	Acc@1 3.125 (3.125)	Acc@5 14.062 (14.062)
Epoch: [1][100/468]	Time 0.190 (0.241)	Data 0.009 (0.063)	Loss 3.8397 (4.6868)	Acc@1 7.812 (3.837)	Acc@5 23.438 (15.114)
Epoch: [1][200/468]	Time 0.200 (0.204)	Data 0.016 (0.035)	Loss 3.8252 (4.2714)	Acc@1 6.250 (5.271)	Acc@5 26.562 (19.255)
Epoch: [1][300/468]	Time 0.141 (0.191)	Data 0.003 (0.025)	Loss 3.6490 (4.0803)	Acc@1 7.812 (6.754)	Acc@5 28.125 (22.783)
Epoch: [1][400/468]	Time 0.112 (0.186)	Data 0.002 (0.020)	Loss 3.4625 (3.9645)	Acc@1 10.938 (7.777)	Acc@5 40.625 (25.214)
 * Acc@1 8.410 Acc@5 26.673
epoch 1, total time 85.70
Test: [0/94]	Time 0.432 (0.432)	Loss 3.5380 (3.5380)	Acc@1 18.750 (18.750)	Acc@5 37.500 (37.500)
 * Acc@1 14.100 Acc@5 36.300
==> training...
Epoch: [2][0/468]	Time 0.974 (0.974)	Data 0.739 (0.739)	Loss 3.2504 (3.2504)	Acc@1 17.188 (17.188)	Acc@5 43.750 (43.750)
Epoch: [2][100/468]	Time 0.171 (0.181)	Data 0.004 (0.014)	Loss 3.3778 (3.4359)	Acc@1 10.938 (14.016)	Acc@5 39.062 (39.109)
Epoch: [2][200/468]	Time 0.150 (0.180)	Data 0.003 (0.010)	Loss 3.2765 (3.3848)	Acc@1 14.062 (15.166)	Acc@5 45.312 (40.835)
Epoch: [2][300/468]	Time 0.145 (0.177)	Data 0.003 (0.008)	Loss 3.3207 (3.3493)	Acc@1 17.188 (16.139)	Acc@5 48.438 (41.985)
Epoch: [2][400/468]	Time 0.131 (0.175)	Data 0.003 (0.008)	Loss 3.0268 (3.3035)	Acc@1 23.438 (17.117)	Acc@5 57.812 (43.547)
 * Acc@1 17.595 Acc@5 44.284
epoch 2, total time 80.93
Test: [0/94]	Time 0.486 (0.486)	Loss 2.9664 (2.9664)	Acc@1 25.000 (25.000)	Acc@5 53.125 (53.125)
 * Acc@1 21.600 Acc@5 51.200
==> training...
Epoch: [3][0/468]	Time 1.227 (1.227)	Data 1.053 (1.053)	Loss 3.0655 (3.0655)	Acc@1 18.750 (18.750)	Acc@5 48.438 (48.438)
Epoch: [3][100/468]	Time 0.144 (0.182)	Data 0.003 (0.016)	Loss 2.9822 (3.0574)	Acc@1 28.125 (21.983)	Acc@5 62.500 (50.959)
Epoch: [3][200/468]	Time 0.139 (0.175)	Data 0.003 (0.011)	Loss 3.3934 (3.0325)	Acc@1 15.625 (22.761)	Acc@5 39.062 (51.539)
Epoch: [3][300/468]	Time 0.266 (0.175)	Data 0.007 (0.009)	Loss 3.1222 (2.9839)	Acc@1 18.750 (23.619)	Acc@5 48.438 (52.730)
Epoch: [3][400/468]	Time 0.158 (0.171)	Data 0.001 (0.008)	Loss 2.9669 (2.9381)	Acc@1 21.875 (24.638)	Acc@5 56.250 (54.111)
 * Acc@1 25.073 Acc@5 54.607
epoch 3, total time 80.62
Test: [0/94]	Time 0.239 (0.239)	Loss 2.6835 (2.6835)	Acc@1 40.625 (40.625)	Acc@5 56.250 (56.250)
 * Acc@1 31.200 Acc@5 61.367
==> training...
Epoch: [4][0/468]	Time 1.046 (1.046)	Data 0.868 (0.868)	Loss 2.8129 (2.8129)	Acc@1 31.250 (31.250)	Acc@5 59.375 (59.375)
Epoch: [4][100/468]	Time 0.161 (0.170)	Data 0.006 (0.013)	Loss 2.8092 (2.6880)	Acc@1 31.250 (29.425)	Acc@5 67.188 (60.953)
Epoch: [4][200/468]	Time 0.114 (0.163)	Data 0.001 (0.009)	Loss 2.4368 (2.6825)	Acc@1 29.688 (29.532)	Acc@5 64.062 (61.241)
Epoch: [4][300/468]	Time 0.237 (0.168)	Data 0.003 (0.008)	Loss 2.4825 (2.6525)	Acc@1 35.938 (30.046)	Acc@5 70.312 (62.012)
Epoch: [4][400/468]	Time 0.141 (0.168)	Data 0.003 (0.008)	Loss 2.5573 (2.6270)	Acc@1 29.688 (30.525)	Acc@5 59.375 (62.500)
 * Acc@1 31.053 Acc@5 63.038
epoch 4, total time 78.40
Test: [0/94]	Time 0.314 (0.314)	Loss 2.6662 (2.6662)	Acc@1 31.250 (31.250)	Acc@5 59.375 (59.375)
 * Acc@1 33.767 Acc@5 63.267
==> training...
Epoch: [5][0/468]	Time 1.073 (1.073)	Data 0.932 (0.932)	Loss 2.5385 (2.5385)	Acc@1 34.375 (34.375)	Acc@5 67.188 (67.188)
Epoch: [5][100/468]	Time 0.221 (0.178)	Data 0.010 (0.016)	Loss 2.9469 (2.4238)	Acc@1 32.812 (35.319)	Acc@5 57.812 (67.976)
Epoch: [5][200/468]	Time 0.112 (0.175)	Data 0.002 (0.011)	Loss 1.9914 (2.3896)	Acc@1 54.688 (36.015)	Acc@5 76.562 (68.913)
Epoch: [5][300/468]	Time 0.136 (0.173)	Data 0.002 (0.009)	Loss 2.4207 (2.3841)	Acc@1 37.500 (35.886)	Acc@5 67.188 (68.921)
Epoch: [5][400/468]	Time 0.152 (0.171)	Data 0.002 (0.008)	Loss 2.2252 (2.3580)	Acc@1 34.375 (36.608)	Acc@5 68.750 (69.385)
 * Acc@1 37.079 Acc@5 69.575
epoch 5, total time 80.33
Test: [0/94]	Time 0.406 (0.406)	Loss 2.6337 (2.6337)	Acc@1 31.250 (31.250)	Acc@5 62.500 (62.500)
 * Acc@1 34.467 Acc@5 67.633
==> training...
Epoch: [6][0/468]	Time 0.827 (0.827)	Data 0.655 (0.655)	Loss 2.5127 (2.5127)	Acc@1 35.938 (35.938)	Acc@5 65.625 (65.625)
Epoch: [6][100/468]	Time 0.149 (0.168)	Data 0.003 (0.011)	Loss 1.9646 (2.2122)	Acc@1 46.875 (40.269)	Acc@5 76.562 (72.540)
Epoch: [6][200/468]	Time 0.203 (0.167)	Data 0.003 (0.008)	Loss 2.2421 (2.1984)	Acc@1 43.750 (40.602)	Acc@5 70.312 (72.932)
Epoch: [6][300/468]	Time 0.115 (0.168)	Data 0.002 (0.007)	Loss 2.2366 (2.1743)	Acc@1 42.188 (41.160)	Acc@5 68.750 (73.370)
Epoch: [6][400/468]	Time 0.216 (0.168)	Data 0.003 (0.007)	Loss 2.0646 (2.1644)	Acc@1 45.312 (41.361)	Acc@5 73.438 (73.625)
 * Acc@1 41.403 Acc@5 73.758
epoch 6, total time 79.19
Test: [0/94]	Time 0.185 (0.185)	Loss 2.0928 (2.0928)	Acc@1 40.625 (40.625)	Acc@5 68.750 (68.750)
 * Acc@1 39.400 Acc@5 72.800
==> training...
Epoch: [7][0/468]	Time 0.994 (0.994)	Data 0.833 (0.833)	Loss 1.9848 (1.9848)	Acc@1 45.312 (45.312)	Acc@5 76.562 (76.562)
Epoch: [7][100/468]	Time 0.226 (0.185)	Data 0.012 (0.014)	Loss 2.0848 (2.0078)	Acc@1 45.312 (44.756)	Acc@5 70.312 (76.578)
Epoch: [7][200/468]	Time 0.116 (0.175)	Data 0.002 (0.010)	Loss 2.1742 (2.0123)	Acc@1 39.062 (44.776)	Acc@5 84.375 (76.648)
Epoch: [7][300/468]	Time 0.113 (0.177)	Data 0.002 (0.009)	Loss 1.7845 (2.0173)	Acc@1 50.000 (44.586)	Acc@5 79.688 (76.407)
Epoch: [7][400/468]	Time 0.141 (0.172)	Data 0.002 (0.008)	Loss 1.5935 (2.0081)	Acc@1 62.500 (44.880)	Acc@5 84.375 (76.570)
 * Acc@1 45.042 Acc@5 76.793
epoch 7, total time 79.12
Test: [0/94]	Time 0.191 (0.191)	Loss 1.8757 (1.8757)	Acc@1 46.875 (46.875)	Acc@5 75.000 (75.000)
 * Acc@1 45.133 Acc@5 75.833
==> training...
Epoch: [8][0/468]	Time 0.986 (0.986)	Data 0.784 (0.784)	Loss 2.1221 (2.1221)	Acc@1 34.375 (34.375)	Acc@5 76.562 (76.562)
Epoch: [8][100/468]	Time 0.247 (0.187)	Data 0.005 (0.015)	Loss 1.9269 (1.8750)	Acc@1 46.875 (47.494)	Acc@5 75.000 (79.332)
Epoch: [8][200/468]	Time 0.140 (0.174)	Data 0.003 (0.010)	Loss 1.9365 (1.8864)	Acc@1 50.000 (47.349)	Acc@5 76.562 (79.050)
Epoch: [8][300/468]	Time 0.149 (0.173)	Data 0.009 (0.009)	Loss 1.6559 (1.8713)	Acc@1 50.000 (47.799)	Acc@5 87.500 (79.464)
Epoch: [8][400/468]	Time 0.169 (0.172)	Data 0.003 (0.008)	Loss 1.7802 (1.8730)	Acc@1 46.875 (47.915)	Acc@5 79.688 (79.298)
 * Acc@1 48.077 Acc@5 79.384
epoch 8, total time 80.81
Test: [0/94]	Time 0.418 (0.418)	Loss 1.9033 (1.9033)	Acc@1 43.750 (43.750)	Acc@5 81.250 (81.250)
 * Acc@1 46.200 Acc@5 77.600
==> training...
Epoch: [9][0/468]	Time 0.392 (0.392)	Data 0.329 (0.329)	Loss 1.7129 (1.7129)	Acc@1 59.375 (59.375)	Acc@5 81.250 (81.250)
Epoch: [9][100/468]	Time 0.147 (0.165)	Data 0.003 (0.008)	Loss 1.7241 (1.7206)	Acc@1 40.625 (51.856)	Acc@5 84.375 (81.977)
Epoch: [9][200/468]	Time 0.201 (0.159)	Data 0.006 (0.006)	Loss 1.8484 (1.7515)	Acc@1 40.625 (51.236)	Acc@5 79.688 (81.227)
Epoch: [9][300/468]	Time 0.144 (0.156)	Data 0.003 (0.006)	Loss 1.6752 (1.7658)	Acc@1 56.250 (50.955)	Acc@5 84.375 (81.276)
Epoch: [9][400/468]	Time 0.217 (0.158)	Data 0.004 (0.005)	Loss 1.9556 (1.7613)	Acc@1 57.812 (51.072)	Acc@5 76.562 (81.301)
 * Acc@1 51.219 Acc@5 81.430
epoch 9, total time 74.54
Test: [0/94]	Time 0.163 (0.163)	Loss 1.9464 (1.9464)	Acc@1 46.875 (46.875)	Acc@5 84.375 (84.375)
 * Acc@1 51.300 Acc@5 81.200
==> training...
Epoch: [10][0/468]	Time 0.524 (0.524)	Data 0.366 (0.366)	Loss 1.6635 (1.6635)	Acc@1 53.125 (53.125)	Acc@5 84.375 (84.375)
Epoch: [10][100/468]	Time 0.216 (0.165)	Data 0.003 (0.008)	Loss 1.8370 (1.6088)	Acc@1 42.188 (54.935)	Acc@5 87.500 (84.298)
Epoch: [10][200/468]	Time 0.111 (0.171)	Data 0.002 (0.007)	Loss 1.6849 (1.6341)	Acc@1 50.000 (54.400)	Acc@5 85.938 (83.660)
Epoch: [10][300/468]	Time 0.134 (0.170)	Data 0.003 (0.007)	Loss 1.9379 (1.6615)	Acc@1 46.875 (53.385)	Acc@5 79.688 (83.171)
Epoch: [10][400/468]	Time 0.210 (0.168)	Data 0.003 (0.006)	Loss 1.6364 (1.6578)	Acc@1 54.688 (53.589)	Acc@5 84.375 (83.171)
 * Acc@1 53.496 Acc@5 83.176
epoch 10, total time 78.56
Test: [0/94]	Time 0.387 (0.387)	Loss 1.6871 (1.6871)	Acc@1 50.000 (50.000)	Acc@5 81.250 (81.250)
 * Acc@1 48.167 Acc@5 80.133
==> training...
Epoch: [11][0/468]	Time 0.585 (0.585)	Data 0.516 (0.516)	Loss 1.5662 (1.5662)	Acc@1 53.125 (53.125)	Acc@5 90.625 (90.625)
Epoch: [11][100/468]	Time 0.162 (0.170)	Data 0.009 (0.011)	Loss 1.5852 (1.5406)	Acc@1 57.812 (56.683)	Acc@5 87.500 (85.566)
Epoch: [11][200/468]	Time 0.172 (0.171)	Data 0.005 (0.009)	Loss 1.3501 (1.5637)	Acc@1 62.500 (56.001)	Acc@5 84.375 (85.230)
Epoch: [11][300/468]	Time 0.210 (0.168)	Data 0.008 (0.008)	Loss 1.5552 (1.5659)	Acc@1 54.688 (55.819)	Acc@5 84.375 (84.962)
Epoch: [11][400/468]	Time 0.114 (0.168)	Data 0.002 (0.007)	Loss 1.8851 (1.5601)	Acc@1 45.312 (56.129)	Acc@5 79.688 (84.878)
 * Acc@1 56.193 Acc@5 84.699
epoch 11, total time 78.97
Test: [0/94]	Time 0.257 (0.257)	Loss 1.4219 (1.4219)	Acc@1 53.125 (53.125)	Acc@5 96.875 (96.875)
 * Acc@1 51.900 Acc@5 81.633
==> training...
Epoch: [12][0/468]	Time 0.556 (0.556)	Data 0.491 (0.491)	Loss 1.3691 (1.3691)	Acc@1 60.938 (60.938)	Acc@5 85.938 (85.938)
Epoch: [12][100/468]	Time 0.232 (0.163)	Data 0.003 (0.009)	Loss 1.6745 (1.4602)	Acc@1 56.250 (58.880)	Acc@5 84.375 (86.463)
Epoch: [12][200/468]	Time 0.141 (0.158)	Data 0.003 (0.007)	Loss 1.5239 (1.4869)	Acc@1 57.812 (58.225)	Acc@5 85.938 (86.046)
Epoch: [12][300/468]	Time 0.143 (0.157)	Data 0.003 (0.006)	Loss 1.3313 (1.4960)	Acc@1 56.250 (58.036)	Acc@5 87.500 (86.015)
Epoch: [12][400/468]	Time 0.142 (0.156)	Data 0.003 (0.006)	Loss 1.6374 (1.4956)	Acc@1 50.000 (58.027)	Acc@5 82.812 (85.914)
 * Acc@1 58.096 Acc@5 86.001
epoch 12, total time 73.41
Test: [0/94]	Time 0.284 (0.284)	Loss 1.8994 (1.8994)	Acc@1 46.875 (46.875)	Acc@5 87.500 (87.500)
 * Acc@1 53.867 Acc@5 83.100
==> training...
Epoch: [13][0/468]	Time 0.499 (0.499)	Data 0.411 (0.411)	Loss 1.3983 (1.3983)	Acc@1 56.250 (56.250)	Acc@5 85.938 (85.938)
Epoch: [13][100/468]	Time 0.112 (0.159)	Data 0.002 (0.008)	Loss 1.3583 (1.4050)	Acc@1 67.188 (61.139)	Acc@5 84.375 (87.361)
Epoch: [13][200/468]	Time 0.141 (0.162)	Data 0.003 (0.006)	Loss 1.4493 (1.4025)	Acc@1 57.812 (60.883)	Acc@5 85.938 (87.438)
Epoch: [13][300/468]	Time 0.141 (0.159)	Data 0.003 (0.006)	Loss 1.1986 (1.4287)	Acc@1 64.062 (59.853)	Acc@5 90.625 (87.152)
Epoch: [13][400/468]	Time 0.142 (0.157)	Data 0.003 (0.005)	Loss 1.4881 (1.4312)	Acc@1 64.062 (59.636)	Acc@5 89.062 (86.834)
 * Acc@1 59.599 Acc@5 86.816
epoch 13, total time 73.91
Test: [0/94]	Time 0.145 (0.145)	Loss 1.5659 (1.5659)	Acc@1 43.750 (43.750)	Acc@5 87.500 (87.500)
 * Acc@1 57.367 Acc@5 84.633
==> training...
Epoch: [14][0/468]	Time 1.006 (1.006)	Data 0.861 (0.861)	Loss 1.2941 (1.2941)	Acc@1 67.188 (67.188)	Acc@5 92.188 (92.188)
Epoch: [14][100/468]	Time 0.145 (0.166)	Data 0.003 (0.014)	Loss 1.2907 (1.3051)	Acc@1 65.625 (63.227)	Acc@5 87.500 (89.016)
Epoch: [14][200/468]	Time 0.112 (0.161)	Data 0.002 (0.009)	Loss 1.7229 (1.3278)	Acc@1 53.125 (62.376)	Acc@5 78.125 (88.238)
Epoch: [14][300/468]	Time 0.165 (0.159)	Data 0.003 (0.008)	Loss 1.6553 (1.3427)	Acc@1 53.125 (62.048)	Acc@5 82.812 (88.123)
Epoch: [14][400/468]	Time 0.238 (0.158)	Data 0.003 (0.007)	Loss 1.6404 (1.3595)	Acc@1 59.375 (61.534)	Acc@5 85.938 (87.788)
 * Acc@1 61.181 Acc@5 87.527
epoch 14, total time 73.64
Test: [0/94]	Time 0.610 (0.610)	Loss 1.6254 (1.6254)	Acc@1 56.250 (56.250)	Acc@5 90.625 (90.625)
 * Acc@1 57.367 Acc@5 84.900
==> training...
Epoch: [15][0/468]	Time 0.459 (0.459)	Data 0.393 (0.393)	Loss 1.2734 (1.2734)	Acc@1 62.500 (62.500)	Acc@5 89.062 (89.062)
Epoch: [15][100/468]	Time 0.227 (0.171)	Data 0.003 (0.009)	Loss 0.9919 (1.2643)	Acc@1 68.750 (64.434)	Acc@5 95.312 (88.985)
Epoch: [15][200/468]	Time 0.139 (0.165)	Data 0.003 (0.007)	Loss 1.6558 (1.2917)	Acc@1 54.688 (63.417)	Acc@5 79.688 (88.643)
Epoch: [15][300/468]	Time 0.145 (0.161)	Data 0.011 (0.006)	Loss 1.0226 (1.3072)	Acc@1 68.750 (62.967)	Acc@5 93.750 (88.523)
Epoch: [15][400/468]	Time 0.145 (0.163)	Data 0.003 (0.006)	Loss 1.0975 (1.3181)	Acc@1 67.188 (62.562)	Acc@5 90.625 (88.412)
 * Acc@1 62.366 Acc@5 88.321
epoch 15, total time 76.08
Test: [0/94]	Time 0.396 (0.396)	Loss 1.8018 (1.8018)	Acc@1 46.875 (46.875)	Acc@5 87.500 (87.500)
 * Acc@1 53.667 Acc@5 81.200
==> training...
Epoch: [16][0/468]	Time 0.547 (0.547)	Data 0.454 (0.454)	Loss 0.9817 (0.9817)	Acc@1 70.312 (70.312)	Acc@5 93.750 (93.750)
Epoch: [16][100/468]	Time 0.189 (0.170)	Data 0.003 (0.010)	Loss 1.3527 (1.2364)	Acc@1 59.375 (64.851)	Acc@5 92.188 (89.681)
Epoch: [16][200/468]	Time 0.140 (0.161)	Data 0.003 (0.007)	Loss 1.0993 (1.2645)	Acc@1 75.000 (64.078)	Acc@5 90.625 (89.047)
Epoch: [16][300/468]	Time 0.147 (0.157)	Data 0.004 (0.006)	Loss 1.2620 (1.2772)	Acc@1 65.625 (63.528)	Acc@5 89.062 (88.959)
Epoch: [16][400/468]	Time 0.193 (0.156)	Data 0.004 (0.005)	Loss 1.3756 (1.2775)	Acc@1 62.500 (63.556)	Acc@5 92.188 (88.965)
 * Acc@1 63.435 Acc@5 88.882
epoch 16, total time 73.95
Test: [0/94]	Time 0.390 (0.390)	Loss 1.4144 (1.4144)	Acc@1 50.000 (50.000)	Acc@5 90.625 (90.625)
 * Acc@1 59.833 Acc@5 86.267
==> training...
Epoch: [17][0/468]	Time 0.725 (0.725)	Data 0.555 (0.555)	Loss 1.1601 (1.1601)	Acc@1 67.188 (67.188)	Acc@5 90.625 (90.625)
Epoch: [17][100/468]	Time 0.191 (0.166)	Data 0.003 (0.011)	Loss 1.1822 (1.1568)	Acc@1 71.875 (66.290)	Acc@5 90.625 (90.919)
Epoch: [17][200/468]	Time 0.143 (0.165)	Data 0.003 (0.008)	Loss 0.9934 (1.2144)	Acc@1 68.750 (65.260)	Acc@5 93.750 (89.949)
Epoch: [17][300/468]	Time 0.113 (0.161)	Data 0.002 (0.007)	Loss 1.4209 (1.2347)	Acc@1 57.812 (64.841)	Acc@5 79.688 (89.706)
Epoch: [17][400/468]	Time 0.111 (0.159)	Data 0.002 (0.006)	Loss 1.1864 (1.2362)	Acc@1 67.188 (64.733)	Acc@5 87.500 (89.678)
 * Acc@1 64.613 Acc@5 89.517
epoch 17, total time 73.16
Test: [0/94]	Time 0.301 (0.301)	Loss 1.6952 (1.6952)	Acc@1 43.750 (43.750)	Acc@5 90.625 (90.625)
 * Acc@1 58.967 Acc@5 86.500
==> training...
Epoch: [18][0/468]	Time 1.047 (1.047)	Data 0.850 (0.850)	Loss 1.2740 (1.2740)	Acc@1 59.375 (59.375)	Acc@5 89.062 (89.062)
Epoch: [18][100/468]	Time 0.242 (0.166)	Data 0.003 (0.013)	Loss 1.0905 (1.1362)	Acc@1 70.312 (66.259)	Acc@5 93.750 (91.646)
Epoch: [18][200/468]	Time 0.145 (0.166)	Data 0.003 (0.009)	Loss 1.1725 (1.1792)	Acc@1 70.312 (65.470)	Acc@5 87.500 (90.850)
Epoch: [18][300/468]	Time 0.114 (0.164)	Data 0.002 (0.008)	Loss 1.0474 (1.1836)	Acc@1 68.750 (65.381)	Acc@5 93.750 (90.796)
Epoch: [18][400/468]	Time 0.112 (0.166)	Data 0.002 (0.007)	Loss 0.7868 (1.2041)	Acc@1 78.125 (65.111)	Acc@5 95.312 (90.376)
 * Acc@1 65.071 Acc@5 90.238
epoch 18, total time 76.22
Test: [0/94]	Time 0.343 (0.343)	Loss 1.2904 (1.2904)	Acc@1 62.500 (62.500)	Acc@5 93.750 (93.750)
 * Acc@1 59.333 Acc@5 86.033
==> training...
Epoch: [19][0/468]	Time 0.572 (0.572)	Data 0.500 (0.500)	Loss 0.9748 (0.9748)	Acc@1 70.312 (70.312)	Acc@5 95.312 (95.312)
Epoch: [19][100/468]	Time 0.184 (0.148)	Data 0.003 (0.009)	Loss 1.3603 (1.0852)	Acc@1 57.812 (68.796)	Acc@5 90.625 (92.188)
Epoch: [19][200/468]	Time 0.205 (0.153)	Data 0.003 (0.007)	Loss 1.1126 (1.1311)	Acc@1 64.062 (67.444)	Acc@5 96.875 (91.301)
Epoch: [19][300/468]	Time 0.162 (0.157)	Data 0.003 (0.006)	Loss 1.2212 (1.1500)	Acc@1 62.500 (66.866)	Acc@5 90.625 (91.160)
Epoch: [19][400/468]	Time 0.223 (0.160)	Data 0.009 (0.006)	Loss 0.8856 (1.1648)	Acc@1 73.438 (66.591)	Acc@5 93.750 (90.909)
 * Acc@1 66.456 Acc@5 90.772
epoch 19, total time 74.24
Test: [0/94]	Time 0.346 (0.346)	Loss 1.4212 (1.4212)	Acc@1 56.250 (56.250)	Acc@5 93.750 (93.750)
 * Acc@1 60.300 Acc@5 86.867
==> training...
Epoch: [20][0/468]	Time 0.520 (0.520)	Data 0.412 (0.412)	Loss 0.9481 (0.9481)	Acc@1 71.875 (71.875)	Acc@5 95.312 (95.312)
Epoch: [20][100/468]	Time 0.112 (0.166)	Data 0.002 (0.009)	Loss 1.1318 (1.1117)	Acc@1 65.625 (67.543)	Acc@5 95.312 (91.739)
Epoch: [20][200/468]	Time 0.142 (0.160)	Data 0.003 (0.007)	Loss 0.8367 (1.1079)	Acc@1 73.438 (67.669)	Acc@5 96.875 (91.604)
Epoch: [20][300/468]	Time 0.140 (0.157)	Data 0.003 (0.006)	Loss 1.1299 (1.1313)	Acc@1 70.312 (67.245)	Acc@5 93.750 (91.274)
Epoch: [20][400/468]	Time 0.141 (0.159)	Data 0.008 (0.006)	Loss 1.4385 (1.1394)	Acc@1 56.250 (67.020)	Acc@5 85.938 (91.139)
 * Acc@1 67.024 Acc@5 91.062
epoch 20, total time 74.89
Test: [0/94]	Time 0.173 (0.173)	Loss 2.1430 (2.1430)	Acc@1 46.875 (46.875)	Acc@5 81.250 (81.250)
 * Acc@1 57.567 Acc@5 85.200
==> training...
Epoch: [21][0/468]	Time 0.536 (0.536)	Data 0.415 (0.415)	Loss 1.4616 (1.4616)	Acc@1 60.938 (60.938)	Acc@5 85.938 (85.938)
Epoch: [21][100/468]	Time 0.114 (0.168)	Data 0.002 (0.009)	Loss 1.0158 (1.0971)	Acc@1 70.312 (68.255)	Acc@5 96.875 (91.414)
Epoch: [21][200/468]	Time 0.145 (0.164)	Data 0.003 (0.007)	Loss 0.9889 (1.0993)	Acc@1 64.062 (68.113)	Acc@5 96.875 (91.356)
Epoch: [21][300/468]	Time 0.165 (0.160)	Data 0.002 (0.006)	Loss 1.0100 (1.1163)	Acc@1 64.062 (67.753)	Acc@5 93.750 (91.056)
Epoch: [21][400/468]	Time 0.168 (0.159)	Data 0.003 (0.006)	Loss 1.0787 (1.1249)	Acc@1 70.312 (67.565)	Acc@5 95.312 (91.022)
 * Acc@1 67.555 Acc@5 90.989
epoch 21, total time 73.66
Test: [0/94]	Time 0.380 (0.380)	Loss 1.7096 (1.7096)	Acc@1 50.000 (50.000)	Acc@5 90.625 (90.625)
 * Acc@1 62.267 Acc@5 87.767
==> training...
Epoch: [22][0/468]	Time 1.339 (1.339)	Data 1.236 (1.236)	Loss 0.7984 (0.7984)	Acc@1 78.125 (78.125)	Acc@5 93.750 (93.750)
Epoch: [22][100/468]	Time 0.140 (0.172)	Data 0.003 (0.018)	Loss 0.9655 (1.0090)	Acc@1 71.875 (70.529)	Acc@5 92.188 (92.729)
Epoch: [22][200/468]	Time 0.235 (0.173)	Data 0.002 (0.012)	Loss 1.4124 (1.0417)	Acc@1 62.500 (69.729)	Acc@5 84.375 (92.242)
Epoch: [22][300/468]	Time 0.178 (0.170)	Data 0.003 (0.010)	Loss 1.2402 (1.0758)	Acc@1 60.938 (68.817)	Acc@5 90.625 (91.845)
Epoch: [22][400/468]	Time 0.153 (0.168)	Data 0.003 (0.008)	Loss 1.1171 (1.0943)	Acc@1 67.188 (68.501)	Acc@5 92.188 (91.654)
 * Acc@1 68.349 Acc@5 91.590
epoch 22, total time 78.10
Test: [0/94]	Time 0.159 (0.159)	Loss 1.6396 (1.6396)	Acc@1 65.625 (65.625)	Acc@5 84.375 (84.375)
 * Acc@1 63.400 Acc@5 87.233
==> training...
Epoch: [23][0/468]	Time 0.869 (0.869)	Data 0.693 (0.693)	Loss 1.0707 (1.0707)	Acc@1 65.625 (65.625)	Acc@5 90.625 (90.625)
Epoch: [23][100/468]	Time 0.113 (0.171)	Data 0.002 (0.014)	Loss 0.7683 (1.0259)	Acc@1 73.438 (69.725)	Acc@5 95.312 (92.930)
Epoch: [23][200/468]	Time 0.114 (0.174)	Data 0.002 (0.010)	Loss 1.1316 (1.0527)	Acc@1 70.312 (69.185)	Acc@5 93.750 (92.219)
Epoch: [23][300/468]	Time 0.114 (0.175)	Data 0.002 (0.009)	Loss 1.1427 (1.0583)	Acc@1 65.625 (69.300)	Acc@5 89.062 (92.115)
Epoch: [23][400/468]	Time 0.112 (0.174)	Data 0.002 (0.008)	Loss 0.8932 (1.0742)	Acc@1 78.125 (68.766)	Acc@5 93.750 (91.993)
 * Acc@1 68.683 Acc@5 91.937
epoch 23, total time 80.75
Test: [0/94]	Time 0.319 (0.319)	Loss 1.5430 (1.5430)	Acc@1 43.750 (43.750)	Acc@5 87.500 (87.500)
 * Acc@1 60.500 Acc@5 87.433
==> training...
Epoch: [24][0/468]	Time 1.186 (1.186)	Data 1.086 (1.086)	Loss 1.0695 (1.0695)	Acc@1 65.625 (65.625)	Acc@5 98.438 (98.438)
Epoch: [24][100/468]	Time 0.214 (0.173)	Data 0.003 (0.015)	Loss 0.6810 (0.9697)	Acc@1 84.375 (71.767)	Acc@5 95.312 (93.209)
Epoch: [24][200/468]	Time 0.144 (0.160)	Data 0.003 (0.010)	Loss 1.0523 (1.0088)	Acc@1 65.625 (70.748)	Acc@5 89.062 (92.701)
Epoch: [24][300/468]	Time 0.162 (0.158)	Data 0.003 (0.008)	Loss 0.9283 (1.0235)	Acc@1 79.688 (70.510)	Acc@5 95.312 (92.515)
Epoch: [24][400/468]	Time 0.136 (0.158)	Data 0.003 (0.007)	Loss 0.8831 (1.0471)	Acc@1 79.688 (69.814)	Acc@5 95.312 (92.226)
 * Acc@1 69.775 Acc@5 92.074
epoch 24, total time 74.46
Test: [0/94]	Time 0.269 (0.269)	Loss 1.3085 (1.3085)	Acc@1 53.125 (53.125)	Acc@5 87.500 (87.500)
 * Acc@1 59.667 Acc@5 85.933
==> training...
Epoch: [25][0/468]	Time 0.419 (0.419)	Data 0.347 (0.347)	Loss 0.9869 (0.9869)	Acc@1 71.875 (71.875)	Acc@5 90.625 (90.625)
Epoch: [25][100/468]	Time 0.154 (0.162)	Data 0.004 (0.008)	Loss 0.8559 (0.9831)	Acc@1 73.438 (70.947)	Acc@5 95.312 (92.621)
Epoch: [25][200/468]	Time 0.146 (0.157)	Data 0.003 (0.006)	Loss 1.0732 (1.0024)	Acc@1 68.750 (70.468)	Acc@5 92.188 (92.475)
Epoch: [25][300/468]	Time 0.182 (0.157)	Data 0.003 (0.006)	Loss 0.8264 (1.0148)	Acc@1 82.812 (70.292)	Acc@5 93.750 (92.390)
Epoch: [25][400/468]	Time 0.231 (0.160)	Data 0.014 (0.005)	Loss 0.8543 (1.0302)	Acc@1 70.312 (69.954)	Acc@5 95.312 (92.351)
 * Acc@1 69.972 Acc@5 92.298
epoch 25, total time 75.24
Test: [0/94]	Time 0.173 (0.173)	Loss 1.5737 (1.5737)	Acc@1 53.125 (53.125)	Acc@5 87.500 (87.500)
 * Acc@1 63.967 Acc@5 88.100
==> training...
Epoch: [26][0/468]	Time 1.502 (1.502)	Data 1.365 (1.365)	Loss 0.9449 (0.9449)	Acc@1 73.438 (73.438)	Acc@5 95.312 (95.312)
Epoch: [26][100/468]	Time 0.136 (0.170)	Data 0.002 (0.018)	Loss 1.1925 (0.9232)	Acc@1 65.625 (72.803)	Acc@5 89.062 (93.843)
Epoch: [26][200/468]	Time 0.128 (0.168)	Data 0.002 (0.011)	Loss 0.7914 (0.9639)	Acc@1 79.688 (71.727)	Acc@5 96.875 (93.190)
Epoch: [26][300/468]	Time 0.115 (0.166)	Data 0.002 (0.009)	Loss 1.0054 (0.9978)	Acc@1 70.312 (70.967)	Acc@5 93.750 (92.790)
Epoch: [26][400/468]	Time 0.160 (0.169)	Data 0.003 (0.008)	Loss 0.9922 (1.0103)	Acc@1 73.438 (70.714)	Acc@5 90.625 (92.601)
 * Acc@1 70.580 Acc@5 92.461
epoch 26, total time 79.47
Test: [0/94]	Time 0.181 (0.181)	Loss 1.6524 (1.6524)	Acc@1 53.125 (53.125)	Acc@5 87.500 (87.500)
 * Acc@1 59.600 Acc@5 86.867
==> training...
Epoch: [27][0/468]	Time 1.302 (1.302)	Data 1.122 (1.122)	Loss 1.2707 (1.2707)	Acc@1 68.750 (68.750)	Acc@5 87.500 (87.500)
Epoch: [27][100/468]	Time 0.219 (0.173)	Data 0.009 (0.016)	Loss 1.0013 (0.9528)	Acc@1 68.750 (72.308)	Acc@5 93.750 (93.595)
Epoch: [27][200/468]	Time 0.145 (0.165)	Data 0.003 (0.010)	Loss 0.9172 (0.9709)	Acc@1 75.000 (71.953)	Acc@5 90.625 (93.260)
Epoch: [27][300/468]	Time 0.112 (0.167)	Data 0.002 (0.009)	Loss 1.0419 (0.9723)	Acc@1 68.750 (72.000)	Acc@5 92.188 (93.070)
Epoch: [27][400/468]	Time 0.181 (0.168)	Data 0.003 (0.008)	Loss 0.8918 (0.9942)	Acc@1 71.875 (71.341)	Acc@5 93.750 (92.827)
 * Acc@1 71.161 Acc@5 92.862
epoch 27, total time 78.55
Test: [0/94]	Time 0.153 (0.153)	Loss 1.5040 (1.5040)	Acc@1 50.000 (50.000)	Acc@5 90.625 (90.625)
 * Acc@1 61.500 Acc@5 87.933
==> training...
Epoch: [28][0/468]	Time 0.910 (0.910)	Data 0.715 (0.715)	Loss 0.8169 (0.8169)	Acc@1 78.125 (78.125)	Acc@5 93.750 (93.750)
Epoch: [28][100/468]	Time 0.113 (0.169)	Data 0.004 (0.012)	Loss 1.0291 (0.9017)	Acc@1 71.875 (73.623)	Acc@5 93.750 (94.168)
Epoch: [28][200/468]	Time 0.112 (0.165)	Data 0.002 (0.008)	Loss 0.9563 (0.9515)	Acc@1 68.750 (72.357)	Acc@5 96.875 (93.672)
Epoch: [28][300/468]	Time 0.232 (0.163)	Data 0.010 (0.007)	Loss 1.0084 (0.9696)	Acc@1 68.750 (71.662)	Acc@5 92.188 (93.335)
Epoch: [28][400/468]	Time 0.189 (0.166)	Data 0.010 (0.007)	Loss 1.0905 (0.9806)	Acc@1 65.625 (71.372)	Acc@5 85.938 (93.111)
 * Acc@1 71.087 Acc@5 93.012
epoch 28, total time 76.88
Test: [0/94]	Time 0.407 (0.407)	Loss 1.4232 (1.4232)	Acc@1 56.250 (56.250)	Acc@5 84.375 (84.375)
 * Acc@1 64.333 Acc@5 87.067
==> training...
Epoch: [29][0/468]	Time 0.949 (0.949)	Data 0.771 (0.771)	Loss 1.0774 (1.0774)	Acc@1 70.312 (70.312)	Acc@5 93.750 (93.750)
Epoch: [29][100/468]	Time 0.210 (0.175)	Data 0.001 (0.013)	Loss 0.7093 (0.9204)	Acc@1 75.000 (72.386)	Acc@5 96.875 (94.508)
Epoch: [29][200/468]	Time 0.203 (0.165)	Data 0.003 (0.009)	Loss 0.8352 (0.9410)	Acc@1 76.562 (72.217)	Acc@5 96.875 (93.968)
Epoch: [29][300/468]	Time 0.134 (0.160)	Data 0.002 (0.007)	Loss 0.9546 (0.9514)	Acc@1 70.312 (71.813)	Acc@5 90.625 (93.719)
Epoch: [29][400/468]	Time 0.211 (0.163)	Data 0.009 (0.007)	Loss 0.7921 (0.9728)	Acc@1 70.312 (71.407)	Acc@5 96.875 (93.372)
 * Acc@1 71.147 Acc@5 93.253
epoch 29, total time 75.82
Test: [0/94]	Time 0.258 (0.258)	Loss 1.5029 (1.5029)	Acc@1 56.250 (56.250)	Acc@5 90.625 (90.625)
 * Acc@1 65.200 Acc@5 88.133
==> training...
Epoch: [30][0/468]	Time 1.237 (1.237)	Data 1.068 (1.068)	Loss 0.7088 (0.7088)	Acc@1 78.125 (78.125)	Acc@5 96.875 (96.875)
Epoch: [30][100/468]	Time 0.160 (0.181)	Data 0.004 (0.016)	Loss 0.8912 (0.8761)	Acc@1 73.438 (74.691)	Acc@5 93.750 (94.431)
Epoch: [30][200/468]	Time 0.141 (0.176)	Data 0.003 (0.011)	Loss 1.1140 (0.8942)	Acc@1 65.625 (74.262)	Acc@5 90.625 (94.139)
Epoch: [30][300/468]	Time 0.133 (0.169)	Data 0.002 (0.009)	Loss 1.3562 (0.9204)	Acc@1 60.938 (73.541)	Acc@5 89.062 (93.812)
Epoch: [30][400/468]	Time 0.111 (0.166)	Data 0.002 (0.008)	Loss 0.9307 (0.9335)	Acc@1 73.438 (73.137)	Acc@5 98.438 (93.699)
 * Acc@1 72.713 Acc@5 93.526
epoch 30, total time 77.08
Test: [0/94]	Time 0.254 (0.254)	Loss 1.6416 (1.6416)	Acc@1 59.375 (59.375)	Acc@5 87.500 (87.500)
 * Acc@1 57.233 Acc@5 83.900
==> training...
Epoch: [31][0/468]	Time 1.265 (1.265)	Data 1.091 (1.091)	Loss 1.0847 (1.0847)	Acc@1 68.750 (68.750)	Acc@5 92.188 (92.188)
Epoch: [31][100/468]	Time 0.146 (0.167)	Data 0.003 (0.015)	Loss 1.1214 (0.8559)	Acc@1 60.938 (74.783)	Acc@5 92.188 (94.678)
Epoch: [31][200/468]	Time 0.170 (0.159)	Data 0.006 (0.010)	Loss 1.2233 (0.9027)	Acc@1 65.625 (73.430)	Acc@5 85.938 (93.921)
Epoch: [31][300/468]	Time 0.211 (0.160)	Data 0.008 (0.008)	Loss 1.1139 (0.9199)	Acc@1 67.188 (72.965)	Acc@5 92.188 (93.807)
Epoch: [31][400/468]	Time 0.108 (0.164)	Data 0.003 (0.007)	Loss 0.9911 (0.9416)	Acc@1 70.312 (72.428)	Acc@5 93.750 (93.567)
 * Acc@1 72.226 Acc@5 93.550
epoch 31, total time 75.20
Test: [0/94]	Time 0.615 (0.615)	Loss 1.4287 (1.4287)	Acc@1 50.000 (50.000)	Acc@5 90.625 (90.625)
 * Acc@1 62.467 Acc@5 88.100
==> training...
Epoch: [32][0/468]	Time 0.908 (0.908)	Data 0.757 (0.757)	Loss 1.0522 (1.0522)	Acc@1 71.875 (71.875)	Acc@5 90.625 (90.625)
Epoch: [32][100/468]	Time 0.242 (0.169)	Data 0.003 (0.012)	Loss 0.8436 (0.8506)	Acc@1 78.125 (74.706)	Acc@5 96.875 (94.601)
Epoch: [32][200/468]	Time 0.142 (0.169)	Data 0.003 (0.009)	Loss 0.8849 (0.8764)	Acc@1 75.000 (73.997)	Acc@5 93.750 (94.279)
Epoch: [32][300/468]	Time 0.148 (0.167)	Data 0.003 (0.008)	Loss 0.9305 (0.8929)	Acc@1 75.000 (73.635)	Acc@5 90.625 (94.108)
Epoch: [32][400/468]	Time 0.236 (0.164)	Data 0.009 (0.007)	Loss 1.3385 (0.9160)	Acc@1 60.938 (73.075)	Acc@5 92.188 (93.785)
 * Acc@1 72.793 Acc@5 93.596
epoch 32, total time 76.45
Test: [0/94]	Time 0.298 (0.298)	Loss 1.5832 (1.5832)	Acc@1 59.375 (59.375)	Acc@5 93.750 (93.750)
 * Acc@1 61.300 Acc@5 86.833
==> training...
Epoch: [33][0/468]	Time 0.507 (0.507)	Data 0.411 (0.411)	Loss 0.6834 (0.6834)	Acc@1 81.250 (81.250)	Acc@5 98.438 (98.438)
Epoch: [33][100/468]	Time 0.135 (0.161)	Data 0.003 (0.008)	Loss 0.8622 (0.8603)	Acc@1 76.562 (74.737)	Acc@5 95.312 (94.833)
Epoch: [33][200/468]	Time 0.218 (0.160)	Data 0.010 (0.006)	Loss 1.4074 (0.8692)	Acc@1 64.062 (74.868)	Acc@5 85.938 (94.496)
Epoch: [33][300/468]	Time 0.143 (0.162)	Data 0.003 (0.006)	Loss 0.8700 (0.9037)	Acc@1 75.000 (73.547)	Acc@5 96.875 (94.134)
Epoch: [33][400/468]	Time 0.155 (0.161)	Data 0.004 (0.006)	Loss 0.9991 (0.9227)	Acc@1 70.312 (72.974)	Acc@5 93.750 (93.824)
 * Acc@1 72.670 Acc@5 93.723
epoch 33, total time 75.84
Test: [0/94]	Time 0.179 (0.179)	Loss 1.4131 (1.4131)	Acc@1 59.375 (59.375)	Acc@5 87.500 (87.500)
 * Acc@1 67.733 Acc@5 89.367
==> training...
Epoch: [34][0/468]	Time 0.549 (0.549)	Data 0.381 (0.381)	Loss 0.8370 (0.8370)	Acc@1 70.312 (70.312)	Acc@5 92.188 (92.188)
Epoch: [34][100/468]	Time 0.143 (0.179)	Data 0.003 (0.010)	Loss 0.8607 (0.8469)	Acc@1 75.000 (74.985)	Acc@5 92.188 (94.570)
Epoch: [34][200/468]	Time 0.155 (0.171)	Data 0.004 (0.008)	Loss 0.7022 (0.8640)	Acc@1 81.250 (74.440)	Acc@5 96.875 (94.457)
Epoch: [34][300/468]	Time 0.221 (0.167)	Data 0.009 (0.007)	Loss 1.2563 (0.8894)	Acc@1 65.625 (73.707)	Acc@5 87.500 (94.176)
Epoch: [34][400/468]	Time 0.142 (0.165)	Data 0.003 (0.006)	Loss 0.9616 (0.9012)	Acc@1 71.875 (73.422)	Acc@5 93.750 (94.003)
 * Acc@1 73.210 Acc@5 93.940
epoch 34, total time 77.34
Test: [0/94]	Time 0.186 (0.186)	Loss 1.4184 (1.4184)	Acc@1 62.500 (62.500)	Acc@5 90.625 (90.625)
 * Acc@1 64.200 Acc@5 88.600
==> training...
Epoch: [35][0/468]	Time 0.532 (0.532)	Data 0.463 (0.463)	Loss 0.8845 (0.8845)	Acc@1 75.000 (75.000)	Acc@5 93.750 (93.750)
Epoch: [35][100/468]	Time 0.144 (0.166)	Data 0.003 (0.011)	Loss 0.8368 (0.8399)	Acc@1 68.750 (75.217)	Acc@5 93.750 (95.050)
Epoch: [35][200/468]	Time 0.218 (0.168)	Data 0.008 (0.008)	Loss 0.7690 (0.8439)	Acc@1 68.750 (75.016)	Acc@5 96.875 (94.784)
Epoch: [35][300/468]	Time 0.113 (0.167)	Data 0.002 (0.007)	Loss 1.0142 (0.8854)	Acc@1 71.875 (73.713)	Acc@5 89.062 (94.409)
Epoch: [35][400/468]	Time 0.209 (0.166)	Data 0.006 (0.006)	Loss 0.7596 (0.8974)	Acc@1 75.000 (73.317)	Acc@5 96.875 (94.194)
 * Acc@1 73.047 Acc@5 94.037
epoch 35, total time 77.06
Test: [0/94]	Time 0.384 (0.384)	Loss 1.0590 (1.0590)	Acc@1 78.125 (78.125)	Acc@5 90.625 (90.625)
 * Acc@1 66.033 Acc@5 89.333
==> training...
Epoch: [36][0/468]	Time 1.265 (1.265)	Data 1.099 (1.099)	Loss 0.9122 (0.9122)	Acc@1 75.000 (75.000)	Acc@5 90.625 (90.625)
Epoch: [36][100/468]	Time 0.211 (0.173)	Data 0.005 (0.016)	Loss 0.7824 (0.8120)	Acc@1 73.438 (76.021)	Acc@5 93.750 (95.019)
Epoch: [36][200/468]	Time 0.137 (0.167)	Data 0.004 (0.010)	Loss 0.7955 (0.8414)	Acc@1 75.000 (75.155)	Acc@5 93.750 (94.605)
Epoch: [36][300/468]	Time 0.113 (0.165)	Data 0.002 (0.009)	Loss 0.8925 (0.8714)	Acc@1 65.625 (74.263)	Acc@5 93.750 (94.295)
Epoch: [36][400/468]	Time 0.139 (0.165)	Data 0.007 (0.008)	Loss 1.1702 (0.8832)	Acc@1 67.188 (73.928)	Acc@5 92.188 (94.151)
 * Acc@1 73.798 Acc@5 94.074
epoch 36, total time 75.83
Test: [0/94]	Time 0.407 (0.407)	Loss 1.2090 (1.2090)	Acc@1 65.625 (65.625)	Acc@5 90.625 (90.625)
 * Acc@1 64.300 Acc@5 89.033
==> training...
Epoch: [37][0/468]	Time 1.518 (1.518)	Data 1.332 (1.332)	Loss 0.7797 (0.7797)	Acc@1 76.562 (76.562)	Acc@5 96.875 (96.875)
Epoch: [37][100/468]	Time 0.144 (0.177)	Data 0.005 (0.018)	Loss 0.9973 (0.8356)	Acc@1 68.750 (75.248)	Acc@5 93.750 (94.864)
Epoch: [37][200/468]	Time 0.114 (0.165)	Data 0.002 (0.011)	Loss 0.5055 (0.8329)	Acc@1 82.812 (75.187)	Acc@5 96.875 (94.963)
Epoch: [37][300/468]	Time 0.141 (0.165)	Data 0.002 (0.009)	Loss 1.0167 (0.8634)	Acc@1 73.438 (74.465)	Acc@5 95.312 (94.560)
Epoch: [37][400/468]	Time 0.143 (0.162)	Data 0.003 (0.008)	Loss 0.7923 (0.8875)	Acc@1 78.125 (73.991)	Acc@5 93.750 (94.108)
 * Acc@1 73.711 Acc@5 94.151
epoch 37, total time 75.59
Test: [0/94]	Time 0.433 (0.433)	Loss 1.3667 (1.3667)	Acc@1 56.250 (56.250)	Acc@5 90.625 (90.625)
 * Acc@1 62.633 Acc@5 87.967
==> training...
Epoch: [38][0/468]	Time 1.009 (1.009)	Data 0.783 (0.783)	Loss 0.5875 (0.5875)	Acc@1 79.688 (79.688)	Acc@5 96.875 (96.875)
Epoch: [38][100/468]	Time 0.135 (0.160)	Data 0.010 (0.012)	Loss 0.8872 (0.8053)	Acc@1 76.562 (76.269)	Acc@5 95.312 (95.173)
Epoch: [38][200/468]	Time 0.147 (0.160)	Data 0.003 (0.009)	Loss 1.2279 (0.8466)	Acc@1 68.750 (75.062)	Acc@5 87.500 (94.590)
Epoch: [38][300/468]	Time 0.216 (0.155)	Data 0.008 (0.007)	Loss 1.2420 (0.8655)	Acc@1 64.062 (74.554)	Acc@5 90.625 (94.357)
Epoch: [38][400/468]	Time 0.113 (0.158)	Data 0.002 (0.007)	Loss 0.7483 (0.8759)	Acc@1 85.938 (74.236)	Acc@5 93.750 (94.163)
 * Acc@1 74.195 Acc@5 94.144
epoch 38, total time 73.70
Test: [0/94]	Time 0.251 (0.251)	Loss 1.5253 (1.5253)	Acc@1 53.125 (53.125)	Acc@5 87.500 (87.500)
 * Acc@1 63.567 Acc@5 88.200
==> training...
Epoch: [39][0/468]	Time 0.537 (0.537)	Data 0.460 (0.460)	Loss 0.8307 (0.8307)	Acc@1 76.562 (76.562)	Acc@5 95.312 (95.312)
Epoch: [39][100/468]	Time 0.245 (0.158)	Data 0.004 (0.008)	Loss 0.6271 (0.7774)	Acc@1 79.688 (76.408)	Acc@5 95.312 (95.947)
Epoch: [39][200/468]	Time 0.151 (0.158)	Data 0.003 (0.007)	Loss 0.6792 (0.8129)	Acc@1 82.812 (76.104)	Acc@5 98.438 (95.211)
Epoch: [39][300/468]	Time 0.111 (0.157)	Data 0.002 (0.006)	Loss 0.8669 (0.8360)	Acc@1 70.312 (75.358)	Acc@5 95.312 (94.918)
Epoch: [39][400/468]	Time 0.144 (0.158)	Data 0.003 (0.005)	Loss 0.5794 (0.8642)	Acc@1 90.625 (74.587)	Acc@5 95.312 (94.588)
 * Acc@1 74.319 Acc@5 94.485
epoch 39, total time 73.55
Test: [0/94]	Time 0.309 (0.309)	Loss 1.3146 (1.3146)	Acc@1 65.625 (65.625)	Acc@5 90.625 (90.625)
 * Acc@1 61.533 Acc@5 87.100
==> training...
Epoch: [40][0/468]	Time 1.235 (1.235)	Data 1.168 (1.168)	Loss 0.7616 (0.7616)	Acc@1 75.000 (75.000)	Acc@5 96.875 (96.875)
Epoch: [40][100/468]	Time 0.113 (0.183)	Data 0.002 (0.017)	Loss 0.9736 (0.7864)	Acc@1 71.875 (76.918)	Acc@5 92.188 (95.235)
Epoch: [40][200/468]	Time 0.152 (0.166)	Data 0.009 (0.011)	Loss 0.7549 (0.8118)	Acc@1 78.125 (75.948)	Acc@5 92.188 (95.017)
Epoch: [40][300/468]	Time 0.145 (0.166)	Data 0.003 (0.009)	Loss 0.8669 (0.8404)	Acc@1 70.312 (75.197)	Acc@5 95.312 (94.804)
Epoch: [40][400/468]	Time 0.217 (0.165)	Data 0.009 (0.008)	Loss 0.4935 (0.8554)	Acc@1 89.062 (74.727)	Acc@5 100.000 (94.658)
 * Acc@1 74.546 Acc@5 94.578
epoch 40, total time 78.81
Test: [0/94]	Time 0.146 (0.146)	Loss 1.6624 (1.6624)	Acc@1 62.500 (62.500)	Acc@5 90.625 (90.625)
 * Acc@1 62.867 Acc@5 87.833
==> training...
Epoch: [41][0/468]	Time 0.943 (0.943)	Data 0.761 (0.761)	Loss 0.5678 (0.5678)	Acc@1 79.688 (79.688)	Acc@5 96.875 (96.875)
Epoch: [41][100/468]	Time 0.181 (0.189)	Data 0.021 (0.013)	Loss 1.1102 (0.8025)	Acc@1 67.188 (75.913)	Acc@5 93.750 (95.328)
Epoch: [41][200/468]	Time 0.230 (0.180)	Data 0.009 (0.009)	Loss 0.8785 (0.8145)	Acc@1 78.125 (75.676)	Acc@5 92.188 (95.048)
Epoch: [41][300/468]	Time 0.220 (0.181)	Data 0.007 (0.008)	Loss 0.8271 (0.8283)	Acc@1 79.688 (75.343)	Acc@5 93.750 (94.793)
Epoch: [41][400/468]	Time 0.233 (0.176)	Data 0.009 (0.008)	Loss 0.9855 (0.8486)	Acc@1 68.750 (74.762)	Acc@5 95.312 (94.662)
 * Acc@1 74.486 Acc@5 94.535
epoch 41, total time 81.47
Test: [0/94]	Time 0.295 (0.295)	Loss 1.4378 (1.4378)	Acc@1 59.375 (59.375)	Acc@5 96.875 (96.875)
 * Acc@1 62.033 Acc@5 87.833
==> training...
Epoch: [42][0/468]	Time 0.589 (0.589)	Data 0.506 (0.506)	Loss 0.7436 (0.7436)	Acc@1 81.250 (81.250)	Acc@5 95.312 (95.312)
Epoch: [42][100/468]	Time 0.153 (0.165)	Data 0.004 (0.010)	Loss 0.6683 (0.7753)	Acc@1 76.562 (76.996)	Acc@5 96.875 (95.436)
Epoch: [42][200/468]	Time 0.148 (0.165)	Data 0.003 (0.007)	Loss 1.0324 (0.7891)	Acc@1 68.750 (76.640)	Acc@5 96.875 (95.375)
Epoch: [42][300/468]	Time 0.141 (0.161)	Data 0.003 (0.006)	Loss 0.9825 (0.8245)	Acc@1 71.875 (75.748)	Acc@5 90.625 (94.845)
Epoch: [42][400/468]	Time 0.144 (0.158)	Data 0.001 (0.006)	Loss 0.7992 (0.8391)	Acc@1 75.000 (75.304)	Acc@5 95.312 (94.693)
 * Acc@1 74.957 Acc@5 94.561
epoch 42, total time 74.21
Test: [0/94]	Time 0.151 (0.151)	Loss 1.2723 (1.2723)	Acc@1 62.500 (62.500)	Acc@5 90.625 (90.625)
 * Acc@1 65.533 Acc@5 89.667
==> training...
Epoch: [43][0/468]	Time 0.701 (0.701)	Data 0.569 (0.569)	Loss 0.8474 (0.8474)	Acc@1 75.000 (75.000)	Acc@5 95.312 (95.312)
Epoch: [43][100/468]	Time 0.114 (0.166)	Data 0.002 (0.010)	Loss 0.8878 (0.7659)	Acc@1 71.875 (77.785)	Acc@5 92.188 (95.606)
Epoch: [43][200/468]	Time 0.146 (0.163)	Data 0.003 (0.007)	Loss 0.7700 (0.7803)	Acc@1 78.125 (77.107)	Acc@5 96.875 (95.359)
Epoch: [43][300/468]	Time 0.202 (0.165)	Data 0.003 (0.007)	Loss 0.8543 (0.8183)	Acc@1 75.000 (75.825)	Acc@5 96.875 (95.053)
Epoch: [43][400/468]	Time 0.209 (0.163)	Data 0.008 (0.006)	Loss 1.0046 (0.8406)	Acc@1 71.875 (75.234)	Acc@5 87.500 (94.697)
 * Acc@1 74.983 Acc@5 94.581
epoch 43, total time 76.54
Test: [0/94]	Time 0.388 (0.388)	Loss 1.3902 (1.3902)	Acc@1 68.750 (68.750)	Acc@5 93.750 (93.750)
 * Acc@1 66.300 Acc@5 89.600
==> training...
Epoch: [44][0/468]	Time 0.588 (0.588)	Data 0.516 (0.516)	Loss 0.9306 (0.9306)	Acc@1 76.562 (76.562)	Acc@5 93.750 (93.750)
Epoch: [44][100/468]	Time 0.211 (0.163)	Data 0.003 (0.011)	Loss 0.8089 (0.7869)	Acc@1 76.562 (76.717)	Acc@5 93.750 (95.436)
Epoch: [44][200/468]	Time 0.148 (0.166)	Data 0.003 (0.008)	Loss 0.7995 (0.8034)	Acc@1 79.688 (76.042)	Acc@5 93.750 (95.227)
Epoch: [44][300/468]	Time 0.170 (0.163)	Data 0.003 (0.007)	Loss 1.2325 (0.8233)	Acc@1 64.062 (75.369)	Acc@5 87.500 (94.949)
Epoch: [44][400/468]	Time 0.144 (0.161)	Data 0.003 (0.006)	Loss 0.7636 (0.8406)	Acc@1 78.125 (75.043)	Acc@5 96.875 (94.806)
 * Acc@1 75.060 Acc@5 94.752
epoch 44, total time 74.92
Test: [0/94]	Time 0.205 (0.205)	Loss 1.2783 (1.2783)	Acc@1 62.500 (62.500)	Acc@5 90.625 (90.625)
 * Acc@1 64.767 Acc@5 89.300
==> training...
Epoch: [45][0/468]	Time 0.891 (0.891)	Data 0.771 (0.771)	Loss 0.9445 (0.9445)	Acc@1 71.875 (71.875)	Acc@5 95.312 (95.312)
Epoch: [45][100/468]	Time 0.143 (0.169)	Data 0.003 (0.012)	Loss 1.1164 (0.7341)	Acc@1 67.188 (77.785)	Acc@5 89.062 (96.364)
Epoch: [45][200/468]	Time 0.148 (0.169)	Data 0.003 (0.009)	Loss 1.0048 (0.7835)	Acc@1 70.312 (76.399)	Acc@5 90.625 (95.522)
Epoch: [45][300/468]	Time 0.239 (0.166)	Data 0.003 (0.007)	Loss 0.5548 (0.8131)	Acc@1 84.375 (75.613)	Acc@5 98.438 (95.152)
Epoch: [45][400/468]	Time 0.113 (0.165)	Data 0.002 (0.007)	Loss 0.7747 (0.8247)	Acc@1 75.000 (75.327)	Acc@5 96.875 (94.974)
 * Acc@1 75.167 Acc@5 94.798
epoch 45, total time 76.44
Test: [0/94]	Time 0.406 (0.406)	Loss 1.1087 (1.1087)	Acc@1 68.750 (68.750)	Acc@5 87.500 (87.500)
 * Acc@1 65.767 Acc@5 87.967
==> training...
Epoch: [46][0/468]	Time 0.731 (0.731)	Data 0.568 (0.568)	Loss 0.7920 (0.7920)	Acc@1 76.562 (76.562)	Acc@5 96.875 (96.875)
Epoch: [46][100/468]	Time 0.217 (0.169)	Data 0.003 (0.011)	Loss 0.7188 (0.7312)	Acc@1 78.125 (77.970)	Acc@5 96.875 (96.117)
Epoch: [46][200/468]	Time 0.165 (0.166)	Data 0.003 (0.008)	Loss 0.8289 (0.7776)	Acc@1 75.000 (76.951)	Acc@5 96.875 (95.484)
Epoch: [46][300/468]	Time 0.222 (0.166)	Data 0.008 (0.007)	Loss 0.6901 (0.7959)	Acc@1 82.812 (76.428)	Acc@5 100.000 (95.229)
Epoch: [46][400/468]	Time 0.141 (0.167)	Data 0.002 (0.006)	Loss 1.0619 (0.8235)	Acc@1 78.125 (75.592)	Acc@5 93.750 (94.919)
 * Acc@1 75.234 Acc@5 94.798
epoch 46, total time 78.92
Test: [0/94]	Time 0.418 (0.418)	Loss 1.3533 (1.3533)	Acc@1 59.375 (59.375)	Acc@5 87.500 (87.500)
 * Acc@1 62.233 Acc@5 88.300
==> training...
Epoch: [47][0/468]	Time 0.998 (0.998)	Data 0.899 (0.899)	Loss 0.6846 (0.6846)	Acc@1 82.812 (82.812)	Acc@5 93.750 (93.750)
Epoch: [47][100/468]	Time 0.146 (0.163)	Data 0.003 (0.013)	Loss 0.7545 (0.7347)	Acc@1 76.562 (78.233)	Acc@5 95.312 (96.101)
Epoch: [47][200/468]	Time 0.145 (0.159)	Data 0.003 (0.009)	Loss 0.7565 (0.7642)	Acc@1 76.562 (77.293)	Acc@5 95.312 (95.538)
Epoch: [47][300/468]	Time 0.144 (0.155)	Data 0.003 (0.007)	Loss 0.7699 (0.7928)	Acc@1 76.562 (76.474)	Acc@5 95.312 (95.297)
Epoch: [47][400/468]	Time 0.199 (0.156)	Data 0.002 (0.006)	Loss 0.9465 (0.8171)	Acc@1 70.312 (75.772)	Acc@5 96.875 (95.028)
 * Acc@1 75.491 Acc@5 94.965
epoch 47, total time 74.48
Test: [0/94]	Time 0.478 (0.478)	Loss 1.1810 (1.1810)	Acc@1 62.500 (62.500)	Acc@5 90.625 (90.625)
 * Acc@1 62.933 Acc@5 86.667
==> training...
Epoch: [48][0/468]	Time 0.396 (0.396)	Data 0.328 (0.328)	Loss 0.6469 (0.6469)	Acc@1 79.688 (79.688)	Acc@5 98.438 (98.438)
Epoch: [48][100/468]	Time 0.166 (0.162)	Data 0.007 (0.007)	Loss 1.0530 (0.7449)	Acc@1 70.312 (78.140)	Acc@5 93.750 (96.024)
Epoch: [48][200/468]	Time 0.222 (0.158)	Data 0.009 (0.006)	Loss 0.9136 (0.7695)	Acc@1 71.875 (77.480)	Acc@5 95.312 (95.647)
Epoch: [48][300/468]	Time 0.136 (0.155)	Data 0.003 (0.005)	Loss 0.6741 (0.7933)	Acc@1 75.000 (76.625)	Acc@5 96.875 (95.380)
Epoch: [48][400/468]	Time 0.217 (0.158)	Data 0.008 (0.005)	Loss 1.1583 (0.8093)	Acc@1 68.750 (76.200)	Acc@5 90.625 (95.145)
 * Acc@1 75.791 Acc@5 95.042
epoch 48, total time 74.66
Test: [0/94]	Time 1.442 (1.442)	Loss 1.0756 (1.0756)	Acc@1 65.625 (65.625)	Acc@5 90.625 (90.625)
 * Acc@1 62.267 Acc@5 87.633
==> training...
Epoch: [49][0/468]	Time 1.093 (1.093)	Data 0.844 (0.844)	Loss 0.8868 (0.8868)	Acc@1 75.000 (75.000)	Acc@5 90.625 (90.625)
Epoch: [49][100/468]	Time 0.229 (0.176)	Data 0.004 (0.013)	Loss 0.5126 (0.7440)	Acc@1 87.500 (78.140)	Acc@5 98.438 (95.575)
Epoch: [49][200/468]	Time 0.219 (0.168)	Data 0.003 (0.009)	Loss 0.7195 (0.7785)	Acc@1 75.000 (76.897)	Acc@5 100.000 (95.328)
Epoch: [49][300/468]	Time 0.145 (0.163)	Data 0.003 (0.007)	Loss 0.8367 (0.8003)	Acc@1 75.000 (76.204)	Acc@5 96.875 (95.157)
Epoch: [49][400/468]	Time 0.138 (0.159)	Data 0.003 (0.007)	Loss 0.9087 (0.8140)	Acc@1 79.688 (75.885)	Acc@5 98.438 (95.020)
 * Acc@1 75.471 Acc@5 94.899
epoch 49, total time 74.96
Test: [0/94]	Time 2.724 (2.724)	Loss 1.2605 (1.2605)	Acc@1 53.125 (53.125)	Acc@5 90.625 (90.625)
 * Acc@1 66.133 Acc@5 89.200
==> training...
Epoch: [50][0/468]	Time 1.243 (1.243)	Data 0.865 (0.865)	Loss 0.8027 (0.8027)	Acc@1 73.438 (73.438)	Acc@5 93.750 (93.750)
Epoch: [50][100/468]	Time 0.147 (0.174)	Data 0.003 (0.013)	Loss 0.7907 (0.7568)	Acc@1 76.562 (77.413)	Acc@5 95.312 (95.684)
Epoch: [50][200/468]	Time 0.112 (0.170)	Data 0.002 (0.009)	Loss 0.9827 (0.7645)	Acc@1 71.875 (77.278)	Acc@5 93.750 (95.818)
Epoch: [50][300/468]	Time 0.113 (0.170)	Data 0.002 (0.008)	Loss 0.8354 (0.7925)	Acc@1 76.562 (76.464)	Acc@5 92.188 (95.442)
Epoch: [50][400/468]	Time 0.113 (0.166)	Data 0.002 (0.007)	Loss 0.9569 (0.8071)	Acc@1 75.000 (76.095)	Acc@5 95.312 (95.227)
 * Acc@1 75.798 Acc@5 95.169
epoch 50, total time 77.18
Test: [0/94]	Time 0.304 (0.304)	Loss 1.5720 (1.5720)	Acc@1 56.250 (56.250)	Acc@5 87.500 (87.500)
 * Acc@1 64.400 Acc@5 88.033
==> training...
Epoch: [51][0/468]	Time 1.154 (1.154)	Data 1.007 (1.007)	Loss 0.6949 (0.6949)	Acc@1 79.688 (79.688)	Acc@5 93.750 (93.750)
Epoch: [51][100/468]	Time 0.148 (0.180)	Data 0.008 (0.015)	Loss 0.7281 (0.7062)	Acc@1 78.125 (78.899)	Acc@5 96.875 (96.318)
Epoch: [51][200/468]	Time 0.134 (0.167)	Data 0.002 (0.010)	Loss 0.8632 (0.7497)	Acc@1 73.438 (77.542)	Acc@5 90.625 (95.623)
Epoch: [51][300/468]	Time 0.113 (0.169)	Data 0.002 (0.009)	Loss 0.7568 (0.7610)	Acc@1 78.125 (77.056)	Acc@5 95.312 (95.520)
Epoch: [51][400/468]	Time 0.144 (0.167)	Data 0.003 (0.008)	Loss 0.6608 (0.7961)	Acc@1 78.125 (76.220)	Acc@5 96.875 (95.122)
 * Acc@1 75.998 Acc@5 95.029
epoch 51, total time 77.15
Test: [0/94]	Time 0.279 (0.279)	Loss 1.2067 (1.2067)	Acc@1 65.625 (65.625)	Acc@5 90.625 (90.625)
 * Acc@1 62.433 Acc@5 88.200
==> training...
Epoch: [52][0/468]	Time 0.489 (0.489)	Data 0.412 (0.412)	Loss 0.5667 (0.5667)	Acc@1 81.250 (81.250)	Acc@5 98.438 (98.438)
Epoch: [52][100/468]	Time 0.139 (0.163)	Data 0.003 (0.009)	Loss 0.8486 (0.7229)	Acc@1 76.562 (78.589)	Acc@5 96.875 (96.364)
Epoch: [52][200/468]	Time 0.151 (0.163)	Data 0.005 (0.007)	Loss 0.7171 (0.7573)	Acc@1 79.688 (77.861)	Acc@5 98.438 (95.841)
Epoch: [52][300/468]	Time 0.171 (0.163)	Data 0.015 (0.006)	Loss 0.6156 (0.7825)	Acc@1 84.375 (76.931)	Acc@5 98.438 (95.603)
Epoch: [52][400/468]	Time 0.148 (0.163)	Data 0.003 (0.006)	Loss 0.5999 (0.8040)	Acc@1 78.125 (76.360)	Acc@5 96.875 (95.379)
 * Acc@1 76.005 Acc@5 95.129
epoch 52, total time 75.94
Test: [0/94]	Time 0.318 (0.318)	Loss 1.3806 (1.3806)	Acc@1 59.375 (59.375)	Acc@5 90.625 (90.625)
 * Acc@1 68.733 Acc@5 90.200
==> training...
Epoch: [53][0/468]	Time 1.334 (1.334)	Data 1.233 (1.233)	Loss 0.7217 (0.7217)	Acc@1 73.438 (73.438)	Acc@5 96.875 (96.875)
Epoch: [53][100/468]	Time 0.112 (0.179)	Data 0.003 (0.017)	Loss 0.8568 (0.7057)	Acc@1 71.875 (79.332)	Acc@5 92.188 (96.303)
Epoch: [53][200/468]	Time 0.113 (0.169)	Data 0.002 (0.011)	Loss 0.6433 (0.7372)	Acc@1 84.375 (78.296)	Acc@5 95.312 (95.942)
Epoch: [53][300/468]	Time 0.144 (0.169)	Data 0.005 (0.009)	Loss 0.8157 (0.7797)	Acc@1 75.000 (77.108)	Acc@5 92.188 (95.447)
Epoch: [53][400/468]	Time 0.143 (0.168)	Data 0.001 (0.008)	Loss 1.0272 (0.7993)	Acc@1 68.750 (76.450)	Acc@5 95.312 (95.301)
 * Acc@1 76.379 Acc@5 95.242
epoch 53, total time 78.81
Test: [0/94]	Time 0.239 (0.239)	Loss 1.6555 (1.6555)	Acc@1 59.375 (59.375)	Acc@5 84.375 (84.375)
 * Acc@1 62.367 Acc@5 87.333
==> training...
Epoch: [54][0/468]	Time 1.083 (1.083)	Data 1.010 (1.010)	Loss 0.9055 (0.9055)	Acc@1 70.312 (70.312)	Acc@5 95.312 (95.312)
Epoch: [54][100/468]	Time 0.113 (0.186)	Data 0.002 (0.016)	Loss 0.5664 (0.7228)	Acc@1 84.375 (78.434)	Acc@5 95.312 (95.962)
Epoch: [54][200/468]	Time 0.221 (0.180)	Data 0.010 (0.011)	Loss 1.0034 (0.7515)	Acc@1 73.438 (77.581)	Acc@5 93.750 (95.686)
Epoch: [54][300/468]	Time 0.213 (0.178)	Data 0.008 (0.010)	Loss 0.9043 (0.7681)	Acc@1 76.562 (77.263)	Acc@5 93.750 (95.515)
Epoch: [54][400/468]	Time 0.212 (0.178)	Data 0.008 (0.009)	Loss 0.8438 (0.7824)	Acc@1 70.312 (76.855)	Acc@5 96.875 (95.305)
 * Acc@1 76.599 Acc@5 95.186
epoch 54, total time 83.24
Test: [0/94]	Time 0.148 (0.148)	Loss 1.1766 (1.1766)	Acc@1 65.625 (65.625)	Acc@5 93.750 (93.750)
 * Acc@1 66.200 Acc@5 89.800
==> training...
Epoch: [55][0/468]	Time 0.681 (0.681)	Data 0.612 (0.612)	Loss 0.9332 (0.9332)	Acc@1 70.312 (70.312)	Acc@5 92.188 (92.188)
Epoch: [55][100/468]	Time 0.146 (0.156)	Data 0.003 (0.010)	Loss 0.6855 (0.7035)	Acc@1 71.875 (79.038)	Acc@5 98.438 (96.256)
Epoch: [55][200/468]	Time 0.148 (0.161)	Data 0.003 (0.008)	Loss 0.8655 (0.7372)	Acc@1 64.062 (77.868)	Acc@5 92.188 (95.965)
Epoch: [55][300/468]	Time 0.164 (0.160)	Data 0.006 (0.006)	Loss 0.9578 (0.7712)	Acc@1 78.125 (77.045)	Acc@5 90.625 (95.665)
Epoch: [55][400/468]	Time 0.116 (0.161)	Data 0.002 (0.006)	Loss 0.6560 (0.7857)	Acc@1 82.812 (76.785)	Acc@5 98.438 (95.390)
 * Acc@1 76.516 Acc@5 95.189
epoch 55, total time 76.67
Test: [0/94]	Time 0.482 (0.482)	Loss 1.1205 (1.1205)	Acc@1 71.875 (71.875)	Acc@5 93.750 (93.750)
 * Acc@1 64.667 Acc@5 89.033
==> training...
Epoch: [56][0/468]	Time 0.599 (0.599)	Data 0.480 (0.480)	Loss 0.6504 (0.6504)	Acc@1 78.125 (78.125)	Acc@5 98.438 (98.438)
Epoch: [56][100/468]	Time 0.169 (0.180)	Data 0.003 (0.011)	Loss 0.5097 (0.7006)	Acc@1 81.250 (78.620)	Acc@5 100.000 (96.720)
Epoch: [56][200/468]	Time 0.204 (0.181)	Data 0.012 (0.009)	Loss 0.5043 (0.7298)	Acc@1 85.938 (78.187)	Acc@5 93.750 (96.269)
Epoch: [56][300/468]	Time 0.247 (0.176)	Data 0.009 (0.008)	Loss 0.7378 (0.7644)	Acc@1 81.250 (77.372)	Acc@5 95.312 (95.868)
Epoch: [56][400/468]	Time 0.115 (0.177)	Data 0.002 (0.007)	Loss 0.6395 (0.7827)	Acc@1 81.250 (76.761)	Acc@5 98.438 (95.679)
 * Acc@1 76.526 Acc@5 95.556
epoch 56, total time 83.49
Test: [0/94]	Time 0.313 (0.313)	Loss 1.2374 (1.2374)	Acc@1 59.375 (59.375)	Acc@5 96.875 (96.875)
 * Acc@1 64.767 Acc@5 88.300
==> training...
Epoch: [57][0/468]	Time 0.714 (0.714)	Data 0.640 (0.640)	Loss 0.6391 (0.6391)	Acc@1 84.375 (84.375)	Acc@5 92.188 (92.188)
Epoch: [57][100/468]	Time 0.138 (0.163)	Data 0.022 (0.012)	Loss 0.6799 (0.7028)	Acc@1 82.812 (79.069)	Acc@5 95.312 (96.117)
Epoch: [57][200/468]	Time 0.144 (0.166)	Data 0.003 (0.009)	Loss 0.9685 (0.7400)	Acc@1 73.438 (78.164)	Acc@5 95.312 (95.919)
Epoch: [57][300/468]	Time 0.114 (0.165)	Data 0.002 (0.008)	Loss 0.8255 (0.7557)	Acc@1 79.688 (77.606)	Acc@5 96.875 (95.749)
Epoch: [57][400/468]	Time 0.227 (0.165)	Data 0.009 (0.007)	Loss 0.6780 (0.7784)	Acc@1 79.688 (76.960)	Acc@5 96.875 (95.500)
 * Acc@1 76.489 Acc@5 95.336
epoch 57, total time 77.04
Test: [0/94]	Time 0.398 (0.398)	Loss 1.0433 (1.0433)	Acc@1 71.875 (71.875)	Acc@5 93.750 (93.750)
 * Acc@1 66.067 Acc@5 90.033
==> training...
Epoch: [58][0/468]	Time 0.991 (0.991)	Data 0.824 (0.824)	Loss 0.5068 (0.5068)	Acc@1 87.500 (87.500)	Acc@5 98.438 (98.438)
Epoch: [58][100/468]	Time 0.114 (0.173)	Data 0.002 (0.013)	Loss 0.9906 (0.7011)	Acc@1 65.625 (79.749)	Acc@5 93.750 (96.364)
Epoch: [58][200/468]	Time 0.140 (0.162)	Data 0.003 (0.008)	Loss 0.8031 (0.7374)	Acc@1 76.562 (78.560)	Acc@5 96.875 (96.020)
Epoch: [58][300/468]	Time 0.140 (0.163)	Data 0.008 (0.007)	Loss 0.7525 (0.7595)	Acc@1 73.438 (77.554)	Acc@5 95.312 (95.759)
Epoch: [58][400/468]	Time 0.146 (0.163)	Data 0.003 (0.006)	Loss 0.5262 (0.7729)	Acc@1 87.500 (77.151)	Acc@5 96.875 (95.523)
 * Acc@1 77.083 Acc@5 95.489
epoch 58, total time 75.14
Test: [0/94]	Time 0.335 (0.335)	Loss 1.1805 (1.1805)	Acc@1 62.500 (62.500)	Acc@5 93.750 (93.750)
 * Acc@1 65.900 Acc@5 90.433
==> training...
Epoch: [59][0/468]	Time 1.523 (1.523)	Data 1.338 (1.338)	Loss 0.8696 (0.8696)	Acc@1 70.312 (70.312)	Acc@5 95.312 (95.312)
Epoch: [59][100/468]	Time 0.143 (0.181)	Data 0.002 (0.018)	Loss 0.8885 (0.6829)	Acc@1 79.688 (79.409)	Acc@5 93.750 (96.813)
Epoch: [59][200/468]	Time 0.148 (0.180)	Data 0.003 (0.012)	Loss 0.7649 (0.7272)	Acc@1 75.000 (78.148)	Acc@5 93.750 (96.137)
Epoch: [59][300/468]	Time 0.144 (0.174)	Data 0.003 (0.010)	Loss 0.9375 (0.7625)	Acc@1 70.312 (77.258)	Acc@5 95.312 (95.665)
Epoch: [59][400/468]	Time 0.210 (0.172)	Data 0.009 (0.009)	Loss 0.9251 (0.7851)	Acc@1 75.000 (76.566)	Acc@5 92.188 (95.558)
 * Acc@1 76.379 Acc@5 95.526
epoch 59, total time 79.91
Test: [0/94]	Time 0.248 (0.248)	Loss 1.0605 (1.0605)	Acc@1 68.750 (68.750)	Acc@5 84.375 (84.375)
 * Acc@1 68.867 Acc@5 90.500
==> training...
Epoch: [60][0/468]	Time 1.227 (1.227)	Data 1.049 (1.049)	Loss 0.5389 (0.5389)	Acc@1 87.500 (87.500)	Acc@5 98.438 (98.438)
Epoch: [60][100/468]	Time 0.144 (0.173)	Data 0.003 (0.015)	Loss 0.9636 (0.7027)	Acc@1 76.562 (79.100)	Acc@5 96.875 (96.566)
Epoch: [60][200/468]	Time 0.172 (0.166)	Data 0.002 (0.010)	Loss 0.7939 (0.7295)	Acc@1 75.000 (78.257)	Acc@5 100.000 (96.074)
Epoch: [60][300/468]	Time 0.113 (0.165)	Data 0.002 (0.008)	Loss 0.7028 (0.7433)	Acc@1 76.562 (77.985)	Acc@5 95.312 (95.832)
Epoch: [60][400/468]	Time 0.142 (0.163)	Data 0.003 (0.007)	Loss 0.7888 (0.7683)	Acc@1 79.688 (77.256)	Acc@5 93.750 (95.577)
 * Acc@1 76.910 Acc@5 95.416
epoch 60, total time 76.80
Test: [0/94]	Time 0.383 (0.383)	Loss 1.2847 (1.2847)	Acc@1 65.625 (65.625)	Acc@5 87.500 (87.500)
 * Acc@1 64.600 Acc@5 88.400
==> training...
Epoch: [61][0/468]	Time 1.118 (1.118)	Data 0.953 (0.953)	Loss 0.6563 (0.6563)	Acc@1 82.812 (82.812)	Acc@5 96.875 (96.875)
Epoch: [61][100/468]	Time 0.226 (0.176)	Data 0.009 (0.015)	Loss 0.5018 (0.5248)	Acc@1 85.938 (85.009)	Acc@5 96.875 (97.710)
Epoch: [61][200/468]	Time 0.115 (0.172)	Data 0.002 (0.010)	Loss 0.3109 (0.4679)	Acc@1 90.625 (86.668)	Acc@5 100.000 (98.142)
Epoch: [61][300/468]	Time 0.172 (0.172)	Data 0.003 (0.008)	Loss 0.2702 (0.4416)	Acc@1 93.750 (87.453)	Acc@5 98.438 (98.360)
Epoch: [61][400/468]	Time 0.145 (0.170)	Data 0.003 (0.008)	Loss 0.3716 (0.4200)	Acc@1 90.625 (88.135)	Acc@5 100.000 (98.476)
 * Acc@1 88.462 Acc@5 98.518
epoch 61, total time 79.33
Test: [0/94]	Time 0.304 (0.304)	Loss 0.6133 (0.6133)	Acc@1 84.375 (84.375)	Acc@5 96.875 (96.875)
 * Acc@1 78.467 Acc@5 94.200
==> training...
Epoch: [62][0/468]	Time 0.775 (0.775)	Data 0.597 (0.597)	Loss 0.3078 (0.3078)	Acc@1 89.062 (89.062)	Acc@5 98.438 (98.438)
Epoch: [62][100/468]	Time 0.232 (0.163)	Data 0.003 (0.011)	Loss 0.2873 (0.3179)	Acc@1 93.750 (91.399)	Acc@5 100.000 (98.994)
Epoch: [62][200/468]	Time 0.204 (0.169)	Data 0.003 (0.008)	Loss 0.1885 (0.3001)	Acc@1 95.312 (91.985)	Acc@5 100.000 (99.106)
Epoch: [62][300/468]	Time 0.215 (0.167)	Data 0.008 (0.007)	Loss 0.2304 (0.2919)	Acc@1 96.875 (92.281)	Acc@5 100.000 (99.180)
Epoch: [62][400/468]	Time 0.144 (0.167)	Data 0.003 (0.007)	Loss 0.2117 (0.2887)	Acc@1 95.312 (92.304)	Acc@5 100.000 (99.170)
 * Acc@1 92.371 Acc@5 99.179
epoch 62, total time 77.48
Test: [0/94]	Time 0.248 (0.248)	Loss 0.6470 (0.6470)	Acc@1 81.250 (81.250)	Acc@5 93.750 (93.750)
 * Acc@1 79.100 Acc@5 94.600
==> training...
Epoch: [63][0/468]	Time 0.814 (0.814)	Data 0.607 (0.607)	Loss 0.2824 (0.2824)	Acc@1 93.750 (93.750)	Acc@5 98.438 (98.438)
Epoch: [63][100/468]	Time 0.145 (0.157)	Data 0.003 (0.011)	Loss 0.2206 (0.2324)	Acc@1 95.312 (93.889)	Acc@5 98.438 (99.304)
Epoch: [63][200/468]	Time 0.134 (0.156)	Data 0.009 (0.008)	Loss 0.2356 (0.2369)	Acc@1 92.188 (93.828)	Acc@5 100.000 (99.355)
Epoch: [63][300/468]	Time 0.227 (0.161)	Data 0.003 (0.007)	Loss 0.2030 (0.2396)	Acc@1 95.312 (93.714)	Acc@5 100.000 (99.393)
Epoch: [63][400/468]	Time 0.113 (0.164)	Data 0.002 (0.007)	Loss 0.2089 (0.2405)	Acc@1 93.750 (93.590)	Acc@5 100.000 (99.427)
 * Acc@1 93.600 Acc@5 99.452
epoch 63, total time 77.06
Test: [0/94]	Time 0.282 (0.282)	Loss 0.5284 (0.5284)	Acc@1 87.500 (87.500)	Acc@5 96.875 (96.875)
 * Acc@1 79.700 Acc@5 94.333
==> training...
Epoch: [64][0/468]	Time 0.901 (0.901)	Data 0.734 (0.734)	Loss 0.2341 (0.2341)	Acc@1 95.312 (95.312)	Acc@5 100.000 (100.000)
Epoch: [64][100/468]	Time 0.121 (0.169)	Data 0.002 (0.012)	Loss 0.1921 (0.1978)	Acc@1 92.188 (94.972)	Acc@5 100.000 (99.505)
Epoch: [64][200/468]	Time 0.149 (0.175)	Data 0.003 (0.009)	Loss 0.1575 (0.2029)	Acc@1 93.750 (94.683)	Acc@5 100.000 (99.518)
Epoch: [64][300/468]	Time 0.116 (0.174)	Data 0.002 (0.008)	Loss 0.1437 (0.2017)	Acc@1 100.000 (94.695)	Acc@5 100.000 (99.590)
Epoch: [64][400/468]	Time 0.113 (0.174)	Data 0.002 (0.007)	Loss 0.2262 (0.2015)	Acc@1 93.750 (94.720)	Acc@5 100.000 (99.591)
 * Acc@1 94.705 Acc@5 99.589
epoch 64, total time 81.94
Test: [0/94]	Time 0.320 (0.320)	Loss 0.5732 (0.5732)	Acc@1 81.250 (81.250)	Acc@5 93.750 (93.750)
 * Acc@1 79.733 Acc@5 94.700
==> training...
Epoch: [65][0/468]	Time 1.063 (1.063)	Data 0.878 (0.878)	Loss 0.1380 (0.1380)	Acc@1 98.438 (98.438)	Acc@5 100.000 (100.000)
Epoch: [65][100/468]	Time 0.150 (0.169)	Data 0.003 (0.013)	Loss 0.2156 (0.1756)	Acc@1 92.188 (95.359)	Acc@5 100.000 (99.752)
Epoch: [65][200/468]	Time 0.135 (0.164)	Data 0.003 (0.009)	Loss 0.1204 (0.1778)	Acc@1 95.312 (95.305)	Acc@5 100.000 (99.712)
Epoch: [65][300/468]	Time 0.160 (0.159)	Data 0.004 (0.007)	Loss 0.1942 (0.1792)	Acc@1 93.750 (95.287)	Acc@5 100.000 (99.714)
Epoch: [65][400/468]	Time 0.145 (0.159)	Data 0.003 (0.007)	Loss 0.1888 (0.1773)	Acc@1 93.750 (95.254)	Acc@5 100.000 (99.704)
 * Acc@1 95.256 Acc@5 99.683
epoch 65, total time 74.72
Test: [0/94]	Time 0.682 (0.682)	Loss 0.5587 (0.5587)	Acc@1 81.250 (81.250)	Acc@5 96.875 (96.875)
 * Acc@1 79.267 Acc@5 94.400
==> training...
Epoch: [66][0/468]	Time 0.992 (0.992)	Data 0.819 (0.819)	Loss 0.1482 (0.1482)	Acc@1 92.188 (92.188)	Acc@5 100.000 (100.000)
Epoch: [66][100/468]	Time 0.148 (0.184)	Data 0.003 (0.014)	Loss 0.1557 (0.1530)	Acc@1 96.875 (95.978)	Acc@5 100.000 (99.845)
Epoch: [66][200/468]	Time 0.116 (0.175)	Data 0.002 (0.009)	Loss 0.1119 (0.1573)	Acc@1 96.875 (95.958)	Acc@5 100.000 (99.813)
Epoch: [66][300/468]	Time 0.145 (0.177)	Data 0.003 (0.008)	Loss 0.2275 (0.1574)	Acc@1 93.750 (96.086)	Acc@5 100.000 (99.792)
Epoch: [66][400/468]	Time 0.216 (0.171)	Data 0.003 (0.007)	Loss 0.2462 (0.1570)	Acc@1 93.750 (96.092)	Acc@5 98.438 (99.797)
 * Acc@1 96.030 Acc@5 99.800
epoch 66, total time 79.49
Test: [0/94]	Time 0.147 (0.147)	Loss 0.6599 (0.6599)	Acc@1 84.375 (84.375)	Acc@5 96.875 (96.875)
 * Acc@1 79.300 Acc@5 94.733
==> training...
Epoch: [67][0/468]	Time 1.206 (1.206)	Data 1.047 (1.047)	Loss 0.2011 (0.2011)	Acc@1 95.312 (95.312)	Acc@5 98.438 (98.438)
Epoch: [67][100/468]	Time 0.114 (0.180)	Data 0.002 (0.016)	Loss 0.1783 (0.1399)	Acc@1 95.312 (96.674)	Acc@5 100.000 (99.861)
Epoch: [67][200/468]	Time 0.204 (0.176)	Data 0.009 (0.011)	Loss 0.1226 (0.1384)	Acc@1 96.875 (96.712)	Acc@5 100.000 (99.852)
Epoch: [67][300/468]	Time 0.148 (0.172)	Data 0.003 (0.009)	Loss 0.1362 (0.1410)	Acc@1 96.875 (96.574)	Acc@5 100.000 (99.870)
Epoch: [67][400/468]	Time 0.143 (0.171)	Data 0.001 (0.008)	Loss 0.2332 (0.1411)	Acc@1 92.188 (96.544)	Acc@5 100.000 (99.844)
 * Acc@1 96.498 Acc@5 99.846
epoch 67, total time 80.33
Test: [0/94]	Time 0.153 (0.153)	Loss 0.6090 (0.6090)	Acc@1 81.250 (81.250)	Acc@5 96.875 (96.875)
 * Acc@1 79.833 Acc@5 94.567
==> training...
Epoch: [68][0/468]	Time 0.998 (0.998)	Data 0.788 (0.788)	Loss 0.1475 (0.1475)	Acc@1 96.875 (96.875)	Acc@5 100.000 (100.000)
Epoch: [68][100/468]	Time 0.134 (0.174)	Data 0.003 (0.013)	Loss 0.1055 (0.1198)	Acc@1 96.875 (97.215)	Acc@5 100.000 (99.892)
Epoch: [68][200/468]	Time 0.113 (0.177)	Data 0.002 (0.009)	Loss 0.1049 (0.1243)	Acc@1 98.438 (96.883)	Acc@5 100.000 (99.883)
Epoch: [68][300/468]	Time 0.122 (0.174)	Data 0.002 (0.008)	Loss 0.1348 (0.1273)	Acc@1 95.312 (96.787)	Acc@5 100.000 (99.865)
Epoch: [68][400/468]	Time 0.159 (0.177)	Data 0.015 (0.007)	Loss 0.1071 (0.1296)	Acc@1 95.312 (96.649)	Acc@5 100.000 (99.875)
 * Acc@1 96.578 Acc@5 99.860
epoch 68, total time 81.41
Test: [0/94]	Time 0.310 (0.310)	Loss 0.5926 (0.5926)	Acc@1 81.250 (81.250)	Acc@5 96.875 (96.875)
 * Acc@1 79.900 Acc@5 95.000
==> training...
Epoch: [69][0/468]	Time 1.060 (1.060)	Data 0.972 (0.972)	Loss 0.0925 (0.0925)	Acc@1 98.438 (98.438)	Acc@5 100.000 (100.000)
Epoch: [69][100/468]	Time 0.181 (0.171)	Data 0.003 (0.015)	Loss 0.1053 (0.1083)	Acc@1 100.000 (97.540)	Acc@5 100.000 (99.907)
Epoch: [69][200/468]	Time 0.243 (0.174)	Data 0.004 (0.010)	Loss 0.1007 (0.1088)	Acc@1 96.875 (97.582)	Acc@5 100.000 (99.891)
Epoch: [69][300/468]	Time 0.180 (0.171)	Data 0.006 (0.009)	Loss 0.2265 (0.1125)	Acc@1 90.625 (97.379)	Acc@5 100.000 (99.901)
Epoch: [69][400/468]	Time 0.204 (0.171)	Data 0.011 (0.008)	Loss 0.0935 (0.1144)	Acc@1 96.875 (97.339)	Acc@5 100.000 (99.899)
 * Acc@1 97.256 Acc@5 99.900
epoch 69, total time 79.42
Test: [0/94]	Time 0.343 (0.343)	Loss 0.6668 (0.6668)	Acc@1 78.125 (78.125)	Acc@5 93.750 (93.750)
 * Acc@1 80.167 Acc@5 94.700
==> training...
Epoch: [70][0/468]	Time 0.507 (0.507)	Data 0.402 (0.402)	Loss 0.1020 (0.1020)	Acc@1 98.438 (98.438)	Acc@5 100.000 (100.000)
Epoch: [70][100/468]	Time 0.140 (0.180)	Data 0.009 (0.010)	Loss 0.0729 (0.1016)	Acc@1 100.000 (97.741)	Acc@5 100.000 (99.938)
Epoch: [70][200/468]	Time 0.155 (0.173)	Data 0.022 (0.008)	Loss 0.0695 (0.1048)	Acc@1 98.438 (97.489)	Acc@5 100.000 (99.946)
Epoch: [70][300/468]	Time 0.114 (0.169)	Data 0.002 (0.007)	Loss 0.0776 (0.1063)	Acc@1 98.438 (97.451)	Acc@5 98.438 (99.912)
Epoch: [70][400/468]	Time 0.256 (0.170)	Data 0.003 (0.006)	Loss 0.0552 (0.1066)	Acc@1 100.000 (97.495)	Acc@5 100.000 (99.910)
 * Acc@1 97.466 Acc@5 99.907
epoch 70, total time 79.22
Test: [0/94]	Time 0.158 (0.158)	Loss 0.6152 (0.6152)	Acc@1 81.250 (81.250)	Acc@5 96.875 (96.875)
 * Acc@1 80.167 Acc@5 94.767
==> training...
Epoch: [71][0/468]	Time 1.113 (1.113)	Data 0.943 (0.943)	Loss 0.1000 (0.1000)	Acc@1 96.875 (96.875)	Acc@5 100.000 (100.000)
Epoch: [71][100/468]	Time 0.113 (0.186)	Data 0.002 (0.015)	Loss 0.0713 (0.0890)	Acc@1 100.000 (97.989)	Acc@5 100.000 (99.969)
Epoch: [71][200/468]	Time 0.115 (0.175)	Data 0.002 (0.010)	Loss 0.0740 (0.0932)	Acc@1 98.438 (97.893)	Acc@5 100.000 (99.984)
Epoch: [71][300/468]	Time 0.147 (0.171)	Data 0.007 (0.008)	Loss 0.0474 (0.0951)	Acc@1 98.438 (97.835)	Acc@5 100.000 (99.964)
Epoch: [71][400/468]	Time 0.145 (0.172)	Data 0.003 (0.008)	Loss 0.0821 (0.0963)	Acc@1 96.875 (97.795)	Acc@5 100.000 (99.949)
 * Acc@1 97.733 Acc@5 99.950
epoch 71, total time 79.62
Test: [0/94]	Time 0.411 (0.411)	Loss 0.8327 (0.8327)	Acc@1 78.125 (78.125)	Acc@5 96.875 (96.875)
 * Acc@1 80.300 Acc@5 94.667
==> training...
Epoch: [72][0/468]	Time 1.047 (1.047)	Data 0.859 (0.859)	Loss 0.0742 (0.0742)	Acc@1 98.438 (98.438)	Acc@5 100.000 (100.000)
Epoch: [72][100/468]	Time 0.144 (0.166)	Data 0.001 (0.013)	Loss 0.0518 (0.0767)	Acc@1 100.000 (98.515)	Acc@5 100.000 (99.969)
Epoch: [72][200/468]	Time 0.114 (0.166)	Data 0.002 (0.009)	Loss 0.0721 (0.0849)	Acc@1 100.000 (98.274)	Acc@5 100.000 (99.961)
Epoch: [72][300/468]	Time 0.112 (0.166)	Data 0.001 (0.008)	Loss 0.0729 (0.0859)	Acc@1 100.000 (98.178)	Acc@5 100.000 (99.958)
Epoch: [72][400/468]	Time 0.113 (0.163)	Data 0.002 (0.007)	Loss 0.0875 (0.0874)	Acc@1 96.875 (98.056)	Acc@5 100.000 (99.961)
 * Acc@1 98.017 Acc@5 99.957
epoch 72, total time 76.01
Test: [0/94]	Time 0.256 (0.256)	Loss 0.7473 (0.7473)	Acc@1 78.125 (78.125)	Acc@5 96.875 (96.875)
 * Acc@1 79.900 Acc@5 94.733
==> training...
Epoch: [73][0/468]	Time 1.599 (1.599)	Data 1.424 (1.424)	Loss 0.0860 (0.0860)	Acc@1 96.875 (96.875)	Acc@5 100.000 (100.000)
Epoch: [73][100/468]	Time 0.119 (0.179)	Data 0.003 (0.019)	Loss 0.0463 (0.0773)	Acc@1 98.438 (98.329)	Acc@5 100.000 (99.985)
Epoch: [73][200/468]	Time 0.113 (0.182)	Data 0.002 (0.013)	Loss 0.0819 (0.0782)	Acc@1 98.438 (98.399)	Acc@5 100.000 (99.977)
Epoch: [73][300/468]	Time 0.224 (0.175)	Data 0.003 (0.010)	Loss 0.0360 (0.0813)	Acc@1 98.438 (98.204)	Acc@5 100.000 (99.974)
Epoch: [73][400/468]	Time 0.232 (0.172)	Data 0.003 (0.009)	Loss 0.0959 (0.0822)	Acc@1 98.438 (98.134)	Acc@5 100.000 (99.969)
 * Acc@1 98.120 Acc@5 99.967
epoch 73, total time 80.14
Test: [0/94]	Time 0.357 (0.357)	Loss 0.7053 (0.7053)	Acc@1 78.125 (78.125)	Acc@5 96.875 (96.875)
 * Acc@1 80.000 Acc@5 94.867
==> training...
Epoch: [74][0/468]	Time 1.120 (1.120)	Data 1.020 (1.020)	Loss 0.0394 (0.0394)	Acc@1 100.000 (100.000)	Acc@5 100.000 (100.000)
Epoch: [74][100/468]	Time 0.110 (0.188)	Data 0.003 (0.016)	Loss 0.0478 (0.0669)	Acc@1 98.438 (98.824)	Acc@5 100.000 (99.969)
Epoch: [74][200/468]	Time 0.177 (0.173)	Data 0.023 (0.010)	Loss 0.0583 (0.0688)	Acc@1 100.000 (98.694)	Acc@5 100.000 (99.961)
Epoch: [74][300/468]	Time 0.188 (0.169)	Data 0.003 (0.008)	Loss 0.0847 (0.0701)	Acc@1 98.438 (98.578)	Acc@5 100.000 (99.974)
Epoch: [74][400/468]	Time 0.148 (0.167)	Data 0.008 (0.007)	Loss 0.1175 (0.0725)	Acc@1 98.438 (98.519)	Acc@5 100.000 (99.977)
 * Acc@1 98.514 Acc@5 99.980
epoch 74, total time 79.21
Test: [0/94]	Time 0.252 (0.252)	Loss 0.7398 (0.7398)	Acc@1 75.000 (75.000)	Acc@5 96.875 (96.875)
 * Acc@1 80.333 Acc@5 94.400
==> training...
Epoch: [75][0/468]	Time 0.498 (0.498)	Data 0.392 (0.392)	Loss 0.0308 (0.0308)	Acc@1 100.000 (100.000)	Acc@5 100.000 (100.000)
Epoch: [75][100/468]	Time 0.172 (0.179)	Data 0.009 (0.009)	Loss 0.0353 (0.0671)	Acc@1 100.000 (98.654)	Acc@5 100.000 (99.985)
Epoch: [75][200/468]	Time 0.151 (0.177)	Data 0.003 (0.007)	Loss 0.0637 (0.0682)	Acc@1 98.438 (98.593)	Acc@5 100.000 (99.984)
Epoch: [75][300/468]	Time 0.174 (0.173)	Data 0.003 (0.006)	Loss 0.0865 (0.0686)	Acc@1 98.438 (98.604)	Acc@5 100.000 (99.979)
Epoch: [75][400/468]	Time 0.129 (0.169)	Data 0.006 (0.006)	Loss 0.0437 (0.0690)	Acc@1 100.000 (98.582)	Acc@5 100.000 (99.984)
 * Acc@1 98.574 Acc@5 99.987
epoch 75, total time 78.63
Test: [0/94]	Time 0.360 (0.360)	Loss 0.8351 (0.8351)	Acc@1 75.000 (75.000)	Acc@5 100.000 (100.000)
 * Acc@1 80.067 Acc@5 94.533
==> training...
Epoch: [76][0/468]	Time 0.521 (0.521)	Data 0.418 (0.418)	Loss 0.0345 (0.0345)	Acc@1 100.000 (100.000)	Acc@5 100.000 (100.000)
Epoch: [76][100/468]	Time 0.221 (0.183)	Data 0.009 (0.011)	Loss 0.0471 (0.0613)	Acc@1 98.438 (98.778)	Acc@5 100.000 (100.000)
Epoch: [76][200/468]	Time 0.176 (0.177)	Data 0.009 (0.008)	Loss 0.0932 (0.0608)	Acc@1 96.875 (98.803)	Acc@5 100.000 (100.000)
Epoch: [76][300/468]	Time 0.249 (0.176)	Data 0.009 (0.007)	Loss 0.0817 (0.0629)	Acc@1 98.438 (98.749)	Acc@5 100.000 (99.995)
Epoch: [76][400/468]	Time 0.219 (0.174)	Data 0.003 (0.007)	Loss 0.0866 (0.0635)	Acc@1 98.438 (98.784)	Acc@5 100.000 (99.992)
 * Acc@1 98.731 Acc@5 99.990
epoch 76, total time 81.65
Test: [0/94]	Time 0.188 (0.188)	Loss 0.9229 (0.9229)	Acc@1 78.125 (78.125)	Acc@5 96.875 (96.875)
 * Acc@1 80.233 Acc@5 94.600
==> training...
Epoch: [77][0/468]	Time 0.479 (0.479)	Data 0.367 (0.367)	Loss 0.0529 (0.0529)	Acc@1 100.000 (100.000)	Acc@5 100.000 (100.000)
Epoch: [77][100/468]	Time 0.114 (0.172)	Data 0.002 (0.009)	Loss 0.0311 (0.0531)	Acc@1 100.000 (99.134)	Acc@5 100.000 (100.000)
Epoch: [77][200/468]	Time 0.143 (0.166)	Data 0.003 (0.007)	Loss 0.0239 (0.0571)	Acc@1 100.000 (98.982)	Acc@5 100.000 (100.000)
Epoch: [77][300/468]	Time 0.148 (0.166)	Data 0.003 (0.006)	Loss 0.0516 (0.0587)	Acc@1 100.000 (98.889)	Acc@5 100.000 (100.000)
Epoch: [77][400/468]	Time 0.163 (0.166)	Data 0.003 (0.006)	Loss 0.0391 (0.0589)	Acc@1 100.000 (98.897)	Acc@5 100.000 (99.996)
 * Acc@1 98.845 Acc@5 99.993
epoch 77, total time 77.98
Test: [0/94]	Time 0.284 (0.284)	Loss 0.9744 (0.9744)	Acc@1 71.875 (71.875)	Acc@5 96.875 (96.875)
 * Acc@1 80.167 Acc@5 94.400
==> training...
Epoch: [78][0/468]	Time 1.108 (1.108)	Data 0.907 (0.907)	Loss 0.0610 (0.0610)	Acc@1 98.438 (98.438)	Acc@5 100.000 (100.000)
Epoch: [78][100/468]	Time 0.151 (0.187)	Data 0.003 (0.015)	Loss 0.0642 (0.0541)	Acc@1 98.438 (99.025)	Acc@5 100.000 (99.985)
Epoch: [78][200/468]	Time 0.178 (0.181)	Data 0.022 (0.010)	Loss 0.1023 (0.0549)	Acc@1 98.438 (99.044)	Acc@5 100.000 (99.992)
Epoch: [78][300/468]	Time 0.190 (0.183)	Data 0.003 (0.009)	Loss 0.0371 (0.0556)	Acc@1 100.000 (99.014)	Acc@5 100.000 (99.979)
Epoch: [78][400/468]	Time 0.118 (0.182)	Data 0.002 (0.008)	Loss 0.0459 (0.0563)	Acc@1 100.000 (98.991)	Acc@5 100.000 (99.984)
 * Acc@1 99.008 Acc@5 99.983
epoch 78, total time 85.57
Test: [0/94]	Time 0.321 (0.321)	Loss 0.8227 (0.8227)	Acc@1 75.000 (75.000)	Acc@5 96.875 (96.875)
 * Acc@1 80.100 Acc@5 94.533
==> training...
Epoch: [79][0/468]	Time 0.790 (0.790)	Data 0.678 (0.678)	Loss 0.0639 (0.0639)	Acc@1 98.438 (98.438)	Acc@5 100.000 (100.000)
Epoch: [79][100/468]	Time 0.146 (0.186)	Data 0.003 (0.012)	Loss 0.0665 (0.0491)	Acc@1 100.000 (99.149)	Acc@5 100.000 (99.969)
Epoch: [79][200/468]	Time 0.235 (0.182)	Data 0.008 (0.009)	Loss 0.0605 (0.0512)	Acc@1 100.000 (99.059)	Acc@5 100.000 (99.984)
Epoch: [79][300/468]	Time 0.121 (0.178)	Data 0.002 (0.008)	Loss 0.0208 (0.0533)	Acc@1 100.000 (98.993)	Acc@5 100.000 (99.990)
Epoch: [79][400/468]	Time 0.115 (0.181)	Data 0.002 (0.007)	Loss 0.0553 (0.0533)	Acc@1 100.000 (98.995)	Acc@5 100.000 (99.992)
 * Acc@1 98.972 Acc@5 99.987
epoch 79, total time 84.51
Test: [0/94]	Time 0.498 (0.498)	Loss 0.7845 (0.7845)	Acc@1 75.000 (75.000)	Acc@5 96.875 (96.875)
 * Acc@1 80.500 Acc@5 94.567
==> training...
Epoch: [80][0/468]	Time 1.072 (1.072)	Data 1.002 (1.002)	Loss 0.0464 (0.0464)	Acc@1 98.438 (98.438)	Acc@5 100.000 (100.000)
Epoch: [80][100/468]	Time 0.147 (0.190)	Data 0.004 (0.018)	Loss 0.0547 (0.0455)	Acc@1 98.438 (99.381)	Acc@5 100.000 (100.000)
Epoch: [80][200/468]	Time 0.224 (0.184)	Data 0.009 (0.012)	Loss 0.0339 (0.0487)	Acc@1 100.000 (99.246)	Acc@5 100.000 (100.000)
Epoch: [80][300/468]	Time 0.153 (0.183)	Data 0.002 (0.010)	Loss 0.0377 (0.0481)	Acc@1 100.000 (99.237)	Acc@5 100.000 (99.995)
Epoch: [80][400/468]	Time 0.269 (0.183)	Data 0.032 (0.009)	Loss 0.0561 (0.0491)	Acc@1 98.438 (99.182)	Acc@5 100.000 (99.996)
 * Acc@1 99.155 Acc@5 99.997
epoch 80, total time 84.65
Test: [0/94]	Time 0.386 (0.386)	Loss 0.8195 (0.8195)	Acc@1 78.125 (78.125)	Acc@5 93.750 (93.750)
 * Acc@1 80.567 Acc@5 94.433
==> training...
Epoch: [81][0/468]	Time 0.785 (0.785)	Data 0.540 (0.540)	Loss 0.0167 (0.0167)	Acc@1 100.000 (100.000)	Acc@5 100.000 (100.000)
Epoch: [81][100/468]	Time 0.146 (0.180)	Data 0.009 (0.011)	Loss 0.0535 (0.0485)	Acc@1 100.000 (99.118)	Acc@5 100.000 (100.000)
Epoch: [81][200/468]	Time 0.117 (0.177)	Data 0.002 (0.008)	Loss 0.0846 (0.0469)	Acc@1 96.875 (99.129)	Acc@5 100.000 (100.000)
Epoch: [81][300/468]	Time 0.205 (0.184)	Data 0.005 (0.008)	Loss 0.0683 (0.0461)	Acc@1 98.438 (99.175)	Acc@5 100.000 (99.995)
Epoch: [81][400/468]	Time 0.229 (0.180)	Data 0.003 (0.008)	Loss 0.0522 (0.0448)	Acc@1 100.000 (99.213)	Acc@5 100.000 (99.996)
 * Acc@1 99.235 Acc@5 99.997
epoch 81, total time 84.81
Test: [0/94]	Time 0.309 (0.309)	Loss 0.8073 (0.8073)	Acc@1 75.000 (75.000)	Acc@5 96.875 (96.875)
 * Acc@1 80.833 Acc@5 94.667
==> training...
Epoch: [82][0/468]	Time 1.063 (1.063)	Data 0.882 (0.882)	Loss 0.0599 (0.0599)	Acc@1 100.000 (100.000)	Acc@5 100.000 (100.000)
Epoch: [82][100/468]	Time 0.143 (0.192)	Data 0.003 (0.014)	Loss 0.0143 (0.0383)	Acc@1 100.000 (99.536)	Acc@5 100.000 (100.000)
Epoch: [82][200/468]	Time 0.224 (0.188)	Data 0.003 (0.010)	Loss 0.0502 (0.0395)	Acc@1 100.000 (99.479)	Acc@5 100.000 (100.000)
Epoch: [82][300/468]	Time 0.246 (0.178)	Data 0.003 (0.008)	Loss 0.1060 (0.0401)	Acc@1 98.438 (99.476)	Acc@5 100.000 (100.000)
Epoch: [82][400/468]	Time 0.146 (0.175)	Data 0.009 (0.007)	Loss 0.0461 (0.0398)	Acc@1 100.000 (99.462)	Acc@5 100.000 (100.000)
 * Acc@1 99.442 Acc@5 100.000
epoch 82, total time 82.47
Test: [0/94]	Time 0.353 (0.353)	Loss 0.8410 (0.8410)	Acc@1 75.000 (75.000)	Acc@5 96.875 (96.875)
 * Acc@1 80.800 Acc@5 94.733
==> training...
Epoch: [83][0/468]	Time 0.480 (0.480)	Data 0.408 (0.408)	Loss 0.0337 (0.0337)	Acc@1 100.000 (100.000)	Acc@5 100.000 (100.000)
Epoch: [83][100/468]	Time 0.141 (0.170)	Data 0.002 (0.008)	Loss 0.0375 (0.0397)	Acc@1 100.000 (99.489)	Acc@5 100.000 (100.000)
Epoch: [83][200/468]	Time 0.237 (0.180)	Data 0.009 (0.008)	Loss 0.0455 (0.0390)	Acc@1 98.438 (99.518)	Acc@5 100.000 (99.992)
Epoch: [83][300/468]	Time 0.183 (0.181)	Data 0.004 (0.007)	Loss 0.0504 (0.0382)	Acc@1 98.438 (99.481)	Acc@5 100.000 (99.995)
Epoch: [83][400/468]	Time 0.150 (0.181)	Data 0.003 (0.007)	Loss 0.0350 (0.0373)	Acc@1 100.000 (99.486)	Acc@5 100.000 (99.996)
 * Acc@1 99.483 Acc@5 99.997
epoch 83, total time 84.04
Test: [0/94]	Time 0.158 (0.158)	Loss 0.7882 (0.7882)	Acc@1 78.125 (78.125)	Acc@5 96.875 (96.875)
 * Acc@1 81.067 Acc@5 94.600
==> training...
Epoch: [84][0/468]	Time 1.255 (1.255)	Data 1.029 (1.029)	Loss 0.0142 (0.0142)	Acc@1 100.000 (100.000)	Acc@5 100.000 (100.000)
Epoch: [84][100/468]	Time 0.223 (0.192)	Data 0.009 (0.016)	Loss 0.0288 (0.0343)	Acc@1 100.000 (99.629)	Acc@5 100.000 (100.000)
Epoch: [84][200/468]	Time 0.118 (0.185)	Data 0.002 (0.011)	Loss 0.0294 (0.0369)	Acc@1 98.438 (99.495)	Acc@5 100.000 (100.000)
Epoch: [84][300/468]	Time 0.168 (0.183)	Data 0.003 (0.009)	Loss 0.0168 (0.0362)	Acc@1 100.000 (99.491)	Acc@5 100.000 (100.000)
Epoch: [84][400/468]	Time 0.146 (0.181)	Data 0.003 (0.008)	Loss 0.0291 (0.0367)	Acc@1 100.000 (99.497)	Acc@5 100.000 (100.000)
 * Acc@1 99.523 Acc@5 100.000
epoch 84, total time 84.57
Test: [0/94]	Time 0.378 (0.378)	Loss 0.7969 (0.7969)	Acc@1 78.125 (78.125)	Acc@5 96.875 (96.875)
 * Acc@1 81.133 Acc@5 94.767
==> training...
Epoch: [85][0/468]	Time 1.383 (1.383)	Data 1.196 (1.196)	Loss 0.0204 (0.0204)	Acc@1 100.000 (100.000)	Acc@5 100.000 (100.000)
Epoch: [85][100/468]	Time 0.141 (0.198)	Data 0.008 (0.018)	Loss 0.0541 (0.0366)	Acc@1 100.000 (99.489)	Acc@5 100.000 (100.000)
Epoch: [85][200/468]	Time 0.232 (0.182)	Data 0.003 (0.012)	Loss 0.0754 (0.0385)	Acc@1 93.750 (99.394)	Acc@5 100.000 (99.992)
Epoch: [85][300/468]	Time 0.170 (0.180)	Data 0.003 (0.010)	Loss 0.0499 (0.0370)	Acc@1 100.000 (99.507)	Acc@5 100.000 (99.995)
Epoch: [85][400/468]	Time 0.167 (0.178)	Data 0.009 (0.009)	Loss 0.0233 (0.0378)	Acc@1 100.000 (99.474)	Acc@5 100.000 (99.996)
 * Acc@1 99.493 Acc@5 99.997
epoch 85, total time 83.53
Test: [0/94]	Time 0.148 (0.148)	Loss 0.7809 (0.7809)	Acc@1 78.125 (78.125)	Acc@5 96.875 (96.875)
 * Acc@1 80.967 Acc@5 94.533
==> training...
Epoch: [86][0/468]	Time 1.106 (1.106)	Data 0.905 (0.905)	Loss 0.0784 (0.0784)	Acc@1 96.875 (96.875)	Acc@5 100.000 (100.000)
Epoch: [86][100/468]	Time 0.185 (0.176)	Data 0.003 (0.013)	Loss 0.0293 (0.0350)	Acc@1 100.000 (99.629)	Acc@5 100.000 (100.000)
Epoch: [86][200/468]	Time 0.142 (0.167)	Data 0.010 (0.009)	Loss 0.0336 (0.0367)	Acc@1 100.000 (99.541)	Acc@5 100.000 (100.000)
Epoch: [86][300/468]	Time 0.138 (0.163)	Data 0.003 (0.008)	Loss 0.0260 (0.0369)	Acc@1 100.000 (99.533)	Acc@5 100.000 (100.000)
Epoch: [86][400/468]	Time 0.146 (0.166)	Data 0.003 (0.007)	Loss 0.0587 (0.0368)	Acc@1 98.438 (99.517)	Acc@5 100.000 (99.996)
 * Acc@1 99.559 Acc@5 99.997
epoch 86, total time 77.94
Test: [0/94]	Time 0.626 (0.626)	Loss 0.7221 (0.7221)	Acc@1 78.125 (78.125)	Acc@5 96.875 (96.875)
 * Acc@1 80.900 Acc@5 94.833
==> training...
Epoch: [87][0/468]	Time 0.456 (0.456)	Data 0.383 (0.383)	Loss 0.0230 (0.0230)	Acc@1 100.000 (100.000)	Acc@5 100.000 (100.000)
Epoch: [87][100/468]	Time 0.251 (0.179)	Data 0.009 (0.009)	Loss 0.0757 (0.0366)	Acc@1 98.438 (99.551)	Acc@5 100.000 (100.000)
Epoch: [87][200/468]	Time 0.147 (0.175)	Data 0.008 (0.007)	Loss 0.0408 (0.0362)	Acc@1 98.438 (99.495)	Acc@5 100.000 (100.000)
Epoch: [87][300/468]	Time 0.219 (0.171)	Data 0.009 (0.006)	Loss 0.0203 (0.0361)	Acc@1 100.000 (99.502)	Acc@5 100.000 (100.000)
Epoch: [87][400/468]	Time 0.195 (0.167)	Data 0.007 (0.006)	Loss 0.0443 (0.0356)	Acc@1 98.438 (99.493)	Acc@5 100.000 (100.000)
 * Acc@1 99.496 Acc@5 100.000
epoch 87, total time 79.44
Test: [0/94]	Time 0.148 (0.148)	Loss 0.7841 (0.7841)	Acc@1 78.125 (78.125)	Acc@5 96.875 (96.875)
 * Acc@1 80.867 Acc@5 94.667
==> training...
Epoch: [88][0/468]	Time 1.361 (1.361)	Data 1.181 (1.181)	Loss 0.0330 (0.0330)	Acc@1 100.000 (100.000)	Acc@5 100.000 (100.000)
Epoch: [88][100/468]	Time 0.113 (0.172)	Data 0.003 (0.016)	Loss 0.0507 (0.0351)	Acc@1 100.000 (99.551)	Acc@5 100.000 (100.000)
Epoch: [88][200/468]	Time 0.148 (0.164)	Data 0.003 (0.010)	Loss 0.0235 (0.0342)	Acc@1 100.000 (99.580)	Acc@5 100.000 (100.000)
Epoch: [88][300/468]	Time 0.148 (0.161)	Data 0.022 (0.008)	Loss 0.0821 (0.0339)	Acc@1 100.000 (99.642)	Acc@5 100.000 (100.000)
Epoch: [88][400/468]	Time 0.144 (0.163)	Data 0.003 (0.008)	Loss 0.0354 (0.0336)	Acc@1 100.000 (99.661)	Acc@5 100.000 (100.000)
 * Acc@1 99.633 Acc@5 100.000
epoch 88, total time 77.04
Test: [0/94]	Time 0.378 (0.378)	Loss 0.7894 (0.7894)	Acc@1 78.125 (78.125)	Acc@5 96.875 (96.875)
 * Acc@1 81.333 Acc@5 94.933
==> training...
Epoch: [89][0/468]	Time 1.076 (1.076)	Data 0.892 (0.892)	Loss 0.0231 (0.0231)	Acc@1 100.000 (100.000)	Acc@5 100.000 (100.000)
Epoch: [89][100/468]	Time 0.230 (0.170)	Data 0.003 (0.014)	Loss 0.0354 (0.0343)	Acc@1 100.000 (99.428)	Acc@5 100.000 (100.000)
Epoch: [89][200/468]	Time 0.163 (0.164)	Data 0.003 (0.010)	Loss 0.0460 (0.0346)	Acc@1 100.000 (99.534)	Acc@5 100.000 (100.000)
Epoch: [89][300/468]	Time 0.156 (0.164)	Data 0.009 (0.008)	Loss 0.0198 (0.0344)	Acc@1 100.000 (99.538)	Acc@5 100.000 (100.000)
Epoch: [89][400/468]	Time 0.146 (0.161)	Data 0.003 (0.007)	Loss 0.0420 (0.0343)	Acc@1 100.000 (99.564)	Acc@5 100.000 (100.000)
 * Acc@1 99.573 Acc@5 100.000
epoch 89, total time 75.89
Test: [0/94]	Time 0.283 (0.283)	Loss 0.8163 (0.8163)	Acc@1 78.125 (78.125)	Acc@5 96.875 (96.875)
 * Acc@1 80.900 Acc@5 94.600
==> training...
Epoch: [90][0/468]	Time 0.476 (0.476)	Data 0.403 (0.403)	Loss 0.0366 (0.0366)	Acc@1 100.000 (100.000)	Acc@5 100.000 (100.000)
Epoch: [90][100/468]	Time 0.150 (0.175)	Data 0.003 (0.010)	Loss 0.0234 (0.0315)	Acc@1 100.000 (99.675)	Acc@5 100.000 (100.000)
Epoch: [90][200/468]	Time 0.184 (0.168)	Data 0.003 (0.008)	Loss 0.0311 (0.0313)	Acc@1 100.000 (99.681)	Acc@5 100.000 (100.000)
Epoch: [90][300/468]	Time 0.115 (0.165)	Data 0.001 (0.007)	Loss 0.0530 (0.0315)	Acc@1 98.438 (99.683)	Acc@5 100.000 (99.995)
Epoch: [90][400/468]	Time 0.185 (0.166)	Data 0.002 (0.006)	Loss 0.0150 (0.0318)	Acc@1 100.000 (99.634)	Acc@5 100.000 (99.996)
 * Acc@1 99.643 Acc@5 99.997
epoch 90, total time 78.19
Test: [0/94]	Time 0.282 (0.282)	Loss 0.7830 (0.7830)	Acc@1 78.125 (78.125)	Acc@5 96.875 (96.875)
 * Acc@1 80.867 Acc@5 94.767
==> training...
Epoch: [91][0/468]	Time 0.443 (0.443)	Data 0.371 (0.371)	Loss 0.0673 (0.0673)	Acc@1 96.875 (96.875)	Acc@5 100.000 (100.000)
Epoch: [91][100/468]	Time 0.181 (0.172)	Data 0.003 (0.008)	Loss 0.0473 (0.0358)	Acc@1 98.438 (99.381)	Acc@5 100.000 (100.000)
Epoch: [91][200/468]	Time 0.178 (0.164)	Data 0.003 (0.006)	Loss 0.0789 (0.0358)	Acc@1 96.875 (99.386)	Acc@5 100.000 (100.000)
Epoch: [91][300/468]	Time 0.215 (0.161)	Data 0.003 (0.006)	Loss 0.0221 (0.0350)	Acc@1 100.000 (99.419)	Acc@5 100.000 (100.000)
Epoch: [91][400/468]	Time 0.230 (0.164)	Data 0.009 (0.006)	Loss 0.0280 (0.0346)	Acc@1 100.000 (99.458)	Acc@5 100.000 (100.000)
 * Acc@1 99.479 Acc@5 100.000
epoch 91, total time 76.93
Test: [0/94]	Time 0.150 (0.150)	Loss 0.8154 (0.8154)	Acc@1 78.125 (78.125)	Acc@5 96.875 (96.875)
 * Acc@1 80.800 Acc@5 94.733
==> training...
Epoch: [92][0/468]	Time 0.970 (0.970)	Data 0.799 (0.799)	Loss 0.0372 (0.0372)	Acc@1 100.000 (100.000)	Acc@5 100.000 (100.000)
Epoch: [92][100/468]	Time 0.158 (0.182)	Data 0.004 (0.014)	Loss 0.0289 (0.0313)	Acc@1 100.000 (99.706)	Acc@5 100.000 (100.000)
Epoch: [92][200/468]	Time 0.147 (0.171)	Data 0.003 (0.009)	Loss 0.0146 (0.0318)	Acc@1 100.000 (99.635)	Acc@5 100.000 (100.000)
Epoch: [92][300/468]	Time 0.139 (0.169)	Data 0.009 (0.008)	Loss 0.0287 (0.0320)	Acc@1 100.000 (99.668)	Acc@5 100.000 (100.000)
Epoch: [92][400/468]	Time 0.238 (0.164)	Data 0.002 (0.007)	Loss 0.0225 (0.0316)	Acc@1 100.000 (99.688)	Acc@5 100.000 (100.000)
 * Acc@1 99.693 Acc@5 100.000
epoch 92, total time 77.29
Test: [0/94]	Time 0.270 (0.270)	Loss 0.8173 (0.8173)	Acc@1 78.125 (78.125)	Acc@5 96.875 (96.875)
 * Acc@1 80.633 Acc@5 94.900
==> training...
Epoch: [93][0/468]	Time 0.408 (0.408)	Data 0.335 (0.335)	Loss 0.0220 (0.0220)	Acc@1 100.000 (100.000)	Acc@5 100.000 (100.000)
Epoch: [93][100/468]	Time 0.113 (0.160)	Data 0.002 (0.007)	Loss 0.0389 (0.0310)	Acc@1 100.000 (99.629)	Acc@5 100.000 (100.000)
Epoch: [93][200/468]	Time 0.114 (0.170)	Data 0.002 (0.007)	Loss 0.0306 (0.0316)	Acc@1 100.000 (99.642)	Acc@5 100.000 (100.000)
Epoch: [93][300/468]	Time 0.164 (0.167)	Data 0.003 (0.006)	Loss 0.0172 (0.0317)	Acc@1 100.000 (99.652)	Acc@5 100.000 (100.000)
Epoch: [93][400/468]	Time 0.146 (0.165)	Data 0.003 (0.006)	Loss 0.0425 (0.0319)	Acc@1 100.000 (99.630)	Acc@5 100.000 (100.000)
 * Acc@1 99.633 Acc@5 100.000
epoch 93, total time 76.92
Test: [0/94]	Time 0.241 (0.241)	Loss 0.8189 (0.8189)	Acc@1 78.125 (78.125)	Acc@5 96.875 (96.875)
 * Acc@1 81.067 Acc@5 94.933
==> training...
Epoch: [94][0/468]	Time 0.553 (0.553)	Data 0.412 (0.412)	Loss 0.0329 (0.0329)	Acc@1 100.000 (100.000)	Acc@5 100.000 (100.000)
Epoch: [94][100/468]	Time 0.113 (0.171)	Data 0.002 (0.009)	Loss 0.0474 (0.0315)	Acc@1 96.875 (99.520)	Acc@5 100.000 (100.000)
Epoch: [94][200/468]	Time 0.217 (0.165)	Data 0.009 (0.006)	Loss 0.0451 (0.0327)	Acc@1 100.000 (99.549)	Acc@5 100.000 (100.000)
Epoch: [94][300/468]	Time 0.150 (0.165)	Data 0.003 (0.006)	Loss 0.0318 (0.0324)	Acc@1 100.000 (99.564)	Acc@5 100.000 (100.000)
Epoch: [94][400/468]	Time 0.165 (0.164)	Data 0.003 (0.006)	Loss 0.0175 (0.0326)	Acc@1 100.000 (99.548)	Acc@5 100.000 (100.000)
 * Acc@1 99.556 Acc@5 100.000
epoch 94, total time 76.72
Test: [0/94]	Time 0.276 (0.276)	Loss 0.7831 (0.7831)	Acc@1 78.125 (78.125)	Acc@5 96.875 (96.875)
 * Acc@1 80.800 Acc@5 94.900
==> training...
Epoch: [95][0/468]	Time 0.566 (0.566)	Data 0.467 (0.467)	Loss 0.0238 (0.0238)	Acc@1 100.000 (100.000)	Acc@5 100.000 (100.000)
Epoch: [95][100/468]	Time 0.114 (0.170)	Data 0.002 (0.009)	Loss 0.0907 (0.0308)	Acc@1 98.438 (99.629)	Acc@5 100.000 (100.000)
Epoch: [95][200/468]	Time 0.111 (0.170)	Data 0.002 (0.007)	Loss 0.0568 (0.0297)	Acc@1 98.438 (99.681)	Acc@5 100.000 (100.000)
Epoch: [95][300/468]	Time 0.213 (0.168)	Data 0.009 (0.006)	Loss 0.0343 (0.0312)	Acc@1 100.000 (99.600)	Acc@5 100.000 (100.000)
Epoch: [95][400/468]	Time 0.157 (0.164)	Data 0.010 (0.006)	Loss 0.0497 (0.0320)	Acc@1 100.000 (99.606)	Acc@5 100.000 (100.000)
 * Acc@1 99.629 Acc@5 100.000
epoch 95, total time 75.97
Test: [0/94]	Time 0.258 (0.258)	Loss 0.7975 (0.7975)	Acc@1 78.125 (78.125)	Acc@5 96.875 (96.875)
 * Acc@1 81.000 Acc@5 95.167
==> training...
Epoch: [96][0/468]	Time 1.029 (1.029)	Data 0.864 (0.864)	Loss 0.0158 (0.0158)	Acc@1 100.000 (100.000)	Acc@5 100.000 (100.000)
Epoch: [96][100/468]	Time 0.151 (0.176)	Data 0.004 (0.013)	Loss 0.0176 (0.0307)	Acc@1 100.000 (99.675)	Acc@5 100.000 (100.000)
Epoch: [96][200/468]	Time 0.195 (0.174)	Data 0.005 (0.009)	Loss 0.0264 (0.0304)	Acc@1 100.000 (99.635)	Acc@5 100.000 (100.000)
Epoch: [96][300/468]	Time 0.221 (0.173)	Data 0.011 (0.008)	Loss 0.0124 (0.0303)	Acc@1 100.000 (99.657)	Acc@5 100.000 (100.000)
Epoch: [96][400/468]	Time 0.205 (0.171)	Data 0.014 (0.007)	Loss 0.0117 (0.0303)	Acc@1 100.000 (99.677)	Acc@5 100.000 (100.000)
 * Acc@1 99.686 Acc@5 99.997
epoch 96, total time 80.13
Test: [0/94]	Time 1.592 (1.592)	Loss 0.7950 (0.7950)	Acc@1 78.125 (78.125)	Acc@5 96.875 (96.875)
 * Acc@1 81.167 Acc@5 94.933
==> training...
Epoch: [97][0/468]	Time 1.290 (1.290)	Data 1.106 (1.106)	Loss 0.0409 (0.0409)	Acc@1 98.438 (98.438)	Acc@5 100.000 (100.000)
Epoch: [97][100/468]	Time 0.147 (0.161)	Data 0.001 (0.015)	Loss 0.0236 (0.0293)	Acc@1 100.000 (99.644)	Acc@5 100.000 (100.000)
Epoch: [97][200/468]	Time 0.144 (0.205)	Data 0.003 (0.034)	Loss 0.0325 (0.0305)	Acc@1 98.438 (99.611)	Acc@5 100.000 (100.000)
Epoch: [97][300/468]	Time 0.202 (0.190)	Data 0.004 (0.024)	Loss 0.0175 (0.0313)	Acc@1 100.000 (99.590)	Acc@5 100.000 (100.000)
Epoch: [97][400/468]	Time 0.148 (0.183)	Data 0.003 (0.019)	Loss 0.0178 (0.0311)	Acc@1 100.000 (99.595)	Acc@5 100.000 (100.000)
 * Acc@1 99.599 Acc@5 100.000
epoch 97, total time 83.33
Test: [0/94]	Time 1.474 (1.474)	Loss 0.8180 (0.8180)	Acc@1 78.125 (78.125)	Acc@5 96.875 (96.875)
 * Acc@1 80.800 Acc@5 94.833
==> training...
Epoch: [98][0/468]	Time 1.056 (1.056)	Data 0.881 (0.881)	Loss 0.0269 (0.0269)	Acc@1 100.000 (100.000)	Acc@5 100.000 (100.000)
Epoch: [98][100/468]	Time 0.141 (0.185)	Data 0.008 (0.014)	Loss 0.0358 (0.0311)	Acc@1 98.438 (99.567)	Acc@5 100.000 (100.000)
Epoch: [98][200/468]	Time 0.234 (0.173)	Data 0.008 (0.010)	Loss 0.0328 (0.0310)	Acc@1 100.000 (99.588)	Acc@5 100.000 (100.000)
Epoch: [98][300/468]	Time 0.226 (0.173)	Data 0.004 (0.008)	Loss 0.0580 (0.0313)	Acc@1 98.438 (99.585)	Acc@5 100.000 (100.000)
Epoch: [98][400/468]	Time 0.166 (0.169)	Data 0.003 (0.007)	Loss 0.0242 (0.0316)	Acc@1 100.000 (99.614)	Acc@5 100.000 (99.996)
 * Acc@1 99.629 Acc@5 99.997
epoch 98, total time 78.94
Test: [0/94]	Time 0.316 (0.316)	Loss 0.7911 (0.7911)	Acc@1 78.125 (78.125)	Acc@5 96.875 (96.875)
 * Acc@1 81.067 Acc@5 94.900
==> training...
Epoch: [99][0/468]	Time 0.414 (0.414)	Data 0.332 (0.332)	Loss 0.0145 (0.0145)	Acc@1 100.000 (100.000)	Acc@5 100.000 (100.000)
Epoch: [99][100/468]	Time 0.151 (0.164)	Data 0.001 (0.009)	Loss 0.0175 (0.0334)	Acc@1 100.000 (99.567)	Acc@5 100.000 (100.000)
Epoch: [99][200/468]	Time 0.163 (0.160)	Data 0.003 (0.007)	Loss 0.0288 (0.0334)	Acc@1 100.000 (99.534)	Acc@5 100.000 (100.000)
Epoch: [99][300/468]	Time 0.117 (0.162)	Data 0.002 (0.006)	Loss 0.0433 (0.0331)	Acc@1 100.000 (99.564)	Acc@5 100.000 (100.000)
Epoch: [99][400/468]	Time 0.138 (0.163)	Data 0.009 (0.006)	Loss 0.0283 (0.0333)	Acc@1 100.000 (99.540)	Acc@5 100.000 (100.000)
 * Acc@1 99.569 Acc@5 100.000
epoch 99, total time 75.53
Test: [0/94]	Time 0.190 (0.190)	Loss 0.8627 (0.8627)	Acc@1 78.125 (78.125)	Acc@5 96.875 (96.875)
 * Acc@1 80.900 Acc@5 94.833
==> training...
Epoch: [100][0/468]	Time 1.137 (1.137)	Data 0.991 (0.991)	Loss 0.0090 (0.0090)	Acc@1 100.000 (100.000)	Acc@5 100.000 (100.000)
Epoch: [100][100/468]	Time 0.247 (0.186)	Data 0.003 (0.015)	Loss 0.0144 (0.0299)	Acc@1 100.000 (99.722)	Acc@5 100.000 (100.000)
Epoch: [100][200/468]	Time 0.114 (0.185)	Data 0.003 (0.011)	Loss 0.0427 (0.0292)	Acc@1 100.000 (99.689)	Acc@5 100.000 (100.000)
Epoch: [100][300/468]	Time 0.139 (0.180)	Data 0.008 (0.010)	Loss 0.0196 (0.0291)	Acc@1 100.000 (99.704)	Acc@5 100.000 (100.000)
Epoch: [100][400/468]	Time 0.220 (0.178)	Data 0.003 (0.009)	Loss 0.0553 (0.0289)	Acc@1 96.875 (99.700)	Acc@5 100.000 (100.000)
 * Acc@1 99.703 Acc@5 100.000
epoch 100, total time 82.00
Test: [0/94]	Time 0.384 (0.384)	Loss 0.8566 (0.8566)	Acc@1 78.125 (78.125)	Acc@5 96.875 (96.875)
 * Acc@1 80.767 Acc@5 94.733
==> Saving...
