Device count:  1
************* Training arguments *************
eval_freq 10
print_freq 100
tb_freq 500
save_freq 100
batch_size 64
num_workers 8
epochs 100
learning_rate 0.05
lr_decay_epochs [60, 80]
lr_decay_rate 0.1
weight_decay 0.0005
momentum 0.9
adam False
eval_only False
model resnet18
dataset miniImageNet
transform A
use_trainval False
cosine False
reload_path 
model_path /home/gridsan/akyurek/git/rfs-incremental/dumped/backbones/continual/resnet18/2
tb_path tb
data_root /home/gridsan/akyurek/git/rfs-incremental/data/miniImageNet
n_test_runs 600
n_ways 5
n_shots 1
n_queries 15
n_aug_support_samples 5
test_batch_size 1
use_episodes False
classifier linear
trial pretrain
continual True
no_dropblock True
set_seed 2
no_linear_bias True
augment_pretrain_wtrainb False
eval_mode None
label_pull None
data_aug True
linear_bias False
model_name miniImageNet_resnet18_classifier_linear
tb_folder tb/miniImageNet_resnet18_classifier_linear
save_folder /home/gridsan/akyurek/git/rfs-incremental/dumped/backbones/continual/resnet18/2
n_gpu 1
git_head_hash ae23b3b
End of arguments.

==> training...
Epoch: [1][0/468]	Time 1.468 (1.468)	Data 0.358 (0.358)	Loss 4.4660 (4.4660)	Acc@1 3.125 (3.125)	Acc@5 7.812 (7.812)
Epoch: [1][100/468]	Time 0.110 (0.123)	Data 0.002 (0.005)	Loss 4.2739 (5.0139)	Acc@1 4.688 (2.475)	Acc@5 12.500 (11.402)
Epoch: [1][200/468]	Time 0.111 (0.116)	Data 0.002 (0.004)	Loss 4.0559 (4.5345)	Acc@1 1.562 (2.799)	Acc@5 12.500 (12.655)
Epoch: [1][300/468]	Time 0.109 (0.114)	Data 0.002 (0.004)	Loss 3.8350 (4.3251)	Acc@1 4.688 (3.753)	Acc@5 21.875 (15.449)
Epoch: [1][400/468]	Time 0.109 (0.113)	Data 0.002 (0.003)	Loss 3.7370 (4.1831)	Acc@1 6.250 (4.738)	Acc@5 29.688 (18.543)
 * Acc@1 5.489 Acc@5 20.219
epoch 1, total time 52.80
Test: [0/94]	Time 0.520 (0.520)	Loss 3.8067 (3.8067)	Acc@1 9.375 (9.375)	Acc@5 34.375 (34.375)
 * Acc@1 8.467 Acc@5 33.400
==> training...
Epoch: [2][0/468]	Time 0.422 (0.422)	Data 0.358 (0.358)	Loss 3.6146 (3.6146)	Acc@1 6.250 (6.250)	Acc@5 25.000 (25.000)
Epoch: [2][100/468]	Time 0.109 (0.114)	Data 0.002 (0.007)	Loss 3.7198 (3.6206)	Acc@1 3.125 (10.164)	Acc@5 34.375 (32.627)
Epoch: [2][200/468]	Time 0.110 (0.111)	Data 0.002 (0.005)	Loss 3.3482 (3.5700)	Acc@1 17.188 (10.945)	Acc@5 40.625 (34.282)
Epoch: [2][300/468]	Time 0.111 (0.111)	Data 0.002 (0.004)	Loss 3.3678 (3.5326)	Acc@1 9.375 (11.820)	Acc@5 40.625 (35.590)
Epoch: [2][400/468]	Time 0.110 (0.111)	Data 0.002 (0.004)	Loss 3.4687 (3.4953)	Acc@1 18.750 (12.621)	Acc@5 34.375 (36.709)
 * Acc@1 13.178 Acc@5 37.517
epoch 2, total time 51.80
Test: [0/94]	Time 0.156 (0.156)	Loss 3.4787 (3.4787)	Acc@1 9.375 (9.375)	Acc@5 40.625 (40.625)
 * Acc@1 17.233 Acc@5 44.333
==> training...
Epoch: [3][0/468]	Time 0.447 (0.447)	Data 0.385 (0.385)	Loss 3.1462 (3.1462)	Acc@1 18.750 (18.750)	Acc@5 50.000 (50.000)
Epoch: [3][100/468]	Time 0.110 (0.113)	Data 0.002 (0.006)	Loss 3.2617 (3.2490)	Acc@1 12.500 (17.466)	Acc@5 40.625 (45.715)
Epoch: [3][200/468]	Time 0.111 (0.112)	Data 0.002 (0.004)	Loss 3.0091 (3.2145)	Acc@1 23.438 (18.532)	Acc@5 48.438 (46.339)
Epoch: [3][300/468]	Time 0.109 (0.111)	Data 0.002 (0.004)	Loss 3.0060 (3.1819)	Acc@1 23.438 (19.394)	Acc@5 50.000 (47.347)
Epoch: [3][400/468]	Time 0.111 (0.110)	Data 0.002 (0.003)	Loss 2.9697 (3.1580)	Acc@1 23.438 (19.977)	Acc@5 54.688 (48.122)
 * Acc@1 20.436 Acc@5 48.634
epoch 3, total time 51.72
Test: [0/94]	Time 0.164 (0.164)	Loss 2.9465 (2.9465)	Acc@1 28.125 (28.125)	Acc@5 56.250 (56.250)
 * Acc@1 26.067 Acc@5 56.767
==> training...
Epoch: [4][0/468]	Time 0.419 (0.419)	Data 0.354 (0.354)	Loss 2.9583 (2.9583)	Acc@1 20.312 (20.312)	Acc@5 50.000 (50.000)
Epoch: [4][100/468]	Time 0.108 (0.113)	Data 0.002 (0.006)	Loss 3.0879 (2.9275)	Acc@1 20.312 (25.186)	Acc@5 45.312 (54.146)
Epoch: [4][200/468]	Time 0.109 (0.111)	Data 0.002 (0.004)	Loss 2.9887 (2.8954)	Acc@1 18.750 (25.155)	Acc@5 56.250 (55.379)
Epoch: [4][300/468]	Time 0.110 (0.110)	Data 0.002 (0.004)	Loss 2.9118 (2.8761)	Acc@1 21.875 (25.753)	Acc@5 51.562 (55.679)
Epoch: [4][400/468]	Time 0.111 (0.110)	Data 0.002 (0.003)	Loss 2.8324 (2.8408)	Acc@1 21.875 (26.601)	Acc@5 54.688 (56.721)
 * Acc@1 27.197 Acc@5 57.375
epoch 4, total time 51.67
Test: [0/94]	Time 0.176 (0.176)	Loss 2.5998 (2.5998)	Acc@1 31.250 (31.250)	Acc@5 62.500 (62.500)
 * Acc@1 31.133 Acc@5 63.367
==> training...
Epoch: [5][0/468]	Time 0.441 (0.441)	Data 0.379 (0.379)	Loss 2.1931 (2.1931)	Acc@1 43.750 (43.750)	Acc@5 76.562 (76.562)
Epoch: [5][100/468]	Time 0.110 (0.113)	Data 0.002 (0.006)	Loss 2.5703 (2.6277)	Acc@1 31.250 (31.033)	Acc@5 59.375 (62.160)
Epoch: [5][200/468]	Time 0.109 (0.112)	Data 0.002 (0.004)	Loss 2.5465 (2.5963)	Acc@1 32.812 (31.895)	Acc@5 57.812 (63.355)
Epoch: [5][300/468]	Time 0.109 (0.111)	Data 0.002 (0.004)	Loss 2.2127 (2.5628)	Acc@1 45.312 (32.703)	Acc@5 67.188 (64.125)
Epoch: [5][400/468]	Time 0.109 (0.110)	Data 0.002 (0.003)	Loss 2.2083 (2.5389)	Acc@1 45.312 (33.148)	Acc@5 73.438 (64.740)
 * Acc@1 33.487 Acc@5 65.084
epoch 5, total time 51.70
Test: [0/94]	Time 0.158 (0.158)	Loss 2.1726 (2.1726)	Acc@1 46.875 (46.875)	Acc@5 75.000 (75.000)
 * Acc@1 39.700 Acc@5 69.333
==> training...
Epoch: [6][0/468]	Time 0.396 (0.396)	Data 0.336 (0.336)	Loss 2.2914 (2.2914)	Acc@1 40.625 (40.625)	Acc@5 71.875 (71.875)
Epoch: [6][100/468]	Time 0.110 (0.113)	Data 0.002 (0.006)	Loss 2.2906 (2.3463)	Acc@1 31.250 (37.299)	Acc@5 68.750 (69.261)
Epoch: [6][200/468]	Time 0.110 (0.111)	Data 0.002 (0.004)	Loss 2.1842 (2.3167)	Acc@1 45.312 (38.417)	Acc@5 71.875 (69.675)
Epoch: [6][300/468]	Time 0.109 (0.111)	Data 0.002 (0.004)	Loss 2.1250 (2.2937)	Acc@1 40.625 (38.798)	Acc@5 75.000 (70.037)
Epoch: [6][400/468]	Time 0.109 (0.110)	Data 0.002 (0.003)	Loss 2.3618 (2.2710)	Acc@1 35.938 (39.187)	Acc@5 68.750 (70.675)
 * Acc@1 39.510 Acc@5 71.037
epoch 6, total time 51.64
Test: [0/94]	Time 0.150 (0.150)	Loss 2.3216 (2.3216)	Acc@1 28.125 (28.125)	Acc@5 75.000 (75.000)
 * Acc@1 42.267 Acc@5 72.367
==> training...
Epoch: [7][0/468]	Time 0.419 (0.419)	Data 0.354 (0.354)	Loss 1.9940 (1.9940)	Acc@1 42.188 (42.188)	Acc@5 79.688 (79.688)
Epoch: [7][100/468]	Time 0.109 (0.113)	Data 0.002 (0.006)	Loss 2.2867 (2.0939)	Acc@1 39.062 (43.239)	Acc@5 70.312 (74.087)
Epoch: [7][200/468]	Time 0.109 (0.111)	Data 0.002 (0.004)	Loss 1.9864 (2.0908)	Acc@1 45.312 (43.447)	Acc@5 81.250 (74.635)
Epoch: [7][300/468]	Time 0.109 (0.111)	Data 0.002 (0.004)	Loss 1.9543 (2.0824)	Acc@1 54.688 (43.693)	Acc@5 76.562 (74.922)
Epoch: [7][400/468]	Time 0.109 (0.111)	Data 0.002 (0.003)	Loss 1.8332 (2.0626)	Acc@1 45.312 (44.233)	Acc@5 82.812 (75.300)
 * Acc@1 44.334 Acc@5 75.548
epoch 7, total time 51.84
Test: [0/94]	Time 0.155 (0.155)	Loss 2.1113 (2.1113)	Acc@1 43.750 (43.750)	Acc@5 81.250 (81.250)
 * Acc@1 44.300 Acc@5 74.467
==> training...
Epoch: [8][0/468]	Time 0.411 (0.411)	Data 0.346 (0.346)	Loss 2.0200 (2.0200)	Acc@1 34.375 (34.375)	Acc@5 76.562 (76.562)
Epoch: [8][100/468]	Time 0.109 (0.113)	Data 0.002 (0.006)	Loss 1.7577 (1.9066)	Acc@1 46.875 (47.618)	Acc@5 82.812 (78.960)
Epoch: [8][200/468]	Time 0.109 (0.111)	Data 0.002 (0.004)	Loss 1.5703 (1.9138)	Acc@1 51.562 (47.551)	Acc@5 85.938 (78.514)
Epoch: [8][300/468]	Time 0.108 (0.111)	Data 0.002 (0.004)	Loss 2.4176 (1.9040)	Acc@1 35.938 (48.079)	Acc@5 78.125 (78.364)
Epoch: [8][400/468]	Time 0.109 (0.110)	Data 0.002 (0.003)	Loss 1.7717 (1.9027)	Acc@1 51.562 (48.036)	Acc@5 81.250 (78.398)
 * Acc@1 48.224 Acc@5 78.516
epoch 8, total time 51.57
Test: [0/94]	Time 0.153 (0.153)	Loss 2.0954 (2.0954)	Acc@1 43.750 (43.750)	Acc@5 68.750 (68.750)
 * Acc@1 43.500 Acc@5 74.167
==> training...
Epoch: [9][0/468]	Time 0.454 (0.454)	Data 0.391 (0.391)	Loss 1.6760 (1.6760)	Acc@1 50.000 (50.000)	Acc@5 81.250 (81.250)
Epoch: [9][100/468]	Time 0.110 (0.115)	Data 0.002 (0.007)	Loss 1.7071 (1.7797)	Acc@1 51.562 (50.990)	Acc@5 79.688 (80.585)
Epoch: [9][200/468]	Time 0.110 (0.113)	Data 0.002 (0.005)	Loss 1.8233 (1.7755)	Acc@1 53.125 (51.135)	Acc@5 81.250 (80.745)
Epoch: [9][300/468]	Time 0.110 (0.112)	Data 0.002 (0.004)	Loss 1.4480 (1.7730)	Acc@1 62.500 (51.043)	Acc@5 85.938 (80.705)
Epoch: [9][400/468]	Time 0.109 (0.112)	Data 0.002 (0.004)	Loss 1.8449 (1.7635)	Acc@1 46.875 (51.399)	Acc@5 76.562 (80.814)
 * Acc@1 51.576 Acc@5 80.859
epoch 9, total time 52.40
Test: [0/94]	Time 0.162 (0.162)	Loss 1.6255 (1.6255)	Acc@1 53.125 (53.125)	Acc@5 78.125 (78.125)
 * Acc@1 49.700 Acc@5 78.867
==> training...
Epoch: [10][0/468]	Time 0.399 (0.399)	Data 0.336 (0.336)	Loss 1.5999 (1.5999)	Acc@1 50.000 (50.000)	Acc@5 82.812 (82.812)
Epoch: [10][100/468]	Time 0.110 (0.115)	Data 0.002 (0.007)	Loss 1.5808 (1.6684)	Acc@1 57.812 (53.481)	Acc@5 92.188 (82.766)
Epoch: [10][200/468]	Time 0.113 (0.113)	Data 0.002 (0.005)	Loss 1.8530 (1.6557)	Acc@1 45.312 (53.910)	Acc@5 84.375 (82.898)
Epoch: [10][300/468]	Time 0.112 (0.112)	Data 0.002 (0.004)	Loss 1.9090 (1.6607)	Acc@1 48.438 (54.054)	Acc@5 76.562 (82.755)
Epoch: [10][400/468]	Time 0.139 (0.112)	Data 0.002 (0.004)	Loss 1.2310 (1.6584)	Acc@1 67.188 (54.158)	Acc@5 87.500 (82.738)
 * Acc@1 54.420 Acc@5 82.893
epoch 10, total time 52.20
Test: [0/94]	Time 0.157 (0.157)	Loss 1.8960 (1.8960)	Acc@1 56.250 (56.250)	Acc@5 78.125 (78.125)
 * Acc@1 50.167 Acc@5 77.600
==> training...
Epoch: [11][0/468]	Time 0.476 (0.476)	Data 0.413 (0.413)	Loss 1.3109 (1.3109)	Acc@1 64.062 (64.062)	Acc@5 92.188 (92.188)
Epoch: [11][100/468]	Time 0.109 (0.115)	Data 0.002 (0.007)	Loss 1.4572 (1.5674)	Acc@1 60.938 (56.884)	Acc@5 90.625 (84.731)
Epoch: [11][200/468]	Time 0.113 (0.114)	Data 0.002 (0.005)	Loss 1.4541 (1.5757)	Acc@1 57.812 (56.087)	Acc@5 92.188 (84.507)
Epoch: [11][300/468]	Time 0.113 (0.113)	Data 0.002 (0.004)	Loss 1.7071 (1.5754)	Acc@1 50.000 (56.151)	Acc@5 84.375 (84.308)
Epoch: [11][400/468]	Time 0.110 (0.112)	Data 0.002 (0.004)	Loss 1.3075 (1.5663)	Acc@1 62.500 (56.472)	Acc@5 87.500 (84.317)
 * Acc@1 56.627 Acc@5 84.405
epoch 11, total time 52.48
Test: [0/94]	Time 0.154 (0.154)	Loss 1.6487 (1.6487)	Acc@1 53.125 (53.125)	Acc@5 84.375 (84.375)
 * Acc@1 56.200 Acc@5 83.600
==> training...
Epoch: [12][0/468]	Time 0.408 (0.408)	Data 0.342 (0.342)	Loss 1.1193 (1.1193)	Acc@1 70.312 (70.312)	Acc@5 92.188 (92.188)
Epoch: [12][100/468]	Time 0.110 (0.113)	Data 0.002 (0.006)	Loss 1.3765 (1.4675)	Acc@1 62.500 (58.973)	Acc@5 84.375 (86.262)
Epoch: [12][200/468]	Time 0.110 (0.112)	Data 0.002 (0.004)	Loss 1.2205 (1.4811)	Acc@1 68.750 (58.512)	Acc@5 95.312 (86.085)
Epoch: [12][300/468]	Time 0.110 (0.111)	Data 0.002 (0.004)	Loss 1.4379 (1.4628)	Acc@1 56.250 (59.193)	Acc@5 90.625 (86.534)
Epoch: [12][400/468]	Time 0.110 (0.111)	Data 0.002 (0.003)	Loss 1.2839 (1.4671)	Acc@1 65.625 (59.055)	Acc@5 87.500 (86.265)
 * Acc@1 59.018 Acc@5 86.245
epoch 12, total time 52.11
Test: [0/94]	Time 0.155 (0.155)	Loss 1.6674 (1.6674)	Acc@1 46.875 (46.875)	Acc@5 93.750 (93.750)
 * Acc@1 56.400 Acc@5 84.567
==> training...
Epoch: [13][0/468]	Time 0.405 (0.405)	Data 0.344 (0.344)	Loss 1.3084 (1.3084)	Acc@1 64.062 (64.062)	Acc@5 85.938 (85.938)
Epoch: [13][100/468]	Time 0.109 (0.113)	Data 0.002 (0.006)	Loss 1.0759 (1.3687)	Acc@1 67.188 (61.324)	Acc@5 92.188 (87.314)
Epoch: [13][200/468]	Time 0.109 (0.113)	Data 0.002 (0.004)	Loss 1.4375 (1.3780)	Acc@1 65.625 (61.147)	Acc@5 78.125 (87.189)
Epoch: [13][300/468]	Time 0.111 (0.112)	Data 0.002 (0.004)	Loss 1.5714 (1.3916)	Acc@1 54.688 (60.979)	Acc@5 84.375 (86.913)
Epoch: [13][400/468]	Time 0.102 (0.111)	Data 0.002 (0.003)	Loss 1.4062 (1.4037)	Acc@1 60.938 (60.782)	Acc@5 84.375 (86.721)
 * Acc@1 60.724 Acc@5 86.695
epoch 13, total time 52.12
Test: [0/94]	Time 0.155 (0.155)	Loss 1.6216 (1.6216)	Acc@1 53.125 (53.125)	Acc@5 87.500 (87.500)
 * Acc@1 59.700 Acc@5 85.333
==> training...
Epoch: [14][0/468]	Time 0.418 (0.418)	Data 0.355 (0.355)	Loss 1.3865 (1.3865)	Acc@1 68.750 (68.750)	Acc@5 84.375 (84.375)
Epoch: [14][100/468]	Time 0.111 (0.114)	Data 0.002 (0.007)	Loss 1.4378 (1.3034)	Acc@1 64.062 (63.428)	Acc@5 87.500 (88.583)
Epoch: [14][200/468]	Time 0.110 (0.112)	Data 0.002 (0.005)	Loss 1.1635 (1.3154)	Acc@1 67.188 (63.083)	Acc@5 92.188 (88.161)
Epoch: [14][300/468]	Time 0.110 (0.111)	Data 0.002 (0.004)	Loss 1.3136 (1.3351)	Acc@1 65.625 (62.723)	Acc@5 90.625 (87.879)
Epoch: [14][400/468]	Time 0.110 (0.111)	Data 0.002 (0.003)	Loss 1.1411 (1.3408)	Acc@1 73.438 (62.605)	Acc@5 90.625 (87.781)
 * Acc@1 62.573 Acc@5 87.707
epoch 14, total time 52.05
Test: [0/94]	Time 0.152 (0.152)	Loss 1.3148 (1.3148)	Acc@1 65.625 (65.625)	Acc@5 87.500 (87.500)
 * Acc@1 57.800 Acc@5 83.867
==> training...
Epoch: [15][0/468]	Time 0.414 (0.414)	Data 0.351 (0.351)	Loss 1.1975 (1.1975)	Acc@1 68.750 (68.750)	Acc@5 90.625 (90.625)
Epoch: [15][100/468]	Time 0.110 (0.114)	Data 0.002 (0.006)	Loss 1.5117 (1.2389)	Acc@1 56.250 (64.960)	Acc@5 89.062 (89.434)
Epoch: [15][200/468]	Time 0.109 (0.112)	Data 0.002 (0.004)	Loss 1.3383 (1.2636)	Acc@1 64.062 (64.568)	Acc@5 87.500 (88.860)
Epoch: [15][300/468]	Time 0.108 (0.112)	Data 0.002 (0.004)	Loss 1.2172 (1.2833)	Acc@1 60.938 (64.047)	Acc@5 90.625 (88.528)
Epoch: [15][400/468]	Time 0.111 (0.111)	Data 0.002 (0.003)	Loss 1.2419 (1.2887)	Acc@1 65.625 (63.965)	Acc@5 87.500 (88.427)
 * Acc@1 63.795 Acc@5 88.385
epoch 15, total time 52.09
Test: [0/94]	Time 0.157 (0.157)	Loss 1.6343 (1.6343)	Acc@1 53.125 (53.125)	Acc@5 87.500 (87.500)
 * Acc@1 61.967 Acc@5 86.367
==> training...
Epoch: [16][0/468]	Time 0.459 (0.459)	Data 0.394 (0.394)	Loss 1.0549 (1.0549)	Acc@1 67.188 (67.188)	Acc@5 93.750 (93.750)
Epoch: [16][100/468]	Time 0.111 (0.114)	Data 0.002 (0.006)	Loss 1.1510 (1.1712)	Acc@1 70.312 (66.925)	Acc@5 90.625 (90.377)
Epoch: [16][200/468]	Time 0.109 (0.112)	Data 0.002 (0.004)	Loss 1.2243 (1.2017)	Acc@1 57.812 (65.990)	Acc@5 90.625 (89.933)
Epoch: [16][300/468]	Time 0.110 (0.112)	Data 0.002 (0.004)	Loss 1.1325 (1.2307)	Acc@1 62.500 (65.417)	Acc@5 87.500 (89.384)
Epoch: [16][400/468]	Time 0.110 (0.111)	Data 0.002 (0.003)	Loss 1.7064 (1.2381)	Acc@1 53.125 (65.021)	Acc@5 81.250 (89.394)
 * Acc@1 64.820 Acc@5 89.280
epoch 16, total time 52.07
Test: [0/94]	Time 0.168 (0.168)	Loss 1.3951 (1.3951)	Acc@1 62.500 (62.500)	Acc@5 84.375 (84.375)
 * Acc@1 62.500 Acc@5 86.100
==> training...
Epoch: [17][0/468]	Time 0.457 (0.457)	Data 0.393 (0.393)	Loss 1.1703 (1.1703)	Acc@1 71.875 (71.875)	Acc@5 93.750 (93.750)
Epoch: [17][100/468]	Time 0.110 (0.114)	Data 0.002 (0.006)	Loss 1.2373 (1.1564)	Acc@1 64.062 (67.110)	Acc@5 87.500 (90.579)
Epoch: [17][200/468]	Time 0.110 (0.112)	Data 0.002 (0.004)	Loss 1.3432 (1.1953)	Acc@1 62.500 (65.920)	Acc@5 90.625 (90.104)
Epoch: [17][300/468]	Time 0.109 (0.111)	Data 0.002 (0.004)	Loss 1.1099 (1.1903)	Acc@1 64.062 (66.035)	Acc@5 92.188 (90.210)
Epoch: [17][400/468]	Time 0.109 (0.111)	Data 0.002 (0.003)	Loss 1.3514 (1.1956)	Acc@1 65.625 (65.976)	Acc@5 85.938 (90.099)
 * Acc@1 65.875 Acc@5 89.951
epoch 17, total time 51.94
Test: [0/94]	Time 0.151 (0.151)	Loss 1.9388 (1.9388)	Acc@1 46.875 (46.875)	Acc@5 78.125 (78.125)
 * Acc@1 54.633 Acc@5 82.100
==> training...
Epoch: [18][0/468]	Time 0.396 (0.396)	Data 0.337 (0.337)	Loss 1.0547 (1.0547)	Acc@1 76.562 (76.562)	Acc@5 89.062 (89.062)
Epoch: [18][100/468]	Time 0.109 (0.113)	Data 0.002 (0.006)	Loss 0.9184 (1.1245)	Acc@1 78.125 (68.441)	Acc@5 92.188 (90.548)
Epoch: [18][200/468]	Time 0.110 (0.112)	Data 0.002 (0.004)	Loss 1.2747 (1.1211)	Acc@1 65.625 (68.579)	Acc@5 90.625 (90.944)
Epoch: [18][300/468]	Time 0.111 (0.111)	Data 0.002 (0.003)	Loss 1.2996 (1.1540)	Acc@1 67.188 (67.540)	Acc@5 92.188 (90.547)
Epoch: [18][400/468]	Time 0.110 (0.111)	Data 0.002 (0.003)	Loss 1.3492 (1.1616)	Acc@1 65.625 (67.262)	Acc@5 89.062 (90.426)
 * Acc@1 67.318 Acc@5 90.321
epoch 18, total time 51.83
Test: [0/94]	Time 0.153 (0.153)	Loss 1.4039 (1.4039)	Acc@1 62.500 (62.500)	Acc@5 87.500 (87.500)
 * Acc@1 60.933 Acc@5 85.200
==> training...
Epoch: [19][0/468]	Time 0.432 (0.432)	Data 0.367 (0.367)	Loss 1.2419 (1.2419)	Acc@1 67.188 (67.188)	Acc@5 85.938 (85.938)
Epoch: [19][100/468]	Time 0.110 (0.114)	Data 0.002 (0.006)	Loss 1.5299 (1.0754)	Acc@1 57.812 (69.431)	Acc@5 81.250 (91.321)
Epoch: [19][200/468]	Time 0.110 (0.112)	Data 0.002 (0.004)	Loss 1.1224 (1.0922)	Acc@1 71.875 (68.890)	Acc@5 92.188 (91.325)
Epoch: [19][300/468]	Time 0.120 (0.111)	Data 0.002 (0.004)	Loss 0.9245 (1.1022)	Acc@1 78.125 (68.786)	Acc@5 93.750 (91.051)
Epoch: [19][400/468]	Time 0.110 (0.111)	Data 0.002 (0.004)	Loss 1.3136 (1.1159)	Acc@1 68.750 (68.454)	Acc@5 90.625 (90.804)
 * Acc@1 68.286 Acc@5 90.688
epoch 19, total time 51.90
Test: [0/94]	Time 0.155 (0.155)	Loss 1.4089 (1.4089)	Acc@1 59.375 (59.375)	Acc@5 90.625 (90.625)
 * Acc@1 64.267 Acc@5 87.667
==> training...
Epoch: [20][0/468]	Time 0.402 (0.402)	Data 0.342 (0.342)	Loss 0.9154 (0.9154)	Acc@1 78.125 (78.125)	Acc@5 92.188 (92.188)
Epoch: [20][100/468]	Time 0.110 (0.113)	Data 0.002 (0.006)	Loss 0.8321 (1.0299)	Acc@1 71.875 (70.158)	Acc@5 95.312 (92.327)
Epoch: [20][200/468]	Time 0.110 (0.112)	Data 0.002 (0.004)	Loss 0.7713 (1.0662)	Acc@1 75.000 (69.403)	Acc@5 98.438 (91.768)
Epoch: [20][300/468]	Time 0.108 (0.111)	Data 0.002 (0.003)	Loss 1.0797 (1.0807)	Acc@1 71.875 (69.259)	Acc@5 85.938 (91.461)
Epoch: [20][400/468]	Time 0.109 (0.111)	Data 0.002 (0.003)	Loss 1.2407 (1.0887)	Acc@1 62.500 (69.070)	Acc@5 90.625 (91.299)
 * Acc@1 68.750 Acc@5 91.259
epoch 20, total time 51.74
Test: [0/94]	Time 0.149 (0.149)	Loss 1.1295 (1.1295)	Acc@1 59.375 (59.375)	Acc@5 93.750 (93.750)
 * Acc@1 64.333 Acc@5 88.167
==> training...
Epoch: [21][0/468]	Time 0.415 (0.415)	Data 0.350 (0.350)	Loss 1.3666 (1.3666)	Acc@1 59.375 (59.375)	Acc@5 90.625 (90.625)
Epoch: [21][100/468]	Time 0.121 (0.115)	Data 0.002 (0.006)	Loss 1.1478 (1.0020)	Acc@1 71.875 (71.550)	Acc@5 90.625 (92.358)
Epoch: [21][200/468]	Time 0.111 (0.113)	Data 0.002 (0.004)	Loss 1.1641 (1.0639)	Acc@1 65.625 (70.196)	Acc@5 89.062 (91.371)
Epoch: [21][300/468]	Time 0.110 (0.112)	Data 0.002 (0.004)	Loss 1.2926 (1.0505)	Acc@1 60.938 (70.312)	Acc@5 90.625 (91.637)
Epoch: [21][400/468]	Time 0.109 (0.112)	Data 0.002 (0.003)	Loss 1.2347 (1.0506)	Acc@1 65.625 (70.266)	Acc@5 90.625 (91.591)
 * Acc@1 70.039 Acc@5 91.520
epoch 21, total time 52.32
Test: [0/94]	Time 0.156 (0.156)	Loss 1.3890 (1.3890)	Acc@1 71.875 (71.875)	Acc@5 90.625 (90.625)
 * Acc@1 62.500 Acc@5 85.867
==> training...
Epoch: [22][0/468]	Time 0.408 (0.408)	Data 0.343 (0.343)	Loss 1.0350 (1.0350)	Acc@1 73.438 (73.438)	Acc@5 89.062 (89.062)
Epoch: [22][100/468]	Time 0.109 (0.113)	Data 0.002 (0.006)	Loss 1.2590 (0.9694)	Acc@1 62.500 (72.912)	Acc@5 90.625 (92.698)
Epoch: [22][200/468]	Time 0.110 (0.112)	Data 0.002 (0.004)	Loss 1.5049 (0.9955)	Acc@1 65.625 (71.603)	Acc@5 89.062 (92.530)
Epoch: [22][300/468]	Time 0.109 (0.111)	Data 0.002 (0.004)	Loss 1.2168 (1.0185)	Acc@1 65.625 (71.055)	Acc@5 87.500 (92.219)
Epoch: [22][400/468]	Time 0.110 (0.111)	Data 0.002 (0.003)	Loss 0.9798 (1.0332)	Acc@1 65.625 (70.687)	Acc@5 92.188 (91.969)
 * Acc@1 70.369 Acc@5 91.814
epoch 22, total time 51.82
Test: [0/94]	Time 0.191 (0.191)	Loss 1.2462 (1.2462)	Acc@1 62.500 (62.500)	Acc@5 87.500 (87.500)
 * Acc@1 65.000 Acc@5 87.167
==> training...
Epoch: [23][0/468]	Time 0.411 (0.411)	Data 0.349 (0.349)	Loss 1.2625 (1.2625)	Acc@1 65.625 (65.625)	Acc@5 87.500 (87.500)
Epoch: [23][100/468]	Time 0.109 (0.112)	Data 0.002 (0.006)	Loss 0.8362 (0.9416)	Acc@1 79.688 (73.159)	Acc@5 96.875 (92.806)
Epoch: [23][200/468]	Time 0.110 (0.111)	Data 0.002 (0.004)	Loss 0.8346 (0.9960)	Acc@1 76.562 (71.432)	Acc@5 93.750 (92.296)
Epoch: [23][300/468]	Time 0.109 (0.111)	Data 0.002 (0.004)	Loss 1.0915 (1.0121)	Acc@1 68.750 (70.816)	Acc@5 92.188 (92.255)
Epoch: [23][400/468]	Time 0.110 (0.110)	Data 0.002 (0.003)	Loss 0.7674 (1.0188)	Acc@1 81.250 (70.601)	Acc@5 95.312 (92.250)
 * Acc@1 70.573 Acc@5 92.238
epoch 23, total time 51.75
Test: [0/94]	Time 0.159 (0.159)	Loss 1.1380 (1.1380)	Acc@1 65.625 (65.625)	Acc@5 90.625 (90.625)
 * Acc@1 65.200 Acc@5 88.300
==> training...
Epoch: [24][0/468]	Time 0.415 (0.415)	Data 0.352 (0.352)	Loss 1.1047 (1.1047)	Acc@1 68.750 (68.750)	Acc@5 89.062 (89.062)
Epoch: [24][100/468]	Time 0.110 (0.113)	Data 0.002 (0.006)	Loss 0.8855 (0.9505)	Acc@1 71.875 (72.525)	Acc@5 93.750 (93.054)
Epoch: [24][200/468]	Time 0.109 (0.111)	Data 0.002 (0.004)	Loss 1.0856 (0.9795)	Acc@1 65.625 (71.828)	Acc@5 93.750 (92.926)
Epoch: [24][300/468]	Time 0.110 (0.111)	Data 0.002 (0.004)	Loss 1.0576 (0.9862)	Acc@1 70.312 (71.699)	Acc@5 89.062 (92.831)
Epoch: [24][400/468]	Time 0.110 (0.111)	Data 0.002 (0.003)	Loss 1.0501 (1.0012)	Acc@1 65.625 (71.368)	Acc@5 95.312 (92.636)
 * Acc@1 71.364 Acc@5 92.675
epoch 24, total time 51.85
Test: [0/94]	Time 0.156 (0.156)	Loss 1.3810 (1.3810)	Acc@1 56.250 (56.250)	Acc@5 90.625 (90.625)
 * Acc@1 64.567 Acc@5 88.333
==> training...
Epoch: [25][0/468]	Time 0.437 (0.437)	Data 0.351 (0.351)	Loss 0.9923 (0.9923)	Acc@1 73.438 (73.438)	Acc@5 87.500 (87.500)
Epoch: [25][100/468]	Time 0.109 (0.114)	Data 0.002 (0.007)	Loss 0.8000 (0.9247)	Acc@1 79.688 (73.546)	Acc@5 93.750 (93.317)
Epoch: [25][200/468]	Time 0.109 (0.112)	Data 0.002 (0.005)	Loss 1.0041 (0.9340)	Acc@1 68.750 (73.577)	Acc@5 95.312 (93.089)
Epoch: [25][300/468]	Time 0.110 (0.111)	Data 0.002 (0.004)	Loss 0.9134 (0.9530)	Acc@1 71.875 (73.007)	Acc@5 90.625 (92.930)
Epoch: [25][400/468]	Time 0.110 (0.111)	Data 0.002 (0.004)	Loss 0.8163 (0.9699)	Acc@1 73.438 (72.479)	Acc@5 96.875 (92.811)
 * Acc@1 72.459 Acc@5 92.829
epoch 25, total time 52.05
Test: [0/94]	Time 0.167 (0.167)	Loss 1.0861 (1.0861)	Acc@1 65.625 (65.625)	Acc@5 87.500 (87.500)
 * Acc@1 65.033 Acc@5 88.233
==> training...
Epoch: [26][0/468]	Time 0.452 (0.452)	Data 0.388 (0.388)	Loss 0.8690 (0.8690)	Acc@1 75.000 (75.000)	Acc@5 93.750 (93.750)
Epoch: [26][100/468]	Time 0.110 (0.116)	Data 0.002 (0.007)	Loss 1.4995 (0.9029)	Acc@1 57.812 (74.025)	Acc@5 85.938 (93.394)
Epoch: [26][200/468]	Time 0.109 (0.113)	Data 0.002 (0.005)	Loss 1.0404 (0.9228)	Acc@1 68.750 (73.445)	Acc@5 92.188 (93.416)
Epoch: [26][300/468]	Time 0.110 (0.112)	Data 0.002 (0.004)	Loss 1.3120 (0.9339)	Acc@1 68.750 (73.110)	Acc@5 92.188 (93.221)
Epoch: [26][400/468]	Time 0.110 (0.112)	Data 0.002 (0.004)	Loss 0.7023 (0.9463)	Acc@1 84.375 (72.693)	Acc@5 93.750 (93.088)
 * Acc@1 72.372 Acc@5 92.999
epoch 26, total time 52.21
Test: [0/94]	Time 0.160 (0.160)	Loss 1.1669 (1.1669)	Acc@1 65.625 (65.625)	Acc@5 96.875 (96.875)
 * Acc@1 66.667 Acc@5 88.633
==> training...
Epoch: [27][0/468]	Time 0.466 (0.466)	Data 0.401 (0.401)	Loss 1.0448 (1.0448)	Acc@1 71.875 (71.875)	Acc@5 96.875 (96.875)
Epoch: [27][100/468]	Time 0.111 (0.114)	Data 0.002 (0.006)	Loss 0.8399 (0.8509)	Acc@1 76.562 (75.433)	Acc@5 95.312 (94.338)
Epoch: [27][200/468]	Time 0.109 (0.112)	Data 0.002 (0.004)	Loss 1.0603 (0.8804)	Acc@1 67.188 (74.712)	Acc@5 92.188 (93.836)
Epoch: [27][300/468]	Time 0.109 (0.111)	Data 0.002 (0.004)	Loss 1.0418 (0.9092)	Acc@1 71.875 (73.931)	Acc@5 89.062 (93.568)
Epoch: [27][400/468]	Time 0.109 (0.110)	Data 0.002 (0.003)	Loss 0.8510 (0.9343)	Acc@1 76.562 (73.118)	Acc@5 95.312 (93.240)
 * Acc@1 72.990 Acc@5 93.243
epoch 27, total time 51.70
Test: [0/94]	Time 0.148 (0.148)	Loss 1.5429 (1.5429)	Acc@1 53.125 (53.125)	Acc@5 90.625 (90.625)
 * Acc@1 66.500 Acc@5 88.633
==> training...
Epoch: [28][0/468]	Time 0.418 (0.418)	Data 0.355 (0.355)	Loss 0.6914 (0.6914)	Acc@1 81.250 (81.250)	Acc@5 95.312 (95.312)
Epoch: [28][100/468]	Time 0.110 (0.114)	Data 0.002 (0.007)	Loss 1.1270 (0.8326)	Acc@1 75.000 (76.253)	Acc@5 87.500 (94.524)
Epoch: [28][200/468]	Time 0.112 (0.112)	Data 0.002 (0.005)	Loss 0.9271 (0.8714)	Acc@1 76.562 (75.109)	Acc@5 96.875 (93.913)
Epoch: [28][300/468]	Time 0.109 (0.112)	Data 0.002 (0.004)	Loss 0.9477 (0.9080)	Acc@1 75.000 (73.988)	Acc@5 93.750 (93.553)
Epoch: [28][400/468]	Time 0.110 (0.111)	Data 0.002 (0.003)	Loss 0.7886 (0.9223)	Acc@1 76.562 (73.636)	Acc@5 95.312 (93.360)
 * Acc@1 73.498 Acc@5 93.376
epoch 28, total time 52.00
Test: [0/94]	Time 0.160 (0.160)	Loss 1.5681 (1.5681)	Acc@1 59.375 (59.375)	Acc@5 84.375 (84.375)
 * Acc@1 61.967 Acc@5 86.167
==> training...
Epoch: [29][0/468]	Time 0.415 (0.415)	Data 0.351 (0.351)	Loss 0.6694 (0.6694)	Acc@1 81.250 (81.250)	Acc@5 95.312 (95.312)
Epoch: [29][100/468]	Time 0.109 (0.113)	Data 0.002 (0.006)	Loss 0.8137 (0.8376)	Acc@1 81.250 (76.361)	Acc@5 93.750 (93.998)
Epoch: [29][200/468]	Time 0.109 (0.111)	Data 0.002 (0.004)	Loss 1.0084 (0.8577)	Acc@1 70.312 (75.218)	Acc@5 89.062 (93.960)
Epoch: [29][300/468]	Time 0.110 (0.111)	Data 0.002 (0.004)	Loss 0.7929 (0.8845)	Acc@1 79.688 (74.486)	Acc@5 95.312 (93.688)
Epoch: [29][400/468]	Time 0.112 (0.110)	Data 0.002 (0.003)	Loss 1.1648 (0.8983)	Acc@1 68.750 (74.006)	Acc@5 92.188 (93.703)
 * Acc@1 73.821 Acc@5 93.540
epoch 29, total time 51.74
Test: [0/94]	Time 0.181 (0.181)	Loss 1.3803 (1.3803)	Acc@1 65.625 (65.625)	Acc@5 90.625 (90.625)
 * Acc@1 64.667 Acc@5 86.867
==> training...
Epoch: [30][0/468]	Time 0.520 (0.520)	Data 0.423 (0.423)	Loss 0.9509 (0.9509)	Acc@1 68.750 (68.750)	Acc@5 96.875 (96.875)
Epoch: [30][100/468]	Time 0.111 (0.115)	Data 0.002 (0.007)	Loss 1.0196 (0.8191)	Acc@1 67.188 (76.160)	Acc@5 95.312 (94.585)
Epoch: [30][200/468]	Time 0.111 (0.113)	Data 0.002 (0.005)	Loss 1.1022 (0.8504)	Acc@1 68.750 (75.187)	Acc@5 93.750 (94.411)
Epoch: [30][300/468]	Time 0.111 (0.112)	Data 0.002 (0.004)	Loss 0.7749 (0.8748)	Acc@1 79.688 (74.637)	Acc@5 93.750 (94.181)
Epoch: [30][400/468]	Time 0.110 (0.112)	Data 0.002 (0.004)	Loss 0.6436 (0.8883)	Acc@1 81.250 (74.287)	Acc@5 98.438 (94.089)
 * Acc@1 74.202 Acc@5 93.917
epoch 30, total time 52.45
Test: [0/94]	Time 0.150 (0.150)	Loss 1.0548 (1.0548)	Acc@1 68.750 (68.750)	Acc@5 96.875 (96.875)
 * Acc@1 66.100 Acc@5 88.600
==> training...
Epoch: [31][0/468]	Time 0.407 (0.407)	Data 0.344 (0.344)	Loss 0.7892 (0.7892)	Acc@1 78.125 (78.125)	Acc@5 98.438 (98.438)
Epoch: [31][100/468]	Time 0.111 (0.113)	Data 0.002 (0.006)	Loss 0.6216 (0.8007)	Acc@1 82.812 (77.321)	Acc@5 98.438 (94.817)
Epoch: [31][200/468]	Time 0.110 (0.112)	Data 0.002 (0.004)	Loss 0.7886 (0.8348)	Acc@1 71.875 (76.026)	Acc@5 93.750 (94.605)
Epoch: [31][300/468]	Time 0.110 (0.111)	Data 0.002 (0.004)	Loss 0.9588 (0.8672)	Acc@1 67.188 (75.114)	Acc@5 95.312 (94.217)
Epoch: [31][400/468]	Time 0.111 (0.111)	Data 0.002 (0.003)	Loss 0.9102 (0.8821)	Acc@1 76.562 (74.645)	Acc@5 92.188 (93.999)
 * Acc@1 74.656 Acc@5 94.010
epoch 31, total time 51.97
Test: [0/94]	Time 0.152 (0.152)	Loss 1.4564 (1.4564)	Acc@1 59.375 (59.375)	Acc@5 87.500 (87.500)
 * Acc@1 64.100 Acc@5 88.533
==> training...
Epoch: [32][0/468]	Time 0.403 (0.403)	Data 0.339 (0.339)	Loss 0.6175 (0.6175)	Acc@1 85.938 (85.938)	Acc@5 96.875 (96.875)
Epoch: [32][100/468]	Time 0.110 (0.115)	Data 0.002 (0.006)	Loss 0.9782 (0.8002)	Acc@1 67.188 (76.795)	Acc@5 90.625 (94.879)
Epoch: [32][200/468]	Time 0.110 (0.112)	Data 0.002 (0.004)	Loss 0.6755 (0.8265)	Acc@1 76.562 (76.290)	Acc@5 98.438 (94.333)
Epoch: [32][300/468]	Time 0.111 (0.112)	Data 0.002 (0.004)	Loss 0.8472 (0.8491)	Acc@1 71.875 (75.680)	Acc@5 98.438 (93.968)
Epoch: [32][400/468]	Time 0.110 (0.111)	Data 0.002 (0.003)	Loss 0.8376 (0.8689)	Acc@1 75.000 (74.926)	Acc@5 96.875 (93.898)
 * Acc@1 74.733 Acc@5 93.927
epoch 32, total time 52.08
Test: [0/94]	Time 0.155 (0.155)	Loss 1.8566 (1.8566)	Acc@1 56.250 (56.250)	Acc@5 84.375 (84.375)
 * Acc@1 63.667 Acc@5 87.767
==> training...
Epoch: [33][0/468]	Time 0.429 (0.429)	Data 0.365 (0.365)	Loss 0.6907 (0.6907)	Acc@1 79.688 (79.688)	Acc@5 95.312 (95.312)
Epoch: [33][100/468]	Time 0.110 (0.114)	Data 0.002 (0.006)	Loss 0.7322 (0.7971)	Acc@1 73.438 (76.717)	Acc@5 95.312 (95.297)
Epoch: [33][200/468]	Time 0.111 (0.112)	Data 0.002 (0.004)	Loss 1.0794 (0.8245)	Acc@1 65.625 (75.979)	Acc@5 93.750 (94.776)
Epoch: [33][300/468]	Time 0.110 (0.111)	Data 0.002 (0.004)	Loss 1.1343 (0.8428)	Acc@1 71.875 (75.550)	Acc@5 90.625 (94.404)
Epoch: [33][400/468]	Time 0.109 (0.111)	Data 0.002 (0.003)	Loss 0.9697 (0.8565)	Acc@1 68.750 (75.105)	Acc@5 92.188 (94.190)
 * Acc@1 74.836 Acc@5 94.164
epoch 33, total time 51.96
Test: [0/94]	Time 0.176 (0.176)	Loss 1.4492 (1.4492)	Acc@1 59.375 (59.375)	Acc@5 81.250 (81.250)
 * Acc@1 64.700 Acc@5 88.067
==> training...
Epoch: [34][0/468]	Time 0.403 (0.403)	Data 0.340 (0.340)	Loss 0.5277 (0.5277)	Acc@1 82.812 (82.812)	Acc@5 100.000 (100.000)
Epoch: [34][100/468]	Time 0.109 (0.114)	Data 0.002 (0.006)	Loss 0.6397 (0.7782)	Acc@1 82.812 (77.429)	Acc@5 95.312 (95.189)
Epoch: [34][200/468]	Time 0.109 (0.112)	Data 0.002 (0.004)	Loss 0.5666 (0.8130)	Acc@1 82.812 (76.547)	Acc@5 96.875 (94.854)
Epoch: [34][300/468]	Time 0.109 (0.111)	Data 0.002 (0.004)	Loss 0.7084 (0.8299)	Acc@1 81.250 (76.028)	Acc@5 96.875 (94.596)
Epoch: [34][400/468]	Time 0.109 (0.111)	Data 0.002 (0.003)	Loss 0.9427 (0.8476)	Acc@1 76.562 (75.514)	Acc@5 95.312 (94.338)
 * Acc@1 75.190 Acc@5 94.154
epoch 34, total time 52.12
Test: [0/94]	Time 0.156 (0.156)	Loss 1.0690 (1.0690)	Acc@1 62.500 (62.500)	Acc@5 90.625 (90.625)
 * Acc@1 64.900 Acc@5 88.000
==> training...
Epoch: [35][0/468]	Time 0.434 (0.434)	Data 0.369 (0.369)	Loss 0.7648 (0.7648)	Acc@1 76.562 (76.562)	Acc@5 96.875 (96.875)
Epoch: [35][100/468]	Time 0.108 (0.114)	Data 0.002 (0.006)	Loss 0.5561 (0.7515)	Acc@1 81.250 (77.429)	Acc@5 98.438 (95.390)
Epoch: [35][200/468]	Time 0.110 (0.112)	Data 0.002 (0.004)	Loss 0.5908 (0.7896)	Acc@1 82.812 (76.671)	Acc@5 96.875 (94.932)
Epoch: [35][300/468]	Time 0.109 (0.111)	Data 0.002 (0.004)	Loss 0.8376 (0.8215)	Acc@1 75.000 (76.059)	Acc@5 96.875 (94.653)
Epoch: [35][400/468]	Time 0.110 (0.111)	Data 0.002 (0.003)	Loss 0.6043 (0.8350)	Acc@1 79.688 (75.639)	Acc@5 100.000 (94.525)
 * Acc@1 75.574 Acc@5 94.535
epoch 35, total time 51.99
Test: [0/94]	Time 0.165 (0.165)	Loss 1.1192 (1.1192)	Acc@1 71.875 (71.875)	Acc@5 90.625 (90.625)
 * Acc@1 68.400 Acc@5 89.567
==> training...
Epoch: [36][0/468]	Time 0.466 (0.466)	Data 0.402 (0.402)	Loss 0.7912 (0.7912)	Acc@1 79.688 (79.688)	Acc@5 96.875 (96.875)
Epoch: [36][100/468]	Time 0.109 (0.115)	Data 0.002 (0.006)	Loss 0.5895 (0.7296)	Acc@1 82.812 (79.177)	Acc@5 96.875 (95.730)
Epoch: [36][200/468]	Time 0.110 (0.112)	Data 0.002 (0.004)	Loss 1.1227 (0.7596)	Acc@1 64.062 (78.008)	Acc@5 90.625 (95.305)
Epoch: [36][300/468]	Time 0.109 (0.111)	Data 0.002 (0.004)	Loss 1.1806 (0.7932)	Acc@1 68.750 (77.108)	Acc@5 87.500 (94.913)
Epoch: [36][400/468]	Time 0.110 (0.111)	Data 0.002 (0.003)	Loss 1.1805 (0.8176)	Acc@1 64.062 (76.375)	Acc@5 85.938 (94.642)
 * Acc@1 76.185 Acc@5 94.551
epoch 36, total time 52.00
Test: [0/94]	Time 0.152 (0.152)	Loss 1.0537 (1.0537)	Acc@1 68.750 (68.750)	Acc@5 90.625 (90.625)
 * Acc@1 66.133 Acc@5 89.800
==> training...
Epoch: [37][0/468]	Time 0.510 (0.510)	Data 0.443 (0.443)	Loss 0.8289 (0.8289)	Acc@1 76.562 (76.562)	Acc@5 96.875 (96.875)
Epoch: [37][100/468]	Time 0.110 (0.115)	Data 0.002 (0.007)	Loss 0.5137 (0.7364)	Acc@1 85.938 (78.651)	Acc@5 100.000 (95.606)
Epoch: [37][200/468]	Time 0.110 (0.113)	Data 0.002 (0.005)	Loss 0.6419 (0.7624)	Acc@1 85.938 (78.039)	Acc@5 96.875 (95.281)
Epoch: [37][300/468]	Time 0.111 (0.112)	Data 0.002 (0.004)	Loss 0.9198 (0.7887)	Acc@1 68.750 (77.352)	Acc@5 95.312 (94.980)
Epoch: [37][400/468]	Time 0.110 (0.112)	Data 0.002 (0.003)	Loss 1.0909 (0.8081)	Acc@1 71.875 (76.835)	Acc@5 90.625 (94.705)
 * Acc@1 76.502 Acc@5 94.478
epoch 37, total time 52.24
Test: [0/94]	Time 0.153 (0.153)	Loss 1.2975 (1.2975)	Acc@1 68.750 (68.750)	Acc@5 93.750 (93.750)
 * Acc@1 68.367 Acc@5 89.033
==> training...
Epoch: [38][0/468]	Time 0.424 (0.424)	Data 0.361 (0.361)	Loss 0.7269 (0.7269)	Acc@1 82.812 (82.812)	Acc@5 95.312 (95.312)
Epoch: [38][100/468]	Time 0.111 (0.113)	Data 0.002 (0.006)	Loss 0.9186 (0.7559)	Acc@1 76.562 (77.738)	Acc@5 90.625 (95.498)
Epoch: [38][200/468]	Time 0.111 (0.112)	Data 0.002 (0.004)	Loss 0.7804 (0.7928)	Acc@1 78.125 (77.044)	Acc@5 89.062 (95.056)
Epoch: [38][300/468]	Time 0.110 (0.111)	Data 0.002 (0.004)	Loss 0.7723 (0.8010)	Acc@1 78.125 (76.832)	Acc@5 96.875 (95.017)
Epoch: [38][400/468]	Time 0.109 (0.111)	Data 0.002 (0.003)	Loss 0.9016 (0.8160)	Acc@1 73.438 (76.352)	Acc@5 95.312 (94.798)
 * Acc@1 76.225 Acc@5 94.668
epoch 38, total time 51.85
Test: [0/94]	Time 0.150 (0.150)	Loss 0.9086 (0.9086)	Acc@1 75.000 (75.000)	Acc@5 93.750 (93.750)
 * Acc@1 67.000 Acc@5 87.567
==> training...
Epoch: [39][0/468]	Time 0.408 (0.408)	Data 0.345 (0.345)	Loss 0.7439 (0.7439)	Acc@1 78.125 (78.125)	Acc@5 98.438 (98.438)
Epoch: [39][100/468]	Time 0.132 (0.115)	Data 0.002 (0.006)	Loss 0.8140 (0.7230)	Acc@1 79.688 (79.115)	Acc@5 93.750 (95.715)
Epoch: [39][200/468]	Time 0.111 (0.113)	Data 0.002 (0.004)	Loss 0.9633 (0.7447)	Acc@1 78.125 (78.568)	Acc@5 90.625 (95.336)
Epoch: [39][300/468]	Time 0.111 (0.112)	Data 0.002 (0.004)	Loss 0.5963 (0.7674)	Acc@1 78.125 (77.949)	Acc@5 98.438 (95.178)
Epoch: [39][400/468]	Time 0.112 (0.112)	Data 0.002 (0.003)	Loss 1.1078 (0.7868)	Acc@1 67.188 (77.478)	Acc@5 96.875 (94.974)
 * Acc@1 77.053 Acc@5 94.842
epoch 39, total time 52.28
Test: [0/94]	Time 0.147 (0.147)	Loss 1.5663 (1.5663)	Acc@1 62.500 (62.500)	Acc@5 81.250 (81.250)
 * Acc@1 64.800 Acc@5 87.000
==> training...
Epoch: [40][0/468]	Time 0.437 (0.437)	Data 0.371 (0.371)	Loss 0.7277 (0.7277)	Acc@1 81.250 (81.250)	Acc@5 95.312 (95.312)
Epoch: [40][100/468]	Time 0.110 (0.113)	Data 0.002 (0.007)	Loss 0.6179 (0.7102)	Acc@1 82.812 (79.610)	Acc@5 98.438 (95.931)
Epoch: [40][200/468]	Time 0.110 (0.112)	Data 0.002 (0.005)	Loss 0.7330 (0.7532)	Acc@1 79.688 (78.117)	Acc@5 96.875 (95.414)
Epoch: [40][300/468]	Time 0.112 (0.112)	Data 0.002 (0.004)	Loss 0.8690 (0.7693)	Acc@1 75.000 (77.455)	Acc@5 90.625 (95.183)
Epoch: [40][400/468]	Time 0.110 (0.112)	Data 0.002 (0.004)	Loss 0.9128 (0.7876)	Acc@1 68.750 (76.976)	Acc@5 95.312 (94.950)
 * Acc@1 76.559 Acc@5 94.785
epoch 40, total time 52.19
Test: [0/94]	Time 0.166 (0.166)	Loss 1.5525 (1.5525)	Acc@1 65.625 (65.625)	Acc@5 87.500 (87.500)
 * Acc@1 67.267 Acc@5 88.400
==> training...
Epoch: [41][0/468]	Time 0.410 (0.410)	Data 0.347 (0.347)	Loss 0.7148 (0.7148)	Acc@1 75.000 (75.000)	Acc@5 93.750 (93.750)
Epoch: [41][100/468]	Time 0.110 (0.113)	Data 0.002 (0.006)	Loss 0.8967 (0.7350)	Acc@1 73.438 (78.837)	Acc@5 90.625 (95.684)
Epoch: [41][200/468]	Time 0.111 (0.112)	Data 0.002 (0.004)	Loss 0.6943 (0.7501)	Acc@1 81.250 (78.444)	Acc@5 96.875 (95.530)
Epoch: [41][300/468]	Time 0.110 (0.112)	Data 0.002 (0.004)	Loss 0.9803 (0.7756)	Acc@1 64.062 (77.824)	Acc@5 93.750 (95.261)
Epoch: [41][400/468]	Time 0.110 (0.111)	Data 0.002 (0.003)	Loss 0.5124 (0.7878)	Acc@1 82.812 (77.322)	Acc@5 100.000 (95.102)
 * Acc@1 77.194 Acc@5 95.062
epoch 41, total time 52.08
Test: [0/94]	Time 0.151 (0.151)	Loss 0.7009 (0.7009)	Acc@1 75.000 (75.000)	Acc@5 100.000 (100.000)
 * Acc@1 69.700 Acc@5 89.367
==> training...
Epoch: [42][0/468]	Time 0.438 (0.438)	Data 0.375 (0.375)	Loss 0.8381 (0.8381)	Acc@1 73.438 (73.438)	Acc@5 96.875 (96.875)
Epoch: [42][100/468]	Time 0.110 (0.114)	Data 0.002 (0.007)	Loss 1.0342 (0.7384)	Acc@1 67.188 (77.769)	Acc@5 92.188 (95.498)
Epoch: [42][200/468]	Time 0.110 (0.112)	Data 0.002 (0.005)	Loss 0.7927 (0.7522)	Acc@1 79.688 (77.760)	Acc@5 96.875 (95.305)
Epoch: [42][300/468]	Time 0.121 (0.112)	Data 0.002 (0.004)	Loss 1.0962 (0.7764)	Acc@1 70.312 (77.165)	Acc@5 87.500 (95.053)
Epoch: [42][400/468]	Time 0.112 (0.112)	Data 0.002 (0.004)	Loss 0.6377 (0.7866)	Acc@1 81.250 (76.851)	Acc@5 96.875 (94.981)
 * Acc@1 76.609 Acc@5 94.929
epoch 42, total time 52.22
Test: [0/94]	Time 0.186 (0.186)	Loss 1.1699 (1.1699)	Acc@1 68.750 (68.750)	Acc@5 87.500 (87.500)
 * Acc@1 67.533 Acc@5 87.700
==> training...
Epoch: [43][0/468]	Time 0.401 (0.401)	Data 0.339 (0.339)	Loss 0.7138 (0.7138)	Acc@1 81.250 (81.250)	Acc@5 98.438 (98.438)
Epoch: [43][100/468]	Time 0.108 (0.113)	Data 0.002 (0.006)	Loss 0.7809 (0.7250)	Acc@1 76.562 (78.806)	Acc@5 93.750 (95.885)
Epoch: [43][200/468]	Time 0.110 (0.111)	Data 0.002 (0.004)	Loss 0.7740 (0.7436)	Acc@1 75.000 (78.576)	Acc@5 95.312 (95.639)
Epoch: [43][300/468]	Time 0.109 (0.111)	Data 0.002 (0.004)	Loss 0.9838 (0.7564)	Acc@1 71.875 (78.172)	Acc@5 89.062 (95.531)
Epoch: [43][400/468]	Time 0.111 (0.111)	Data 0.002 (0.003)	Loss 0.6059 (0.7762)	Acc@1 81.250 (77.478)	Acc@5 100.000 (95.320)
 * Acc@1 77.300 Acc@5 95.246
epoch 43, total time 51.84
Test: [0/94]	Time 0.147 (0.147)	Loss 1.1176 (1.1176)	Acc@1 68.750 (68.750)	Acc@5 93.750 (93.750)
 * Acc@1 66.033 Acc@5 88.200
==> training...
Epoch: [44][0/468]	Time 0.486 (0.486)	Data 0.419 (0.419)	Loss 0.6931 (0.6931)	Acc@1 78.125 (78.125)	Acc@5 98.438 (98.438)
Epoch: [44][100/468]	Time 0.113 (0.115)	Data 0.002 (0.006)	Loss 0.6858 (0.7078)	Acc@1 79.688 (78.868)	Acc@5 95.312 (95.931)
Epoch: [44][200/468]	Time 0.109 (0.112)	Data 0.002 (0.004)	Loss 1.0984 (0.7269)	Acc@1 67.188 (78.560)	Acc@5 93.750 (95.756)
Epoch: [44][300/468]	Time 0.110 (0.112)	Data 0.002 (0.004)	Loss 0.7691 (0.7541)	Acc@1 73.438 (77.814)	Acc@5 96.875 (95.484)
Epoch: [44][400/468]	Time 0.114 (0.111)	Data 0.002 (0.003)	Loss 0.7489 (0.7746)	Acc@1 75.000 (77.205)	Acc@5 96.875 (95.348)
 * Acc@1 76.997 Acc@5 95.256
epoch 44, total time 52.16
Test: [0/94]	Time 0.154 (0.154)	Loss 1.2099 (1.2099)	Acc@1 68.750 (68.750)	Acc@5 93.750 (93.750)
 * Acc@1 70.333 Acc@5 90.533
==> training...
Epoch: [45][0/468]	Time 0.405 (0.405)	Data 0.342 (0.342)	Loss 0.6133 (0.6133)	Acc@1 78.125 (78.125)	Acc@5 98.438 (98.438)
Epoch: [45][100/468]	Time 0.110 (0.113)	Data 0.002 (0.006)	Loss 0.8574 (0.6849)	Acc@1 75.000 (80.275)	Acc@5 98.438 (96.334)
Epoch: [45][200/468]	Time 0.110 (0.112)	Data 0.002 (0.004)	Loss 1.0336 (0.7090)	Acc@1 64.062 (79.384)	Acc@5 93.750 (95.919)
Epoch: [45][300/468]	Time 0.110 (0.112)	Data 0.002 (0.004)	Loss 0.8982 (0.7403)	Acc@1 75.000 (78.504)	Acc@5 96.875 (95.531)
Epoch: [45][400/468]	Time 0.110 (0.111)	Data 0.002 (0.003)	Loss 0.7982 (0.7600)	Acc@1 76.562 (77.934)	Acc@5 96.875 (95.301)
 * Acc@1 77.698 Acc@5 95.152
epoch 45, total time 52.08
Test: [0/94]	Time 0.169 (0.169)	Loss 1.2643 (1.2643)	Acc@1 62.500 (62.500)	Acc@5 90.625 (90.625)
 * Acc@1 68.700 Acc@5 89.767
==> training...
Epoch: [46][0/468]	Time 0.422 (0.422)	Data 0.357 (0.357)	Loss 0.7207 (0.7207)	Acc@1 79.688 (79.688)	Acc@5 93.750 (93.750)
Epoch: [46][100/468]	Time 0.110 (0.114)	Data 0.002 (0.006)	Loss 0.6593 (0.6614)	Acc@1 79.688 (80.739)	Acc@5 98.438 (96.426)
Epoch: [46][200/468]	Time 0.110 (0.112)	Data 0.002 (0.004)	Loss 0.5477 (0.6994)	Acc@1 81.250 (79.711)	Acc@5 98.438 (95.997)
Epoch: [46][300/468]	Time 0.109 (0.111)	Data 0.002 (0.004)	Loss 0.8087 (0.7179)	Acc@1 76.562 (79.257)	Acc@5 95.312 (95.743)
Epoch: [46][400/468]	Time 0.111 (0.111)	Data 0.002 (0.003)	Loss 0.7900 (0.7340)	Acc@1 78.125 (78.667)	Acc@5 95.312 (95.632)
 * Acc@1 78.325 Acc@5 95.469
epoch 46, total time 52.10
Test: [0/94]	Time 0.162 (0.162)	Loss 1.8176 (1.8176)	Acc@1 46.875 (46.875)	Acc@5 87.500 (87.500)
 * Acc@1 66.067 Acc@5 89.200
==> training...
Epoch: [47][0/468]	Time 0.444 (0.444)	Data 0.372 (0.372)	Loss 0.9175 (0.9175)	Acc@1 73.438 (73.438)	Acc@5 96.875 (96.875)
Epoch: [47][100/468]	Time 0.112 (0.114)	Data 0.002 (0.006)	Loss 0.8744 (0.6958)	Acc@1 73.438 (79.239)	Acc@5 93.750 (96.395)
Epoch: [47][200/468]	Time 0.110 (0.112)	Data 0.002 (0.004)	Loss 0.8517 (0.7350)	Acc@1 75.000 (78.203)	Acc@5 93.750 (95.833)
Epoch: [47][300/468]	Time 0.111 (0.112)	Data 0.002 (0.004)	Loss 0.7098 (0.7419)	Acc@1 79.688 (78.130)	Acc@5 95.312 (95.728)
Epoch: [47][400/468]	Time 0.110 (0.111)	Data 0.002 (0.003)	Loss 0.8877 (0.7626)	Acc@1 76.562 (77.654)	Acc@5 95.312 (95.425)
 * Acc@1 77.641 Acc@5 95.356
epoch 47, total time 52.17
Test: [0/94]	Time 0.155 (0.155)	Loss 1.6840 (1.6840)	Acc@1 59.375 (59.375)	Acc@5 87.500 (87.500)
 * Acc@1 68.000 Acc@5 88.633
==> training...
Epoch: [48][0/468]	Time 0.428 (0.428)	Data 0.361 (0.361)	Loss 0.6452 (0.6452)	Acc@1 85.938 (85.938)	Acc@5 95.312 (95.312)
Epoch: [48][100/468]	Time 0.110 (0.114)	Data 0.002 (0.006)	Loss 0.6693 (0.6552)	Acc@1 76.562 (80.755)	Acc@5 96.875 (96.519)
Epoch: [48][200/468]	Time 0.109 (0.112)	Data 0.002 (0.004)	Loss 0.6027 (0.6837)	Acc@1 78.125 (79.944)	Acc@5 96.875 (96.199)
Epoch: [48][300/468]	Time 0.111 (0.112)	Data 0.002 (0.004)	Loss 0.6741 (0.7174)	Acc@1 78.125 (79.085)	Acc@5 96.875 (95.909)
Epoch: [48][400/468]	Time 0.110 (0.111)	Data 0.002 (0.003)	Loss 0.8198 (0.7362)	Acc@1 75.000 (78.448)	Acc@5 98.438 (95.694)
 * Acc@1 78.052 Acc@5 95.530
epoch 48, total time 52.03
Test: [0/94]	Time 0.162 (0.162)	Loss 1.2860 (1.2860)	Acc@1 65.625 (65.625)	Acc@5 93.750 (93.750)
 * Acc@1 68.400 Acc@5 89.700
==> training...
Epoch: [49][0/468]	Time 0.425 (0.425)	Data 0.360 (0.360)	Loss 0.5837 (0.5837)	Acc@1 79.688 (79.688)	Acc@5 98.438 (98.438)
Epoch: [49][100/468]	Time 0.112 (0.115)	Data 0.002 (0.007)	Loss 0.7133 (0.6742)	Acc@1 79.688 (80.446)	Acc@5 95.312 (96.380)
Epoch: [49][200/468]	Time 0.112 (0.113)	Data 0.002 (0.005)	Loss 0.7011 (0.6830)	Acc@1 78.125 (80.138)	Acc@5 95.312 (96.129)
Epoch: [49][300/468]	Time 0.110 (0.112)	Data 0.002 (0.004)	Loss 0.6954 (0.7139)	Acc@1 78.125 (79.288)	Acc@5 96.875 (95.743)
Epoch: [49][400/468]	Time 0.109 (0.112)	Data 0.002 (0.003)	Loss 0.5198 (0.7285)	Acc@1 89.062 (78.819)	Acc@5 96.875 (95.655)
 * Acc@1 78.509 Acc@5 95.576
epoch 49, total time 52.19
Test: [0/94]	Time 0.183 (0.183)	Loss 1.6638 (1.6638)	Acc@1 65.625 (65.625)	Acc@5 84.375 (84.375)
 * Acc@1 67.300 Acc@5 88.467
==> training...
Epoch: [50][0/468]	Time 0.396 (0.396)	Data 0.331 (0.331)	Loss 0.5313 (0.5313)	Acc@1 84.375 (84.375)	Acc@5 98.438 (98.438)
Epoch: [50][100/468]	Time 0.111 (0.114)	Data 0.002 (0.006)	Loss 0.5875 (0.6660)	Acc@1 85.938 (80.770)	Acc@5 95.312 (96.256)
Epoch: [50][200/468]	Time 0.109 (0.113)	Data 0.002 (0.004)	Loss 0.4298 (0.6937)	Acc@1 90.625 (79.960)	Acc@5 98.438 (95.880)
Epoch: [50][300/468]	Time 0.111 (0.112)	Data 0.002 (0.003)	Loss 0.6240 (0.7101)	Acc@1 79.688 (79.511)	Acc@5 96.875 (95.723)
Epoch: [50][400/468]	Time 0.110 (0.112)	Data 0.002 (0.003)	Loss 0.5896 (0.7239)	Acc@1 84.375 (79.208)	Acc@5 98.438 (95.542)
 * Acc@1 78.983 Acc@5 95.520
epoch 50, total time 52.23
Test: [0/94]	Time 0.184 (0.184)	Loss 1.1789 (1.1789)	Acc@1 68.750 (68.750)	Acc@5 96.875 (96.875)
 * Acc@1 69.233 Acc@5 89.800
==> training...
Epoch: [51][0/468]	Time 0.425 (0.425)	Data 0.360 (0.360)	Loss 0.5899 (0.5899)	Acc@1 82.812 (82.812)	Acc@5 98.438 (98.438)
Epoch: [51][100/468]	Time 0.111 (0.113)	Data 0.002 (0.006)	Loss 0.7884 (0.6427)	Acc@1 79.688 (80.786)	Acc@5 93.750 (96.132)
Epoch: [51][200/468]	Time 0.110 (0.112)	Data 0.002 (0.004)	Loss 0.6247 (0.6770)	Acc@1 79.688 (79.975)	Acc@5 98.438 (96.238)
Epoch: [51][300/468]	Time 0.113 (0.112)	Data 0.002 (0.004)	Loss 0.8935 (0.7110)	Acc@1 70.312 (79.163)	Acc@5 95.312 (95.941)
Epoch: [51][400/468]	Time 0.109 (0.111)	Data 0.002 (0.003)	Loss 1.1822 (0.7327)	Acc@1 64.062 (78.511)	Acc@5 89.062 (95.694)
 * Acc@1 78.285 Acc@5 95.630
epoch 51, total time 52.17
Test: [0/94]	Time 0.154 (0.154)	Loss 1.0319 (1.0319)	Acc@1 68.750 (68.750)	Acc@5 87.500 (87.500)
 * Acc@1 67.333 Acc@5 89.300
==> training...
Epoch: [52][0/468]	Time 0.412 (0.412)	Data 0.343 (0.343)	Loss 0.8504 (0.8504)	Acc@1 73.438 (73.438)	Acc@5 96.875 (96.875)
Epoch: [52][100/468]	Time 0.110 (0.114)	Data 0.002 (0.006)	Loss 0.5652 (0.6497)	Acc@1 87.500 (80.786)	Acc@5 98.438 (96.612)
Epoch: [52][200/468]	Time 0.109 (0.112)	Data 0.002 (0.004)	Loss 0.8083 (0.6851)	Acc@1 75.000 (79.610)	Acc@5 95.312 (96.424)
Epoch: [52][300/468]	Time 0.109 (0.112)	Data 0.002 (0.003)	Loss 0.9336 (0.7078)	Acc@1 76.562 (79.080)	Acc@5 95.312 (96.190)
Epoch: [52][400/468]	Time 0.110 (0.111)	Data 0.002 (0.003)	Loss 0.9447 (0.7301)	Acc@1 73.438 (78.538)	Acc@5 93.750 (95.772)
 * Acc@1 78.302 Acc@5 95.706
epoch 52, total time 52.09
Test: [0/94]	Time 0.152 (0.152)	Loss 0.9539 (0.9539)	Acc@1 62.500 (62.500)	Acc@5 96.875 (96.875)
 * Acc@1 66.967 Acc@5 88.700
==> training...
Epoch: [53][0/468]	Time 0.413 (0.413)	Data 0.344 (0.344)	Loss 0.7715 (0.7715)	Acc@1 76.562 (76.562)	Acc@5 95.312 (95.312)
Epoch: [53][100/468]	Time 0.110 (0.115)	Data 0.002 (0.006)	Loss 0.8157 (0.6404)	Acc@1 73.438 (81.033)	Acc@5 98.438 (96.798)
Epoch: [53][200/468]	Time 0.110 (0.113)	Data 0.002 (0.004)	Loss 0.9969 (0.6721)	Acc@1 67.188 (80.053)	Acc@5 96.875 (96.626)
Epoch: [53][300/468]	Time 0.109 (0.112)	Data 0.002 (0.004)	Loss 0.4970 (0.6902)	Acc@1 87.500 (79.620)	Acc@5 98.438 (96.340)
Epoch: [53][400/468]	Time 0.110 (0.112)	Data 0.002 (0.003)	Loss 0.9073 (0.7088)	Acc@1 71.875 (78.982)	Acc@5 98.438 (96.166)
 * Acc@1 78.626 Acc@5 96.067
epoch 53, total time 52.33
Test: [0/94]	Time 0.154 (0.154)	Loss 1.1449 (1.1449)	Acc@1 68.750 (68.750)	Acc@5 90.625 (90.625)
 * Acc@1 68.767 Acc@5 89.800
==> training...
Epoch: [54][0/468]	Time 0.462 (0.462)	Data 0.398 (0.398)	Loss 0.6972 (0.6972)	Acc@1 76.562 (76.562)	Acc@5 98.438 (98.438)
Epoch: [54][100/468]	Time 0.111 (0.114)	Data 0.002 (0.007)	Loss 0.7297 (0.6300)	Acc@1 82.812 (82.209)	Acc@5 98.438 (96.566)
Epoch: [54][200/468]	Time 0.110 (0.112)	Data 0.002 (0.005)	Loss 0.7286 (0.6702)	Acc@1 82.812 (80.442)	Acc@5 98.438 (96.432)
Epoch: [54][300/468]	Time 0.112 (0.112)	Data 0.002 (0.004)	Loss 0.9154 (0.6839)	Acc@1 78.125 (80.056)	Acc@5 90.625 (96.252)
Epoch: [54][400/468]	Time 0.110 (0.112)	Data 0.002 (0.003)	Loss 0.8560 (0.7050)	Acc@1 68.750 (79.372)	Acc@5 96.875 (96.076)
 * Acc@1 78.960 Acc@5 95.923
epoch 54, total time 52.21
Test: [0/94]	Time 0.162 (0.162)	Loss 1.2087 (1.2087)	Acc@1 68.750 (68.750)	Acc@5 87.500 (87.500)
 * Acc@1 66.800 Acc@5 88.733
==> training...
Epoch: [55][0/468]	Time 0.429 (0.429)	Data 0.361 (0.361)	Loss 0.7854 (0.7854)	Acc@1 81.250 (81.250)	Acc@5 92.188 (92.188)
Epoch: [55][100/468]	Time 0.111 (0.115)	Data 0.002 (0.007)	Loss 0.4764 (0.6612)	Acc@1 84.375 (80.368)	Acc@5 96.875 (96.225)
Epoch: [55][200/468]	Time 0.111 (0.113)	Data 0.002 (0.004)	Loss 0.6800 (0.6812)	Acc@1 78.125 (79.734)	Acc@5 95.312 (96.183)
Epoch: [55][300/468]	Time 0.111 (0.112)	Data 0.002 (0.004)	Loss 0.8515 (0.6964)	Acc@1 73.438 (79.231)	Acc@5 93.750 (95.972)
Epoch: [55][400/468]	Time 0.111 (0.112)	Data 0.002 (0.003)	Loss 0.6131 (0.7162)	Acc@1 79.688 (78.674)	Acc@5 96.875 (95.788)
 * Acc@1 78.359 Acc@5 95.703
epoch 55, total time 52.38
Test: [0/94]	Time 0.154 (0.154)	Loss 1.5069 (1.5069)	Acc@1 53.125 (53.125)	Acc@5 93.750 (93.750)
 * Acc@1 68.600 Acc@5 89.200
==> training...
Epoch: [56][0/468]	Time 0.409 (0.409)	Data 0.346 (0.346)	Loss 0.5246 (0.5246)	Acc@1 79.688 (79.688)	Acc@5 98.438 (98.438)
Epoch: [56][100/468]	Time 0.111 (0.114)	Data 0.002 (0.006)	Loss 0.6551 (0.6455)	Acc@1 79.688 (81.157)	Acc@5 96.875 (96.674)
Epoch: [56][200/468]	Time 0.109 (0.113)	Data 0.002 (0.004)	Loss 1.1161 (0.6696)	Acc@1 71.875 (80.162)	Acc@5 95.312 (96.401)
Epoch: [56][300/468]	Time 0.112 (0.112)	Data 0.002 (0.004)	Loss 0.7151 (0.7040)	Acc@1 75.000 (79.215)	Acc@5 95.312 (95.951)
Epoch: [56][400/468]	Time 0.111 (0.111)	Data 0.002 (0.003)	Loss 0.8553 (0.7166)	Acc@1 70.312 (78.834)	Acc@5 96.875 (95.819)
 * Acc@1 78.616 Acc@5 95.733
epoch 56, total time 52.24
Test: [0/94]	Time 0.177 (0.177)	Loss 1.0767 (1.0767)	Acc@1 65.625 (65.625)	Acc@5 84.375 (84.375)
 * Acc@1 66.233 Acc@5 89.000
==> training...
Epoch: [57][0/468]	Time 0.413 (0.413)	Data 0.347 (0.347)	Loss 0.7634 (0.7634)	Acc@1 81.250 (81.250)	Acc@5 98.438 (98.438)
Epoch: [57][100/468]	Time 0.112 (0.114)	Data 0.002 (0.006)	Loss 0.4187 (0.6410)	Acc@1 85.938 (80.956)	Acc@5 100.000 (96.627)
Epoch: [57][200/468]	Time 0.117 (0.113)	Data 0.002 (0.004)	Loss 0.6002 (0.6626)	Acc@1 78.125 (80.651)	Acc@5 96.875 (96.494)
Epoch: [57][300/468]	Time 0.110 (0.112)	Data 0.002 (0.004)	Loss 0.9467 (0.6801)	Acc@1 75.000 (80.124)	Acc@5 89.062 (96.335)
Epoch: [57][400/468]	Time 0.110 (0.112)	Data 0.002 (0.003)	Loss 0.7869 (0.7029)	Acc@1 76.562 (79.415)	Acc@5 95.312 (96.065)
 * Acc@1 79.123 Acc@5 95.920
epoch 57, total time 52.38
Test: [0/94]	Time 0.154 (0.154)	Loss 1.0793 (1.0793)	Acc@1 71.875 (71.875)	Acc@5 84.375 (84.375)
 * Acc@1 70.067 Acc@5 88.900
==> training...
Epoch: [58][0/468]	Time 0.435 (0.435)	Data 0.367 (0.367)	Loss 0.4989 (0.4989)	Acc@1 85.938 (85.938)	Acc@5 100.000 (100.000)
Epoch: [58][100/468]	Time 0.110 (0.115)	Data 0.002 (0.006)	Loss 0.6218 (0.6202)	Acc@1 79.688 (81.683)	Acc@5 98.438 (96.952)
Epoch: [58][200/468]	Time 0.111 (0.113)	Data 0.002 (0.004)	Loss 0.7439 (0.6581)	Acc@1 78.125 (80.550)	Acc@5 98.438 (96.657)
Epoch: [58][300/468]	Time 0.112 (0.112)	Data 0.002 (0.004)	Loss 0.8040 (0.6769)	Acc@1 76.562 (79.973)	Acc@5 95.312 (96.434)
Epoch: [58][400/468]	Time 0.111 (0.112)	Data 0.002 (0.003)	Loss 0.7243 (0.6980)	Acc@1 76.562 (79.294)	Acc@5 93.750 (96.162)
 * Acc@1 79.107 Acc@5 96.010
epoch 58, total time 52.46
Test: [0/94]	Time 0.151 (0.151)	Loss 1.2874 (1.2874)	Acc@1 68.750 (68.750)	Acc@5 90.625 (90.625)
 * Acc@1 65.600 Acc@5 87.533
==> training...
Epoch: [59][0/468]	Time 0.418 (0.418)	Data 0.350 (0.350)	Loss 0.5658 (0.5658)	Acc@1 81.250 (81.250)	Acc@5 96.875 (96.875)
Epoch: [59][100/468]	Time 0.111 (0.115)	Data 0.002 (0.006)	Loss 0.5657 (0.5970)	Acc@1 79.688 (82.271)	Acc@5 96.875 (97.045)
Epoch: [59][200/468]	Time 0.110 (0.113)	Data 0.002 (0.004)	Loss 0.6296 (0.6547)	Acc@1 78.125 (80.395)	Acc@5 98.438 (96.533)
Epoch: [59][300/468]	Time 0.110 (0.112)	Data 0.002 (0.004)	Loss 0.5705 (0.6858)	Acc@1 82.812 (79.563)	Acc@5 100.000 (96.242)
Epoch: [59][400/468]	Time 0.110 (0.112)	Data 0.002 (0.003)	Loss 0.7842 (0.6925)	Acc@1 76.562 (79.426)	Acc@5 95.312 (96.178)
 * Acc@1 79.367 Acc@5 96.017
epoch 59, total time 52.48
Test: [0/94]	Time 0.154 (0.154)	Loss 1.2953 (1.2953)	Acc@1 59.375 (59.375)	Acc@5 93.750 (93.750)
 * Acc@1 68.267 Acc@5 89.267
==> training...
Epoch: [60][0/468]	Time 0.461 (0.461)	Data 0.394 (0.394)	Loss 0.5591 (0.5591)	Acc@1 81.250 (81.250)	Acc@5 96.875 (96.875)
Epoch: [60][100/468]	Time 0.111 (0.115)	Data 0.002 (0.006)	Loss 0.8228 (0.6063)	Acc@1 75.000 (82.116)	Acc@5 93.750 (96.674)
Epoch: [60][200/468]	Time 0.113 (0.113)	Data 0.002 (0.004)	Loss 0.7946 (0.6344)	Acc@1 73.438 (81.063)	Acc@5 96.875 (96.712)
Epoch: [60][300/468]	Time 0.111 (0.112)	Data 0.002 (0.004)	Loss 0.8252 (0.6671)	Acc@1 71.875 (80.316)	Acc@5 95.312 (96.366)
Epoch: [60][400/468]	Time 0.110 (0.112)	Data 0.002 (0.003)	Loss 0.6469 (0.6886)	Acc@1 82.812 (79.652)	Acc@5 95.312 (96.201)
 * Acc@1 79.263 Acc@5 96.110
epoch 60, total time 52.30
Test: [0/94]	Time 0.151 (0.151)	Loss 1.3403 (1.3403)	Acc@1 62.500 (62.500)	Acc@5 90.625 (90.625)
 * Acc@1 68.933 Acc@5 89.733
==> training...
Epoch: [61][0/468]	Time 0.406 (0.406)	Data 0.337 (0.337)	Loss 0.6352 (0.6352)	Acc@1 81.250 (81.250)	Acc@5 96.875 (96.875)
Epoch: [61][100/468]	Time 0.112 (0.114)	Data 0.002 (0.006)	Loss 0.4627 (0.4689)	Acc@1 85.938 (86.386)	Acc@5 96.875 (97.865)
Epoch: [61][200/468]	Time 0.111 (0.112)	Data 0.002 (0.004)	Loss 0.2178 (0.4177)	Acc@1 96.875 (87.998)	Acc@5 100.000 (98.368)
Epoch: [61][300/468]	Time 0.111 (0.112)	Data 0.002 (0.004)	Loss 0.3652 (0.3867)	Acc@1 89.062 (89.088)	Acc@5 96.875 (98.557)
Epoch: [61][400/468]	Time 0.110 (0.112)	Data 0.002 (0.003)	Loss 0.3033 (0.3692)	Acc@1 92.188 (89.659)	Acc@5 98.438 (98.687)
 * Acc@1 89.884 Acc@5 98.741
epoch 61, total time 52.33
Test: [0/94]	Time 0.159 (0.159)	Loss 0.6151 (0.6151)	Acc@1 84.375 (84.375)	Acc@5 96.875 (96.875)
 * Acc@1 79.733 Acc@5 94.300
==> training...
Epoch: [62][0/468]	Time 0.415 (0.415)	Data 0.339 (0.339)	Loss 0.2304 (0.2304)	Acc@1 95.312 (95.312)	Acc@5 100.000 (100.000)
Epoch: [62][100/468]	Time 0.111 (0.113)	Data 0.002 (0.006)	Loss 0.1481 (0.2471)	Acc@1 95.312 (93.533)	Acc@5 100.000 (99.428)
Epoch: [62][200/468]	Time 0.111 (0.113)	Data 0.002 (0.004)	Loss 0.3160 (0.2519)	Acc@1 95.312 (93.439)	Acc@5 98.438 (99.308)
Epoch: [62][300/468]	Time 0.110 (0.112)	Data 0.002 (0.004)	Loss 0.2229 (0.2449)	Acc@1 93.750 (93.651)	Acc@5 98.438 (99.356)
Epoch: [62][400/468]	Time 0.110 (0.112)	Data 0.002 (0.003)	Loss 0.2395 (0.2431)	Acc@1 93.750 (93.625)	Acc@5 100.000 (99.353)
 * Acc@1 93.633 Acc@5 99.359
epoch 62, total time 52.24
Test: [0/94]	Time 0.154 (0.154)	Loss 0.6547 (0.6547)	Acc@1 87.500 (87.500)	Acc@5 96.875 (96.875)
 * Acc@1 80.400 Acc@5 94.300
==> training...
Epoch: [63][0/468]	Time 0.402 (0.402)	Data 0.338 (0.338)	Loss 0.2797 (0.2797)	Acc@1 93.750 (93.750)	Acc@5 98.438 (98.438)
Epoch: [63][100/468]	Time 0.111 (0.116)	Data 0.002 (0.007)	Loss 0.2170 (0.2171)	Acc@1 98.438 (94.137)	Acc@5 98.438 (99.505)
Epoch: [63][200/468]	Time 0.111 (0.113)	Data 0.002 (0.005)	Loss 0.2019 (0.2129)	Acc@1 93.750 (94.146)	Acc@5 98.438 (99.526)
Epoch: [63][300/468]	Time 0.111 (0.113)	Data 0.002 (0.004)	Loss 0.2474 (0.2055)	Acc@1 95.312 (94.503)	Acc@5 100.000 (99.528)
Epoch: [63][400/468]	Time 0.111 (0.112)	Data 0.002 (0.004)	Loss 0.1347 (0.2023)	Acc@1 95.312 (94.638)	Acc@5 100.000 (99.548)
 * Acc@1 94.775 Acc@5 99.559
epoch 63, total time 52.45
Test: [0/94]	Time 0.157 (0.157)	Loss 0.6684 (0.6684)	Acc@1 84.375 (84.375)	Acc@5 96.875 (96.875)
 * Acc@1 80.900 Acc@5 94.400
==> training...
Epoch: [64][0/468]	Time 0.407 (0.407)	Data 0.341 (0.341)	Loss 0.2704 (0.2704)	Acc@1 90.625 (90.625)	Acc@5 100.000 (100.000)
Epoch: [64][100/468]	Time 0.111 (0.115)	Data 0.002 (0.006)	Loss 0.1294 (0.1689)	Acc@1 98.438 (95.498)	Acc@5 100.000 (99.691)
Epoch: [64][200/468]	Time 0.111 (0.113)	Data 0.002 (0.004)	Loss 0.1454 (0.1689)	Acc@1 98.438 (95.616)	Acc@5 100.000 (99.697)
Epoch: [64][300/468]	Time 0.111 (0.112)	Data 0.002 (0.004)	Loss 0.1238 (0.1718)	Acc@1 98.438 (95.556)	Acc@5 100.000 (99.678)
Epoch: [64][400/468]	Time 0.110 (0.112)	Data 0.002 (0.003)	Loss 0.1442 (0.1700)	Acc@1 95.312 (95.589)	Acc@5 100.000 (99.680)
 * Acc@1 95.556 Acc@5 99.663
epoch 64, total time 52.40
Test: [0/94]	Time 0.155 (0.155)	Loss 0.7001 (0.7001)	Acc@1 84.375 (84.375)	Acc@5 96.875 (96.875)
 * Acc@1 80.400 Acc@5 94.900
==> training...
Epoch: [65][0/468]	Time 0.405 (0.405)	Data 0.342 (0.342)	Loss 0.1524 (0.1524)	Acc@1 95.312 (95.312)	Acc@5 100.000 (100.000)
Epoch: [65][100/468]	Time 0.112 (0.114)	Data 0.002 (0.006)	Loss 0.1218 (0.1496)	Acc@1 96.875 (96.303)	Acc@5 100.000 (99.799)
Epoch: [65][200/468]	Time 0.111 (0.112)	Data 0.002 (0.004)	Loss 0.1562 (0.1473)	Acc@1 96.875 (96.463)	Acc@5 98.438 (99.782)
Epoch: [65][300/468]	Time 0.112 (0.112)	Data 0.002 (0.004)	Loss 0.0942 (0.1481)	Acc@1 96.875 (96.434)	Acc@5 100.000 (99.761)
Epoch: [65][400/468]	Time 0.110 (0.112)	Data 0.002 (0.003)	Loss 0.1471 (0.1482)	Acc@1 98.438 (96.478)	Acc@5 98.438 (99.743)
 * Acc@1 96.478 Acc@5 99.720
epoch 65, total time 52.22
Test: [0/94]	Time 0.154 (0.154)	Loss 0.6133 (0.6133)	Acc@1 84.375 (84.375)	Acc@5 96.875 (96.875)
 * Acc@1 80.733 Acc@5 94.633
==> training...
Epoch: [66][0/468]	Time 0.409 (0.409)	Data 0.343 (0.343)	Loss 0.2568 (0.2568)	Acc@1 92.188 (92.188)	Acc@5 100.000 (100.000)
Epoch: [66][100/468]	Time 0.110 (0.115)	Data 0.002 (0.006)	Loss 0.2215 (0.1320)	Acc@1 95.312 (96.813)	Acc@5 100.000 (99.830)
Epoch: [66][200/468]	Time 0.111 (0.113)	Data 0.002 (0.004)	Loss 0.1425 (0.1297)	Acc@1 95.312 (96.906)	Acc@5 100.000 (99.821)
Epoch: [66][300/468]	Time 0.113 (0.113)	Data 0.002 (0.004)	Loss 0.1197 (0.1316)	Acc@1 96.875 (96.766)	Acc@5 100.000 (99.839)
Epoch: [66][400/468]	Time 0.111 (0.112)	Data 0.002 (0.003)	Loss 0.1870 (0.1330)	Acc@1 92.188 (96.684)	Acc@5 100.000 (99.825)
 * Acc@1 96.638 Acc@5 99.813
epoch 66, total time 52.58
Test: [0/94]	Time 0.157 (0.157)	Loss 0.6950 (0.6950)	Acc@1 84.375 (84.375)	Acc@5 96.875 (96.875)
 * Acc@1 81.067 Acc@5 94.800
==> training...
Epoch: [67][0/468]	Time 0.467 (0.467)	Data 0.401 (0.401)	Loss 0.1381 (0.1381)	Acc@1 95.312 (95.312)	Acc@5 100.000 (100.000)
Epoch: [67][100/468]	Time 0.109 (0.115)	Data 0.002 (0.006)	Loss 0.0523 (0.1140)	Acc@1 98.438 (97.494)	Acc@5 100.000 (99.892)
Epoch: [67][200/468]	Time 0.111 (0.113)	Data 0.002 (0.004)	Loss 0.0630 (0.1149)	Acc@1 100.000 (97.388)	Acc@5 100.000 (99.922)
Epoch: [67][300/468]	Time 0.111 (0.113)	Data 0.002 (0.004)	Loss 0.1804 (0.1155)	Acc@1 93.750 (97.353)	Acc@5 100.000 (99.901)
Epoch: [67][400/468]	Time 0.112 (0.112)	Data 0.002 (0.003)	Loss 0.1672 (0.1182)	Acc@1 93.750 (97.218)	Acc@5 100.000 (99.879)
 * Acc@1 97.239 Acc@5 99.897
epoch 67, total time 52.45
Test: [0/94]	Time 0.152 (0.152)	Loss 0.6961 (0.6961)	Acc@1 81.250 (81.250)	Acc@5 96.875 (96.875)
 * Acc@1 80.800 Acc@5 94.533
==> training...
Epoch: [68][0/468]	Time 0.566 (0.566)	Data 0.489 (0.489)	Loss 0.0893 (0.0893)	Acc@1 98.438 (98.438)	Acc@5 100.000 (100.000)
Epoch: [68][100/468]	Time 0.111 (0.117)	Data 0.002 (0.008)	Loss 0.1684 (0.1111)	Acc@1 92.188 (97.509)	Acc@5 100.000 (99.783)
Epoch: [68][200/468]	Time 0.111 (0.114)	Data 0.002 (0.005)	Loss 0.2008 (0.1123)	Acc@1 95.312 (97.349)	Acc@5 98.438 (99.821)
Epoch: [68][300/468]	Time 0.110 (0.113)	Data 0.002 (0.004)	Loss 0.1630 (0.1101)	Acc@1 95.312 (97.420)	Acc@5 100.000 (99.865)
Epoch: [68][400/468]	Time 0.111 (0.113)	Data 0.002 (0.004)	Loss 0.0804 (0.1088)	Acc@1 98.438 (97.432)	Acc@5 100.000 (99.879)
 * Acc@1 97.453 Acc@5 99.883
epoch 68, total time 52.65
Test: [0/94]	Time 0.158 (0.158)	Loss 0.6695 (0.6695)	Acc@1 84.375 (84.375)	Acc@5 96.875 (96.875)
 * Acc@1 80.633 Acc@5 94.700
==> training...
Epoch: [69][0/468]	Time 0.417 (0.417)	Data 0.347 (0.347)	Loss 0.0659 (0.0659)	Acc@1 100.000 (100.000)	Acc@5 100.000 (100.000)
Epoch: [69][100/468]	Time 0.110 (0.114)	Data 0.002 (0.006)	Loss 0.0793 (0.0977)	Acc@1 98.438 (97.958)	Acc@5 100.000 (99.861)
Epoch: [69][200/468]	Time 0.112 (0.113)	Data 0.002 (0.004)	Loss 0.1365 (0.0983)	Acc@1 96.875 (97.746)	Acc@5 100.000 (99.891)
Epoch: [69][300/468]	Time 0.110 (0.113)	Data 0.002 (0.004)	Loss 0.0672 (0.0998)	Acc@1 98.438 (97.706)	Acc@5 100.000 (99.891)
Epoch: [69][400/468]	Time 0.110 (0.112)	Data 0.002 (0.003)	Loss 0.0923 (0.1001)	Acc@1 98.438 (97.670)	Acc@5 100.000 (99.895)
 * Acc@1 97.646 Acc@5 99.897
epoch 69, total time 52.35
Test: [0/94]	Time 0.167 (0.167)	Loss 0.6262 (0.6262)	Acc@1 84.375 (84.375)	Acc@5 96.875 (96.875)
 * Acc@1 80.667 Acc@5 94.600
==> training...
Epoch: [70][0/468]	Time 0.409 (0.409)	Data 0.342 (0.342)	Loss 0.1405 (0.1405)	Acc@1 96.875 (96.875)	Acc@5 100.000 (100.000)
Epoch: [70][100/468]	Time 0.111 (0.114)	Data 0.002 (0.006)	Loss 0.1052 (0.0913)	Acc@1 96.875 (98.035)	Acc@5 100.000 (99.985)
Epoch: [70][200/468]	Time 0.112 (0.112)	Data 0.002 (0.004)	Loss 0.1031 (0.0914)	Acc@1 96.875 (98.033)	Acc@5 100.000 (99.984)
Epoch: [70][300/468]	Time 0.112 (0.112)	Data 0.002 (0.004)	Loss 0.0813 (0.0938)	Acc@1 96.875 (97.918)	Acc@5 100.000 (99.969)
Epoch: [70][400/468]	Time 0.110 (0.111)	Data 0.002 (0.003)	Loss 0.0722 (0.0929)	Acc@1 98.438 (97.954)	Acc@5 100.000 (99.961)
 * Acc@1 97.963 Acc@5 99.960
epoch 70, total time 52.17
Test: [0/94]	Time 0.188 (0.188)	Loss 0.7234 (0.7234)	Acc@1 78.125 (78.125)	Acc@5 96.875 (96.875)
 * Acc@1 80.467 Acc@5 94.467
==> training...
Epoch: [71][0/468]	Time 0.397 (0.397)	Data 0.335 (0.335)	Loss 0.1645 (0.1645)	Acc@1 95.312 (95.312)	Acc@5 100.000 (100.000)
Epoch: [71][100/468]	Time 0.116 (0.114)	Data 0.002 (0.006)	Loss 0.1193 (0.0803)	Acc@1 96.875 (98.221)	Acc@5 100.000 (99.938)
Epoch: [71][200/468]	Time 0.111 (0.112)	Data 0.002 (0.004)	Loss 0.0689 (0.0801)	Acc@1 100.000 (98.298)	Acc@5 100.000 (99.969)
Epoch: [71][300/468]	Time 0.109 (0.112)	Data 0.002 (0.004)	Loss 0.1401 (0.0809)	Acc@1 95.312 (98.287)	Acc@5 98.438 (99.948)
Epoch: [71][400/468]	Time 0.111 (0.112)	Data 0.002 (0.003)	Loss 0.0595 (0.0819)	Acc@1 98.438 (98.227)	Acc@5 100.000 (99.949)
 * Acc@1 98.180 Acc@5 99.947
epoch 71, total time 52.33
Test: [0/94]	Time 0.251 (0.251)	Loss 0.7511 (0.7511)	Acc@1 81.250 (81.250)	Acc@5 93.750 (93.750)
 * Acc@1 80.900 Acc@5 94.533
==> training...
Epoch: [72][0/468]	Time 0.415 (0.415)	Data 0.349 (0.349)	Loss 0.0889 (0.0889)	Acc@1 96.875 (96.875)	Acc@5 100.000 (100.000)
Epoch: [72][100/468]	Time 0.110 (0.120)	Data 0.002 (0.007)	Loss 0.1611 (0.0757)	Acc@1 96.875 (98.438)	Acc@5 100.000 (99.969)
Epoch: [72][200/468]	Time 0.111 (0.115)	Data 0.002 (0.005)	Loss 0.1057 (0.0747)	Acc@1 96.875 (98.445)	Acc@5 100.000 (99.961)
Epoch: [72][300/468]	Time 0.111 (0.114)	Data 0.002 (0.004)	Loss 0.0657 (0.0759)	Acc@1 98.438 (98.412)	Acc@5 100.000 (99.964)
Epoch: [72][400/468]	Time 0.110 (0.113)	Data 0.002 (0.004)	Loss 0.0438 (0.0752)	Acc@1 100.000 (98.469)	Acc@5 100.000 (99.965)
 * Acc@1 98.444 Acc@5 99.970
epoch 72, total time 52.94
Test: [0/94]	Time 0.253 (0.253)	Loss 0.6636 (0.6636)	Acc@1 84.375 (84.375)	Acc@5 93.750 (93.750)
 * Acc@1 81.000 Acc@5 94.500
==> training...
Epoch: [73][0/468]	Time 0.449 (0.449)	Data 0.382 (0.382)	Loss 0.0379 (0.0379)	Acc@1 100.000 (100.000)	Acc@5 100.000 (100.000)
Epoch: [73][100/468]	Time 0.113 (0.132)	Data 0.002 (0.008)	Loss 0.0759 (0.0713)	Acc@1 98.438 (98.623)	Acc@5 100.000 (99.954)
Epoch: [73][200/468]	Time 0.111 (0.122)	Data 0.002 (0.005)	Loss 0.0611 (0.0702)	Acc@1 100.000 (98.663)	Acc@5 100.000 (99.953)
Epoch: [73][300/468]	Time 0.109 (0.119)	Data 0.002 (0.004)	Loss 0.0433 (0.0694)	Acc@1 100.000 (98.656)	Acc@5 100.000 (99.958)
Epoch: [73][400/468]	Time 0.113 (0.117)	Data 0.002 (0.004)	Loss 0.0628 (0.0696)	Acc@1 100.000 (98.613)	Acc@5 100.000 (99.969)
 * Acc@1 98.574 Acc@5 99.973
epoch 73, total time 54.73
Test: [0/94]	Time 0.210 (0.210)	Loss 0.6933 (0.6933)	Acc@1 81.250 (81.250)	Acc@5 96.875 (96.875)
 * Acc@1 81.233 Acc@5 94.167
==> training...
Epoch: [74][0/468]	Time 0.403 (0.403)	Data 0.336 (0.336)	Loss 0.0678 (0.0678)	Acc@1 96.875 (96.875)	Acc@5 100.000 (100.000)
Epoch: [74][100/468]	Time 0.110 (0.114)	Data 0.002 (0.006)	Loss 0.0422 (0.0620)	Acc@1 100.000 (98.731)	Acc@5 100.000 (100.000)
Epoch: [74][200/468]	Time 0.112 (0.113)	Data 0.002 (0.004)	Loss 0.0448 (0.0621)	Acc@1 98.438 (98.795)	Acc@5 100.000 (99.984)
Epoch: [74][300/468]	Time 0.111 (0.112)	Data 0.002 (0.003)	Loss 0.0698 (0.0646)	Acc@1 98.438 (98.692)	Acc@5 100.000 (99.979)
Epoch: [74][400/468]	Time 0.111 (0.112)	Data 0.002 (0.003)	Loss 0.0373 (0.0640)	Acc@1 100.000 (98.776)	Acc@5 100.000 (99.981)
 * Acc@1 98.748 Acc@5 99.983
epoch 74, total time 52.70
Test: [0/94]	Time 0.180 (0.180)	Loss 0.7329 (0.7329)	Acc@1 81.250 (81.250)	Acc@5 96.875 (96.875)
 * Acc@1 81.133 Acc@5 94.533
==> training...
Epoch: [75][0/468]	Time 0.477 (0.477)	Data 0.411 (0.411)	Loss 0.0474 (0.0474)	Acc@1 100.000 (100.000)	Acc@5 100.000 (100.000)
Epoch: [75][100/468]	Time 0.110 (0.116)	Data 0.002 (0.006)	Loss 0.0746 (0.0551)	Acc@1 98.438 (99.226)	Acc@5 100.000 (100.000)
Epoch: [75][200/468]	Time 0.111 (0.114)	Data 0.002 (0.004)	Loss 0.0334 (0.0555)	Acc@1 100.000 (99.059)	Acc@5 100.000 (100.000)
Epoch: [75][300/468]	Time 0.111 (0.114)	Data 0.002 (0.004)	Loss 0.0545 (0.0572)	Acc@1 100.000 (98.920)	Acc@5 100.000 (100.000)
Epoch: [75][400/468]	Time 0.110 (0.113)	Data 0.002 (0.003)	Loss 0.0562 (0.0590)	Acc@1 100.000 (98.854)	Acc@5 100.000 (99.996)
 * Acc@1 98.845 Acc@5 99.997
epoch 75, total time 52.90
Test: [0/94]	Time 0.186 (0.186)	Loss 0.7571 (0.7571)	Acc@1 81.250 (81.250)	Acc@5 93.750 (93.750)
 * Acc@1 81.133 Acc@5 94.733
==> training...
Epoch: [76][0/468]	Time 0.466 (0.466)	Data 0.399 (0.399)	Loss 0.0613 (0.0613)	Acc@1 98.438 (98.438)	Acc@5 100.000 (100.000)
Epoch: [76][100/468]	Time 0.110 (0.115)	Data 0.002 (0.006)	Loss 0.0245 (0.0536)	Acc@1 100.000 (99.041)	Acc@5 100.000 (100.000)
Epoch: [76][200/468]	Time 0.110 (0.113)	Data 0.002 (0.004)	Loss 0.0418 (0.0553)	Acc@1 100.000 (99.021)	Acc@5 100.000 (100.000)
Epoch: [76][300/468]	Time 0.110 (0.112)	Data 0.002 (0.004)	Loss 0.0414 (0.0572)	Acc@1 100.000 (98.957)	Acc@5 100.000 (100.000)
Epoch: [76][400/468]	Time 0.110 (0.112)	Data 0.002 (0.003)	Loss 0.0662 (0.0569)	Acc@1 98.438 (98.960)	Acc@5 100.000 (99.996)
 * Acc@1 98.952 Acc@5 99.997
epoch 76, total time 52.50
Test: [0/94]	Time 0.156 (0.156)	Loss 0.7308 (0.7308)	Acc@1 81.250 (81.250)	Acc@5 96.875 (96.875)
 * Acc@1 81.200 Acc@5 94.533
==> training...
Epoch: [77][0/468]	Time 0.425 (0.425)	Data 0.356 (0.356)	Loss 0.0380 (0.0380)	Acc@1 100.000 (100.000)	Acc@5 100.000 (100.000)
Epoch: [77][100/468]	Time 0.111 (0.115)	Data 0.002 (0.006)	Loss 0.0635 (0.0495)	Acc@1 96.875 (99.103)	Acc@5 100.000 (100.000)
Epoch: [77][200/468]	Time 0.111 (0.113)	Data 0.002 (0.004)	Loss 0.0771 (0.0528)	Acc@1 96.875 (99.013)	Acc@5 100.000 (100.000)
Epoch: [77][300/468]	Time 0.112 (0.112)	Data 0.002 (0.004)	Loss 0.0638 (0.0518)	Acc@1 100.000 (99.086)	Acc@5 100.000 (99.995)
Epoch: [77][400/468]	Time 0.110 (0.112)	Data 0.002 (0.003)	Loss 0.0343 (0.0534)	Acc@1 100.000 (99.010)	Acc@5 100.000 (99.988)
 * Acc@1 98.982 Acc@5 99.987
epoch 77, total time 52.57
Test: [0/94]	Time 0.167 (0.167)	Loss 0.6932 (0.6932)	Acc@1 78.125 (78.125)	Acc@5 96.875 (96.875)
 * Acc@1 81.000 Acc@5 94.467
==> training...
Epoch: [78][0/468]	Time 0.431 (0.431)	Data 0.366 (0.366)	Loss 0.0255 (0.0255)	Acc@1 100.000 (100.000)	Acc@5 100.000 (100.000)
Epoch: [78][100/468]	Time 0.111 (0.117)	Data 0.002 (0.007)	Loss 0.0339 (0.0455)	Acc@1 100.000 (99.319)	Acc@5 100.000 (100.000)
Epoch: [78][200/468]	Time 0.112 (0.114)	Data 0.002 (0.005)	Loss 0.0186 (0.0458)	Acc@1 100.000 (99.300)	Acc@5 100.000 (100.000)
Epoch: [78][300/468]	Time 0.110 (0.113)	Data 0.002 (0.004)	Loss 0.0408 (0.0476)	Acc@1 98.438 (99.190)	Acc@5 100.000 (100.000)
Epoch: [78][400/468]	Time 0.112 (0.113)	Data 0.002 (0.004)	Loss 0.0807 (0.0483)	Acc@1 96.875 (99.139)	Acc@5 100.000 (100.000)
 * Acc@1 99.089 Acc@5 99.997
epoch 78, total time 52.65
Test: [0/94]	Time 0.153 (0.153)	Loss 0.7118 (0.7118)	Acc@1 75.000 (75.000)	Acc@5 96.875 (96.875)
 * Acc@1 81.300 Acc@5 94.567
==> training...
Epoch: [79][0/468]	Time 0.401 (0.401)	Data 0.337 (0.337)	Loss 0.1004 (0.1004)	Acc@1 96.875 (96.875)	Acc@5 100.000 (100.000)
Epoch: [79][100/468]	Time 0.116 (0.115)	Data 0.002 (0.006)	Loss 0.0363 (0.0457)	Acc@1 100.000 (99.226)	Acc@5 100.000 (100.000)
Epoch: [79][200/468]	Time 0.111 (0.113)	Data 0.002 (0.004)	Loss 0.0192 (0.0473)	Acc@1 100.000 (99.153)	Acc@5 100.000 (99.992)
Epoch: [79][300/468]	Time 0.109 (0.112)	Data 0.002 (0.004)	Loss 0.0496 (0.0471)	Acc@1 100.000 (99.164)	Acc@5 100.000 (99.995)
Epoch: [79][400/468]	Time 0.111 (0.112)	Data 0.002 (0.003)	Loss 0.0287 (0.0459)	Acc@1 100.000 (99.244)	Acc@5 100.000 (99.996)
 * Acc@1 99.229 Acc@5 99.993
epoch 79, total time 52.53
Test: [0/94]	Time 0.154 (0.154)	Loss 0.7047 (0.7047)	Acc@1 71.875 (71.875)	Acc@5 96.875 (96.875)
 * Acc@1 80.867 Acc@5 94.300
==> training...
Epoch: [80][0/468]	Time 0.417 (0.417)	Data 0.351 (0.351)	Loss 0.0444 (0.0444)	Acc@1 100.000 (100.000)	Acc@5 100.000 (100.000)
Epoch: [80][100/468]	Time 0.111 (0.115)	Data 0.002 (0.006)	Loss 0.0166 (0.0428)	Acc@1 100.000 (99.381)	Acc@5 100.000 (99.954)
Epoch: [80][200/468]	Time 0.110 (0.113)	Data 0.002 (0.004)	Loss 0.0432 (0.0446)	Acc@1 98.438 (99.331)	Acc@5 100.000 (99.977)
Epoch: [80][300/468]	Time 0.111 (0.112)	Data 0.002 (0.004)	Loss 0.0519 (0.0430)	Acc@1 100.000 (99.356)	Acc@5 100.000 (99.979)
Epoch: [80][400/468]	Time 0.114 (0.112)	Data 0.002 (0.003)	Loss 0.0249 (0.0445)	Acc@1 100.000 (99.279)	Acc@5 100.000 (99.984)
 * Acc@1 99.289 Acc@5 99.987
epoch 80, total time 52.43
Test: [0/94]	Time 0.155 (0.155)	Loss 0.8106 (0.8106)	Acc@1 71.875 (71.875)	Acc@5 96.875 (96.875)
 * Acc@1 80.967 Acc@5 94.800
==> training...
Epoch: [81][0/468]	Time 0.425 (0.425)	Data 0.356 (0.356)	Loss 0.0505 (0.0505)	Acc@1 98.438 (98.438)	Acc@5 100.000 (100.000)
Epoch: [81][100/468]	Time 0.110 (0.117)	Data 0.002 (0.007)	Loss 0.0863 (0.0423)	Acc@1 96.875 (99.412)	Acc@5 100.000 (100.000)
Epoch: [81][200/468]	Time 0.110 (0.114)	Data 0.002 (0.005)	Loss 0.0525 (0.0415)	Acc@1 100.000 (99.370)	Acc@5 100.000 (99.992)
Epoch: [81][300/468]	Time 0.113 (0.113)	Data 0.002 (0.004)	Loss 0.0902 (0.0397)	Acc@1 98.438 (99.439)	Acc@5 100.000 (99.990)
Epoch: [81][400/468]	Time 0.114 (0.113)	Data 0.002 (0.004)	Loss 0.0141 (0.0388)	Acc@1 100.000 (99.462)	Acc@5 100.000 (99.992)
 * Acc@1 99.469 Acc@5 99.993
epoch 81, total time 53.01
Test: [0/94]	Time 0.153 (0.153)	Loss 0.7483 (0.7483)	Acc@1 71.875 (71.875)	Acc@5 96.875 (96.875)
 * Acc@1 81.100 Acc@5 94.900
==> training...
Epoch: [82][0/468]	Time 0.493 (0.493)	Data 0.427 (0.427)	Loss 0.0386 (0.0386)	Acc@1 100.000 (100.000)	Acc@5 100.000 (100.000)
Epoch: [82][100/468]	Time 0.112 (0.117)	Data 0.002 (0.007)	Loss 0.0633 (0.0363)	Acc@1 96.875 (99.474)	Acc@5 100.000 (99.985)
Epoch: [82][200/468]	Time 0.124 (0.114)	Data 0.002 (0.005)	Loss 0.0351 (0.0343)	Acc@1 98.438 (99.549)	Acc@5 100.000 (99.992)
Epoch: [82][300/468]	Time 0.110 (0.114)	Data 0.002 (0.004)	Loss 0.0225 (0.0346)	Acc@1 100.000 (99.574)	Acc@5 100.000 (99.995)
Epoch: [82][400/468]	Time 0.111 (0.113)	Data 0.002 (0.003)	Loss 0.0631 (0.0355)	Acc@1 98.438 (99.497)	Acc@5 100.000 (99.996)
 * Acc@1 99.486 Acc@5 99.997
epoch 82, total time 52.77
Test: [0/94]	Time 0.177 (0.177)	Loss 0.7131 (0.7131)	Acc@1 71.875 (71.875)	Acc@5 96.875 (96.875)
 * Acc@1 81.300 Acc@5 94.967
==> training...
Epoch: [83][0/468]	Time 0.421 (0.421)	Data 0.352 (0.352)	Loss 0.0414 (0.0414)	Acc@1 100.000 (100.000)	Acc@5 100.000 (100.000)
Epoch: [83][100/468]	Time 0.112 (0.115)	Data 0.002 (0.006)	Loss 0.0481 (0.0356)	Acc@1 98.438 (99.489)	Acc@5 100.000 (100.000)
Epoch: [83][200/468]	Time 0.110 (0.113)	Data 0.002 (0.004)	Loss 0.0290 (0.0368)	Acc@1 100.000 (99.440)	Acc@5 100.000 (100.000)
Epoch: [83][300/468]	Time 0.112 (0.113)	Data 0.002 (0.004)	Loss 0.0248 (0.0360)	Acc@1 100.000 (99.476)	Acc@5 100.000 (100.000)
Epoch: [83][400/468]	Time 0.112 (0.113)	Data 0.002 (0.003)	Loss 0.0360 (0.0351)	Acc@1 100.000 (99.493)	Acc@5 100.000 (100.000)
 * Acc@1 99.526 Acc@5 100.000
epoch 83, total time 52.82
Test: [0/94]	Time 0.169 (0.169)	Loss 0.7135 (0.7135)	Acc@1 75.000 (75.000)	Acc@5 96.875 (96.875)
 * Acc@1 81.400 Acc@5 94.867
==> training...
Epoch: [84][0/468]	Time 0.511 (0.511)	Data 0.446 (0.446)	Loss 0.0151 (0.0151)	Acc@1 100.000 (100.000)	Acc@5 100.000 (100.000)
Epoch: [84][100/468]	Time 0.113 (0.118)	Data 0.002 (0.007)	Loss 0.0300 (0.0323)	Acc@1 100.000 (99.691)	Acc@5 100.000 (100.000)
Epoch: [84][200/468]	Time 0.111 (0.115)	Data 0.002 (0.005)	Loss 0.0203 (0.0317)	Acc@1 100.000 (99.681)	Acc@5 100.000 (99.992)
Epoch: [84][300/468]	Time 0.113 (0.115)	Data 0.002 (0.004)	Loss 0.0439 (0.0320)	Acc@1 100.000 (99.663)	Acc@5 100.000 (99.995)
Epoch: [84][400/468]	Time 0.112 (0.114)	Data 0.002 (0.004)	Loss 0.0204 (0.0325)	Acc@1 100.000 (99.634)	Acc@5 100.000 (99.996)
 * Acc@1 99.636 Acc@5 99.997
epoch 84, total time 53.45
Test: [0/94]	Time 0.175 (0.175)	Loss 0.6995 (0.6995)	Acc@1 71.875 (71.875)	Acc@5 96.875 (96.875)
 * Acc@1 81.433 Acc@5 94.600
==> training...
Epoch: [85][0/468]	Time 0.406 (0.406)	Data 0.340 (0.340)	Loss 0.0242 (0.0242)	Acc@1 100.000 (100.000)	Acc@5 100.000 (100.000)
Epoch: [85][100/468]	Time 0.113 (0.117)	Data 0.002 (0.006)	Loss 0.0282 (0.0330)	Acc@1 98.438 (99.567)	Acc@5 100.000 (100.000)
Epoch: [85][200/468]	Time 0.113 (0.115)	Data 0.002 (0.004)	Loss 0.0187 (0.0326)	Acc@1 100.000 (99.549)	Acc@5 100.000 (100.000)
Epoch: [85][300/468]	Time 0.112 (0.114)	Data 0.002 (0.004)	Loss 0.0415 (0.0333)	Acc@1 98.438 (99.522)	Acc@5 100.000 (100.000)
Epoch: [85][400/468]	Time 0.111 (0.114)	Data 0.002 (0.004)	Loss 0.0338 (0.0326)	Acc@1 100.000 (99.575)	Acc@5 100.000 (100.000)
 * Acc@1 99.586 Acc@5 100.000
epoch 85, total time 53.20
Test: [0/94]	Time 0.157 (0.157)	Loss 0.6855 (0.6855)	Acc@1 75.000 (75.000)	Acc@5 96.875 (96.875)
 * Acc@1 81.467 Acc@5 94.800
==> training...
Epoch: [86][0/468]	Time 0.453 (0.453)	Data 0.388 (0.388)	Loss 0.0153 (0.0153)	Acc@1 100.000 (100.000)	Acc@5 100.000 (100.000)
Epoch: [86][100/468]	Time 0.113 (0.117)	Data 0.002 (0.006)	Loss 0.0205 (0.0303)	Acc@1 100.000 (99.706)	Acc@5 100.000 (100.000)
Epoch: [86][200/468]	Time 0.113 (0.114)	Data 0.002 (0.004)	Loss 0.0169 (0.0311)	Acc@1 100.000 (99.689)	Acc@5 100.000 (100.000)
Epoch: [86][300/468]	Time 0.114 (0.114)	Data 0.002 (0.004)	Loss 0.0326 (0.0309)	Acc@1 100.000 (99.694)	Acc@5 100.000 (100.000)
Epoch: [86][400/468]	Time 0.113 (0.114)	Data 0.002 (0.003)	Loss 0.0206 (0.0307)	Acc@1 100.000 (99.688)	Acc@5 100.000 (100.000)
 * Acc@1 99.686 Acc@5 100.000
epoch 86, total time 53.24
Test: [0/94]	Time 0.183 (0.183)	Loss 0.6774 (0.6774)	Acc@1 78.125 (78.125)	Acc@5 96.875 (96.875)
 * Acc@1 81.033 Acc@5 94.700
==> training...
Epoch: [87][0/468]	Time 0.457 (0.457)	Data 0.390 (0.390)	Loss 0.0390 (0.0390)	Acc@1 100.000 (100.000)	Acc@5 100.000 (100.000)
Epoch: [87][100/468]	Time 0.112 (0.117)	Data 0.002 (0.006)	Loss 0.0548 (0.0332)	Acc@1 100.000 (99.567)	Acc@5 100.000 (100.000)
Epoch: [87][200/468]	Time 0.114 (0.115)	Data 0.002 (0.004)	Loss 0.0712 (0.0318)	Acc@1 96.875 (99.619)	Acc@5 100.000 (100.000)
Epoch: [87][300/468]	Time 0.113 (0.114)	Data 0.002 (0.004)	Loss 0.0331 (0.0314)	Acc@1 100.000 (99.631)	Acc@5 100.000 (99.995)
Epoch: [87][400/468]	Time 0.115 (0.114)	Data 0.002 (0.004)	Loss 0.0419 (0.0317)	Acc@1 98.438 (99.618)	Acc@5 100.000 (99.996)
 * Acc@1 99.629 Acc@5 99.997
epoch 87, total time 53.30
Test: [0/94]	Time 0.183 (0.183)	Loss 0.6855 (0.6855)	Acc@1 75.000 (75.000)	Acc@5 96.875 (96.875)
 * Acc@1 81.367 Acc@5 94.700
==> training...
Epoch: [88][0/468]	Time 0.452 (0.452)	Data 0.386 (0.386)	Loss 0.0131 (0.0131)	Acc@1 100.000 (100.000)	Acc@5 100.000 (100.000)
Epoch: [88][100/468]	Time 0.112 (0.116)	Data 0.002 (0.007)	Loss 0.0202 (0.0321)	Acc@1 100.000 (99.660)	Acc@5 100.000 (100.000)
Epoch: [88][200/468]	Time 0.113 (0.114)	Data 0.002 (0.005)	Loss 0.0889 (0.0309)	Acc@1 98.438 (99.697)	Acc@5 100.000 (100.000)
Epoch: [88][300/468]	Time 0.113 (0.114)	Data 0.002 (0.004)	Loss 0.0215 (0.0308)	Acc@1 100.000 (99.689)	Acc@5 100.000 (100.000)
Epoch: [88][400/468]	Time 0.113 (0.114)	Data 0.002 (0.004)	Loss 0.0248 (0.0308)	Acc@1 100.000 (99.696)	Acc@5 100.000 (100.000)
 * Acc@1 99.673 Acc@5 100.000
epoch 88, total time 53.26
Test: [0/94]	Time 0.170 (0.170)	Loss 0.6935 (0.6935)	Acc@1 81.250 (81.250)	Acc@5 96.875 (96.875)
 * Acc@1 81.633 Acc@5 94.667
==> training...
Epoch: [89][0/468]	Time 0.482 (0.482)	Data 0.414 (0.414)	Loss 0.0697 (0.0697)	Acc@1 98.438 (98.438)	Acc@5 100.000 (100.000)
Epoch: [89][100/468]	Time 0.112 (0.117)	Data 0.002 (0.007)	Loss 0.0307 (0.0356)	Acc@1 100.000 (99.536)	Acc@5 100.000 (100.000)
Epoch: [89][200/468]	Time 0.114 (0.115)	Data 0.002 (0.005)	Loss 0.0167 (0.0338)	Acc@1 100.000 (99.580)	Acc@5 100.000 (100.000)
Epoch: [89][300/468]	Time 0.114 (0.114)	Data 0.002 (0.004)	Loss 0.0270 (0.0327)	Acc@1 100.000 (99.631)	Acc@5 100.000 (100.000)
Epoch: [89][400/468]	Time 0.113 (0.114)	Data 0.002 (0.004)	Loss 0.0275 (0.0324)	Acc@1 100.000 (99.645)	Acc@5 100.000 (100.000)
 * Acc@1 99.633 Acc@5 100.000
epoch 89, total time 53.36
Test: [0/94]	Time 0.154 (0.154)	Loss 0.6897 (0.6897)	Acc@1 81.250 (81.250)	Acc@5 96.875 (96.875)
 * Acc@1 81.733 Acc@5 94.667
==> training...
Epoch: [90][0/468]	Time 0.445 (0.445)	Data 0.382 (0.382)	Loss 0.0256 (0.0256)	Acc@1 100.000 (100.000)	Acc@5 100.000 (100.000)
Epoch: [90][100/468]	Time 0.113 (0.116)	Data 0.002 (0.006)	Loss 0.0591 (0.0314)	Acc@1 98.438 (99.660)	Acc@5 100.000 (100.000)
Epoch: [90][200/468]	Time 0.111 (0.114)	Data 0.002 (0.004)	Loss 0.0195 (0.0302)	Acc@1 100.000 (99.705)	Acc@5 100.000 (100.000)
Epoch: [90][300/468]	Time 0.111 (0.113)	Data 0.002 (0.004)	Loss 0.0574 (0.0300)	Acc@1 100.000 (99.714)	Acc@5 100.000 (100.000)
Epoch: [90][400/468]	Time 0.112 (0.113)	Data 0.002 (0.003)	Loss 0.0474 (0.0306)	Acc@1 98.438 (99.673)	Acc@5 100.000 (99.996)
 * Acc@1 99.683 Acc@5 99.997
epoch 90, total time 52.99
Test: [0/94]	Time 0.192 (0.192)	Loss 0.7044 (0.7044)	Acc@1 78.125 (78.125)	Acc@5 96.875 (96.875)
 * Acc@1 81.700 Acc@5 94.667
==> training...
Epoch: [91][0/468]	Time 0.422 (0.422)	Data 0.355 (0.355)	Loss 0.0319 (0.0319)	Acc@1 100.000 (100.000)	Acc@5 100.000 (100.000)
Epoch: [91][100/468]	Time 0.113 (0.116)	Data 0.002 (0.006)	Loss 0.0372 (0.0279)	Acc@1 98.438 (99.706)	Acc@5 100.000 (100.000)
Epoch: [91][200/468]	Time 0.115 (0.115)	Data 0.002 (0.004)	Loss 0.0285 (0.0297)	Acc@1 100.000 (99.572)	Acc@5 100.000 (100.000)
Epoch: [91][300/468]	Time 0.113 (0.114)	Data 0.002 (0.004)	Loss 0.0334 (0.0294)	Acc@1 100.000 (99.616)	Acc@5 100.000 (100.000)
Epoch: [91][400/468]	Time 0.111 (0.114)	Data 0.002 (0.004)	Loss 0.0095 (0.0296)	Acc@1 100.000 (99.638)	Acc@5 100.000 (100.000)
 * Acc@1 99.643 Acc@5 100.000
epoch 91, total time 53.25
Test: [0/94]	Time 0.179 (0.179)	Loss 0.6482 (0.6482)	Acc@1 84.375 (84.375)	Acc@5 96.875 (96.875)
 * Acc@1 81.767 Acc@5 94.733
==> training...
Epoch: [92][0/468]	Time 0.451 (0.451)	Data 0.384 (0.384)	Loss 0.0391 (0.0391)	Acc@1 100.000 (100.000)	Acc@5 100.000 (100.000)
Epoch: [92][100/468]	Time 0.112 (0.117)	Data 0.002 (0.006)	Loss 0.0200 (0.0319)	Acc@1 100.000 (99.551)	Acc@5 100.000 (100.000)
Epoch: [92][200/468]	Time 0.112 (0.115)	Data 0.002 (0.004)	Loss 0.0187 (0.0317)	Acc@1 100.000 (99.588)	Acc@5 100.000 (100.000)
Epoch: [92][300/468]	Time 0.112 (0.114)	Data 0.002 (0.004)	Loss 0.0148 (0.0303)	Acc@1 100.000 (99.631)	Acc@5 100.000 (100.000)
Epoch: [92][400/468]	Time 0.112 (0.114)	Data 0.002 (0.003)	Loss 0.0471 (0.0304)	Acc@1 98.438 (99.614)	Acc@5 100.000 (100.000)
 * Acc@1 99.639 Acc@5 100.000
epoch 92, total time 53.15
Test: [0/94]	Time 0.167 (0.167)	Loss 0.6649 (0.6649)	Acc@1 78.125 (78.125)	Acc@5 96.875 (96.875)
 * Acc@1 81.833 Acc@5 94.633
==> training...
Epoch: [93][0/468]	Time 0.487 (0.487)	Data 0.421 (0.421)	Loss 0.0361 (0.0361)	Acc@1 100.000 (100.000)	Acc@5 100.000 (100.000)
Epoch: [93][100/468]	Time 0.113 (0.116)	Data 0.002 (0.007)	Loss 0.0227 (0.0305)	Acc@1 100.000 (99.551)	Acc@5 100.000 (100.000)
Epoch: [93][200/468]	Time 0.113 (0.115)	Data 0.002 (0.005)	Loss 0.0293 (0.0303)	Acc@1 100.000 (99.596)	Acc@5 100.000 (100.000)
Epoch: [93][300/468]	Time 0.114 (0.114)	Data 0.002 (0.004)	Loss 0.0353 (0.0305)	Acc@1 100.000 (99.631)	Acc@5 100.000 (100.000)
Epoch: [93][400/468]	Time 0.112 (0.114)	Data 0.002 (0.004)	Loss 0.0395 (0.0310)	Acc@1 98.438 (99.571)	Acc@5 100.000 (100.000)
 * Acc@1 99.586 Acc@5 100.000
epoch 93, total time 53.14
Test: [0/94]	Time 0.184 (0.184)	Loss 0.6715 (0.6715)	Acc@1 78.125 (78.125)	Acc@5 96.875 (96.875)
 * Acc@1 81.700 Acc@5 94.667
==> training...
Epoch: [94][0/468]	Time 0.445 (0.445)	Data 0.381 (0.381)	Loss 0.0112 (0.0112)	Acc@1 100.000 (100.000)	Acc@5 100.000 (100.000)
Epoch: [94][100/468]	Time 0.113 (0.117)	Data 0.002 (0.007)	Loss 0.0110 (0.0274)	Acc@1 100.000 (99.675)	Acc@5 100.000 (100.000)
Epoch: [94][200/468]	Time 0.115 (0.115)	Data 0.002 (0.005)	Loss 0.0291 (0.0272)	Acc@1 100.000 (99.743)	Acc@5 100.000 (100.000)
Epoch: [94][300/468]	Time 0.113 (0.114)	Data 0.002 (0.004)	Loss 0.0416 (0.0283)	Acc@1 98.438 (99.720)	Acc@5 100.000 (100.000)
Epoch: [94][400/468]	Time 0.111 (0.114)	Data 0.002 (0.004)	Loss 0.0190 (0.0282)	Acc@1 100.000 (99.719)	Acc@5 100.000 (100.000)
 * Acc@1 99.733 Acc@5 100.000
epoch 94, total time 53.27
Test: [0/94]	Time 0.157 (0.157)	Loss 0.6744 (0.6744)	Acc@1 78.125 (78.125)	Acc@5 96.875 (96.875)
 * Acc@1 81.700 Acc@5 94.733
==> training...
Epoch: [95][0/468]	Time 0.404 (0.404)	Data 0.340 (0.340)	Loss 0.0472 (0.0472)	Acc@1 98.438 (98.438)	Acc@5 100.000 (100.000)
Epoch: [95][100/468]	Time 0.111 (0.114)	Data 0.002 (0.006)	Loss 0.0308 (0.0285)	Acc@1 100.000 (99.629)	Acc@5 100.000 (99.985)
Epoch: [95][200/468]	Time 0.113 (0.113)	Data 0.002 (0.004)	Loss 0.0351 (0.0287)	Acc@1 100.000 (99.658)	Acc@5 100.000 (99.992)
Epoch: [95][300/468]	Time 0.113 (0.113)	Data 0.002 (0.004)	Loss 0.0207 (0.0287)	Acc@1 100.000 (99.663)	Acc@5 100.000 (99.995)
Epoch: [95][400/468]	Time 0.113 (0.113)	Data 0.002 (0.003)	Loss 0.0243 (0.0287)	Acc@1 100.000 (99.665)	Acc@5 100.000 (99.992)
 * Acc@1 99.676 Acc@5 99.993
epoch 95, total time 53.10
Test: [0/94]	Time 0.187 (0.187)	Loss 0.6686 (0.6686)	Acc@1 75.000 (75.000)	Acc@5 96.875 (96.875)
 * Acc@1 81.533 Acc@5 94.733
==> training...
Epoch: [96][0/468]	Time 0.422 (0.422)	Data 0.358 (0.358)	Loss 0.0145 (0.0145)	Acc@1 100.000 (100.000)	Acc@5 100.000 (100.000)
Epoch: [96][100/468]	Time 0.111 (0.115)	Data 0.002 (0.006)	Loss 0.0293 (0.0291)	Acc@1 100.000 (99.629)	Acc@5 100.000 (100.000)
Epoch: [96][200/468]	Time 0.113 (0.113)	Data 0.002 (0.004)	Loss 0.0147 (0.0279)	Acc@1 100.000 (99.674)	Acc@5 100.000 (100.000)
Epoch: [96][300/468]	Time 0.113 (0.113)	Data 0.002 (0.004)	Loss 0.0247 (0.0285)	Acc@1 100.000 (99.663)	Acc@5 100.000 (100.000)
Epoch: [96][400/468]	Time 0.113 (0.113)	Data 0.002 (0.003)	Loss 0.0228 (0.0281)	Acc@1 100.000 (99.688)	Acc@5 100.000 (100.000)
 * Acc@1 99.696 Acc@5 100.000
epoch 96, total time 53.00
Test: [0/94]	Time 0.174 (0.174)	Loss 0.6807 (0.6807)	Acc@1 75.000 (75.000)	Acc@5 96.875 (96.875)
 * Acc@1 81.667 Acc@5 94.700
==> training...
Epoch: [97][0/468]	Time 0.453 (0.453)	Data 0.390 (0.390)	Loss 0.0171 (0.0171)	Acc@1 100.000 (100.000)	Acc@5 100.000 (100.000)
Epoch: [97][100/468]	Time 0.112 (0.115)	Data 0.002 (0.006)	Loss 0.0170 (0.0285)	Acc@1 100.000 (99.567)	Acc@5 100.000 (100.000)
Epoch: [97][200/468]	Time 0.111 (0.114)	Data 0.002 (0.004)	Loss 0.0149 (0.0282)	Acc@1 100.000 (99.627)	Acc@5 100.000 (100.000)
Epoch: [97][300/468]	Time 0.113 (0.113)	Data 0.002 (0.004)	Loss 0.0272 (0.0288)	Acc@1 100.000 (99.657)	Acc@5 100.000 (100.000)
Epoch: [97][400/468]	Time 0.112 (0.113)	Data 0.002 (0.003)	Loss 0.0196 (0.0288)	Acc@1 100.000 (99.680)	Acc@5 100.000 (100.000)
 * Acc@1 99.690 Acc@5 100.000
epoch 97, total time 53.08
Test: [0/94]	Time 0.181 (0.181)	Loss 0.7044 (0.7044)	Acc@1 75.000 (75.000)	Acc@5 93.750 (93.750)
 * Acc@1 81.933 Acc@5 94.600
==> training...
Epoch: [98][0/468]	Time 0.492 (0.492)	Data 0.427 (0.427)	Loss 0.0734 (0.0734)	Acc@1 96.875 (96.875)	Acc@5 100.000 (100.000)
Epoch: [98][100/468]	Time 0.112 (0.117)	Data 0.002 (0.007)	Loss 0.0737 (0.0277)	Acc@1 98.438 (99.768)	Acc@5 100.000 (100.000)
Epoch: [98][200/468]	Time 0.113 (0.115)	Data 0.002 (0.005)	Loss 0.0237 (0.0285)	Acc@1 100.000 (99.689)	Acc@5 100.000 (100.000)
Epoch: [98][300/468]	Time 0.114 (0.114)	Data 0.002 (0.004)	Loss 0.0391 (0.0286)	Acc@1 100.000 (99.704)	Acc@5 100.000 (100.000)
Epoch: [98][400/468]	Time 0.113 (0.114)	Data 0.002 (0.004)	Loss 0.0071 (0.0283)	Acc@1 100.000 (99.684)	Acc@5 100.000 (100.000)
 * Acc@1 99.710 Acc@5 100.000
epoch 98, total time 53.42
Test: [0/94]	Time 0.154 (0.154)	Loss 0.7030 (0.7030)	Acc@1 78.125 (78.125)	Acc@5 96.875 (96.875)
 * Acc@1 82.000 Acc@5 94.733
==> training...
Epoch: [99][0/468]	Time 0.482 (0.482)	Data 0.414 (0.414)	Loss 0.0841 (0.0841)	Acc@1 98.438 (98.438)	Acc@5 100.000 (100.000)
Epoch: [99][100/468]	Time 0.111 (0.116)	Data 0.002 (0.006)	Loss 0.0155 (0.0283)	Acc@1 100.000 (99.706)	Acc@5 100.000 (100.000)
Epoch: [99][200/468]	Time 0.112 (0.115)	Data 0.002 (0.004)	Loss 0.0270 (0.0271)	Acc@1 100.000 (99.767)	Acc@5 100.000 (100.000)
Epoch: [99][300/468]	Time 0.113 (0.114)	Data 0.002 (0.004)	Loss 0.0353 (0.0270)	Acc@1 98.438 (99.756)	Acc@5 100.000 (100.000)
Epoch: [99][400/468]	Time 0.113 (0.114)	Data 0.002 (0.004)	Loss 0.0271 (0.0272)	Acc@1 100.000 (99.743)	Acc@5 100.000 (100.000)
 * Acc@1 99.726 Acc@5 100.000
epoch 99, total time 53.29
Test: [0/94]	Time 0.159 (0.159)	Loss 0.7453 (0.7453)	Acc@1 78.125 (78.125)	Acc@5 96.875 (96.875)
 * Acc@1 81.767 Acc@5 94.667
==> training...
Epoch: [100][0/468]	Time 0.497 (0.497)	Data 0.428 (0.428)	Loss 0.0360 (0.0360)	Acc@1 100.000 (100.000)	Acc@5 100.000 (100.000)
Epoch: [100][100/468]	Time 0.112 (0.116)	Data 0.002 (0.006)	Loss 0.0328 (0.0310)	Acc@1 98.438 (99.567)	Acc@5 100.000 (100.000)
Epoch: [100][200/468]	Time 0.112 (0.114)	Data 0.002 (0.004)	Loss 0.0160 (0.0293)	Acc@1 100.000 (99.666)	Acc@5 100.000 (99.992)
Epoch: [100][300/468]	Time 0.113 (0.114)	Data 0.002 (0.004)	Loss 0.0502 (0.0293)	Acc@1 100.000 (99.647)	Acc@5 100.000 (99.995)
Epoch: [100][400/468]	Time 0.114 (0.114)	Data 0.002 (0.003)	Loss 0.0190 (0.0291)	Acc@1 100.000 (99.673)	Acc@5 100.000 (99.996)
 * Acc@1 99.676 Acc@5 99.997
epoch 100, total time 53.13
Test: [0/94]	Time 0.304 (0.304)	Loss 0.6988 (0.6988)	Acc@1 81.250 (81.250)	Acc@5 96.875 (96.875)
 * Acc@1 81.700 Acc@5 94.600
==> Saving...
