Device count:  1
************* Training arguments *************
eval_freq 10
print_freq 100
tb_freq 500
save_freq 100
batch_size 64
num_workers 8
epochs 100
learning_rate 0.05
lr_decay_epochs [60, 80]
lr_decay_rate 0.1
weight_decay 0.0005
momentum 0.9
adam False
eval_only False
model resnet18
dataset miniImageNet
transform A
use_trainval False
cosine False
reload_path 
model_path /home/gridsan/akyurek/git/rfs-incremental/dumped/backbones/continual/resnet18/8
tb_path tb
data_root /home/gridsan/akyurek/git/rfs-incremental/data/miniImageNet
n_test_runs 600
n_ways 5
n_shots 1
n_queries 15
n_aug_support_samples 5
test_batch_size 1
use_episodes False
classifier linear
trial pretrain
continual True
no_dropblock True
set_seed 8
no_linear_bias True
augment_pretrain_wtrainb False
eval_mode None
label_pull None
data_aug True
linear_bias False
model_name miniImageNet_resnet18_classifier_linear
tb_folder tb/miniImageNet_resnet18_classifier_linear
save_folder /home/gridsan/akyurek/git/rfs-incremental/dumped/backbones/continual/resnet18/8
n_gpu 1
git_head_hash ae23b3b
End of arguments.

==> training...
Epoch: [1][0/468]	Time 1.475 (1.475)	Data 0.528 (0.528)	Loss 4.5841 (4.5841)	Acc@1 0.000 (0.000)	Acc@5 7.812 (7.812)
Epoch: [1][100/468]	Time 0.111 (0.123)	Data 0.002 (0.007)	Loss 3.9296 (4.7728)	Acc@1 6.250 (3.342)	Acc@5 18.750 (13.072)
Epoch: [1][200/468]	Time 0.110 (0.117)	Data 0.002 (0.005)	Loss 3.8432 (4.3140)	Acc@1 4.688 (4.843)	Acc@5 28.125 (18.159)
Epoch: [1][300/468]	Time 0.109 (0.114)	Data 0.002 (0.004)	Loss 3.7071 (4.0975)	Acc@1 7.812 (6.250)	Acc@5 28.125 (22.077)
Epoch: [1][400/468]	Time 0.109 (0.113)	Data 0.002 (0.003)	Loss 3.4734 (3.9501)	Acc@1 7.812 (7.801)	Acc@5 40.625 (25.690)
 * Acc@1 8.510 Acc@5 27.544
epoch 1, total time 52.82
Test: [0/94]	Time 0.381 (0.381)	Loss 3.0437 (3.0437)	Acc@1 18.750 (18.750)	Acc@5 50.000 (50.000)
 * Acc@1 12.600 Acc@5 40.833
==> training...
Epoch: [2][0/468]	Time 0.472 (0.472)	Data 0.390 (0.390)	Loss 3.2100 (3.2100)	Acc@1 18.750 (18.750)	Acc@5 46.875 (46.875)
Epoch: [2][100/468]	Time 0.111 (0.114)	Data 0.002 (0.006)	Loss 3.1366 (3.3746)	Acc@1 23.438 (15.114)	Acc@5 42.188 (41.306)
Epoch: [2][200/468]	Time 0.108 (0.112)	Data 0.002 (0.004)	Loss 3.3558 (3.3300)	Acc@1 17.188 (16.123)	Acc@5 43.750 (42.265)
Epoch: [2][300/468]	Time 0.110 (0.111)	Data 0.002 (0.004)	Loss 3.3673 (3.3049)	Acc@1 14.062 (16.347)	Acc@5 43.750 (43.112)
Epoch: [2][400/468]	Time 0.109 (0.111)	Data 0.002 (0.003)	Loss 3.1525 (3.2762)	Acc@1 21.875 (16.903)	Acc@5 50.000 (44.257)
 * Acc@1 17.538 Acc@5 45.022
epoch 2, total time 51.97
Test: [0/94]	Time 0.176 (0.176)	Loss 3.0017 (3.0017)	Acc@1 21.875 (21.875)	Acc@5 46.875 (46.875)
 * Acc@1 21.667 Acc@5 52.467
==> training...
Epoch: [3][0/468]	Time 0.445 (0.445)	Data 0.385 (0.385)	Loss 3.0173 (3.0173)	Acc@1 20.312 (20.312)	Acc@5 56.250 (56.250)
Epoch: [3][100/468]	Time 0.109 (0.113)	Data 0.002 (0.006)	Loss 3.1986 (3.0359)	Acc@1 18.750 (21.442)	Acc@5 42.188 (51.764)
Epoch: [3][200/468]	Time 0.109 (0.111)	Data 0.002 (0.004)	Loss 2.9028 (3.0066)	Acc@1 25.000 (22.380)	Acc@5 57.812 (52.651)
Epoch: [3][300/468]	Time 0.109 (0.111)	Data 0.002 (0.004)	Loss 2.8071 (2.9732)	Acc@1 25.000 (23.142)	Acc@5 62.500 (53.841)
Epoch: [3][400/468]	Time 0.110 (0.110)	Data 0.002 (0.003)	Loss 2.7850 (2.9473)	Acc@1 26.562 (23.726)	Acc@5 64.062 (54.415)
 * Acc@1 24.242 Acc@5 54.965
epoch 3, total time 51.71
Test: [0/94]	Time 0.183 (0.183)	Loss 2.7257 (2.7257)	Acc@1 28.125 (28.125)	Acc@5 62.500 (62.500)
 * Acc@1 26.167 Acc@5 57.567
==> training...
Epoch: [4][0/468]	Time 0.447 (0.447)	Data 0.383 (0.383)	Loss 2.7150 (2.7150)	Acc@1 23.438 (23.438)	Acc@5 59.375 (59.375)
Epoch: [4][100/468]	Time 0.111 (0.113)	Data 0.002 (0.006)	Loss 2.6904 (2.7030)	Acc@1 39.062 (28.991)	Acc@5 60.938 (61.200)
Epoch: [4][200/468]	Time 0.110 (0.111)	Data 0.002 (0.004)	Loss 2.9338 (2.6768)	Acc@1 23.438 (29.672)	Acc@5 46.875 (61.692)
Epoch: [4][300/468]	Time 0.108 (0.111)	Data 0.002 (0.004)	Loss 2.2184 (2.6309)	Acc@1 42.188 (30.637)	Acc@5 70.312 (62.978)
Epoch: [4][400/468]	Time 0.110 (0.111)	Data 0.002 (0.003)	Loss 2.6440 (2.6094)	Acc@1 29.688 (31.071)	Acc@5 62.500 (63.490)
 * Acc@1 31.577 Acc@5 63.939
epoch 4, total time 51.88
Test: [0/94]	Time 0.185 (0.185)	Loss 2.2542 (2.2542)	Acc@1 34.375 (34.375)	Acc@5 81.250 (81.250)
 * Acc@1 31.300 Acc@5 64.200
==> training...
Epoch: [5][0/468]	Time 0.446 (0.446)	Data 0.387 (0.387)	Loss 2.5751 (2.5751)	Acc@1 29.688 (29.688)	Acc@5 64.062 (64.062)
Epoch: [5][100/468]	Time 0.109 (0.113)	Data 0.002 (0.006)	Loss 2.1818 (2.3958)	Acc@1 45.312 (36.231)	Acc@5 68.750 (68.936)
Epoch: [5][200/468]	Time 0.110 (0.111)	Data 0.002 (0.004)	Loss 2.1432 (2.3685)	Acc@1 35.938 (36.101)	Acc@5 68.750 (69.558)
Epoch: [5][300/468]	Time 0.109 (0.111)	Data 0.002 (0.004)	Loss 2.6027 (2.3413)	Acc@1 29.688 (36.721)	Acc@5 65.625 (70.079)
Epoch: [5][400/468]	Time 0.110 (0.110)	Data 0.002 (0.003)	Loss 2.1807 (2.3242)	Acc@1 45.312 (37.180)	Acc@5 68.750 (70.519)
 * Acc@1 37.563 Acc@5 70.833
epoch 5, total time 51.69
Test: [0/94]	Time 0.191 (0.191)	Loss 1.9571 (1.9571)	Acc@1 40.625 (40.625)	Acc@5 78.125 (78.125)
 * Acc@1 36.567 Acc@5 69.033
==> training...
Epoch: [6][0/468]	Time 0.484 (0.484)	Data 0.427 (0.427)	Loss 2.1779 (2.1779)	Acc@1 43.750 (43.750)	Acc@5 76.562 (76.562)
Epoch: [6][100/468]	Time 0.109 (0.113)	Data 0.002 (0.007)	Loss 2.0513 (2.1556)	Acc@1 42.188 (41.383)	Acc@5 81.250 (73.716)
Epoch: [6][200/468]	Time 0.109 (0.112)	Data 0.002 (0.004)	Loss 2.4063 (2.1416)	Acc@1 25.000 (41.620)	Acc@5 68.750 (74.176)
Epoch: [6][300/468]	Time 0.109 (0.111)	Data 0.002 (0.004)	Loss 2.5021 (2.1253)	Acc@1 32.812 (42.219)	Acc@5 64.062 (74.450)
Epoch: [6][400/468]	Time 0.110 (0.111)	Data 0.002 (0.003)	Loss 2.1071 (2.1143)	Acc@1 39.062 (42.542)	Acc@5 71.875 (74.762)
 * Acc@1 42.845 Acc@5 74.873
epoch 6, total time 51.74
Test: [0/94]	Time 0.176 (0.176)	Loss 1.7476 (1.7476)	Acc@1 56.250 (56.250)	Acc@5 81.250 (81.250)
 * Acc@1 44.433 Acc@5 76.733
==> training...
Epoch: [7][0/468]	Time 0.441 (0.441)	Data 0.378 (0.378)	Loss 1.8458 (1.8458)	Acc@1 46.875 (46.875)	Acc@5 79.688 (79.688)
Epoch: [7][100/468]	Time 0.111 (0.113)	Data 0.002 (0.006)	Loss 2.0713 (1.9850)	Acc@1 43.750 (45.761)	Acc@5 70.312 (77.460)
Epoch: [7][200/468]	Time 0.112 (0.112)	Data 0.002 (0.004)	Loss 2.1964 (1.9748)	Acc@1 32.812 (45.771)	Acc@5 75.000 (77.620)
Epoch: [7][300/468]	Time 0.110 (0.112)	Data 0.002 (0.004)	Loss 2.3236 (1.9690)	Acc@1 43.750 (45.852)	Acc@5 75.000 (77.741)
Epoch: [7][400/468]	Time 0.110 (0.111)	Data 0.002 (0.003)	Loss 1.9996 (1.9499)	Acc@1 42.188 (46.431)	Acc@5 78.125 (78.106)
 * Acc@1 46.491 Acc@5 78.068
epoch 7, total time 52.07
Test: [0/94]	Time 0.185 (0.185)	Loss 2.0529 (2.0529)	Acc@1 37.500 (37.500)	Acc@5 78.125 (78.125)
 * Acc@1 46.467 Acc@5 77.500
==> training...
Epoch: [8][0/468]	Time 0.450 (0.450)	Data 0.386 (0.386)	Loss 1.7023 (1.7023)	Acc@1 48.438 (48.438)	Acc@5 81.250 (81.250)
Epoch: [8][100/468]	Time 0.110 (0.113)	Data 0.002 (0.007)	Loss 2.0409 (1.8465)	Acc@1 45.312 (48.716)	Acc@5 73.438 (79.811)
Epoch: [8][200/468]	Time 0.109 (0.112)	Data 0.002 (0.005)	Loss 1.4914 (1.8315)	Acc@1 60.938 (49.122)	Acc@5 82.812 (80.309)
Epoch: [8][300/468]	Time 0.110 (0.111)	Data 0.002 (0.004)	Loss 1.8408 (1.8193)	Acc@1 50.000 (49.678)	Acc@5 81.250 (80.409)
Epoch: [8][400/468]	Time 0.110 (0.111)	Data 0.002 (0.003)	Loss 1.8320 (1.8123)	Acc@1 42.188 (49.844)	Acc@5 79.688 (80.556)
 * Acc@1 49.917 Acc@5 80.579
epoch 8, total time 51.86
Test: [0/94]	Time 0.182 (0.182)	Loss 1.8462 (1.8462)	Acc@1 43.750 (43.750)	Acc@5 84.375 (84.375)
 * Acc@1 47.333 Acc@5 78.967
==> training...
Epoch: [9][0/468]	Time 0.428 (0.428)	Data 0.370 (0.370)	Loss 1.6487 (1.6487)	Acc@1 50.000 (50.000)	Acc@5 84.375 (84.375)
Epoch: [9][100/468]	Time 0.110 (0.114)	Data 0.002 (0.006)	Loss 1.7101 (1.7162)	Acc@1 51.562 (52.181)	Acc@5 85.938 (82.271)
Epoch: [9][200/468]	Time 0.110 (0.112)	Data 0.002 (0.004)	Loss 1.6973 (1.7163)	Acc@1 51.562 (52.107)	Acc@5 87.500 (82.385)
Epoch: [9][300/468]	Time 0.109 (0.111)	Data 0.002 (0.004)	Loss 1.8794 (1.7220)	Acc@1 48.438 (51.978)	Acc@5 84.375 (82.231)
Epoch: [9][400/468]	Time 0.110 (0.111)	Data 0.002 (0.003)	Loss 1.6754 (1.7221)	Acc@1 48.438 (51.851)	Acc@5 82.812 (82.205)
 * Acc@1 52.194 Acc@5 82.358
epoch 9, total time 51.86
Test: [0/94]	Time 0.174 (0.174)	Loss 1.5106 (1.5106)	Acc@1 56.250 (56.250)	Acc@5 84.375 (84.375)
 * Acc@1 51.533 Acc@5 81.467
==> training...
Epoch: [10][0/468]	Time 0.442 (0.442)	Data 0.382 (0.382)	Loss 1.5605 (1.5605)	Acc@1 54.688 (54.688)	Acc@5 85.938 (85.938)
Epoch: [10][100/468]	Time 0.110 (0.114)	Data 0.002 (0.007)	Loss 1.3907 (1.5974)	Acc@1 68.750 (54.842)	Acc@5 79.688 (84.282)
Epoch: [10][200/468]	Time 0.110 (0.112)	Data 0.002 (0.005)	Loss 1.3765 (1.6062)	Acc@1 59.375 (54.897)	Acc@5 92.188 (83.971)
Epoch: [10][300/468]	Time 0.111 (0.111)	Data 0.002 (0.004)	Loss 1.5471 (1.6127)	Acc@1 51.562 (54.734)	Acc@5 85.938 (83.986)
Epoch: [10][400/468]	Time 0.110 (0.111)	Data 0.002 (0.003)	Loss 1.4705 (1.6144)	Acc@1 59.375 (54.668)	Acc@5 85.938 (84.063)
 * Acc@1 54.724 Acc@5 84.121
epoch 10, total time 51.75
Test: [0/94]	Time 0.178 (0.178)	Loss 1.7591 (1.7591)	Acc@1 50.000 (50.000)	Acc@5 84.375 (84.375)
 * Acc@1 54.767 Acc@5 82.000
==> training...
Epoch: [11][0/468]	Time 0.454 (0.454)	Data 0.395 (0.395)	Loss 1.5160 (1.5160)	Acc@1 59.375 (59.375)	Acc@5 82.812 (82.812)
Epoch: [11][100/468]	Time 0.111 (0.114)	Data 0.002 (0.006)	Loss 1.4184 (1.5054)	Acc@1 59.375 (58.091)	Acc@5 82.812 (85.427)
Epoch: [11][200/468]	Time 0.110 (0.112)	Data 0.002 (0.004)	Loss 1.7951 (1.5195)	Acc@1 51.562 (57.051)	Acc@5 81.250 (85.572)
Epoch: [11][300/468]	Time 0.110 (0.111)	Data 0.002 (0.004)	Loss 1.5630 (1.5326)	Acc@1 54.688 (56.914)	Acc@5 85.938 (85.346)
Epoch: [11][400/468]	Time 0.111 (0.111)	Data 0.002 (0.003)	Loss 1.6433 (1.5365)	Acc@1 48.438 (56.842)	Acc@5 84.375 (85.345)
 * Acc@1 56.964 Acc@5 85.403
epoch 11, total time 51.97
Test: [0/94]	Time 0.179 (0.179)	Loss 1.8453 (1.8453)	Acc@1 53.125 (53.125)	Acc@5 87.500 (87.500)
 * Acc@1 53.300 Acc@5 82.767
==> training...
Epoch: [12][0/468]	Time 0.440 (0.440)	Data 0.378 (0.378)	Loss 1.5185 (1.5185)	Acc@1 59.375 (59.375)	Acc@5 82.812 (82.812)
Epoch: [12][100/468]	Time 0.110 (0.114)	Data 0.002 (0.006)	Loss 1.7140 (1.4245)	Acc@1 51.562 (59.994)	Acc@5 87.500 (87.036)
Epoch: [12][200/468]	Time 0.137 (0.112)	Data 0.002 (0.004)	Loss 1.3554 (1.4501)	Acc@1 59.375 (59.181)	Acc@5 87.500 (86.754)
Epoch: [12][300/468]	Time 0.109 (0.111)	Data 0.002 (0.004)	Loss 1.5275 (1.4613)	Acc@1 59.375 (58.835)	Acc@5 84.375 (86.431)
Epoch: [12][400/468]	Time 0.109 (0.111)	Data 0.002 (0.003)	Loss 1.9332 (1.4646)	Acc@1 48.438 (58.526)	Acc@5 78.125 (86.495)
 * Acc@1 58.490 Acc@5 86.408
epoch 12, total time 51.97
Test: [0/94]	Time 0.180 (0.180)	Loss 1.6255 (1.6255)	Acc@1 56.250 (56.250)	Acc@5 87.500 (87.500)
 * Acc@1 57.933 Acc@5 84.700
==> training...
Epoch: [13][0/468]	Time 0.424 (0.424)	Data 0.364 (0.364)	Loss 1.4642 (1.4642)	Acc@1 56.250 (56.250)	Acc@5 89.062 (89.062)
Epoch: [13][100/468]	Time 0.110 (0.113)	Data 0.002 (0.006)	Loss 1.3455 (1.3658)	Acc@1 59.375 (61.247)	Acc@5 87.500 (87.902)
Epoch: [13][200/468]	Time 0.111 (0.112)	Data 0.002 (0.004)	Loss 1.3893 (1.3784)	Acc@1 53.125 (60.673)	Acc@5 87.500 (87.904)
Epoch: [13][300/468]	Time 0.110 (0.111)	Data 0.002 (0.004)	Loss 1.4958 (1.3902)	Acc@1 57.812 (60.475)	Acc@5 82.812 (87.562)
Epoch: [13][400/468]	Time 0.110 (0.111)	Data 0.002 (0.003)	Loss 1.3599 (1.4035)	Acc@1 64.062 (60.256)	Acc@5 87.500 (87.266)
 * Acc@1 60.083 Acc@5 87.303
epoch 13, total time 51.91
Test: [0/94]	Time 0.176 (0.176)	Loss 1.3815 (1.3815)	Acc@1 59.375 (59.375)	Acc@5 90.625 (90.625)
 * Acc@1 57.267 Acc@5 84.500
==> training...
Epoch: [14][0/468]	Time 0.433 (0.433)	Data 0.373 (0.373)	Loss 1.2280 (1.2280)	Acc@1 64.062 (64.062)	Acc@5 85.938 (85.938)
Epoch: [14][100/468]	Time 0.110 (0.113)	Data 0.002 (0.006)	Loss 1.3929 (1.3399)	Acc@1 64.062 (61.866)	Acc@5 79.688 (88.181)
Epoch: [14][200/468]	Time 0.109 (0.111)	Data 0.002 (0.004)	Loss 1.4007 (1.3373)	Acc@1 60.938 (61.863)	Acc@5 79.688 (88.340)
Epoch: [14][300/468]	Time 0.110 (0.111)	Data 0.002 (0.004)	Loss 1.2750 (1.3515)	Acc@1 59.375 (61.555)	Acc@5 93.750 (88.040)
Epoch: [14][400/468]	Time 0.110 (0.110)	Data 0.002 (0.003)	Loss 1.2693 (1.3549)	Acc@1 60.938 (61.253)	Acc@5 85.938 (88.053)
 * Acc@1 61.348 Acc@5 88.051
epoch 14, total time 51.68
Test: [0/94]	Time 0.187 (0.187)	Loss 1.0773 (1.0773)	Acc@1 59.375 (59.375)	Acc@5 93.750 (93.750)
 * Acc@1 58.800 Acc@5 85.900
==> training...
Epoch: [15][0/468]	Time 0.436 (0.436)	Data 0.375 (0.375)	Loss 1.0863 (1.0863)	Acc@1 67.188 (67.188)	Acc@5 90.625 (90.625)
Epoch: [15][100/468]	Time 0.109 (0.113)	Data 0.002 (0.006)	Loss 1.6453 (1.2734)	Acc@1 54.688 (63.243)	Acc@5 82.812 (89.109)
Epoch: [15][200/468]	Time 0.110 (0.112)	Data 0.002 (0.004)	Loss 1.4741 (1.2786)	Acc@1 65.625 (63.433)	Acc@5 85.938 (89.055)
Epoch: [15][300/468]	Time 0.110 (0.111)	Data 0.002 (0.004)	Loss 1.5294 (1.3027)	Acc@1 54.688 (62.863)	Acc@5 84.375 (88.725)
Epoch: [15][400/468]	Time 0.110 (0.111)	Data 0.002 (0.003)	Loss 1.3509 (1.3120)	Acc@1 60.938 (62.648)	Acc@5 87.500 (88.638)
 * Acc@1 62.550 Acc@5 88.635
epoch 15, total time 51.81
Test: [0/94]	Time 0.174 (0.174)	Loss 1.2621 (1.2621)	Acc@1 56.250 (56.250)	Acc@5 87.500 (87.500)
 * Acc@1 58.633 Acc@5 84.000
==> training...
Epoch: [16][0/468]	Time 0.436 (0.436)	Data 0.373 (0.373)	Loss 1.6257 (1.6257)	Acc@1 56.250 (56.250)	Acc@5 90.625 (90.625)
Epoch: [16][100/468]	Time 0.109 (0.114)	Data 0.002 (0.007)	Loss 1.2360 (1.2309)	Acc@1 68.750 (64.681)	Acc@5 89.062 (89.619)
Epoch: [16][200/468]	Time 0.111 (0.112)	Data 0.002 (0.005)	Loss 1.1371 (1.2406)	Acc@1 64.062 (64.140)	Acc@5 96.875 (89.537)
Epoch: [16][300/468]	Time 0.109 (0.111)	Data 0.002 (0.004)	Loss 1.1214 (1.2628)	Acc@1 67.188 (63.523)	Acc@5 90.625 (89.281)
Epoch: [16][400/468]	Time 0.110 (0.111)	Data 0.002 (0.003)	Loss 1.1314 (1.2649)	Acc@1 71.875 (63.583)	Acc@5 89.062 (89.308)
 * Acc@1 63.472 Acc@5 89.286
epoch 16, total time 51.83
Test: [0/94]	Time 0.191 (0.191)	Loss 1.5689 (1.5689)	Acc@1 43.750 (43.750)	Acc@5 93.750 (93.750)
 * Acc@1 57.200 Acc@5 84.967
==> training...
Epoch: [17][0/468]	Time 0.442 (0.442)	Data 0.379 (0.379)	Loss 1.1678 (1.1678)	Acc@1 68.750 (68.750)	Acc@5 92.188 (92.188)
Epoch: [17][100/468]	Time 0.112 (0.114)	Data 0.002 (0.006)	Loss 1.5546 (1.2133)	Acc@1 50.000 (64.403)	Acc@5 87.500 (90.300)
Epoch: [17][200/468]	Time 0.110 (0.112)	Data 0.002 (0.004)	Loss 1.1833 (1.2210)	Acc@1 67.188 (64.700)	Acc@5 93.750 (90.058)
Epoch: [17][300/468]	Time 0.111 (0.111)	Data 0.002 (0.004)	Loss 1.1652 (1.2154)	Acc@1 67.188 (64.987)	Acc@5 92.188 (90.090)
Epoch: [17][400/468]	Time 0.112 (0.111)	Data 0.002 (0.003)	Loss 1.5574 (1.2301)	Acc@1 54.688 (64.713)	Acc@5 85.938 (89.834)
 * Acc@1 64.567 Acc@5 89.707
epoch 17, total time 52.02
Test: [0/94]	Time 0.181 (0.181)	Loss 1.0933 (1.0933)	Acc@1 65.625 (65.625)	Acc@5 93.750 (93.750)
 * Acc@1 62.233 Acc@5 86.733
==> training...
Epoch: [18][0/468]	Time 0.447 (0.447)	Data 0.385 (0.385)	Loss 1.0355 (1.0355)	Acc@1 60.938 (60.938)	Acc@5 93.750 (93.750)
Epoch: [18][100/468]	Time 0.110 (0.114)	Data 0.002 (0.006)	Loss 1.0162 (1.1334)	Acc@1 71.875 (66.986)	Acc@5 93.750 (91.136)
Epoch: [18][200/468]	Time 0.109 (0.112)	Data 0.002 (0.004)	Loss 1.2479 (1.1646)	Acc@1 67.188 (66.262)	Acc@5 89.062 (90.648)
Epoch: [18][300/468]	Time 0.109 (0.111)	Data 0.002 (0.004)	Loss 1.1894 (1.1790)	Acc@1 59.375 (65.988)	Acc@5 89.062 (90.319)
Epoch: [18][400/468]	Time 0.110 (0.111)	Data 0.002 (0.003)	Loss 0.7851 (1.1874)	Acc@1 73.438 (65.933)	Acc@5 96.875 (90.278)
 * Acc@1 65.762 Acc@5 90.278
epoch 18, total time 51.87
Test: [0/94]	Time 0.177 (0.177)	Loss 1.2946 (1.2946)	Acc@1 68.750 (68.750)	Acc@5 96.875 (96.875)
 * Acc@1 62.067 Acc@5 86.233
==> training...
Epoch: [19][0/468]	Time 0.446 (0.446)	Data 0.385 (0.385)	Loss 1.0399 (1.0399)	Acc@1 68.750 (68.750)	Acc@5 96.875 (96.875)
Epoch: [19][100/468]	Time 0.109 (0.114)	Data 0.002 (0.007)	Loss 1.2945 (1.1258)	Acc@1 60.938 (67.450)	Acc@5 87.500 (91.074)
Epoch: [19][200/468]	Time 0.110 (0.112)	Data 0.002 (0.005)	Loss 1.1931 (1.1338)	Acc@1 64.062 (66.978)	Acc@5 92.188 (90.920)
Epoch: [19][300/468]	Time 0.110 (0.111)	Data 0.002 (0.004)	Loss 1.1466 (1.1577)	Acc@1 67.188 (66.201)	Acc@5 89.062 (90.739)
Epoch: [19][400/468]	Time 0.110 (0.111)	Data 0.002 (0.003)	Loss 1.1968 (1.1681)	Acc@1 64.062 (65.929)	Acc@5 90.625 (90.567)
 * Acc@1 66.002 Acc@5 90.518
epoch 19, total time 51.90
Test: [0/94]	Time 0.188 (0.188)	Loss 1.2252 (1.2252)	Acc@1 65.625 (65.625)	Acc@5 87.500 (87.500)
 * Acc@1 60.467 Acc@5 86.700
==> training...
Epoch: [20][0/468]	Time 0.440 (0.440)	Data 0.377 (0.377)	Loss 1.0134 (1.0134)	Acc@1 73.438 (73.438)	Acc@5 92.188 (92.188)
Epoch: [20][100/468]	Time 0.110 (0.114)	Data 0.002 (0.007)	Loss 1.0302 (1.1044)	Acc@1 76.562 (68.332)	Acc@5 90.625 (91.646)
Epoch: [20][200/468]	Time 0.110 (0.112)	Data 0.002 (0.005)	Loss 1.0194 (1.1118)	Acc@1 68.750 (67.576)	Acc@5 89.062 (91.363)
Epoch: [20][300/468]	Time 0.110 (0.111)	Data 0.002 (0.004)	Loss 0.9267 (1.1249)	Acc@1 75.000 (67.421)	Acc@5 92.188 (91.232)
Epoch: [20][400/468]	Time 0.110 (0.111)	Data 0.002 (0.003)	Loss 1.3688 (1.1349)	Acc@1 57.812 (67.082)	Acc@5 85.938 (91.167)
 * Acc@1 66.954 Acc@5 91.116
epoch 20, total time 51.92
Test: [0/94]	Time 0.176 (0.176)	Loss 1.4883 (1.4883)	Acc@1 53.125 (53.125)	Acc@5 84.375 (84.375)
 * Acc@1 59.233 Acc@5 85.700
==> training...
Epoch: [21][0/468]	Time 0.479 (0.479)	Data 0.417 (0.417)	Loss 1.0246 (1.0246)	Acc@1 68.750 (68.750)	Acc@5 93.750 (93.750)
Epoch: [21][100/468]	Time 0.109 (0.114)	Data 0.002 (0.006)	Loss 1.1033 (1.0486)	Acc@1 67.188 (70.019)	Acc@5 89.062 (92.157)
Epoch: [21][200/468]	Time 0.110 (0.112)	Data 0.002 (0.004)	Loss 1.1271 (1.0768)	Acc@1 67.188 (69.224)	Acc@5 90.625 (91.604)
Epoch: [21][300/468]	Time 0.110 (0.111)	Data 0.002 (0.004)	Loss 1.1612 (1.0932)	Acc@1 64.062 (68.605)	Acc@5 87.500 (91.461)
Epoch: [21][400/468]	Time 0.110 (0.111)	Data 0.002 (0.003)	Loss 1.3418 (1.1093)	Acc@1 68.750 (68.115)	Acc@5 82.812 (91.369)
 * Acc@1 67.869 Acc@5 91.393
epoch 21, total time 51.85
Test: [0/94]	Time 0.183 (0.183)	Loss 1.0404 (1.0404)	Acc@1 68.750 (68.750)	Acc@5 87.500 (87.500)
 * Acc@1 63.100 Acc@5 87.933
==> training...
Epoch: [22][0/468]	Time 0.438 (0.438)	Data 0.373 (0.373)	Loss 0.9150 (0.9150)	Acc@1 76.562 (76.562)	Acc@5 95.312 (95.312)
Epoch: [22][100/468]	Time 0.109 (0.114)	Data 0.002 (0.007)	Loss 1.5189 (0.9854)	Acc@1 57.812 (71.504)	Acc@5 89.062 (92.930)
Epoch: [22][200/468]	Time 0.109 (0.112)	Data 0.002 (0.005)	Loss 1.1692 (1.0285)	Acc@1 59.375 (70.033)	Acc@5 92.188 (92.327)
Epoch: [22][300/468]	Time 0.111 (0.111)	Data 0.002 (0.004)	Loss 1.3012 (1.0643)	Acc@1 64.062 (69.207)	Acc@5 87.500 (91.788)
Epoch: [22][400/468]	Time 0.109 (0.111)	Data 0.002 (0.003)	Loss 0.8712 (1.0782)	Acc@1 73.438 (68.890)	Acc@5 95.312 (91.560)
 * Acc@1 68.783 Acc@5 91.480
epoch 22, total time 51.92
Test: [0/94]	Time 0.177 (0.177)	Loss 1.1455 (1.1455)	Acc@1 65.625 (65.625)	Acc@5 90.625 (90.625)
 * Acc@1 63.333 Acc@5 87.600
==> training...
Epoch: [23][0/468]	Time 0.463 (0.463)	Data 0.402 (0.402)	Loss 0.9630 (0.9630)	Acc@1 75.000 (75.000)	Acc@5 90.625 (90.625)
Epoch: [23][100/468]	Time 0.110 (0.114)	Data 0.002 (0.006)	Loss 1.1653 (0.9940)	Acc@1 70.312 (70.699)	Acc@5 85.938 (92.853)
Epoch: [23][200/468]	Time 0.111 (0.112)	Data 0.002 (0.004)	Loss 0.9453 (1.0353)	Acc@1 79.688 (69.885)	Acc@5 92.188 (92.226)
Epoch: [23][300/468]	Time 0.110 (0.112)	Data 0.002 (0.004)	Loss 1.2086 (1.0502)	Acc@1 68.750 (69.643)	Acc@5 89.062 (92.078)
Epoch: [23][400/468]	Time 0.112 (0.111)	Data 0.002 (0.003)	Loss 1.1484 (1.0608)	Acc@1 64.062 (69.385)	Acc@5 90.625 (92.036)
 * Acc@1 69.154 Acc@5 91.910
epoch 23, total time 52.07
Test: [0/94]	Time 0.187 (0.187)	Loss 0.9795 (0.9795)	Acc@1 65.625 (65.625)	Acc@5 96.875 (96.875)
 * Acc@1 63.200 Acc@5 87.300
==> training...
Epoch: [24][0/468]	Time 0.439 (0.439)	Data 0.376 (0.376)	Loss 0.9873 (0.9873)	Acc@1 65.625 (65.625)	Acc@5 95.312 (95.312)
Epoch: [24][100/468]	Time 0.110 (0.113)	Data 0.002 (0.006)	Loss 0.9297 (0.9573)	Acc@1 67.188 (72.107)	Acc@5 93.750 (93.255)
Epoch: [24][200/468]	Time 0.110 (0.112)	Data 0.002 (0.004)	Loss 0.9381 (0.9914)	Acc@1 71.875 (70.958)	Acc@5 95.312 (92.833)
Epoch: [24][300/468]	Time 0.110 (0.111)	Data 0.002 (0.004)	Loss 1.1222 (1.0169)	Acc@1 62.500 (70.312)	Acc@5 89.062 (92.639)
Epoch: [24][400/468]	Time 0.109 (0.111)	Data 0.002 (0.003)	Loss 1.3527 (1.0330)	Acc@1 57.812 (70.036)	Acc@5 87.500 (92.293)
 * Acc@1 69.611 Acc@5 92.181
epoch 24, total time 51.84
Test: [0/94]	Time 0.179 (0.179)	Loss 1.2284 (1.2284)	Acc@1 62.500 (62.500)	Acc@5 93.750 (93.750)
 * Acc@1 64.267 Acc@5 87.700
==> training...
Epoch: [25][0/468]	Time 0.424 (0.424)	Data 0.364 (0.364)	Loss 0.8887 (0.8887)	Acc@1 75.000 (75.000)	Acc@5 92.188 (92.188)
Epoch: [25][100/468]	Time 0.110 (0.114)	Data 0.002 (0.007)	Loss 1.0932 (0.9647)	Acc@1 78.125 (72.200)	Acc@5 90.625 (93.533)
Epoch: [25][200/468]	Time 0.110 (0.112)	Data 0.002 (0.005)	Loss 1.1859 (0.9902)	Acc@1 67.188 (71.199)	Acc@5 89.062 (93.299)
Epoch: [25][300/468]	Time 0.110 (0.112)	Data 0.002 (0.004)	Loss 0.8346 (0.9965)	Acc@1 75.000 (70.884)	Acc@5 90.625 (92.977)
Epoch: [25][400/468]	Time 0.110 (0.111)	Data 0.002 (0.003)	Loss 0.8190 (1.0118)	Acc@1 71.875 (70.570)	Acc@5 93.750 (92.678)
 * Acc@1 70.366 Acc@5 92.615
epoch 25, total time 52.08
Test: [0/94]	Time 0.180 (0.180)	Loss 1.1750 (1.1750)	Acc@1 65.625 (65.625)	Acc@5 93.750 (93.750)
 * Acc@1 64.867 Acc@5 88.500
==> training...
Epoch: [26][0/468]	Time 0.457 (0.457)	Data 0.391 (0.391)	Loss 0.7997 (0.7997)	Acc@1 70.312 (70.312)	Acc@5 95.312 (95.312)
Epoch: [26][100/468]	Time 0.110 (0.114)	Data 0.002 (0.006)	Loss 0.9015 (0.9573)	Acc@1 67.188 (71.334)	Acc@5 95.312 (93.054)
Epoch: [26][200/468]	Time 0.110 (0.112)	Data 0.002 (0.004)	Loss 1.0726 (0.9771)	Acc@1 70.312 (71.300)	Acc@5 90.625 (92.848)
Epoch: [26][300/468]	Time 0.110 (0.111)	Data 0.002 (0.004)	Loss 1.0277 (0.9952)	Acc@1 65.625 (70.582)	Acc@5 92.188 (92.759)
Epoch: [26][400/468]	Time 0.109 (0.111)	Data 0.002 (0.003)	Loss 0.8590 (1.0089)	Acc@1 73.438 (70.231)	Acc@5 96.875 (92.690)
 * Acc@1 70.159 Acc@5 92.698
epoch 26, total time 51.97
Test: [0/94]	Time 0.179 (0.179)	Loss 1.3439 (1.3439)	Acc@1 56.250 (56.250)	Acc@5 90.625 (90.625)
 * Acc@1 61.667 Acc@5 87.100
==> training...
Epoch: [27][0/468]	Time 0.434 (0.434)	Data 0.372 (0.372)	Loss 1.0187 (1.0187)	Acc@1 68.750 (68.750)	Acc@5 92.188 (92.188)
Epoch: [27][100/468]	Time 0.110 (0.113)	Data 0.002 (0.006)	Loss 1.2393 (0.8903)	Acc@1 64.062 (73.670)	Acc@5 90.625 (94.075)
Epoch: [27][200/468]	Time 0.110 (0.111)	Data 0.002 (0.004)	Loss 1.0948 (0.9382)	Acc@1 60.938 (72.318)	Acc@5 95.312 (93.595)
Epoch: [27][300/468]	Time 0.112 (0.111)	Data 0.002 (0.004)	Loss 1.0657 (0.9603)	Acc@1 67.188 (71.730)	Acc@5 92.188 (93.304)
Epoch: [27][400/468]	Time 0.109 (0.111)	Data 0.002 (0.003)	Loss 1.1242 (0.9909)	Acc@1 62.500 (70.854)	Acc@5 92.188 (92.978)
 * Acc@1 70.690 Acc@5 92.805
epoch 27, total time 51.94
Test: [0/94]	Time 0.181 (0.181)	Loss 1.2124 (1.2124)	Acc@1 68.750 (68.750)	Acc@5 93.750 (93.750)
 * Acc@1 56.433 Acc@5 82.267
==> training...
Epoch: [28][0/468]	Time 0.441 (0.441)	Data 0.376 (0.376)	Loss 1.0667 (1.0667)	Acc@1 59.375 (59.375)	Acc@5 98.438 (98.438)
Epoch: [28][100/468]	Time 0.111 (0.114)	Data 0.002 (0.006)	Loss 0.7622 (0.8817)	Acc@1 71.875 (73.329)	Acc@5 96.875 (94.230)
Epoch: [28][200/468]	Time 0.110 (0.112)	Data 0.002 (0.004)	Loss 0.7903 (0.9135)	Acc@1 82.812 (72.730)	Acc@5 92.188 (93.766)
Epoch: [28][300/468]	Time 0.110 (0.111)	Data 0.002 (0.004)	Loss 0.7110 (0.9408)	Acc@1 75.000 (72.114)	Acc@5 96.875 (93.366)
Epoch: [28][400/468]	Time 0.110 (0.111)	Data 0.002 (0.003)	Loss 0.9906 (0.9582)	Acc@1 65.625 (71.626)	Acc@5 92.188 (93.177)
 * Acc@1 71.368 Acc@5 93.109
epoch 28, total time 52.08
Test: [0/94]	Time 0.184 (0.184)	Loss 0.9517 (0.9517)	Acc@1 78.125 (78.125)	Acc@5 90.625 (90.625)
 * Acc@1 63.267 Acc@5 88.367
==> training...
Epoch: [29][0/468]	Time 0.438 (0.438)	Data 0.374 (0.374)	Loss 0.9729 (0.9729)	Acc@1 71.875 (71.875)	Acc@5 95.312 (95.312)
Epoch: [29][100/468]	Time 0.110 (0.114)	Data 0.002 (0.006)	Loss 0.7469 (0.8843)	Acc@1 81.250 (74.474)	Acc@5 93.750 (94.384)
Epoch: [29][200/468]	Time 0.111 (0.112)	Data 0.002 (0.004)	Loss 1.1147 (0.9049)	Acc@1 65.625 (73.158)	Acc@5 87.500 (94.240)
Epoch: [29][300/468]	Time 0.110 (0.111)	Data 0.002 (0.004)	Loss 1.0028 (0.9420)	Acc@1 67.188 (72.150)	Acc@5 92.188 (93.797)
Epoch: [29][400/468]	Time 0.110 (0.111)	Data 0.002 (0.003)	Loss 0.8737 (0.9597)	Acc@1 73.438 (71.723)	Acc@5 93.750 (93.497)
 * Acc@1 71.701 Acc@5 93.473
epoch 29, total time 51.97
Test: [0/94]	Time 0.178 (0.178)	Loss 0.9989 (0.9989)	Acc@1 68.750 (68.750)	Acc@5 96.875 (96.875)
 * Acc@1 62.267 Acc@5 87.167
==> training...
Epoch: [30][0/468]	Time 0.445 (0.445)	Data 0.383 (0.383)	Loss 1.0097 (1.0097)	Acc@1 65.625 (65.625)	Acc@5 92.188 (92.188)
Epoch: [30][100/468]	Time 0.110 (0.114)	Data 0.002 (0.006)	Loss 1.3092 (0.8802)	Acc@1 62.500 (74.381)	Acc@5 84.375 (94.431)
Epoch: [30][200/468]	Time 0.110 (0.112)	Data 0.002 (0.004)	Loss 0.8686 (0.9089)	Acc@1 78.125 (73.298)	Acc@5 90.625 (94.045)
Epoch: [30][300/468]	Time 0.110 (0.111)	Data 0.002 (0.004)	Loss 0.9921 (0.9371)	Acc@1 76.562 (72.700)	Acc@5 92.188 (93.719)
Epoch: [30][400/468]	Time 0.110 (0.111)	Data 0.002 (0.003)	Loss 0.8735 (0.9493)	Acc@1 76.562 (72.331)	Acc@5 96.875 (93.512)
 * Acc@1 72.012 Acc@5 93.480
epoch 30, total time 51.98
Test: [0/94]	Time 0.180 (0.180)	Loss 1.2280 (1.2280)	Acc@1 68.750 (68.750)	Acc@5 90.625 (90.625)
 * Acc@1 64.533 Acc@5 87.867
==> training...
Epoch: [31][0/468]	Time 0.417 (0.417)	Data 0.357 (0.357)	Loss 0.8310 (0.8310)	Acc@1 73.438 (73.438)	Acc@5 96.875 (96.875)
Epoch: [31][100/468]	Time 0.111 (0.113)	Data 0.002 (0.006)	Loss 0.8642 (0.8636)	Acc@1 71.875 (73.963)	Acc@5 98.438 (94.493)
Epoch: [31][200/468]	Time 0.110 (0.112)	Data 0.002 (0.004)	Loss 0.9742 (0.8972)	Acc@1 68.750 (73.321)	Acc@5 95.312 (94.053)
Epoch: [31][300/468]	Time 0.110 (0.111)	Data 0.002 (0.004)	Loss 0.9510 (0.9067)	Acc@1 68.750 (73.157)	Acc@5 93.750 (94.010)
Epoch: [31][400/468]	Time 0.110 (0.111)	Data 0.002 (0.003)	Loss 1.1132 (0.9280)	Acc@1 67.188 (72.561)	Acc@5 90.625 (93.816)
 * Acc@1 72.259 Acc@5 93.616
epoch 31, total time 51.89
Test: [0/94]	Time 0.182 (0.182)	Loss 0.9265 (0.9265)	Acc@1 84.375 (84.375)	Acc@5 93.750 (93.750)
 * Acc@1 65.467 Acc@5 87.933
==> training...
Epoch: [32][0/468]	Time 0.435 (0.435)	Data 0.373 (0.373)	Loss 0.8035 (0.8035)	Acc@1 76.562 (76.562)	Acc@5 93.750 (93.750)
Epoch: [32][100/468]	Time 0.109 (0.113)	Data 0.002 (0.006)	Loss 0.8844 (0.8345)	Acc@1 78.125 (75.541)	Acc@5 93.750 (94.771)
Epoch: [32][200/468]	Time 0.111 (0.111)	Data 0.002 (0.004)	Loss 1.2973 (0.8566)	Acc@1 67.188 (74.821)	Acc@5 90.625 (94.504)
Epoch: [32][300/468]	Time 0.110 (0.111)	Data 0.002 (0.004)	Loss 0.9548 (0.8905)	Acc@1 68.750 (73.609)	Acc@5 92.188 (94.108)
Epoch: [32][400/468]	Time 0.110 (0.111)	Data 0.002 (0.003)	Loss 0.8001 (0.9054)	Acc@1 71.875 (73.184)	Acc@5 96.875 (93.890)
 * Acc@1 72.867 Acc@5 93.810
epoch 32, total time 51.83
Test: [0/94]	Time 0.181 (0.181)	Loss 1.1047 (1.1047)	Acc@1 65.625 (65.625)	Acc@5 93.750 (93.750)
 * Acc@1 64.533 Acc@5 87.900
==> training...
Epoch: [33][0/468]	Time 0.492 (0.492)	Data 0.431 (0.431)	Loss 0.5389 (0.5389)	Acc@1 85.938 (85.938)	Acc@5 95.312 (95.312)
Epoch: [33][100/468]	Time 0.110 (0.114)	Data 0.002 (0.007)	Loss 0.8180 (0.8218)	Acc@1 79.688 (75.464)	Acc@5 96.875 (95.019)
Epoch: [33][200/468]	Time 0.110 (0.112)	Data 0.002 (0.005)	Loss 0.6062 (0.8633)	Acc@1 81.250 (74.316)	Acc@5 98.438 (94.481)
Epoch: [33][300/468]	Time 0.111 (0.112)	Data 0.002 (0.004)	Loss 0.9562 (0.8902)	Acc@1 71.875 (73.676)	Acc@5 96.875 (94.181)
Epoch: [33][400/468]	Time 0.111 (0.111)	Data 0.002 (0.003)	Loss 1.0684 (0.9121)	Acc@1 70.312 (73.196)	Acc@5 92.188 (93.925)
 * Acc@1 72.973 Acc@5 93.860
epoch 33, total time 52.08
Test: [0/94]	Time 0.185 (0.185)	Loss 0.9626 (0.9626)	Acc@1 71.875 (71.875)	Acc@5 90.625 (90.625)
 * Acc@1 63.567 Acc@5 87.433
==> training...
Epoch: [34][0/468]	Time 0.430 (0.430)	Data 0.367 (0.367)	Loss 0.9687 (0.9687)	Acc@1 71.875 (71.875)	Acc@5 95.312 (95.312)
Epoch: [34][100/468]	Time 0.110 (0.114)	Data 0.002 (0.006)	Loss 0.9182 (0.8536)	Acc@1 75.000 (74.845)	Acc@5 90.625 (94.709)
Epoch: [34][200/468]	Time 0.110 (0.113)	Data 0.002 (0.004)	Loss 0.8580 (0.8652)	Acc@1 79.688 (74.433)	Acc@5 93.750 (94.465)
Epoch: [34][300/468]	Time 0.111 (0.112)	Data 0.002 (0.004)	Loss 1.1711 (0.8808)	Acc@1 65.625 (73.988)	Acc@5 90.625 (94.254)
Epoch: [34][400/468]	Time 0.110 (0.112)	Data 0.002 (0.003)	Loss 0.9864 (0.8992)	Acc@1 76.562 (73.410)	Acc@5 93.750 (94.089)
 * Acc@1 73.137 Acc@5 94.034
epoch 34, total time 52.19
Test: [0/94]	Time 0.182 (0.182)	Loss 0.8673 (0.8673)	Acc@1 78.125 (78.125)	Acc@5 96.875 (96.875)
 * Acc@1 64.733 Acc@5 89.133
==> training...
Epoch: [35][0/468]	Time 0.436 (0.436)	Data 0.376 (0.376)	Loss 0.7591 (0.7591)	Acc@1 76.562 (76.562)	Acc@5 93.750 (93.750)
Epoch: [35][100/468]	Time 0.110 (0.113)	Data 0.002 (0.006)	Loss 0.8828 (0.8140)	Acc@1 75.000 (76.330)	Acc@5 93.750 (94.910)
Epoch: [35][200/468]	Time 0.110 (0.112)	Data 0.002 (0.004)	Loss 0.8564 (0.8497)	Acc@1 75.000 (75.039)	Acc@5 92.188 (94.317)
Epoch: [35][300/468]	Time 0.111 (0.111)	Data 0.002 (0.004)	Loss 1.1269 (0.8687)	Acc@1 68.750 (74.496)	Acc@5 93.750 (94.285)
Epoch: [35][400/468]	Time 0.110 (0.111)	Data 0.002 (0.003)	Loss 0.9237 (0.8893)	Acc@1 68.750 (73.940)	Acc@5 96.875 (94.046)
 * Acc@1 73.765 Acc@5 93.957
epoch 35, total time 51.95
Test: [0/94]	Time 0.177 (0.177)	Loss 1.2215 (1.2215)	Acc@1 71.875 (71.875)	Acc@5 96.875 (96.875)
 * Acc@1 62.800 Acc@5 88.167
==> training...
Epoch: [36][0/468]	Time 0.439 (0.439)	Data 0.377 (0.377)	Loss 0.7552 (0.7552)	Acc@1 73.438 (73.438)	Acc@5 96.875 (96.875)
Epoch: [36][100/468]	Time 0.110 (0.114)	Data 0.002 (0.007)	Loss 0.7465 (0.7639)	Acc@1 75.000 (76.872)	Acc@5 95.312 (95.823)
Epoch: [36][200/468]	Time 0.110 (0.112)	Data 0.002 (0.004)	Loss 1.0610 (0.8121)	Acc@1 65.625 (75.474)	Acc@5 92.188 (95.320)
Epoch: [36][300/468]	Time 0.110 (0.111)	Data 0.002 (0.004)	Loss 1.1338 (0.8498)	Acc@1 73.438 (74.631)	Acc@5 92.188 (94.887)
Epoch: [36][400/468]	Time 0.110 (0.111)	Data 0.002 (0.003)	Loss 0.8199 (0.8655)	Acc@1 73.438 (74.225)	Acc@5 98.438 (94.720)
 * Acc@1 74.018 Acc@5 94.481
epoch 36, total time 52.03
Test: [0/94]	Time 0.178 (0.178)	Loss 0.8973 (0.8973)	Acc@1 71.875 (71.875)	Acc@5 96.875 (96.875)
 * Acc@1 65.533 Acc@5 87.967
==> training...
Epoch: [37][0/468]	Time 0.436 (0.436)	Data 0.375 (0.375)	Loss 0.6544 (0.6544)	Acc@1 81.250 (81.250)	Acc@5 93.750 (93.750)
Epoch: [37][100/468]	Time 0.111 (0.114)	Data 0.002 (0.006)	Loss 0.9206 (0.8372)	Acc@1 68.750 (75.217)	Acc@5 96.875 (94.663)
Epoch: [37][200/468]	Time 0.110 (0.112)	Data 0.002 (0.004)	Loss 0.8934 (0.8375)	Acc@1 73.438 (75.109)	Acc@5 95.312 (94.745)
Epoch: [37][300/468]	Time 0.110 (0.111)	Data 0.002 (0.004)	Loss 1.0528 (0.8576)	Acc@1 70.312 (74.631)	Acc@5 93.750 (94.653)
Epoch: [37][400/468]	Time 0.110 (0.111)	Data 0.002 (0.003)	Loss 0.7161 (0.8679)	Acc@1 76.562 (74.314)	Acc@5 96.875 (94.607)
 * Acc@1 74.265 Acc@5 94.555
epoch 37, total time 52.00
Test: [0/94]	Time 0.174 (0.174)	Loss 0.8617 (0.8617)	Acc@1 71.875 (71.875)	Acc@5 96.875 (96.875)
 * Acc@1 63.633 Acc@5 88.267
==> training...
Epoch: [38][0/468]	Time 0.441 (0.441)	Data 0.380 (0.380)	Loss 0.7577 (0.7577)	Acc@1 79.688 (79.688)	Acc@5 90.625 (90.625)
Epoch: [38][100/468]	Time 0.110 (0.113)	Data 0.002 (0.006)	Loss 0.6602 (0.7479)	Acc@1 81.250 (77.986)	Acc@5 95.312 (95.854)
Epoch: [38][200/468]	Time 0.110 (0.112)	Data 0.002 (0.004)	Loss 1.0758 (0.8011)	Acc@1 73.438 (76.360)	Acc@5 89.062 (95.235)
Epoch: [38][300/468]	Time 0.110 (0.111)	Data 0.002 (0.004)	Loss 0.8263 (0.8280)	Acc@1 75.000 (75.561)	Acc@5 93.750 (94.799)
Epoch: [38][400/468]	Time 0.110 (0.111)	Data 0.002 (0.003)	Loss 1.0023 (0.8528)	Acc@1 76.562 (74.860)	Acc@5 95.312 (94.666)
 * Acc@1 74.312 Acc@5 94.505
epoch 38, total time 51.94
Test: [0/94]	Time 0.188 (0.188)	Loss 0.8330 (0.8330)	Acc@1 65.625 (65.625)	Acc@5 100.000 (100.000)
 * Acc@1 63.300 Acc@5 88.500
==> training...
Epoch: [39][0/468]	Time 0.430 (0.430)	Data 0.370 (0.370)	Loss 0.6830 (0.6830)	Acc@1 78.125 (78.125)	Acc@5 98.438 (98.438)
Epoch: [39][100/468]	Time 0.111 (0.113)	Data 0.002 (0.006)	Loss 0.7442 (0.7634)	Acc@1 75.000 (77.599)	Acc@5 96.875 (95.668)
Epoch: [39][200/468]	Time 0.110 (0.112)	Data 0.002 (0.004)	Loss 1.0409 (0.7991)	Acc@1 70.312 (76.368)	Acc@5 90.625 (95.328)
Epoch: [39][300/468]	Time 0.110 (0.111)	Data 0.002 (0.004)	Loss 1.0933 (0.8264)	Acc@1 68.750 (75.613)	Acc@5 93.750 (94.918)
Epoch: [39][400/468]	Time 0.110 (0.111)	Data 0.002 (0.003)	Loss 1.2963 (0.8476)	Acc@1 62.500 (74.996)	Acc@5 92.188 (94.623)
 * Acc@1 74.726 Acc@5 94.505
epoch 39, total time 51.97
Test: [0/94]	Time 0.183 (0.183)	Loss 1.1723 (1.1723)	Acc@1 65.625 (65.625)	Acc@5 96.875 (96.875)
 * Acc@1 63.033 Acc@5 87.700
==> training...
Epoch: [40][0/468]	Time 0.448 (0.448)	Data 0.381 (0.381)	Loss 0.9391 (0.9391)	Acc@1 75.000 (75.000)	Acc@5 95.312 (95.312)
Epoch: [40][100/468]	Time 0.112 (0.115)	Data 0.002 (0.007)	Loss 0.8245 (0.8031)	Acc@1 70.312 (76.315)	Acc@5 98.438 (95.142)
Epoch: [40][200/468]	Time 0.109 (0.113)	Data 0.002 (0.005)	Loss 0.7169 (0.8248)	Acc@1 76.562 (75.334)	Acc@5 96.875 (95.126)
Epoch: [40][300/468]	Time 0.109 (0.112)	Data 0.002 (0.004)	Loss 1.1427 (0.8432)	Acc@1 64.062 (74.870)	Acc@5 95.312 (94.954)
Epoch: [40][400/468]	Time 0.110 (0.111)	Data 0.002 (0.003)	Loss 0.6922 (0.8577)	Acc@1 76.562 (74.501)	Acc@5 95.312 (94.829)
 * Acc@1 74.386 Acc@5 94.782
epoch 40, total time 52.08
Test: [0/94]	Time 0.179 (0.179)	Loss 1.2696 (1.2696)	Acc@1 56.250 (56.250)	Acc@5 90.625 (90.625)
 * Acc@1 61.667 Acc@5 86.267
==> training...
Epoch: [41][0/468]	Time 0.436 (0.436)	Data 0.375 (0.375)	Loss 0.8711 (0.8711)	Acc@1 68.750 (68.750)	Acc@5 93.750 (93.750)
Epoch: [41][100/468]	Time 0.111 (0.114)	Data 0.002 (0.006)	Loss 0.8078 (0.7727)	Acc@1 73.438 (76.408)	Acc@5 96.875 (95.808)
Epoch: [41][200/468]	Time 0.110 (0.113)	Data 0.002 (0.004)	Loss 0.6752 (0.7930)	Acc@1 78.125 (76.213)	Acc@5 95.312 (95.445)
Epoch: [41][300/468]	Time 0.111 (0.112)	Data 0.002 (0.004)	Loss 0.8043 (0.8279)	Acc@1 75.000 (75.317)	Acc@5 96.875 (94.996)
Epoch: [41][400/468]	Time 0.110 (0.112)	Data 0.002 (0.003)	Loss 0.8535 (0.8445)	Acc@1 76.562 (74.945)	Acc@5 93.750 (94.806)
 * Acc@1 74.506 Acc@5 94.561
epoch 41, total time 52.24
Test: [0/94]	Time 0.188 (0.188)	Loss 1.1079 (1.1079)	Acc@1 71.875 (71.875)	Acc@5 84.375 (84.375)
 * Acc@1 66.367 Acc@5 88.333
==> training...
Epoch: [42][0/468]	Time 0.438 (0.438)	Data 0.377 (0.377)	Loss 0.6458 (0.6458)	Acc@1 82.812 (82.812)	Acc@5 95.312 (95.312)
Epoch: [42][100/468]	Time 0.110 (0.114)	Data 0.002 (0.006)	Loss 0.8141 (0.7702)	Acc@1 75.000 (77.027)	Acc@5 95.312 (95.668)
Epoch: [42][200/468]	Time 0.110 (0.112)	Data 0.002 (0.004)	Loss 0.8004 (0.7876)	Acc@1 73.438 (76.329)	Acc@5 93.750 (95.779)
Epoch: [42][300/468]	Time 0.110 (0.112)	Data 0.002 (0.004)	Loss 0.6587 (0.8100)	Acc@1 76.562 (75.753)	Acc@5 96.875 (95.292)
Epoch: [42][400/468]	Time 0.110 (0.111)	Data 0.002 (0.003)	Loss 1.0100 (0.8283)	Acc@1 65.625 (75.382)	Acc@5 96.875 (95.001)
 * Acc@1 75.154 Acc@5 94.865
epoch 42, total time 52.11
Test: [0/94]	Time 0.176 (0.176)	Loss 1.1702 (1.1702)	Acc@1 62.500 (62.500)	Acc@5 90.625 (90.625)
 * Acc@1 64.567 Acc@5 87.933
==> training...
Epoch: [43][0/468]	Time 0.423 (0.423)	Data 0.358 (0.358)	Loss 0.6497 (0.6497)	Acc@1 76.562 (76.562)	Acc@5 95.312 (95.312)
Epoch: [43][100/468]	Time 0.111 (0.114)	Data 0.002 (0.006)	Loss 0.3853 (0.7276)	Acc@1 89.062 (78.048)	Acc@5 100.000 (95.730)
Epoch: [43][200/468]	Time 0.109 (0.113)	Data 0.002 (0.004)	Loss 0.8297 (0.7823)	Acc@1 79.688 (76.687)	Acc@5 93.750 (95.204)
Epoch: [43][300/468]	Time 0.110 (0.112)	Data 0.002 (0.004)	Loss 0.9909 (0.8089)	Acc@1 67.188 (75.737)	Acc@5 93.750 (95.037)
Epoch: [43][400/468]	Time 0.111 (0.112)	Data 0.002 (0.003)	Loss 0.8209 (0.8275)	Acc@1 78.125 (75.183)	Acc@5 93.750 (94.911)
 * Acc@1 74.933 Acc@5 94.845
epoch 43, total time 52.43
Test: [0/94]	Time 0.178 (0.178)	Loss 0.7882 (0.7882)	Acc@1 75.000 (75.000)	Acc@5 100.000 (100.000)
 * Acc@1 63.933 Acc@5 87.933
==> training...
Epoch: [44][0/468]	Time 0.426 (0.426)	Data 0.363 (0.363)	Loss 0.9168 (0.9168)	Acc@1 65.625 (65.625)	Acc@5 96.875 (96.875)
Epoch: [44][100/468]	Time 0.111 (0.114)	Data 0.002 (0.006)	Loss 0.5087 (0.7861)	Acc@1 82.812 (76.330)	Acc@5 98.438 (95.622)
Epoch: [44][200/468]	Time 0.111 (0.112)	Data 0.002 (0.004)	Loss 1.0626 (0.7951)	Acc@1 71.875 (76.182)	Acc@5 89.062 (95.297)
Epoch: [44][300/468]	Time 0.111 (0.112)	Data 0.002 (0.004)	Loss 0.6123 (0.8235)	Acc@1 84.375 (75.395)	Acc@5 96.875 (94.954)
Epoch: [44][400/468]	Time 0.110 (0.111)	Data 0.002 (0.003)	Loss 0.6864 (0.8293)	Acc@1 81.250 (75.117)	Acc@5 98.438 (94.892)
 * Acc@1 74.903 Acc@5 94.852
epoch 44, total time 52.13
Test: [0/94]	Time 0.184 (0.184)	Loss 0.7077 (0.7077)	Acc@1 81.250 (81.250)	Acc@5 96.875 (96.875)
 * Acc@1 67.633 Acc@5 89.967
==> training...
Epoch: [45][0/468]	Time 0.427 (0.427)	Data 0.365 (0.365)	Loss 0.6195 (0.6195)	Acc@1 85.938 (85.938)	Acc@5 95.312 (95.312)
Epoch: [45][100/468]	Time 0.109 (0.114)	Data 0.002 (0.006)	Loss 0.8459 (0.7228)	Acc@1 76.562 (78.434)	Acc@5 96.875 (96.163)
Epoch: [45][200/468]	Time 0.112 (0.112)	Data 0.002 (0.004)	Loss 0.9897 (0.7437)	Acc@1 73.438 (78.039)	Acc@5 93.750 (95.794)
Epoch: [45][300/468]	Time 0.109 (0.112)	Data 0.002 (0.004)	Loss 0.8779 (0.7692)	Acc@1 76.562 (77.310)	Acc@5 92.188 (95.598)
Epoch: [45][400/468]	Time 0.111 (0.111)	Data 0.002 (0.003)	Loss 0.7876 (0.8053)	Acc@1 79.688 (76.083)	Acc@5 95.312 (95.176)
 * Acc@1 75.731 Acc@5 95.075
epoch 45, total time 52.16
Test: [0/94]	Time 0.181 (0.181)	Loss 0.9968 (0.9968)	Acc@1 68.750 (68.750)	Acc@5 96.875 (96.875)
 * Acc@1 67.433 Acc@5 89.200
==> training...
Epoch: [46][0/468]	Time 0.431 (0.431)	Data 0.368 (0.368)	Loss 0.6538 (0.6538)	Acc@1 79.688 (79.688)	Acc@5 95.312 (95.312)
Epoch: [46][100/468]	Time 0.110 (0.114)	Data 0.002 (0.006)	Loss 0.6526 (0.7621)	Acc@1 79.688 (76.965)	Acc@5 96.875 (95.545)
Epoch: [46][200/468]	Time 0.111 (0.112)	Data 0.002 (0.004)	Loss 0.5580 (0.7624)	Acc@1 82.812 (77.107)	Acc@5 98.438 (95.585)
Epoch: [46][300/468]	Time 0.110 (0.112)	Data 0.002 (0.004)	Loss 1.0206 (0.7881)	Acc@1 65.625 (76.303)	Acc@5 93.750 (95.567)
Epoch: [46][400/468]	Time 0.110 (0.111)	Data 0.002 (0.003)	Loss 0.8203 (0.8168)	Acc@1 70.312 (75.358)	Acc@5 96.875 (95.219)
 * Acc@1 75.100 Acc@5 95.062
epoch 46, total time 52.17
Test: [0/94]	Time 0.188 (0.188)	Loss 1.0233 (1.0233)	Acc@1 62.500 (62.500)	Acc@5 90.625 (90.625)
 * Acc@1 62.033 Acc@5 86.867
==> training...
Epoch: [47][0/468]	Time 0.431 (0.431)	Data 0.365 (0.365)	Loss 0.8737 (0.8737)	Acc@1 71.875 (71.875)	Acc@5 95.312 (95.312)
Epoch: [47][100/468]	Time 0.110 (0.114)	Data 0.002 (0.006)	Loss 1.3097 (0.7376)	Acc@1 53.125 (77.661)	Acc@5 92.188 (96.148)
Epoch: [47][200/468]	Time 0.111 (0.112)	Data 0.002 (0.004)	Loss 0.5552 (0.7734)	Acc@1 85.938 (76.531)	Acc@5 95.312 (95.756)
Epoch: [47][300/468]	Time 0.110 (0.112)	Data 0.002 (0.004)	Loss 0.5519 (0.7905)	Acc@1 89.062 (76.085)	Acc@5 98.438 (95.598)
Epoch: [47][400/468]	Time 0.112 (0.111)	Data 0.002 (0.003)	Loss 0.7370 (0.8046)	Acc@1 78.125 (75.838)	Acc@5 95.312 (95.464)
 * Acc@1 75.588 Acc@5 95.239
epoch 47, total time 52.07
Test: [0/94]	Time 0.186 (0.186)	Loss 1.1098 (1.1098)	Acc@1 68.750 (68.750)	Acc@5 93.750 (93.750)
 * Acc@1 65.333 Acc@5 88.600
==> training...
Epoch: [48][0/468]	Time 0.455 (0.455)	Data 0.387 (0.387)	Loss 0.5007 (0.5007)	Acc@1 84.375 (84.375)	Acc@5 98.438 (98.438)
Epoch: [48][100/468]	Time 0.111 (0.115)	Data 0.002 (0.006)	Loss 0.6831 (0.7414)	Acc@1 75.000 (78.017)	Acc@5 95.312 (95.947)
Epoch: [48][200/468]	Time 0.110 (0.113)	Data 0.002 (0.004)	Loss 0.9207 (0.7730)	Acc@1 78.125 (77.107)	Acc@5 92.188 (95.585)
Epoch: [48][300/468]	Time 0.111 (0.112)	Data 0.002 (0.004)	Loss 0.9746 (0.7812)	Acc@1 65.625 (76.749)	Acc@5 95.312 (95.458)
Epoch: [48][400/468]	Time 0.111 (0.112)	Data 0.002 (0.003)	Loss 0.7864 (0.7967)	Acc@1 73.438 (76.317)	Acc@5 96.875 (95.309)
 * Acc@1 76.022 Acc@5 95.209
epoch 48, total time 52.59
Test: [0/94]	Time 0.181 (0.181)	Loss 0.7682 (0.7682)	Acc@1 75.000 (75.000)	Acc@5 93.750 (93.750)
 * Acc@1 67.633 Acc@5 88.600
==> training...
Epoch: [49][0/468]	Time 0.442 (0.442)	Data 0.381 (0.381)	Loss 0.6422 (0.6422)	Acc@1 78.125 (78.125)	Acc@5 96.875 (96.875)
Epoch: [49][100/468]	Time 0.112 (0.114)	Data 0.002 (0.006)	Loss 0.7995 (0.7202)	Acc@1 79.688 (78.342)	Acc@5 95.312 (96.349)
Epoch: [49][200/468]	Time 0.111 (0.112)	Data 0.002 (0.004)	Loss 0.7736 (0.7587)	Acc@1 73.438 (77.060)	Acc@5 96.875 (95.903)
Epoch: [49][300/468]	Time 0.111 (0.112)	Data 0.002 (0.004)	Loss 0.6549 (0.7779)	Acc@1 79.688 (76.806)	Acc@5 96.875 (95.510)
Epoch: [49][400/468]	Time 0.111 (0.112)	Data 0.002 (0.003)	Loss 0.5985 (0.7903)	Acc@1 82.812 (76.372)	Acc@5 98.438 (95.398)
 * Acc@1 76.142 Acc@5 95.286
epoch 49, total time 52.26
Test: [0/94]	Time 0.174 (0.174)	Loss 0.7879 (0.7879)	Acc@1 71.875 (71.875)	Acc@5 96.875 (96.875)
 * Acc@1 64.933 Acc@5 88.533
==> training...
Epoch: [50][0/468]	Time 0.441 (0.441)	Data 0.377 (0.377)	Loss 0.8589 (0.8589)	Acc@1 78.125 (78.125)	Acc@5 90.625 (90.625)
Epoch: [50][100/468]	Time 0.112 (0.116)	Data 0.002 (0.006)	Loss 0.7353 (0.7171)	Acc@1 81.250 (78.558)	Acc@5 95.312 (96.349)
Epoch: [50][200/468]	Time 0.111 (0.113)	Data 0.002 (0.004)	Loss 0.9196 (0.7468)	Acc@1 70.312 (77.744)	Acc@5 89.062 (96.028)
Epoch: [50][300/468]	Time 0.110 (0.113)	Data 0.002 (0.004)	Loss 0.7320 (0.7739)	Acc@1 76.562 (76.999)	Acc@5 96.875 (95.728)
Epoch: [50][400/468]	Time 0.110 (0.112)	Data 0.002 (0.003)	Loss 1.0395 (0.7920)	Acc@1 68.750 (76.481)	Acc@5 90.625 (95.511)
 * Acc@1 76.189 Acc@5 95.349
epoch 50, total time 52.46
Test: [0/94]	Time 0.181 (0.181)	Loss 0.8806 (0.8806)	Acc@1 75.000 (75.000)	Acc@5 96.875 (96.875)
 * Acc@1 64.833 Acc@5 88.000
==> training...
Epoch: [51][0/468]	Time 0.447 (0.447)	Data 0.381 (0.381)	Loss 0.6988 (0.6988)	Acc@1 76.562 (76.562)	Acc@5 96.875 (96.875)
Epoch: [51][100/468]	Time 0.110 (0.114)	Data 0.002 (0.006)	Loss 0.9480 (0.7208)	Acc@1 71.875 (78.419)	Acc@5 93.750 (96.256)
Epoch: [51][200/468]	Time 0.111 (0.113)	Data 0.002 (0.004)	Loss 0.8354 (0.7365)	Acc@1 75.000 (78.327)	Acc@5 92.188 (95.849)
Epoch: [51][300/468]	Time 0.110 (0.112)	Data 0.002 (0.004)	Loss 0.8699 (0.7568)	Acc@1 73.438 (77.492)	Acc@5 95.312 (95.598)
Epoch: [51][400/468]	Time 0.111 (0.111)	Data 0.002 (0.003)	Loss 1.0858 (0.7846)	Acc@1 62.500 (76.695)	Acc@5 93.750 (95.406)
 * Acc@1 76.152 Acc@5 95.299
epoch 51, total time 52.21
Test: [0/94]	Time 0.172 (0.172)	Loss 1.0623 (1.0623)	Acc@1 71.875 (71.875)	Acc@5 93.750 (93.750)
 * Acc@1 65.233 Acc@5 88.533
==> training...
Epoch: [52][0/468]	Time 0.444 (0.444)	Data 0.382 (0.382)	Loss 1.0412 (1.0412)	Acc@1 67.188 (67.188)	Acc@5 95.312 (95.312)
Epoch: [52][100/468]	Time 0.111 (0.114)	Data 0.002 (0.006)	Loss 0.6684 (0.7370)	Acc@1 75.000 (78.048)	Acc@5 96.875 (96.163)
Epoch: [52][200/468]	Time 0.110 (0.112)	Data 0.002 (0.004)	Loss 0.6799 (0.7624)	Acc@1 81.250 (77.324)	Acc@5 96.875 (95.864)
Epoch: [52][300/468]	Time 0.111 (0.112)	Data 0.002 (0.004)	Loss 0.7616 (0.7596)	Acc@1 71.875 (77.388)	Acc@5 98.438 (95.889)
Epoch: [52][400/468]	Time 0.111 (0.112)	Data 0.002 (0.003)	Loss 0.9547 (0.7859)	Acc@1 75.000 (76.582)	Acc@5 92.188 (95.480)
 * Acc@1 76.803 Acc@5 95.523
epoch 52, total time 52.37
Test: [0/94]	Time 0.175 (0.175)	Loss 1.2274 (1.2274)	Acc@1 68.750 (68.750)	Acc@5 90.625 (90.625)
 * Acc@1 65.300 Acc@5 89.200
==> training...
Epoch: [53][0/468]	Time 0.478 (0.478)	Data 0.415 (0.415)	Loss 0.5900 (0.5900)	Acc@1 78.125 (78.125)	Acc@5 98.438 (98.438)
Epoch: [53][100/468]	Time 0.111 (0.114)	Data 0.002 (0.006)	Loss 0.8965 (0.7218)	Acc@1 76.562 (78.156)	Acc@5 96.875 (96.395)
Epoch: [53][200/468]	Time 0.111 (0.113)	Data 0.002 (0.004)	Loss 0.6411 (0.7479)	Acc@1 75.000 (77.612)	Acc@5 98.438 (96.059)
Epoch: [53][300/468]	Time 0.110 (0.112)	Data 0.002 (0.004)	Loss 0.5858 (0.7709)	Acc@1 89.062 (76.796)	Acc@5 98.438 (95.790)
Epoch: [53][400/468]	Time 0.110 (0.112)	Data 0.002 (0.003)	Loss 0.6456 (0.7876)	Acc@1 84.375 (76.321)	Acc@5 95.312 (95.581)
 * Acc@1 76.259 Acc@5 95.520
epoch 53, total time 52.27
Test: [0/94]	Time 0.177 (0.177)	Loss 0.8973 (0.8973)	Acc@1 68.750 (68.750)	Acc@5 100.000 (100.000)
 * Acc@1 64.500 Acc@5 88.633
==> training...
Epoch: [54][0/468]	Time 0.454 (0.454)	Data 0.386 (0.386)	Loss 0.5949 (0.5949)	Acc@1 82.812 (82.812)	Acc@5 96.875 (96.875)
Epoch: [54][100/468]	Time 0.111 (0.114)	Data 0.002 (0.006)	Loss 0.8348 (0.6808)	Acc@1 71.875 (79.595)	Acc@5 96.875 (96.643)
Epoch: [54][200/468]	Time 0.110 (0.113)	Data 0.002 (0.004)	Loss 0.6816 (0.7246)	Acc@1 81.250 (78.055)	Acc@5 95.312 (96.230)
Epoch: [54][300/468]	Time 0.111 (0.112)	Data 0.002 (0.004)	Loss 1.0427 (0.7538)	Acc@1 68.750 (77.123)	Acc@5 95.312 (95.826)
Epoch: [54][400/468]	Time 0.111 (0.112)	Data 0.002 (0.003)	Loss 0.8346 (0.7763)	Acc@1 75.000 (76.613)	Acc@5 93.750 (95.538)
 * Acc@1 76.603 Acc@5 95.516
epoch 54, total time 52.26
Test: [0/94]	Time 0.173 (0.173)	Loss 0.7489 (0.7489)	Acc@1 78.125 (78.125)	Acc@5 93.750 (93.750)
 * Acc@1 68.833 Acc@5 89.667
==> training...
Epoch: [55][0/468]	Time 0.431 (0.431)	Data 0.363 (0.363)	Loss 0.5612 (0.5612)	Acc@1 82.812 (82.812)	Acc@5 98.438 (98.438)
Epoch: [55][100/468]	Time 0.110 (0.114)	Data 0.002 (0.006)	Loss 0.7273 (0.6821)	Acc@1 75.000 (80.244)	Acc@5 98.438 (96.705)
Epoch: [55][200/468]	Time 0.111 (0.112)	Data 0.002 (0.004)	Loss 0.9230 (0.7292)	Acc@1 71.875 (78.420)	Acc@5 93.750 (96.183)
Epoch: [55][300/468]	Time 0.111 (0.112)	Data 0.002 (0.004)	Loss 0.6368 (0.7445)	Acc@1 78.125 (77.730)	Acc@5 96.875 (96.091)
Epoch: [55][400/468]	Time 0.110 (0.112)	Data 0.002 (0.003)	Loss 0.8307 (0.7681)	Acc@1 76.562 (77.011)	Acc@5 96.875 (95.874)
 * Acc@1 76.703 Acc@5 95.670
epoch 55, total time 52.33
Test: [0/94]	Time 0.175 (0.175)	Loss 1.2792 (1.2792)	Acc@1 59.375 (59.375)	Acc@5 93.750 (93.750)
 * Acc@1 65.467 Acc@5 88.300
==> training...
Epoch: [56][0/468]	Time 0.444 (0.444)	Data 0.375 (0.375)	Loss 0.5933 (0.5933)	Acc@1 87.500 (87.500)	Acc@5 96.875 (96.875)
Epoch: [56][100/468]	Time 0.111 (0.114)	Data 0.002 (0.006)	Loss 0.6762 (0.6974)	Acc@1 78.125 (78.976)	Acc@5 95.312 (96.504)
Epoch: [56][200/468]	Time 0.112 (0.113)	Data 0.002 (0.004)	Loss 0.6981 (0.7233)	Acc@1 75.000 (78.343)	Acc@5 100.000 (96.144)
Epoch: [56][300/468]	Time 0.111 (0.112)	Data 0.002 (0.004)	Loss 0.9418 (0.7468)	Acc@1 71.875 (77.663)	Acc@5 95.312 (95.930)
Epoch: [56][400/468]	Time 0.110 (0.112)	Data 0.002 (0.003)	Loss 0.7928 (0.7721)	Acc@1 73.438 (77.022)	Acc@5 96.875 (95.667)
 * Acc@1 76.643 Acc@5 95.540
epoch 56, total time 52.32
Test: [0/94]	Time 0.175 (0.175)	Loss 1.1867 (1.1867)	Acc@1 62.500 (62.500)	Acc@5 90.625 (90.625)
 * Acc@1 65.600 Acc@5 88.667
==> training...
Epoch: [57][0/468]	Time 0.433 (0.433)	Data 0.372 (0.372)	Loss 0.5957 (0.5957)	Acc@1 84.375 (84.375)	Acc@5 98.438 (98.438)
Epoch: [57][100/468]	Time 0.111 (0.114)	Data 0.002 (0.006)	Loss 0.8044 (0.7108)	Acc@1 76.562 (78.512)	Acc@5 93.750 (96.349)
Epoch: [57][200/468]	Time 0.110 (0.112)	Data 0.002 (0.004)	Loss 1.1594 (0.7342)	Acc@1 68.750 (77.946)	Acc@5 93.750 (96.098)
Epoch: [57][300/468]	Time 0.111 (0.112)	Data 0.002 (0.004)	Loss 0.9204 (0.7536)	Acc@1 75.000 (77.398)	Acc@5 93.750 (95.832)
Epoch: [57][400/468]	Time 0.110 (0.112)	Data 0.002 (0.003)	Loss 0.8151 (0.7693)	Acc@1 76.562 (76.870)	Acc@5 90.625 (95.663)
 * Acc@1 76.492 Acc@5 95.540
epoch 57, total time 52.24
Test: [0/94]	Time 0.180 (0.180)	Loss 1.0211 (1.0211)	Acc@1 71.875 (71.875)	Acc@5 96.875 (96.875)
 * Acc@1 65.033 Acc@5 88.167
==> training...
Epoch: [58][0/468]	Time 0.456 (0.456)	Data 0.388 (0.388)	Loss 0.6503 (0.6503)	Acc@1 82.812 (82.812)	Acc@5 96.875 (96.875)
Epoch: [58][100/468]	Time 0.111 (0.114)	Data 0.002 (0.006)	Loss 0.5899 (0.6894)	Acc@1 81.250 (79.718)	Acc@5 96.875 (96.535)
Epoch: [58][200/468]	Time 0.110 (0.113)	Data 0.002 (0.004)	Loss 0.9481 (0.7100)	Acc@1 71.875 (78.949)	Acc@5 92.188 (96.269)
Epoch: [58][300/468]	Time 0.110 (0.112)	Data 0.002 (0.004)	Loss 0.7182 (0.7475)	Acc@1 71.875 (77.928)	Acc@5 96.875 (95.925)
Epoch: [58][400/468]	Time 0.110 (0.112)	Data 0.002 (0.003)	Loss 0.9149 (0.7676)	Acc@1 71.875 (77.217)	Acc@5 95.312 (95.839)
 * Acc@1 76.843 Acc@5 95.673
epoch 58, total time 52.25
Test: [0/94]	Time 0.178 (0.178)	Loss 0.7712 (0.7712)	Acc@1 75.000 (75.000)	Acc@5 100.000 (100.000)
 * Acc@1 66.600 Acc@5 88.433
==> training...
Epoch: [59][0/468]	Time 0.441 (0.441)	Data 0.378 (0.378)	Loss 0.8461 (0.8461)	Acc@1 78.125 (78.125)	Acc@5 96.875 (96.875)
Epoch: [59][100/468]	Time 0.110 (0.114)	Data 0.002 (0.006)	Loss 0.4617 (0.6571)	Acc@1 89.062 (80.739)	Acc@5 98.438 (96.844)
Epoch: [59][200/468]	Time 0.111 (0.112)	Data 0.002 (0.004)	Loss 0.7894 (0.6932)	Acc@1 78.125 (79.571)	Acc@5 100.000 (96.587)
Epoch: [59][300/468]	Time 0.111 (0.112)	Data 0.002 (0.004)	Loss 1.1479 (0.7239)	Acc@1 70.312 (78.706)	Acc@5 92.188 (96.231)
Epoch: [59][400/468]	Time 0.111 (0.112)	Data 0.002 (0.003)	Loss 0.7396 (0.7419)	Acc@1 78.125 (78.160)	Acc@5 96.875 (95.955)
 * Acc@1 77.654 Acc@5 95.767
epoch 59, total time 52.26
Test: [0/94]	Time 0.172 (0.172)	Loss 0.8015 (0.8015)	Acc@1 71.875 (71.875)	Acc@5 100.000 (100.000)
 * Acc@1 64.200 Acc@5 88.000
==> training...
Epoch: [60][0/468]	Time 0.442 (0.442)	Data 0.378 (0.378)	Loss 0.6733 (0.6733)	Acc@1 81.250 (81.250)	Acc@5 98.438 (98.438)
Epoch: [60][100/468]	Time 0.110 (0.114)	Data 0.002 (0.007)	Loss 0.9980 (0.6934)	Acc@1 73.438 (79.409)	Acc@5 95.312 (96.426)
Epoch: [60][200/468]	Time 0.111 (0.113)	Data 0.002 (0.005)	Loss 0.6332 (0.7180)	Acc@1 84.375 (78.685)	Acc@5 96.875 (96.082)
Epoch: [60][300/468]	Time 0.111 (0.112)	Data 0.002 (0.004)	Loss 0.6965 (0.7492)	Acc@1 79.688 (77.653)	Acc@5 93.750 (95.691)
Epoch: [60][400/468]	Time 0.109 (0.112)	Data 0.002 (0.004)	Loss 1.2198 (0.7579)	Acc@1 70.312 (77.369)	Acc@5 93.750 (95.620)
 * Acc@1 77.173 Acc@5 95.573
epoch 60, total time 52.30
Test: [0/94]	Time 0.178 (0.178)	Loss 1.1757 (1.1757)	Acc@1 71.875 (71.875)	Acc@5 96.875 (96.875)
 * Acc@1 65.767 Acc@5 88.600
==> training...
Epoch: [61][0/468]	Time 0.438 (0.438)	Data 0.376 (0.376)	Loss 0.5717 (0.5717)	Acc@1 84.375 (84.375)	Acc@5 98.438 (98.438)
Epoch: [61][100/468]	Time 0.110 (0.114)	Data 0.002 (0.006)	Loss 0.3454 (0.5044)	Acc@1 90.625 (84.916)	Acc@5 100.000 (97.958)
Epoch: [61][200/468]	Time 0.111 (0.112)	Data 0.002 (0.004)	Loss 0.3510 (0.4486)	Acc@1 90.625 (86.793)	Acc@5 98.438 (98.430)
Epoch: [61][300/468]	Time 0.111 (0.112)	Data 0.002 (0.004)	Loss 0.2665 (0.4241)	Acc@1 92.188 (87.697)	Acc@5 100.000 (98.562)
Epoch: [61][400/468]	Time 0.112 (0.112)	Data 0.002 (0.003)	Loss 0.2992 (0.4027)	Acc@1 96.875 (88.396)	Acc@5 100.000 (98.675)
 * Acc@1 88.795 Acc@5 98.735
epoch 61, total time 52.19
Test: [0/94]	Time 0.172 (0.172)	Loss 0.5537 (0.5537)	Acc@1 87.500 (87.500)	Acc@5 93.750 (93.750)
 * Acc@1 78.567 Acc@5 93.967
==> training...
Epoch: [62][0/468]	Time 0.437 (0.437)	Data 0.375 (0.375)	Loss 0.2871 (0.2871)	Acc@1 90.625 (90.625)	Acc@5 98.438 (98.438)
Epoch: [62][100/468]	Time 0.110 (0.114)	Data 0.002 (0.006)	Loss 0.4589 (0.2854)	Acc@1 89.062 (92.110)	Acc@5 95.312 (99.149)
Epoch: [62][200/468]	Time 0.113 (0.113)	Data 0.002 (0.004)	Loss 0.2423 (0.2798)	Acc@1 92.188 (92.390)	Acc@5 100.000 (99.254)
Epoch: [62][300/468]	Time 0.110 (0.112)	Data 0.002 (0.004)	Loss 0.3017 (0.2770)	Acc@1 92.188 (92.406)	Acc@5 98.438 (99.263)
Epoch: [62][400/468]	Time 0.112 (0.112)	Data 0.002 (0.003)	Loss 0.2863 (0.2727)	Acc@1 92.188 (92.421)	Acc@5 98.438 (99.303)
 * Acc@1 92.475 Acc@5 99.302
epoch 62, total time 52.25
Test: [0/94]	Time 0.177 (0.177)	Loss 0.4538 (0.4538)	Acc@1 90.625 (90.625)	Acc@5 93.750 (93.750)
 * Acc@1 78.700 Acc@5 94.133
==> training...
Epoch: [63][0/468]	Time 0.444 (0.444)	Data 0.382 (0.382)	Loss 0.2749 (0.2749)	Acc@1 93.750 (93.750)	Acc@5 100.000 (100.000)
Epoch: [63][100/468]	Time 0.112 (0.115)	Data 0.002 (0.007)	Loss 0.3654 (0.2267)	Acc@1 90.625 (93.858)	Acc@5 98.438 (99.505)
Epoch: [63][200/468]	Time 0.112 (0.113)	Data 0.002 (0.004)	Loss 0.1228 (0.2284)	Acc@1 98.438 (93.882)	Acc@5 100.000 (99.541)
Epoch: [63][300/468]	Time 0.111 (0.112)	Data 0.002 (0.004)	Loss 0.3123 (0.2244)	Acc@1 92.188 (94.004)	Acc@5 96.875 (99.559)
Epoch: [63][400/468]	Time 0.111 (0.112)	Data 0.002 (0.003)	Loss 0.1224 (0.2247)	Acc@1 98.438 (93.910)	Acc@5 100.000 (99.564)
 * Acc@1 93.947 Acc@5 99.556
epoch 63, total time 52.29
Test: [0/94]	Time 0.173 (0.173)	Loss 0.4867 (0.4867)	Acc@1 90.625 (90.625)	Acc@5 96.875 (96.875)
 * Acc@1 78.500 Acc@5 93.767
==> training...
Epoch: [64][0/468]	Time 0.431 (0.431)	Data 0.366 (0.366)	Loss 0.1881 (0.1881)	Acc@1 92.188 (92.188)	Acc@5 100.000 (100.000)
Epoch: [64][100/468]	Time 0.111 (0.114)	Data 0.002 (0.006)	Loss 0.1490 (0.1876)	Acc@1 95.312 (95.080)	Acc@5 100.000 (99.752)
Epoch: [64][200/468]	Time 0.112 (0.113)	Data 0.002 (0.004)	Loss 0.1233 (0.1891)	Acc@1 98.438 (95.095)	Acc@5 100.000 (99.720)
Epoch: [64][300/468]	Time 0.111 (0.112)	Data 0.002 (0.004)	Loss 0.2133 (0.1921)	Acc@1 93.750 (94.939)	Acc@5 100.000 (99.689)
Epoch: [64][400/468]	Time 0.111 (0.112)	Data 0.002 (0.003)	Loss 0.2432 (0.1904)	Acc@1 90.625 (94.970)	Acc@5 98.438 (99.704)
 * Acc@1 94.905 Acc@5 99.686
epoch 64, total time 52.38
Test: [0/94]	Time 0.177 (0.177)	Loss 0.4775 (0.4775)	Acc@1 84.375 (84.375)	Acc@5 93.750 (93.750)
 * Acc@1 79.300 Acc@5 93.767
==> training...
Epoch: [65][0/468]	Time 0.458 (0.458)	Data 0.388 (0.388)	Loss 0.1705 (0.1705)	Acc@1 95.312 (95.312)	Acc@5 98.438 (98.438)
Epoch: [65][100/468]	Time 0.111 (0.115)	Data 0.002 (0.007)	Loss 0.1033 (0.1693)	Acc@1 96.875 (95.668)	Acc@5 100.000 (99.675)
Epoch: [65][200/468]	Time 0.111 (0.113)	Data 0.002 (0.005)	Loss 0.1225 (0.1702)	Acc@1 100.000 (95.546)	Acc@5 100.000 (99.767)
Epoch: [65][300/468]	Time 0.111 (0.112)	Data 0.002 (0.004)	Loss 0.1973 (0.1724)	Acc@1 93.750 (95.510)	Acc@5 100.000 (99.740)
Epoch: [65][400/468]	Time 0.111 (0.112)	Data 0.002 (0.003)	Loss 0.1275 (0.1702)	Acc@1 95.312 (95.562)	Acc@5 100.000 (99.751)
 * Acc@1 95.550 Acc@5 99.753
epoch 65, total time 52.35
Test: [0/94]	Time 0.179 (0.179)	Loss 0.4000 (0.4000)	Acc@1 84.375 (84.375)	Acc@5 93.750 (93.750)
 * Acc@1 79.467 Acc@5 93.733
==> training...
Epoch: [66][0/468]	Time 0.441 (0.441)	Data 0.377 (0.377)	Loss 0.1642 (0.1642)	Acc@1 96.875 (96.875)	Acc@5 100.000 (100.000)
Epoch: [66][100/468]	Time 0.110 (0.114)	Data 0.002 (0.006)	Loss 0.1897 (0.1492)	Acc@1 98.438 (96.442)	Acc@5 100.000 (99.861)
Epoch: [66][200/468]	Time 0.111 (0.113)	Data 0.002 (0.004)	Loss 0.1360 (0.1485)	Acc@1 98.438 (96.308)	Acc@5 100.000 (99.845)
Epoch: [66][300/468]	Time 0.111 (0.112)	Data 0.002 (0.004)	Loss 0.0661 (0.1501)	Acc@1 98.438 (96.148)	Acc@5 100.000 (99.839)
Epoch: [66][400/468]	Time 0.111 (0.112)	Data 0.002 (0.003)	Loss 0.1368 (0.1521)	Acc@1 93.750 (96.026)	Acc@5 100.000 (99.840)
 * Acc@1 96.057 Acc@5 99.836
epoch 66, total time 52.35
Test: [0/94]	Time 0.179 (0.179)	Loss 0.4674 (0.4674)	Acc@1 84.375 (84.375)	Acc@5 93.750 (93.750)
 * Acc@1 78.733 Acc@5 93.800
==> training...
Epoch: [67][0/468]	Time 0.433 (0.433)	Data 0.371 (0.371)	Loss 0.1095 (0.1095)	Acc@1 98.438 (98.438)	Acc@5 100.000 (100.000)
Epoch: [67][100/468]	Time 0.110 (0.114)	Data 0.002 (0.006)	Loss 0.1688 (0.1379)	Acc@1 93.750 (96.488)	Acc@5 100.000 (99.892)
Epoch: [67][200/468]	Time 0.110 (0.112)	Data 0.002 (0.004)	Loss 0.1228 (0.1360)	Acc@1 98.438 (96.595)	Acc@5 100.000 (99.891)
Epoch: [67][300/468]	Time 0.111 (0.112)	Data 0.002 (0.004)	Loss 0.1898 (0.1374)	Acc@1 96.875 (96.460)	Acc@5 100.000 (99.891)
Epoch: [67][400/468]	Time 0.111 (0.112)	Data 0.002 (0.003)	Loss 0.2993 (0.1380)	Acc@1 93.750 (96.376)	Acc@5 100.000 (99.875)
 * Acc@1 96.434 Acc@5 99.870
epoch 67, total time 52.22
Test: [0/94]	Time 0.173 (0.173)	Loss 0.4868 (0.4868)	Acc@1 81.250 (81.250)	Acc@5 96.875 (96.875)
 * Acc@1 79.100 Acc@5 93.933
==> training...
Epoch: [68][0/468]	Time 0.439 (0.439)	Data 0.378 (0.378)	Loss 0.0725 (0.0725)	Acc@1 96.875 (96.875)	Acc@5 100.000 (100.000)
Epoch: [68][100/468]	Time 0.111 (0.114)	Data 0.002 (0.006)	Loss 0.1091 (0.1270)	Acc@1 98.438 (96.767)	Acc@5 100.000 (99.938)
Epoch: [68][200/468]	Time 0.111 (0.112)	Data 0.002 (0.004)	Loss 0.0723 (0.1247)	Acc@1 100.000 (96.859)	Acc@5 100.000 (99.907)
Epoch: [68][300/468]	Time 0.111 (0.112)	Data 0.002 (0.004)	Loss 0.1592 (0.1248)	Acc@1 93.750 (96.808)	Acc@5 100.000 (99.886)
Epoch: [68][400/468]	Time 0.111 (0.112)	Data 0.002 (0.003)	Loss 0.1561 (0.1239)	Acc@1 95.312 (96.859)	Acc@5 100.000 (99.879)
 * Acc@1 96.882 Acc@5 99.866
epoch 68, total time 52.27
Test: [0/94]	Time 0.180 (0.180)	Loss 0.4238 (0.4238)	Acc@1 87.500 (87.500)	Acc@5 96.875 (96.875)
 * Acc@1 79.367 Acc@5 93.867
==> training...
Epoch: [69][0/468]	Time 0.433 (0.433)	Data 0.371 (0.371)	Loss 0.1296 (0.1296)	Acc@1 95.312 (95.312)	Acc@5 100.000 (100.000)
Epoch: [69][100/468]	Time 0.110 (0.114)	Data 0.002 (0.006)	Loss 0.0748 (0.1088)	Acc@1 98.438 (97.447)	Acc@5 100.000 (99.861)
Epoch: [69][200/468]	Time 0.111 (0.112)	Data 0.002 (0.004)	Loss 0.0771 (0.1108)	Acc@1 100.000 (97.466)	Acc@5 100.000 (99.883)
Epoch: [69][300/468]	Time 0.110 (0.112)	Data 0.002 (0.004)	Loss 0.1218 (0.1109)	Acc@1 98.438 (97.399)	Acc@5 100.000 (99.907)
Epoch: [69][400/468]	Time 0.111 (0.112)	Data 0.002 (0.003)	Loss 0.1021 (0.1108)	Acc@1 100.000 (97.358)	Acc@5 100.000 (99.906)
 * Acc@1 97.322 Acc@5 99.903
epoch 69, total time 52.25
Test: [0/94]	Time 0.181 (0.181)	Loss 0.3660 (0.3660)	Acc@1 84.375 (84.375)	Acc@5 96.875 (96.875)
 * Acc@1 79.400 Acc@5 93.933
==> training...
Epoch: [70][0/468]	Time 0.449 (0.449)	Data 0.382 (0.382)	Loss 0.0809 (0.0809)	Acc@1 98.438 (98.438)	Acc@5 100.000 (100.000)
Epoch: [70][100/468]	Time 0.112 (0.115)	Data 0.002 (0.006)	Loss 0.0851 (0.0992)	Acc@1 98.438 (97.679)	Acc@5 100.000 (99.954)
Epoch: [70][200/468]	Time 0.112 (0.113)	Data 0.002 (0.004)	Loss 0.1443 (0.1003)	Acc@1 96.875 (97.707)	Acc@5 98.438 (99.969)
Epoch: [70][300/468]	Time 0.112 (0.113)	Data 0.002 (0.004)	Loss 0.1013 (0.1028)	Acc@1 100.000 (97.534)	Acc@5 100.000 (99.969)
Epoch: [70][400/468]	Time 0.112 (0.113)	Data 0.002 (0.003)	Loss 0.0557 (0.1033)	Acc@1 100.000 (97.522)	Acc@5 100.000 (99.965)
 * Acc@1 97.533 Acc@5 99.963
epoch 70, total time 52.79
Test: [0/94]	Time 0.175 (0.175)	Loss 0.4684 (0.4684)	Acc@1 84.375 (84.375)	Acc@5 100.000 (100.000)
 * Acc@1 79.567 Acc@5 94.200
==> training...
Epoch: [71][0/468]	Time 0.453 (0.453)	Data 0.385 (0.385)	Loss 0.0720 (0.0720)	Acc@1 98.438 (98.438)	Acc@5 100.000 (100.000)
Epoch: [71][100/468]	Time 0.110 (0.114)	Data 0.002 (0.006)	Loss 0.0692 (0.0890)	Acc@1 100.000 (98.020)	Acc@5 100.000 (100.000)
Epoch: [71][200/468]	Time 0.111 (0.113)	Data 0.002 (0.004)	Loss 0.1381 (0.0912)	Acc@1 95.312 (97.971)	Acc@5 100.000 (99.969)
Epoch: [71][300/468]	Time 0.111 (0.112)	Data 0.002 (0.004)	Loss 0.1319 (0.0912)	Acc@1 98.438 (97.939)	Acc@5 100.000 (99.958)
Epoch: [71][400/468]	Time 0.111 (0.112)	Data 0.002 (0.003)	Loss 0.1733 (0.0930)	Acc@1 95.312 (97.880)	Acc@5 100.000 (99.953)
 * Acc@1 97.830 Acc@5 99.960
epoch 71, total time 52.30
Test: [0/94]	Time 0.170 (0.170)	Loss 0.4046 (0.4046)	Acc@1 84.375 (84.375)	Acc@5 96.875 (96.875)
 * Acc@1 79.167 Acc@5 93.933
==> training...
Epoch: [72][0/468]	Time 0.411 (0.411)	Data 0.348 (0.348)	Loss 0.0687 (0.0687)	Acc@1 100.000 (100.000)	Acc@5 100.000 (100.000)
Epoch: [72][100/468]	Time 0.112 (0.114)	Data 0.002 (0.006)	Loss 0.0539 (0.0857)	Acc@1 100.000 (98.113)	Acc@5 100.000 (99.985)
Epoch: [72][200/468]	Time 0.111 (0.113)	Data 0.002 (0.004)	Loss 0.1457 (0.0858)	Acc@1 95.312 (98.018)	Acc@5 100.000 (99.992)
Epoch: [72][300/468]	Time 0.111 (0.112)	Data 0.002 (0.004)	Loss 0.0880 (0.0853)	Acc@1 96.875 (98.043)	Acc@5 100.000 (99.990)
Epoch: [72][400/468]	Time 0.111 (0.112)	Data 0.002 (0.003)	Loss 0.1587 (0.0858)	Acc@1 96.875 (98.052)	Acc@5 100.000 (99.988)
 * Acc@1 98.020 Acc@5 99.983
epoch 72, total time 52.37
Test: [0/94]	Time 0.628 (0.628)	Loss 0.4072 (0.4072)	Acc@1 81.250 (81.250)	Acc@5 96.875 (96.875)
 * Acc@1 79.000 Acc@5 93.900
==> training...
Epoch: [73][0/468]	Time 0.433 (0.433)	Data 0.366 (0.366)	Loss 0.0505 (0.0505)	Acc@1 100.000 (100.000)	Acc@5 100.000 (100.000)
Epoch: [73][100/468]	Time 0.113 (0.116)	Data 0.002 (0.006)	Loss 0.1159 (0.0726)	Acc@1 95.312 (98.530)	Acc@5 100.000 (99.985)
Epoch: [73][200/468]	Time 0.112 (0.119)	Data 0.002 (0.004)	Loss 0.0911 (0.0747)	Acc@1 98.438 (98.430)	Acc@5 100.000 (99.977)
Epoch: [73][300/468]	Time 0.112 (0.117)	Data 0.002 (0.004)	Loss 0.0937 (0.0772)	Acc@1 96.875 (98.406)	Acc@5 100.000 (99.974)
Epoch: [73][400/468]	Time 0.111 (0.116)	Data 0.002 (0.003)	Loss 0.0825 (0.0778)	Acc@1 98.438 (98.363)	Acc@5 100.000 (99.981)
 * Acc@1 98.321 Acc@5 99.980
epoch 73, total time 53.88
Test: [0/94]	Time 1.077 (1.077)	Loss 0.4242 (0.4242)	Acc@1 78.125 (78.125)	Acc@5 100.000 (100.000)
 * Acc@1 79.400 Acc@5 94.000
==> training...
Epoch: [74][0/468]	Time 0.435 (0.435)	Data 0.372 (0.372)	Loss 0.0641 (0.0641)	Acc@1 98.438 (98.438)	Acc@5 100.000 (100.000)
Epoch: [74][100/468]	Time 0.112 (0.115)	Data 0.002 (0.006)	Loss 0.0509 (0.0679)	Acc@1 100.000 (98.608)	Acc@5 100.000 (99.954)
Epoch: [74][200/468]	Time 0.111 (0.113)	Data 0.002 (0.004)	Loss 0.0563 (0.0670)	Acc@1 98.438 (98.694)	Acc@5 100.000 (99.969)
Epoch: [74][300/468]	Time 0.111 (0.113)	Data 0.002 (0.004)	Loss 0.0853 (0.0695)	Acc@1 96.875 (98.666)	Acc@5 100.000 (99.974)
Epoch: [74][400/468]	Time 0.112 (0.112)	Data 0.002 (0.003)	Loss 0.0494 (0.0715)	Acc@1 100.000 (98.550)	Acc@5 100.000 (99.981)
 * Acc@1 98.498 Acc@5 99.983
epoch 74, total time 52.59
Test: [0/94]	Time 0.183 (0.183)	Loss 0.4240 (0.4240)	Acc@1 84.375 (84.375)	Acc@5 96.875 (96.875)
 * Acc@1 78.833 Acc@5 93.833
==> training...
Epoch: [75][0/468]	Time 0.451 (0.451)	Data 0.387 (0.387)	Loss 0.0670 (0.0670)	Acc@1 98.438 (98.438)	Acc@5 100.000 (100.000)
Epoch: [75][100/468]	Time 0.111 (0.116)	Data 0.002 (0.006)	Loss 0.0448 (0.0652)	Acc@1 100.000 (98.716)	Acc@5 100.000 (100.000)
Epoch: [75][200/468]	Time 0.111 (0.114)	Data 0.002 (0.004)	Loss 0.0656 (0.0661)	Acc@1 98.438 (98.741)	Acc@5 100.000 (100.000)
Epoch: [75][300/468]	Time 0.111 (0.113)	Data 0.002 (0.004)	Loss 0.0863 (0.0674)	Acc@1 98.438 (98.661)	Acc@5 100.000 (99.995)
Epoch: [75][400/468]	Time 0.111 (0.112)	Data 0.002 (0.003)	Loss 0.0789 (0.0697)	Acc@1 98.438 (98.586)	Acc@5 100.000 (99.992)
 * Acc@1 98.571 Acc@5 99.990
epoch 75, total time 52.66
Test: [0/94]	Time 0.172 (0.172)	Loss 0.3462 (0.3462)	Acc@1 87.500 (87.500)	Acc@5 96.875 (96.875)
 * Acc@1 78.933 Acc@5 93.867
==> training...
Epoch: [76][0/468]	Time 0.434 (0.434)	Data 0.369 (0.369)	Loss 0.0413 (0.0413)	Acc@1 100.000 (100.000)	Acc@5 100.000 (100.000)
Epoch: [76][100/468]	Time 0.113 (0.117)	Data 0.002 (0.007)	Loss 0.0428 (0.0588)	Acc@1 100.000 (98.994)	Acc@5 100.000 (99.969)
Epoch: [76][200/468]	Time 0.114 (0.115)	Data 0.002 (0.005)	Loss 0.0793 (0.0619)	Acc@1 96.875 (98.803)	Acc@5 100.000 (99.969)
Epoch: [76][300/468]	Time 0.117 (0.115)	Data 0.002 (0.004)	Loss 0.0513 (0.0630)	Acc@1 100.000 (98.765)	Acc@5 100.000 (99.964)
Epoch: [76][400/468]	Time 0.118 (0.115)	Data 0.002 (0.004)	Loss 0.0577 (0.0627)	Acc@1 98.438 (98.780)	Acc@5 100.000 (99.973)
 * Acc@1 98.741 Acc@5 99.977
epoch 76, total time 54.62
Test: [0/94]	Time 0.186 (0.186)	Loss 0.3266 (0.3266)	Acc@1 87.500 (87.500)	Acc@5 100.000 (100.000)
 * Acc@1 79.133 Acc@5 93.833
==> training...
Epoch: [77][0/468]	Time 0.464 (0.464)	Data 0.391 (0.391)	Loss 0.0515 (0.0515)	Acc@1 98.438 (98.438)	Acc@5 100.000 (100.000)
Epoch: [77][100/468]	Time 0.116 (0.122)	Data 0.002 (0.007)	Loss 0.0567 (0.0545)	Acc@1 100.000 (99.010)	Acc@5 100.000 (99.985)
Epoch: [77][200/468]	Time 0.114 (0.119)	Data 0.002 (0.005)	Loss 0.0450 (0.0558)	Acc@1 100.000 (98.958)	Acc@5 100.000 (99.992)
Epoch: [77][300/468]	Time 0.115 (0.117)	Data 0.002 (0.004)	Loss 0.0523 (0.0574)	Acc@1 100.000 (98.863)	Acc@5 100.000 (99.995)
Epoch: [77][400/468]	Time 0.116 (0.117)	Data 0.002 (0.004)	Loss 0.1606 (0.0582)	Acc@1 95.312 (98.847)	Acc@5 100.000 (99.988)
 * Acc@1 98.855 Acc@5 99.990
epoch 77, total time 54.77
Test: [0/94]	Time 0.196 (0.196)	Loss 0.3261 (0.3261)	Acc@1 84.375 (84.375)	Acc@5 100.000 (100.000)
 * Acc@1 79.400 Acc@5 94.067
==> training...
Epoch: [78][0/468]	Time 0.503 (0.503)	Data 0.426 (0.426)	Loss 0.0837 (0.0837)	Acc@1 98.438 (98.438)	Acc@5 100.000 (100.000)
Epoch: [78][100/468]	Time 0.115 (0.121)	Data 0.002 (0.007)	Loss 0.0257 (0.0538)	Acc@1 100.000 (99.072)	Acc@5 100.000 (100.000)
Epoch: [78][200/468]	Time 0.115 (0.118)	Data 0.002 (0.005)	Loss 0.0312 (0.0538)	Acc@1 100.000 (99.106)	Acc@5 100.000 (99.992)
Epoch: [78][300/468]	Time 0.114 (0.117)	Data 0.002 (0.004)	Loss 0.0479 (0.0545)	Acc@1 98.438 (99.045)	Acc@5 100.000 (99.995)
Epoch: [78][400/468]	Time 0.117 (0.117)	Data 0.002 (0.004)	Loss 0.0714 (0.0554)	Acc@1 98.438 (98.960)	Acc@5 100.000 (99.992)
 * Acc@1 98.955 Acc@5 99.993
epoch 78, total time 54.57
Test: [0/94]	Time 0.185 (0.185)	Loss 0.3225 (0.3225)	Acc@1 87.500 (87.500)	Acc@5 100.000 (100.000)
 * Acc@1 79.100 Acc@5 93.933
==> training...
Epoch: [79][0/468]	Time 0.551 (0.551)	Data 0.463 (0.463)	Loss 0.0838 (0.0838)	Acc@1 98.438 (98.438)	Acc@5 100.000 (100.000)
Epoch: [79][100/468]	Time 0.114 (0.120)	Data 0.002 (0.007)	Loss 0.0406 (0.0509)	Acc@1 98.438 (99.226)	Acc@5 100.000 (99.985)
Epoch: [79][200/468]	Time 0.114 (0.117)	Data 0.002 (0.005)	Loss 0.0873 (0.0521)	Acc@1 98.438 (99.184)	Acc@5 100.000 (99.992)
Epoch: [79][300/468]	Time 0.115 (0.116)	Data 0.002 (0.004)	Loss 0.0474 (0.0510)	Acc@1 100.000 (99.143)	Acc@5 100.000 (99.995)
Epoch: [79][400/468]	Time 0.113 (0.115)	Data 0.002 (0.003)	Loss 0.0667 (0.0517)	Acc@1 98.438 (99.100)	Acc@5 100.000 (99.992)
 * Acc@1 99.099 Acc@5 99.990
epoch 79, total time 54.06
Test: [0/94]	Time 0.186 (0.186)	Loss 0.3795 (0.3795)	Acc@1 84.375 (84.375)	Acc@5 100.000 (100.000)
 * Acc@1 78.433 Acc@5 94.033
==> training...
Epoch: [80][0/468]	Time 0.482 (0.482)	Data 0.408 (0.408)	Loss 0.0229 (0.0229)	Acc@1 100.000 (100.000)	Acc@5 100.000 (100.000)
Epoch: [80][100/468]	Time 0.117 (0.119)	Data 0.002 (0.006)	Loss 0.0389 (0.0485)	Acc@1 100.000 (99.180)	Acc@5 100.000 (100.000)
Epoch: [80][200/468]	Time 0.118 (0.119)	Data 0.002 (0.004)	Loss 0.0167 (0.0468)	Acc@1 100.000 (99.277)	Acc@5 100.000 (100.000)
Epoch: [80][300/468]	Time 0.116 (0.118)	Data 0.002 (0.004)	Loss 0.0545 (0.0471)	Acc@1 100.000 (99.268)	Acc@5 100.000 (100.000)
Epoch: [80][400/468]	Time 0.116 (0.118)	Data 0.002 (0.004)	Loss 0.0759 (0.0474)	Acc@1 98.438 (99.252)	Acc@5 100.000 (100.000)
 * Acc@1 99.195 Acc@5 100.000
epoch 80, total time 54.95
Test: [0/94]	Time 0.181 (0.181)	Loss 0.2831 (0.2831)	Acc@1 87.500 (87.500)	Acc@5 100.000 (100.000)
 * Acc@1 78.533 Acc@5 94.233
==> training...
Epoch: [81][0/468]	Time 0.464 (0.464)	Data 0.396 (0.396)	Loss 0.0392 (0.0392)	Acc@1 98.438 (98.438)	Acc@5 100.000 (100.000)
Epoch: [81][100/468]	Time 0.115 (0.119)	Data 0.002 (0.006)	Loss 0.0348 (0.0404)	Acc@1 98.438 (99.366)	Acc@5 100.000 (100.000)
Epoch: [81][200/468]	Time 0.115 (0.117)	Data 0.002 (0.004)	Loss 0.0640 (0.0428)	Acc@1 98.438 (99.293)	Acc@5 100.000 (100.000)
Epoch: [81][300/468]	Time 0.115 (0.117)	Data 0.002 (0.004)	Loss 0.0281 (0.0422)	Acc@1 100.000 (99.320)	Acc@5 100.000 (99.995)
Epoch: [81][400/468]	Time 0.112 (0.116)	Data 0.003 (0.004)	Loss 0.0379 (0.0418)	Acc@1 100.000 (99.361)	Acc@5 100.000 (99.996)
 * Acc@1 99.356 Acc@5 99.997
epoch 81, total time 54.53
Test: [0/94]	Time 0.196 (0.196)	Loss 0.3120 (0.3120)	Acc@1 84.375 (84.375)	Acc@5 100.000 (100.000)
 * Acc@1 79.167 Acc@5 94.167
==> training...
Epoch: [82][0/468]	Time 0.479 (0.479)	Data 0.411 (0.411)	Loss 0.0296 (0.0296)	Acc@1 100.000 (100.000)	Acc@5 100.000 (100.000)
Epoch: [82][100/468]	Time 0.115 (0.119)	Data 0.002 (0.006)	Loss 0.0563 (0.0402)	Acc@1 98.438 (99.366)	Acc@5 100.000 (100.000)
Epoch: [82][200/468]	Time 0.114 (0.117)	Data 0.002 (0.004)	Loss 0.0176 (0.0392)	Acc@1 100.000 (99.425)	Acc@5 100.000 (100.000)
Epoch: [82][300/468]	Time 0.116 (0.116)	Data 0.002 (0.004)	Loss 0.0331 (0.0388)	Acc@1 100.000 (99.434)	Acc@5 100.000 (100.000)
Epoch: [82][400/468]	Time 0.114 (0.116)	Data 0.002 (0.003)	Loss 0.0438 (0.0392)	Acc@1 100.000 (99.423)	Acc@5 100.000 (100.000)
 * Acc@1 99.419 Acc@5 100.000
epoch 82, total time 54.43
Test: [0/94]	Time 0.225 (0.225)	Loss 0.3022 (0.3022)	Acc@1 84.375 (84.375)	Acc@5 100.000 (100.000)
 * Acc@1 79.033 Acc@5 94.267
==> training...
Epoch: [83][0/468]	Time 0.481 (0.481)	Data 0.409 (0.409)	Loss 0.0194 (0.0194)	Acc@1 100.000 (100.000)	Acc@5 100.000 (100.000)
Epoch: [83][100/468]	Time 0.116 (0.121)	Data 0.002 (0.007)	Loss 0.0467 (0.0361)	Acc@1 100.000 (99.536)	Acc@5 100.000 (100.000)
Epoch: [83][200/468]	Time 0.114 (0.118)	Data 0.002 (0.005)	Loss 0.0468 (0.0365)	Acc@1 100.000 (99.502)	Acc@5 100.000 (100.000)
Epoch: [83][300/468]	Time 0.114 (0.117)	Data 0.002 (0.004)	Loss 0.0247 (0.0368)	Acc@1 100.000 (99.517)	Acc@5 100.000 (100.000)
Epoch: [83][400/468]	Time 0.115 (0.116)	Data 0.002 (0.004)	Loss 0.0335 (0.0365)	Acc@1 100.000 (99.532)	Acc@5 100.000 (100.000)
 * Acc@1 99.539 Acc@5 100.000
epoch 83, total time 54.36
Test: [0/94]	Time 0.182 (0.182)	Loss 0.2975 (0.2975)	Acc@1 90.625 (90.625)	Acc@5 100.000 (100.000)
 * Acc@1 79.300 Acc@5 94.167
==> training...
Epoch: [84][0/468]	Time 0.465 (0.465)	Data 0.395 (0.395)	Loss 0.0624 (0.0624)	Acc@1 98.438 (98.438)	Acc@5 100.000 (100.000)
Epoch: [84][100/468]	Time 0.115 (0.119)	Data 0.002 (0.006)	Loss 0.0484 (0.0382)	Acc@1 98.438 (99.443)	Acc@5 100.000 (100.000)
Epoch: [84][200/468]	Time 0.114 (0.117)	Data 0.002 (0.004)	Loss 0.0229 (0.0372)	Acc@1 100.000 (99.495)	Acc@5 100.000 (100.000)
Epoch: [84][300/468]	Time 0.114 (0.116)	Data 0.002 (0.004)	Loss 0.0404 (0.0360)	Acc@1 100.000 (99.512)	Acc@5 100.000 (100.000)
Epoch: [84][400/468]	Time 0.115 (0.116)	Data 0.002 (0.003)	Loss 0.0229 (0.0356)	Acc@1 100.000 (99.529)	Acc@5 100.000 (100.000)
 * Acc@1 99.533 Acc@5 100.000
epoch 84, total time 54.28
Test: [0/94]	Time 0.188 (0.188)	Loss 0.3413 (0.3413)	Acc@1 84.375 (84.375)	Acc@5 100.000 (100.000)
 * Acc@1 78.667 Acc@5 94.233
==> training...
Epoch: [85][0/468]	Time 0.478 (0.478)	Data 0.410 (0.410)	Loss 0.0323 (0.0323)	Acc@1 100.000 (100.000)	Acc@5 100.000 (100.000)
Epoch: [85][100/468]	Time 0.114 (0.119)	Data 0.002 (0.007)	Loss 0.0297 (0.0341)	Acc@1 100.000 (99.613)	Acc@5 100.000 (100.000)
Epoch: [85][200/468]	Time 0.115 (0.116)	Data 0.002 (0.005)	Loss 0.0532 (0.0330)	Acc@1 98.438 (99.650)	Acc@5 100.000 (100.000)
Epoch: [85][300/468]	Time 0.114 (0.116)	Data 0.002 (0.004)	Loss 0.0151 (0.0335)	Acc@1 100.000 (99.600)	Acc@5 100.000 (100.000)
Epoch: [85][400/468]	Time 0.115 (0.116)	Data 0.002 (0.004)	Loss 0.0769 (0.0342)	Acc@1 98.438 (99.552)	Acc@5 100.000 (100.000)
 * Acc@1 99.543 Acc@5 100.000
epoch 85, total time 54.28
Test: [0/94]	Time 0.240 (0.240)	Loss 0.3420 (0.3420)	Acc@1 84.375 (84.375)	Acc@5 96.875 (96.875)
 * Acc@1 79.267 Acc@5 94.167
==> training...
Epoch: [86][0/468]	Time 0.493 (0.493)	Data 0.421 (0.421)	Loss 0.0124 (0.0124)	Acc@1 100.000 (100.000)	Acc@5 100.000 (100.000)
Epoch: [86][100/468]	Time 0.116 (0.121)	Data 0.002 (0.006)	Loss 0.0386 (0.0352)	Acc@1 100.000 (99.520)	Acc@5 100.000 (100.000)
Epoch: [86][200/468]	Time 0.116 (0.119)	Data 0.002 (0.004)	Loss 0.0617 (0.0380)	Acc@1 98.438 (99.440)	Acc@5 100.000 (100.000)
Epoch: [86][300/468]	Time 0.116 (0.118)	Data 0.002 (0.004)	Loss 0.0140 (0.0380)	Acc@1 100.000 (99.408)	Acc@5 100.000 (100.000)
Epoch: [86][400/468]	Time 0.116 (0.118)	Data 0.002 (0.003)	Loss 0.0216 (0.0378)	Acc@1 100.000 (99.416)	Acc@5 100.000 (99.996)
 * Acc@1 99.442 Acc@5 99.997
epoch 86, total time 55.06
Test: [0/94]	Time 0.185 (0.185)	Loss 0.2944 (0.2944)	Acc@1 84.375 (84.375)	Acc@5 100.000 (100.000)
 * Acc@1 79.233 Acc@5 94.300
==> training...
Epoch: [87][0/468]	Time 0.498 (0.498)	Data 0.421 (0.421)	Loss 0.0408 (0.0408)	Acc@1 98.438 (98.438)	Acc@5 100.000 (100.000)
Epoch: [87][100/468]	Time 0.117 (0.120)	Data 0.002 (0.007)	Loss 0.0286 (0.0357)	Acc@1 100.000 (99.489)	Acc@5 100.000 (100.000)
Epoch: [87][200/468]	Time 0.115 (0.117)	Data 0.002 (0.005)	Loss 0.0346 (0.0356)	Acc@1 100.000 (99.471)	Acc@5 100.000 (100.000)
Epoch: [87][300/468]	Time 0.116 (0.117)	Data 0.002 (0.004)	Loss 0.0311 (0.0359)	Acc@1 100.000 (99.476)	Acc@5 100.000 (100.000)
Epoch: [87][400/468]	Time 0.116 (0.116)	Data 0.002 (0.003)	Loss 0.0669 (0.0352)	Acc@1 96.875 (99.505)	Acc@5 100.000 (100.000)
 * Acc@1 99.499 Acc@5 100.000
epoch 87, total time 54.40
Test: [0/94]	Time 0.180 (0.180)	Loss 0.3193 (0.3193)	Acc@1 84.375 (84.375)	Acc@5 100.000 (100.000)
 * Acc@1 79.333 Acc@5 94.333
==> training...
Epoch: [88][0/468]	Time 0.514 (0.514)	Data 0.444 (0.444)	Loss 0.0736 (0.0736)	Acc@1 96.875 (96.875)	Acc@5 100.000 (100.000)
Epoch: [88][100/468]	Time 0.117 (0.120)	Data 0.002 (0.007)	Loss 0.0376 (0.0299)	Acc@1 100.000 (99.675)	Acc@5 100.000 (100.000)
Epoch: [88][200/468]	Time 0.114 (0.118)	Data 0.002 (0.005)	Loss 0.0217 (0.0313)	Acc@1 100.000 (99.658)	Acc@5 100.000 (100.000)
Epoch: [88][300/468]	Time 0.116 (0.117)	Data 0.002 (0.004)	Loss 0.0403 (0.0319)	Acc@1 98.438 (99.637)	Acc@5 100.000 (100.000)
Epoch: [88][400/468]	Time 0.115 (0.117)	Data 0.002 (0.004)	Loss 0.0306 (0.0320)	Acc@1 100.000 (99.661)	Acc@5 100.000 (100.000)
 * Acc@1 99.666 Acc@5 100.000
epoch 88, total time 54.75
Test: [0/94]	Time 0.205 (0.205)	Loss 0.2929 (0.2929)	Acc@1 84.375 (84.375)	Acc@5 100.000 (100.000)
 * Acc@1 79.267 Acc@5 94.267
==> training...
Epoch: [89][0/468]	Time 0.505 (0.505)	Data 0.431 (0.431)	Loss 0.0392 (0.0392)	Acc@1 100.000 (100.000)	Acc@5 100.000 (100.000)
Epoch: [89][100/468]	Time 0.115 (0.120)	Data 0.002 (0.007)	Loss 0.0288 (0.0347)	Acc@1 100.000 (99.459)	Acc@5 100.000 (100.000)
Epoch: [89][200/468]	Time 0.116 (0.118)	Data 0.002 (0.005)	Loss 0.0137 (0.0343)	Acc@1 100.000 (99.464)	Acc@5 100.000 (100.000)
Epoch: [89][300/468]	Time 0.114 (0.118)	Data 0.002 (0.004)	Loss 0.0409 (0.0347)	Acc@1 100.000 (99.491)	Acc@5 100.000 (100.000)
Epoch: [89][400/468]	Time 0.116 (0.117)	Data 0.002 (0.004)	Loss 0.0538 (0.0339)	Acc@1 100.000 (99.509)	Acc@5 100.000 (100.000)
 * Acc@1 99.523 Acc@5 100.000
epoch 89, total time 54.70
Test: [0/94]	Time 0.185 (0.185)	Loss 0.3152 (0.3152)	Acc@1 84.375 (84.375)	Acc@5 100.000 (100.000)
 * Acc@1 79.333 Acc@5 94.400
==> training...
Epoch: [90][0/468]	Time 0.485 (0.485)	Data 0.412 (0.412)	Loss 0.0119 (0.0119)	Acc@1 100.000 (100.000)	Acc@5 100.000 (100.000)
Epoch: [90][100/468]	Time 0.115 (0.120)	Data 0.002 (0.007)	Loss 0.0219 (0.0303)	Acc@1 100.000 (99.675)	Acc@5 100.000 (100.000)
Epoch: [90][200/468]	Time 0.117 (0.118)	Data 0.002 (0.005)	Loss 0.0100 (0.0297)	Acc@1 100.000 (99.681)	Acc@5 100.000 (100.000)
Epoch: [90][300/468]	Time 0.116 (0.117)	Data 0.002 (0.004)	Loss 0.0236 (0.0301)	Acc@1 100.000 (99.668)	Acc@5 100.000 (99.995)
Epoch: [90][400/468]	Time 0.114 (0.117)	Data 0.002 (0.004)	Loss 0.0290 (0.0314)	Acc@1 100.000 (99.622)	Acc@5 100.000 (99.996)
 * Acc@1 99.609 Acc@5 99.997
epoch 90, total time 54.86
Test: [0/94]	Time 0.185 (0.185)	Loss 0.3093 (0.3093)	Acc@1 84.375 (84.375)	Acc@5 100.000 (100.000)
 * Acc@1 79.133 Acc@5 94.300
==> training...
Epoch: [91][0/468]	Time 0.453 (0.453)	Data 0.386 (0.386)	Loss 0.0294 (0.0294)	Acc@1 100.000 (100.000)	Acc@5 100.000 (100.000)
Epoch: [91][100/468]	Time 0.115 (0.118)	Data 0.002 (0.007)	Loss 0.0320 (0.0326)	Acc@1 100.000 (99.505)	Acc@5 100.000 (100.000)
Epoch: [91][200/468]	Time 0.116 (0.117)	Data 0.002 (0.005)	Loss 0.0157 (0.0310)	Acc@1 100.000 (99.557)	Acc@5 100.000 (100.000)
Epoch: [91][300/468]	Time 0.114 (0.116)	Data 0.002 (0.004)	Loss 0.0254 (0.0316)	Acc@1 100.000 (99.626)	Acc@5 100.000 (100.000)
Epoch: [91][400/468]	Time 0.116 (0.116)	Data 0.002 (0.004)	Loss 0.0172 (0.0309)	Acc@1 100.000 (99.645)	Acc@5 100.000 (100.000)
 * Acc@1 99.636 Acc@5 100.000
epoch 91, total time 54.31
Test: [0/94]	Time 0.176 (0.176)	Loss 0.3342 (0.3342)	Acc@1 84.375 (84.375)	Acc@5 100.000 (100.000)
 * Acc@1 79.167 Acc@5 94.400
==> training...
Epoch: [92][0/468]	Time 0.464 (0.464)	Data 0.394 (0.394)	Loss 0.0139 (0.0139)	Acc@1 100.000 (100.000)	Acc@5 100.000 (100.000)
Epoch: [92][100/468]	Time 0.113 (0.118)	Data 0.002 (0.006)	Loss 0.0278 (0.0318)	Acc@1 100.000 (99.613)	Acc@5 100.000 (100.000)
Epoch: [92][200/468]	Time 0.114 (0.116)	Data 0.002 (0.004)	Loss 0.0278 (0.0322)	Acc@1 100.000 (99.611)	Acc@5 100.000 (100.000)
Epoch: [92][300/468]	Time 0.116 (0.116)	Data 0.002 (0.004)	Loss 0.0269 (0.0318)	Acc@1 100.000 (99.600)	Acc@5 100.000 (99.995)
Epoch: [92][400/468]	Time 0.117 (0.116)	Data 0.002 (0.003)	Loss 0.0279 (0.0322)	Acc@1 100.000 (99.603)	Acc@5 100.000 (99.996)
 * Acc@1 99.616 Acc@5 99.997
epoch 92, total time 54.45
Test: [0/94]	Time 0.180 (0.180)	Loss 0.3295 (0.3295)	Acc@1 84.375 (84.375)	Acc@5 100.000 (100.000)
 * Acc@1 79.167 Acc@5 94.300
==> training...
Epoch: [93][0/468]	Time 0.486 (0.486)	Data 0.416 (0.416)	Loss 0.0386 (0.0386)	Acc@1 100.000 (100.000)	Acc@5 100.000 (100.000)
Epoch: [93][100/468]	Time 0.114 (0.119)	Data 0.002 (0.007)	Loss 0.0210 (0.0334)	Acc@1 100.000 (99.629)	Acc@5 100.000 (100.000)
Epoch: [93][200/468]	Time 0.115 (0.117)	Data 0.002 (0.004)	Loss 0.0179 (0.0324)	Acc@1 100.000 (99.596)	Acc@5 100.000 (100.000)
Epoch: [93][300/468]	Time 0.114 (0.116)	Data 0.002 (0.004)	Loss 0.0169 (0.0315)	Acc@1 100.000 (99.642)	Acc@5 100.000 (100.000)
Epoch: [93][400/468]	Time 0.114 (0.116)	Data 0.002 (0.003)	Loss 0.0293 (0.0310)	Acc@1 98.438 (99.665)	Acc@5 100.000 (100.000)
 * Acc@1 99.649 Acc@5 99.997
epoch 93, total time 54.12
Test: [0/94]	Time 0.180 (0.180)	Loss 0.3354 (0.3354)	Acc@1 84.375 (84.375)	Acc@5 100.000 (100.000)
 * Acc@1 78.833 Acc@5 94.300
==> training...
Epoch: [94][0/468]	Time 0.457 (0.457)	Data 0.389 (0.389)	Loss 0.0345 (0.0345)	Acc@1 100.000 (100.000)	Acc@5 100.000 (100.000)
Epoch: [94][100/468]	Time 0.115 (0.118)	Data 0.002 (0.006)	Loss 0.0244 (0.0308)	Acc@1 100.000 (99.691)	Acc@5 100.000 (100.000)
Epoch: [94][200/468]	Time 0.116 (0.117)	Data 0.002 (0.004)	Loss 0.0195 (0.0311)	Acc@1 100.000 (99.674)	Acc@5 100.000 (100.000)
Epoch: [94][300/468]	Time 0.116 (0.117)	Data 0.002 (0.004)	Loss 0.0502 (0.0303)	Acc@1 98.438 (99.689)	Acc@5 100.000 (100.000)
Epoch: [94][400/468]	Time 0.116 (0.117)	Data 0.002 (0.003)	Loss 0.0118 (0.0306)	Acc@1 100.000 (99.661)	Acc@5 100.000 (100.000)
 * Acc@1 99.659 Acc@5 100.000
epoch 94, total time 54.55
Test: [0/94]	Time 0.177 (0.177)	Loss 0.3284 (0.3284)	Acc@1 84.375 (84.375)	Acc@5 100.000 (100.000)
 * Acc@1 79.433 Acc@5 94.433
==> training...
Epoch: [95][0/468]	Time 0.509 (0.509)	Data 0.441 (0.441)	Loss 0.0249 (0.0249)	Acc@1 100.000 (100.000)	Acc@5 100.000 (100.000)
Epoch: [95][100/468]	Time 0.115 (0.119)	Data 0.002 (0.007)	Loss 0.0178 (0.0288)	Acc@1 100.000 (99.722)	Acc@5 100.000 (100.000)
Epoch: [95][200/468]	Time 0.116 (0.117)	Data 0.002 (0.005)	Loss 0.0160 (0.0309)	Acc@1 100.000 (99.650)	Acc@5 100.000 (100.000)
Epoch: [95][300/468]	Time 0.115 (0.117)	Data 0.002 (0.004)	Loss 0.0347 (0.0311)	Acc@1 100.000 (99.611)	Acc@5 100.000 (99.995)
Epoch: [95][400/468]	Time 0.116 (0.117)	Data 0.002 (0.004)	Loss 0.0086 (0.0315)	Acc@1 100.000 (99.583)	Acc@5 100.000 (99.996)
 * Acc@1 99.579 Acc@5 99.993
epoch 95, total time 54.56
Test: [0/94]	Time 0.179 (0.179)	Loss 0.3200 (0.3200)	Acc@1 84.375 (84.375)	Acc@5 100.000 (100.000)
 * Acc@1 79.500 Acc@5 94.233
==> training...
Epoch: [96][0/468]	Time 0.447 (0.447)	Data 0.379 (0.379)	Loss 0.0291 (0.0291)	Acc@1 100.000 (100.000)	Acc@5 100.000 (100.000)
Epoch: [96][100/468]	Time 0.115 (0.117)	Data 0.002 (0.006)	Loss 0.0322 (0.0340)	Acc@1 100.000 (99.459)	Acc@5 100.000 (100.000)
Epoch: [96][200/468]	Time 0.119 (0.116)	Data 0.002 (0.004)	Loss 0.0228 (0.0319)	Acc@1 98.438 (99.534)	Acc@5 100.000 (100.000)
Epoch: [96][300/468]	Time 0.116 (0.116)	Data 0.002 (0.004)	Loss 0.0155 (0.0322)	Acc@1 100.000 (99.543)	Acc@5 100.000 (100.000)
Epoch: [96][400/468]	Time 0.113 (0.116)	Data 0.002 (0.003)	Loss 0.0287 (0.0316)	Acc@1 100.000 (99.595)	Acc@5 100.000 (100.000)
 * Acc@1 99.619 Acc@5 100.000
epoch 96, total time 54.41
Test: [0/94]	Time 0.186 (0.186)	Loss 0.3255 (0.3255)	Acc@1 84.375 (84.375)	Acc@5 100.000 (100.000)
 * Acc@1 79.500 Acc@5 94.500
==> training...
Epoch: [97][0/468]	Time 0.499 (0.499)	Data 0.427 (0.427)	Loss 0.0179 (0.0179)	Acc@1 100.000 (100.000)	Acc@5 100.000 (100.000)
Epoch: [97][100/468]	Time 0.114 (0.118)	Data 0.002 (0.007)	Loss 0.0156 (0.0292)	Acc@1 100.000 (99.598)	Acc@5 100.000 (100.000)
Epoch: [97][200/468]	Time 0.115 (0.116)	Data 0.002 (0.004)	Loss 0.0125 (0.0315)	Acc@1 100.000 (99.495)	Acc@5 100.000 (100.000)
Epoch: [97][300/468]	Time 0.114 (0.116)	Data 0.002 (0.004)	Loss 0.0263 (0.0315)	Acc@1 100.000 (99.538)	Acc@5 100.000 (100.000)
Epoch: [97][400/468]	Time 0.115 (0.116)	Data 0.002 (0.003)	Loss 0.0334 (0.0314)	Acc@1 100.000 (99.556)	Acc@5 100.000 (100.000)
 * Acc@1 99.576 Acc@5 100.000
epoch 97, total time 54.12
Test: [0/94]	Time 0.191 (0.191)	Loss 0.3349 (0.3349)	Acc@1 84.375 (84.375)	Acc@5 96.875 (96.875)
 * Acc@1 79.267 Acc@5 94.133
==> training...
Epoch: [98][0/468]	Time 0.491 (0.491)	Data 0.419 (0.419)	Loss 0.0477 (0.0477)	Acc@1 98.438 (98.438)	Acc@5 100.000 (100.000)
Epoch: [98][100/468]	Time 0.116 (0.120)	Data 0.002 (0.007)	Loss 0.0216 (0.0303)	Acc@1 100.000 (99.598)	Acc@5 100.000 (100.000)
Epoch: [98][200/468]	Time 0.118 (0.118)	Data 0.002 (0.005)	Loss 0.0447 (0.0306)	Acc@1 98.438 (99.588)	Acc@5 100.000 (100.000)
Epoch: [98][300/468]	Time 0.112 (0.117)	Data 0.002 (0.004)	Loss 0.0302 (0.0309)	Acc@1 100.000 (99.590)	Acc@5 100.000 (100.000)
Epoch: [98][400/468]	Time 0.112 (0.116)	Data 0.002 (0.003)	Loss 0.0325 (0.0311)	Acc@1 100.000 (99.595)	Acc@5 100.000 (100.000)
 * Acc@1 99.609 Acc@5 100.000
epoch 98, total time 54.33
Test: [0/94]	Time 0.196 (0.196)	Loss 0.3385 (0.3385)	Acc@1 84.375 (84.375)	Acc@5 96.875 (96.875)
 * Acc@1 79.267 Acc@5 94.300
==> training...
Epoch: [99][0/468]	Time 0.494 (0.494)	Data 0.424 (0.424)	Loss 0.0230 (0.0230)	Acc@1 100.000 (100.000)	Acc@5 100.000 (100.000)
Epoch: [99][100/468]	Time 0.116 (0.120)	Data 0.002 (0.007)	Loss 0.0193 (0.0262)	Acc@1 100.000 (99.830)	Acc@5 100.000 (100.000)
Epoch: [99][200/468]	Time 0.115 (0.118)	Data 0.003 (0.005)	Loss 0.0158 (0.0274)	Acc@1 100.000 (99.790)	Acc@5 100.000 (100.000)
Epoch: [99][300/468]	Time 0.114 (0.117)	Data 0.002 (0.004)	Loss 0.0155 (0.0289)	Acc@1 100.000 (99.751)	Acc@5 100.000 (100.000)
Epoch: [99][400/468]	Time 0.115 (0.116)	Data 0.002 (0.003)	Loss 0.0205 (0.0292)	Acc@1 100.000 (99.727)	Acc@5 100.000 (100.000)
 * Acc@1 99.686 Acc@5 99.997
epoch 99, total time 54.41
Test: [0/94]	Time 0.197 (0.197)	Loss 0.3306 (0.3306)	Acc@1 84.375 (84.375)	Acc@5 96.875 (96.875)
 * Acc@1 79.667 Acc@5 94.233
==> training...
Epoch: [100][0/468]	Time 0.523 (0.523)	Data 0.451 (0.451)	Loss 0.0567 (0.0567)	Acc@1 98.438 (98.438)	Acc@5 100.000 (100.000)
Epoch: [100][100/468]	Time 0.113 (0.121)	Data 0.002 (0.007)	Loss 0.0119 (0.0294)	Acc@1 100.000 (99.598)	Acc@5 100.000 (99.985)
Epoch: [100][200/468]	Time 0.115 (0.118)	Data 0.002 (0.005)	Loss 0.0290 (0.0311)	Acc@1 100.000 (99.596)	Acc@5 100.000 (99.992)
Epoch: [100][300/468]	Time 0.115 (0.117)	Data 0.002 (0.004)	Loss 0.0565 (0.0309)	Acc@1 98.438 (99.605)	Acc@5 100.000 (99.995)
Epoch: [100][400/468]	Time 0.116 (0.116)	Data 0.002 (0.004)	Loss 0.0228 (0.0305)	Acc@1 100.000 (99.630)	Acc@5 100.000 (99.996)
 * Acc@1 99.636 Acc@5 99.997
epoch 100, total time 54.50
Test: [0/94]	Time 0.187 (0.187)	Loss 0.3312 (0.3312)	Acc@1 84.375 (84.375)	Acc@5 100.000 (100.000)
 * Acc@1 79.400 Acc@5 94.267
==> Saving...
